/mnt/kostas-graid/sw/envs/vlongle/miniconda3/envs/shell/lib/python3.10/site-packages/hydra/_internal/defaults_list.py:251: UserWarning: In 'config': Defaults list is missing `_self_`. See https://hydra.cc/docs/1.2/upgrades/1.0_to_1.1/default_composition_order for more information
  warnings.warn(msg, UserWarning)
2023-10-17 21:18:36,687	INFO worker.py:1544 -- Started a local Ray instance. View the dashboard at [1m[32m127.0.0.1:8267 [39m[22m
[2m[36m(ParallelModGrad pid=1795116)[0m INFO:root:Agent: node_id: 69420, seed: 69420002
[2m[36m(ParallelModGrad pid=1795116)[0m INFO:root:epochs: 0, training task: 0
[2m[36m(ParallelModGrad pid=1795116)[0m INFO:root:	task: 0	loss: 0.69501299	acc: 0.500
[2m[36m(ParallelModGrad pid=1795116)[0m INFO:root:	task: avg	loss: 0.69501299	acc: 0.500
[2m[36m(ParallelModGrad pid=1795116)[0m INFO:root:epochs: 0, training task: 0
[2m[36m(ParallelModGrad pid=1795116)[0m INFO:root:	task: 0	loss: 0.69501299	acc: 0.500
[2m[36m(ParallelModGrad pid=1795116)[0m INFO:root:	task: avg	loss: 0.69501299	acc: 0.500
[2m[36m(ParallelModGrad pid=1795116)[0m INFO:root:final components: 4
[2m[36m(ParallelModGrad pid=1795116)[0m INFO:root:epochs: 0, training task: 1
[2m[36m(ParallelModGrad pid=1795116)[0m INFO:root:	task: 0	loss: 0.69501299	acc: 0.500
[2m[36m(ParallelModGrad pid=1795116)[0m INFO:root:	task: 1	loss: 0.69625238	acc: 0.500
[2m[36m(ParallelModGrad pid=1795116)[0m INFO:root:	task: avg	loss: 0.69563269	acc: 0.500
[2m[36m(ParallelModGrad pid=1795116)[0m INFO:root:epochs: 0, training task: 1
[2m[36m(ParallelModGrad pid=1795116)[0m INFO:root:	task: 0	loss: 0.69501299	acc: 0.500
[2m[36m(ParallelModGrad pid=1795116)[0m INFO:root:	task: 1	loss: 0.69625238	acc: 0.500
[2m[36m(ParallelModGrad pid=1795116)[0m INFO:root:	task: avg	loss: 0.69563269	acc: 0.500
[2m[36m(ParallelModGrad pid=1795116)[0m INFO:root:final components: 4
[2m[36m(ParallelModGrad pid=1795116)[0m INFO:root:epochs: 0, training task: 2
[2m[36m(ParallelModGrad pid=1795116)[0m INFO:root:	task: 0	loss: 0.69501299	acc: 0.500
[2m[36m(ParallelModGrad pid=1795116)[0m INFO:root:	task: 1	loss: 0.69625238	acc: 0.500
[2m[36m(ParallelModGrad pid=1795116)[0m INFO:root:	task: 2	loss: 0.69320663	acc: 0.500
[2m[36m(ParallelModGrad pid=1795116)[0m INFO:root:	task: avg	loss: 0.69482400	acc: 0.500
[2m[36m(ParallelModGrad pid=1795116)[0m INFO:root:epochs: 0, training task: 2
[2m[36m(ParallelModGrad pid=1795116)[0m INFO:root:	task: 0	loss: 0.69501299	acc: 0.500
[2m[36m(ParallelModGrad pid=1795116)[0m INFO:root:	task: 1	loss: 0.69625238	acc: 0.500
[2m[36m(ParallelModGrad pid=1795116)[0m INFO:root:	task: 2	loss: 0.69320663	acc: 0.500
[2m[36m(ParallelModGrad pid=1795116)[0m INFO:root:	task: avg	loss: 0.69482400	acc: 0.500
[2m[36m(ParallelModGrad pid=1795116)[0m INFO:root:final components: 4
[2m[36m(ParallelModGrad pid=1795116)[0m INFO:root:epochs: 0, training task: 3
[2m[36m(ParallelModGrad pid=1795116)[0m INFO:root:	task: 0	loss: 0.69501299	acc: 0.500
[2m[36m(ParallelModGrad pid=1795116)[0m INFO:root:	task: 1	loss: 0.69625238	acc: 0.500
[2m[36m(ParallelModGrad pid=1795116)[0m INFO:root:	task: 2	loss: 0.69320663	acc: 0.500
[2m[36m(ParallelModGrad pid=1795116)[0m INFO:root:	task: 3	loss: 0.69434787	acc: 0.500
[2m[36m(ParallelModGrad pid=1795116)[0m INFO:root:	task: avg	loss: 0.69470497	acc: 0.500
[2m[36m(ParallelModGrad pid=1795116)[0m INFO:root:epochs: 1, training task: 3
[2m[36m(ParallelModGrad pid=1795116)[0m INFO:root:	task: 0	loss: 0.69398610	acc: 0.500
[2m[36m(ParallelModGrad pid=1795116)[0m INFO:root:	task: 1	loss: 0.69537776	acc: 0.500
[2m[36m(ParallelModGrad pid=1795116)[0m INFO:root:	task: 2	loss: 0.69327652	acc: 0.500
[2m[36m(ParallelModGrad pid=1795116)[0m INFO:root:	task: 3	loss: 0.69417081	acc: 0.500
[2m[36m(ParallelModGrad pid=1795116)[0m INFO:root:	task: avg	loss: 0.69420280	acc: 0.500
[2m[36m(ParallelModGrad pid=1795116)[0m INFO:root:epochs: 2, training task: 3
[2m[36m(ParallelModGrad pid=1795116)[0m INFO:root:	task: 0	loss: 0.69329830	acc: 0.500
[2m[36m(ParallelModGrad pid=1795116)[0m INFO:root:	task: 1	loss: 0.69401097	acc: 0.500
[2m[36m(ParallelModGrad pid=1795116)[0m INFO:root:	task: 2	loss: 0.69323052	acc: 0.500
[2m[36m(ParallelModGrad pid=1795116)[0m INFO:root:	task: 3	loss: 0.69399919	acc: 0.500
[2m[36m(ParallelModGrad pid=1795116)[0m INFO:root:	task: avg	loss: 0.69363475	acc: 0.500
[2m[36m(ParallelModGrad pid=1795116)[0m INFO:root:epochs: 3, training task: 3
[2m[36m(ParallelModGrad pid=1795116)[0m INFO:root:	task: 0	loss: 0.69232160	acc: 0.500
[2m[36m(ParallelModGrad pid=1795116)[0m INFO:root:	task: 1	loss: 0.69161646	acc: 0.500
[2m[36m(ParallelModGrad pid=1795116)[0m INFO:root:	task: 2	loss: 0.69316472	acc: 0.500
[2m[36m(ParallelModGrad pid=1795116)[0m INFO:root:	task: 3	loss: 0.69385937	acc: 0.500
[2m[36m(ParallelModGrad pid=1795116)[0m INFO:root:	task: avg	loss: 0.69274054	acc: 0.500
[2m[36m(ParallelModGrad pid=1795116)[0m INFO:root:epochs: 4, training task: 3
[2m[36m(ParallelModGrad pid=1795116)[0m INFO:root:	task: 0	loss: 0.69122585	acc: 0.500
[2m[36m(ParallelModGrad pid=1795116)[0m INFO:root:	task: 1	loss: 0.68710414	acc: 0.500
[2m[36m(ParallelModGrad pid=1795116)[0m INFO:root:	task: 2	loss: 0.69304128	acc: 0.500
[2m[36m(ParallelModGrad pid=1795116)[0m INFO:root:	task: 3	loss: 0.69364654	acc: 0.500
[2m[36m(ParallelModGrad pid=1795116)[0m INFO:root:	task: avg	loss: 0.69125445	acc: 0.500
[2m[36m(ParallelModGrad pid=1795116)[0m INFO:root:epochs: 5, training task: 3
[2m[36m(ParallelModGrad pid=1795116)[0m INFO:root:	task: 0	loss: 0.68974990	acc: 0.500
[2m[36m(ParallelModGrad pid=1795116)[0m INFO:root:	task: 1	loss: 0.67825448	acc: 0.500
[2m[36m(ParallelModGrad pid=1795116)[0m INFO:root:	task: 2	loss: 0.69317948	acc: 0.500
[2m[36m(ParallelModGrad pid=1795116)[0m INFO:root:	task: 3	loss: 0.69323911	acc: 0.500
[2m[36m(ParallelModGrad pid=1795116)[0m INFO:root:	task: avg	loss: 0.68860574	acc: 0.500
[2m[36m(ParallelModGrad pid=1795116)[0m INFO:root:epochs: 6, training task: 3
[2m[36m(ParallelModGrad pid=1795116)[0m INFO:root:	task: 0	loss: 0.68806108	acc: 0.511
[2m[36m(ParallelModGrad pid=1795116)[0m INFO:root:	task: 1	loss: 0.67579839	acc: 0.500
[2m[36m(ParallelModGrad pid=1795116)[0m INFO:root:	task: 2	loss: 0.69291672	acc: 0.501
[2m[36m(ParallelModGrad pid=1795116)[0m INFO:root:	task: 3	loss: 0.69296143	acc: 0.500
[2m[36m(ParallelModGrad pid=1795116)[0m INFO:root:	task: avg	loss: 0.68743440	acc: 0.503
[2m[36m(ParallelModGrad pid=1795116)[0m INFO:root:epochs: 7, training task: 3
[2m[36m(ParallelModGrad pid=1795116)[0m INFO:root:	task: 0	loss: 0.68770304	acc: 0.523
[2m[36m(ParallelModGrad pid=1795116)[0m INFO:root:	task: 1	loss: 0.67536953	acc: 0.502
[2m[36m(ParallelModGrad pid=1795116)[0m INFO:root:	task: 2	loss: 0.69235448	acc: 0.501
[2m[36m(ParallelModGrad pid=1795116)[0m INFO:root:	task: 3	loss: 0.69234771	acc: 0.500
[2m[36m(ParallelModGrad pid=1795116)[0m INFO:root:	task: avg	loss: 0.68694369	acc: 0.507
[2m[36m(ParallelModGrad pid=1795116)[0m INFO:root:epochs: 8, training task: 3
[2m[36m(ParallelModGrad pid=1795116)[0m INFO:root:	task: 0	loss: 0.68645801	acc: 0.559
[2m[36m(ParallelModGrad pid=1795116)[0m INFO:root:	task: 1	loss: 0.67198087	acc: 0.526
[2m[36m(ParallelModGrad pid=1795116)[0m INFO:root:	task: 2	loss: 0.69149364	acc: 0.503
[2m[36m(ParallelModGrad pid=1795116)[0m INFO:root:	task: 3	loss: 0.69192977	acc: 0.500
[2m[36m(ParallelModGrad pid=1795116)[0m INFO:root:	task: avg	loss: 0.68546557	acc: 0.522
[2m[36m(ParallelModGrad pid=1795116)[0m INFO:root:epochs: 9, training task: 3
[2m[36m(ParallelModGrad pid=1795116)[0m INFO:root:	task: 0	loss: 0.68416851	acc: 0.672
[2m[36m(ParallelModGrad pid=1795116)[0m INFO:root:	task: 1	loss: 0.66827752	acc: 0.592
[2m[36m(ParallelModGrad pid=1795116)[0m INFO:root:	task: 2	loss: 0.69067465	acc: 0.523
[2m[36m(ParallelModGrad pid=1795116)[0m INFO:root:	task: 3	loss: 0.69155005	acc: 0.500
[2m[36m(ParallelModGrad pid=1795116)[0m INFO:root:	task: avg	loss: 0.68366768	acc: 0.572
[2m[36m(ParallelModGrad pid=1795116)[0m INFO:root:epochs: 10, training task: 3
[2m[36m(ParallelModGrad pid=1795116)[0m INFO:root:	task: 0	loss: 0.68160114	acc: 0.794
[2m[36m(ParallelModGrad pid=1795116)[0m INFO:root:	task: 1	loss: 0.66534870	acc: 0.711
[2m[36m(ParallelModGrad pid=1795116)[0m INFO:root:	task: 2	loss: 0.68933369	acc: 0.646
[2m[36m(ParallelModGrad pid=1795116)[0m INFO:root:	task: 3	loss: 0.69080803	acc: 0.638
[2m[36m(ParallelModGrad pid=1795116)[0m INFO:root:	task: avg	loss: 0.68177289	acc: 0.698
[2m[36m(ParallelModGrad pid=1795116)[0m INFO:root:epochs: 11, training task: 3
[2m[36m(ParallelModGrad pid=1795116)[0m INFO:root:	task: 0	loss: 0.68009946	acc: 0.827
[2m[36m(ParallelModGrad pid=1795116)[0m INFO:root:	task: 1	loss: 0.66290643	acc: 0.740
[2m[36m(ParallelModGrad pid=1795116)[0m INFO:root:	task: 2	loss: 0.68726940	acc: 0.725
[2m[36m(ParallelModGrad pid=1795116)[0m INFO:root:	task: 3	loss: 0.68979742	acc: 0.704
[2m[36m(ParallelModGrad pid=1795116)[0m INFO:root:	task: avg	loss: 0.68001818	acc: 0.749
[2m[36m(ParallelModGrad pid=1795116)[0m INFO:root:epochs: 12, training task: 3
[2m[36m(ParallelModGrad pid=1795116)[0m INFO:root:	task: 0	loss: 0.67874871	acc: 0.834
[2m[36m(ParallelModGrad pid=1795116)[0m INFO:root:	task: 1	loss: 0.65947578	acc: 0.775
[2m[36m(ParallelModGrad pid=1795116)[0m INFO:root:	task: 2	loss: 0.68534063	acc: 0.764
[2m[36m(ParallelModGrad pid=1795116)[0m INFO:root:	task: 3	loss: 0.68835373	acc: 0.713
[2m[36m(ParallelModGrad pid=1795116)[0m INFO:root:	task: avg	loss: 0.67797971	acc: 0.771
[2m[36m(ParallelModGrad pid=1795116)[0m INFO:root:epochs: 13, training task: 3
[2m[36m(ParallelModGrad pid=1795116)[0m INFO:root:	task: 0	loss: 0.67627811	acc: 0.826
[2m[36m(ParallelModGrad pid=1795116)[0m INFO:root:	task: 1	loss: 0.65597482	acc: 0.823
[2m[36m(ParallelModGrad pid=1795116)[0m INFO:root:	task: 2	loss: 0.68351339	acc: 0.762
[2m[36m(ParallelModGrad pid=1795116)[0m INFO:root:	task: 3	loss: 0.68670884	acc: 0.747
[2m[36m(ParallelModGrad pid=1795116)[0m INFO:root:	task: avg	loss: 0.67561879	acc: 0.790
[2m[36m(ParallelModGrad pid=1795116)[0m INFO:root:epochs: 14, training task: 3
[2m[36m(ParallelModGrad pid=1795116)[0m INFO:root:	task: 0	loss: 0.67398632	acc: 0.833
[2m[36m(ParallelModGrad pid=1795116)[0m INFO:root:	task: 1	loss: 0.65456094	acc: 0.845
[2m[36m(ParallelModGrad pid=1795116)[0m INFO:root:	task: 2	loss: 0.68158243	acc: 0.770
[2m[36m(ParallelModGrad pid=1795116)[0m INFO:root:	task: 3	loss: 0.68552799	acc: 0.727
[2m[36m(ParallelModGrad pid=1795116)[0m INFO:root:	task: avg	loss: 0.67391442	acc: 0.793
[2m[36m(ParallelModGrad pid=1795116)[0m INFO:root:epochs: 15, training task: 3
[2m[36m(ParallelModGrad pid=1795116)[0m INFO:root:	task: 0	loss: 0.67106964	acc: 0.838
[2m[36m(ParallelModGrad pid=1795116)[0m INFO:root:	task: 1	loss: 0.64923664	acc: 0.854
[2m[36m(ParallelModGrad pid=1795116)[0m INFO:root:	task: 2	loss: 0.67856818	acc: 0.807
[2m[36m(ParallelModGrad pid=1795116)[0m INFO:root:	task: 3	loss: 0.68366733	acc: 0.740
[2m[36m(ParallelModGrad pid=1795116)[0m INFO:root:	task: avg	loss: 0.67063545	acc: 0.810
[2m[36m(ParallelModGrad pid=1795116)[0m INFO:root:epochs: 16, training task: 3
[2m[36m(ParallelModGrad pid=1795116)[0m INFO:root:	task: 0	loss: 0.66883698	acc: 0.839
[2m[36m(ParallelModGrad pid=1795116)[0m INFO:root:	task: 1	loss: 0.64621442	acc: 0.855
[2m[36m(ParallelModGrad pid=1795116)[0m INFO:root:	task: 2	loss: 0.67610965	acc: 0.793
[2m[36m(ParallelModGrad pid=1795116)[0m INFO:root:	task: 3	loss: 0.68180220	acc: 0.740
[2m[36m(ParallelModGrad pid=1795116)[0m INFO:root:	task: avg	loss: 0.66824081	acc: 0.807
[2m[36m(ParallelModGrad pid=1795116)[0m INFO:root:epochs: 17, training task: 3
[2m[36m(ParallelModGrad pid=1795116)[0m INFO:root:	task: 0	loss: 0.66685716	acc: 0.843
[2m[36m(ParallelModGrad pid=1795116)[0m INFO:root:	task: 1	loss: 0.64404736	acc: 0.856
[2m[36m(ParallelModGrad pid=1795116)[0m INFO:root:	task: 2	loss: 0.67287314	acc: 0.804
[2m[36m(ParallelModGrad pid=1795116)[0m INFO:root:	task: 3	loss: 0.67924671	acc: 0.743
[2m[36m(ParallelModGrad pid=1795116)[0m INFO:root:	task: avg	loss: 0.66575609	acc: 0.811
[2m[36m(ParallelModGrad pid=1795116)[0m INFO:root:epochs: 18, training task: 3
[2m[36m(ParallelModGrad pid=1795116)[0m INFO:root:	task: 0	loss: 0.66480527	acc: 0.830
[2m[36m(ParallelModGrad pid=1795116)[0m INFO:root:	task: 1	loss: 0.63933575	acc: 0.879
[2m[36m(ParallelModGrad pid=1795116)[0m INFO:root:	task: 2	loss: 0.67050603	acc: 0.816
[2m[36m(ParallelModGrad pid=1795116)[0m INFO:root:	task: 3	loss: 0.67764354	acc: 0.755
[2m[36m(ParallelModGrad pid=1795116)[0m INFO:root:	task: avg	loss: 0.66307265	acc: 0.820
[2m[36m(ParallelModGrad pid=1795116)[0m INFO:root:epochs: 19, training task: 3
[2m[36m(ParallelModGrad pid=1795116)[0m INFO:root:	task: 0	loss: 0.66204049	acc: 0.823
[2m[36m(ParallelModGrad pid=1795116)[0m INFO:root:	task: 1	loss: 0.63555444	acc: 0.891
[2m[36m(ParallelModGrad pid=1795116)[0m INFO:root:	task: 2	loss: 0.66883816	acc: 0.812
[2m[36m(ParallelModGrad pid=1795116)[0m INFO:root:	task: 3	loss: 0.67634010	acc: 0.735
[2m[36m(ParallelModGrad pid=1795116)[0m INFO:root:	task: avg	loss: 0.66069329	acc: 0.815
[2m[36m(ParallelModGrad pid=1795116)[0m INFO:root:epochs: 20, training task: 3
[2m[36m(ParallelModGrad pid=1795116)[0m INFO:root:	task: 0	loss: 0.65888391	acc: 0.831
[2m[36m(ParallelModGrad pid=1795116)[0m INFO:root:	task: 1	loss: 0.63147899	acc: 0.897
[2m[36m(ParallelModGrad pid=1795116)[0m INFO:root:	task: 2	loss: 0.66527767	acc: 0.816
[2m[36m(ParallelModGrad pid=1795116)[0m INFO:root:	task: 3	loss: 0.67416114	acc: 0.748
[2m[36m(ParallelModGrad pid=1795116)[0m INFO:root:	task: avg	loss: 0.65745043	acc: 0.823
[2m[36m(ParallelModGrad pid=1795116)[0m INFO:root:epochs: 21, training task: 3
[2m[36m(ParallelModGrad pid=1795116)[0m INFO:root:	task: 0	loss: 0.65455363	acc: 0.840
[2m[36m(ParallelModGrad pid=1795116)[0m INFO:root:	task: 1	loss: 0.62664219	acc: 0.904
[2m[36m(ParallelModGrad pid=1795116)[0m INFO:root:	task: 2	loss: 0.66139250	acc: 0.821
[2m[36m(ParallelModGrad pid=1795116)[0m INFO:root:	task: 3	loss: 0.67152512	acc: 0.753
[2m[36m(ParallelModGrad pid=1795116)[0m INFO:root:	task: avg	loss: 0.65352836	acc: 0.830
[2m[36m(ParallelModGrad pid=1795116)[0m INFO:root:epochs: 22, training task: 3
[2m[36m(ParallelModGrad pid=1795116)[0m INFO:root:	task: 0	loss: 0.65373343	acc: 0.837
[2m[36m(ParallelModGrad pid=1795116)[0m INFO:root:	task: 1	loss: 0.62365530	acc: 0.897
[2m[36m(ParallelModGrad pid=1795116)[0m INFO:root:	task: 2	loss: 0.66080704	acc: 0.808
[2m[36m(ParallelModGrad pid=1795116)[0m INFO:root:	task: 3	loss: 0.67015315	acc: 0.751
[2m[36m(ParallelModGrad pid=1795116)[0m INFO:root:	task: avg	loss: 0.65208723	acc: 0.823
[2m[36m(ParallelModGrad pid=1795116)[0m INFO:root:epochs: 23, training task: 3
[2m[36m(ParallelModGrad pid=1795116)[0m INFO:root:	task: 0	loss: 0.64999976	acc: 0.825
[2m[36m(ParallelModGrad pid=1795116)[0m INFO:root:	task: 1	loss: 0.62257285	acc: 0.898
[2m[36m(ParallelModGrad pid=1795116)[0m INFO:root:	task: 2	loss: 0.65907491	acc: 0.794
[2m[36m(ParallelModGrad pid=1795116)[0m INFO:root:	task: 3	loss: 0.66686543	acc: 0.775
[2m[36m(ParallelModGrad pid=1795116)[0m INFO:root:	task: avg	loss: 0.64962824	acc: 0.823
[2m[36m(ParallelModGrad pid=1795116)[0m INFO:root:epochs: 24, training task: 3
[2m[36m(ParallelModGrad pid=1795116)[0m INFO:root:	task: 0	loss: 0.64839256	acc: 0.812
[2m[36m(ParallelModGrad pid=1795116)[0m INFO:root:	task: 1	loss: 0.62072434	acc: 0.896
[2m[36m(ParallelModGrad pid=1795116)[0m INFO:root:	task: 2	loss: 0.65462486	acc: 0.810
[2m[36m(ParallelModGrad pid=1795116)[0m INFO:root:	task: 3	loss: 0.66412174	acc: 0.767
[2m[36m(ParallelModGrad pid=1795116)[0m INFO:root:	task: avg	loss: 0.64696588	acc: 0.822
[2m[36m(ParallelModGrad pid=1795116)[0m INFO:root:epochs: 25, training task: 3
[2m[36m(ParallelModGrad pid=1795116)[0m INFO:root:	task: 0	loss: 0.64652750	acc: 0.820
[2m[36m(ParallelModGrad pid=1795116)[0m INFO:root:	task: 1	loss: 0.61493702	acc: 0.904
[2m[36m(ParallelModGrad pid=1795116)[0m INFO:root:	task: 2	loss: 0.65138776	acc: 0.821
[2m[36m(ParallelModGrad pid=1795116)[0m INFO:root:	task: 3	loss: 0.66255805	acc: 0.769
[2m[36m(ParallelModGrad pid=1795116)[0m INFO:root:	task: avg	loss: 0.64385258	acc: 0.829
[2m[36m(ParallelModGrad pid=1795116)[0m INFO:root:epochs: 26, training task: 3
[2m[36m(ParallelModGrad pid=1795116)[0m INFO:root:	task: 0	loss: 0.64397314	acc: 0.832
[2m[36m(ParallelModGrad pid=1795116)[0m INFO:root:	task: 1	loss: 0.61189476	acc: 0.906
[2m[36m(ParallelModGrad pid=1795116)[0m INFO:root:	task: 2	loss: 0.65082192	acc: 0.810
[2m[36m(ParallelModGrad pid=1795116)[0m INFO:root:	task: 3	loss: 0.66221196	acc: 0.763
[2m[36m(ParallelModGrad pid=1795116)[0m INFO:root:	task: avg	loss: 0.64222544	acc: 0.828
[2m[36m(ParallelModGrad pid=1795116)[0m INFO:root:epochs: 27, training task: 3
[2m[36m(ParallelModGrad pid=1795116)[0m INFO:root:	task: 0	loss: 0.64197653	acc: 0.810
[2m[36m(ParallelModGrad pid=1795116)[0m INFO:root:	task: 1	loss: 0.61322967	acc: 0.903
[2m[36m(ParallelModGrad pid=1795116)[0m INFO:root:	task: 2	loss: 0.64621822	acc: 0.821
[2m[36m(ParallelModGrad pid=1795116)[0m INFO:root:	task: 3	loss: 0.65870338	acc: 0.778
[2m[36m(ParallelModGrad pid=1795116)[0m INFO:root:	task: avg	loss: 0.64003195	acc: 0.828
[2m[36m(ParallelModGrad pid=1795116)[0m INFO:root:epochs: 28, training task: 3
[2m[36m(ParallelModGrad pid=1795116)[0m INFO:root:	task: 0	loss: 0.63864942	acc: 0.817
[2m[36m(ParallelModGrad pid=1795116)[0m INFO:root:	task: 1	loss: 0.60704573	acc: 0.913
[2m[36m(ParallelModGrad pid=1795116)[0m INFO:root:	task: 2	loss: 0.64294273	acc: 0.827
[2m[36m(ParallelModGrad pid=1795116)[0m INFO:root:	task: 3	loss: 0.65744557	acc: 0.771
[2m[36m(ParallelModGrad pid=1795116)[0m INFO:root:	task: avg	loss: 0.63652086	acc: 0.832
[2m[36m(ParallelModGrad pid=1795116)[0m INFO:root:epochs: 29, training task: 3
[2m[36m(ParallelModGrad pid=1795116)[0m INFO:root:	task: 0	loss: 0.63568324	acc: 0.825
[2m[36m(ParallelModGrad pid=1795116)[0m INFO:root:	task: 1	loss: 0.60051156	acc: 0.917
[2m[36m(ParallelModGrad pid=1795116)[0m INFO:root:	task: 2	loss: 0.64036445	acc: 0.823
[2m[36m(ParallelModGrad pid=1795116)[0m INFO:root:	task: 3	loss: 0.65451770	acc: 0.773
[2m[36m(ParallelModGrad pid=1795116)[0m INFO:root:	task: avg	loss: 0.63276924	acc: 0.835
[2m[36m(ParallelModGrad pid=1795116)[0m INFO:root:epochs: 30, training task: 3
[2m[36m(ParallelModGrad pid=1795116)[0m INFO:root:	task: 0	loss: 0.63617464	acc: 0.804
[2m[36m(ParallelModGrad pid=1795116)[0m INFO:root:	task: 1	loss: 0.60540897	acc: 0.894
[2m[36m(ParallelModGrad pid=1795116)[0m INFO:root:	task: 2	loss: 0.63787830	acc: 0.822
[2m[36m(ParallelModGrad pid=1795116)[0m INFO:root:	task: 3	loss: 0.65159145	acc: 0.780
[2m[36m(ParallelModGrad pid=1795116)[0m INFO:root:	task: avg	loss: 0.63276334	acc: 0.825
[2m[36m(ParallelModGrad pid=1795116)[0m INFO:root:epochs: 31, training task: 3
[2m[36m(ParallelModGrad pid=1795116)[0m INFO:root:	task: 0	loss: 0.63573859	acc: 0.791
[2m[36m(ParallelModGrad pid=1795116)[0m INFO:root:	task: 1	loss: 0.60055567	acc: 0.897
[2m[36m(ParallelModGrad pid=1795116)[0m INFO:root:	task: 2	loss: 0.63304237	acc: 0.836
[2m[36m(ParallelModGrad pid=1795116)[0m INFO:root:	task: 3	loss: 0.64812780	acc: 0.779
[2m[36m(ParallelModGrad pid=1795116)[0m INFO:root:	task: avg	loss: 0.62936611	acc: 0.826
[2m[36m(ParallelModGrad pid=1795116)[0m INFO:root:epochs: 32, training task: 3
[2m[36m(ParallelModGrad pid=1795116)[0m INFO:root:	task: 0	loss: 0.63275891	acc: 0.803
[2m[36m(ParallelModGrad pid=1795116)[0m INFO:root:	task: 1	loss: 0.59148882	acc: 0.918
[2m[36m(ParallelModGrad pid=1795116)[0m INFO:root:	task: 2	loss: 0.63098885	acc: 0.832
[2m[36m(ParallelModGrad pid=1795116)[0m INFO:root:	task: 3	loss: 0.64741913	acc: 0.779
[2m[36m(ParallelModGrad pid=1795116)[0m INFO:root:	task: avg	loss: 0.62566393	acc: 0.833
[2m[36m(ParallelModGrad pid=1795116)[0m INFO:root:epochs: 33, training task: 3
[2m[36m(ParallelModGrad pid=1795116)[0m INFO:root:	task: 0	loss: 0.62595901	acc: 0.823
[2m[36m(ParallelModGrad pid=1795116)[0m INFO:root:	task: 1	loss: 0.58492437	acc: 0.922
[2m[36m(ParallelModGrad pid=1795116)[0m INFO:root:	task: 2	loss: 0.62986098	acc: 0.827
[2m[36m(ParallelModGrad pid=1795116)[0m INFO:root:	task: 3	loss: 0.64463468	acc: 0.794
[2m[36m(ParallelModGrad pid=1795116)[0m INFO:root:	task: avg	loss: 0.62134476	acc: 0.842
[2m[36m(ParallelModGrad pid=1795116)[0m INFO:root:epochs: 34, training task: 3
[2m[36m(ParallelModGrad pid=1795116)[0m INFO:root:	task: 0	loss: 0.62569070	acc: 0.816
[2m[36m(ParallelModGrad pid=1795116)[0m INFO:root:	task: 1	loss: 0.58326322	acc: 0.921
[2m[36m(ParallelModGrad pid=1795116)[0m INFO:root:	task: 2	loss: 0.62267375	acc: 0.846
[2m[36m(ParallelModGrad pid=1795116)[0m INFO:root:	task: 3	loss: 0.64095306	acc: 0.802
[2m[36m(ParallelModGrad pid=1795116)[0m INFO:root:	task: avg	loss: 0.61814518	acc: 0.846
[2m[36m(ParallelModGrad pid=1795116)[0m INFO:root:epochs: 35, training task: 3
[2m[36m(ParallelModGrad pid=1795116)[0m INFO:root:	task: 0	loss: 0.62606812	acc: 0.797
[2m[36m(ParallelModGrad pid=1795116)[0m INFO:root:	task: 1	loss: 0.58546512	acc: 0.916
[2m[36m(ParallelModGrad pid=1795116)[0m INFO:root:	task: 2	loss: 0.61949063	acc: 0.845
[2m[36m(ParallelModGrad pid=1795116)[0m INFO:root:	task: 3	loss: 0.63654778	acc: 0.820
[2m[36m(ParallelModGrad pid=1795116)[0m INFO:root:	task: avg	loss: 0.61689291	acc: 0.844
[2m[36m(ParallelModGrad pid=1795116)[0m INFO:root:epochs: 36, training task: 3
[2m[36m(ParallelModGrad pid=1795116)[0m INFO:root:	task: 0	loss: 0.62182818	acc: 0.802
[2m[36m(ParallelModGrad pid=1795116)[0m INFO:root:	task: 1	loss: 0.58298133	acc: 0.910
[2m[36m(ParallelModGrad pid=1795116)[0m INFO:root:	task: 2	loss: 0.61667122	acc: 0.840
[2m[36m(ParallelModGrad pid=1795116)[0m INFO:root:	task: 3	loss: 0.63439743	acc: 0.804
[2m[36m(ParallelModGrad pid=1795116)[0m INFO:root:	task: avg	loss: 0.61396954	acc: 0.839
[2m[36m(ParallelModGrad pid=1795116)[0m INFO:root:epochs: 37, training task: 3
[2m[36m(ParallelModGrad pid=1795116)[0m INFO:root:	task: 0	loss: 0.61974609	acc: 0.802
[2m[36m(ParallelModGrad pid=1795116)[0m INFO:root:	task: 1	loss: 0.57431591	acc: 0.914
[2m[36m(ParallelModGrad pid=1795116)[0m INFO:root:	task: 2	loss: 0.62120998	acc: 0.818
[2m[36m(ParallelModGrad pid=1795116)[0m INFO:root:	task: 3	loss: 0.63541570	acc: 0.807
[2m[36m(ParallelModGrad pid=1795116)[0m INFO:root:	task: avg	loss: 0.61267192	acc: 0.835
[2m[36m(ParallelModGrad pid=1795116)[0m INFO:root:epochs: 38, training task: 3
[2m[36m(ParallelModGrad pid=1795116)[0m INFO:root:	task: 0	loss: 0.61660857	acc: 0.795
[2m[36m(ParallelModGrad pid=1795116)[0m INFO:root:	task: 1	loss: 0.57433560	acc: 0.912
[2m[36m(ParallelModGrad pid=1795116)[0m INFO:root:	task: 2	loss: 0.61287558	acc: 0.835
[2m[36m(ParallelModGrad pid=1795116)[0m INFO:root:	task: 3	loss: 0.63561539	acc: 0.795
[2m[36m(ParallelModGrad pid=1795116)[0m INFO:root:	task: avg	loss: 0.60985878	acc: 0.834
[2m[36m(ParallelModGrad pid=1795116)[0m INFO:root:epochs: 39, training task: 3
[2m[36m(ParallelModGrad pid=1795116)[0m INFO:root:	task: 0	loss: 0.61435211	acc: 0.806
[2m[36m(ParallelModGrad pid=1795116)[0m INFO:root:	task: 1	loss: 0.57295232	acc: 0.911
[2m[36m(ParallelModGrad pid=1795116)[0m INFO:root:	task: 2	loss: 0.60684484	acc: 0.854
[2m[36m(ParallelModGrad pid=1795116)[0m INFO:root:	task: 3	loss: 0.63291672	acc: 0.795
[2m[36m(ParallelModGrad pid=1795116)[0m INFO:root:	task: avg	loss: 0.60676650	acc: 0.842
[2m[36m(ParallelModGrad pid=1795116)[0m INFO:root:epochs: 40, training task: 3
[2m[36m(ParallelModGrad pid=1795116)[0m INFO:root:	task: 0	loss: 0.60988116	acc: 0.832
[2m[36m(ParallelModGrad pid=1795116)[0m INFO:root:	task: 1	loss: 0.56883297	acc: 0.928
[2m[36m(ParallelModGrad pid=1795116)[0m INFO:root:	task: 2	loss: 0.60523446	acc: 0.847
[2m[36m(ParallelModGrad pid=1795116)[0m INFO:root:	task: 3	loss: 0.62863921	acc: 0.802
[2m[36m(ParallelModGrad pid=1795116)[0m INFO:root:	task: avg	loss: 0.60314695	acc: 0.852
[2m[36m(ParallelModGrad pid=1795116)[0m INFO:root:epochs: 41, training task: 3
[2m[36m(ParallelModGrad pid=1795116)[0m INFO:root:	task: 0	loss: 0.60583169	acc: 0.827
[2m[36m(ParallelModGrad pid=1795116)[0m INFO:root:	task: 1	loss: 0.56269088	acc: 0.926
[2m[36m(ParallelModGrad pid=1795116)[0m INFO:root:	task: 2	loss: 0.60241506	acc: 0.836
[2m[36m(ParallelModGrad pid=1795116)[0m INFO:root:	task: 3	loss: 0.62538577	acc: 0.818
[2m[36m(ParallelModGrad pid=1795116)[0m INFO:root:	task: avg	loss: 0.59908085	acc: 0.852
[2m[36m(ParallelModGrad pid=1795116)[0m INFO:root:epochs: 42, training task: 3
[2m[36m(ParallelModGrad pid=1795116)[0m INFO:root:	task: 0	loss: 0.60522125	acc: 0.803
[2m[36m(ParallelModGrad pid=1795116)[0m INFO:root:	task: 1	loss: 0.56340354	acc: 0.921
[2m[36m(ParallelModGrad pid=1795116)[0m INFO:root:	task: 2	loss: 0.60176938	acc: 0.831
[2m[36m(ParallelModGrad pid=1795116)[0m INFO:root:	task: 3	loss: 0.62602161	acc: 0.785
[2m[36m(ParallelModGrad pid=1795116)[0m INFO:root:	task: avg	loss: 0.59910394	acc: 0.835
[2m[36m(ParallelModGrad pid=1795116)[0m INFO:root:epochs: 43, training task: 3
[2m[36m(ParallelModGrad pid=1795116)[0m INFO:root:	task: 0	loss: 0.60434385	acc: 0.800
[2m[36m(ParallelModGrad pid=1795116)[0m INFO:root:	task: 1	loss: 0.56041592	acc: 0.919
[2m[36m(ParallelModGrad pid=1795116)[0m INFO:root:	task: 2	loss: 0.59967429	acc: 0.836
[2m[36m(ParallelModGrad pid=1795116)[0m INFO:root:	task: 3	loss: 0.62213062	acc: 0.814
[2m[36m(ParallelModGrad pid=1795116)[0m INFO:root:	task: avg	loss: 0.59664117	acc: 0.842
[2m[36m(ParallelModGrad pid=1795116)[0m INFO:root:epochs: 44, training task: 3
[2m[36m(ParallelModGrad pid=1795116)[0m INFO:root:	task: 0	loss: 0.60307372	acc: 0.804
[2m[36m(ParallelModGrad pid=1795116)[0m INFO:root:	task: 1	loss: 0.55359745	acc: 0.920
[2m[36m(ParallelModGrad pid=1795116)[0m INFO:root:	task: 2	loss: 0.59906137	acc: 0.823
[2m[36m(ParallelModGrad pid=1795116)[0m INFO:root:	task: 3	loss: 0.61737096	acc: 0.821
[2m[36m(ParallelModGrad pid=1795116)[0m INFO:root:	task: avg	loss: 0.59327587	acc: 0.842
[2m[36m(ParallelModGrad pid=1795116)[0m INFO:root:epochs: 45, training task: 3
[2m[36m(ParallelModGrad pid=1795116)[0m INFO:root:	task: 0	loss: 0.60407246	acc: 0.808
[2m[36m(ParallelModGrad pid=1795116)[0m INFO:root:	task: 1	loss: 0.54938047	acc: 0.918
[2m[36m(ParallelModGrad pid=1795116)[0m INFO:root:	task: 2	loss: 0.59800409	acc: 0.821
[2m[36m(ParallelModGrad pid=1795116)[0m INFO:root:	task: 3	loss: 0.61610858	acc: 0.820
[2m[36m(ParallelModGrad pid=1795116)[0m INFO:root:	task: avg	loss: 0.59189140	acc: 0.842
[2m[36m(ParallelModGrad pid=1795116)[0m INFO:root:epochs: 46, training task: 3
[2m[36m(ParallelModGrad pid=1795116)[0m INFO:root:	task: 0	loss: 0.59661472	acc: 0.832
[2m[36m(ParallelModGrad pid=1795116)[0m INFO:root:	task: 1	loss: 0.54819178	acc: 0.920
[2m[36m(ParallelModGrad pid=1795116)[0m INFO:root:	task: 2	loss: 0.59328065	acc: 0.827
[2m[36m(ParallelModGrad pid=1795116)[0m INFO:root:	task: 3	loss: 0.61406935	acc: 0.812
[2m[36m(ParallelModGrad pid=1795116)[0m INFO:root:	task: avg	loss: 0.58803912	acc: 0.848
[2m[36m(ParallelModGrad pid=1795116)[0m INFO:root:epochs: 47, training task: 3
[2m[36m(ParallelModGrad pid=1795116)[0m INFO:root:	task: 0	loss: 0.59186898	acc: 0.837
[2m[36m(ParallelModGrad pid=1795116)[0m INFO:root:	task: 1	loss: 0.54848455	acc: 0.913
[2m[36m(ParallelModGrad pid=1795116)[0m INFO:root:	task: 2	loss: 0.58898553	acc: 0.834
[2m[36m(ParallelModGrad pid=1795116)[0m INFO:root:	task: 3	loss: 0.61178063	acc: 0.818
[2m[36m(ParallelModGrad pid=1795116)[0m INFO:root:	task: avg	loss: 0.58527992	acc: 0.850
[2m[36m(ParallelModGrad pid=1795116)[0m INFO:root:epochs: 48, training task: 3
[2m[36m(ParallelModGrad pid=1795116)[0m INFO:root:	task: 0	loss: 0.59115867	acc: 0.834
[2m[36m(ParallelModGrad pid=1795116)[0m INFO:root:	task: 1	loss: 0.54983575	acc: 0.915
[2m[36m(ParallelModGrad pid=1795116)[0m INFO:root:	task: 2	loss: 0.59438134	acc: 0.814
[2m[36m(ParallelModGrad pid=1795116)[0m INFO:root:	task: 3	loss: 0.60766448	acc: 0.828
[2m[36m(ParallelModGrad pid=1795116)[0m INFO:root:	task: avg	loss: 0.58576006	acc: 0.848
[2m[36m(ParallelModGrad pid=1795116)[0m INFO:root:epochs: 49, training task: 3
[2m[36m(ParallelModGrad pid=1795116)[0m INFO:root:	task: 0	loss: 0.59458702	acc: 0.803
[2m[36m(ParallelModGrad pid=1795116)[0m INFO:root:	task: 1	loss: 0.54235287	acc: 0.922
[2m[36m(ParallelModGrad pid=1795116)[0m INFO:root:	task: 2	loss: 0.59097421	acc: 0.817
[2m[36m(ParallelModGrad pid=1795116)[0m INFO:root:	task: 3	loss: 0.60476591	acc: 0.841
[2m[36m(ParallelModGrad pid=1795116)[0m INFO:root:	task: avg	loss: 0.58317000	acc: 0.846
[2m[36m(ParallelModGrad pid=1795116)[0m INFO:root:epochs: 50, training task: 3
[2m[36m(ParallelModGrad pid=1795116)[0m INFO:root:	task: 0	loss: 0.59187291	acc: 0.802
[2m[36m(ParallelModGrad pid=1795116)[0m INFO:root:	task: 1	loss: 0.53659987	acc: 0.922
[2m[36m(ParallelModGrad pid=1795116)[0m INFO:root:	task: 2	loss: 0.58110229	acc: 0.835
[2m[36m(ParallelModGrad pid=1795116)[0m INFO:root:	task: 3	loss: 0.60268172	acc: 0.841
[2m[36m(ParallelModGrad pid=1795116)[0m INFO:root:	task: avg	loss: 0.57806420	acc: 0.850
[2m[36m(ParallelModGrad pid=1795116)[0m INFO:root:epochs: 51, training task: 3
[2m[36m(ParallelModGrad pid=1795116)[0m INFO:root:	task: 0	loss: 0.58168937	acc: 0.848
[2m[36m(ParallelModGrad pid=1795116)[0m INFO:root:	task: 1	loss: 0.53782171	acc: 0.911
[2m[36m(ParallelModGrad pid=1795116)[0m INFO:root:	task: 2	loss: 0.57893845	acc: 0.848
[2m[36m(ParallelModGrad pid=1795116)[0m INFO:root:	task: 3	loss: 0.60141096	acc: 0.819
[2m[36m(ParallelModGrad pid=1795116)[0m INFO:root:	task: avg	loss: 0.57496512	acc: 0.856
[2m[36m(ParallelModGrad pid=1795116)[0m INFO:root:epochs: 52, training task: 3
[2m[36m(ParallelModGrad pid=1795116)[0m INFO:root:	task: 0	loss: 0.58089394	acc: 0.828
[2m[36m(ParallelModGrad pid=1795116)[0m INFO:root:	task: 1	loss: 0.53601642	acc: 0.912
[2m[36m(ParallelModGrad pid=1795116)[0m INFO:root:	task: 2	loss: 0.57995442	acc: 0.848
[2m[36m(ParallelModGrad pid=1795116)[0m INFO:root:	task: 3	loss: 0.60539555	acc: 0.812
[2m[36m(ParallelModGrad pid=1795116)[0m INFO:root:	task: avg	loss: 0.57556508	acc: 0.850
[2m[36m(ParallelModGrad pid=1795116)[0m INFO:root:epochs: 53, training task: 3
[2m[36m(ParallelModGrad pid=1795116)[0m INFO:root:	task: 0	loss: 0.57579179	acc: 0.837
[2m[36m(ParallelModGrad pid=1795116)[0m INFO:root:	task: 1	loss: 0.53511556	acc: 0.923
[2m[36m(ParallelModGrad pid=1795116)[0m INFO:root:	task: 2	loss: 0.57682249	acc: 0.853
[2m[36m(ParallelModGrad pid=1795116)[0m INFO:root:	task: 3	loss: 0.60176289	acc: 0.818
[2m[36m(ParallelModGrad pid=1795116)[0m INFO:root:	task: avg	loss: 0.57237318	acc: 0.858
[2m[36m(ParallelModGrad pid=1795116)[0m INFO:root:epochs: 54, training task: 3
[2m[36m(ParallelModGrad pid=1795116)[0m INFO:root:	task: 0	loss: 0.57643935	acc: 0.848
[2m[36m(ParallelModGrad pid=1795116)[0m INFO:root:	task: 1	loss: 0.52987241	acc: 0.925
[2m[36m(ParallelModGrad pid=1795116)[0m INFO:root:	task: 2	loss: 0.57857865	acc: 0.836
[2m[36m(ParallelModGrad pid=1795116)[0m INFO:root:	task: 3	loss: 0.59866053	acc: 0.821
[2m[36m(ParallelModGrad pid=1795116)[0m INFO:root:	task: avg	loss: 0.57088773	acc: 0.857
[2m[36m(ParallelModGrad pid=1795116)[0m INFO:root:epochs: 55, training task: 3
[2m[36m(ParallelModGrad pid=1795116)[0m INFO:root:	task: 0	loss: 0.58505660	acc: 0.806
[2m[36m(ParallelModGrad pid=1795116)[0m INFO:root:	task: 1	loss: 0.52758431	acc: 0.918
[2m[36m(ParallelModGrad pid=1795116)[0m INFO:root:	task: 2	loss: 0.57053049	acc: 0.834
[2m[36m(ParallelModGrad pid=1795116)[0m INFO:root:	task: 3	loss: 0.59356792	acc: 0.833
[2m[36m(ParallelModGrad pid=1795116)[0m INFO:root:	task: avg	loss: 0.56918483	acc: 0.848
[2m[36m(ParallelModGrad pid=1795116)[0m INFO:root:epochs: 56, training task: 3
[2m[36m(ParallelModGrad pid=1795116)[0m INFO:root:	task: 0	loss: 0.58055704	acc: 0.812
[2m[36m(ParallelModGrad pid=1795116)[0m INFO:root:	task: 1	loss: 0.52595406	acc: 0.920
[2m[36m(ParallelModGrad pid=1795116)[0m INFO:root:	task: 2	loss: 0.56542105	acc: 0.838
[2m[36m(ParallelModGrad pid=1795116)[0m INFO:root:	task: 3	loss: 0.58732589	acc: 0.844
[2m[36m(ParallelModGrad pid=1795116)[0m INFO:root:	task: avg	loss: 0.56481451	acc: 0.853
[2m[36m(ParallelModGrad pid=1795116)[0m INFO:root:epochs: 57, training task: 3
[2m[36m(ParallelModGrad pid=1795116)[0m INFO:root:	task: 0	loss: 0.57437956	acc: 0.833
[2m[36m(ParallelModGrad pid=1795116)[0m INFO:root:	task: 1	loss: 0.52173209	acc: 0.925
[2m[36m(ParallelModGrad pid=1795116)[0m INFO:root:	task: 2	loss: 0.57272218	acc: 0.820
[2m[36m(ParallelModGrad pid=1795116)[0m INFO:root:	task: 3	loss: 0.59110707	acc: 0.839
[2m[36m(ParallelModGrad pid=1795116)[0m INFO:root:	task: avg	loss: 0.56498523	acc: 0.854
[2m[36m(ParallelModGrad pid=1795116)[0m INFO:root:epochs: 58, training task: 3
[2m[36m(ParallelModGrad pid=1795116)[0m INFO:root:	task: 0	loss: 0.57465966	acc: 0.810
[2m[36m(ParallelModGrad pid=1795116)[0m INFO:root:	task: 1	loss: 0.52089407	acc: 0.916
[2m[36m(ParallelModGrad pid=1795116)[0m INFO:root:	task: 2	loss: 0.56133087	acc: 0.845
[2m[36m(ParallelModGrad pid=1795116)[0m INFO:root:	task: 3	loss: 0.59424679	acc: 0.810
[2m[36m(ParallelModGrad pid=1795116)[0m INFO:root:	task: avg	loss: 0.56278285	acc: 0.846
[2m[36m(ParallelModGrad pid=1795116)[0m INFO:root:epochs: 59, training task: 3
[2m[36m(ParallelModGrad pid=1795116)[0m INFO:root:	task: 0	loss: 0.56994010	acc: 0.824
[2m[36m(ParallelModGrad pid=1795116)[0m INFO:root:	task: 1	loss: 0.52308350	acc: 0.913
[2m[36m(ParallelModGrad pid=1795116)[0m INFO:root:	task: 2	loss: 0.55700726	acc: 0.851
[2m[36m(ParallelModGrad pid=1795116)[0m INFO:root:	task: 3	loss: 0.59455182	acc: 0.802
[2m[36m(ParallelModGrad pid=1795116)[0m INFO:root:	task: avg	loss: 0.56114567	acc: 0.847
[2m[36m(ParallelModGrad pid=1795116)[0m INFO:root:epochs: 60, training task: 3
[2m[36m(ParallelModGrad pid=1795116)[0m INFO:root:	task: 0	loss: 0.56240248	acc: 0.858
[2m[36m(ParallelModGrad pid=1795116)[0m INFO:root:	task: 1	loss: 0.51384775	acc: 0.927
[2m[36m(ParallelModGrad pid=1795116)[0m INFO:root:	task: 2	loss: 0.55645773	acc: 0.843
[2m[36m(ParallelModGrad pid=1795116)[0m INFO:root:	task: 3	loss: 0.58977919	acc: 0.815
[2m[36m(ParallelModGrad pid=1795116)[0m INFO:root:	task: avg	loss: 0.55562179	acc: 0.861
[2m[36m(ParallelModGrad pid=1795116)[0m INFO:root:epochs: 61, training task: 3
[2m[36m(ParallelModGrad pid=1795116)[0m INFO:root:	task: 0	loss: 0.56278859	acc: 0.841
[2m[36m(ParallelModGrad pid=1795116)[0m INFO:root:	task: 1	loss: 0.50421727	acc: 0.931
[2m[36m(ParallelModGrad pid=1795116)[0m INFO:root:	task: 2	loss: 0.54790462	acc: 0.861
[2m[36m(ParallelModGrad pid=1795116)[0m INFO:root:	task: 3	loss: 0.59089080	acc: 0.807
[2m[36m(ParallelModGrad pid=1795116)[0m INFO:root:	task: avg	loss: 0.55145032	acc: 0.860
[2m[36m(ParallelModGrad pid=1795116)[0m INFO:root:epochs: 62, training task: 3
[2m[36m(ParallelModGrad pid=1795116)[0m INFO:root:	task: 0	loss: 0.56837390	acc: 0.818
[2m[36m(ParallelModGrad pid=1795116)[0m INFO:root:	task: 1	loss: 0.50544587	acc: 0.932
[2m[36m(ParallelModGrad pid=1795116)[0m INFO:root:	task: 2	loss: 0.54719398	acc: 0.856
[2m[36m(ParallelModGrad pid=1795116)[0m INFO:root:	task: 3	loss: 0.58626465	acc: 0.817
[2m[36m(ParallelModGrad pid=1795116)[0m INFO:root:	task: avg	loss: 0.55181960	acc: 0.855
[2m[36m(ParallelModGrad pid=1795116)[0m INFO:root:epochs: 63, training task: 3
[2m[36m(ParallelModGrad pid=1795116)[0m INFO:root:	task: 0	loss: 0.56231520	acc: 0.839
[2m[36m(ParallelModGrad pid=1795116)[0m INFO:root:	task: 1	loss: 0.50656554	acc: 0.923
[2m[36m(ParallelModGrad pid=1795116)[0m INFO:root:	task: 2	loss: 0.54644219	acc: 0.850
[2m[36m(ParallelModGrad pid=1795116)[0m INFO:root:	task: 3	loss: 0.57672551	acc: 0.840
[2m[36m(ParallelModGrad pid=1795116)[0m INFO:root:	task: avg	loss: 0.54801211	acc: 0.863
[2m[36m(ParallelModGrad pid=1795116)[0m INFO:root:epochs: 64, training task: 3
[2m[36m(ParallelModGrad pid=1795116)[0m INFO:root:	task: 0	loss: 0.56155155	acc: 0.837
[2m[36m(ParallelModGrad pid=1795116)[0m INFO:root:	task: 1	loss: 0.50776646	acc: 0.909
[2m[36m(ParallelModGrad pid=1795116)[0m INFO:root:	task: 2	loss: 0.54352705	acc: 0.844
[2m[36m(ParallelModGrad pid=1795116)[0m INFO:root:	task: 3	loss: 0.57377935	acc: 0.822
[2m[36m(ParallelModGrad pid=1795116)[0m INFO:root:	task: avg	loss: 0.54665610	acc: 0.853
[2m[36m(ParallelModGrad pid=1795116)[0m INFO:root:epochs: 65, training task: 3
[2m[36m(ParallelModGrad pid=1795116)[0m INFO:root:	task: 0	loss: 0.56703512	acc: 0.818
[2m[36m(ParallelModGrad pid=1795116)[0m INFO:root:	task: 1	loss: 0.49949792	acc: 0.925
[2m[36m(ParallelModGrad pid=1795116)[0m INFO:root:	task: 2	loss: 0.54879614	acc: 0.828
[2m[36m(ParallelModGrad pid=1795116)[0m INFO:root:	task: 3	loss: 0.58002318	acc: 0.818
[2m[36m(ParallelModGrad pid=1795116)[0m INFO:root:	task: avg	loss: 0.54883809	acc: 0.847
[2m[36m(ParallelModGrad pid=1795116)[0m INFO:root:epochs: 66, training task: 3
[2m[36m(ParallelModGrad pid=1795116)[0m INFO:root:	task: 0	loss: 0.55871076	acc: 0.821
[2m[36m(ParallelModGrad pid=1795116)[0m INFO:root:	task: 1	loss: 0.49718282	acc: 0.918
[2m[36m(ParallelModGrad pid=1795116)[0m INFO:root:	task: 2	loss: 0.54116259	acc: 0.828
[2m[36m(ParallelModGrad pid=1795116)[0m INFO:root:	task: 3	loss: 0.57233160	acc: 0.832
[2m[36m(ParallelModGrad pid=1795116)[0m INFO:root:	task: avg	loss: 0.54234694	acc: 0.850
[2m[36m(ParallelModGrad pid=1795116)[0m INFO:root:epochs: 67, training task: 3
[2m[36m(ParallelModGrad pid=1795116)[0m INFO:root:	task: 0	loss: 0.54830276	acc: 0.854
[2m[36m(ParallelModGrad pid=1795116)[0m INFO:root:	task: 1	loss: 0.49989558	acc: 0.912
[2m[36m(ParallelModGrad pid=1795116)[0m INFO:root:	task: 2	loss: 0.54077187	acc: 0.824
[2m[36m(ParallelModGrad pid=1795116)[0m INFO:root:	task: 3	loss: 0.56856846	acc: 0.832
[2m[36m(ParallelModGrad pid=1795116)[0m INFO:root:	task: avg	loss: 0.53938467	acc: 0.855
[2m[36m(ParallelModGrad pid=1795116)[0m INFO:root:epochs: 68, training task: 3
[2m[36m(ParallelModGrad pid=1795116)[0m INFO:root:	task: 0	loss: 0.54693187	acc: 0.857
[2m[36m(ParallelModGrad pid=1795116)[0m INFO:root:	task: 1	loss: 0.49160001	acc: 0.921
[2m[36m(ParallelModGrad pid=1795116)[0m INFO:root:	task: 2	loss: 0.54386110	acc: 0.827
[2m[36m(ParallelModGrad pid=1795116)[0m INFO:root:	task: 3	loss: 0.56866131	acc: 0.834
[2m[36m(ParallelModGrad pid=1795116)[0m INFO:root:	task: avg	loss: 0.53776357	acc: 0.860
[2m[36m(ParallelModGrad pid=1795116)[0m INFO:root:epochs: 69, training task: 3
[2m[36m(ParallelModGrad pid=1795116)[0m INFO:root:	task: 0	loss: 0.55104856	acc: 0.837
[2m[36m(ParallelModGrad pid=1795116)[0m INFO:root:	task: 1	loss: 0.48772716	acc: 0.931
[2m[36m(ParallelModGrad pid=1795116)[0m INFO:root:	task: 2	loss: 0.53368523	acc: 0.843
[2m[36m(ParallelModGrad pid=1795116)[0m INFO:root:	task: 3	loss: 0.57023840	acc: 0.818
[2m[36m(ParallelModGrad pid=1795116)[0m INFO:root:	task: avg	loss: 0.53567484	acc: 0.857
[2m[36m(ParallelModGrad pid=1795116)[0m INFO:root:epochs: 70, training task: 3
[2m[36m(ParallelModGrad pid=1795116)[0m INFO:root:	task: 0	loss: 0.55438812	acc: 0.830
[2m[36m(ParallelModGrad pid=1795116)[0m INFO:root:	task: 1	loss: 0.48685376	acc: 0.925
[2m[36m(ParallelModGrad pid=1795116)[0m INFO:root:	task: 2	loss: 0.52359578	acc: 0.866
[2m[36m(ParallelModGrad pid=1795116)[0m INFO:root:	task: 3	loss: 0.57352482	acc: 0.814
[2m[36m(ParallelModGrad pid=1795116)[0m INFO:root:	task: avg	loss: 0.53459062	acc: 0.859
[2m[36m(ParallelModGrad pid=1795116)[0m INFO:root:epochs: 71, training task: 3
[2m[36m(ParallelModGrad pid=1795116)[0m INFO:root:	task: 0	loss: 0.54989190	acc: 0.830
[2m[36m(ParallelModGrad pid=1795116)[0m INFO:root:	task: 1	loss: 0.48577361	acc: 0.918
[2m[36m(ParallelModGrad pid=1795116)[0m INFO:root:	task: 2	loss: 0.52146454	acc: 0.868
[2m[36m(ParallelModGrad pid=1795116)[0m INFO:root:	task: 3	loss: 0.56365067	acc: 0.833
[2m[36m(ParallelModGrad pid=1795116)[0m INFO:root:	task: avg	loss: 0.53019518	acc: 0.862
[2m[36m(ParallelModGrad pid=1795116)[0m INFO:root:epochs: 72, training task: 3
[2m[36m(ParallelModGrad pid=1795116)[0m INFO:root:	task: 0	loss: 0.54905167	acc: 0.835
[2m[36m(ParallelModGrad pid=1795116)[0m INFO:root:	task: 1	loss: 0.48500866	acc: 0.913
[2m[36m(ParallelModGrad pid=1795116)[0m INFO:root:	task: 2	loss: 0.52790274	acc: 0.852
[2m[36m(ParallelModGrad pid=1795116)[0m INFO:root:	task: 3	loss: 0.55341336	acc: 0.849
[2m[36m(ParallelModGrad pid=1795116)[0m INFO:root:	task: avg	loss: 0.52884411	acc: 0.862
[2m[36m(ParallelModGrad pid=1795116)[0m INFO:root:epochs: 73, training task: 3
[2m[36m(ParallelModGrad pid=1795116)[0m INFO:root:	task: 0	loss: 0.55071353	acc: 0.823
[2m[36m(ParallelModGrad pid=1795116)[0m INFO:root:	task: 1	loss: 0.47719591	acc: 0.919
[2m[36m(ParallelModGrad pid=1795116)[0m INFO:root:	task: 2	loss: 0.53321478	acc: 0.839
[2m[36m(ParallelModGrad pid=1795116)[0m INFO:root:	task: 3	loss: 0.55791259	acc: 0.845
[2m[36m(ParallelModGrad pid=1795116)[0m INFO:root:	task: avg	loss: 0.52975920	acc: 0.856
[2m[36m(ParallelModGrad pid=1795116)[0m INFO:root:epochs: 74, training task: 3
[2m[36m(ParallelModGrad pid=1795116)[0m INFO:root:	task: 0	loss: 0.54277273	acc: 0.840
[2m[36m(ParallelModGrad pid=1795116)[0m INFO:root:	task: 1	loss: 0.47351519	acc: 0.927
[2m[36m(ParallelModGrad pid=1795116)[0m INFO:root:	task: 2	loss: 0.51522914	acc: 0.868
[2m[36m(ParallelModGrad pid=1795116)[0m INFO:root:	task: 3	loss: 0.55010469	acc: 0.856
[2m[36m(ParallelModGrad pid=1795116)[0m INFO:root:	task: avg	loss: 0.52040544	acc: 0.873
[2m[36m(ParallelModGrad pid=1795116)[0m INFO:root:epochs: 75, training task: 3
[2m[36m(ParallelModGrad pid=1795116)[0m INFO:root:	task: 0	loss: 0.53512810	acc: 0.862
[2m[36m(ParallelModGrad pid=1795116)[0m INFO:root:	task: 1	loss: 0.47610944	acc: 0.924
[2m[36m(ParallelModGrad pid=1795116)[0m INFO:root:	task: 2	loss: 0.50798116	acc: 0.877
[2m[36m(ParallelModGrad pid=1795116)[0m INFO:root:	task: 3	loss: 0.54321156	acc: 0.855
[2m[36m(ParallelModGrad pid=1795116)[0m INFO:root:	task: avg	loss: 0.51560756	acc: 0.879
[2m[36m(ParallelModGrad pid=1795116)[0m INFO:root:epochs: 76, training task: 3
[2m[36m(ParallelModGrad pid=1795116)[0m INFO:root:	task: 0	loss: 0.53250480	acc: 0.870
[2m[36m(ParallelModGrad pid=1795116)[0m INFO:root:	task: 1	loss: 0.47402631	acc: 0.921
[2m[36m(ParallelModGrad pid=1795116)[0m INFO:root:	task: 2	loss: 0.51522291	acc: 0.862
[2m[36m(ParallelModGrad pid=1795116)[0m INFO:root:	task: 3	loss: 0.54580803	acc: 0.850
[2m[36m(ParallelModGrad pid=1795116)[0m INFO:root:	task: avg	loss: 0.51689051	acc: 0.876
[2m[36m(ParallelModGrad pid=1795116)[0m INFO:root:epochs: 77, training task: 3
[2m[36m(ParallelModGrad pid=1795116)[0m INFO:root:	task: 0	loss: 0.53445451	acc: 0.850
[2m[36m(ParallelModGrad pid=1795116)[0m INFO:root:	task: 1	loss: 0.46844698	acc: 0.918
[2m[36m(ParallelModGrad pid=1795116)[0m INFO:root:	task: 2	loss: 0.51924633	acc: 0.854
[2m[36m(ParallelModGrad pid=1795116)[0m INFO:root:	task: 3	loss: 0.54811678	acc: 0.843
[2m[36m(ParallelModGrad pid=1795116)[0m INFO:root:	task: avg	loss: 0.51756615	acc: 0.866
[2m[36m(ParallelModGrad pid=1795116)[0m INFO:root:epochs: 78, training task: 3
[2m[36m(ParallelModGrad pid=1795116)[0m INFO:root:	task: 0	loss: 0.53239262	acc: 0.848
[2m[36m(ParallelModGrad pid=1795116)[0m INFO:root:	task: 1	loss: 0.46227687	acc: 0.926
[2m[36m(ParallelModGrad pid=1795116)[0m INFO:root:	task: 2	loss: 0.51196351	acc: 0.864
[2m[36m(ParallelModGrad pid=1795116)[0m INFO:root:	task: 3	loss: 0.54473462	acc: 0.847
[2m[36m(ParallelModGrad pid=1795116)[0m INFO:root:	task: avg	loss: 0.51284190	acc: 0.871
[2m[36m(ParallelModGrad pid=1795116)[0m INFO:root:epochs: 79, training task: 3
[2m[36m(ParallelModGrad pid=1795116)[0m INFO:root:	task: 0	loss: 0.53061003	acc: 0.844
[2m[36m(ParallelModGrad pid=1795116)[0m INFO:root:	task: 1	loss: 0.45652237	acc: 0.932
[2m[36m(ParallelModGrad pid=1795116)[0m INFO:root:	task: 2	loss: 0.51476699	acc: 0.853
[2m[36m(ParallelModGrad pid=1795116)[0m INFO:root:	task: 3	loss: 0.54543371	acc: 0.851
[2m[36m(ParallelModGrad pid=1795116)[0m INFO:root:	task: avg	loss: 0.51183328	acc: 0.870
[2m[36m(ParallelModGrad pid=1795116)[0m INFO:root:epochs: 80, training task: 3
[2m[36m(ParallelModGrad pid=1795116)[0m INFO:root:	task: 0	loss: 0.52336715	acc: 0.871
[2m[36m(ParallelModGrad pid=1795116)[0m INFO:root:	task: 1	loss: 0.45610052	acc: 0.927
[2m[36m(ParallelModGrad pid=1795116)[0m INFO:root:	task: 2	loss: 0.51367621	acc: 0.850
[2m[36m(ParallelModGrad pid=1795116)[0m INFO:root:	task: 3	loss: 0.54409300	acc: 0.846
[2m[36m(ParallelModGrad pid=1795116)[0m INFO:root:	task: avg	loss: 0.50930922	acc: 0.874
[2m[36m(ParallelModGrad pid=1795116)[0m INFO:root:epochs: 81, training task: 3
[2m[36m(ParallelModGrad pid=1795116)[0m INFO:root:	task: 0	loss: 0.52163516	acc: 0.875
[2m[36m(ParallelModGrad pid=1795116)[0m INFO:root:	task: 1	loss: 0.46763345	acc: 0.906
[2m[36m(ParallelModGrad pid=1795116)[0m INFO:root:	task: 2	loss: 0.51818901	acc: 0.836
[2m[36m(ParallelModGrad pid=1795116)[0m INFO:root:	task: 3	loss: 0.54464033	acc: 0.834
[2m[36m(ParallelModGrad pid=1795116)[0m INFO:root:	task: avg	loss: 0.51302449	acc: 0.863
[2m[36m(ParallelModGrad pid=1795116)[0m INFO:root:epochs: 82, training task: 3
[2m[36m(ParallelModGrad pid=1795116)[0m INFO:root:	task: 0	loss: 0.52265270	acc: 0.867
[2m[36m(ParallelModGrad pid=1795116)[0m INFO:root:	task: 1	loss: 0.46421100	acc: 0.917
[2m[36m(ParallelModGrad pid=1795116)[0m INFO:root:	task: 2	loss: 0.50991212	acc: 0.842
[2m[36m(ParallelModGrad pid=1795116)[0m INFO:root:	task: 3	loss: 0.54285910	acc: 0.840
[2m[36m(ParallelModGrad pid=1795116)[0m INFO:root:	task: avg	loss: 0.50990873	acc: 0.866
[2m[36m(ParallelModGrad pid=1795116)[0m INFO:root:epochs: 83, training task: 3
[2m[36m(ParallelModGrad pid=1795116)[0m INFO:root:	task: 0	loss: 0.52434182	acc: 0.857
[2m[36m(ParallelModGrad pid=1795116)[0m INFO:root:	task: 1	loss: 0.44779161	acc: 0.935
[2m[36m(ParallelModGrad pid=1795116)[0m INFO:root:	task: 2	loss: 0.49544456	acc: 0.871
[2m[36m(ParallelModGrad pid=1795116)[0m INFO:root:	task: 3	loss: 0.53872839	acc: 0.837
[2m[36m(ParallelModGrad pid=1795116)[0m INFO:root:	task: avg	loss: 0.50157659	acc: 0.875
[2m[36m(ParallelModGrad pid=1795116)[0m INFO:root:epochs: 84, training task: 3
[2m[36m(ParallelModGrad pid=1795116)[0m INFO:root:	task: 0	loss: 0.52092186	acc: 0.856
[2m[36m(ParallelModGrad pid=1795116)[0m INFO:root:	task: 1	loss: 0.43852327	acc: 0.931
[2m[36m(ParallelModGrad pid=1795116)[0m INFO:root:	task: 2	loss: 0.50809335	acc: 0.840
[2m[36m(ParallelModGrad pid=1795116)[0m INFO:root:	task: 3	loss: 0.54161987	acc: 0.831
[2m[36m(ParallelModGrad pid=1795116)[0m INFO:root:	task: avg	loss: 0.50228959	acc: 0.864
[2m[36m(ParallelModGrad pid=1795116)[0m INFO:root:epochs: 85, training task: 3
[2m[36m(ParallelModGrad pid=1795116)[0m INFO:root:	task: 0	loss: 0.51459573	acc: 0.872
[2m[36m(ParallelModGrad pid=1795116)[0m INFO:root:	task: 1	loss: 0.44013113	acc: 0.926
[2m[36m(ParallelModGrad pid=1795116)[0m INFO:root:	task: 2	loss: 0.51732164	acc: 0.815
[2m[36m(ParallelModGrad pid=1795116)[0m INFO:root:	task: 3	loss: 0.53419695	acc: 0.843
[2m[36m(ParallelModGrad pid=1795116)[0m INFO:root:	task: avg	loss: 0.50156136	acc: 0.864
[2m[36m(ParallelModGrad pid=1795116)[0m INFO:root:epochs: 86, training task: 3
[2m[36m(ParallelModGrad pid=1795116)[0m INFO:root:	task: 0	loss: 0.51889985	acc: 0.861
[2m[36m(ParallelModGrad pid=1795116)[0m INFO:root:	task: 1	loss: 0.44418536	acc: 0.920
[2m[36m(ParallelModGrad pid=1795116)[0m INFO:root:	task: 2	loss: 0.50118316	acc: 0.837
[2m[36m(ParallelModGrad pid=1795116)[0m INFO:root:	task: 3	loss: 0.52769725	acc: 0.840
[2m[36m(ParallelModGrad pid=1795116)[0m INFO:root:	task: avg	loss: 0.49799140	acc: 0.865
[2m[36m(ParallelModGrad pid=1795116)[0m INFO:root:epochs: 87, training task: 3
[2m[36m(ParallelModGrad pid=1795116)[0m INFO:root:	task: 0	loss: 0.52105355	acc: 0.843
[2m[36m(ParallelModGrad pid=1795116)[0m INFO:root:	task: 1	loss: 0.44298262	acc: 0.920
[2m[36m(ParallelModGrad pid=1795116)[0m INFO:root:	task: 2	loss: 0.51198162	acc: 0.811
[2m[36m(ParallelModGrad pid=1795116)[0m INFO:root:	task: 3	loss: 0.54195346	acc: 0.814
[2m[36m(ParallelModGrad pid=1795116)[0m INFO:root:	task: avg	loss: 0.50449282	acc: 0.847
[2m[36m(ParallelModGrad pid=1795116)[0m INFO:root:epochs: 88, training task: 3
[2m[36m(ParallelModGrad pid=1795116)[0m INFO:root:	task: 0	loss: 0.51259042	acc: 0.865
[2m[36m(ParallelModGrad pid=1795116)[0m INFO:root:	task: 1	loss: 0.44564020	acc: 0.909
[2m[36m(ParallelModGrad pid=1795116)[0m INFO:root:	task: 2	loss: 0.50768708	acc: 0.816
[2m[36m(ParallelModGrad pid=1795116)[0m INFO:root:	task: 3	loss: 0.52904999	acc: 0.830
[2m[36m(ParallelModGrad pid=1795116)[0m INFO:root:	task: avg	loss: 0.49874192	acc: 0.855
[2m[36m(ParallelModGrad pid=1795116)[0m INFO:root:epochs: 89, training task: 3
[2m[36m(ParallelModGrad pid=1795116)[0m INFO:root:	task: 0	loss: 0.50917051	acc: 0.862
[2m[36m(ParallelModGrad pid=1795116)[0m INFO:root:	task: 1	loss: 0.44521397	acc: 0.916
[2m[36m(ParallelModGrad pid=1795116)[0m INFO:root:	task: 2	loss: 0.50343215	acc: 0.817
[2m[36m(ParallelModGrad pid=1795116)[0m INFO:root:	task: 3	loss: 0.52780248	acc: 0.831
[2m[36m(ParallelModGrad pid=1795116)[0m INFO:root:	task: avg	loss: 0.49640478	acc: 0.856
[2m[36m(ParallelModGrad pid=1795116)[0m INFO:root:epochs: 90, training task: 3
[2m[36m(ParallelModGrad pid=1795116)[0m INFO:root:	task: 0	loss: 0.49813239	acc: 0.884
[2m[36m(ParallelModGrad pid=1795116)[0m INFO:root:	task: 1	loss: 0.43298339	acc: 0.922
[2m[36m(ParallelModGrad pid=1795116)[0m INFO:root:	task: 2	loss: 0.49626107	acc: 0.823
[2m[36m(ParallelModGrad pid=1795116)[0m INFO:root:	task: 3	loss: 0.52183989	acc: 0.843
[2m[36m(ParallelModGrad pid=1795116)[0m INFO:root:	task: avg	loss: 0.48730418	acc: 0.868
[2m[36m(ParallelModGrad pid=1795116)[0m INFO:root:epochs: 91, training task: 3
[2m[36m(ParallelModGrad pid=1795116)[0m INFO:root:	task: 0	loss: 0.50296984	acc: 0.884
[2m[36m(ParallelModGrad pid=1795116)[0m INFO:root:	task: 1	loss: 0.43321943	acc: 0.919
[2m[36m(ParallelModGrad pid=1795116)[0m INFO:root:	task: 2	loss: 0.48699694	acc: 0.859
[2m[36m(ParallelModGrad pid=1795116)[0m INFO:root:	task: 3	loss: 0.52023094	acc: 0.849
[2m[36m(ParallelModGrad pid=1795116)[0m INFO:root:	task: avg	loss: 0.48585429	acc: 0.878
[2m[36m(ParallelModGrad pid=1795116)[0m INFO:root:epochs: 92, training task: 3
[2m[36m(ParallelModGrad pid=1795116)[0m INFO:root:	task: 0	loss: 0.51055360	acc: 0.864
[2m[36m(ParallelModGrad pid=1795116)[0m INFO:root:	task: 1	loss: 0.43353019	acc: 0.921
[2m[36m(ParallelModGrad pid=1795116)[0m INFO:root:	task: 2	loss: 0.48136258	acc: 0.866
[2m[36m(ParallelModGrad pid=1795116)[0m INFO:root:	task: 3	loss: 0.52019144	acc: 0.847
[2m[36m(ParallelModGrad pid=1795116)[0m INFO:root:	task: avg	loss: 0.48640945	acc: 0.874
[2m[36m(ParallelModGrad pid=1795116)[0m INFO:root:epochs: 93, training task: 3
[2m[36m(ParallelModGrad pid=1795116)[0m INFO:root:	task: 0	loss: 0.50805365	acc: 0.872
[2m[36m(ParallelModGrad pid=1795116)[0m INFO:root:	task: 1	loss: 0.42548924	acc: 0.929
[2m[36m(ParallelModGrad pid=1795116)[0m INFO:root:	task: 2	loss: 0.48046799	acc: 0.860
[2m[36m(ParallelModGrad pid=1795116)[0m INFO:root:	task: 3	loss: 0.51858740	acc: 0.854
[2m[36m(ParallelModGrad pid=1795116)[0m INFO:root:	task: avg	loss: 0.48314957	acc: 0.879
[2m[36m(ParallelModGrad pid=1795116)[0m INFO:root:epochs: 94, training task: 3
[2m[36m(ParallelModGrad pid=1795116)[0m INFO:root:	task: 0	loss: 0.50347676	acc: 0.872
[2m[36m(ParallelModGrad pid=1795116)[0m INFO:root:	task: 1	loss: 0.42327358	acc: 0.936
[2m[36m(ParallelModGrad pid=1795116)[0m INFO:root:	task: 2	loss: 0.48527562	acc: 0.851
[2m[36m(ParallelModGrad pid=1795116)[0m INFO:root:	task: 3	loss: 0.52158118	acc: 0.840
[2m[36m(ParallelModGrad pid=1795116)[0m INFO:root:	task: avg	loss: 0.48340179	acc: 0.875
[2m[36m(ParallelModGrad pid=1795116)[0m INFO:root:epochs: 95, training task: 3
[2m[36m(ParallelModGrad pid=1795116)[0m INFO:root:	task: 0	loss: 0.51600281	acc: 0.837
[2m[36m(ParallelModGrad pid=1795116)[0m INFO:root:	task: 1	loss: 0.42475399	acc: 0.929
[2m[36m(ParallelModGrad pid=1795116)[0m INFO:root:	task: 2	loss: 0.49164809	acc: 0.833
[2m[36m(ParallelModGrad pid=1795116)[0m INFO:root:	task: 3	loss: 0.53140759	acc: 0.830
[2m[36m(ParallelModGrad pid=1795116)[0m INFO:root:	task: avg	loss: 0.49095312	acc: 0.857
[2m[36m(ParallelModGrad pid=1795116)[0m INFO:root:epochs: 96, training task: 3
[2m[36m(ParallelModGrad pid=1795116)[0m INFO:root:	task: 0	loss: 0.50753362	acc: 0.840
[2m[36m(ParallelModGrad pid=1795116)[0m INFO:root:	task: 1	loss: 0.41987482	acc: 0.934
[2m[36m(ParallelModGrad pid=1795116)[0m INFO:root:	task: 2	loss: 0.47757019	acc: 0.859
[2m[36m(ParallelModGrad pid=1795116)[0m INFO:root:	task: 3	loss: 0.52815419	acc: 0.831
[2m[36m(ParallelModGrad pid=1795116)[0m INFO:root:	task: avg	loss: 0.48328321	acc: 0.866
[2m[36m(ParallelModGrad pid=1795116)[0m INFO:root:epochs: 97, training task: 3
[2m[36m(ParallelModGrad pid=1795116)[0m INFO:root:	task: 0	loss: 0.49310942	acc: 0.872
[2m[36m(ParallelModGrad pid=1795116)[0m INFO:root:	task: 1	loss: 0.41270707	acc: 0.943
[2m[36m(ParallelModGrad pid=1795116)[0m INFO:root:	task: 2	loss: 0.47910744	acc: 0.850
[2m[36m(ParallelModGrad pid=1795116)[0m INFO:root:	task: 3	loss: 0.53155642	acc: 0.826
[2m[36m(ParallelModGrad pid=1795116)[0m INFO:root:	task: avg	loss: 0.47912009	acc: 0.873
[2m[36m(ParallelModGrad pid=1795116)[0m INFO:root:epochs: 98, training task: 3
[2m[36m(ParallelModGrad pid=1795116)[0m INFO:root:	task: 0	loss: 0.49490028	acc: 0.862
[2m[36m(ParallelModGrad pid=1795116)[0m INFO:root:	task: 1	loss: 0.41328051	acc: 0.936
[2m[36m(ParallelModGrad pid=1795116)[0m INFO:root:	task: 2	loss: 0.48342532	acc: 0.839
[2m[36m(ParallelModGrad pid=1795116)[0m INFO:root:	task: 3	loss: 0.52358099	acc: 0.838
[2m[36m(ParallelModGrad pid=1795116)[0m INFO:root:	task: avg	loss: 0.47879677	acc: 0.869
[2m[36m(ParallelModGrad pid=1795116)[0m INFO:root:epochs: 99, training task: 3
[2m[36m(ParallelModGrad pid=1795116)[0m INFO:root:	task: 0	loss: 0.49961462	acc: 0.852
[2m[36m(ParallelModGrad pid=1795116)[0m INFO:root:	task: 1	loss: 0.42246189	acc: 0.920
[2m[36m(ParallelModGrad pid=1795116)[0m INFO:root:	task: 2	loss: 0.48152598	acc: 0.836
[2m[36m(ParallelModGrad pid=1795116)[0m INFO:root:	task: 3	loss: 0.52269079	acc: 0.835
[2m[36m(ParallelModGrad pid=1795116)[0m INFO:root:	task: avg	loss: 0.48157332	acc: 0.861
[2m[36m(ParallelModGrad pid=1795116)[0m INFO:root:epochs: 100, training task: 3
[2m[36m(ParallelModGrad pid=1795116)[0m INFO:root:	task: 0	loss: 0.49467619	acc: 0.857
[2m[36m(ParallelModGrad pid=1795116)[0m INFO:root:	task: 1	loss: 0.42047184	acc: 0.914
[2m[36m(ParallelModGrad pid=1795116)[0m INFO:root:	task: 2	loss: 0.47372172	acc: 0.850
[2m[36m(ParallelModGrad pid=1795116)[0m INFO:root:	task: 3	loss: 0.51735089	acc: 0.835
[2m[36m(ParallelModGrad pid=1795116)[0m INFO:root:	task: avg	loss: 0.47655516	acc: 0.864
[2m[36m(ParallelModGrad pid=1795116)[0m INFO:root:epochs: 101, training task: 3
[2m[36m(ParallelModGrad pid=1795116)[0m INFO:root:	task: 0	loss: 0.49467619	acc: 0.857
[2m[36m(ParallelModGrad pid=1795116)[0m INFO:root:	task: 1	loss: 0.42047184	acc: 0.914
[2m[36m(ParallelModGrad pid=1795116)[0m INFO:root:	task: 2	loss: 0.47372172	acc: 0.850
[2m[36m(ParallelModGrad pid=1795116)[0m INFO:root:	task: 3	loss: 0.51735089	acc: 0.835
[2m[36m(ParallelModGrad pid=1795116)[0m INFO:root:	task: avg	loss: 0.47655516	acc: 0.864
[2m[36m(ParallelModGrad pid=1795116)[0m INFO:root:final components: 4
[2m[36m(ParallelModGrad pid=2671848)[0m INFO:root:Agent: node_id: 0, seed: 2
[2m[36m(ParallelModGrad pid=2673789)[0m INFO:root:Agent: node_id: 1, seed: 1002
[2m[36m(ParallelModGrad pid=2674326)[0m INFO:root:Agent: node_id: 2, seed: 2002
[2m[36m(ParallelModGrad pid=2676655)[0m INFO:root:Agent: node_id: 4, seed: 4002
[2m[36m(ParallelModGrad pid=2674989)[0m INFO:root:Agent: node_id: 3, seed: 3002
[2m[36m(ParallelModGrad pid=2676878)[0m INFO:root:Agent: node_id: 5, seed: 5002
[2m[36m(ParallelModGrad pid=2678364)[0m INFO:root:Agent: node_id: 6, seed: 6002
[2m[36m(ParallelModGrad pid=2681449)[0m INFO:root:Agent: node_id: 7, seed: 7002
[2m[36m(ParallelModGrad pid=2673789)[0m INFO:root:epochs: 0, training task: 0
[2m[36m(ParallelModGrad pid=2673789)[0m INFO:root:	task: 0	loss: 0.69624948	acc: 0.500
[2m[36m(ParallelModGrad pid=2673789)[0m INFO:root:	task: avg	loss: 0.69624948	acc: 0.500
[2m[36m(ParallelModGrad pid=2676878)[0m INFO:root:epochs: 0, training task: 0
[2m[36m(ParallelModGrad pid=2676878)[0m INFO:root:	task: 0	loss: 0.69421877	acc: 0.500
[2m[36m(ParallelModGrad pid=2676878)[0m INFO:root:	task: avg	loss: 0.69421877	acc: 0.500
[2m[36m(ParallelModGrad pid=2681449)[0m INFO:root:epochs: 0, training task: 0
[2m[36m(ParallelModGrad pid=2681449)[0m INFO:root:	task: 0	loss: 0.69360561	acc: 0.500
[2m[36m(ParallelModGrad pid=2681449)[0m INFO:root:	task: avg	loss: 0.69360561	acc: 0.500
[2m[36m(ParallelModGrad pid=2674326)[0m INFO:root:epochs: 0, training task: 0
[2m[36m(ParallelModGrad pid=2674326)[0m INFO:root:	task: 0	loss: 0.69568833	acc: 0.500
[2m[36m(ParallelModGrad pid=2674326)[0m INFO:root:	task: avg	loss: 0.69568833	acc: 0.500
[2m[36m(ParallelModGrad pid=2674989)[0m INFO:root:epochs: 0, training task: 0
[2m[36m(ParallelModGrad pid=2674989)[0m INFO:root:	task: 0	loss: 0.69327280	acc: 0.500
[2m[36m(ParallelModGrad pid=2674989)[0m INFO:root:	task: avg	loss: 0.69327280	acc: 0.500
[2m[36m(ParallelModGrad pid=2678364)[0m INFO:root:epochs: 0, training task: 0
[2m[36m(ParallelModGrad pid=2678364)[0m INFO:root:	task: 0	loss: 0.69340018	acc: 0.500
[2m[36m(ParallelModGrad pid=2678364)[0m INFO:root:	task: avg	loss: 0.69340018	acc: 0.500
[2m[36m(ParallelModGrad pid=2671848)[0m INFO:root:epochs: 0, training task: 0
[2m[36m(ParallelModGrad pid=2671848)[0m INFO:root:	task: 0	loss: 0.69348994	acc: 0.500
[2m[36m(ParallelModGrad pid=2671848)[0m INFO:root:	task: avg	loss: 0.69348994	acc: 0.500
[2m[36m(ParallelModGrad pid=2676655)[0m INFO:root:epochs: 0, training task: 0
[2m[36m(ParallelModGrad pid=2676655)[0m INFO:root:	task: 0	loss: 0.69321593	acc: 0.500
[2m[36m(ParallelModGrad pid=2676655)[0m INFO:root:	task: avg	loss: 0.69321593	acc: 0.500
slurmstepd: error: *** STEP 130067.0 ON ee-a6000-1.grasp.maas CANCELLED AT 2023-10-17T21:21:36 ***
[2m[36m(ParallelModGrad pid=2676878)[0m INFO:root:epochs: 1, training task: 0
[2m[36m(ParallelModGrad pid=2676878)[0m INFO:root:	task: 0	loss: 0.69371540	acc: 0.500
[2m[36m(ParallelModGrad pid=2676878)[0m INFO:root:	task: avg	loss: 0.69371540	acc: 0.500
slurmstepd: error: *** JOB 130067 ON ee-a6000-1.grasp.maas CANCELLED AT 2023-10-17T21:21:36 ***
[2m[36m(ParallelModGrad pid=2681449)[0m INFO:root:epochs: 1, training task: 0
[2m[36m(ParallelModGrad pid=2681449)[0m INFO:root:	task: 0	loss: 0.69381666	acc: 0.500
[2m[36m(ParallelModGrad pid=2681449)[0m INFO:root:	task: avg	loss: 0.69381666	acc: 0.500
