/mnt/kostas-graid/sw/envs/vlongle/miniconda3/envs/shell/lib/python3.10/site-packages/hydra/_internal/defaults_list.py:251: UserWarning: In 'config': Defaults list is missing `_self_`. See https://hydra.cc/docs/1.2/upgrades/1.0_to_1.1/default_composition_order for more information
  warnings.warn(msg, UserWarning)
2023-10-17 21:22:38,555	INFO worker.py:1544 -- Started a local Ray instance. View the dashboard at [1m[32m127.0.0.1:8267 [39m[22m
[2m[36m(ParallelModGrad pid=2873255)[0m INFO:root:Agent: node_id: 69420, seed: 69420000
[2m[36m(ParallelModGrad pid=2873255)[0m INFO:root:epochs: 0, training task: 0
[2m[36m(ParallelModGrad pid=2873255)[0m INFO:root:	task: 0	loss: 0.69315080	acc: 0.500
[2m[36m(ParallelModGrad pid=2873255)[0m INFO:root:	task: avg	loss: 0.69315080	acc: 0.500
[2m[36m(ParallelModGrad pid=2873255)[0m INFO:root:epochs: 0, training task: 0
[2m[36m(ParallelModGrad pid=2873255)[0m INFO:root:	task: 0	loss: 0.69315080	acc: 0.500
[2m[36m(ParallelModGrad pid=2873255)[0m INFO:root:	task: avg	loss: 0.69315080	acc: 0.500
[2m[36m(ParallelModGrad pid=2873255)[0m INFO:root:final components: 4
[2m[36m(ParallelModGrad pid=2873255)[0m INFO:root:epochs: 0, training task: 1
[2m[36m(ParallelModGrad pid=2873255)[0m INFO:root:	task: 0	loss: 0.69315080	acc: 0.500
[2m[36m(ParallelModGrad pid=2873255)[0m INFO:root:	task: 1	loss: 0.69558405	acc: 0.500
[2m[36m(ParallelModGrad pid=2873255)[0m INFO:root:	task: avg	loss: 0.69436742	acc: 0.500
[2m[36m(ParallelModGrad pid=2873255)[0m INFO:root:epochs: 0, training task: 1
[2m[36m(ParallelModGrad pid=2873255)[0m INFO:root:	task: 0	loss: 0.69315080	acc: 0.500
[2m[36m(ParallelModGrad pid=2873255)[0m INFO:root:	task: 1	loss: 0.69558405	acc: 0.500
[2m[36m(ParallelModGrad pid=2873255)[0m INFO:root:	task: avg	loss: 0.69436742	acc: 0.500
[2m[36m(ParallelModGrad pid=2873255)[0m INFO:root:final components: 4
[2m[36m(ParallelModGrad pid=2873255)[0m INFO:root:epochs: 0, training task: 2
[2m[36m(ParallelModGrad pid=2873255)[0m INFO:root:	task: 0	loss: 0.69315080	acc: 0.500
[2m[36m(ParallelModGrad pid=2873255)[0m INFO:root:	task: 1	loss: 0.69558405	acc: 0.500
[2m[36m(ParallelModGrad pid=2873255)[0m INFO:root:	task: 2	loss: 0.69435184	acc: 0.500
[2m[36m(ParallelModGrad pid=2873255)[0m INFO:root:	task: avg	loss: 0.69436223	acc: 0.500
[2m[36m(ParallelModGrad pid=2873255)[0m INFO:root:epochs: 0, training task: 2
[2m[36m(ParallelModGrad pid=2873255)[0m INFO:root:	task: 0	loss: 0.69315080	acc: 0.500
[2m[36m(ParallelModGrad pid=2873255)[0m INFO:root:	task: 1	loss: 0.69558405	acc: 0.500
[2m[36m(ParallelModGrad pid=2873255)[0m INFO:root:	task: 2	loss: 0.69435184	acc: 0.500
[2m[36m(ParallelModGrad pid=2873255)[0m INFO:root:	task: avg	loss: 0.69436223	acc: 0.500
[2m[36m(ParallelModGrad pid=2873255)[0m INFO:root:final components: 4
[2m[36m(ParallelModGrad pid=2873255)[0m INFO:root:epochs: 0, training task: 3
[2m[36m(ParallelModGrad pid=2873255)[0m INFO:root:	task: 0	loss: 0.69315080	acc: 0.500
[2m[36m(ParallelModGrad pid=2873255)[0m INFO:root:	task: 1	loss: 0.69558405	acc: 0.500
[2m[36m(ParallelModGrad pid=2873255)[0m INFO:root:	task: 2	loss: 0.69435184	acc: 0.500
[2m[36m(ParallelModGrad pid=2873255)[0m INFO:root:	task: 3	loss: 0.69374685	acc: 0.500
[2m[36m(ParallelModGrad pid=2873255)[0m INFO:root:	task: avg	loss: 0.69420839	acc: 0.500
[2m[36m(ParallelModGrad pid=2873255)[0m INFO:root:epochs: 1, training task: 3
[2m[36m(ParallelModGrad pid=2873255)[0m INFO:root:	task: 0	loss: 0.69320358	acc: 0.500
[2m[36m(ParallelModGrad pid=2873255)[0m INFO:root:	task: 1	loss: 0.69479580	acc: 0.500
[2m[36m(ParallelModGrad pid=2873255)[0m INFO:root:	task: 2	loss: 0.69525174	acc: 0.500
[2m[36m(ParallelModGrad pid=2873255)[0m INFO:root:	task: 3	loss: 0.69371561	acc: 0.500
[2m[36m(ParallelModGrad pid=2873255)[0m INFO:root:	task: avg	loss: 0.69424168	acc: 0.500
[2m[36m(ParallelModGrad pid=2873255)[0m INFO:root:epochs: 2, training task: 3
[2m[36m(ParallelModGrad pid=2873255)[0m INFO:root:	task: 0	loss: 0.69318563	acc: 0.500
[2m[36m(ParallelModGrad pid=2873255)[0m INFO:root:	task: 1	loss: 0.69404097	acc: 0.500
[2m[36m(ParallelModGrad pid=2873255)[0m INFO:root:	task: 2	loss: 0.69686150	acc: 0.500
[2m[36m(ParallelModGrad pid=2873255)[0m INFO:root:	task: 3	loss: 0.69397522	acc: 0.500
[2m[36m(ParallelModGrad pid=2873255)[0m INFO:root:	task: avg	loss: 0.69451583	acc: 0.500
[2m[36m(ParallelModGrad pid=2873255)[0m INFO:root:epochs: 3, training task: 3
[2m[36m(ParallelModGrad pid=2873255)[0m INFO:root:	task: 0	loss: 0.69308191	acc: 0.495
[2m[36m(ParallelModGrad pid=2873255)[0m INFO:root:	task: 1	loss: 0.69272231	acc: 0.500
[2m[36m(ParallelModGrad pid=2873255)[0m INFO:root:	task: 2	loss: 0.69940027	acc: 0.500
[2m[36m(ParallelModGrad pid=2873255)[0m INFO:root:	task: 3	loss: 0.69459908	acc: 0.500
[2m[36m(ParallelModGrad pid=2873255)[0m INFO:root:	task: avg	loss: 0.69495089	acc: 0.499
[2m[36m(ParallelModGrad pid=2873255)[0m INFO:root:epochs: 4, training task: 3
[2m[36m(ParallelModGrad pid=2873255)[0m INFO:root:	task: 0	loss: 0.69235618	acc: 0.569
[2m[36m(ParallelModGrad pid=2873255)[0m INFO:root:	task: 1	loss: 0.69006311	acc: 0.500
[2m[36m(ParallelModGrad pid=2873255)[0m INFO:root:	task: 2	loss: 0.70202303	acc: 0.500
[2m[36m(ParallelModGrad pid=2873255)[0m INFO:root:	task: 3	loss: 0.69584541	acc: 0.442
[2m[36m(ParallelModGrad pid=2873255)[0m INFO:root:	task: avg	loss: 0.69507193	acc: 0.503
[2m[36m(ParallelModGrad pid=2873255)[0m INFO:root:epochs: 5, training task: 3
[2m[36m(ParallelModGrad pid=2873255)[0m INFO:root:	task: 0	loss: 0.69061873	acc: 0.600
[2m[36m(ParallelModGrad pid=2873255)[0m INFO:root:	task: 1	loss: 0.68601008	acc: 0.500
[2m[36m(ParallelModGrad pid=2873255)[0m INFO:root:	task: 2	loss: 0.70185069	acc: 0.500
[2m[36m(ParallelModGrad pid=2873255)[0m INFO:root:	task: 3	loss: 0.69779229	acc: 0.274
[2m[36m(ParallelModGrad pid=2873255)[0m INFO:root:	task: avg	loss: 0.69406795	acc: 0.469
[2m[36m(ParallelModGrad pid=2873255)[0m INFO:root:epochs: 6, training task: 3
[2m[36m(ParallelModGrad pid=2873255)[0m INFO:root:	task: 0	loss: 0.68957824	acc: 0.536
[2m[36m(ParallelModGrad pid=2873255)[0m INFO:root:	task: 1	loss: 0.68182922	acc: 0.500
[2m[36m(ParallelModGrad pid=2873255)[0m INFO:root:	task: 2	loss: 0.70022527	acc: 0.500
[2m[36m(ParallelModGrad pid=2873255)[0m INFO:root:	task: 3	loss: 0.69886606	acc: 0.270
[2m[36m(ParallelModGrad pid=2873255)[0m INFO:root:	task: avg	loss: 0.69262470	acc: 0.452
[2m[36m(ParallelModGrad pid=2873255)[0m INFO:root:epochs: 7, training task: 3
[2m[36m(ParallelModGrad pid=2873255)[0m INFO:root:	task: 0	loss: 0.68885721	acc: 0.514
[2m[36m(ParallelModGrad pid=2873255)[0m INFO:root:	task: 1	loss: 0.67854994	acc: 0.500
[2m[36m(ParallelModGrad pid=2873255)[0m INFO:root:	task: 2	loss: 0.69835128	acc: 0.500
[2m[36m(ParallelModGrad pid=2873255)[0m INFO:root:	task: 3	loss: 0.69723972	acc: 0.308
[2m[36m(ParallelModGrad pid=2873255)[0m INFO:root:	task: avg	loss: 0.69074954	acc: 0.456
[2m[36m(ParallelModGrad pid=2873255)[0m INFO:root:epochs: 8, training task: 3
[2m[36m(ParallelModGrad pid=2873255)[0m INFO:root:	task: 0	loss: 0.68730533	acc: 0.542
[2m[36m(ParallelModGrad pid=2873255)[0m INFO:root:	task: 1	loss: 0.67486859	acc: 0.500
[2m[36m(ParallelModGrad pid=2873255)[0m INFO:root:	task: 2	loss: 0.69631263	acc: 0.500
[2m[36m(ParallelModGrad pid=2873255)[0m INFO:root:	task: 3	loss: 0.69654911	acc: 0.429
[2m[36m(ParallelModGrad pid=2873255)[0m INFO:root:	task: avg	loss: 0.68875891	acc: 0.493
[2m[36m(ParallelModGrad pid=2873255)[0m INFO:root:epochs: 9, training task: 3
[2m[36m(ParallelModGrad pid=2873255)[0m INFO:root:	task: 0	loss: 0.68548785	acc: 0.561
[2m[36m(ParallelModGrad pid=2873255)[0m INFO:root:	task: 1	loss: 0.67264399	acc: 0.500
[2m[36m(ParallelModGrad pid=2873255)[0m INFO:root:	task: 2	loss: 0.69405991	acc: 0.500
[2m[36m(ParallelModGrad pid=2873255)[0m INFO:root:	task: 3	loss: 0.69475648	acc: 0.498
[2m[36m(ParallelModGrad pid=2873255)[0m INFO:root:	task: avg	loss: 0.68673706	acc: 0.515
[2m[36m(ParallelModGrad pid=2873255)[0m INFO:root:epochs: 10, training task: 3
[2m[36m(ParallelModGrad pid=2873255)[0m INFO:root:	task: 0	loss: 0.68356915	acc: 0.610
[2m[36m(ParallelModGrad pid=2873255)[0m INFO:root:	task: 1	loss: 0.67157110	acc: 0.503
[2m[36m(ParallelModGrad pid=2873255)[0m INFO:root:	task: 2	loss: 0.69164135	acc: 0.500
[2m[36m(ParallelModGrad pid=2873255)[0m INFO:root:	task: 3	loss: 0.69275931	acc: 0.500
[2m[36m(ParallelModGrad pid=2873255)[0m INFO:root:	task: avg	loss: 0.68488523	acc: 0.528
[2m[36m(ParallelModGrad pid=2873255)[0m INFO:root:epochs: 11, training task: 3
[2m[36m(ParallelModGrad pid=2873255)[0m INFO:root:	task: 0	loss: 0.68140414	acc: 0.659
[2m[36m(ParallelModGrad pid=2873255)[0m INFO:root:	task: 1	loss: 0.67001542	acc: 0.515
[2m[36m(ParallelModGrad pid=2873255)[0m INFO:root:	task: 2	loss: 0.68916228	acc: 0.500
[2m[36m(ParallelModGrad pid=2873255)[0m INFO:root:	task: 3	loss: 0.69114933	acc: 0.500
[2m[36m(ParallelModGrad pid=2873255)[0m INFO:root:	task: avg	loss: 0.68293279	acc: 0.543
[2m[36m(ParallelModGrad pid=2873255)[0m INFO:root:epochs: 12, training task: 3
[2m[36m(ParallelModGrad pid=2873255)[0m INFO:root:	task: 0	loss: 0.67973837	acc: 0.680
[2m[36m(ParallelModGrad pid=2873255)[0m INFO:root:	task: 1	loss: 0.66654822	acc: 0.572
[2m[36m(ParallelModGrad pid=2873255)[0m INFO:root:	task: 2	loss: 0.68666692	acc: 0.500
[2m[36m(ParallelModGrad pid=2873255)[0m INFO:root:	task: 3	loss: 0.68890811	acc: 0.500
[2m[36m(ParallelModGrad pid=2873255)[0m INFO:root:	task: avg	loss: 0.68046540	acc: 0.563
[2m[36m(ParallelModGrad pid=2873255)[0m INFO:root:epochs: 13, training task: 3
[2m[36m(ParallelModGrad pid=2873255)[0m INFO:root:	task: 0	loss: 0.67689126	acc: 0.734
[2m[36m(ParallelModGrad pid=2873255)[0m INFO:root:	task: 1	loss: 0.66274329	acc: 0.585
[2m[36m(ParallelModGrad pid=2873255)[0m INFO:root:	task: 2	loss: 0.68356060	acc: 0.500
[2m[36m(ParallelModGrad pid=2873255)[0m INFO:root:	task: 3	loss: 0.68646119	acc: 0.500
[2m[36m(ParallelModGrad pid=2873255)[0m INFO:root:	task: avg	loss: 0.67741408	acc: 0.580
[2m[36m(ParallelModGrad pid=2873255)[0m INFO:root:epochs: 14, training task: 3
[2m[36m(ParallelModGrad pid=2873255)[0m INFO:root:	task: 0	loss: 0.67445376	acc: 0.760
[2m[36m(ParallelModGrad pid=2873255)[0m INFO:root:	task: 1	loss: 0.66030232	acc: 0.657
[2m[36m(ParallelModGrad pid=2873255)[0m INFO:root:	task: 2	loss: 0.68084541	acc: 0.500
[2m[36m(ParallelModGrad pid=2873255)[0m INFO:root:	task: 3	loss: 0.68474614	acc: 0.501
[2m[36m(ParallelModGrad pid=2873255)[0m INFO:root:	task: avg	loss: 0.67508691	acc: 0.605
