/mnt/kostas-graid/sw/envs/vlongle/miniconda3/envs/shell/lib/python3.10/site-packages/hydra/_internal/defaults_list.py:251: UserWarning: In 'config': Defaults list is missing `_self_`. See https://hydra.cc/docs/1.2/upgrades/1.0_to_1.1/default_composition_order for more information
  warnings.warn(msg, UserWarning)
2023-10-17 21:22:34,974	INFO worker.py:1544 -- Started a local Ray instance. View the dashboard at [1m[32m127.0.0.1:8266 [39m[22m
[2m[36m(ParallelModGrad pid=2833153)[0m INFO:root:Agent: node_id: 69420, seed: 69420001
[2m[36m(ParallelModGrad pid=2833153)[0m INFO:root:epochs: 0, training task: 0
[2m[36m(ParallelModGrad pid=2833153)[0m INFO:root:	task: 0	loss: 0.69314492	acc: 0.482
[2m[36m(ParallelModGrad pid=2833153)[0m INFO:root:	task: avg	loss: 0.69314492	acc: 0.482
[2m[36m(ParallelModGrad pid=2833153)[0m INFO:root:epochs: 0, training task: 0
[2m[36m(ParallelModGrad pid=2833153)[0m INFO:root:	task: 0	loss: 0.69314492	acc: 0.482
[2m[36m(ParallelModGrad pid=2833153)[0m INFO:root:	task: avg	loss: 0.69314492	acc: 0.482
[2m[36m(ParallelModGrad pid=2833153)[0m INFO:root:final components: 4
[2m[36m(ParallelModGrad pid=2833153)[0m INFO:root:epochs: 0, training task: 1
[2m[36m(ParallelModGrad pid=2833153)[0m INFO:root:	task: 0	loss: 0.69314492	acc: 0.482
[2m[36m(ParallelModGrad pid=2833153)[0m INFO:root:	task: 1	loss: 0.69481277	acc: 0.478
[2m[36m(ParallelModGrad pid=2833153)[0m INFO:root:	task: avg	loss: 0.69397884	acc: 0.480
[2m[36m(ParallelModGrad pid=2833153)[0m INFO:root:epochs: 0, training task: 1
[2m[36m(ParallelModGrad pid=2833153)[0m INFO:root:	task: 0	loss: 0.69314492	acc: 0.482
[2m[36m(ParallelModGrad pid=2833153)[0m INFO:root:	task: 1	loss: 0.69481277	acc: 0.478
[2m[36m(ParallelModGrad pid=2833153)[0m INFO:root:	task: avg	loss: 0.69397884	acc: 0.480
[2m[36m(ParallelModGrad pid=2833153)[0m INFO:root:final components: 4
[2m[36m(ParallelModGrad pid=2833153)[0m INFO:root:epochs: 0, training task: 2
[2m[36m(ParallelModGrad pid=2833153)[0m INFO:root:	task: 0	loss: 0.69314492	acc: 0.482
[2m[36m(ParallelModGrad pid=2833153)[0m INFO:root:	task: 1	loss: 0.69481277	acc: 0.478
[2m[36m(ParallelModGrad pid=2833153)[0m INFO:root:	task: 2	loss: 0.69301272	acc: 0.487
[2m[36m(ParallelModGrad pid=2833153)[0m INFO:root:	task: avg	loss: 0.69365680	acc: 0.482
[2m[36m(ParallelModGrad pid=2833153)[0m INFO:root:epochs: 0, training task: 2
[2m[36m(ParallelModGrad pid=2833153)[0m INFO:root:	task: 0	loss: 0.69314492	acc: 0.482
[2m[36m(ParallelModGrad pid=2833153)[0m INFO:root:	task: 1	loss: 0.69481277	acc: 0.478
[2m[36m(ParallelModGrad pid=2833153)[0m INFO:root:	task: 2	loss: 0.69301272	acc: 0.487
[2m[36m(ParallelModGrad pid=2833153)[0m INFO:root:	task: avg	loss: 0.69365680	acc: 0.482
[2m[36m(ParallelModGrad pid=2833153)[0m INFO:root:final components: 4
[2m[36m(ParallelModGrad pid=2833153)[0m INFO:root:epochs: 0, training task: 3
[2m[36m(ParallelModGrad pid=2833153)[0m INFO:root:	task: 0	loss: 0.69314492	acc: 0.482
[2m[36m(ParallelModGrad pid=2833153)[0m INFO:root:	task: 1	loss: 0.69481277	acc: 0.478
[2m[36m(ParallelModGrad pid=2833153)[0m INFO:root:	task: 2	loss: 0.69301272	acc: 0.487
[2m[36m(ParallelModGrad pid=2833153)[0m INFO:root:	task: 3	loss: 0.69623498	acc: 0.440
[2m[36m(ParallelModGrad pid=2833153)[0m INFO:root:	task: avg	loss: 0.69430135	acc: 0.472
[2m[36m(ParallelModGrad pid=2833153)[0m INFO:root:epochs: 1, training task: 3
[2m[36m(ParallelModGrad pid=2833153)[0m INFO:root:	task: 0	loss: 0.69254600	acc: 0.482
[2m[36m(ParallelModGrad pid=2833153)[0m INFO:root:	task: 1	loss: 0.69515466	acc: 0.478
[2m[36m(ParallelModGrad pid=2833153)[0m INFO:root:	task: 2	loss: 0.69260053	acc: 0.562
[2m[36m(ParallelModGrad pid=2833153)[0m INFO:root:	task: 3	loss: 0.69497017	acc: 0.440
[2m[36m(ParallelModGrad pid=2833153)[0m INFO:root:	task: avg	loss: 0.69381784	acc: 0.491
[2m[36m(ParallelModGrad pid=2833153)[0m INFO:root:epochs: 2, training task: 3
[2m[36m(ParallelModGrad pid=2833153)[0m INFO:root:	task: 0	loss: 0.69011153	acc: 0.725
[2m[36m(ParallelModGrad pid=2833153)[0m INFO:root:	task: 1	loss: 0.69524390	acc: 0.478
[2m[36m(ParallelModGrad pid=2833153)[0m INFO:root:	task: 2	loss: 0.69180664	acc: 0.734
[2m[36m(ParallelModGrad pid=2833153)[0m INFO:root:	task: 3	loss: 0.69421272	acc: 0.440
[2m[36m(ParallelModGrad pid=2833153)[0m INFO:root:	task: avg	loss: 0.69284370	acc: 0.594
[2m[36m(ParallelModGrad pid=2833153)[0m INFO:root:epochs: 3, training task: 3
[2m[36m(ParallelModGrad pid=2833153)[0m INFO:root:	task: 0	loss: 0.68479807	acc: 0.909
[2m[36m(ParallelModGrad pid=2833153)[0m INFO:root:	task: 1	loss: 0.69570399	acc: 0.478
[2m[36m(ParallelModGrad pid=2833153)[0m INFO:root:	task: 2	loss: 0.68996551	acc: 0.790
[2m[36m(ParallelModGrad pid=2833153)[0m INFO:root:	task: 3	loss: 0.69349267	acc: 0.440
[2m[36m(ParallelModGrad pid=2833153)[0m INFO:root:	task: avg	loss: 0.69099006	acc: 0.654
[2m[36m(ParallelModGrad pid=2833153)[0m INFO:root:epochs: 4, training task: 3
[2m[36m(ParallelModGrad pid=2833153)[0m INFO:root:	task: 0	loss: 0.67642016	acc: 0.936
[2m[36m(ParallelModGrad pid=2833153)[0m INFO:root:	task: 1	loss: 0.69558934	acc: 0.478
[2m[36m(ParallelModGrad pid=2833153)[0m INFO:root:	task: 2	loss: 0.68553051	acc: 0.907
[2m[36m(ParallelModGrad pid=2833153)[0m INFO:root:	task: 3	loss: 0.69234154	acc: 0.440
[2m[36m(ParallelModGrad pid=2833153)[0m INFO:root:	task: avg	loss: 0.68747039	acc: 0.690
[2m[36m(ParallelModGrad pid=2833153)[0m INFO:root:epochs: 5, training task: 3
[2m[36m(ParallelModGrad pid=2833153)[0m INFO:root:	task: 0	loss: 0.67152517	acc: 0.944
[2m[36m(ParallelModGrad pid=2833153)[0m INFO:root:	task: 1	loss: 0.69472391	acc: 0.478
[2m[36m(ParallelModGrad pid=2833153)[0m INFO:root:	task: 2	loss: 0.68017327	acc: 0.928
[2m[36m(ParallelModGrad pid=2833153)[0m INFO:root:	task: 3	loss: 0.69035302	acc: 0.440
[2m[36m(ParallelModGrad pid=2833153)[0m INFO:root:	task: avg	loss: 0.68419384	acc: 0.697
[2m[36m(ParallelModGrad pid=2833153)[0m INFO:root:epochs: 6, training task: 3
[2m[36m(ParallelModGrad pid=2833153)[0m INFO:root:	task: 0	loss: 0.67168917	acc: 0.939
[2m[36m(ParallelModGrad pid=2833153)[0m INFO:root:	task: 1	loss: 0.69348957	acc: 0.478
[2m[36m(ParallelModGrad pid=2833153)[0m INFO:root:	task: 2	loss: 0.67789844	acc: 0.934
[2m[36m(ParallelModGrad pid=2833153)[0m INFO:root:	task: 3	loss: 0.68872720	acc: 0.613
[2m[36m(ParallelModGrad pid=2833153)[0m INFO:root:	task: avg	loss: 0.68295110	acc: 0.741
[2m[36m(ParallelModGrad pid=2833153)[0m INFO:root:epochs: 7, training task: 3
[2m[36m(ParallelModGrad pid=2833153)[0m INFO:root:	task: 0	loss: 0.66664471	acc: 0.948
[2m[36m(ParallelModGrad pid=2833153)[0m INFO:root:	task: 1	loss: 0.69061974	acc: 0.478
[2m[36m(ParallelModGrad pid=2833153)[0m INFO:root:	task: 2	loss: 0.67565487	acc: 0.942
[2m[36m(ParallelModGrad pid=2833153)[0m INFO:root:	task: 3	loss: 0.68657267	acc: 0.885
[2m[36m(ParallelModGrad pid=2833153)[0m INFO:root:	task: avg	loss: 0.67987300	acc: 0.813
[2m[36m(ParallelModGrad pid=2833153)[0m INFO:root:epochs: 8, training task: 3
[2m[36m(ParallelModGrad pid=2833153)[0m INFO:root:	task: 0	loss: 0.66562733	acc: 0.926
[2m[36m(ParallelModGrad pid=2833153)[0m INFO:root:	task: 1	loss: 0.68793885	acc: 0.478
[2m[36m(ParallelModGrad pid=2833153)[0m INFO:root:	task: 2	loss: 0.67225472	acc: 0.924
[2m[36m(ParallelModGrad pid=2833153)[0m INFO:root:	task: 3	loss: 0.68369974	acc: 0.922
[2m[36m(ParallelModGrad pid=2833153)[0m INFO:root:	task: avg	loss: 0.67738016	acc: 0.813
[2m[36m(ParallelModGrad pid=2833153)[0m INFO:root:epochs: 9, training task: 3
[2m[36m(ParallelModGrad pid=2833153)[0m INFO:root:	task: 0	loss: 0.66020296	acc: 0.934
[2m[36m(ParallelModGrad pid=2833153)[0m INFO:root:	task: 1	loss: 0.68660558	acc: 0.478
[2m[36m(ParallelModGrad pid=2833153)[0m INFO:root:	task: 2	loss: 0.66895136	acc: 0.941
[2m[36m(ParallelModGrad pid=2833153)[0m INFO:root:	task: 3	loss: 0.68107474	acc: 0.931
[2m[36m(ParallelModGrad pid=2833153)[0m INFO:root:	task: avg	loss: 0.67420866	acc: 0.821
[2m[36m(ParallelModGrad pid=2833153)[0m INFO:root:epochs: 10, training task: 3
[2m[36m(ParallelModGrad pid=2833153)[0m INFO:root:	task: 0	loss: 0.65318822	acc: 0.950
[2m[36m(ParallelModGrad pid=2833153)[0m INFO:root:	task: 1	loss: 0.68393560	acc: 0.478
[2m[36m(ParallelModGrad pid=2833153)[0m INFO:root:	task: 2	loss: 0.66429603	acc: 0.914
[2m[36m(ParallelModGrad pid=2833153)[0m INFO:root:	task: 3	loss: 0.67735362	acc: 0.923
[2m[36m(ParallelModGrad pid=2833153)[0m INFO:root:	task: avg	loss: 0.66969337	acc: 0.816
[2m[36m(ParallelModGrad pid=2833153)[0m INFO:root:epochs: 11, training task: 3
[2m[36m(ParallelModGrad pid=2833153)[0m INFO:root:	task: 0	loss: 0.65414152	acc: 0.926
[2m[36m(ParallelModGrad pid=2833153)[0m INFO:root:	task: 1	loss: 0.68184486	acc: 0.478
[2m[36m(ParallelModGrad pid=2833153)[0m INFO:root:	task: 2	loss: 0.66218003	acc: 0.938
[2m[36m(ParallelModGrad pid=2833153)[0m INFO:root:	task: 3	loss: 0.67466067	acc: 0.948
[2m[36m(ParallelModGrad pid=2833153)[0m INFO:root:	task: avg	loss: 0.66820677	acc: 0.823
[2m[36m(ParallelModGrad pid=2833153)[0m INFO:root:epochs: 12, training task: 3
[2m[36m(ParallelModGrad pid=2833153)[0m INFO:root:	task: 0	loss: 0.64907145	acc: 0.939
[2m[36m(ParallelModGrad pid=2833153)[0m INFO:root:	task: 1	loss: 0.67918833	acc: 0.478
[2m[36m(ParallelModGrad pid=2833153)[0m INFO:root:	task: 2	loss: 0.65861308	acc: 0.923
[2m[36m(ParallelModGrad pid=2833153)[0m INFO:root:	task: 3	loss: 0.67109512	acc: 0.953
[2m[36m(ParallelModGrad pid=2833153)[0m INFO:root:	task: avg	loss: 0.66449200	acc: 0.823
[2m[36m(ParallelModGrad pid=2833153)[0m INFO:root:epochs: 13, training task: 3
[2m[36m(ParallelModGrad pid=2833153)[0m INFO:root:	task: 0	loss: 0.64055460	acc: 0.948
[2m[36m(ParallelModGrad pid=2833153)[0m INFO:root:	task: 1	loss: 0.67550496	acc: 0.478
[2m[36m(ParallelModGrad pid=2833153)[0m INFO:root:	task: 2	loss: 0.65397649	acc: 0.898
[2m[36m(ParallelModGrad pid=2833153)[0m INFO:root:	task: 3	loss: 0.66700231	acc: 0.950
[2m[36m(ParallelModGrad pid=2833153)[0m INFO:root:	task: avg	loss: 0.65925959	acc: 0.818
[2m[36m(ParallelModGrad pid=2833153)[0m INFO:root:epochs: 14, training task: 3
[2m[36m(ParallelModGrad pid=2833153)[0m INFO:root:	task: 0	loss: 0.64119476	acc: 0.926
[2m[36m(ParallelModGrad pid=2833153)[0m INFO:root:	task: 1	loss: 0.67334195	acc: 0.478
[2m[36m(ParallelModGrad pid=2833153)[0m INFO:root:	task: 2	loss: 0.64866573	acc: 0.928
[2m[36m(ParallelModGrad pid=2833153)[0m INFO:root:	task: 3	loss: 0.66433856	acc: 0.960
[2m[36m(ParallelModGrad pid=2833153)[0m INFO:root:	task: avg	loss: 0.65688525	acc: 0.823
[2m[36m(ParallelModGrad pid=2833153)[0m INFO:root:epochs: 15, training task: 3
[2m[36m(ParallelModGrad pid=2833153)[0m INFO:root:	task: 0	loss: 0.63728949	acc: 0.924
[2m[36m(ParallelModGrad pid=2833153)[0m INFO:root:	task: 1	loss: 0.67082812	acc: 0.478
[2m[36m(ParallelModGrad pid=2833153)[0m INFO:root:	task: 2	loss: 0.64511781	acc: 0.912
[2m[36m(ParallelModGrad pid=2833153)[0m INFO:root:	task: 3	loss: 0.66014969	acc: 0.959
[2m[36m(ParallelModGrad pid=2833153)[0m INFO:root:	task: avg	loss: 0.65334628	acc: 0.818
[2m[36m(ParallelModGrad pid=2833153)[0m INFO:root:epochs: 16, training task: 3
[2m[36m(ParallelModGrad pid=2833153)[0m INFO:root:	task: 0	loss: 0.63060306	acc: 0.949
[2m[36m(ParallelModGrad pid=2833153)[0m INFO:root:	task: 1	loss: 0.66754784	acc: 0.479
[2m[36m(ParallelModGrad pid=2833153)[0m INFO:root:	task: 2	loss: 0.64179641	acc: 0.900
[2m[36m(ParallelModGrad pid=2833153)[0m INFO:root:	task: 3	loss: 0.65690296	acc: 0.964
[2m[36m(ParallelModGrad pid=2833153)[0m INFO:root:	task: avg	loss: 0.64921257	acc: 0.823
