/mnt/kostas-graid/sw/envs/vlongle/miniconda3/envs/shell/lib/python3.10/site-packages/hydra/_internal/defaults_list.py:251: UserWarning: In 'config': Defaults list is missing `_self_`. See https://hydra.cc/docs/1.2/upgrades/1.0_to_1.1/default_composition_order for more information
  warnings.warn(msg, UserWarning)
2023-10-17 22:49:16,645	INFO worker.py:1544 -- Started a local Ray instance. View the dashboard at [1m[32m127.0.0.1:8265 [39m[22m
[2m[36m(ParallelModGrad pid=3183396)[0m INFO:root:Agent: node_id: 69420, seed: 69420000
[2m[36m(ParallelModGrad pid=3183396)[0m INFO:root:epochs: 0, training task: 0
[2m[36m(ParallelModGrad pid=3183396)[0m INFO:root:	task: 0	loss: 0.69267831	acc: 0.500
[2m[36m(ParallelModGrad pid=3183396)[0m INFO:root:	task: avg	loss: 0.69267831	acc: 0.500
[2m[36m(ParallelModGrad pid=3183396)[0m INFO:root:epochs: 0, training task: 0
[2m[36m(ParallelModGrad pid=3183396)[0m INFO:root:	task: 0	loss: 0.69267831	acc: 0.500
[2m[36m(ParallelModGrad pid=3183396)[0m INFO:root:	task: avg	loss: 0.69267831	acc: 0.500
[2m[36m(ParallelModGrad pid=3183396)[0m INFO:root:final components: 4
[2m[36m(ParallelModGrad pid=3183396)[0m INFO:root:epochs: 0, training task: 1
[2m[36m(ParallelModGrad pid=3183396)[0m INFO:root:	task: 0	loss: 0.69267831	acc: 0.500
[2m[36m(ParallelModGrad pid=3183396)[0m INFO:root:	task: 1	loss: 0.69604399	acc: 0.500
[2m[36m(ParallelModGrad pid=3183396)[0m INFO:root:	task: avg	loss: 0.69436115	acc: 0.500
[2m[36m(ParallelModGrad pid=3183396)[0m INFO:root:epochs: 0, training task: 1
[2m[36m(ParallelModGrad pid=3183396)[0m INFO:root:	task: 0	loss: 0.69267831	acc: 0.500
[2m[36m(ParallelModGrad pid=3183396)[0m INFO:root:	task: 1	loss: 0.69604399	acc: 0.500
[2m[36m(ParallelModGrad pid=3183396)[0m INFO:root:	task: avg	loss: 0.69436115	acc: 0.500
[2m[36m(ParallelModGrad pid=3183396)[0m INFO:root:final components: 4
[2m[36m(ParallelModGrad pid=3183396)[0m INFO:root:epochs: 0, training task: 2
[2m[36m(ParallelModGrad pid=3183396)[0m INFO:root:	task: 0	loss: 0.69267831	acc: 0.500
[2m[36m(ParallelModGrad pid=3183396)[0m INFO:root:	task: 1	loss: 0.69604399	acc: 0.500
[2m[36m(ParallelModGrad pid=3183396)[0m INFO:root:	task: 2	loss: 0.69419531	acc: 0.500
[2m[36m(ParallelModGrad pid=3183396)[0m INFO:root:	task: avg	loss: 0.69430587	acc: 0.500
[2m[36m(ParallelModGrad pid=3183396)[0m INFO:root:epochs: 0, training task: 2
[2m[36m(ParallelModGrad pid=3183396)[0m INFO:root:	task: 0	loss: 0.69267831	acc: 0.500
[2m[36m(ParallelModGrad pid=3183396)[0m INFO:root:	task: 1	loss: 0.69604399	acc: 0.500
[2m[36m(ParallelModGrad pid=3183396)[0m INFO:root:	task: 2	loss: 0.69419531	acc: 0.500
[2m[36m(ParallelModGrad pid=3183396)[0m INFO:root:	task: avg	loss: 0.69430587	acc: 0.500
[2m[36m(ParallelModGrad pid=3183396)[0m INFO:root:final components: 4
[2m[36m(ParallelModGrad pid=3183396)[0m INFO:root:epochs: 0, training task: 3
[2m[36m(ParallelModGrad pid=3183396)[0m INFO:root:	task: 0	loss: 0.69267831	acc: 0.500
[2m[36m(ParallelModGrad pid=3183396)[0m INFO:root:	task: 1	loss: 0.69604399	acc: 0.500
[2m[36m(ParallelModGrad pid=3183396)[0m INFO:root:	task: 2	loss: 0.69419531	acc: 0.500
[2m[36m(ParallelModGrad pid=3183396)[0m INFO:root:	task: 3	loss: 0.69356601	acc: 0.500
[2m[36m(ParallelModGrad pid=3183396)[0m INFO:root:	task: avg	loss: 0.69412090	acc: 0.500
[2m[36m(ParallelModGrad pid=3183396)[0m INFO:root:epochs: 1, training task: 3
[2m[36m(ParallelModGrad pid=3183396)[0m INFO:root:	task: 0	loss: 0.69192557	acc: 0.500
[2m[36m(ParallelModGrad pid=3183396)[0m INFO:root:	task: 1	loss: 0.69459928	acc: 0.500
[2m[36m(ParallelModGrad pid=3183396)[0m INFO:root:	task: 2	loss: 0.69579398	acc: 0.500
[2m[36m(ParallelModGrad pid=3183396)[0m INFO:root:	task: 3	loss: 0.69320661	acc: 0.500
[2m[36m(ParallelModGrad pid=3183396)[0m INFO:root:	task: avg	loss: 0.69388136	acc: 0.500
[2m[36m(ParallelModGrad pid=3183396)[0m INFO:root:epochs: 2, training task: 3
[2m[36m(ParallelModGrad pid=3183396)[0m INFO:root:	task: 0	loss: 0.69025902	acc: 0.500
[2m[36m(ParallelModGrad pid=3183396)[0m INFO:root:	task: 1	loss: 0.69336739	acc: 0.500
[2m[36m(ParallelModGrad pid=3183396)[0m INFO:root:	task: 2	loss: 0.69854011	acc: 0.500
[2m[36m(ParallelModGrad pid=3183396)[0m INFO:root:	task: 3	loss: 0.69268977	acc: 0.500
[2m[36m(ParallelModGrad pid=3183396)[0m INFO:root:	task: avg	loss: 0.69371407	acc: 0.500
[2m[36m(ParallelModGrad pid=3183396)[0m INFO:root:epochs: 3, training task: 3
[2m[36m(ParallelModGrad pid=3183396)[0m INFO:root:	task: 0	loss: 0.68686136	acc: 0.500
[2m[36m(ParallelModGrad pid=3183396)[0m INFO:root:	task: 1	loss: 0.69073813	acc: 0.500
[2m[36m(ParallelModGrad pid=3183396)[0m INFO:root:	task: 2	loss: 0.70124969	acc: 0.500
[2m[36m(ParallelModGrad pid=3183396)[0m INFO:root:	task: 3	loss: 0.69175475	acc: 0.500
[2m[36m(ParallelModGrad pid=3183396)[0m INFO:root:	task: avg	loss: 0.69265098	acc: 0.500
[2m[36m(ParallelModGrad pid=3183396)[0m INFO:root:epochs: 4, training task: 3
[2m[36m(ParallelModGrad pid=3183396)[0m INFO:root:	task: 0	loss: 0.68056799	acc: 0.500
[2m[36m(ParallelModGrad pid=3183396)[0m INFO:root:	task: 1	loss: 0.68575745	acc: 0.500
[2m[36m(ParallelModGrad pid=3183396)[0m INFO:root:	task: 2	loss: 0.70187543	acc: 0.500
[2m[36m(ParallelModGrad pid=3183396)[0m INFO:root:	task: 3	loss: 0.69045338	acc: 0.500
[2m[36m(ParallelModGrad pid=3183396)[0m INFO:root:	task: avg	loss: 0.68966356	acc: 0.500
[2m[36m(ParallelModGrad pid=3183396)[0m INFO:root:epochs: 5, training task: 3
[2m[36m(ParallelModGrad pid=3183396)[0m INFO:root:	task: 0	loss: 0.68056799	acc: 0.500
[2m[36m(ParallelModGrad pid=3183396)[0m INFO:root:	task: 1	loss: 0.68575745	acc: 0.500
[2m[36m(ParallelModGrad pid=3183396)[0m INFO:root:	task: 2	loss: 0.70187543	acc: 0.500
[2m[36m(ParallelModGrad pid=3183396)[0m INFO:root:	task: 3	loss: 0.69045338	acc: 0.500
[2m[36m(ParallelModGrad pid=3183396)[0m INFO:root:	task: avg	loss: 0.68966356	acc: 0.500
[2m[36m(ParallelModGrad pid=3183396)[0m INFO:root:final components: 4
[2m[36m(ParallelModGrad pid=3274886)[0m INFO:root:Agent: node_id: 0, seed: 0
[2m[36m(ParallelModGrad pid=3274888)[0m INFO:root:Agent: node_id: 1, seed: 1000
[2m[36m(ParallelModGrad pid=3274886)[0m INFO:root:epochs: 0, training task: 0
[2m[36m(ParallelModGrad pid=3274886)[0m INFO:root:	task: 0	loss: 0.69529375	acc: 0.500
[2m[36m(ParallelModGrad pid=3274886)[0m INFO:root:	task: avg	loss: 0.69529375	acc: 0.500
[2m[36m(ParallelModGrad pid=3274888)[0m INFO:root:epochs: 0, training task: 0
[2m[36m(ParallelModGrad pid=3274888)[0m INFO:root:	task: 0	loss: 0.69733833	acc: 0.500
[2m[36m(ParallelModGrad pid=3274888)[0m INFO:root:	task: avg	loss: 0.69733833	acc: 0.500
[2m[36m(ParallelModGrad pid=3274886)[0m INFO:root:epochs: 1, training task: 0
[2m[36m(ParallelModGrad pid=3274886)[0m INFO:root:	task: 0	loss: 0.69459962	acc: 0.500
[2m[36m(ParallelModGrad pid=3274886)[0m INFO:root:	task: avg	loss: 0.69459962	acc: 0.500
[2m[36m(ParallelModGrad pid=3274888)[0m INFO:root:epochs: 1, training task: 0
[2m[36m(ParallelModGrad pid=3274888)[0m INFO:root:	task: 0	loss: 0.69654131	acc: 0.500
[2m[36m(ParallelModGrad pid=3274888)[0m INFO:root:	task: avg	loss: 0.69654131	acc: 0.500
[2m[36m(ParallelModGrad pid=3274886)[0m INFO:root:AGGREGATING MODELS...no_components 5
[2m[36m(ParallelModGrad pid=3274888)[0m INFO:root:AGGREGATING MODELS...no_components 5
[2m[36m(ParallelModGrad pid=3274886)[0m INFO:root:epochs: 2, training task: 0
[2m[36m(ParallelModGrad pid=3274886)[0m INFO:root:	task: 0	loss: 0.69409758	acc: 0.500
[2m[36m(ParallelModGrad pid=3274886)[0m INFO:root:	task: avg	loss: 0.69409758	acc: 0.500
[2m[36m(ParallelModGrad pid=3274886)[0m INFO:root:AGGREGATING MODELS...no_components 5
[2m[36m(ParallelModGrad pid=3274888)[0m INFO:root:epochs: 2, training task: 0
[2m[36m(ParallelModGrad pid=3274888)[0m INFO:root:	task: 0	loss: 0.69573975	acc: 0.500
[2m[36m(ParallelModGrad pid=3274888)[0m INFO:root:	task: avg	loss: 0.69573975	acc: 0.500
[2m[36m(ParallelModGrad pid=3274888)[0m INFO:root:AGGREGATING MODELS...no_components 5
[2m[36m(ParallelModGrad pid=3274886)[0m INFO:root:epochs: 3, training task: 0
[2m[36m(ParallelModGrad pid=3274886)[0m INFO:root:	task: 0	loss: 0.69369537	acc: 0.500
[2m[36m(ParallelModGrad pid=3274886)[0m INFO:root:	task: avg	loss: 0.69369537	acc: 0.500
[2m[36m(ParallelModGrad pid=3274888)[0m INFO:root:epochs: 3, training task: 0
[2m[36m(ParallelModGrad pid=3274888)[0m INFO:root:	task: 0	loss: 0.69502641	acc: 0.500
[2m[36m(ParallelModGrad pid=3274888)[0m INFO:root:	task: avg	loss: 0.69502641	acc: 0.500
[2m[36m(ParallelModGrad pid=3274886)[0m INFO:root:AGGREGATING MODELS...no_components 5
[2m[36m(ParallelModGrad pid=3274888)[0m INFO:root:AGGREGATING MODELS...no_components 5
[2m[36m(ParallelModGrad pid=3274886)[0m INFO:root:epochs: 4, training task: 0
[2m[36m(ParallelModGrad pid=3274886)[0m INFO:root:	task: 0	loss: 0.69361752	acc: 0.500
[2m[36m(ParallelModGrad pid=3274886)[0m INFO:root:	task: avg	loss: 0.69361752	acc: 0.500
[2m[36m(ParallelModGrad pid=3274888)[0m INFO:root:epochs: 4, training task: 0
[2m[36m(ParallelModGrad pid=3274888)[0m INFO:root:	task: 0	loss: 0.69520114	acc: 0.500
[2m[36m(ParallelModGrad pid=3274888)[0m INFO:root:	task: avg	loss: 0.69520114	acc: 0.500
[2m[36m(ParallelModGrad pid=3274886)[0m INFO:root:candidate 4: W/update: 0.45, WO/update: 0.45, improv 0.0
[2m[36m(ParallelModGrad pid=3274886)[0m INFO:root:Not keeping any new modules. Total: 4
[2m[36m(ParallelModGrad pid=3274888)[0m INFO:root:candidate 4: W/update: 0.46, WO/update: 0.46, improv 0.0
[2m[36m(ParallelModGrad pid=3274888)[0m INFO:root:Not keeping any new modules. Total: 4
[2m[36m(ParallelModGrad pid=3274886)[0m INFO:root:epochs: 5, training task: 0
[2m[36m(ParallelModGrad pid=3274886)[0m INFO:root:	task: 0	loss: 0.69341332	acc: 0.500
[2m[36m(ParallelModGrad pid=3274888)[0m INFO:root:epochs: 5, training task: 0
[2m[36m(ParallelModGrad pid=3274888)[0m INFO:root:	task: 0	loss: 0.69502959	acc: 0.500
[2m[36m(ParallelModGrad pid=3274888)[0m INFO:root:	task: avg	loss: 0.69502959	acc: 0.500
[2m[36m(ParallelModGrad pid=3274886)[0m INFO:root:	task: avg	loss: 0.69341332	acc: 0.500
[2m[36m(ParallelModGrad pid=3274888)[0m INFO:root:final components: 4
[2m[36m(ParallelModGrad pid=3274886)[0m INFO:root:final components: 4
[2m[36m(ParallelModGrad pid=3274886)[0m INFO:root:AGGREGATING MODELS...no_components 4
[2m[36m(ParallelModGrad pid=3274888)[0m INFO:root:AGGREGATING MODELS...no_components 4
[2m[36m(ParallelModGrad pid=3274886)[0m INFO:root:epochs: 0, training task: 1
[2m[36m(ParallelModGrad pid=3274886)[0m INFO:root:	task: 0	loss: 0.69353343	acc: 0.500
[2m[36m(ParallelModGrad pid=3274886)[0m INFO:root:	task: 1	loss: 0.69344777	acc: 0.500
[2m[36m(ParallelModGrad pid=3274886)[0m INFO:root:	task: avg	loss: 0.69349060	acc: 0.500
[2m[36m(ParallelModGrad pid=3274888)[0m INFO:root:epochs: 0, training task: 1
[2m[36m(ParallelModGrad pid=3274888)[0m INFO:root:	task: 0	loss: 0.69467605	acc: 0.500
[2m[36m(ParallelModGrad pid=3274888)[0m INFO:root:	task: 1	loss: 0.69326521	acc: 0.500
[2m[36m(ParallelModGrad pid=3274888)[0m INFO:root:	task: avg	loss: 0.69397063	acc: 0.500
[2m[36m(ParallelModGrad pid=3274886)[0m INFO:root:epochs: 1, training task: 1
[2m[36m(ParallelModGrad pid=3274886)[0m INFO:root:	task: 0	loss: 0.69353343	acc: 0.500
[2m[36m(ParallelModGrad pid=3274886)[0m INFO:root:	task: 1	loss: 0.69375011	acc: 0.500
[2m[36m(ParallelModGrad pid=3274886)[0m INFO:root:	task: avg	loss: 0.69364177	acc: 0.500
[2m[36m(ParallelModGrad pid=3274886)[0m INFO:root:AGGREGATING MODELS...no_components 5
[2m[36m(ParallelModGrad pid=3274888)[0m INFO:root:epochs: 1, training task: 1
[2m[36m(ParallelModGrad pid=3274888)[0m INFO:root:	task: 0	loss: 0.69467605	acc: 0.500
[2m[36m(ParallelModGrad pid=3274888)[0m INFO:root:	task: 1	loss: 0.69332609	acc: 0.500
[2m[36m(ParallelModGrad pid=3274888)[0m INFO:root:	task: avg	loss: 0.69400107	acc: 0.500
[2m[36m(ParallelModGrad pid=3274888)[0m INFO:root:AGGREGATING MODELS...no_components 5
[2m[36m(ParallelModGrad pid=3274886)[0m INFO:root:epochs: 2, training task: 1
[2m[36m(ParallelModGrad pid=3274886)[0m INFO:root:	task: 0	loss: 0.69345038	acc: 0.500
[2m[36m(ParallelModGrad pid=3274886)[0m INFO:root:	task: 1	loss: 0.69382139	acc: 0.500
[2m[36m(ParallelModGrad pid=3274886)[0m INFO:root:	task: avg	loss: 0.69363588	acc: 0.500
[2m[36m(ParallelModGrad pid=3274886)[0m INFO:root:AGGREGATING MODELS...no_components 5
[2m[36m(ParallelModGrad pid=3274888)[0m INFO:root:epochs: 2, training task: 1
[2m[36m(ParallelModGrad pid=3274888)[0m INFO:root:	task: 0	loss: 0.69450210	acc: 0.500
[2m[36m(ParallelModGrad pid=3274888)[0m INFO:root:	task: 1	loss: 0.69333354	acc: 0.500
[2m[36m(ParallelModGrad pid=3274888)[0m INFO:root:	task: avg	loss: 0.69391782	acc: 0.500
[2m[36m(ParallelModGrad pid=3274888)[0m INFO:root:AGGREGATING MODELS...no_components 5
[2m[36m(ParallelModGrad pid=3274886)[0m INFO:root:epochs: 3, training task: 1
[2m[36m(ParallelModGrad pid=3274886)[0m INFO:root:	task: 0	loss: 0.69338035	acc: 0.500
[2m[36m(ParallelModGrad pid=3274886)[0m INFO:root:	task: 1	loss: 0.69383806	acc: 0.500
[2m[36m(ParallelModGrad pid=3274886)[0m INFO:root:	task: avg	loss: 0.69360920	acc: 0.500
[2m[36m(ParallelModGrad pid=3274886)[0m INFO:root:AGGREGATING MODELS...no_components 5
[2m[36m(ParallelModGrad pid=3274888)[0m INFO:root:epochs: 3, training task: 1
[2m[36m(ParallelModGrad pid=3274888)[0m INFO:root:	task: 0	loss: 0.69434149	acc: 0.500
[2m[36m(ParallelModGrad pid=3274888)[0m INFO:root:	task: 1	loss: 0.69343037	acc: 0.500
[2m[36m(ParallelModGrad pid=3274888)[0m INFO:root:	task: avg	loss: 0.69388593	acc: 0.500
[2m[36m(ParallelModGrad pid=3274888)[0m INFO:root:AGGREGATING MODELS...no_components 5
[2m[36m(ParallelModGrad pid=3274886)[0m INFO:root:epochs: 4, training task: 1
[2m[36m(ParallelModGrad pid=3274886)[0m INFO:root:	task: 0	loss: 0.69350168	acc: 0.500
[2m[36m(ParallelModGrad pid=3274886)[0m INFO:root:	task: 1	loss: 0.69385329	acc: 0.500
[2m[36m(ParallelModGrad pid=3274886)[0m INFO:root:	task: avg	loss: 0.69367748	acc: 0.500
[2m[36m(ParallelModGrad pid=3274888)[0m INFO:root:epochs: 4, training task: 1
[2m[36m(ParallelModGrad pid=3274888)[0m INFO:root:	task: 0	loss: 0.69540410	acc: 0.500
[2m[36m(ParallelModGrad pid=3274888)[0m INFO:root:	task: 1	loss: 0.69343578	acc: 0.500
[2m[36m(ParallelModGrad pid=3274888)[0m INFO:root:	task: avg	loss: 0.69441994	acc: 0.500
[2m[36m(ParallelModGrad pid=3274886)[0m INFO:root:candidate 4: W/update: 0.45, WO/update: 0.45, improv 0.0
[2m[36m(ParallelModGrad pid=3274886)[0m INFO:root:Not keeping any new modules. Total: 4
[2m[36m(ParallelModGrad pid=3274888)[0m INFO:root:candidate 4: W/update: 0.5, WO/update: 0.5, improv 0.0
[2m[36m(ParallelModGrad pid=3274888)[0m INFO:root:Not keeping any new modules. Total: 4
[2m[36m(ParallelModGrad pid=3274886)[0m INFO:root:epochs: 5, training task: 1
[2m[36m(ParallelModGrad pid=3274886)[0m INFO:root:	task: 0	loss: 0.69350168	acc: 0.500
[2m[36m(ParallelModGrad pid=3274886)[0m INFO:root:	task: 1	loss: 0.69380040	acc: 0.500
[2m[36m(ParallelModGrad pid=3274886)[0m INFO:root:	task: avg	loss: 0.69365104	acc: 0.500
[2m[36m(ParallelModGrad pid=3274888)[0m INFO:root:epochs: 5, training task: 1
[2m[36m(ParallelModGrad pid=3274888)[0m INFO:root:	task: 0	loss: 0.69540410	acc: 0.500
[2m[36m(ParallelModGrad pid=3274888)[0m INFO:root:	task: 1	loss: 0.69358935	acc: 0.500
[2m[36m(ParallelModGrad pid=3274888)[0m INFO:root:	task: avg	loss: 0.69449672	acc: 0.500
[2m[36m(ParallelModGrad pid=3274886)[0m INFO:root:final components: 4
[2m[36m(ParallelModGrad pid=3274888)[0m INFO:root:final components: 4
[2m[36m(ParallelModGrad pid=3274886)[0m INFO:root:AGGREGATING MODELS...no_components 4
[2m[36m(ParallelModGrad pid=3274888)[0m INFO:root:AGGREGATING MODELS...no_components 4
[2m[36m(ParallelModGrad pid=3274886)[0m INFO:root:epochs: 0, training task: 2
[2m[36m(ParallelModGrad pid=3274886)[0m INFO:root:	task: 0	loss: 0.69348557	acc: 0.500
[2m[36m(ParallelModGrad pid=3274886)[0m INFO:root:	task: 1	loss: 0.69400349	acc: 0.500
[2m[36m(ParallelModGrad pid=3274886)[0m INFO:root:	task: 2	loss: 0.69615618	acc: 0.500
[2m[36m(ParallelModGrad pid=3274886)[0m INFO:root:	task: avg	loss: 0.69454841	acc: 0.500
[2m[36m(ParallelModGrad pid=3274888)[0m INFO:root:epochs: 0, training task: 2
[2m[36m(ParallelModGrad pid=3274888)[0m INFO:root:	task: 0	loss: 0.69515838	acc: 0.500
[2m[36m(ParallelModGrad pid=3274888)[0m INFO:root:	task: 1	loss: 0.69366267	acc: 0.500
[2m[36m(ParallelModGrad pid=3274888)[0m INFO:root:	task: 2	loss: 0.69323048	acc: 0.500
[2m[36m(ParallelModGrad pid=3274888)[0m INFO:root:	task: avg	loss: 0.69401718	acc: 0.500
[2m[36m(ParallelModGrad pid=3274886)[0m INFO:root:epochs: 1, training task: 2
[2m[36m(ParallelModGrad pid=3274886)[0m INFO:root:	task: 0	loss: 0.69348557	acc: 0.500
[2m[36m(ParallelModGrad pid=3274886)[0m INFO:root:	task: 1	loss: 0.69400349	acc: 0.500
[2m[36m(ParallelModGrad pid=3274886)[0m INFO:root:	task: 2	loss: 0.69670371	acc: 0.500
[2m[36m(ParallelModGrad pid=3274886)[0m INFO:root:	task: avg	loss: 0.69473092	acc: 0.500
[2m[36m(ParallelModGrad pid=3274886)[0m INFO:root:AGGREGATING MODELS...no_components 5
[2m[36m(ParallelModGrad pid=3274888)[0m INFO:root:epochs: 1, training task: 2
[2m[36m(ParallelModGrad pid=3274888)[0m INFO:root:	task: 0	loss: 0.69515838	acc: 0.500
[2m[36m(ParallelModGrad pid=3274888)[0m INFO:root:	task: 1	loss: 0.69366267	acc: 0.500
[2m[36m(ParallelModGrad pid=3274888)[0m INFO:root:	task: 2	loss: 0.69321117	acc: 0.500
[2m[36m(ParallelModGrad pid=3274888)[0m INFO:root:	task: avg	loss: 0.69401074	acc: 0.500
[2m[36m(ParallelModGrad pid=3274888)[0m INFO:root:AGGREGATING MODELS...no_components 5
[2m[36m(ParallelModGrad pid=3274886)[0m INFO:root:epochs: 2, training task: 2
[2m[36m(ParallelModGrad pid=3274886)[0m INFO:root:	task: 0	loss: 0.69346189	acc: 0.489
[2m[36m(ParallelModGrad pid=3274886)[0m INFO:root:	task: 1	loss: 0.69415491	acc: 0.500
[2m[36m(ParallelModGrad pid=3274886)[0m INFO:root:	task: 2	loss: 0.69583784	acc: 0.500
[2m[36m(ParallelModGrad pid=3274886)[0m INFO:root:	task: avg	loss: 0.69448488	acc: 0.496
[2m[36m(ParallelModGrad pid=3274886)[0m INFO:root:AGGREGATING MODELS...no_components 5
[2m[36m(ParallelModGrad pid=3274888)[0m INFO:root:epochs: 2, training task: 2
[2m[36m(ParallelModGrad pid=3274888)[0m INFO:root:	task: 0	loss: 0.69503983	acc: 0.500
[2m[36m(ParallelModGrad pid=3274888)[0m INFO:root:	task: 1	loss: 0.69378164	acc: 0.500
[2m[36m(ParallelModGrad pid=3274888)[0m INFO:root:	task: 2	loss: 0.69319044	acc: 0.500
[2m[36m(ParallelModGrad pid=3274888)[0m INFO:root:	task: avg	loss: 0.69400397	acc: 0.500
[2m[36m(ParallelModGrad pid=3274888)[0m INFO:root:AGGREGATING MODELS...no_components 5
[2m[36m(ParallelModGrad pid=3274886)[0m INFO:root:epochs: 3, training task: 2
[2m[36m(ParallelModGrad pid=3274886)[0m INFO:root:	task: 0	loss: 0.69345190	acc: 0.500
[2m[36m(ParallelModGrad pid=3274886)[0m INFO:root:	task: 1	loss: 0.69431180	acc: 0.500
[2m[36m(ParallelModGrad pid=3274886)[0m INFO:root:	task: 2	loss: 0.69517542	acc: 0.500
[2m[36m(ParallelModGrad pid=3274886)[0m INFO:root:	task: avg	loss: 0.69431304	acc: 0.500
[2m[36m(ParallelModGrad pid=3274888)[0m INFO:root:epochs: 3, training task: 2
[2m[36m(ParallelModGrad pid=3274888)[0m INFO:root:	task: 0	loss: 0.69493513	acc: 0.500
[2m[36m(ParallelModGrad pid=3274888)[0m INFO:root:	task: 1	loss: 0.69391396	acc: 0.500
[2m[36m(ParallelModGrad pid=3274888)[0m INFO:root:	task: 2	loss: 0.69323456	acc: 0.500
[2m[36m(ParallelModGrad pid=3274888)[0m INFO:root:	task: avg	loss: 0.69402788	acc: 0.500
[2m[36m(ParallelModGrad pid=3274886)[0m INFO:root:AGGREGATING MODELS...no_components 5
[2m[36m(ParallelModGrad pid=3274888)[0m INFO:root:AGGREGATING MODELS...no_components 5
[2m[36m(ParallelModGrad pid=3274886)[0m INFO:root:epochs: 4, training task: 2
[2m[36m(ParallelModGrad pid=3274886)[0m INFO:root:	task: 0	loss: 0.69448233	acc: 0.500
[2m[36m(ParallelModGrad pid=3274886)[0m INFO:root:	task: 1	loss: 0.69445717	acc: 0.500
[2m[36m(ParallelModGrad pid=3274886)[0m INFO:root:	task: 2	loss: 0.69519012	acc: 0.500
[2m[36m(ParallelModGrad pid=3274886)[0m INFO:root:	task: avg	loss: 0.69470987	acc: 0.500
[2m[36m(ParallelModGrad pid=3274888)[0m INFO:root:epochs: 4, training task: 2
[2m[36m(ParallelModGrad pid=3274888)[0m INFO:root:	task: 0	loss: 0.69741655	acc: 0.500
[2m[36m(ParallelModGrad pid=3274888)[0m INFO:root:	task: 1	loss: 0.69430546	acc: 0.500
[2m[36m(ParallelModGrad pid=3274888)[0m INFO:root:	task: 2	loss: 0.69326398	acc: 0.500
[2m[36m(ParallelModGrad pid=3274888)[0m INFO:root:	task: avg	loss: 0.69499533	acc: 0.500
[2m[36m(ParallelModGrad pid=3274886)[0m INFO:root:candidate 4: W/update: 0.49, WO/update: 0.49, improv 0.0
[2m[36m(ParallelModGrad pid=3274886)[0m INFO:root:Not keeping any new modules. Total: 4
[2m[36m(ParallelModGrad pid=3274888)[0m INFO:root:candidate 4: W/update: 0.56, WO/update: 0.56, improv 0.0
[2m[36m(ParallelModGrad pid=3274888)[0m INFO:root:Not keeping any new modules. Total: 4
[2m[36m(ParallelModGrad pid=3274886)[0m INFO:root:epochs: 5, training task: 2
[2m[36m(ParallelModGrad pid=3274886)[0m INFO:root:	task: 0	loss: 0.69448233	acc: 0.500
[2m[36m(ParallelModGrad pid=3274886)[0m INFO:root:	task: 1	loss: 0.69445717	acc: 0.500
[2m[36m(ParallelModGrad pid=3274886)[0m INFO:root:	task: 2	loss: 0.69489864	acc: 0.500
[2m[36m(ParallelModGrad pid=3274886)[0m INFO:root:	task: avg	loss: 0.69461271	acc: 0.500
[2m[36m(ParallelModGrad pid=3274888)[0m INFO:root:epochs: 5, training task: 2
[2m[36m(ParallelModGrad pid=3274888)[0m INFO:root:	task: 0	loss: 0.69741655	acc: 0.500
[2m[36m(ParallelModGrad pid=3274888)[0m INFO:root:	task: 1	loss: 0.69430546	acc: 0.500
[2m[36m(ParallelModGrad pid=3274888)[0m INFO:root:	task: 2	loss: 0.69332121	acc: 0.500
[2m[36m(ParallelModGrad pid=3274888)[0m INFO:root:	task: avg	loss: 0.69501440	acc: 0.500
[2m[36m(ParallelModGrad pid=3274886)[0m INFO:root:final components: 4
[2m[36m(ParallelModGrad pid=3274888)[0m INFO:root:final components: 4
[2m[36m(ParallelModGrad pid=3274886)[0m INFO:root:AGGREGATING MODELS...no_components 4
[2m[36m(ParallelModGrad pid=3274888)[0m INFO:root:AGGREGATING MODELS...no_components 4
[2m[36m(ParallelModGrad pid=3274886)[0m INFO:root:epochs: 0, training task: 3
[2m[36m(ParallelModGrad pid=3274886)[0m INFO:root:	task: 0	loss: 0.69425452	acc: 0.500
[2m[36m(ParallelModGrad pid=3274886)[0m INFO:root:	task: 1	loss: 0.69451316	acc: 0.500
[2m[36m(ParallelModGrad pid=3274886)[0m INFO:root:	task: 2	loss: 0.69511241	acc: 0.500
[2m[36m(ParallelModGrad pid=3274886)[0m INFO:root:	task: 3	loss: 0.69323300	acc: 0.500
[2m[36m(ParallelModGrad pid=3274886)[0m INFO:root:	task: avg	loss: 0.69427827	acc: 0.500
[2m[36m(ParallelModGrad pid=3274888)[0m INFO:root:epochs: 0, training task: 3
[2m[36m(ParallelModGrad pid=3274888)[0m INFO:root:	task: 0	loss: 0.69704981	acc: 0.500
[2m[36m(ParallelModGrad pid=3274888)[0m INFO:root:	task: 1	loss: 0.69438496	acc: 0.500
[2m[36m(ParallelModGrad pid=3274888)[0m INFO:root:	task: 2	loss: 0.69326553	acc: 0.500
[2m[36m(ParallelModGrad pid=3274888)[0m INFO:root:	task: 3	loss: 0.69236938	acc: 0.500
[2m[36m(ParallelModGrad pid=3274888)[0m INFO:root:	task: avg	loss: 0.69426742	acc: 0.500
[2m[36m(ParallelModGrad pid=3274886)[0m INFO:root:epochs: 1, training task: 3
[2m[36m(ParallelModGrad pid=3274886)[0m INFO:root:	task: 0	loss: 0.69425452	acc: 0.500
[2m[36m(ParallelModGrad pid=3274886)[0m INFO:root:	task: 1	loss: 0.69451316	acc: 0.500
[2m[36m(ParallelModGrad pid=3274886)[0m INFO:root:	task: 2	loss: 0.69511241	acc: 0.500
[2m[36m(ParallelModGrad pid=3274886)[0m INFO:root:	task: 3	loss: 0.69320115	acc: 0.500
[2m[36m(ParallelModGrad pid=3274886)[0m INFO:root:	task: avg	loss: 0.69427031	acc: 0.500
[2m[36m(ParallelModGrad pid=3274886)[0m INFO:root:AGGREGATING MODELS...no_components 5
[2m[36m(ParallelModGrad pid=3274888)[0m INFO:root:epochs: 1, training task: 3
[2m[36m(ParallelModGrad pid=3274888)[0m INFO:root:	task: 0	loss: 0.69704981	acc: 0.500
[2m[36m(ParallelModGrad pid=3274888)[0m INFO:root:	task: 1	loss: 0.69438496	acc: 0.500
[2m[36m(ParallelModGrad pid=3274888)[0m INFO:root:	task: 2	loss: 0.69326553	acc: 0.500
[2m[36m(ParallelModGrad pid=3274888)[0m INFO:root:	task: 3	loss: 0.69286900	acc: 0.500
[2m[36m(ParallelModGrad pid=3274888)[0m INFO:root:	task: avg	loss: 0.69439233	acc: 0.500
[2m[36m(ParallelModGrad pid=3274888)[0m INFO:root:AGGREGATING MODELS...no_components 5
[2m[36m(ParallelModGrad pid=3274886)[0m INFO:root:epochs: 2, training task: 3
[2m[36m(ParallelModGrad pid=3274886)[0m INFO:root:	task: 0	loss: 0.69425909	acc: 0.500
[2m[36m(ParallelModGrad pid=3274886)[0m INFO:root:	task: 1	loss: 0.69452570	acc: 0.500
[2m[36m(ParallelModGrad pid=3274886)[0m INFO:root:	task: 2	loss: 0.69535282	acc: 0.500
[2m[36m(ParallelModGrad pid=3274886)[0m INFO:root:	task: 3	loss: 0.69308885	acc: 0.500
[2m[36m(ParallelModGrad pid=3274886)[0m INFO:root:	task: avg	loss: 0.69430662	acc: 0.500
[2m[36m(ParallelModGrad pid=3274886)[0m INFO:root:AGGREGATING MODELS...no_components 5
[2m[36m(ParallelModGrad pid=3274888)[0m INFO:root:epochs: 2, training task: 3
[2m[36m(ParallelModGrad pid=3274888)[0m INFO:root:	task: 0	loss: 0.69678886	acc: 0.500
[2m[36m(ParallelModGrad pid=3274888)[0m INFO:root:	task: 1	loss: 0.69454541	acc: 0.500
[2m[36m(ParallelModGrad pid=3274888)[0m INFO:root:	task: 2	loss: 0.69324561	acc: 0.500
[2m[36m(ParallelModGrad pid=3274888)[0m INFO:root:	task: 3	loss: 0.69300142	acc: 0.555
[2m[36m(ParallelModGrad pid=3274888)[0m INFO:root:	task: avg	loss: 0.69439532	acc: 0.514
[2m[36m(ParallelModGrad pid=3274888)[0m INFO:root:AGGREGATING MODELS...no_components 5
[2m[36m(ParallelModGrad pid=3274886)[0m INFO:root:epochs: 3, training task: 3
[2m[36m(ParallelModGrad pid=3274886)[0m INFO:root:	task: 0	loss: 0.69427606	acc: 0.500
[2m[36m(ParallelModGrad pid=3274886)[0m INFO:root:	task: 1	loss: 0.69453294	acc: 0.500
[2m[36m(ParallelModGrad pid=3274886)[0m INFO:root:	task: 2	loss: 0.69560692	acc: 0.500
[2m[36m(ParallelModGrad pid=3274886)[0m INFO:root:	task: 3	loss: 0.69305428	acc: 0.500
[2m[36m(ParallelModGrad pid=3274886)[0m INFO:root:	task: avg	loss: 0.69436755	acc: 0.500
[2m[36m(ParallelModGrad pid=3274886)[0m INFO:root:AGGREGATING MODELS...no_components 5
[2m[36m(ParallelModGrad pid=3274888)[0m INFO:root:epochs: 3, training task: 3
[2m[36m(ParallelModGrad pid=3274888)[0m INFO:root:	task: 0	loss: 0.69653745	acc: 0.500
[2m[36m(ParallelModGrad pid=3274888)[0m INFO:root:	task: 1	loss: 0.69471124	acc: 0.500
[2m[36m(ParallelModGrad pid=3274888)[0m INFO:root:	task: 2	loss: 0.69323951	acc: 0.500
[2m[36m(ParallelModGrad pid=3274888)[0m INFO:root:	task: 3	loss: 0.69327537	acc: 0.500
[2m[36m(ParallelModGrad pid=3274888)[0m INFO:root:	task: avg	loss: 0.69444089	acc: 0.500
[2m[36m(ParallelModGrad pid=3274888)[0m INFO:root:AGGREGATING MODELS...no_components 5
[2m[36m(ParallelModGrad pid=3274886)[0m INFO:root:epochs: 4, training task: 3
[2m[36m(ParallelModGrad pid=3274886)[0m INFO:root:	task: 0	loss: 0.69524554	acc: 0.500
[2m[36m(ParallelModGrad pid=3274886)[0m INFO:root:	task: 1	loss: 0.69395906	acc: 0.500
[2m[36m(ParallelModGrad pid=3274886)[0m INFO:root:	task: 2	loss: 0.69619866	acc: 0.500
[2m[36m(ParallelModGrad pid=3274886)[0m INFO:root:	task: 3	loss: 0.69293480	acc: 0.500
[2m[36m(ParallelModGrad pid=3274886)[0m INFO:root:	task: avg	loss: 0.69458451	acc: 0.500
[2m[36m(ParallelModGrad pid=3274888)[0m INFO:root:epochs: 4, training task: 3
[2m[36m(ParallelModGrad pid=3274888)[0m INFO:root:	task: 0	loss: 0.70117513	acc: 0.009
[2m[36m(ParallelModGrad pid=3274888)[0m INFO:root:	task: 1	loss: 0.69581730	acc: 0.500
[2m[36m(ParallelModGrad pid=3274888)[0m INFO:root:	task: 2	loss: 0.69337944	acc: 0.500
[2m[36m(ParallelModGrad pid=3274888)[0m INFO:root:	task: 3	loss: 0.69305960	acc: 0.500
[2m[36m(ParallelModGrad pid=3274888)[0m INFO:root:	task: avg	loss: 0.69585787	acc: 0.377
[2m[36m(ParallelModGrad pid=3274886)[0m INFO:root:candidate 4: W/update: 0.45, WO/update: 0.55, improv -0.18181818181818185
[2m[36m(ParallelModGrad pid=3274886)[0m INFO:root:Not keeping any new modules. Total: 4
[2m[36m(ParallelModGrad pid=3274888)[0m INFO:root:candidate 4: W/update: 0.47, WO/update: 0.47, improv 0.0
[2m[36m(ParallelModGrad pid=3274888)[0m INFO:root:Not keeping any new modules. Total: 4
[2m[36m(ParallelModGrad pid=3274888)[0m INFO:root:epochs: 5, training task: 3
[2m[36m(ParallelModGrad pid=3274888)[0m INFO:root:	task: 0	loss: 0.70117513	acc: 0.009
[2m[36m(ParallelModGrad pid=3274888)[0m INFO:root:	task: 1	loss: 0.69581730	acc: 0.500
[2m[36m(ParallelModGrad pid=3274888)[0m INFO:root:	task: 2	loss: 0.69337944	acc: 0.500
[2m[36m(ParallelModGrad pid=3274888)[0m INFO:root:	task: 3	loss: 0.69210744	acc: 0.500
[2m[36m(ParallelModGrad pid=3274888)[0m INFO:root:	task: avg	loss: 0.69561983	acc: 0.377
[2m[36m(ParallelModGrad pid=3274886)[0m INFO:root:epochs: 5, training task: 3
[2m[36m(ParallelModGrad pid=3274886)[0m INFO:root:	task: 0	loss: 0.69524554	acc: 0.500
[2m[36m(ParallelModGrad pid=3274886)[0m INFO:root:	task: 1	loss: 0.69395906	acc: 0.500
[2m[36m(ParallelModGrad pid=3274886)[0m INFO:root:	task: 2	loss: 0.69619866	acc: 0.500
[2m[36m(ParallelModGrad pid=3274886)[0m INFO:root:	task: 3	loss: 0.69301756	acc: 0.500
[2m[36m(ParallelModGrad pid=3274886)[0m INFO:root:	task: avg	loss: 0.69460521	acc: 0.500
[2m[36m(ParallelModGrad pid=3274888)[0m INFO:root:final components: 4
[2m[36m(ParallelModGrad pid=3274886)[0m INFO:root:final components: 4
[2m[36m(ParallelModGrad pid=3274886)[0m INFO:root:AGGREGATING MODELS...no_components 4
[2m[36m(ParallelModGrad pid=3274888)[0m INFO:root:AGGREGATING MODELS...no_components 4
[2m[36m(ParallelModGrad pid=3274886)[0m INFO:root:epochs: 0, training task: 4
[2m[36m(ParallelModGrad pid=3274886)[0m INFO:root:	task: 0	loss: 0.69424031	acc: 0.500
[2m[36m(ParallelModGrad pid=3274886)[0m INFO:root:	task: 1	loss: 0.69387814	acc: 0.500
[2m[36m(ParallelModGrad pid=3274886)[0m INFO:root:	task: 2	loss: 0.69635097	acc: 0.500
[2m[36m(ParallelModGrad pid=3274886)[0m INFO:root:	task: 3	loss: 0.69284313	acc: 0.500
[2m[36m(ParallelModGrad pid=3274886)[0m INFO:root:	task: 4	loss: 0.69332093	acc: 0.500
[2m[36m(ParallelModGrad pid=3274886)[0m INFO:root:	task: avg	loss: 0.69412670	acc: 0.500
[2m[36m(ParallelModGrad pid=3274888)[0m INFO:root:epochs: 0, training task: 4
[2m[36m(ParallelModGrad pid=3274888)[0m INFO:root:	task: 0	loss: 0.69954458	acc: 0.011
[2m[36m(ParallelModGrad pid=3274888)[0m INFO:root:	task: 1	loss: 0.69553030	acc: 0.500
[2m[36m(ParallelModGrad pid=3274888)[0m INFO:root:	task: 2	loss: 0.69336887	acc: 0.500
[2m[36m(ParallelModGrad pid=3274888)[0m INFO:root:	task: 3	loss: 0.69211120	acc: 0.500
[2m[36m(ParallelModGrad pid=3274888)[0m INFO:root:	task: 4	loss: 0.70209013	acc: 0.500
[2m[36m(ParallelModGrad pid=3274888)[0m INFO:root:	task: avg	loss: 0.69652901	acc: 0.402
[2m[36m(ParallelModGrad pid=3274886)[0m INFO:root:epochs: 1, training task: 4
[2m[36m(ParallelModGrad pid=3274886)[0m INFO:root:	task: 0	loss: 0.69424031	acc: 0.500
[2m[36m(ParallelModGrad pid=3274886)[0m INFO:root:	task: 1	loss: 0.69387814	acc: 0.500
[2m[36m(ParallelModGrad pid=3274886)[0m INFO:root:	task: 2	loss: 0.69635097	acc: 0.500
[2m[36m(ParallelModGrad pid=3274886)[0m INFO:root:	task: 3	loss: 0.69284313	acc: 0.500
[2m[36m(ParallelModGrad pid=3274886)[0m INFO:root:	task: 4	loss: 0.69310122	acc: 0.500
[2m[36m(ParallelModGrad pid=3274886)[0m INFO:root:	task: avg	loss: 0.69408275	acc: 0.500
[2m[36m(ParallelModGrad pid=3274886)[0m INFO:root:AGGREGATING MODELS...no_components 5
[2m[36m(ParallelModGrad pid=3274888)[0m INFO:root:epochs: 1, training task: 4
[2m[36m(ParallelModGrad pid=3274888)[0m INFO:root:	task: 0	loss: 0.69954458	acc: 0.011
[2m[36m(ParallelModGrad pid=3274888)[0m INFO:root:	task: 1	loss: 0.69553030	acc: 0.500
[2m[36m(ParallelModGrad pid=3274888)[0m INFO:root:	task: 2	loss: 0.69336887	acc: 0.500
[2m[36m(ParallelModGrad pid=3274888)[0m INFO:root:	task: 3	loss: 0.69211120	acc: 0.500
[2m[36m(ParallelModGrad pid=3274888)[0m INFO:root:	task: 4	loss: 0.69767800	acc: 0.500
[2m[36m(ParallelModGrad pid=3274888)[0m INFO:root:	task: avg	loss: 0.69564659	acc: 0.402
[2m[36m(ParallelModGrad pid=3274888)[0m INFO:root:AGGREGATING MODELS...no_components 5
[2m[36m(ParallelModGrad pid=3274886)[0m INFO:root:epochs: 2, training task: 4
[2m[36m(ParallelModGrad pid=3274886)[0m INFO:root:	task: 0	loss: 0.69379635	acc: 0.500
[2m[36m(ParallelModGrad pid=3274886)[0m INFO:root:	task: 1	loss: 0.69376847	acc: 0.500
[2m[36m(ParallelModGrad pid=3274886)[0m INFO:root:	task: 2	loss: 0.69647861	acc: 0.500
[2m[36m(ParallelModGrad pid=3274886)[0m INFO:root:	task: 3	loss: 0.69270309	acc: 0.500
[2m[36m(ParallelModGrad pid=3274886)[0m INFO:root:	task: 4	loss: 0.69268745	acc: 0.500
[2m[36m(ParallelModGrad pid=3274886)[0m INFO:root:	task: avg	loss: 0.69388679	acc: 0.500
[2m[36m(ParallelModGrad pid=3274886)[0m INFO:root:AGGREGATING MODELS...no_components 5
[2m[36m(ParallelModGrad pid=3274888)[0m INFO:root:epochs: 2, training task: 4
[2m[36m(ParallelModGrad pid=3274888)[0m INFO:root:	task: 0	loss: 0.69891743	acc: 0.029
[2m[36m(ParallelModGrad pid=3274888)[0m INFO:root:	task: 1	loss: 0.69541719	acc: 0.500
[2m[36m(ParallelModGrad pid=3274888)[0m INFO:root:	task: 2	loss: 0.69334444	acc: 0.500
[2m[36m(ParallelModGrad pid=3274888)[0m INFO:root:	task: 3	loss: 0.69228864	acc: 0.500
[2m[36m(ParallelModGrad pid=3274888)[0m INFO:root:	task: 4	loss: 0.69621136	acc: 0.500
[2m[36m(ParallelModGrad pid=3274888)[0m INFO:root:	task: avg	loss: 0.69523581	acc: 0.406
[2m[36m(ParallelModGrad pid=3274888)[0m INFO:root:AGGREGATING MODELS...no_components 5
[2m[36m(ParallelModGrad pid=3274886)[0m INFO:root:epochs: 3, training task: 4
[2m[36m(ParallelModGrad pid=3274886)[0m INFO:root:	task: 0	loss: 0.69335713	acc: 0.500
[2m[36m(ParallelModGrad pid=3274886)[0m INFO:root:	task: 1	loss: 0.69365884	acc: 0.500
[2m[36m(ParallelModGrad pid=3274886)[0m INFO:root:	task: 2	loss: 0.69660287	acc: 0.500
[2m[36m(ParallelModGrad pid=3274886)[0m INFO:root:	task: 3	loss: 0.69256903	acc: 0.500
[2m[36m(ParallelModGrad pid=3274886)[0m INFO:root:	task: 4	loss: 0.69227489	acc: 0.500
[2m[36m(ParallelModGrad pid=3274886)[0m INFO:root:	task: avg	loss: 0.69369255	acc: 0.500
[2m[36m(ParallelModGrad pid=3274886)[0m INFO:root:AGGREGATING MODELS...no_components 5
[2m[36m(ParallelModGrad pid=3274888)[0m INFO:root:epochs: 3, training task: 4
[2m[36m(ParallelModGrad pid=3274888)[0m INFO:root:	task: 0	loss: 0.69829551	acc: 0.056
[2m[36m(ParallelModGrad pid=3274888)[0m INFO:root:	task: 1	loss: 0.69532079	acc: 0.500
[2m[36m(ParallelModGrad pid=3274888)[0m INFO:root:	task: 2	loss: 0.69333020	acc: 0.500
[2m[36m(ParallelModGrad pid=3274888)[0m INFO:root:	task: 3	loss: 0.69248138	acc: 0.500
[2m[36m(ParallelModGrad pid=3274888)[0m INFO:root:	task: 4	loss: 0.69492639	acc: 0.500
[2m[36m(ParallelModGrad pid=3274888)[0m INFO:root:	task: avg	loss: 0.69487085	acc: 0.411
[2m[36m(ParallelModGrad pid=3274888)[0m INFO:root:AGGREGATING MODELS...no_components 5
[2m[36m(ParallelModGrad pid=3274888)[0m INFO:root:epochs: 4, training task: 4
[2m[36m(ParallelModGrad pid=3274888)[0m INFO:root:	task: 0	loss: 0.70336175	acc: 0.266
[2m[36m(ParallelModGrad pid=3274888)[0m INFO:root:	task: 1	loss: 0.69635027	acc: 0.500
[2m[36m(ParallelModGrad pid=3274888)[0m INFO:root:	task: 2	loss: 0.69325162	acc: 0.500
[2m[36m(ParallelModGrad pid=3274888)[0m INFO:root:	task: 3	loss: 0.69202352	acc: 0.500
[2m[36m(ParallelModGrad pid=3274888)[0m INFO:root:	task: 4	loss: 0.69456191	acc: 0.500
[2m[36m(ParallelModGrad pid=3274888)[0m INFO:root:	task: avg	loss: 0.69590981	acc: 0.453
[2m[36m(ParallelModGrad pid=3274886)[0m INFO:root:epochs: 4, training task: 4
[2m[36m(ParallelModGrad pid=3274886)[0m INFO:root:	task: 0	loss: 0.68928401	acc: 0.500
[2m[36m(ParallelModGrad pid=3274886)[0m INFO:root:	task: 1	loss: 0.69294440	acc: 0.500
[2m[36m(ParallelModGrad pid=3274886)[0m INFO:root:	task: 2	loss: 0.69690767	acc: 0.500
[2m[36m(ParallelModGrad pid=3274886)[0m INFO:root:	task: 3	loss: 0.69208901	acc: 0.571
[2m[36m(ParallelModGrad pid=3274886)[0m INFO:root:	task: 4	loss: 0.69063172	acc: 0.500
[2m[36m(ParallelModGrad pid=3274886)[0m INFO:root:	task: avg	loss: 0.69237136	acc: 0.514
[2m[36m(ParallelModGrad pid=3274888)[0m INFO:root:candidate 4: W/update: 0.51, WO/update: 0.51, improv 0.0
[2m[36m(ParallelModGrad pid=3274888)[0m INFO:root:Not keeping any new modules. Total: 4
[2m[36m(ParallelModGrad pid=3274886)[0m INFO:root:candidate 4: W/update: 0.51, WO/update: 0.51, improv 0.0
[2m[36m(ParallelModGrad pid=3274886)[0m INFO:root:Not keeping any new modules. Total: 4
[2m[36m(ParallelModGrad pid=3274888)[0m INFO:root:epochs: 5, training task: 4
[2m[36m(ParallelModGrad pid=3274888)[0m INFO:root:	task: 0	loss: 0.70336175	acc: 0.266
[2m[36m(ParallelModGrad pid=3274888)[0m INFO:root:	task: 1	loss: 0.69635027	acc: 0.500
[2m[36m(ParallelModGrad pid=3274888)[0m INFO:root:	task: 2	loss: 0.69325162	acc: 0.500
[2m[36m(ParallelModGrad pid=3274888)[0m INFO:root:	task: 3	loss: 0.69202352	acc: 0.500
[2m[36m(ParallelModGrad pid=3274888)[0m INFO:root:	task: 4	loss: 0.69461341	acc: 0.500
[2m[36m(ParallelModGrad pid=3274888)[0m INFO:root:	task: avg	loss: 0.69592011	acc: 0.453
[2m[36m(ParallelModGrad pid=3274886)[0m INFO:root:epochs: 5, training task: 4
[2m[36m(ParallelModGrad pid=3274886)[0m INFO:root:	task: 0	loss: 0.68928401	acc: 0.500
[2m[36m(ParallelModGrad pid=3274886)[0m INFO:root:	task: 1	loss: 0.69294440	acc: 0.500
[2m[36m(ParallelModGrad pid=3274886)[0m INFO:root:	task: 2	loss: 0.69690767	acc: 0.500
[2m[36m(ParallelModGrad pid=3274886)[0m INFO:root:	task: 3	loss: 0.69208901	acc: 0.571
[2m[36m(ParallelModGrad pid=3274886)[0m INFO:root:	task: 4	loss: 0.68704150	acc: 0.713
[2m[36m(ParallelModGrad pid=3274886)[0m INFO:root:	task: avg	loss: 0.69165332	acc: 0.557
[2m[36m(ParallelModGrad pid=3274888)[0m INFO:root:final components: 4
[2m[36m(ParallelModGrad pid=3274886)[0m INFO:root:final components: 4
[2m[36m(ParallelModGrad pid=3274886)[0m INFO:root:AGGREGATING MODELS...no_components 4
[2m[36m(ParallelModGrad pid=3274888)[0m INFO:root:AGGREGATING MODELS...no_components 4
[2m[36m(ParallelModGrad pid=3274886)[0m INFO:root:epochs: 0, training task: 5
[2m[36m(ParallelModGrad pid=3274886)[0m INFO:root:	task: 0	loss: 0.68814452	acc: 0.500
[2m[36m(ParallelModGrad pid=3274886)[0m INFO:root:	task: 1	loss: 0.69267007	acc: 0.500
[2m[36m(ParallelModGrad pid=3274886)[0m INFO:root:	task: 2	loss: 0.69703644	acc: 0.500
[2m[36m(ParallelModGrad pid=3274886)[0m INFO:root:	task: 3	loss: 0.69217999	acc: 0.593
[2m[36m(ParallelModGrad pid=3274886)[0m INFO:root:	task: 4	loss: 0.68670112	acc: 0.659
[2m[36m(ParallelModGrad pid=3274886)[0m INFO:root:	task: 5	loss: 0.69615585	acc: 0.500
[2m[36m(ParallelModGrad pid=3274886)[0m INFO:root:	task: avg	loss: 0.69214800	acc: 0.542
[2m[36m(ParallelModGrad pid=3274888)[0m INFO:root:epochs: 0, training task: 5
[2m[36m(ParallelModGrad pid=3274888)[0m INFO:root:	task: 0	loss: 0.70198020	acc: 0.500
[2m[36m(ParallelModGrad pid=3274888)[0m INFO:root:	task: 1	loss: 0.69609145	acc: 0.500
[2m[36m(ParallelModGrad pid=3274888)[0m INFO:root:	task: 2	loss: 0.69314556	acc: 0.500
[2m[36m(ParallelModGrad pid=3274888)[0m INFO:root:	task: 3	loss: 0.69208900	acc: 0.500
[2m[36m(ParallelModGrad pid=3274888)[0m INFO:root:	task: 4	loss: 0.69360235	acc: 0.500
[2m[36m(ParallelModGrad pid=3274888)[0m INFO:root:	task: 5	loss: 0.69467916	acc: 0.500
[2m[36m(ParallelModGrad pid=3274888)[0m INFO:root:	task: avg	loss: 0.69526462	acc: 0.500
[2m[36m(ParallelModGrad pid=3274888)[0m INFO:root:epochs: 1, training task: 5
[2m[36m(ParallelModGrad pid=3274888)[0m INFO:root:	task: 0	loss: 0.70198020	acc: 0.500
[2m[36m(ParallelModGrad pid=3274888)[0m INFO:root:	task: 1	loss: 0.69609145	acc: 0.500
[2m[36m(ParallelModGrad pid=3274888)[0m INFO:root:	task: 2	loss: 0.69314556	acc: 0.500
[2m[36m(ParallelModGrad pid=3274888)[0m INFO:root:	task: 3	loss: 0.69208900	acc: 0.500
[2m[36m(ParallelModGrad pid=3274888)[0m INFO:root:	task: 4	loss: 0.69360235	acc: 0.500
[2m[36m(ParallelModGrad pid=3274888)[0m INFO:root:	task: 5	loss: 0.69546986	acc: 0.500
[2m[36m(ParallelModGrad pid=3274888)[0m INFO:root:	task: avg	loss: 0.69539641	acc: 0.500
[2m[36m(ParallelModGrad pid=3274886)[0m INFO:root:epochs: 1, training task: 5
[2m[36m(ParallelModGrad pid=3274886)[0m INFO:root:	task: 0	loss: 0.68814452	acc: 0.500
[2m[36m(ParallelModGrad pid=3274886)[0m INFO:root:	task: 1	loss: 0.69267007	acc: 0.500
[2m[36m(ParallelModGrad pid=3274886)[0m INFO:root:	task: 2	loss: 0.69703644	acc: 0.500
[2m[36m(ParallelModGrad pid=3274886)[0m INFO:root:	task: 3	loss: 0.69217999	acc: 0.593
[2m[36m(ParallelModGrad pid=3274886)[0m INFO:root:	task: 4	loss: 0.68670112	acc: 0.659
[2m[36m(ParallelModGrad pid=3274886)[0m INFO:root:	task: 5	loss: 0.69525135	acc: 0.500
[2m[36m(ParallelModGrad pid=3274886)[0m INFO:root:	task: avg	loss: 0.69199725	acc: 0.542
[2m[36m(ParallelModGrad pid=3274886)[0m INFO:root:AGGREGATING MODELS...no_components 5
[2m[36m(ParallelModGrad pid=3274888)[0m INFO:root:AGGREGATING MODELS...no_components 5
[2m[36m(ParallelModGrad pid=3274886)[0m INFO:root:epochs: 2, training task: 5
[2m[36m(ParallelModGrad pid=3274886)[0m INFO:root:	task: 0	loss: 0.68715685	acc: 0.500
[2m[36m(ParallelModGrad pid=3274886)[0m INFO:root:	task: 1	loss: 0.69252092	acc: 0.500
[2m[36m(ParallelModGrad pid=3274888)[0m INFO:root:epochs: 2, training task: 5
[2m[36m(ParallelModGrad pid=3274888)[0m INFO:root:	task: 0	loss: 0.70078075	acc: 0.500
[2m[36m(ParallelModGrad pid=3274888)[0m INFO:root:	task: 1	loss: 0.69582247	acc: 0.500
[2m[36m(ParallelModGrad pid=3274888)[0m INFO:root:	task: 2	loss: 0.69306998	acc: 0.500
[2m[36m(ParallelModGrad pid=3274888)[0m INFO:root:	task: 3	loss: 0.69234422	acc: 0.500
[2m[36m(ParallelModGrad pid=3274888)[0m INFO:root:	task: 4	loss: 0.69258253	acc: 0.500
[2m[36m(ParallelModGrad pid=3274888)[0m INFO:root:	task: 5	loss: 0.69637599	acc: 0.500
[2m[36m(ParallelModGrad pid=3274888)[0m INFO:root:	task: avg	loss: 0.69516266	acc: 0.500
[2m[36m(ParallelModGrad pid=3274886)[0m INFO:root:	task: 2	loss: 0.69697607	acc: 0.500
[2m[36m(ParallelModGrad pid=3274886)[0m INFO:root:	task: 3	loss: 0.69202956	acc: 0.577
[2m[36m(ParallelModGrad pid=3274886)[0m INFO:root:	task: 4	loss: 0.68619209	acc: 0.591
[2m[36m(ParallelModGrad pid=3274886)[0m INFO:root:	task: 5	loss: 0.69479253	acc: 0.500
[2m[36m(ParallelModGrad pid=3274886)[0m INFO:root:	task: avg	loss: 0.69161133	acc: 0.528
[2m[36m(ParallelModGrad pid=3274886)[0m INFO:root:AGGREGATING MODELS...no_components 5
[2m[36m(ParallelModGrad pid=3274888)[0m INFO:root:AGGREGATING MODELS...no_components 5
[2m[36m(ParallelModGrad pid=3274886)[0m INFO:root:epochs: 3, training task: 5
[2m[36m(ParallelModGrad pid=3274886)[0m INFO:root:	task: 0	loss: 0.68617384	acc: 0.500
[2m[36m(ParallelModGrad pid=3274886)[0m INFO:root:	task: 1	loss: 0.69237194	acc: 0.500
[2m[36m(ParallelModGrad pid=3274886)[0m INFO:root:	task: 2	loss: 0.69691729	acc: 0.500
[2m[36m(ParallelModGrad pid=3274886)[0m INFO:root:	task: 3	loss: 0.69187929	acc: 0.575
[2m[36m(ParallelModGrad pid=3274886)[0m INFO:root:	task: 4	loss: 0.68568131	acc: 0.528
[2m[36m(ParallelModGrad pid=3274886)[0m INFO:root:	task: 5	loss: 0.69404221	acc: 0.500
[2m[36m(ParallelModGrad pid=3274886)[0m INFO:root:	task: avg	loss: 0.69117765	acc: 0.517
[2m[36m(ParallelModGrad pid=3274886)[0m INFO:root:AGGREGATING MODELS...no_components 5
[2m[36m(ParallelModGrad pid=3274888)[0m INFO:root:epochs: 3, training task: 5
[2m[36m(ParallelModGrad pid=3274888)[0m INFO:root:	task: 0	loss: 0.69958339	acc: 0.500
[2m[36m(ParallelModGrad pid=3274888)[0m INFO:root:	task: 1	loss: 0.69556464	acc: 0.500
[2m[36m(ParallelModGrad pid=3274888)[0m INFO:root:	task: 2	loss: 0.69300407	acc: 0.500
[2m[36m(ParallelModGrad pid=3274888)[0m INFO:root:	task: 3	loss: 0.69261332	acc: 0.500
[2m[36m(ParallelModGrad pid=3274888)[0m INFO:root:	task: 4	loss: 0.69156519	acc: 0.500
[2m[36m(ParallelModGrad pid=3274888)[0m INFO:root:	task: 5	loss: 0.69741179	acc: 0.500
[2m[36m(ParallelModGrad pid=3274888)[0m INFO:root:	task: avg	loss: 0.69495707	acc: 0.500
[2m[36m(ParallelModGrad pid=3274888)[0m INFO:root:AGGREGATING MODELS...no_components 5
[2m[36m(ParallelModGrad pid=3274886)[0m INFO:root:epochs: 4, training task: 5
[2m[36m(ParallelModGrad pid=3274886)[0m INFO:root:	task: 0	loss: 0.68207102	acc: 0.500
[2m[36m(ParallelModGrad pid=3274886)[0m INFO:root:	task: 1	loss: 0.69057872	acc: 0.500
[2m[36m(ParallelModGrad pid=3274886)[0m INFO:root:	task: 2	loss: 0.69660735	acc: 0.500
[2m[36m(ParallelModGrad pid=3274886)[0m INFO:root:	task: 3	loss: 0.68961418	acc: 0.683
[2m[36m(ParallelModGrad pid=3274886)[0m INFO:root:	task: 4	loss: 0.68353241	acc: 0.563
[2m[36m(ParallelModGrad pid=3274886)[0m INFO:root:	task: 5	loss: 0.69279290	acc: 0.500
[2m[36m(ParallelModGrad pid=3274886)[0m INFO:root:	task: avg	loss: 0.68919943	acc: 0.541
[2m[36m(ParallelModGrad pid=3274888)[0m INFO:root:epochs: 4, training task: 5
[2m[36m(ParallelModGrad pid=3274888)[0m INFO:root:	task: 0	loss: 0.70309199	acc: 0.451
[2m[36m(ParallelModGrad pid=3274888)[0m INFO:root:	task: 1	loss: 0.69529780	acc: 0.500
[2m[36m(ParallelModGrad pid=3274888)[0m INFO:root:	task: 2	loss: 0.69342041	acc: 0.500
[2m[36m(ParallelModGrad pid=3274888)[0m INFO:root:	task: 3	loss: 0.69344935	acc: 0.500
[2m[36m(ParallelModGrad pid=3274888)[0m INFO:root:	task: 4	loss: 0.68927696	acc: 0.500
[2m[36m(ParallelModGrad pid=3274888)[0m INFO:root:	task: 5	loss: 0.69719192	acc: 0.500
[2m[36m(ParallelModGrad pid=3274888)[0m INFO:root:	task: avg	loss: 0.69528807	acc: 0.492
[2m[36m(ParallelModGrad pid=3274888)[0m INFO:root:candidate 4: W/update: 0.53, WO/update: 0.53, improv 0.0
[2m[36m(ParallelModGrad pid=3274888)[0m INFO:root:Not keeping any new modules. Total: 4
[2m[36m(ParallelModGrad pid=3274886)[0m INFO:root:candidate 4: W/update: 0.44, WO/update: 0.44, improv 0.0
[2m[36m(ParallelModGrad pid=3274886)[0m INFO:root:Not keeping any new modules. Total: 4
[2m[36m(ParallelModGrad pid=3274886)[0m INFO:root:epochs: 5, training task: 5
[2m[36m(ParallelModGrad pid=3274886)[0m INFO:root:	task: 0	loss: 0.68207102	acc: 0.500
[2m[36m(ParallelModGrad pid=3274886)[0m INFO:root:	task: 1	loss: 0.69057872	acc: 0.500
[2m[36m(ParallelModGrad pid=3274886)[0m INFO:root:	task: 2	loss: 0.69660735	acc: 0.500
[2m[36m(ParallelModGrad pid=3274886)[0m INFO:root:	task: 3	loss: 0.68961418	acc: 0.683
[2m[36m(ParallelModGrad pid=3274886)[0m INFO:root:	task: 4	loss: 0.68353241	acc: 0.563
[2m[36m(ParallelModGrad pid=3274886)[0m INFO:root:	task: 5	loss: 0.69254373	acc: 0.500
[2m[36m(ParallelModGrad pid=3274886)[0m INFO:root:	task: avg	loss: 0.68915790	acc: 0.541
[2m[36m(ParallelModGrad pid=3274888)[0m INFO:root:epochs: 5, training task: 5
[2m[36m(ParallelModGrad pid=3274888)[0m INFO:root:	task: 0	loss: 0.70309199	acc: 0.451
[2m[36m(ParallelModGrad pid=3274888)[0m INFO:root:	task: 1	loss: 0.69529780	acc: 0.500
[2m[36m(ParallelModGrad pid=3274888)[0m INFO:root:	task: 2	loss: 0.69342041	acc: 0.500
[2m[36m(ParallelModGrad pid=3274888)[0m INFO:root:	task: 3	loss: 0.69344935	acc: 0.500
[2m[36m(ParallelModGrad pid=3274888)[0m INFO:root:	task: 4	loss: 0.68927696	acc: 0.500
[2m[36m(ParallelModGrad pid=3274888)[0m INFO:root:	task: 5	loss: 0.69724773	acc: 0.500
[2m[36m(ParallelModGrad pid=3274888)[0m INFO:root:	task: avg	loss: 0.69529737	acc: 0.492
[2m[36m(ParallelModGrad pid=3274886)[0m INFO:root:final components: 4
[2m[36m(ParallelModGrad pid=3274888)[0m INFO:root:final components: 4
[2m[36m(ParallelModGrad pid=3274886)[0m INFO:root:AGGREGATING MODELS...no_components 4
[2m[36m(ParallelModGrad pid=3274888)[0m INFO:root:AGGREGATING MODELS...no_components 4
[2m[36m(ParallelModGrad pid=3274886)[0m INFO:root:AGGREGATING MODELS...no_components 4
[2m[36m(ParallelModGrad pid=3274888)[0m INFO:root:AGGREGATING MODELS...no_components 4
[2m[36m(ParallelModGrad pid=3274886)[0m INFO:root:AGGREGATING MODELS...no_components 4
[2m[36m(ParallelModGrad pid=3274888)[0m INFO:root:AGGREGATING MODELS...no_components 4
[2m[36m(ParallelModGrad pid=3274886)[0m INFO:root:AGGREGATING MODELS...no_components 4
[2m[36m(ParallelModGrad pid=3274888)[0m INFO:root:AGGREGATING MODELS...no_components 4
[2m[36m(ParallelModGrad pid=3274886)[0m INFO:root:AGGREGATING MODELS...no_components 4
[2m[36m(ParallelModGrad pid=3274888)[0m INFO:root:AGGREGATING MODELS...no_components 4
Error executing job with overrides: ['algo=modular', 'seed=0', 'parallel=True', 'agent.batch_size=64', 'num_agents=2', 'dataset=fashionmnist', 'dataset.num_trains_per_class=64', 'dataset.num_vals_per_class=50', 'dataset.remap_labels=True', 'dataset.with_replacement=True', 'dataset.num_tasks=10', 'net=mlp', 'net.depth=4', 'num_init_tasks=4', 'net.dropout=0.0', 'train.num_epochs=4', 'train.component_update_freq=4', 'train.init_num_epochs=4', 'train.init_component_update_freq=4', 'train.save_freq=1', 'agent.use_contrastive=True', 'agent.memory_size=32', 'root_save_dir=experiment_results/fedavg/', 'sharing_strategy=grad_sharing', 'sharing_strategy.comm_freq=1', 'train=modular', 'job_name=fashionmnist_modular_numtrain_64_contrastive']
Traceback (most recent call last):
  File "/home/vlongle/learning-hive/experiments/run.py", line 41, in main
    fleet.train_and_comm(task_id)
  File "/home/vlongle/learning-hive/src/shell/fleet/fleet.py", line 325, in train_and_comm
    self.communicate(task_id if not final else task_id + 1,
  File "/home/vlongle/learning-hive/src/shell/fleet/fleet.py", line 343, in communicate
    ray.get([agent.process_communicate.remote(task_id, communication_round)
  File "/mnt/kostas-graid/sw/envs/vlongle/miniconda3/envs/shell/lib/python3.10/site-packages/ray/_private/client_mode_hook.py", line 105, in wrapper
    return func(*args, **kwargs)
  File "/mnt/kostas-graid/sw/envs/vlongle/miniconda3/envs/shell/lib/python3.10/site-packages/ray/_private/worker.py", line 2380, in get
    raise value.as_instanceof_cause()
ray.exceptions.RayTaskError(AssertionError): [36mray::ParallelModGrad.process_communicate()[39m (pid=3274886, ip=192.168.141.68, repr=<shell.fleet.grad.modgrad.ParallelModGrad object at 0x7f3928547190>)
  File "/home/vlongle/learning-hive/src/shell/fleet/grad/modgrad.py", line 61, in process_communicate
    self.reoptimize_past_structures(task_id, communication_round)
  File "/home/vlongle/learning-hive/src/shell/fleet/grad/modgrad.py", line 70, in reoptimize_past_structures
    assert len(self.agent.memory_loaders.values()) == task_id, f"task_id: {task_id}, len(self.agent.memory_loaders.values()): {len(self.agent.memory_loaders.values())}"
AssertionError: task_id: 7, len(self.agent.memory_loaders.values()): 6

Set the environment variable HYDRA_FULL_ERROR=1 for a complete stack trace.
