/mnt/kostas-graid/sw/envs/vlongle/miniconda3/envs/shell/lib/python3.10/site-packages/hydra/_internal/defaults_list.py:251: UserWarning: In 'config': Defaults list is missing `_self_`. See https://hydra.cc/docs/1.2/upgrades/1.0_to_1.1/default_composition_order for more information
  warnings.warn(msg, UserWarning)
2023-10-17 22:50:57,204	INFO worker.py:1544 -- Started a local Ray instance. View the dashboard at [1m[32m127.0.0.1:8265 [39m[22m
[2m[36m(ParallelModGrad pid=3640783)[0m INFO:root:Agent: node_id: 69420, seed: 69420001
[2m[36m(ParallelModGrad pid=3640783)[0m INFO:root:epochs: 0, training task: 0
[2m[36m(ParallelModGrad pid=3640783)[0m INFO:root:	task: 0	loss: 0.69195836	acc: 0.500
[2m[36m(ParallelModGrad pid=3640783)[0m INFO:root:	task: avg	loss: 0.69195836	acc: 0.500
[2m[36m(ParallelModGrad pid=3640783)[0m INFO:root:epochs: 0, training task: 0
[2m[36m(ParallelModGrad pid=3640783)[0m INFO:root:	task: 0	loss: 0.69195836	acc: 0.500
[2m[36m(ParallelModGrad pid=3640783)[0m INFO:root:	task: avg	loss: 0.69195836	acc: 0.500
[2m[36m(ParallelModGrad pid=3640783)[0m INFO:root:final components: 4
[2m[36m(ParallelModGrad pid=3640783)[0m INFO:root:epochs: 0, training task: 1
[2m[36m(ParallelModGrad pid=3640783)[0m INFO:root:	task: 0	loss: 0.69195836	acc: 0.500
[2m[36m(ParallelModGrad pid=3640783)[0m INFO:root:	task: 1	loss: 0.69412292	acc: 0.500
[2m[36m(ParallelModGrad pid=3640783)[0m INFO:root:	task: avg	loss: 0.69304064	acc: 0.500
[2m[36m(ParallelModGrad pid=3640783)[0m INFO:root:epochs: 0, training task: 1
[2m[36m(ParallelModGrad pid=3640783)[0m INFO:root:	task: 0	loss: 0.69195836	acc: 0.500
[2m[36m(ParallelModGrad pid=3640783)[0m INFO:root:	task: 1	loss: 0.69412292	acc: 0.500
[2m[36m(ParallelModGrad pid=3640783)[0m INFO:root:	task: avg	loss: 0.69304064	acc: 0.500
[2m[36m(ParallelModGrad pid=3640783)[0m INFO:root:final components: 4
[2m[36m(ParallelModGrad pid=3640783)[0m INFO:root:epochs: 0, training task: 2
[2m[36m(ParallelModGrad pid=3640783)[0m INFO:root:	task: 0	loss: 0.69195836	acc: 0.500
[2m[36m(ParallelModGrad pid=3640783)[0m INFO:root:	task: 1	loss: 0.69412292	acc: 0.500
[2m[36m(ParallelModGrad pid=3640783)[0m INFO:root:	task: 2	loss: 0.69304338	acc: 0.500
[2m[36m(ParallelModGrad pid=3640783)[0m INFO:root:	task: avg	loss: 0.69304155	acc: 0.500
[2m[36m(ParallelModGrad pid=3640783)[0m INFO:root:epochs: 0, training task: 2
[2m[36m(ParallelModGrad pid=3640783)[0m INFO:root:	task: 0	loss: 0.69195836	acc: 0.500
[2m[36m(ParallelModGrad pid=3640783)[0m INFO:root:	task: 1	loss: 0.69412292	acc: 0.500
[2m[36m(ParallelModGrad pid=3640783)[0m INFO:root:	task: 2	loss: 0.69304338	acc: 0.500
[2m[36m(ParallelModGrad pid=3640783)[0m INFO:root:	task: avg	loss: 0.69304155	acc: 0.500
[2m[36m(ParallelModGrad pid=3640783)[0m INFO:root:final components: 4
[2m[36m(ParallelModGrad pid=3640783)[0m INFO:root:epochs: 0, training task: 3
[2m[36m(ParallelModGrad pid=3640783)[0m INFO:root:	task: 0	loss: 0.69195836	acc: 0.500
[2m[36m(ParallelModGrad pid=3640783)[0m INFO:root:	task: 1	loss: 0.69412292	acc: 0.500
[2m[36m(ParallelModGrad pid=3640783)[0m INFO:root:	task: 2	loss: 0.69304338	acc: 0.500
[2m[36m(ParallelModGrad pid=3640783)[0m INFO:root:	task: 3	loss: 0.69365822	acc: 0.500
[2m[36m(ParallelModGrad pid=3640783)[0m INFO:root:	task: avg	loss: 0.69319572	acc: 0.500
[2m[36m(ParallelModGrad pid=3640783)[0m INFO:root:epochs: 1, training task: 3
[2m[36m(ParallelModGrad pid=3640783)[0m INFO:root:	task: 0	loss: 0.69062828	acc: 0.500
[2m[36m(ParallelModGrad pid=3640783)[0m INFO:root:	task: 1	loss: 0.69423827	acc: 0.500
[2m[36m(ParallelModGrad pid=3640783)[0m INFO:root:	task: 2	loss: 0.69303357	acc: 0.500
[2m[36m(ParallelModGrad pid=3640783)[0m INFO:root:	task: 3	loss: 0.69327615	acc: 0.500
[2m[36m(ParallelModGrad pid=3640783)[0m INFO:root:	task: avg	loss: 0.69279407	acc: 0.500
[2m[36m(ParallelModGrad pid=3640783)[0m INFO:root:epochs: 2, training task: 3
[2m[36m(ParallelModGrad pid=3640783)[0m INFO:root:	task: 0	loss: 0.68670609	acc: 0.500
[2m[36m(ParallelModGrad pid=3640783)[0m INFO:root:	task: 1	loss: 0.69489413	acc: 0.500
[2m[36m(ParallelModGrad pid=3640783)[0m INFO:root:	task: 2	loss: 0.69315614	acc: 0.500
[2m[36m(ParallelModGrad pid=3640783)[0m INFO:root:	task: 3	loss: 0.69124391	acc: 0.500
[2m[36m(ParallelModGrad pid=3640783)[0m INFO:root:	task: avg	loss: 0.69150007	acc: 0.500
[2m[36m(ParallelModGrad pid=3640783)[0m INFO:root:epochs: 3, training task: 3
[2m[36m(ParallelModGrad pid=3640783)[0m INFO:root:	task: 0	loss: 0.68144227	acc: 0.500
[2m[36m(ParallelModGrad pid=3640783)[0m INFO:root:	task: 1	loss: 0.69491676	acc: 0.500
[2m[36m(ParallelModGrad pid=3640783)[0m INFO:root:	task: 2	loss: 0.69323727	acc: 0.500
[2m[36m(ParallelModGrad pid=3640783)[0m INFO:root:	task: 3	loss: 0.68733913	acc: 0.511
[2m[36m(ParallelModGrad pid=3640783)[0m INFO:root:	task: avg	loss: 0.68923386	acc: 0.503
[2m[36m(ParallelModGrad pid=3640783)[0m INFO:root:epochs: 4, training task: 3
[2m[36m(ParallelModGrad pid=3640783)[0m INFO:root:	task: 0	loss: 0.67690626	acc: 0.651
[2m[36m(ParallelModGrad pid=3640783)[0m INFO:root:	task: 1	loss: 0.69465600	acc: 0.500
[2m[36m(ParallelModGrad pid=3640783)[0m INFO:root:	task: 2	loss: 0.69296665	acc: 0.500
[2m[36m(ParallelModGrad pid=3640783)[0m INFO:root:	task: 3	loss: 0.68132246	acc: 0.855
[2m[36m(ParallelModGrad pid=3640783)[0m INFO:root:	task: avg	loss: 0.68646284	acc: 0.627
[2m[36m(ParallelModGrad pid=3640783)[0m INFO:root:epochs: 5, training task: 3
[2m[36m(ParallelModGrad pid=3640783)[0m INFO:root:	task: 0	loss: 0.67690626	acc: 0.651
[2m[36m(ParallelModGrad pid=3640783)[0m INFO:root:	task: 1	loss: 0.69465600	acc: 0.500
[2m[36m(ParallelModGrad pid=3640783)[0m INFO:root:	task: 2	loss: 0.69296665	acc: 0.500
[2m[36m(ParallelModGrad pid=3640783)[0m INFO:root:	task: 3	loss: 0.68132246	acc: 0.855
[2m[36m(ParallelModGrad pid=3640783)[0m INFO:root:	task: avg	loss: 0.68646284	acc: 0.627
[2m[36m(ParallelModGrad pid=3640783)[0m INFO:root:final components: 4
[2m[36m(ParallelModGrad pid=3740366)[0m INFO:root:Agent: node_id: 0, seed: 1
[2m[36m(ParallelModGrad pid=3740435)[0m INFO:root:Agent: node_id: 1, seed: 1001
[2m[36m(ParallelModGrad pid=3740366)[0m INFO:root:epochs: 0, training task: 0
[2m[36m(ParallelModGrad pid=3740366)[0m INFO:root:	task: 0	loss: 0.69345772	acc: 0.500
[2m[36m(ParallelModGrad pid=3740366)[0m INFO:root:	task: avg	loss: 0.69345772	acc: 0.500
[2m[36m(ParallelModGrad pid=3740435)[0m INFO:root:epochs: 0, training task: 0
[2m[36m(ParallelModGrad pid=3740435)[0m INFO:root:	task: 0	loss: 0.69324467	acc: 0.500
[2m[36m(ParallelModGrad pid=3740435)[0m INFO:root:	task: avg	loss: 0.69324467	acc: 0.500
[2m[36m(ParallelModGrad pid=3740366)[0m INFO:root:epochs: 1, training task: 0
[2m[36m(ParallelModGrad pid=3740366)[0m INFO:root:	task: 0	loss: 0.69322881	acc: 0.500
[2m[36m(ParallelModGrad pid=3740366)[0m INFO:root:	task: avg	loss: 0.69322881	acc: 0.500
[2m[36m(ParallelModGrad pid=3740435)[0m INFO:root:epochs: 1, training task: 0
[2m[36m(ParallelModGrad pid=3740435)[0m INFO:root:	task: 0	loss: 0.69327511	acc: 0.500
[2m[36m(ParallelModGrad pid=3740435)[0m INFO:root:	task: avg	loss: 0.69327511	acc: 0.500
[2m[36m(ParallelModGrad pid=3740366)[0m INFO:root:AGGREGATING MODELS...no_components 5
[2m[36m(ParallelModGrad pid=3740435)[0m INFO:root:AGGREGATING MODELS...no_components 5
[2m[36m(ParallelModGrad pid=3740366)[0m INFO:root:epochs: 2, training task: 0
[2m[36m(ParallelModGrad pid=3740366)[0m INFO:root:	task: 0	loss: 0.69322796	acc: 0.500
[2m[36m(ParallelModGrad pid=3740366)[0m INFO:root:	task: avg	loss: 0.69322796	acc: 0.500
[2m[36m(ParallelModGrad pid=3740366)[0m INFO:root:AGGREGATING MODELS...no_components 5
[2m[36m(ParallelModGrad pid=3740435)[0m INFO:root:epochs: 2, training task: 0
[2m[36m(ParallelModGrad pid=3740435)[0m INFO:root:	task: 0	loss: 0.69330338	acc: 0.500
[2m[36m(ParallelModGrad pid=3740435)[0m INFO:root:	task: avg	loss: 0.69330338	acc: 0.500
[2m[36m(ParallelModGrad pid=3740435)[0m INFO:root:AGGREGATING MODELS...no_components 5
[2m[36m(ParallelModGrad pid=3740366)[0m INFO:root:epochs: 3, training task: 0
[2m[36m(ParallelModGrad pid=3740366)[0m INFO:root:	task: 0	loss: 0.69328568	acc: 0.500
[2m[36m(ParallelModGrad pid=3740366)[0m INFO:root:	task: avg	loss: 0.69328568	acc: 0.500
[2m[36m(ParallelModGrad pid=3740366)[0m INFO:root:AGGREGATING MODELS...no_components 5
[2m[36m(ParallelModGrad pid=3740435)[0m INFO:root:epochs: 3, training task: 0
[2m[36m(ParallelModGrad pid=3740435)[0m INFO:root:	task: 0	loss: 0.69330519	acc: 0.500
[2m[36m(ParallelModGrad pid=3740435)[0m INFO:root:	task: avg	loss: 0.69330519	acc: 0.500
[2m[36m(ParallelModGrad pid=3740435)[0m INFO:root:AGGREGATING MODELS...no_components 5
[2m[36m(ParallelModGrad pid=3740366)[0m INFO:root:epochs: 4, training task: 0
[2m[36m(ParallelModGrad pid=3740366)[0m INFO:root:	task: 0	loss: 0.69339376	acc: 0.500
[2m[36m(ParallelModGrad pid=3740366)[0m INFO:root:	task: avg	loss: 0.69339376	acc: 0.500
[2m[36m(ParallelModGrad pid=3740435)[0m INFO:root:epochs: 4, training task: 0
[2m[36m(ParallelModGrad pid=3740435)[0m INFO:root:	task: 0	loss: 0.69340451	acc: 0.500
[2m[36m(ParallelModGrad pid=3740435)[0m INFO:root:	task: avg	loss: 0.69340451	acc: 0.500
[2m[36m(ParallelModGrad pid=3740366)[0m INFO:root:candidate 4: W/update: 0.54, WO/update: 0.54, improv 0.0
[2m[36m(ParallelModGrad pid=3740366)[0m INFO:root:Not keeping any new modules. Total: 4
[2m[36m(ParallelModGrad pid=3740435)[0m INFO:root:candidate 4: W/update: 0.48, WO/update: 0.52, improv -0.07692307692307698
[2m[36m(ParallelModGrad pid=3740435)[0m INFO:root:Not keeping any new modules. Total: 4
[2m[36m(ParallelModGrad pid=3740366)[0m INFO:root:epochs: 5, training task: 0
[2m[36m(ParallelModGrad pid=3740366)[0m INFO:root:	task: 0	loss: 0.69336655	acc: 0.500
[2m[36m(ParallelModGrad pid=3740366)[0m INFO:root:	task: avg	loss: 0.69336655	acc: 0.500
[2m[36m(ParallelModGrad pid=3740435)[0m INFO:root:epochs: 5, training task: 0
[2m[36m(ParallelModGrad pid=3740435)[0m INFO:root:	task: 0	loss: 0.69323424	acc: 0.500
[2m[36m(ParallelModGrad pid=3740435)[0m INFO:root:	task: avg	loss: 0.69323424	acc: 0.500
[2m[36m(ParallelModGrad pid=3740435)[0m INFO:root:final components: 4
[2m[36m(ParallelModGrad pid=3740366)[0m INFO:root:final components: 4
[2m[36m(ParallelModGrad pid=3740366)[0m INFO:root:AGGREGATING MODELS...no_components 4
[2m[36m(ParallelModGrad pid=3740435)[0m INFO:root:AGGREGATING MODELS...no_components 4
[2m[36m(ParallelModGrad pid=3740366)[0m INFO:root:epochs: 0, training task: 1
[2m[36m(ParallelModGrad pid=3740366)[0m INFO:root:	task: 0	loss: 0.69338914	acc: 0.500
[2m[36m(ParallelModGrad pid=3740366)[0m INFO:root:	task: 1	loss: 0.69299424	acc: 0.500
[2m[36m(ParallelModGrad pid=3740366)[0m INFO:root:	task: avg	loss: 0.69319169	acc: 0.500
[2m[36m(ParallelModGrad pid=3740435)[0m INFO:root:epochs: 0, training task: 1
[2m[36m(ParallelModGrad pid=3740435)[0m INFO:root:	task: 0	loss: 0.69320860	acc: 0.500
[2m[36m(ParallelModGrad pid=3740435)[0m INFO:root:	task: 1	loss: 0.69660516	acc: 0.500
[2m[36m(ParallelModGrad pid=3740435)[0m INFO:root:	task: avg	loss: 0.69490688	acc: 0.500
[2m[36m(ParallelModGrad pid=3740366)[0m INFO:root:epochs: 1, training task: 1
[2m[36m(ParallelModGrad pid=3740366)[0m INFO:root:	task: 0	loss: 0.69338914	acc: 0.500
[2m[36m(ParallelModGrad pid=3740366)[0m INFO:root:	task: 1	loss: 0.69324483	acc: 0.500
[2m[36m(ParallelModGrad pid=3740366)[0m INFO:root:	task: avg	loss: 0.69331699	acc: 0.500
[2m[36m(ParallelModGrad pid=3740366)[0m INFO:root:AGGREGATING MODELS...no_components 5
[2m[36m(ParallelModGrad pid=3740435)[0m INFO:root:epochs: 1, training task: 1
[2m[36m(ParallelModGrad pid=3740435)[0m INFO:root:	task: 0	loss: 0.69320860	acc: 0.500
[2m[36m(ParallelModGrad pid=3740435)[0m INFO:root:	task: 1	loss: 0.69557260	acc: 0.500
[2m[36m(ParallelModGrad pid=3740435)[0m INFO:root:	task: avg	loss: 0.69439060	acc: 0.500
[2m[36m(ParallelModGrad pid=3740435)[0m INFO:root:AGGREGATING MODELS...no_components 5
[2m[36m(ParallelModGrad pid=3740366)[0m INFO:root:epochs: 2, training task: 1
[2m[36m(ParallelModGrad pid=3740366)[0m INFO:root:	task: 0	loss: 0.69344093	acc: 0.500
[2m[36m(ParallelModGrad pid=3740366)[0m INFO:root:	task: 1	loss: 0.69337102	acc: 0.500
[2m[36m(ParallelModGrad pid=3740366)[0m INFO:root:	task: avg	loss: 0.69340598	acc: 0.500
[2m[36m(ParallelModGrad pid=3740366)[0m INFO:root:AGGREGATING MODELS...no_components 5
[2m[36m(ParallelModGrad pid=3740435)[0m INFO:root:epochs: 2, training task: 1
[2m[36m(ParallelModGrad pid=3740435)[0m INFO:root:	task: 0	loss: 0.69323151	acc: 0.500
[2m[36m(ParallelModGrad pid=3740435)[0m INFO:root:	task: 1	loss: 0.69477778	acc: 0.500
[2m[36m(ParallelModGrad pid=3740435)[0m INFO:root:	task: avg	loss: 0.69400464	acc: 0.500
[2m[36m(ParallelModGrad pid=3740435)[0m INFO:root:AGGREGATING MODELS...no_components 5
[2m[36m(ParallelModGrad pid=3740366)[0m INFO:root:epochs: 3, training task: 1
[2m[36m(ParallelModGrad pid=3740366)[0m INFO:root:	task: 0	loss: 0.69350468	acc: 0.500
[2m[36m(ParallelModGrad pid=3740366)[0m INFO:root:	task: 1	loss: 0.69358778	acc: 0.500
[2m[36m(ParallelModGrad pid=3740366)[0m INFO:root:	task: avg	loss: 0.69354623	acc: 0.500
[2m[36m(ParallelModGrad pid=3740366)[0m INFO:root:AGGREGATING MODELS...no_components 5
[2m[36m(ParallelModGrad pid=3740435)[0m INFO:root:epochs: 3, training task: 1
[2m[36m(ParallelModGrad pid=3740435)[0m INFO:root:	task: 0	loss: 0.69326651	acc: 0.500
[2m[36m(ParallelModGrad pid=3740435)[0m INFO:root:	task: 1	loss: 0.69419968	acc: 0.500
[2m[36m(ParallelModGrad pid=3740435)[0m INFO:root:	task: avg	loss: 0.69373309	acc: 0.500
[2m[36m(ParallelModGrad pid=3740435)[0m INFO:root:AGGREGATING MODELS...no_components 5
[2m[36m(ParallelModGrad pid=3740366)[0m INFO:root:epochs: 4, training task: 1
[2m[36m(ParallelModGrad pid=3740366)[0m INFO:root:	task: 0	loss: 0.69386697	acc: 0.500
[2m[36m(ParallelModGrad pid=3740366)[0m INFO:root:	task: 1	loss: 0.69374207	acc: 0.500
[2m[36m(ParallelModGrad pid=3740366)[0m INFO:root:	task: avg	loss: 0.69380452	acc: 0.500
[2m[36m(ParallelModGrad pid=3740435)[0m INFO:root:epochs: 4, training task: 1
[2m[36m(ParallelModGrad pid=3740435)[0m INFO:root:	task: 0	loss: 0.69370999	acc: 0.500
[2m[36m(ParallelModGrad pid=3740435)[0m INFO:root:	task: 1	loss: 0.69453255	acc: 0.500
[2m[36m(ParallelModGrad pid=3740435)[0m INFO:root:	task: avg	loss: 0.69412127	acc: 0.500
[2m[36m(ParallelModGrad pid=3740366)[0m INFO:root:candidate 4: W/update: 0.58, WO/update: 0.58, improv 0.0
[2m[36m(ParallelModGrad pid=3740366)[0m INFO:root:Not keeping any new modules. Total: 4
[2m[36m(ParallelModGrad pid=3740435)[0m INFO:root:candidate 4: W/update: 0.49, WO/update: 0.49, improv 0.0
[2m[36m(ParallelModGrad pid=3740435)[0m INFO:root:Not keeping any new modules. Total: 4
[2m[36m(ParallelModGrad pid=3740366)[0m INFO:root:epochs: 5, training task: 1
[2m[36m(ParallelModGrad pid=3740366)[0m INFO:root:	task: 0	loss: 0.69386697	acc: 0.500
[2m[36m(ParallelModGrad pid=3740366)[0m INFO:root:	task: 1	loss: 0.69343691	acc: 0.500
[2m[36m(ParallelModGrad pid=3740366)[0m INFO:root:	task: avg	loss: 0.69365194	acc: 0.500
[2m[36m(ParallelModGrad pid=3740435)[0m INFO:root:epochs: 5, training task: 1
[2m[36m(ParallelModGrad pid=3740435)[0m INFO:root:	task: 0	loss: 0.69370999	acc: 0.500
[2m[36m(ParallelModGrad pid=3740435)[0m INFO:root:	task: 1	loss: 0.69449459	acc: 0.500
[2m[36m(ParallelModGrad pid=3740435)[0m INFO:root:	task: avg	loss: 0.69410229	acc: 0.500
[2m[36m(ParallelModGrad pid=3740366)[0m INFO:root:final components: 4
[2m[36m(ParallelModGrad pid=3740435)[0m INFO:root:final components: 4
[2m[36m(ParallelModGrad pid=3740366)[0m INFO:root:AGGREGATING MODELS...no_components 4
[2m[36m(ParallelModGrad pid=3740435)[0m INFO:root:AGGREGATING MODELS...no_components 4
[2m[36m(ParallelModGrad pid=3740366)[0m INFO:root:epochs: 0, training task: 2
[2m[36m(ParallelModGrad pid=3740366)[0m INFO:root:	task: 0	loss: 0.69395271	acc: 0.500
[2m[36m(ParallelModGrad pid=3740366)[0m INFO:root:	task: 1	loss: 0.69331456	acc: 0.500
[2m[36m(ParallelModGrad pid=3740366)[0m INFO:root:	task: 2	loss: 0.69508430	acc: 0.500
[2m[36m(ParallelModGrad pid=3740366)[0m INFO:root:	task: avg	loss: 0.69411719	acc: 0.500
[2m[36m(ParallelModGrad pid=3740435)[0m INFO:root:epochs: 0, training task: 2
[2m[36m(ParallelModGrad pid=3740435)[0m INFO:root:	task: 0	loss: 0.69351254	acc: 0.500
[2m[36m(ParallelModGrad pid=3740435)[0m INFO:root:	task: 1	loss: 0.69431573	acc: 0.500
[2m[36m(ParallelModGrad pid=3740435)[0m INFO:root:	task: 2	loss: 0.69363735	acc: 0.500
[2m[36m(ParallelModGrad pid=3740435)[0m INFO:root:	task: avg	loss: 0.69382187	acc: 0.500
[2m[36m(ParallelModGrad pid=3740366)[0m INFO:root:epochs: 1, training task: 2
[2m[36m(ParallelModGrad pid=3740366)[0m INFO:root:	task: 0	loss: 0.69395271	acc: 0.500
[2m[36m(ParallelModGrad pid=3740366)[0m INFO:root:	task: 1	loss: 0.69331456	acc: 0.500
[2m[36m(ParallelModGrad pid=3740366)[0m INFO:root:	task: 2	loss: 0.69472089	acc: 0.500
[2m[36m(ParallelModGrad pid=3740366)[0m INFO:root:	task: avg	loss: 0.69399605	acc: 0.500
[2m[36m(ParallelModGrad pid=3740366)[0m INFO:root:AGGREGATING MODELS...no_components 5
[2m[36m(ParallelModGrad pid=3740435)[0m INFO:root:epochs: 1, training task: 2
[2m[36m(ParallelModGrad pid=3740435)[0m INFO:root:	task: 0	loss: 0.69351254	acc: 0.500
[2m[36m(ParallelModGrad pid=3740435)[0m INFO:root:	task: 1	loss: 0.69431573	acc: 0.500
[2m[36m(ParallelModGrad pid=3740435)[0m INFO:root:	task: 2	loss: 0.69361530	acc: 0.500
[2m[36m(ParallelModGrad pid=3740435)[0m INFO:root:	task: avg	loss: 0.69381452	acc: 0.500
[2m[36m(ParallelModGrad pid=3740435)[0m INFO:root:AGGREGATING MODELS...no_components 5
[2m[36m(ParallelModGrad pid=3740366)[0m INFO:root:epochs: 2, training task: 2
[2m[36m(ParallelModGrad pid=3740366)[0m INFO:root:	task: 0	loss: 0.69405167	acc: 0.500
[2m[36m(ParallelModGrad pid=3740366)[0m INFO:root:	task: 1	loss: 0.69322839	acc: 0.500
[2m[36m(ParallelModGrad pid=3740366)[0m INFO:root:	task: 2	loss: 0.69434865	acc: 0.500
[2m[36m(ParallelModGrad pid=3740366)[0m INFO:root:	task: avg	loss: 0.69387623	acc: 0.500
[2m[36m(ParallelModGrad pid=3740366)[0m INFO:root:AGGREGATING MODELS...no_components 5
[2m[36m(ParallelModGrad pid=3740435)[0m INFO:root:epochs: 2, training task: 2
[2m[36m(ParallelModGrad pid=3740435)[0m INFO:root:	task: 0	loss: 0.69355508	acc: 0.500
[2m[36m(ParallelModGrad pid=3740435)[0m INFO:root:	task: 1	loss: 0.69420514	acc: 0.500
[2m[36m(ParallelModGrad pid=3740435)[0m INFO:root:	task: 2	loss: 0.69379379	acc: 0.500
[2m[36m(ParallelModGrad pid=3740435)[0m INFO:root:	task: avg	loss: 0.69385133	acc: 0.500
[2m[36m(ParallelModGrad pid=3740435)[0m INFO:root:AGGREGATING MODELS...no_components 5
[2m[36m(ParallelModGrad pid=3740366)[0m INFO:root:epochs: 3, training task: 2
[2m[36m(ParallelModGrad pid=3740366)[0m INFO:root:	task: 0	loss: 0.69415363	acc: 0.500
[2m[36m(ParallelModGrad pid=3740366)[0m INFO:root:	task: 1	loss: 0.69315302	acc: 0.500
[2m[36m(ParallelModGrad pid=3740366)[0m INFO:root:	task: 2	loss: 0.69409084	acc: 0.500
[2m[36m(ParallelModGrad pid=3740366)[0m INFO:root:	task: avg	loss: 0.69379916	acc: 0.500
[2m[36m(ParallelModGrad pid=3740366)[0m INFO:root:AGGREGATING MODELS...no_components 5
[2m[36m(ParallelModGrad pid=3740435)[0m INFO:root:epochs: 3, training task: 2
[2m[36m(ParallelModGrad pid=3740435)[0m INFO:root:	task: 0	loss: 0.69360892	acc: 0.500
[2m[36m(ParallelModGrad pid=3740435)[0m INFO:root:	task: 1	loss: 0.69410693	acc: 0.500
[2m[36m(ParallelModGrad pid=3740435)[0m INFO:root:	task: 2	loss: 0.69385360	acc: 0.500
[2m[36m(ParallelModGrad pid=3740435)[0m INFO:root:	task: avg	loss: 0.69385648	acc: 0.500
[2m[36m(ParallelModGrad pid=3740435)[0m INFO:root:AGGREGATING MODELS...no_components 5
[2m[36m(ParallelModGrad pid=3740366)[0m INFO:root:epochs: 4, training task: 2
[2m[36m(ParallelModGrad pid=3740366)[0m INFO:root:	task: 0	loss: 0.69508870	acc: 0.500
[2m[36m(ParallelModGrad pid=3740366)[0m INFO:root:	task: 1	loss: 0.69323960	acc: 0.500
[2m[36m(ParallelModGrad pid=3740366)[0m INFO:root:	task: 2	loss: 0.69584270	acc: 0.500
[2m[36m(ParallelModGrad pid=3740366)[0m INFO:root:	task: avg	loss: 0.69472367	acc: 0.500
[2m[36m(ParallelModGrad pid=3740435)[0m INFO:root:epochs: 4, training task: 2
[2m[36m(ParallelModGrad pid=3740435)[0m INFO:root:	task: 0	loss: 0.69411932	acc: 0.500
[2m[36m(ParallelModGrad pid=3740435)[0m INFO:root:	task: 1	loss: 0.69460694	acc: 0.500
[2m[36m(ParallelModGrad pid=3740435)[0m INFO:root:	task: 2	loss: 0.69396165	acc: 0.500
[2m[36m(ParallelModGrad pid=3740435)[0m INFO:root:	task: avg	loss: 0.69422930	acc: 0.500
[2m[36m(ParallelModGrad pid=3740366)[0m INFO:root:candidate 4: W/update: 0.41, WO/update: 0.41, improv 0.0
[2m[36m(ParallelModGrad pid=3740366)[0m INFO:root:Not keeping any new modules. Total: 4
[2m[36m(ParallelModGrad pid=3740435)[0m INFO:root:candidate 4: W/update: 0.41, WO/update: 0.41, improv 0.0
[2m[36m(ParallelModGrad pid=3740435)[0m INFO:root:Not keeping any new modules. Total: 4
[2m[36m(ParallelModGrad pid=3740366)[0m INFO:root:epochs: 5, training task: 2
[2m[36m(ParallelModGrad pid=3740366)[0m INFO:root:	task: 0	loss: 0.69508870	acc: 0.500
[2m[36m(ParallelModGrad pid=3740366)[0m INFO:root:	task: 1	loss: 0.69323960	acc: 0.500
[2m[36m(ParallelModGrad pid=3740366)[0m INFO:root:	task: 2	loss: 0.69664538	acc: 0.500
[2m[36m(ParallelModGrad pid=3740366)[0m INFO:root:	task: avg	loss: 0.69499123	acc: 0.500
[2m[36m(ParallelModGrad pid=3740435)[0m INFO:root:epochs: 5, training task: 2
[2m[36m(ParallelModGrad pid=3740435)[0m INFO:root:	task: 0	loss: 0.69411932	acc: 0.500
[2m[36m(ParallelModGrad pid=3740435)[0m INFO:root:	task: 1	loss: 0.69460694	acc: 0.500
[2m[36m(ParallelModGrad pid=3740435)[0m INFO:root:	task: 2	loss: 0.69367196	acc: 0.500
[2m[36m(ParallelModGrad pid=3740435)[0m INFO:root:	task: avg	loss: 0.69413274	acc: 0.500
[2m[36m(ParallelModGrad pid=3740366)[0m INFO:root:final components: 4
[2m[36m(ParallelModGrad pid=3740435)[0m INFO:root:final components: 4
[2m[36m(ParallelModGrad pid=3740366)[0m INFO:root:AGGREGATING MODELS...no_components 4
[2m[36m(ParallelModGrad pid=3740435)[0m INFO:root:AGGREGATING MODELS...no_components 4
[2m[36m(ParallelModGrad pid=3740366)[0m INFO:root:epochs: 0, training task: 3
[2m[36m(ParallelModGrad pid=3740366)[0m INFO:root:	task: 0	loss: 0.69513000	acc: 0.500
[2m[36m(ParallelModGrad pid=3740366)[0m INFO:root:	task: 1	loss: 0.69306925	acc: 0.500
[2m[36m(ParallelModGrad pid=3740366)[0m INFO:root:	task: 2	loss: 0.69666803	acc: 0.497
[2m[36m(ParallelModGrad pid=3740366)[0m INFO:root:	task: 3	loss: 0.69310051	acc: 0.500
[2m[36m(ParallelModGrad pid=3740366)[0m INFO:root:	task: avg	loss: 0.69449195	acc: 0.499
[2m[36m(ParallelModGrad pid=3740435)[0m INFO:root:epochs: 0, training task: 3
[2m[36m(ParallelModGrad pid=3740435)[0m INFO:root:	task: 0	loss: 0.69407032	acc: 0.500
[2m[36m(ParallelModGrad pid=3740435)[0m INFO:root:	task: 1	loss: 0.69455192	acc: 0.500
[2m[36m(ParallelModGrad pid=3740435)[0m INFO:root:	task: 2	loss: 0.69381951	acc: 0.500
[2m[36m(ParallelModGrad pid=3740435)[0m INFO:root:	task: 3	loss: 0.69362086	acc: 0.500
[2m[36m(ParallelModGrad pid=3740435)[0m INFO:root:	task: avg	loss: 0.69401565	acc: 0.500
[2m[36m(ParallelModGrad pid=3740366)[0m INFO:root:epochs: 1, training task: 3
[2m[36m(ParallelModGrad pid=3740366)[0m INFO:root:	task: 0	loss: 0.69513000	acc: 0.500
[2m[36m(ParallelModGrad pid=3740366)[0m INFO:root:	task: 1	loss: 0.69306925	acc: 0.500
[2m[36m(ParallelModGrad pid=3740366)[0m INFO:root:	task: 2	loss: 0.69666803	acc: 0.497
[2m[36m(ParallelModGrad pid=3740366)[0m INFO:root:	task: 3	loss: 0.69328758	acc: 0.500
[2m[36m(ParallelModGrad pid=3740366)[0m INFO:root:	task: avg	loss: 0.69453872	acc: 0.499
[2m[36m(ParallelModGrad pid=3740366)[0m INFO:root:AGGREGATING MODELS...no_components 5
[2m[36m(ParallelModGrad pid=3740435)[0m INFO:root:epochs: 1, training task: 3
[2m[36m(ParallelModGrad pid=3740435)[0m INFO:root:	task: 0	loss: 0.69407032	acc: 0.500
[2m[36m(ParallelModGrad pid=3740435)[0m INFO:root:	task: 1	loss: 0.69455192	acc: 0.500
[2m[36m(ParallelModGrad pid=3740435)[0m INFO:root:	task: 2	loss: 0.69381951	acc: 0.500
[2m[36m(ParallelModGrad pid=3740435)[0m INFO:root:	task: 3	loss: 0.69322590	acc: 0.500
[2m[36m(ParallelModGrad pid=3740435)[0m INFO:root:	task: avg	loss: 0.69391691	acc: 0.500
[2m[36m(ParallelModGrad pid=3740435)[0m INFO:root:AGGREGATING MODELS...no_components 5
[2m[36m(ParallelModGrad pid=3740435)[0m INFO:root:epochs: 2, training task: 3
[2m[36m(ParallelModGrad pid=3740435)[0m INFO:root:	task: 0	loss: 0.69397259	acc: 0.500
[2m[36m(ParallelModGrad pid=3740366)[0m INFO:root:epochs: 2, training task: 3
[2m[36m(ParallelModGrad pid=3740366)[0m INFO:root:	task: 0	loss: 0.69514741	acc: 0.500
[2m[36m(ParallelModGrad pid=3740366)[0m INFO:root:	task: 1	loss: 0.69295410	acc: 0.500
[2m[36m(ParallelModGrad pid=3740366)[0m INFO:root:	task: 2	loss: 0.69649184	acc: 0.458
[2m[36m(ParallelModGrad pid=3740366)[0m INFO:root:	task: 3	loss: 0.69325265	acc: 0.500
[2m[36m(ParallelModGrad pid=3740366)[0m INFO:root:	task: avg	loss: 0.69446150	acc: 0.489
[2m[36m(ParallelModGrad pid=3740435)[0m INFO:root:	task: 1	loss: 0.69450184	acc: 0.500
[2m[36m(ParallelModGrad pid=3740435)[0m INFO:root:	task: 2	loss: 0.69395893	acc: 0.500
[2m[36m(ParallelModGrad pid=3740435)[0m INFO:root:	task: 3	loss: 0.69315746	acc: 0.500
[2m[36m(ParallelModGrad pid=3740435)[0m INFO:root:	task: avg	loss: 0.69389771	acc: 0.500
[2m[36m(ParallelModGrad pid=3740366)[0m INFO:root:AGGREGATING MODELS...no_components 5
[2m[36m(ParallelModGrad pid=3740435)[0m INFO:root:AGGREGATING MODELS...no_components 5
[2m[36m(ParallelModGrad pid=3740366)[0m INFO:root:epochs: 3, training task: 3
[2m[36m(ParallelModGrad pid=3740366)[0m INFO:root:	task: 0	loss: 0.69516402	acc: 0.500
[2m[36m(ParallelModGrad pid=3740366)[0m INFO:root:	task: 1	loss: 0.69284943	acc: 0.500
[2m[36m(ParallelModGrad pid=3740366)[0m INFO:root:	task: 2	loss: 0.69632298	acc: 0.400
[2m[36m(ParallelModGrad pid=3740366)[0m INFO:root:	task: 3	loss: 0.69330425	acc: 0.500
[2m[36m(ParallelModGrad pid=3740366)[0m INFO:root:	task: avg	loss: 0.69441017	acc: 0.475
[2m[36m(ParallelModGrad pid=3740366)[0m INFO:root:AGGREGATING MODELS...no_components 5
[2m[36m(ParallelModGrad pid=3740435)[0m INFO:root:epochs: 3, training task: 3
[2m[36m(ParallelModGrad pid=3740435)[0m INFO:root:	task: 0	loss: 0.69388013	acc: 0.500
[2m[36m(ParallelModGrad pid=3740435)[0m INFO:root:	task: 1	loss: 0.69446460	acc: 0.508
[2m[36m(ParallelModGrad pid=3740435)[0m INFO:root:	task: 2	loss: 0.69411019	acc: 0.500
[2m[36m(ParallelModGrad pid=3740435)[0m INFO:root:	task: 3	loss: 0.69323780	acc: 0.500
[2m[36m(ParallelModGrad pid=3740435)[0m INFO:root:	task: avg	loss: 0.69392318	acc: 0.502
[2m[36m(ParallelModGrad pid=3740435)[0m INFO:root:AGGREGATING MODELS...no_components 5
[2m[36m(ParallelModGrad pid=3740366)[0m INFO:root:epochs: 4, training task: 3
[2m[36m(ParallelModGrad pid=3740366)[0m INFO:root:	task: 0	loss: 0.69492037	acc: 0.500
[2m[36m(ParallelModGrad pid=3740366)[0m INFO:root:	task: 1	loss: 0.69280537	acc: 0.500
[2m[36m(ParallelModGrad pid=3740366)[0m INFO:root:	task: 2	loss: 0.69699693	acc: 0.415
[2m[36m(ParallelModGrad pid=3740366)[0m INFO:root:	task: 3	loss: 0.69322815	acc: 0.500
[2m[36m(ParallelModGrad pid=3740366)[0m INFO:root:	task: avg	loss: 0.69448771	acc: 0.479
[2m[36m(ParallelModGrad pid=3740435)[0m INFO:root:epochs: 4, training task: 3
[2m[36m(ParallelModGrad pid=3740435)[0m INFO:root:	task: 0	loss: 0.69343848	acc: 0.500
[2m[36m(ParallelModGrad pid=3740435)[0m INFO:root:	task: 1	loss: 0.69454353	acc: 0.513
[2m[36m(ParallelModGrad pid=3740435)[0m INFO:root:	task: 2	loss: 0.69526157	acc: 0.500
[2m[36m(ParallelModGrad pid=3740435)[0m INFO:root:	task: 3	loss: 0.69277230	acc: 0.500
[2m[36m(ParallelModGrad pid=3740435)[0m INFO:root:	task: avg	loss: 0.69400397	acc: 0.503
[2m[36m(ParallelModGrad pid=3740366)[0m INFO:root:candidate 4: W/update: 0.51, WO/update: 0.51, improv 0.0
[2m[36m(ParallelModGrad pid=3740366)[0m INFO:root:Not keeping any new modules. Total: 4
[2m[36m(ParallelModGrad pid=3740435)[0m INFO:root:candidate 4: W/update: 0.49, WO/update: 0.49, improv 0.0
[2m[36m(ParallelModGrad pid=3740435)[0m INFO:root:Not keeping any new modules. Total: 4
[2m[36m(ParallelModGrad pid=3740366)[0m INFO:root:epochs: 5, training task: 3
[2m[36m(ParallelModGrad pid=3740366)[0m INFO:root:	task: 0	loss: 0.69492037	acc: 0.500
[2m[36m(ParallelModGrad pid=3740366)[0m INFO:root:	task: 1	loss: 0.69280537	acc: 0.500
[2m[36m(ParallelModGrad pid=3740366)[0m INFO:root:	task: 2	loss: 0.69699693	acc: 0.415
[2m[36m(ParallelModGrad pid=3740366)[0m INFO:root:	task: 3	loss: 0.69316242	acc: 0.500
[2m[36m(ParallelModGrad pid=3740366)[0m INFO:root:	task: avg	loss: 0.69447127	acc: 0.479
[2m[36m(ParallelModGrad pid=3740435)[0m INFO:root:epochs: 5, training task: 3
[2m[36m(ParallelModGrad pid=3740435)[0m INFO:root:	task: 0	loss: 0.69343848	acc: 0.500
[2m[36m(ParallelModGrad pid=3740435)[0m INFO:root:	task: 1	loss: 0.69454353	acc: 0.513
[2m[36m(ParallelModGrad pid=3740435)[0m INFO:root:	task: 2	loss: 0.69526157	acc: 0.500
[2m[36m(ParallelModGrad pid=3740435)[0m INFO:root:	task: 3	loss: 0.69120131	acc: 0.500
[2m[36m(ParallelModGrad pid=3740435)[0m INFO:root:	task: avg	loss: 0.69361122	acc: 0.503
[2m[36m(ParallelModGrad pid=3740366)[0m INFO:root:final components: 4
[2m[36m(ParallelModGrad pid=3740435)[0m INFO:root:final components: 4
[2m[36m(ParallelModGrad pid=3740366)[0m INFO:root:AGGREGATING MODELS...no_components 4
[2m[36m(ParallelModGrad pid=3740435)[0m INFO:root:AGGREGATING MODELS...no_components 4
[2m[36m(ParallelModGrad pid=3740366)[0m INFO:root:epochs: 0, training task: 4
[2m[36m(ParallelModGrad pid=3740366)[0m INFO:root:	task: 0	loss: 0.69538743	acc: 0.500
[2m[36m(ParallelModGrad pid=3740366)[0m INFO:root:	task: 1	loss: 0.69262837	acc: 0.500
[2m[36m(ParallelModGrad pid=3740366)[0m INFO:root:	task: 2	loss: 0.69900159	acc: 0.235
[2m[36m(ParallelModGrad pid=3740366)[0m INFO:root:	task: 3	loss: 0.69316439	acc: 0.500
[2m[36m(ParallelModGrad pid=3740366)[0m INFO:root:	task: 4	loss: 0.68863613	acc: 0.837
[2m[36m(ParallelModGrad pid=3740366)[0m INFO:root:	task: avg	loss: 0.69376358	acc: 0.514
[2m[36m(ParallelModGrad pid=3740435)[0m INFO:root:epochs: 0, training task: 4
[2m[36m(ParallelModGrad pid=3740435)[0m INFO:root:	task: 0	loss: 0.69439970	acc: 0.500
[2m[36m(ParallelModGrad pid=3740435)[0m INFO:root:	task: 1	loss: 0.69470312	acc: 0.507
[2m[36m(ParallelModGrad pid=3740435)[0m INFO:root:	task: 2	loss: 0.69435201	acc: 0.500
[2m[36m(ParallelModGrad pid=3740435)[0m INFO:root:	task: 3	loss: 0.69227119	acc: 0.500
[2m[36m(ParallelModGrad pid=3740435)[0m INFO:root:	task: 4	loss: 0.69268542	acc: 0.502
[2m[36m(ParallelModGrad pid=3740435)[0m INFO:root:	task: avg	loss: 0.69368229	acc: 0.502
[2m[36m(ParallelModGrad pid=3740366)[0m INFO:root:epochs: 1, training task: 4
[2m[36m(ParallelModGrad pid=3740366)[0m INFO:root:	task: 0	loss: 0.69538743	acc: 0.500
[2m[36m(ParallelModGrad pid=3740366)[0m INFO:root:	task: 1	loss: 0.69262837	acc: 0.500
[2m[36m(ParallelModGrad pid=3740366)[0m INFO:root:	task: 2	loss: 0.69900159	acc: 0.235
[2m[36m(ParallelModGrad pid=3740366)[0m INFO:root:	task: 3	loss: 0.69316439	acc: 0.500
[2m[36m(ParallelModGrad pid=3740366)[0m INFO:root:	task: 4	loss: 0.69025722	acc: 0.688
[2m[36m(ParallelModGrad pid=3740366)[0m INFO:root:	task: avg	loss: 0.69408780	acc: 0.485
[2m[36m(ParallelModGrad pid=3740435)[0m INFO:root:epochs: 1, training task: 4
[2m[36m(ParallelModGrad pid=3740435)[0m INFO:root:	task: 0	loss: 0.69439970	acc: 0.500
[2m[36m(ParallelModGrad pid=3740435)[0m INFO:root:	task: 1	loss: 0.69470312	acc: 0.507
[2m[36m(ParallelModGrad pid=3740435)[0m INFO:root:	task: 2	loss: 0.69435201	acc: 0.500
[2m[36m(ParallelModGrad pid=3740435)[0m INFO:root:	task: 3	loss: 0.69227119	acc: 0.500
[2m[36m(ParallelModGrad pid=3740435)[0m INFO:root:	task: 4	loss: 0.69298058	acc: 0.547
[2m[36m(ParallelModGrad pid=3740435)[0m INFO:root:	task: avg	loss: 0.69374132	acc: 0.511
[2m[36m(ParallelModGrad pid=3740366)[0m INFO:root:AGGREGATING MODELS...no_components 5
[2m[36m(ParallelModGrad pid=3740435)[0m INFO:root:AGGREGATING MODELS...no_components 5
[2m[36m(ParallelModGrad pid=3740366)[0m INFO:root:epochs: 2, training task: 4
[2m[36m(ParallelModGrad pid=3740366)[0m INFO:root:	task: 0	loss: 0.69527615	acc: 0.500
[2m[36m(ParallelModGrad pid=3740366)[0m INFO:root:	task: 1	loss: 0.69248048	acc: 0.500
[2m[36m(ParallelModGrad pid=3740366)[0m INFO:root:	task: 2	loss: 0.69846057	acc: 0.222
[2m[36m(ParallelModGrad pid=3740366)[0m INFO:root:	task: 3	loss: 0.69308555	acc: 0.500
[2m[36m(ParallelModGrad pid=3740366)[0m INFO:root:	task: 4	loss: 0.68942293	acc: 0.839
[2m[36m(ParallelModGrad pid=3740366)[0m INFO:root:	task: avg	loss: 0.69374514	acc: 0.512
[2m[36m(ParallelModGrad pid=3740366)[0m INFO:root:AGGREGATING MODELS...no_components 5
[2m[36m(ParallelModGrad pid=3740435)[0m INFO:root:epochs: 2, training task: 4
[2m[36m(ParallelModGrad pid=3740435)[0m INFO:root:	task: 0	loss: 0.69396706	acc: 0.500
[2m[36m(ParallelModGrad pid=3740435)[0m INFO:root:	task: 1	loss: 0.69466963	acc: 0.497
[2m[36m(ParallelModGrad pid=3740435)[0m INFO:root:	task: 2	loss: 0.69420914	acc: 0.500
[2m[36m(ParallelModGrad pid=3740435)[0m INFO:root:	task: 3	loss: 0.69184926	acc: 0.500
[2m[36m(ParallelModGrad pid=3740435)[0m INFO:root:	task: 4	loss: 0.69298122	acc: 0.523
[2m[36m(ParallelModGrad pid=3740435)[0m INFO:root:	task: avg	loss: 0.69353526	acc: 0.504
[2m[36m(ParallelModGrad pid=3740435)[0m INFO:root:AGGREGATING MODELS...no_components 5
[2m[36m(ParallelModGrad pid=3740366)[0m INFO:root:epochs: 3, training task: 4
[2m[36m(ParallelModGrad pid=3740366)[0m INFO:root:	task: 0	loss: 0.69516338	acc: 0.500
[2m[36m(ParallelModGrad pid=3740366)[0m INFO:root:	task: 1	loss: 0.69234135	acc: 0.500
[2m[36m(ParallelModGrad pid=3740366)[0m INFO:root:	task: 2	loss: 0.69792155	acc: 0.197
[2m[36m(ParallelModGrad pid=3740366)[0m INFO:root:	task: 3	loss: 0.69302022	acc: 0.500
[2m[36m(ParallelModGrad pid=3740366)[0m INFO:root:	task: 4	loss: 0.68854986	acc: 0.873
[2m[36m(ParallelModGrad pid=3740366)[0m INFO:root:	task: avg	loss: 0.69339927	acc: 0.514
[2m[36m(ParallelModGrad pid=3740435)[0m INFO:root:epochs: 3, training task: 4
[2m[36m(ParallelModGrad pid=3740435)[0m INFO:root:	task: 0	loss: 0.69353732	acc: 0.500
[2m[36m(ParallelModGrad pid=3740435)[0m INFO:root:	task: 1	loss: 0.69464873	acc: 0.449
[2m[36m(ParallelModGrad pid=3740435)[0m INFO:root:	task: 2	loss: 0.69407384	acc: 0.500
[2m[36m(ParallelModGrad pid=3740435)[0m INFO:root:	task: 3	loss: 0.69142960	acc: 0.500
[2m[36m(ParallelModGrad pid=3740435)[0m INFO:root:	task: 4	loss: 0.69301042	acc: 0.500
[2m[36m(ParallelModGrad pid=3740435)[0m INFO:root:	task: avg	loss: 0.69333998	acc: 0.490
[2m[36m(ParallelModGrad pid=3740366)[0m INFO:root:AGGREGATING MODELS...no_components 5
[2m[36m(ParallelModGrad pid=3740435)[0m INFO:root:AGGREGATING MODELS...no_components 5
[2m[36m(ParallelModGrad pid=3740366)[0m INFO:root:epochs: 4, training task: 4
[2m[36m(ParallelModGrad pid=3740366)[0m INFO:root:	task: 0	loss: 0.69467681	acc: 0.500
[2m[36m(ParallelModGrad pid=3740366)[0m INFO:root:	task: 1	loss: 0.69208947	acc: 0.500
[2m[36m(ParallelModGrad pid=3740366)[0m INFO:root:	task: 2	loss: 0.69886504	acc: 0.209
[2m[36m(ParallelModGrad pid=3740366)[0m INFO:root:	task: 3	loss: 0.69288482	acc: 0.500
[2m[36m(ParallelModGrad pid=3740366)[0m INFO:root:	task: 4	loss: 0.68566769	acc: 0.895
[2m[36m(ParallelModGrad pid=3740366)[0m INFO:root:	task: avg	loss: 0.69283677	acc: 0.521
[2m[36m(ParallelModGrad pid=3740435)[0m INFO:root:epochs: 4, training task: 4
[2m[36m(ParallelModGrad pid=3740435)[0m INFO:root:	task: 0	loss: 0.69347143	acc: 0.500
[2m[36m(ParallelModGrad pid=3740435)[0m INFO:root:	task: 1	loss: 0.69303694	acc: 0.515
[2m[36m(ParallelModGrad pid=3740435)[0m INFO:root:	task: 2	loss: 0.69424568	acc: 0.500
[2m[36m(ParallelModGrad pid=3740435)[0m INFO:root:	task: 3	loss: 0.68726460	acc: 0.500
[2m[36m(ParallelModGrad pid=3740435)[0m INFO:root:	task: 4	loss: 0.69306512	acc: 0.500
[2m[36m(ParallelModGrad pid=3740435)[0m INFO:root:	task: avg	loss: 0.69221675	acc: 0.503
[2m[36m(ParallelModGrad pid=3740366)[0m INFO:root:candidate 4: W/update: 0.92, WO/update: 0.77, improv 0.19480519480519484
[2m[36m(ParallelModGrad pid=3740366)[0m INFO:root:Keeping new module 4. Total: 5
[2m[36m(ParallelModGrad pid=3740435)[0m INFO:root:candidate 4: W/update: 0.52, WO/update: 0.52, improv 0.0
[2m[36m(ParallelModGrad pid=3740435)[0m INFO:root:Not keeping any new modules. Total: 4
[2m[36m(ParallelModGrad pid=3740366)[0m INFO:root:epochs: 5, training task: 4
[2m[36m(ParallelModGrad pid=3740366)[0m INFO:root:	task: 0	loss: 0.69467681	acc: 0.500
[2m[36m(ParallelModGrad pid=3740366)[0m INFO:root:	task: 1	loss: 0.69208947	acc: 0.500
[2m[36m(ParallelModGrad pid=3740366)[0m INFO:root:	task: 2	loss: 0.69886504	acc: 0.209
[2m[36m(ParallelModGrad pid=3740366)[0m INFO:root:	task: 3	loss: 0.69288482	acc: 0.500
[2m[36m(ParallelModGrad pid=3740366)[0m INFO:root:	task: 4	loss: 0.68272089	acc: 0.895
[2m[36m(ParallelModGrad pid=3740366)[0m INFO:root:	task: avg	loss: 0.69224741	acc: 0.521
[2m[36m(ParallelModGrad pid=3740435)[0m INFO:root:epochs: 5, training task: 4
[2m[36m(ParallelModGrad pid=3740435)[0m INFO:root:	task: 0	loss: 0.69347143	acc: 0.500
[2m[36m(ParallelModGrad pid=3740435)[0m INFO:root:	task: 1	loss: 0.69303694	acc: 0.515
[2m[36m(ParallelModGrad pid=3740435)[0m INFO:root:	task: 2	loss: 0.69424568	acc: 0.500
[2m[36m(ParallelModGrad pid=3740435)[0m INFO:root:	task: 3	loss: 0.68726460	acc: 0.500
[2m[36m(ParallelModGrad pid=3740435)[0m INFO:root:	task: 4	loss: 0.69283078	acc: 0.492
[2m[36m(ParallelModGrad pid=3740435)[0m INFO:root:	task: avg	loss: 0.69216989	acc: 0.501
[2m[36m(ParallelModGrad pid=3740366)[0m INFO:root:final components: 5
[2m[36m(ParallelModGrad pid=3740435)[0m INFO:root:final components: 4
[2m[36m(ParallelModGrad pid=3740366)[0m INFO:root:AGGREGATING MODELS...no_components 5
[2m[36m(ParallelModGrad pid=3740435)[0m INFO:root:AGGREGATING MODELS...no_components 4
[2m[36m(ParallelModGrad pid=3740366)[0m INFO:root:epochs: 0, training task: 5
[2m[36m(ParallelModGrad pid=3740366)[0m INFO:root:	task: 0	loss: 0.69478905	acc: 0.500
[2m[36m(ParallelModGrad pid=3740366)[0m INFO:root:	task: 1	loss: 0.69209799	acc: 0.500
[2m[36m(ParallelModGrad pid=3740366)[0m INFO:root:	task: 2	loss: 0.69908453	acc: 0.141
[2m[36m(ParallelModGrad pid=3740366)[0m INFO:root:	task: 3	loss: 0.69287740	acc: 0.500
[2m[36m(ParallelModGrad pid=3740366)[0m INFO:root:	task: 4	loss: 0.68145067	acc: 0.886
[2m[36m(ParallelModGrad pid=3740366)[0m INFO:root:	task: 5	loss: 0.69346726	acc: 0.500
[2m[36m(ParallelModGrad pid=3740366)[0m INFO:root:	task: avg	loss: 0.69229448	acc: 0.505
[2m[36m(ParallelModGrad pid=3740435)[0m INFO:root:epochs: 0, training task: 5
[2m[36m(ParallelModGrad pid=3740435)[0m INFO:root:	task: 0	loss: 0.69398578	acc: 0.500
[2m[36m(ParallelModGrad pid=3740435)[0m INFO:root:	task: 1	loss: 0.69297103	acc: 0.518
[2m[36m(ParallelModGrad pid=3740435)[0m INFO:root:	task: 2	loss: 0.69274171	acc: 0.500
[2m[36m(ParallelModGrad pid=3740435)[0m INFO:root:	task: 3	loss: 0.68775468	acc: 0.500
[2m[36m(ParallelModGrad pid=3740435)[0m INFO:root:	task: 4	loss: 0.69272548	acc: 0.507
[2m[36m(ParallelModGrad pid=3740435)[0m INFO:root:	task: 5	loss: 0.69905445	acc: 0.500
[2m[36m(ParallelModGrad pid=3740435)[0m INFO:root:	task: avg	loss: 0.69320552	acc: 0.504
[2m[36m(ParallelModGrad pid=3740435)[0m INFO:root:epochs: 1, training task: 5
[2m[36m(ParallelModGrad pid=3740435)[0m INFO:root:	task: 0	loss: 0.69398578	acc: 0.500
[2m[36m(ParallelModGrad pid=3740435)[0m INFO:root:	task: 1	loss: 0.69297103	acc: 0.518
[2m[36m(ParallelModGrad pid=3740435)[0m INFO:root:	task: 2	loss: 0.69274171	acc: 0.500
[2m[36m(ParallelModGrad pid=3740435)[0m INFO:root:	task: 3	loss: 0.68775468	acc: 0.500
[2m[36m(ParallelModGrad pid=3740435)[0m INFO:root:	task: 4	loss: 0.69272548	acc: 0.507
[2m[36m(ParallelModGrad pid=3740435)[0m INFO:root:	task: 5	loss: 0.69636546	acc: 0.500
[2m[36m(ParallelModGrad pid=3740435)[0m INFO:root:	task: avg	loss: 0.69275735	acc: 0.504
[2m[36m(ParallelModGrad pid=3740366)[0m INFO:root:epochs: 1, training task: 5
[2m[36m(ParallelModGrad pid=3740366)[0m INFO:root:	task: 0	loss: 0.69478905	acc: 0.500
[2m[36m(ParallelModGrad pid=3740366)[0m INFO:root:	task: 1	loss: 0.69209799	acc: 0.500
[2m[36m(ParallelModGrad pid=3740366)[0m INFO:root:	task: 2	loss: 0.69908453	acc: 0.141
[2m[36m(ParallelModGrad pid=3740366)[0m INFO:root:	task: 3	loss: 0.69287740	acc: 0.500
[2m[36m(ParallelModGrad pid=3740366)[0m INFO:root:	task: 4	loss: 0.68145067	acc: 0.886
[2m[36m(ParallelModGrad pid=3740366)[0m INFO:root:	task: 5	loss: 0.69354683	acc: 0.500
[2m[36m(ParallelModGrad pid=3740366)[0m INFO:root:	task: avg	loss: 0.69230775	acc: 0.505
[2m[36m(ParallelModGrad pid=3740366)[0m INFO:root:AGGREGATING MODELS...no_components 6
[2m[36m(ParallelModGrad pid=3740435)[0m INFO:root:AGGREGATING MODELS...no_components 5
[2m[36m(ParallelModGrad pid=3740435)[0m INFO:root:epochs: 2, training task: 5
[2m[36m(ParallelModGrad pid=3740435)[0m INFO:root:	task: 0	loss: 0.69304694	acc: 0.500
[2m[36m(ParallelModGrad pid=3740435)[0m INFO:root:	task: 1	loss: 0.69292501	acc: 0.523
[2m[36m(ParallelModGrad pid=3740435)[0m INFO:root:	task: 2	loss: 0.69193948	acc: 0.500
[2m[36m(ParallelModGrad pid=3740435)[0m INFO:root:	task: 3	loss: 0.68680868	acc: 0.500
[2m[36m(ParallelModGrad pid=3740435)[0m INFO:root:	task: 4	loss: 0.69274001	acc: 0.530
[2m[36m(ParallelModGrad pid=3740435)[0m INFO:root:	task: 5	loss: 0.69523420	acc: 0.500
[2m[36m(ParallelModGrad pid=3740435)[0m INFO:root:	task: avg	loss: 0.69211572	acc: 0.509
[2m[36m(ParallelModGrad pid=3740366)[0m INFO:root:epochs: 2, training task: 5
[2m[36m(ParallelModGrad pid=3740366)[0m INFO:root:	task: 0	loss: 0.69457334	acc: 0.500
[2m[36m(ParallelModGrad pid=3740366)[0m INFO:root:	task: 1	loss: 0.69200027	acc: 0.500
[2m[36m(ParallelModGrad pid=3740366)[0m INFO:root:	task: 2	loss: 0.69810753	acc: 0.116
[2m[36m(ParallelModGrad pid=3740366)[0m INFO:root:	task: 3	loss: 0.69285437	acc: 0.503
[2m[36m(ParallelModGrad pid=3740366)[0m INFO:root:	task: 4	loss: 0.68084807	acc: 0.870
[2m[36m(ParallelModGrad pid=3740366)[0m INFO:root:	task: 5	loss: 0.69366549	acc: 0.500
[2m[36m(ParallelModGrad pid=3740366)[0m INFO:root:	task: avg	loss: 0.69200818	acc: 0.498
[2m[36m(ParallelModGrad pid=3740366)[0m INFO:root:AGGREGATING MODELS...no_components 6
[2m[36m(ParallelModGrad pid=3740435)[0m INFO:root:AGGREGATING MODELS...no_components 5
[2m[36m(ParallelModGrad pid=3740366)[0m INFO:root:epochs: 3, training task: 5
[2m[36m(ParallelModGrad pid=3740366)[0m INFO:root:	task: 0	loss: 0.69435839	acc: 0.500
[2m[36m(ParallelModGrad pid=3740366)[0m INFO:root:	task: 1	loss: 0.69190785	acc: 0.500
[2m[36m(ParallelModGrad pid=3740366)[0m INFO:root:	task: 2	loss: 0.69713400	acc: 0.087
[2m[36m(ParallelModGrad pid=3740366)[0m INFO:root:	task: 3	loss: 0.69284521	acc: 0.528
[2m[36m(ParallelModGrad pid=3740366)[0m INFO:root:	task: 4	loss: 0.68024657	acc: 0.860
[2m[36m(ParallelModGrad pid=3740366)[0m INFO:root:	task: 5	loss: 0.69368623	acc: 0.500
[2m[36m(ParallelModGrad pid=3740366)[0m INFO:root:	task: avg	loss: 0.69169638	acc: 0.496
[2m[36m(ParallelModGrad pid=3740366)[0m INFO:root:AGGREGATING MODELS...no_components 6
[2m[36m(ParallelModGrad pid=3740435)[0m INFO:root:epochs: 3, training task: 5
[2m[36m(ParallelModGrad pid=3740435)[0m INFO:root:	task: 0	loss: 0.69211072	acc: 0.500
[2m[36m(ParallelModGrad pid=3740435)[0m INFO:root:	task: 1	loss: 0.69289257	acc: 0.519
[2m[36m(ParallelModGrad pid=3740435)[0m INFO:root:	task: 2	loss: 0.69113415	acc: 0.500
[2m[36m(ParallelModGrad pid=3740435)[0m INFO:root:	task: 3	loss: 0.68586391	acc: 0.500
[2m[36m(ParallelModGrad pid=3740435)[0m INFO:root:	task: 4	loss: 0.69276855	acc: 0.544
[2m[36m(ParallelModGrad pid=3740435)[0m INFO:root:	task: 5	loss: 0.69417883	acc: 0.500
[2m[36m(ParallelModGrad pid=3740435)[0m INFO:root:	task: avg	loss: 0.69149145	acc: 0.511
[2m[36m(ParallelModGrad pid=3740435)[0m INFO:root:AGGREGATING MODELS...no_components 5
[2m[36m(ParallelModGrad pid=3740435)[0m INFO:root:epochs: 4, training task: 5
[2m[36m(ParallelModGrad pid=3740435)[0m INFO:root:	task: 0	loss: 0.69165639	acc: 0.500
[2m[36m(ParallelModGrad pid=3740435)[0m INFO:root:	task: 1	loss: 0.69192389	acc: 0.536
[2m[36m(ParallelModGrad pid=3740435)[0m INFO:root:	task: 2	loss: 0.68809289	acc: 0.500
[2m[36m(ParallelModGrad pid=3740435)[0m INFO:root:	task: 3	loss: 0.68099070	acc: 0.500
[2m[36m(ParallelModGrad pid=3740435)[0m INFO:root:	task: 4	loss: 0.69308674	acc: 0.501
[2m[36m(ParallelModGrad pid=3740435)[0m INFO:root:	task: 5	loss: 0.69435969	acc: 0.500
[2m[36m(ParallelModGrad pid=3740435)[0m INFO:root:	task: avg	loss: 0.69001838	acc: 0.506
[2m[36m(ParallelModGrad pid=3740366)[0m INFO:root:epochs: 4, training task: 5
[2m[36m(ParallelModGrad pid=3740366)[0m INFO:root:	task: 0	loss: 0.69356850	acc: 0.500
[2m[36m(ParallelModGrad pid=3740366)[0m INFO:root:	task: 1	loss: 0.69162341	acc: 0.500
[2m[36m(ParallelModGrad pid=3740366)[0m INFO:root:	task: 2	loss: 0.69594318	acc: 0.458
[2m[36m(ParallelModGrad pid=3740366)[0m INFO:root:	task: 3	loss: 0.69285442	acc: 0.529
[2m[36m(ParallelModGrad pid=3740366)[0m INFO:root:	task: 4	loss: 0.67200993	acc: 0.970
[2m[36m(ParallelModGrad pid=3740366)[0m INFO:root:	task: 5	loss: 0.69229065	acc: 0.500
[2m[36m(ParallelModGrad pid=3740366)[0m INFO:root:	task: avg	loss: 0.68971501	acc: 0.576
[2m[36m(ParallelModGrad pid=3740435)[0m INFO:root:candidate 4: W/update: 0.53, WO/update: 0.53, improv 0.0
[2m[36m(ParallelModGrad pid=3740435)[0m INFO:root:Not keeping any new modules. Total: 4
[2m[36m(ParallelModGrad pid=3740366)[0m INFO:root:candidate 5: W/update: 0.58, WO/update: 0.58, improv 0.0
[2m[36m(ParallelModGrad pid=3740366)[0m INFO:root:Not keeping any new modules. Total: 5
[2m[36m(ParallelModGrad pid=3740435)[0m INFO:root:epochs: 5, training task: 5
[2m[36m(ParallelModGrad pid=3740435)[0m INFO:root:	task: 0	loss: 0.69165639	acc: 0.500
[2m[36m(ParallelModGrad pid=3740435)[0m INFO:root:	task: 1	loss: 0.69192389	acc: 0.536
[2m[36m(ParallelModGrad pid=3740435)[0m INFO:root:	task: 2	loss: 0.68809289	acc: 0.500
[2m[36m(ParallelModGrad pid=3740435)[0m INFO:root:	task: 3	loss: 0.68099070	acc: 0.500
[2m[36m(ParallelModGrad pid=3740435)[0m INFO:root:	task: 4	loss: 0.69308674	acc: 0.501
[2m[36m(ParallelModGrad pid=3740435)[0m INFO:root:	task: 5	loss: 0.69262158	acc: 0.500
[2m[36m(ParallelModGrad pid=3740435)[0m INFO:root:	task: avg	loss: 0.68972870	acc: 0.506
[2m[36m(ParallelModGrad pid=3740435)[0m INFO:root:final components: 4
[2m[36m(ParallelModGrad pid=3740366)[0m INFO:root:epochs: 5, training task: 5
[2m[36m(ParallelModGrad pid=3740366)[0m INFO:root:	task: 0	loss: 0.69356850	acc: 0.500
[2m[36m(ParallelModGrad pid=3740366)[0m INFO:root:	task: 1	loss: 0.69162341	acc: 0.500
[2m[36m(ParallelModGrad pid=3740366)[0m INFO:root:	task: 2	loss: 0.69594318	acc: 0.458
[2m[36m(ParallelModGrad pid=3740366)[0m INFO:root:	task: 3	loss: 0.69285442	acc: 0.529
[2m[36m(ParallelModGrad pid=3740366)[0m INFO:root:	task: 4	loss: 0.67200993	acc: 0.970
[2m[36m(ParallelModGrad pid=3740366)[0m INFO:root:	task: 5	loss: 0.68997494	acc: 0.500
[2m[36m(ParallelModGrad pid=3740366)[0m INFO:root:	task: avg	loss: 0.68932906	acc: 0.576
[2m[36m(ParallelModGrad pid=3740366)[0m INFO:root:final components: 5
[2m[36m(ParallelModGrad pid=3740366)[0m INFO:root:AGGREGATING MODELS...no_components 5
[2m[36m(ParallelModGrad pid=3740435)[0m INFO:root:AGGREGATING MODELS...no_components 4
[2m[36m(ParallelModGrad pid=3740366)[0m INFO:root:AGGREGATING MODELS...no_components 5
[2m[36m(ParallelModGrad pid=3740435)[0m INFO:root:AGGREGATING MODELS...no_components 4
[2m[36m(ParallelModGrad pid=3740366)[0m INFO:root:AGGREGATING MODELS...no_components 5
[2m[36m(ParallelModGrad pid=3740435)[0m INFO:root:AGGREGATING MODELS...no_components 4
[2m[36m(ParallelModGrad pid=3740366)[0m INFO:root:AGGREGATING MODELS...no_components 5
[2m[36m(ParallelModGrad pid=3740435)[0m INFO:root:AGGREGATING MODELS...no_components 4
Error executing job with overrides: ['algo=modular', 'seed=1', 'parallel=True', 'agent.batch_size=64', 'num_agents=2', 'dataset=fashionmnist', 'dataset.num_trains_per_class=64', 'dataset.num_vals_per_class=50', 'dataset.remap_labels=True', 'dataset.with_replacement=True', 'dataset.num_tasks=10', 'net=mlp', 'net.depth=4', 'num_init_tasks=4', 'net.dropout=0.0', 'train.num_epochs=4', 'train.component_update_freq=4', 'train.init_num_epochs=4', 'train.init_component_update_freq=4', 'train.save_freq=1', 'agent.use_contrastive=True', 'agent.memory_size=32', 'root_save_dir=experiment_results/fedavg/', 'sharing_strategy=grad_sharing', 'sharing_strategy.comm_freq=1', 'train=modular', 'job_name=fashionmnist_modular_numtrain_64_contrastive']
[2m[36m(ParallelModGrad pid=3740366)[0m INFO:root:AGGREGATING MODELS...no_components 5
[2m[36m(ParallelModGrad pid=3740435)[0m INFO:root:AGGREGATING MODELS...no_components 4
Traceback (most recent call last):
  File "/home/vlongle/learning-hive/experiments/run.py", line 41, in main
    fleet.train_and_comm(task_id)
  File "/home/vlongle/learning-hive/src/shell/fleet/fleet.py", line 325, in train_and_comm
    self.communicate(task_id if not final else task_id + 1,
  File "/home/vlongle/learning-hive/src/shell/fleet/fleet.py", line 343, in communicate
    ray.get([agent.process_communicate.remote(task_id, communication_round)
  File "/mnt/kostas-graid/sw/envs/vlongle/miniconda3/envs/shell/lib/python3.10/site-packages/ray/_private/client_mode_hook.py", line 105, in wrapper
    return func(*args, **kwargs)
  File "/mnt/kostas-graid/sw/envs/vlongle/miniconda3/envs/shell/lib/python3.10/site-packages/ray/_private/worker.py", line 2380, in get
    raise value.as_instanceof_cause()
ray.exceptions.RayTaskError(AssertionError): [36mray::ParallelModGrad.process_communicate()[39m (pid=3740366, ip=192.168.141.68, repr=<shell.fleet.grad.modgrad.ParallelModGrad object at 0x7f0e38fd71c0>)
  File "/home/vlongle/learning-hive/src/shell/fleet/grad/modgrad.py", line 61, in process_communicate
    self.reoptimize_past_structures(task_id, communication_round)
  File "/home/vlongle/learning-hive/src/shell/fleet/grad/modgrad.py", line 70, in reoptimize_past_structures
    assert len(self.agent.memory_loaders.values()) == task_id, f"task_id: {task_id}, len(self.agent.memory_loaders.values()): {len(self.agent.memory_loaders.values())}"
AssertionError: task_id: 7, len(self.agent.memory_loaders.values()): 6

Set the environment variable HYDRA_FULL_ERROR=1 for a complete stack trace.
