/mnt/kostas-graid/sw/envs/vlongle/miniconda3/envs/shell/lib/python3.10/site-packages/hydra/_internal/defaults_list.py:251: UserWarning: In 'config': Defaults list is missing `_self_`. See https://hydra.cc/docs/1.2/upgrades/1.0_to_1.1/default_composition_order for more information
  warnings.warn(msg, UserWarning)
2023-10-17 22:49:16,658	INFO worker.py:1544 -- Started a local Ray instance. View the dashboard at [1m[32m127.0.0.1:8266 [39m[22m
[2m[36m(ParallelModGrad pid=3183286)[0m INFO:root:Agent: node_id: 69420, seed: 69420001
[2m[36m(ParallelModGrad pid=3183286)[0m INFO:root:epochs: 0, training task: 0
[2m[36m(ParallelModGrad pid=3183286)[0m INFO:root:	task: 0	loss: 0.69276928	acc: 0.524
[2m[36m(ParallelModGrad pid=3183286)[0m INFO:root:	task: avg	loss: 0.69276928	acc: 0.524
[2m[36m(ParallelModGrad pid=3183286)[0m INFO:root:epochs: 0, training task: 0
[2m[36m(ParallelModGrad pid=3183286)[0m INFO:root:	task: 0	loss: 0.69276928	acc: 0.524
[2m[36m(ParallelModGrad pid=3183286)[0m INFO:root:	task: avg	loss: 0.69276928	acc: 0.524
[2m[36m(ParallelModGrad pid=3183286)[0m INFO:root:final components: 4
[2m[36m(ParallelModGrad pid=3183286)[0m INFO:root:epochs: 0, training task: 1
[2m[36m(ParallelModGrad pid=3183286)[0m INFO:root:	task: 0	loss: 0.69276928	acc: 0.524
[2m[36m(ParallelModGrad pid=3183286)[0m INFO:root:	task: 1	loss: 0.69361726	acc: 0.495
[2m[36m(ParallelModGrad pid=3183286)[0m INFO:root:	task: avg	loss: 0.69319327	acc: 0.509
[2m[36m(ParallelModGrad pid=3183286)[0m INFO:root:epochs: 0, training task: 1
[2m[36m(ParallelModGrad pid=3183286)[0m INFO:root:	task: 0	loss: 0.69276928	acc: 0.524
[2m[36m(ParallelModGrad pid=3183286)[0m INFO:root:	task: 1	loss: 0.69361726	acc: 0.495
[2m[36m(ParallelModGrad pid=3183286)[0m INFO:root:	task: avg	loss: 0.69319327	acc: 0.509
[2m[36m(ParallelModGrad pid=3183286)[0m INFO:root:final components: 4
[2m[36m(ParallelModGrad pid=3183286)[0m INFO:root:epochs: 0, training task: 2
[2m[36m(ParallelModGrad pid=3183286)[0m INFO:root:	task: 0	loss: 0.69276928	acc: 0.524
[2m[36m(ParallelModGrad pid=3183286)[0m INFO:root:	task: 1	loss: 0.69361726	acc: 0.495
[2m[36m(ParallelModGrad pid=3183286)[0m INFO:root:	task: 2	loss: 0.69261081	acc: 0.519
[2m[36m(ParallelModGrad pid=3183286)[0m INFO:root:	task: avg	loss: 0.69299912	acc: 0.512
[2m[36m(ParallelModGrad pid=3183286)[0m INFO:root:epochs: 0, training task: 2
[2m[36m(ParallelModGrad pid=3183286)[0m INFO:root:	task: 0	loss: 0.69276928	acc: 0.524
[2m[36m(ParallelModGrad pid=3183286)[0m INFO:root:	task: 1	loss: 0.69361726	acc: 0.495
[2m[36m(ParallelModGrad pid=3183286)[0m INFO:root:	task: 2	loss: 0.69261081	acc: 0.519
[2m[36m(ParallelModGrad pid=3183286)[0m INFO:root:	task: avg	loss: 0.69299912	acc: 0.512
[2m[36m(ParallelModGrad pid=3183286)[0m INFO:root:final components: 4
[2m[36m(ParallelModGrad pid=3183286)[0m INFO:root:epochs: 0, training task: 3
[2m[36m(ParallelModGrad pid=3183286)[0m INFO:root:	task: 0	loss: 0.69276928	acc: 0.524
[2m[36m(ParallelModGrad pid=3183286)[0m INFO:root:	task: 1	loss: 0.69361726	acc: 0.495
[2m[36m(ParallelModGrad pid=3183286)[0m INFO:root:	task: 2	loss: 0.69261081	acc: 0.519
[2m[36m(ParallelModGrad pid=3183286)[0m INFO:root:	task: 3	loss: 0.69468014	acc: 0.476
[2m[36m(ParallelModGrad pid=3183286)[0m INFO:root:	task: avg	loss: 0.69341937	acc: 0.503
[2m[36m(ParallelModGrad pid=3183286)[0m INFO:root:epochs: 1, training task: 3
[2m[36m(ParallelModGrad pid=3183286)[0m INFO:root:	task: 0	loss: 0.69253022	acc: 0.524
[2m[36m(ParallelModGrad pid=3183286)[0m INFO:root:	task: 1	loss: 0.69375177	acc: 0.495
[2m[36m(ParallelModGrad pid=3183286)[0m INFO:root:	task: 2	loss: 0.69244208	acc: 0.520
[2m[36m(ParallelModGrad pid=3183286)[0m INFO:root:	task: 3	loss: 0.69424590	acc: 0.476
[2m[36m(ParallelModGrad pid=3183286)[0m INFO:root:	task: avg	loss: 0.69324249	acc: 0.504
[2m[36m(ParallelModGrad pid=3183286)[0m INFO:root:epochs: 2, training task: 3
[2m[36m(ParallelModGrad pid=3183286)[0m INFO:root:	task: 0	loss: 0.69254700	acc: 0.524
[2m[36m(ParallelModGrad pid=3183286)[0m INFO:root:	task: 1	loss: 0.69306113	acc: 0.495
[2m[36m(ParallelModGrad pid=3183286)[0m INFO:root:	task: 2	loss: 0.69145867	acc: 0.537
[2m[36m(ParallelModGrad pid=3183286)[0m INFO:root:	task: 3	loss: 0.69390283	acc: 0.476
[2m[36m(ParallelModGrad pid=3183286)[0m INFO:root:	task: avg	loss: 0.69274241	acc: 0.508
[2m[36m(ParallelModGrad pid=3183286)[0m INFO:root:epochs: 3, training task: 3
[2m[36m(ParallelModGrad pid=3183286)[0m INFO:root:	task: 0	loss: 0.69319214	acc: 0.524
[2m[36m(ParallelModGrad pid=3183286)[0m INFO:root:	task: 1	loss: 0.69183660	acc: 0.495
[2m[36m(ParallelModGrad pid=3183286)[0m INFO:root:	task: 2	loss: 0.68960998	acc: 0.559
[2m[36m(ParallelModGrad pid=3183286)[0m INFO:root:	task: 3	loss: 0.69322854	acc: 0.476
[2m[36m(ParallelModGrad pid=3183286)[0m INFO:root:	task: avg	loss: 0.69196682	acc: 0.513
[2m[36m(ParallelModGrad pid=3183286)[0m INFO:root:epochs: 4, training task: 3
[2m[36m(ParallelModGrad pid=3183286)[0m INFO:root:	task: 0	loss: 0.69440968	acc: 0.524
[2m[36m(ParallelModGrad pid=3183286)[0m INFO:root:	task: 1	loss: 0.68965579	acc: 0.495
[2m[36m(ParallelModGrad pid=3183286)[0m INFO:root:	task: 2	loss: 0.68670216	acc: 0.637
[2m[36m(ParallelModGrad pid=3183286)[0m INFO:root:	task: 3	loss: 0.69230963	acc: 0.698
[2m[36m(ParallelModGrad pid=3183286)[0m INFO:root:	task: avg	loss: 0.69076932	acc: 0.588
[2m[36m(ParallelModGrad pid=3183286)[0m INFO:root:epochs: 5, training task: 3
[2m[36m(ParallelModGrad pid=3183286)[0m INFO:root:	task: 0	loss: 0.69440968	acc: 0.524
[2m[36m(ParallelModGrad pid=3183286)[0m INFO:root:	task: 1	loss: 0.68965579	acc: 0.495
[2m[36m(ParallelModGrad pid=3183286)[0m INFO:root:	task: 2	loss: 0.68670216	acc: 0.637
[2m[36m(ParallelModGrad pid=3183286)[0m INFO:root:	task: 3	loss: 0.69230963	acc: 0.698
[2m[36m(ParallelModGrad pid=3183286)[0m INFO:root:	task: avg	loss: 0.69076932	acc: 0.588
[2m[36m(ParallelModGrad pid=3183286)[0m INFO:root:final components: 4
[2m[36m(ParallelModGrad pid=3274885)[0m INFO:root:Agent: node_id: 0, seed: 1
[2m[36m(ParallelModGrad pid=3274887)[0m INFO:root:Agent: node_id: 1, seed: 1001
[2m[36m(ParallelModGrad pid=3274885)[0m INFO:root:epochs: 0, training task: 0
[2m[36m(ParallelModGrad pid=3274885)[0m INFO:root:	task: 0	loss: 0.69312576	acc: 0.506
[2m[36m(ParallelModGrad pid=3274885)[0m INFO:root:	task: avg	loss: 0.69312576	acc: 0.506
[2m[36m(ParallelModGrad pid=3274887)[0m INFO:root:epochs: 0, training task: 0
[2m[36m(ParallelModGrad pid=3274887)[0m INFO:root:	task: 0	loss: 0.69334093	acc: 0.482
[2m[36m(ParallelModGrad pid=3274887)[0m INFO:root:	task: avg	loss: 0.69334093	acc: 0.482
[2m[36m(ParallelModGrad pid=3274885)[0m INFO:root:epochs: 1, training task: 0
[2m[36m(ParallelModGrad pid=3274885)[0m INFO:root:	task: 0	loss: 0.69307200	acc: 0.506
[2m[36m(ParallelModGrad pid=3274885)[0m INFO:root:	task: avg	loss: 0.69307200	acc: 0.506
[2m[36m(ParallelModGrad pid=3274885)[0m INFO:root:AGGREGATING MODELS...no_components 5
[2m[36m(ParallelModGrad pid=3274887)[0m INFO:root:epochs: 1, training task: 0
[2m[36m(ParallelModGrad pid=3274887)[0m INFO:root:	task: 0	loss: 0.69404099	acc: 0.482
[2m[36m(ParallelModGrad pid=3274887)[0m INFO:root:	task: avg	loss: 0.69404099	acc: 0.482
[2m[36m(ParallelModGrad pid=3274887)[0m INFO:root:AGGREGATING MODELS...no_components 5
[2m[36m(ParallelModGrad pid=3274885)[0m INFO:root:epochs: 2, training task: 0
[2m[36m(ParallelModGrad pid=3274887)[0m INFO:root:epochs: 2, training task: 0
[2m[36m(ParallelModGrad pid=3274887)[0m INFO:root:	task: 0	loss: 0.69427129	acc: 0.482
[2m[36m(ParallelModGrad pid=3274887)[0m INFO:root:	task: avg	loss: 0.69427129	acc: 0.482
[2m[36m(ParallelModGrad pid=3274885)[0m INFO:root:	task: 0	loss: 0.69321036	acc: 0.494
[2m[36m(ParallelModGrad pid=3274885)[0m INFO:root:	task: avg	loss: 0.69321036	acc: 0.494
[2m[36m(ParallelModGrad pid=3274885)[0m INFO:root:AGGREGATING MODELS...no_components 5
[2m[36m(ParallelModGrad pid=3274887)[0m INFO:root:AGGREGATING MODELS...no_components 5
[2m[36m(ParallelModGrad pid=3274885)[0m INFO:root:epochs: 3, training task: 0
[2m[36m(ParallelModGrad pid=3274885)[0m INFO:root:	task: 0	loss: 0.69350915	acc: 0.494
[2m[36m(ParallelModGrad pid=3274885)[0m INFO:root:	task: avg	loss: 0.69350915	acc: 0.494
[2m[36m(ParallelModGrad pid=3274885)[0m INFO:root:AGGREGATING MODELS...no_components 5
[2m[36m(ParallelModGrad pid=3274887)[0m INFO:root:epochs: 3, training task: 0
[2m[36m(ParallelModGrad pid=3274887)[0m INFO:root:	task: 0	loss: 0.69473121	acc: 0.482
[2m[36m(ParallelModGrad pid=3274887)[0m INFO:root:	task: avg	loss: 0.69473121	acc: 0.482
[2m[36m(ParallelModGrad pid=3274887)[0m INFO:root:AGGREGATING MODELS...no_components 5
[2m[36m(ParallelModGrad pid=3274885)[0m INFO:root:epochs: 4, training task: 0
[2m[36m(ParallelModGrad pid=3274885)[0m INFO:root:	task: 0	loss: 0.69346211	acc: 0.494
[2m[36m(ParallelModGrad pid=3274885)[0m INFO:root:	task: avg	loss: 0.69346211	acc: 0.494
[2m[36m(ParallelModGrad pid=3274887)[0m INFO:root:epochs: 4, training task: 0
[2m[36m(ParallelModGrad pid=3274887)[0m INFO:root:	task: 0	loss: 0.69475501	acc: 0.482
[2m[36m(ParallelModGrad pid=3274887)[0m INFO:root:	task: avg	loss: 0.69475501	acc: 0.482
[2m[36m(ParallelModGrad pid=3274885)[0m INFO:root:candidate 4: W/update: 0.58, WO/update: 0.58, improv 0.0
[2m[36m(ParallelModGrad pid=3274885)[0m INFO:root:Not keeping any new modules. Total: 4
[2m[36m(ParallelModGrad pid=3274887)[0m INFO:root:candidate 4: W/update: 0.4, WO/update: 0.4, improv 0.0
[2m[36m(ParallelModGrad pid=3274887)[0m INFO:root:Not keeping any new modules. Total: 4
[2m[36m(ParallelModGrad pid=3274885)[0m INFO:root:epochs: 5, training task: 0
[2m[36m(ParallelModGrad pid=3274885)[0m INFO:root:	task: 0	loss: 0.69336934	acc: 0.494
[2m[36m(ParallelModGrad pid=3274885)[0m INFO:root:	task: avg	loss: 0.69336934	acc: 0.494
[2m[36m(ParallelModGrad pid=3274887)[0m INFO:root:epochs: 5, training task: 0
[2m[36m(ParallelModGrad pid=3274887)[0m INFO:root:	task: 0	loss: 0.69487772	acc: 0.482
[2m[36m(ParallelModGrad pid=3274887)[0m INFO:root:	task: avg	loss: 0.69487772	acc: 0.482
[2m[36m(ParallelModGrad pid=3274885)[0m INFO:root:final components: 4
[2m[36m(ParallelModGrad pid=3274887)[0m INFO:root:final components: 4
[2m[36m(ParallelModGrad pid=3274885)[0m INFO:root:AGGREGATING MODELS...no_components 4
[2m[36m(ParallelModGrad pid=3274887)[0m INFO:root:AGGREGATING MODELS...no_components 4
[2m[36m(ParallelModGrad pid=3274885)[0m INFO:root:epochs: 0, training task: 1
[2m[36m(ParallelModGrad pid=3274885)[0m INFO:root:	task: 0	loss: 0.69351522	acc: 0.494
[2m[36m(ParallelModGrad pid=3274885)[0m INFO:root:	task: 1	loss: 0.69298534	acc: 0.536
[2m[36m(ParallelModGrad pid=3274885)[0m INFO:root:	task: avg	loss: 0.69325028	acc: 0.515
[2m[36m(ParallelModGrad pid=3274887)[0m INFO:root:epochs: 0, training task: 1
[2m[36m(ParallelModGrad pid=3274887)[0m INFO:root:	task: 0	loss: 0.69509275	acc: 0.482
[2m[36m(ParallelModGrad pid=3274887)[0m INFO:root:	task: 1	loss: 0.69076726	acc: 0.535
[2m[36m(ParallelModGrad pid=3274887)[0m INFO:root:	task: avg	loss: 0.69293001	acc: 0.509
[2m[36m(ParallelModGrad pid=3274887)[0m INFO:root:epochs: 1, training task: 1
[2m[36m(ParallelModGrad pid=3274887)[0m INFO:root:	task: 0	loss: 0.69509275	acc: 0.482
[2m[36m(ParallelModGrad pid=3274887)[0m INFO:root:	task: 1	loss: 0.69077534	acc: 0.535
[2m[36m(ParallelModGrad pid=3274887)[0m INFO:root:	task: avg	loss: 0.69293404	acc: 0.509
[2m[36m(ParallelModGrad pid=3274885)[0m INFO:root:epochs: 1, training task: 1
[2m[36m(ParallelModGrad pid=3274885)[0m INFO:root:	task: 0	loss: 0.69351522	acc: 0.494
[2m[36m(ParallelModGrad pid=3274885)[0m INFO:root:	task: 1	loss: 0.69257849	acc: 0.536
[2m[36m(ParallelModGrad pid=3274885)[0m INFO:root:	task: avg	loss: 0.69304685	acc: 0.515
[2m[36m(ParallelModGrad pid=3274885)[0m INFO:root:AGGREGATING MODELS...no_components 5
[2m[36m(ParallelModGrad pid=3274887)[0m INFO:root:AGGREGATING MODELS...no_components 5
[2m[36m(ParallelModGrad pid=3274887)[0m INFO:root:epochs: 2, training task: 1
[2m[36m(ParallelModGrad pid=3274887)[0m INFO:root:	task: 0	loss: 0.69534711	acc: 0.482
[2m[36m(ParallelModGrad pid=3274887)[0m INFO:root:	task: 1	loss: 0.69068463	acc: 0.535
[2m[36m(ParallelModGrad pid=3274887)[0m INFO:root:	task: avg	loss: 0.69301587	acc: 0.509
[2m[36m(ParallelModGrad pid=3274885)[0m INFO:root:epochs: 2, training task: 1
[2m[36m(ParallelModGrad pid=3274885)[0m INFO:root:	task: 0	loss: 0.69362544	acc: 0.494
[2m[36m(ParallelModGrad pid=3274885)[0m INFO:root:	task: 1	loss: 0.69203680	acc: 0.536
[2m[36m(ParallelModGrad pid=3274885)[0m INFO:root:	task: avg	loss: 0.69283112	acc: 0.515
[2m[36m(ParallelModGrad pid=3274885)[0m INFO:root:AGGREGATING MODELS...no_components 5
[2m[36m(ParallelModGrad pid=3274887)[0m INFO:root:AGGREGATING MODELS...no_components 5
[2m[36m(ParallelModGrad pid=3274885)[0m INFO:root:epochs: 3, training task: 1
[2m[36m(ParallelModGrad pid=3274885)[0m INFO:root:	task: 0	loss: 0.69374765	acc: 0.494
[2m[36m(ParallelModGrad pid=3274885)[0m INFO:root:	task: 1	loss: 0.69170676	acc: 0.536
[2m[36m(ParallelModGrad pid=3274885)[0m INFO:root:	task: avg	loss: 0.69272720	acc: 0.515
[2m[36m(ParallelModGrad pid=3274885)[0m INFO:root:AGGREGATING MODELS...no_components 5
[2m[36m(ParallelModGrad pid=3274887)[0m INFO:root:epochs: 3, training task: 1
[2m[36m(ParallelModGrad pid=3274887)[0m INFO:root:	task: 0	loss: 0.69561202	acc: 0.482
[2m[36m(ParallelModGrad pid=3274887)[0m INFO:root:	task: 1	loss: 0.69066317	acc: 0.535
[2m[36m(ParallelModGrad pid=3274887)[0m INFO:root:	task: avg	loss: 0.69313759	acc: 0.509
[2m[36m(ParallelModGrad pid=3274887)[0m INFO:root:AGGREGATING MODELS...no_components 5
[2m[36m(ParallelModGrad pid=3274885)[0m INFO:root:epochs: 4, training task: 1
[2m[36m(ParallelModGrad pid=3274885)[0m INFO:root:	task: 0	loss: 0.69393486	acc: 0.494
[2m[36m(ParallelModGrad pid=3274885)[0m INFO:root:	task: 1	loss: 0.69173780	acc: 0.536
[2m[36m(ParallelModGrad pid=3274885)[0m INFO:root:	task: avg	loss: 0.69283633	acc: 0.515
[2m[36m(ParallelModGrad pid=3274887)[0m INFO:root:epochs: 4, training task: 1
[2m[36m(ParallelModGrad pid=3274887)[0m INFO:root:	task: 0	loss: 0.69594972	acc: 0.482
[2m[36m(ParallelModGrad pid=3274887)[0m INFO:root:	task: 1	loss: 0.69072310	acc: 0.535
[2m[36m(ParallelModGrad pid=3274887)[0m INFO:root:	task: avg	loss: 0.69333641	acc: 0.509
[2m[36m(ParallelModGrad pid=3274885)[0m INFO:root:candidate 4: W/update: 0.57, WO/update: 0.57, improv 0.0
[2m[36m(ParallelModGrad pid=3274885)[0m INFO:root:Not keeping any new modules. Total: 4
[2m[36m(ParallelModGrad pid=3274887)[0m INFO:root:candidate 4: W/update: 0.5, WO/update: 0.5, improv 0.0
[2m[36m(ParallelModGrad pid=3274887)[0m INFO:root:Not keeping any new modules. Total: 4
[2m[36m(ParallelModGrad pid=3274885)[0m INFO:root:epochs: 5, training task: 1
[2m[36m(ParallelModGrad pid=3274885)[0m INFO:root:	task: 0	loss: 0.69393486	acc: 0.494
[2m[36m(ParallelModGrad pid=3274887)[0m INFO:root:epochs: 5, training task: 1
[2m[36m(ParallelModGrad pid=3274887)[0m INFO:root:	task: 0	loss: 0.69594972	acc: 0.482
[2m[36m(ParallelModGrad pid=3274887)[0m INFO:root:	task: 1	loss: 0.69080844	acc: 0.535
[2m[36m(ParallelModGrad pid=3274887)[0m INFO:root:	task: avg	loss: 0.69337908	acc: 0.509
[2m[36m(ParallelModGrad pid=3274885)[0m INFO:root:	task: 1	loss: 0.69137129	acc: 0.536
[2m[36m(ParallelModGrad pid=3274885)[0m INFO:root:	task: avg	loss: 0.69265308	acc: 0.515
[2m[36m(ParallelModGrad pid=3274885)[0m INFO:root:final components: 4
[2m[36m(ParallelModGrad pid=3274887)[0m INFO:root:final components: 4
[2m[36m(ParallelModGrad pid=3274885)[0m INFO:root:AGGREGATING MODELS...no_components 4
[2m[36m(ParallelModGrad pid=3274887)[0m INFO:root:AGGREGATING MODELS...no_components 4
[2m[36m(ParallelModGrad pid=3274885)[0m INFO:root:epochs: 0, training task: 2
[2m[36m(ParallelModGrad pid=3274885)[0m INFO:root:	task: 0	loss: 0.69406843	acc: 0.494
[2m[36m(ParallelModGrad pid=3274885)[0m INFO:root:	task: 1	loss: 0.69150250	acc: 0.536
[2m[36m(ParallelModGrad pid=3274885)[0m INFO:root:	task: 2	loss: 0.69249550	acc: 0.518
[2m[36m(ParallelModGrad pid=3274885)[0m INFO:root:	task: avg	loss: 0.69268881	acc: 0.516
[2m[36m(ParallelModGrad pid=3274887)[0m INFO:root:epochs: 0, training task: 2
[2m[36m(ParallelModGrad pid=3274887)[0m INFO:root:	task: 0	loss: 0.69615717	acc: 0.482
[2m[36m(ParallelModGrad pid=3274887)[0m INFO:root:	task: 1	loss: 0.69073147	acc: 0.535
[2m[36m(ParallelModGrad pid=3274887)[0m INFO:root:	task: 2	loss: 0.69671435	acc: 0.440
[2m[36m(ParallelModGrad pid=3274887)[0m INFO:root:	task: avg	loss: 0.69453433	acc: 0.486
[2m[36m(ParallelModGrad pid=3274885)[0m INFO:root:epochs: 1, training task: 2
[2m[36m(ParallelModGrad pid=3274885)[0m INFO:root:	task: 0	loss: 0.69406843	acc: 0.494
[2m[36m(ParallelModGrad pid=3274885)[0m INFO:root:	task: 1	loss: 0.69150250	acc: 0.536
[2m[36m(ParallelModGrad pid=3274885)[0m INFO:root:	task: 2	loss: 0.69264937	acc: 0.518
[2m[36m(ParallelModGrad pid=3274885)[0m INFO:root:	task: avg	loss: 0.69274010	acc: 0.516
[2m[36m(ParallelModGrad pid=3274887)[0m INFO:root:epochs: 1, training task: 2
[2m[36m(ParallelModGrad pid=3274887)[0m INFO:root:	task: 0	loss: 0.69615717	acc: 0.482
[2m[36m(ParallelModGrad pid=3274887)[0m INFO:root:	task: 1	loss: 0.69073147	acc: 0.535
[2m[36m(ParallelModGrad pid=3274887)[0m INFO:root:	task: 2	loss: 0.69911074	acc: 0.440
[2m[36m(ParallelModGrad pid=3274887)[0m INFO:root:	task: avg	loss: 0.69533313	acc: 0.486
[2m[36m(ParallelModGrad pid=3274885)[0m INFO:root:AGGREGATING MODELS...no_components 5
[2m[36m(ParallelModGrad pid=3274887)[0m INFO:root:AGGREGATING MODELS...no_components 5
[2m[36m(ParallelModGrad pid=3274885)[0m INFO:root:epochs: 2, training task: 2
[2m[36m(ParallelModGrad pid=3274885)[0m INFO:root:	task: 0	loss: 0.69422568	acc: 0.494
[2m[36m(ParallelModGrad pid=3274885)[0m INFO:root:	task: 1	loss: 0.69167043	acc: 0.536
[2m[36m(ParallelModGrad pid=3274885)[0m INFO:root:	task: 2	loss: 0.69283192	acc: 0.518
[2m[36m(ParallelModGrad pid=3274885)[0m INFO:root:	task: avg	loss: 0.69290934	acc: 0.516
[2m[36m(ParallelModGrad pid=3274887)[0m INFO:root:epochs: 2, training task: 2
[2m[36m(ParallelModGrad pid=3274887)[0m INFO:root:	task: 0	loss: 0.69645140	acc: 0.482
[2m[36m(ParallelModGrad pid=3274887)[0m INFO:root:	task: 1	loss: 0.69073379	acc: 0.535
[2m[36m(ParallelModGrad pid=3274887)[0m INFO:root:	task: 2	loss: 0.70063315	acc: 0.440
[2m[36m(ParallelModGrad pid=3274887)[0m INFO:root:	task: avg	loss: 0.69593945	acc: 0.486
[2m[36m(ParallelModGrad pid=3274885)[0m INFO:root:AGGREGATING MODELS...no_components 5
[2m[36m(ParallelModGrad pid=3274887)[0m INFO:root:AGGREGATING MODELS...no_components 5
[2m[36m(ParallelModGrad pid=3274885)[0m INFO:root:epochs: 3, training task: 2
[2m[36m(ParallelModGrad pid=3274885)[0m INFO:root:	task: 0	loss: 0.69439475	acc: 0.494
[2m[36m(ParallelModGrad pid=3274885)[0m INFO:root:	task: 1	loss: 0.69185026	acc: 0.536
[2m[36m(ParallelModGrad pid=3274885)[0m INFO:root:	task: 2	loss: 0.69312584	acc: 0.518
[2m[36m(ParallelModGrad pid=3274885)[0m INFO:root:	task: avg	loss: 0.69312362	acc: 0.516
[2m[36m(ParallelModGrad pid=3274885)[0m INFO:root:AGGREGATING MODELS...no_components 5
[2m[36m(ParallelModGrad pid=3274887)[0m INFO:root:epochs: 3, training task: 2
[2m[36m(ParallelModGrad pid=3274887)[0m INFO:root:	task: 0	loss: 0.69675748	acc: 0.482
[2m[36m(ParallelModGrad pid=3274887)[0m INFO:root:	task: 1	loss: 0.69074804	acc: 0.535
[2m[36m(ParallelModGrad pid=3274887)[0m INFO:root:	task: 2	loss: 0.70196670	acc: 0.440
[2m[36m(ParallelModGrad pid=3274887)[0m INFO:root:	task: avg	loss: 0.69649074	acc: 0.486
[2m[36m(ParallelModGrad pid=3274887)[0m INFO:root:AGGREGATING MODELS...no_components 5
[2m[36m(ParallelModGrad pid=3274885)[0m INFO:root:epochs: 4, training task: 2
[2m[36m(ParallelModGrad pid=3274885)[0m INFO:root:	task: 0	loss: 0.69471697	acc: 0.494
[2m[36m(ParallelModGrad pid=3274885)[0m INFO:root:	task: 1	loss: 0.69195877	acc: 0.536
[2m[36m(ParallelModGrad pid=3274885)[0m INFO:root:	task: 2	loss: 0.69308087	acc: 0.518
[2m[36m(ParallelModGrad pid=3274885)[0m INFO:root:	task: avg	loss: 0.69325220	acc: 0.516
[2m[36m(ParallelModGrad pid=3274887)[0m INFO:root:epochs: 4, training task: 2
[2m[36m(ParallelModGrad pid=3274887)[0m INFO:root:	task: 0	loss: 0.69765942	acc: 0.482
[2m[36m(ParallelModGrad pid=3274887)[0m INFO:root:	task: 1	loss: 0.69102376	acc: 0.535
[2m[36m(ParallelModGrad pid=3274887)[0m INFO:root:	task: 2	loss: 0.70213669	acc: 0.440
[2m[36m(ParallelModGrad pid=3274887)[0m INFO:root:	task: avg	loss: 0.69693996	acc: 0.486
[2m[36m(ParallelModGrad pid=3274885)[0m INFO:root:candidate 4: W/update: 0.58, WO/update: 0.58, improv 0.0
[2m[36m(ParallelModGrad pid=3274885)[0m INFO:root:Not keeping any new modules. Total: 4
[2m[36m(ParallelModGrad pid=3274887)[0m INFO:root:candidate 4: W/update: 0.39, WO/update: 0.39, improv 0.0
[2m[36m(ParallelModGrad pid=3274887)[0m INFO:root:Not keeping any new modules. Total: 4
[2m[36m(ParallelModGrad pid=3274885)[0m INFO:root:epochs: 5, training task: 2
[2m[36m(ParallelModGrad pid=3274885)[0m INFO:root:	task: 0	loss: 0.69471697	acc: 0.494
[2m[36m(ParallelModGrad pid=3274885)[0m INFO:root:	task: 1	loss: 0.69195877	acc: 0.536
[2m[36m(ParallelModGrad pid=3274885)[0m INFO:root:	task: 2	loss: 0.69316095	acc: 0.518
[2m[36m(ParallelModGrad pid=3274885)[0m INFO:root:	task: avg	loss: 0.69327890	acc: 0.516
[2m[36m(ParallelModGrad pid=3274887)[0m INFO:root:epochs: 5, training task: 2
[2m[36m(ParallelModGrad pid=3274887)[0m INFO:root:	task: 0	loss: 0.69765942	acc: 0.482
[2m[36m(ParallelModGrad pid=3274887)[0m INFO:root:	task: 1	loss: 0.69102376	acc: 0.535
[2m[36m(ParallelModGrad pid=3274887)[0m INFO:root:	task: 2	loss: 0.70158880	acc: 0.440
[2m[36m(ParallelModGrad pid=3274887)[0m INFO:root:	task: avg	loss: 0.69675733	acc: 0.486
[2m[36m(ParallelModGrad pid=3274885)[0m INFO:root:final components: 4
[2m[36m(ParallelModGrad pid=3274887)[0m INFO:root:final components: 4
[2m[36m(ParallelModGrad pid=3274885)[0m INFO:root:AGGREGATING MODELS...no_components 4
[2m[36m(ParallelModGrad pid=3274887)[0m INFO:root:AGGREGATING MODELS...no_components 4
[2m[36m(ParallelModGrad pid=3274885)[0m INFO:root:epochs: 0, training task: 3
[2m[36m(ParallelModGrad pid=3274885)[0m INFO:root:	task: 0	loss: 0.69494294	acc: 0.494
[2m[36m(ParallelModGrad pid=3274885)[0m INFO:root:	task: 1	loss: 0.69223835	acc: 0.536
[2m[36m(ParallelModGrad pid=3274885)[0m INFO:root:	task: 2	loss: 0.69304691	acc: 0.518
[2m[36m(ParallelModGrad pid=3274885)[0m INFO:root:	task: 3	loss: 0.69306090	acc: 0.519
[2m[36m(ParallelModGrad pid=3274885)[0m INFO:root:	task: avg	loss: 0.69332227	acc: 0.517
[2m[36m(ParallelModGrad pid=3274887)[0m INFO:root:epochs: 0, training task: 3
[2m[36m(ParallelModGrad pid=3274887)[0m INFO:root:	task: 0	loss: 0.69790005	acc: 0.482
[2m[36m(ParallelModGrad pid=3274887)[0m INFO:root:	task: 1	loss: 0.69094940	acc: 0.535
[2m[36m(ParallelModGrad pid=3274887)[0m INFO:root:	task: 2	loss: 0.70089945	acc: 0.440
[2m[36m(ParallelModGrad pid=3274887)[0m INFO:root:	task: 3	loss: 0.69309559	acc: 0.504
[2m[36m(ParallelModGrad pid=3274887)[0m INFO:root:	task: avg	loss: 0.69571112	acc: 0.491
[2m[36m(ParallelModGrad pid=3274885)[0m INFO:root:epochs: 1, training task: 3
[2m[36m(ParallelModGrad pid=3274885)[0m INFO:root:	task: 0	loss: 0.69494294	acc: 0.494
[2m[36m(ParallelModGrad pid=3274885)[0m INFO:root:	task: 1	loss: 0.69223835	acc: 0.536
[2m[36m(ParallelModGrad pid=3274885)[0m INFO:root:	task: 2	loss: 0.69304691	acc: 0.518
[2m[36m(ParallelModGrad pid=3274885)[0m INFO:root:	task: 3	loss: 0.69316584	acc: 0.519
[2m[36m(ParallelModGrad pid=3274885)[0m INFO:root:	task: avg	loss: 0.69334851	acc: 0.517
[2m[36m(ParallelModGrad pid=3274885)[0m INFO:root:AGGREGATING MODELS...no_components 5
[2m[36m(ParallelModGrad pid=3274887)[0m INFO:root:epochs: 1, training task: 3
[2m[36m(ParallelModGrad pid=3274887)[0m INFO:root:	task: 0	loss: 0.69790005	acc: 0.482
[2m[36m(ParallelModGrad pid=3274887)[0m INFO:root:	task: 1	loss: 0.69094940	acc: 0.535
[2m[36m(ParallelModGrad pid=3274887)[0m INFO:root:	task: 2	loss: 0.70089945	acc: 0.440
[2m[36m(ParallelModGrad pid=3274887)[0m INFO:root:	task: 3	loss: 0.69308771	acc: 0.504
[2m[36m(ParallelModGrad pid=3274887)[0m INFO:root:	task: avg	loss: 0.69570915	acc: 0.491
[2m[36m(ParallelModGrad pid=3274887)[0m INFO:root:AGGREGATING MODELS...no_components 5
[2m[36m(ParallelModGrad pid=3274885)[0m INFO:root:epochs: 2, training task: 3
[2m[36m(ParallelModGrad pid=3274885)[0m INFO:root:	task: 0	loss: 0.69515242	acc: 0.494
[2m[36m(ParallelModGrad pid=3274885)[0m INFO:root:	task: 1	loss: 0.69246683	acc: 0.536
[2m[36m(ParallelModGrad pid=3274885)[0m INFO:root:	task: 2	loss: 0.69292941	acc: 0.518
[2m[36m(ParallelModGrad pid=3274885)[0m INFO:root:	task: 3	loss: 0.69350502	acc: 0.481
[2m[36m(ParallelModGrad pid=3274885)[0m INFO:root:	task: avg	loss: 0.69351342	acc: 0.507
[2m[36m(ParallelModGrad pid=3274887)[0m INFO:root:epochs: 2, training task: 3
[2m[36m(ParallelModGrad pid=3274887)[0m INFO:root:	task: 0	loss: 0.69825615	acc: 0.482
[2m[36m(ParallelModGrad pid=3274887)[0m INFO:root:	task: 1	loss: 0.69101624	acc: 0.535
[2m[36m(ParallelModGrad pid=3274887)[0m INFO:root:	task: 2	loss: 0.70028610	acc: 0.440
[2m[36m(ParallelModGrad pid=3274887)[0m INFO:root:	task: 3	loss: 0.69314027	acc: 0.496
[2m[36m(ParallelModGrad pid=3274887)[0m INFO:root:	task: avg	loss: 0.69567469	acc: 0.488
[2m[36m(ParallelModGrad pid=3274885)[0m INFO:root:AGGREGATING MODELS...no_components 5
[2m[36m(ParallelModGrad pid=3274887)[0m INFO:root:AGGREGATING MODELS...no_components 5
[2m[36m(ParallelModGrad pid=3274885)[0m INFO:root:epochs: 3, training task: 3
[2m[36m(ParallelModGrad pid=3274885)[0m INFO:root:	task: 0	loss: 0.69537436	acc: 0.494
[2m[36m(ParallelModGrad pid=3274885)[0m INFO:root:	task: 1	loss: 0.69270749	acc: 0.536
[2m[36m(ParallelModGrad pid=3274885)[0m INFO:root:	task: 2	loss: 0.69282445	acc: 0.518
[2m[36m(ParallelModGrad pid=3274885)[0m INFO:root:	task: 3	loss: 0.69402122	acc: 0.481
[2m[36m(ParallelModGrad pid=3274885)[0m INFO:root:	task: avg	loss: 0.69373188	acc: 0.507
[2m[36m(ParallelModGrad pid=3274887)[0m INFO:root:epochs: 3, training task: 3
[2m[36m(ParallelModGrad pid=3274887)[0m INFO:root:	task: 0	loss: 0.69862469	acc: 0.482
[2m[36m(ParallelModGrad pid=3274887)[0m INFO:root:	task: 1	loss: 0.69109556	acc: 0.535
[2m[36m(ParallelModGrad pid=3274887)[0m INFO:root:	task: 2	loss: 0.69968606	acc: 0.440
[2m[36m(ParallelModGrad pid=3274887)[0m INFO:root:	task: 3	loss: 0.69323385	acc: 0.496
[2m[36m(ParallelModGrad pid=3274887)[0m INFO:root:	task: avg	loss: 0.69566004	acc: 0.488
[2m[36m(ParallelModGrad pid=3274885)[0m INFO:root:AGGREGATING MODELS...no_components 5
[2m[36m(ParallelModGrad pid=3274887)[0m INFO:root:AGGREGATING MODELS...no_components 5
[2m[36m(ParallelModGrad pid=3274885)[0m INFO:root:epochs: 4, training task: 3
[2m[36m(ParallelModGrad pid=3274885)[0m INFO:root:	task: 0	loss: 0.69662836	acc: 0.494
[2m[36m(ParallelModGrad pid=3274885)[0m INFO:root:	task: 1	loss: 0.69286311	acc: 0.704
[2m[36m(ParallelModGrad pid=3274885)[0m INFO:root:	task: 2	loss: 0.69279180	acc: 0.518
[2m[36m(ParallelModGrad pid=3274885)[0m INFO:root:	task: 3	loss: 0.69448510	acc: 0.481
[2m[36m(ParallelModGrad pid=3274885)[0m INFO:root:	task: avg	loss: 0.69419209	acc: 0.549
[2m[36m(ParallelModGrad pid=3274887)[0m INFO:root:epochs: 4, training task: 3
[2m[36m(ParallelModGrad pid=3274887)[0m INFO:root:	task: 0	loss: 0.69983358	acc: 0.482
[2m[36m(ParallelModGrad pid=3274887)[0m INFO:root:	task: 1	loss: 0.69179890	acc: 0.535
[2m[36m(ParallelModGrad pid=3274887)[0m INFO:root:	task: 2	loss: 0.69919344	acc: 0.440
[2m[36m(ParallelModGrad pid=3274887)[0m INFO:root:	task: 3	loss: 0.69322725	acc: 0.496
[2m[36m(ParallelModGrad pid=3274887)[0m INFO:root:	task: avg	loss: 0.69601329	acc: 0.488
[2m[36m(ParallelModGrad pid=3274887)[0m INFO:root:candidate 4: W/update: 0.53, WO/update: 0.53, improv 0.0
[2m[36m(ParallelModGrad pid=3274887)[0m INFO:root:Not keeping any new modules. Total: 4
[2m[36m(ParallelModGrad pid=3274885)[0m INFO:root:candidate 4: W/update: 0.64, WO/update: 0.64, improv 0.0
[2m[36m(ParallelModGrad pid=3274885)[0m INFO:root:Not keeping any new modules. Total: 4
[2m[36m(ParallelModGrad pid=3274887)[0m INFO:root:epochs: 5, training task: 3
[2m[36m(ParallelModGrad pid=3274887)[0m INFO:root:	task: 0	loss: 0.69983358	acc: 0.482
[2m[36m(ParallelModGrad pid=3274887)[0m INFO:root:	task: 1	loss: 0.69179890	acc: 0.535
[2m[36m(ParallelModGrad pid=3274887)[0m INFO:root:	task: 2	loss: 0.69919344	acc: 0.440
[2m[36m(ParallelModGrad pid=3274887)[0m INFO:root:	task: 3	loss: 0.69316317	acc: 0.496
[2m[36m(ParallelModGrad pid=3274887)[0m INFO:root:	task: avg	loss: 0.69599727	acc: 0.488
[2m[36m(ParallelModGrad pid=3274885)[0m INFO:root:epochs: 5, training task: 3
[2m[36m(ParallelModGrad pid=3274885)[0m INFO:root:	task: 0	loss: 0.69662836	acc: 0.494
[2m[36m(ParallelModGrad pid=3274885)[0m INFO:root:	task: 1	loss: 0.69286311	acc: 0.704
[2m[36m(ParallelModGrad pid=3274885)[0m INFO:root:	task: 2	loss: 0.69279180	acc: 0.518
[2m[36m(ParallelModGrad pid=3274885)[0m INFO:root:	task: 3	loss: 0.69531508	acc: 0.481
[2m[36m(ParallelModGrad pid=3274885)[0m INFO:root:	task: avg	loss: 0.69439959	acc: 0.549
[2m[36m(ParallelModGrad pid=3274887)[0m INFO:root:final components: 4
[2m[36m(ParallelModGrad pid=3274885)[0m INFO:root:final components: 4
[2m[36m(ParallelModGrad pid=3274885)[0m INFO:root:AGGREGATING MODELS...no_components 4
[2m[36m(ParallelModGrad pid=3274887)[0m INFO:root:AGGREGATING MODELS...no_components 4
[2m[36m(ParallelModGrad pid=3274885)[0m INFO:root:epochs: 0, training task: 4
[2m[36m(ParallelModGrad pid=3274885)[0m INFO:root:	task: 0	loss: 0.69674638	acc: 0.494
[2m[36m(ParallelModGrad pid=3274885)[0m INFO:root:	task: 1	loss: 0.69298823	acc: 0.464
[2m[36m(ParallelModGrad pid=3274885)[0m INFO:root:	task: 2	loss: 0.69267663	acc: 0.518
[2m[36m(ParallelModGrad pid=3274885)[0m INFO:root:	task: 3	loss: 0.69514461	acc: 0.481
[2m[36m(ParallelModGrad pid=3274885)[0m INFO:root:	task: 4	loss: 0.69316695	acc: 0.499
[2m[36m(ParallelModGrad pid=3274885)[0m INFO:root:	task: avg	loss: 0.69414456	acc: 0.491
[2m[36m(ParallelModGrad pid=3274887)[0m INFO:root:epochs: 0, training task: 4
[2m[36m(ParallelModGrad pid=3274887)[0m INFO:root:	task: 0	loss: 0.70044196	acc: 0.482
[2m[36m(ParallelModGrad pid=3274887)[0m INFO:root:	task: 1	loss: 0.69162637	acc: 0.535
[2m[36m(ParallelModGrad pid=3274887)[0m INFO:root:	task: 2	loss: 0.69853220	acc: 0.440
[2m[36m(ParallelModGrad pid=3274887)[0m INFO:root:	task: 3	loss: 0.69328942	acc: 0.496
[2m[36m(ParallelModGrad pid=3274887)[0m INFO:root:	task: 4	loss: 0.69339275	acc: 0.487
[2m[36m(ParallelModGrad pid=3274887)[0m INFO:root:	task: avg	loss: 0.69545654	acc: 0.488
[2m[36m(ParallelModGrad pid=3274887)[0m INFO:root:epochs: 1, training task: 4
[2m[36m(ParallelModGrad pid=3274887)[0m INFO:root:	task: 0	loss: 0.70044196	acc: 0.482
[2m[36m(ParallelModGrad pid=3274887)[0m INFO:root:	task: 1	loss: 0.69162637	acc: 0.535
[2m[36m(ParallelModGrad pid=3274887)[0m INFO:root:	task: 2	loss: 0.69853220	acc: 0.440
[2m[36m(ParallelModGrad pid=3274887)[0m INFO:root:	task: 3	loss: 0.69328942	acc: 0.496
[2m[36m(ParallelModGrad pid=3274887)[0m INFO:root:	task: 4	loss: 0.69332571	acc: 0.487
[2m[36m(ParallelModGrad pid=3274887)[0m INFO:root:	task: avg	loss: 0.69544313	acc: 0.488
[2m[36m(ParallelModGrad pid=3274885)[0m INFO:root:epochs: 1, training task: 4
[2m[36m(ParallelModGrad pid=3274885)[0m INFO:root:	task: 0	loss: 0.69674638	acc: 0.494
[2m[36m(ParallelModGrad pid=3274885)[0m INFO:root:	task: 1	loss: 0.69298823	acc: 0.464
[2m[36m(ParallelModGrad pid=3274885)[0m INFO:root:	task: 2	loss: 0.69267663	acc: 0.518
[2m[36m(ParallelModGrad pid=3274885)[0m INFO:root:	task: 3	loss: 0.69514461	acc: 0.481
[2m[36m(ParallelModGrad pid=3274885)[0m INFO:root:	task: 4	loss: 0.69321836	acc: 0.501
[2m[36m(ParallelModGrad pid=3274885)[0m INFO:root:	task: avg	loss: 0.69415484	acc: 0.492
[2m[36m(ParallelModGrad pid=3274885)[0m INFO:root:AGGREGATING MODELS...no_components 5
[2m[36m(ParallelModGrad pid=3274887)[0m INFO:root:AGGREGATING MODELS...no_components 5
[2m[36m(ParallelModGrad pid=3274885)[0m INFO:root:epochs: 2, training task: 4
[2m[36m(ParallelModGrad pid=3274885)[0m INFO:root:	task: 0	loss: 0.69703042	acc: 0.494
[2m[36m(ParallelModGrad pid=3274885)[0m INFO:root:	task: 1	loss: 0.69327238	acc: 0.464
[2m[36m(ParallelModGrad pid=3274885)[0m INFO:root:	task: 2	loss: 0.69258199	acc: 0.518
[2m[36m(ParallelModGrad pid=3274885)[0m INFO:root:	task: 3	loss: 0.69497438	acc: 0.481
[2m[36m(ParallelModGrad pid=3274885)[0m INFO:root:	task: 4	loss: 0.69336209	acc: 0.501
[2m[36m(ParallelModGrad pid=3274885)[0m INFO:root:	task: avg	loss: 0.69424425	acc: 0.492
[2m[36m(ParallelModGrad pid=3274885)[0m INFO:root:AGGREGATING MODELS...no_components 5
[2m[36m(ParallelModGrad pid=3274887)[0m INFO:root:epochs: 2, training task: 4
[2m[36m(ParallelModGrad pid=3274887)[0m INFO:root:	task: 0	loss: 0.70084750	acc: 0.482
[2m[36m(ParallelModGrad pid=3274887)[0m INFO:root:	task: 1	loss: 0.69173681	acc: 0.535
[2m[36m(ParallelModGrad pid=3274887)[0m INFO:root:	task: 2	loss: 0.69795089	acc: 0.440
[2m[36m(ParallelModGrad pid=3274887)[0m INFO:root:	task: 3	loss: 0.69338011	acc: 0.496
[2m[36m(ParallelModGrad pid=3274887)[0m INFO:root:	task: 4	loss: 0.69349188	acc: 0.487
[2m[36m(ParallelModGrad pid=3274887)[0m INFO:root:	task: avg	loss: 0.69548144	acc: 0.488
[2m[36m(ParallelModGrad pid=3274887)[0m INFO:root:AGGREGATING MODELS...no_components 5
[2m[36m(ParallelModGrad pid=3274887)[0m INFO:root:epochs: 3, training task: 4
[2m[36m(ParallelModGrad pid=3274887)[0m INFO:root:	task: 0	loss: 0.70126628	acc: 0.482
[2m[36m(ParallelModGrad pid=3274887)[0m INFO:root:	task: 1	loss: 0.69185363	acc: 0.535
[2m[36m(ParallelModGrad pid=3274887)[0m INFO:root:	task: 2	loss: 0.69738366	acc: 0.440
[2m[36m(ParallelModGrad pid=3274887)[0m INFO:root:	task: 3	loss: 0.69348416	acc: 0.496
[2m[36m(ParallelModGrad pid=3274887)[0m INFO:root:	task: 4	loss: 0.69351014	acc: 0.487
[2m[36m(ParallelModGrad pid=3274887)[0m INFO:root:	task: avg	loss: 0.69549957	acc: 0.488
[2m[36m(ParallelModGrad pid=3274885)[0m INFO:root:epochs: 3, training task: 4
[2m[36m(ParallelModGrad pid=3274885)[0m INFO:root:	task: 0	loss: 0.69732788	acc: 0.494
[2m[36m(ParallelModGrad pid=3274885)[0m INFO:root:	task: 1	loss: 0.69356898	acc: 0.464
[2m[36m(ParallelModGrad pid=3274885)[0m INFO:root:	task: 2	loss: 0.69250051	acc: 0.518
[2m[36m(ParallelModGrad pid=3274885)[0m INFO:root:	task: 3	loss: 0.69481809	acc: 0.481
[2m[36m(ParallelModGrad pid=3274885)[0m INFO:root:	task: 4	loss: 0.69349458	acc: 0.501
[2m[36m(ParallelModGrad pid=3274885)[0m INFO:root:	task: avg	loss: 0.69434201	acc: 0.492
[2m[36m(ParallelModGrad pid=3274885)[0m INFO:root:AGGREGATING MODELS...no_components 5
[2m[36m(ParallelModGrad pid=3274887)[0m INFO:root:AGGREGATING MODELS...no_components 5
[2m[36m(ParallelModGrad pid=3274885)[0m INFO:root:epochs: 4, training task: 4
[2m[36m(ParallelModGrad pid=3274885)[0m INFO:root:	task: 0	loss: 0.70015888	acc: 0.494
[2m[36m(ParallelModGrad pid=3274885)[0m INFO:root:	task: 1	loss: 0.69283691	acc: 0.464
[2m[36m(ParallelModGrad pid=3274885)[0m INFO:root:	task: 2	loss: 0.69216669	acc: 0.518
[2m[36m(ParallelModGrad pid=3274885)[0m INFO:root:	task: 3	loss: 0.69650713	acc: 0.305
[2m[36m(ParallelModGrad pid=3274885)[0m INFO:root:	task: 4	loss: 0.69380270	acc: 0.501
[2m[36m(ParallelModGrad pid=3274885)[0m INFO:root:	task: avg	loss: 0.69509446	acc: 0.456
[2m[36m(ParallelModGrad pid=3274887)[0m INFO:root:epochs: 4, training task: 4
[2m[36m(ParallelModGrad pid=3274887)[0m INFO:root:	task: 0	loss: 0.70353946	acc: 0.482
[2m[36m(ParallelModGrad pid=3274887)[0m INFO:root:	task: 1	loss: 0.69329256	acc: 0.535
[2m[36m(ParallelModGrad pid=3274887)[0m INFO:root:	task: 2	loss: 0.69718390	acc: 0.440
[2m[36m(ParallelModGrad pid=3274887)[0m INFO:root:	task: 3	loss: 0.69346378	acc: 0.496
[2m[36m(ParallelModGrad pid=3274887)[0m INFO:root:	task: 4	loss: 0.69301432	acc: 0.487
[2m[36m(ParallelModGrad pid=3274887)[0m INFO:root:	task: avg	loss: 0.69609880	acc: 0.488
[2m[36m(ParallelModGrad pid=3274885)[0m INFO:root:candidate 4: W/update: 0.39, WO/update: 0.39, improv 0.0
[2m[36m(ParallelModGrad pid=3274885)[0m INFO:root:Not keeping any new modules. Total: 4
[2m[36m(ParallelModGrad pid=3274887)[0m INFO:root:candidate 4: W/update: 0.48, WO/update: 0.48, improv 0.0
[2m[36m(ParallelModGrad pid=3274887)[0m INFO:root:Not keeping any new modules. Total: 4
[2m[36m(ParallelModGrad pid=3274885)[0m INFO:root:epochs: 5, training task: 4
[2m[36m(ParallelModGrad pid=3274885)[0m INFO:root:	task: 0	loss: 0.70015888	acc: 0.494
[2m[36m(ParallelModGrad pid=3274885)[0m INFO:root:	task: 1	loss: 0.69283691	acc: 0.464
[2m[36m(ParallelModGrad pid=3274885)[0m INFO:root:	task: 2	loss: 0.69216669	acc: 0.518
[2m[36m(ParallelModGrad pid=3274885)[0m INFO:root:	task: 3	loss: 0.69650713	acc: 0.305
[2m[36m(ParallelModGrad pid=3274885)[0m INFO:root:	task: 4	loss: 0.69356129	acc: 0.501
[2m[36m(ParallelModGrad pid=3274885)[0m INFO:root:	task: avg	loss: 0.69504618	acc: 0.456
[2m[36m(ParallelModGrad pid=3274887)[0m INFO:root:epochs: 5, training task: 4
[2m[36m(ParallelModGrad pid=3274887)[0m INFO:root:	task: 0	loss: 0.70353946	acc: 0.482
[2m[36m(ParallelModGrad pid=3274887)[0m INFO:root:	task: 1	loss: 0.69329256	acc: 0.535
[2m[36m(ParallelModGrad pid=3274887)[0m INFO:root:	task: 2	loss: 0.69718390	acc: 0.440
[2m[36m(ParallelModGrad pid=3274887)[0m INFO:root:	task: 3	loss: 0.69346378	acc: 0.496
[2m[36m(ParallelModGrad pid=3274887)[0m INFO:root:	task: 4	loss: 0.69217827	acc: 0.487
[2m[36m(ParallelModGrad pid=3274887)[0m INFO:root:	task: avg	loss: 0.69593159	acc: 0.488
[2m[36m(ParallelModGrad pid=3274885)[0m INFO:root:final components: 4
[2m[36m(ParallelModGrad pid=3274887)[0m INFO:root:final components: 4
[2m[36m(ParallelModGrad pid=3274885)[0m INFO:root:AGGREGATING MODELS...no_components 4
[2m[36m(ParallelModGrad pid=3274887)[0m INFO:root:AGGREGATING MODELS...no_components 4
[2m[36m(ParallelModGrad pid=3274887)[0m INFO:root:epochs: 0, training task: 5
[2m[36m(ParallelModGrad pid=3274887)[0m INFO:root:	task: 0	loss: 0.70384984	acc: 0.482
[2m[36m(ParallelModGrad pid=3274887)[0m INFO:root:	task: 1	loss: 0.69264048	acc: 0.535
[2m[36m(ParallelModGrad pid=3274887)[0m INFO:root:	task: 2	loss: 0.69661918	acc: 0.440
[2m[36m(ParallelModGrad pid=3274887)[0m INFO:root:	task: 3	loss: 0.69363567	acc: 0.496
[2m[36m(ParallelModGrad pid=3274887)[0m INFO:root:	task: 4	loss: 0.69224881	acc: 0.487
[2m[36m(ParallelModGrad pid=3274887)[0m INFO:root:	task: 5	loss: 0.69493989	acc: 0.498
[2m[36m(ParallelModGrad pid=3274887)[0m INFO:root:	task: avg	loss: 0.69565564	acc: 0.490
[2m[36m(ParallelModGrad pid=3274885)[0m INFO:root:epochs: 0, training task: 5
[2m[36m(ParallelModGrad pid=3274885)[0m INFO:root:	task: 0	loss: 0.69976085	acc: 0.494
[2m[36m(ParallelModGrad pid=3274885)[0m INFO:root:	task: 1	loss: 0.69316408	acc: 0.464
[2m[36m(ParallelModGrad pid=3274885)[0m INFO:root:	task: 2	loss: 0.69211098	acc: 0.518
[2m[36m(ParallelModGrad pid=3274885)[0m INFO:root:	task: 3	loss: 0.69598097	acc: 0.287
[2m[36m(ParallelModGrad pid=3274885)[0m INFO:root:	task: 4	loss: 0.69342454	acc: 0.501
[2m[36m(ParallelModGrad pid=3274885)[0m INFO:root:	task: 5	loss: 0.69356024	acc: 0.505
[2m[36m(ParallelModGrad pid=3274885)[0m INFO:root:	task: avg	loss: 0.69466694	acc: 0.461
[2m[36m(ParallelModGrad pid=3274885)[0m INFO:root:epochs: 1, training task: 5
[2m[36m(ParallelModGrad pid=3274885)[0m INFO:root:	task: 0	loss: 0.69976085	acc: 0.494
[2m[36m(ParallelModGrad pid=3274885)[0m INFO:root:	task: 1	loss: 0.69316408	acc: 0.464
[2m[36m(ParallelModGrad pid=3274885)[0m INFO:root:	task: 2	loss: 0.69211098	acc: 0.518
[2m[36m(ParallelModGrad pid=3274885)[0m INFO:root:	task: 3	loss: 0.69598097	acc: 0.287
[2m[36m(ParallelModGrad pid=3274885)[0m INFO:root:	task: 4	loss: 0.69342454	acc: 0.501
[2m[36m(ParallelModGrad pid=3274885)[0m INFO:root:	task: 5	loss: 0.69367825	acc: 0.505
[2m[36m(ParallelModGrad pid=3274885)[0m INFO:root:	task: avg	loss: 0.69468661	acc: 0.461
[2m[36m(ParallelModGrad pid=3274887)[0m INFO:root:epochs: 1, training task: 5
[2m[36m(ParallelModGrad pid=3274887)[0m INFO:root:	task: 0	loss: 0.70384984	acc: 0.482
[2m[36m(ParallelModGrad pid=3274887)[0m INFO:root:	task: 1	loss: 0.69264048	acc: 0.535
[2m[36m(ParallelModGrad pid=3274887)[0m INFO:root:	task: 2	loss: 0.69661918	acc: 0.440
[2m[36m(ParallelModGrad pid=3274887)[0m INFO:root:	task: 3	loss: 0.69363567	acc: 0.496
[2m[36m(ParallelModGrad pid=3274887)[0m INFO:root:	task: 4	loss: 0.69224881	acc: 0.487
[2m[36m(ParallelModGrad pid=3274887)[0m INFO:root:	task: 5	loss: 0.69455477	acc: 0.498
[2m[36m(ParallelModGrad pid=3274887)[0m INFO:root:	task: avg	loss: 0.69559146	acc: 0.490
[2m[36m(ParallelModGrad pid=3274885)[0m INFO:root:AGGREGATING MODELS...no_components 5
[2m[36m(ParallelModGrad pid=3274887)[0m INFO:root:AGGREGATING MODELS...no_components 5
[2m[36m(ParallelModGrad pid=3274885)[0m INFO:root:epochs: 2, training task: 5
[2m[36m(ParallelModGrad pid=3274885)[0m INFO:root:	task: 0	loss: 0.70004134	acc: 0.494
[2m[36m(ParallelModGrad pid=3274885)[0m INFO:root:	task: 1	loss: 0.69341918	acc: 0.464
[2m[36m(ParallelModGrad pid=3274885)[0m INFO:root:	task: 2	loss: 0.69189140	acc: 0.518
[2m[36m(ParallelModGrad pid=3274885)[0m INFO:root:	task: 3	loss: 0.69582403	acc: 0.280
[2m[36m(ParallelModGrad pid=3274885)[0m INFO:root:	task: 4	loss: 0.69332304	acc: 0.501
[2m[36m(ParallelModGrad pid=3274885)[0m INFO:root:	task: 5	loss: 0.69362676	acc: 0.505
[2m[36m(ParallelModGrad pid=3274885)[0m INFO:root:	task: avg	loss: 0.69468762	acc: 0.460
[2m[36m(ParallelModGrad pid=3274885)[0m INFO:root:AGGREGATING MODELS...no_components 5
[2m[36m(ParallelModGrad pid=3274887)[0m INFO:root:epochs: 2, training task: 5
[2m[36m(ParallelModGrad pid=3274887)[0m INFO:root:	task: 0	loss: 0.70408498	acc: 0.482
[2m[36m(ParallelModGrad pid=3274887)[0m INFO:root:	task: 1	loss: 0.69263616	acc: 0.535
[2m[36m(ParallelModGrad pid=3274887)[0m INFO:root:	task: 2	loss: 0.69610470	acc: 0.440
[2m[36m(ParallelModGrad pid=3274887)[0m INFO:root:	task: 3	loss: 0.69371745	acc: 0.496
[2m[36m(ParallelModGrad pid=3274887)[0m INFO:root:	task: 4	loss: 0.69214097	acc: 0.487
[2m[36m(ParallelModGrad pid=3274887)[0m INFO:root:	task: 5	loss: 0.69418038	acc: 0.498
[2m[36m(ParallelModGrad pid=3274887)[0m INFO:root:	task: avg	loss: 0.69547744	acc: 0.490
[2m[36m(ParallelModGrad pid=3274887)[0m INFO:root:AGGREGATING MODELS...no_components 5
[2m[36m(ParallelModGrad pid=3274885)[0m INFO:root:epochs: 3, training task: 5
[2m[36m(ParallelModGrad pid=3274885)[0m INFO:root:	task: 0	loss: 0.70033399	acc: 0.494
[2m[36m(ParallelModGrad pid=3274885)[0m INFO:root:	task: 1	loss: 0.69368107	acc: 0.464
[2m[36m(ParallelModGrad pid=3274885)[0m INFO:root:	task: 2	loss: 0.69167296	acc: 0.518
[2m[36m(ParallelModGrad pid=3274885)[0m INFO:root:	task: 3	loss: 0.69566888	acc: 0.278
[2m[36m(ParallelModGrad pid=3274885)[0m INFO:root:	task: 4	loss: 0.69323549	acc: 0.501
[2m[36m(ParallelModGrad pid=3274885)[0m INFO:root:	task: 5	loss: 0.69372813	acc: 0.505
[2m[36m(ParallelModGrad pid=3274885)[0m INFO:root:	task: avg	loss: 0.69472009	acc: 0.460
[2m[36m(ParallelModGrad pid=3274887)[0m INFO:root:epochs: 3, training task: 5
[2m[36m(ParallelModGrad pid=3274887)[0m INFO:root:	task: 0	loss: 0.70432519	acc: 0.482
[2m[36m(ParallelModGrad pid=3274887)[0m INFO:root:	task: 1	loss: 0.69262958	acc: 0.535
[2m[36m(ParallelModGrad pid=3274887)[0m INFO:root:	task: 2	loss: 0.69559871	acc: 0.440
[2m[36m(ParallelModGrad pid=3274887)[0m INFO:root:	task: 3	loss: 0.69380766	acc: 0.496
[2m[36m(ParallelModGrad pid=3274887)[0m INFO:root:	task: 4	loss: 0.69204749	acc: 0.561
[2m[36m(ParallelModGrad pid=3274887)[0m INFO:root:	task: 5	loss: 0.69395314	acc: 0.498
[2m[36m(ParallelModGrad pid=3274887)[0m INFO:root:	task: avg	loss: 0.69539363	acc: 0.502
[2m[36m(ParallelModGrad pid=3274885)[0m INFO:root:AGGREGATING MODELS...no_components 5
[2m[36m(ParallelModGrad pid=3274887)[0m INFO:root:AGGREGATING MODELS...no_components 5
[2m[36m(ParallelModGrad pid=3274887)[0m INFO:root:epochs: 4, training task: 5
[2m[36m(ParallelModGrad pid=3274887)[0m INFO:root:	task: 0	loss: 0.70948838	acc: 0.482
[2m[36m(ParallelModGrad pid=3274887)[0m INFO:root:	task: 1	loss: 0.69485385	acc: 0.528
[2m[36m(ParallelModGrad pid=3274887)[0m INFO:root:	task: 2	loss: 0.69391633	acc: 0.440
[2m[36m(ParallelModGrad pid=3274887)[0m INFO:root:	task: 3	loss: 0.69356586	acc: 0.496
[2m[36m(ParallelModGrad pid=3274887)[0m INFO:root:	task: 4	loss: 0.68956885	acc: 0.920
[2m[36m(ParallelModGrad pid=3274887)[0m INFO:root:	task: 5	loss: 0.69394680	acc: 0.498
[2m[36m(ParallelModGrad pid=3274887)[0m INFO:root:	task: avg	loss: 0.69589001	acc: 0.561
[2m[36m(ParallelModGrad pid=3274885)[0m INFO:root:epochs: 4, training task: 5
[2m[36m(ParallelModGrad pid=3274885)[0m INFO:root:	task: 0	loss: 0.70573084	acc: 0.494
[2m[36m(ParallelModGrad pid=3274885)[0m INFO:root:	task: 1	loss: 0.69124361	acc: 0.464
[2m[36m(ParallelModGrad pid=3274885)[0m INFO:root:	task: 2	loss: 0.69050200	acc: 0.518
[2m[36m(ParallelModGrad pid=3274885)[0m INFO:root:	task: 3	loss: 0.69860450	acc: 0.258
[2m[36m(ParallelModGrad pid=3274885)[0m INFO:root:	task: 4	loss: 0.69374953	acc: 0.501
[2m[36m(ParallelModGrad pid=3274885)[0m INFO:root:	task: 5	loss: 0.69370484	acc: 0.505
[2m[36m(ParallelModGrad pid=3274885)[0m INFO:root:	task: avg	loss: 0.69558922	acc: 0.457
[2m[36m(ParallelModGrad pid=3274885)[0m INFO:root:candidate 4: W/update: 0.56, WO/update: 0.56, improv 0.0
[2m[36m(ParallelModGrad pid=3274885)[0m INFO:root:Not keeping any new modules. Total: 4
[2m[36m(ParallelModGrad pid=3274887)[0m INFO:root:candidate 4: W/update: 0.49, WO/update: 0.49, improv 0.0
[2m[36m(ParallelModGrad pid=3274887)[0m INFO:root:Not keeping any new modules. Total: 4
[2m[36m(ParallelModGrad pid=3274885)[0m INFO:root:epochs: 5, training task: 5
[2m[36m(ParallelModGrad pid=3274885)[0m INFO:root:	task: 0	loss: 0.70573084	acc: 0.494
[2m[36m(ParallelModGrad pid=3274885)[0m INFO:root:	task: 1	loss: 0.69124361	acc: 0.464
[2m[36m(ParallelModGrad pid=3274885)[0m INFO:root:	task: 2	loss: 0.69050200	acc: 0.518
[2m[36m(ParallelModGrad pid=3274885)[0m INFO:root:	task: 3	loss: 0.69860450	acc: 0.258
[2m[36m(ParallelModGrad pid=3274885)[0m INFO:root:	task: 4	loss: 0.69374953	acc: 0.501
[2m[36m(ParallelModGrad pid=3274885)[0m INFO:root:	task: 5	loss: 0.69368164	acc: 0.505
[2m[36m(ParallelModGrad pid=3274885)[0m INFO:root:	task: avg	loss: 0.69558535	acc: 0.457
[2m[36m(ParallelModGrad pid=3274887)[0m INFO:root:epochs: 5, training task: 5
[2m[36m(ParallelModGrad pid=3274887)[0m INFO:root:	task: 0	loss: 0.70948838	acc: 0.482
[2m[36m(ParallelModGrad pid=3274887)[0m INFO:root:	task: 1	loss: 0.69485385	acc: 0.528
[2m[36m(ParallelModGrad pid=3274887)[0m INFO:root:	task: 2	loss: 0.69391633	acc: 0.440
[2m[36m(ParallelModGrad pid=3274887)[0m INFO:root:	task: 3	loss: 0.69356586	acc: 0.496
[2m[36m(ParallelModGrad pid=3274887)[0m INFO:root:	task: 4	loss: 0.68956885	acc: 0.920
[2m[36m(ParallelModGrad pid=3274887)[0m INFO:root:	task: 5	loss: 0.69372946	acc: 0.498
[2m[36m(ParallelModGrad pid=3274887)[0m INFO:root:	task: avg	loss: 0.69585379	acc: 0.561
[2m[36m(ParallelModGrad pid=3274885)[0m INFO:root:final components: 4
[2m[36m(ParallelModGrad pid=3274887)[0m INFO:root:final components: 4
[2m[36m(ParallelModGrad pid=3274885)[0m INFO:root:AGGREGATING MODELS...no_components 4
[2m[36m(ParallelModGrad pid=3274887)[0m INFO:root:AGGREGATING MODELS...no_components 4
[2m[36m(ParallelModGrad pid=3274885)[0m INFO:root:AGGREGATING MODELS...no_components 4
[2m[36m(ParallelModGrad pid=3274887)[0m INFO:root:AGGREGATING MODELS...no_components 4
[2m[36m(ParallelModGrad pid=3274885)[0m INFO:root:AGGREGATING MODELS...no_components 4
[2m[36m(ParallelModGrad pid=3274887)[0m INFO:root:AGGREGATING MODELS...no_components 4
[2m[36m(ParallelModGrad pid=3274885)[0m INFO:root:AGGREGATING MODELS...no_components 4
[2m[36m(ParallelModGrad pid=3274887)[0m INFO:root:AGGREGATING MODELS...no_components 4
Error executing job with overrides: ['algo=modular', 'seed=1', 'parallel=True', 'agent.batch_size=64', 'num_agents=2', 'dataset=mnist', 'dataset.num_trains_per_class=64', 'dataset.num_vals_per_class=50', 'dataset.remap_labels=True', 'dataset.with_replacement=True', 'dataset.num_tasks=10', 'net=mlp', 'net.depth=4', 'num_init_tasks=4', 'net.dropout=0.0', 'train.num_epochs=4', 'train.component_update_freq=4', 'train.init_num_epochs=4', 'train.init_component_update_freq=4', 'train.save_freq=1', 'agent.use_contrastive=True', 'agent.memory_size=32', 'root_save_dir=experiment_results/fedavg/', 'sharing_strategy=grad_sharing', 'sharing_strategy.comm_freq=1', 'train=modular', 'job_name=mnist_modular_numtrain_64_contrastive']
[2m[36m(ParallelModGrad pid=3274885)[0m INFO:root:AGGREGATING MODELS...no_components 4
[2m[36m(ParallelModGrad pid=3274887)[0m INFO:root:AGGREGATING MODELS...no_components 4
Traceback (most recent call last):
  File "/home/vlongle/learning-hive/experiments/run.py", line 41, in main
    fleet.train_and_comm(task_id)
  File "/home/vlongle/learning-hive/src/shell/fleet/fleet.py", line 325, in train_and_comm
    self.communicate(task_id if not final else task_id + 1,
  File "/home/vlongle/learning-hive/src/shell/fleet/fleet.py", line 343, in communicate
    ray.get([agent.process_communicate.remote(task_id, communication_round)
  File "/mnt/kostas-graid/sw/envs/vlongle/miniconda3/envs/shell/lib/python3.10/site-packages/ray/_private/client_mode_hook.py", line 105, in wrapper
    return func(*args, **kwargs)
  File "/mnt/kostas-graid/sw/envs/vlongle/miniconda3/envs/shell/lib/python3.10/site-packages/ray/_private/worker.py", line 2380, in get
    raise value.as_instanceof_cause()
ray.exceptions.RayTaskError(AssertionError): [36mray::ParallelModGrad.process_communicate()[39m (pid=3274887, ip=192.168.141.68, repr=<shell.fleet.grad.modgrad.ParallelModGrad object at 0x7fb28e4ef1c0>)
  File "/home/vlongle/learning-hive/src/shell/fleet/grad/modgrad.py", line 61, in process_communicate
    self.reoptimize_past_structures(task_id, communication_round)
  File "/home/vlongle/learning-hive/src/shell/fleet/grad/modgrad.py", line 70, in reoptimize_past_structures
    assert len(self.agent.memory_loaders.values()) == task_id, f"task_id: {task_id}, len(self.agent.memory_loaders.values()): {len(self.agent.memory_loaders.values())}"
AssertionError: task_id: 7, len(self.agent.memory_loaders.values()): 6

Set the environment variable HYDRA_FULL_ERROR=1 for a complete stack trace.
