/mnt/kostas-graid/sw/envs/vlongle/miniconda3/envs/shell/lib/python3.10/site-packages/hydra/_internal/defaults_list.py:251: UserWarning: In 'config': Defaults list is missing `_self_`. See https://hydra.cc/docs/1.2/upgrades/1.0_to_1.1/default_composition_order for more information
  warnings.warn(msg, UserWarning)
2023-10-17 22:50:57,395	INFO worker.py:1544 -- Started a local Ray instance. View the dashboard at [1m[32m127.0.0.1:8266 [39m[22m
[2m[36m(ParallelModGrad pid=3640938)[0m INFO:root:Agent: node_id: 69420, seed: 69420002
[2m[36m(ParallelModGrad pid=3640938)[0m INFO:root:epochs: 0, training task: 0
[2m[36m(ParallelModGrad pid=3640938)[0m INFO:root:	task: 0	loss: 0.69641677	acc: 0.489
[2m[36m(ParallelModGrad pid=3640938)[0m INFO:root:	task: avg	loss: 0.69641677	acc: 0.489
[2m[36m(ParallelModGrad pid=3640938)[0m INFO:root:epochs: 0, training task: 0
[2m[36m(ParallelModGrad pid=3640938)[0m INFO:root:	task: 0	loss: 0.69641677	acc: 0.489
[2m[36m(ParallelModGrad pid=3640938)[0m INFO:root:	task: avg	loss: 0.69641677	acc: 0.489
[2m[36m(ParallelModGrad pid=3640938)[0m INFO:root:final components: 4
[2m[36m(ParallelModGrad pid=3640938)[0m INFO:root:epochs: 0, training task: 1
[2m[36m(ParallelModGrad pid=3640938)[0m INFO:root:	task: 0	loss: 0.69641677	acc: 0.489
[2m[36m(ParallelModGrad pid=3640938)[0m INFO:root:	task: 1	loss: 0.70184151	acc: 0.471
[2m[36m(ParallelModGrad pid=3640938)[0m INFO:root:	task: avg	loss: 0.69912914	acc: 0.480
[2m[36m(ParallelModGrad pid=3640938)[0m INFO:root:epochs: 0, training task: 1
[2m[36m(ParallelModGrad pid=3640938)[0m INFO:root:	task: 0	loss: 0.69641677	acc: 0.489
[2m[36m(ParallelModGrad pid=3640938)[0m INFO:root:	task: 1	loss: 0.70184151	acc: 0.471
[2m[36m(ParallelModGrad pid=3640938)[0m INFO:root:	task: avg	loss: 0.69912914	acc: 0.480
[2m[36m(ParallelModGrad pid=3640938)[0m INFO:root:final components: 4
[2m[36m(ParallelModGrad pid=3640938)[0m INFO:root:epochs: 0, training task: 2
[2m[36m(ParallelModGrad pid=3640938)[0m INFO:root:	task: 0	loss: 0.69641677	acc: 0.489
[2m[36m(ParallelModGrad pid=3640938)[0m INFO:root:	task: 1	loss: 0.70184151	acc: 0.471
[2m[36m(ParallelModGrad pid=3640938)[0m INFO:root:	task: 2	loss: 0.69352231	acc: 0.463
[2m[36m(ParallelModGrad pid=3640938)[0m INFO:root:	task: avg	loss: 0.69726020	acc: 0.474
[2m[36m(ParallelModGrad pid=3640938)[0m INFO:root:epochs: 0, training task: 2
[2m[36m(ParallelModGrad pid=3640938)[0m INFO:root:	task: 0	loss: 0.69641677	acc: 0.489
[2m[36m(ParallelModGrad pid=3640938)[0m INFO:root:	task: 1	loss: 0.70184151	acc: 0.471
[2m[36m(ParallelModGrad pid=3640938)[0m INFO:root:	task: 2	loss: 0.69352231	acc: 0.463
[2m[36m(ParallelModGrad pid=3640938)[0m INFO:root:	task: avg	loss: 0.69726020	acc: 0.474
[2m[36m(ParallelModGrad pid=3640938)[0m INFO:root:final components: 4
[2m[36m(ParallelModGrad pid=3640938)[0m INFO:root:epochs: 0, training task: 3
[2m[36m(ParallelModGrad pid=3640938)[0m INFO:root:	task: 0	loss: 0.69641677	acc: 0.489
[2m[36m(ParallelModGrad pid=3640938)[0m INFO:root:	task: 1	loss: 0.70184151	acc: 0.471
[2m[36m(ParallelModGrad pid=3640938)[0m INFO:root:	task: 2	loss: 0.69352231	acc: 0.463
[2m[36m(ParallelModGrad pid=3640938)[0m INFO:root:	task: 3	loss: 0.69501342	acc: 0.495
[2m[36m(ParallelModGrad pid=3640938)[0m INFO:root:	task: avg	loss: 0.69669851	acc: 0.479
[2m[36m(ParallelModGrad pid=3640938)[0m INFO:root:epochs: 1, training task: 3
[2m[36m(ParallelModGrad pid=3640938)[0m INFO:root:	task: 0	loss: 0.69593097	acc: 0.489
[2m[36m(ParallelModGrad pid=3640938)[0m INFO:root:	task: 1	loss: 0.70207620	acc: 0.471
[2m[36m(ParallelModGrad pid=3640938)[0m INFO:root:	task: 2	loss: 0.69190354	acc: 0.463
[2m[36m(ParallelModGrad pid=3640938)[0m INFO:root:	task: 3	loss: 0.69532584	acc: 0.495
[2m[36m(ParallelModGrad pid=3640938)[0m INFO:root:	task: avg	loss: 0.69630914	acc: 0.479
[2m[36m(ParallelModGrad pid=3640938)[0m INFO:root:epochs: 2, training task: 3
[2m[36m(ParallelModGrad pid=3640938)[0m INFO:root:	task: 0	loss: 0.69560078	acc: 0.489
[2m[36m(ParallelModGrad pid=3640938)[0m INFO:root:	task: 1	loss: 0.70331793	acc: 0.471
[2m[36m(ParallelModGrad pid=3640938)[0m INFO:root:	task: 2	loss: 0.68998171	acc: 0.465
[2m[36m(ParallelModGrad pid=3640938)[0m INFO:root:	task: 3	loss: 0.69551310	acc: 0.495
[2m[36m(ParallelModGrad pid=3640938)[0m INFO:root:	task: avg	loss: 0.69610338	acc: 0.480
[2m[36m(ParallelModGrad pid=3640938)[0m INFO:root:epochs: 3, training task: 3
[2m[36m(ParallelModGrad pid=3640938)[0m INFO:root:	task: 0	loss: 0.69514942	acc: 0.489
[2m[36m(ParallelModGrad pid=3640938)[0m INFO:root:	task: 1	loss: 0.70522607	acc: 0.471
[2m[36m(ParallelModGrad pid=3640938)[0m INFO:root:	task: 2	loss: 0.68660411	acc: 0.954
[2m[36m(ParallelModGrad pid=3640938)[0m INFO:root:	task: 3	loss: 0.69537933	acc: 0.495
[2m[36m(ParallelModGrad pid=3640938)[0m INFO:root:	task: avg	loss: 0.69558973	acc: 0.602
[2m[36m(ParallelModGrad pid=3640938)[0m INFO:root:epochs: 4, training task: 3
[2m[36m(ParallelModGrad pid=3640938)[0m INFO:root:	task: 0	loss: 0.69441008	acc: 0.489
[2m[36m(ParallelModGrad pid=3640938)[0m INFO:root:	task: 1	loss: 0.70729003	acc: 0.471
[2m[36m(ParallelModGrad pid=3640938)[0m INFO:root:	task: 2	loss: 0.68066696	acc: 0.994
[2m[36m(ParallelModGrad pid=3640938)[0m INFO:root:	task: 3	loss: 0.69503121	acc: 0.495
[2m[36m(ParallelModGrad pid=3640938)[0m INFO:root:	task: avg	loss: 0.69434957	acc: 0.612
[2m[36m(ParallelModGrad pid=3640938)[0m INFO:root:epochs: 5, training task: 3
[2m[36m(ParallelModGrad pid=3640938)[0m INFO:root:	task: 0	loss: 0.69441008	acc: 0.489
[2m[36m(ParallelModGrad pid=3640938)[0m INFO:root:	task: 1	loss: 0.70729003	acc: 0.471
[2m[36m(ParallelModGrad pid=3640938)[0m INFO:root:	task: 2	loss: 0.68066696	acc: 0.994
[2m[36m(ParallelModGrad pid=3640938)[0m INFO:root:	task: 3	loss: 0.69503121	acc: 0.495
[2m[36m(ParallelModGrad pid=3640938)[0m INFO:root:	task: avg	loss: 0.69434957	acc: 0.612
[2m[36m(ParallelModGrad pid=3640938)[0m INFO:root:final components: 4
[2m[36m(ParallelModGrad pid=3741591)[0m INFO:root:Agent: node_id: 0, seed: 2
[2m[36m(ParallelModGrad pid=3741607)[0m INFO:root:Agent: node_id: 1, seed: 1002
[2m[36m(ParallelModGrad pid=3741591)[0m INFO:root:epochs: 0, training task: 0
[2m[36m(ParallelModGrad pid=3741591)[0m INFO:root:	task: 0	loss: 0.69336662	acc: 0.500
[2m[36m(ParallelModGrad pid=3741591)[0m INFO:root:	task: avg	loss: 0.69336662	acc: 0.500
[2m[36m(ParallelModGrad pid=3741607)[0m INFO:root:epochs: 0, training task: 0
[2m[36m(ParallelModGrad pid=3741607)[0m INFO:root:	task: 0	loss: 0.69234142	acc: 0.524
[2m[36m(ParallelModGrad pid=3741607)[0m INFO:root:	task: avg	loss: 0.69234142	acc: 0.524
[2m[36m(ParallelModGrad pid=3741591)[0m INFO:root:epochs: 1, training task: 0
[2m[36m(ParallelModGrad pid=3741591)[0m INFO:root:	task: 0	loss: 0.69320301	acc: 0.500
[2m[36m(ParallelModGrad pid=3741591)[0m INFO:root:	task: avg	loss: 0.69320301	acc: 0.500
[2m[36m(ParallelModGrad pid=3741591)[0m INFO:root:AGGREGATING MODELS...no_components 5
[2m[36m(ParallelModGrad pid=3741607)[0m INFO:root:epochs: 1, training task: 0
[2m[36m(ParallelModGrad pid=3741607)[0m INFO:root:	task: 0	loss: 0.69223417	acc: 0.524
[2m[36m(ParallelModGrad pid=3741607)[0m INFO:root:	task: avg	loss: 0.69223417	acc: 0.524
[2m[36m(ParallelModGrad pid=3741607)[0m INFO:root:AGGREGATING MODELS...no_components 5
[2m[36m(ParallelModGrad pid=3741591)[0m INFO:root:epochs: 2, training task: 0
[2m[36m(ParallelModGrad pid=3741591)[0m INFO:root:	task: 0	loss: 0.69319070	acc: 0.500
[2m[36m(ParallelModGrad pid=3741591)[0m INFO:root:	task: avg	loss: 0.69319070	acc: 0.500
[2m[36m(ParallelModGrad pid=3741591)[0m INFO:root:AGGREGATING MODELS...no_components 5
[2m[36m(ParallelModGrad pid=3741607)[0m INFO:root:epochs: 2, training task: 0
[2m[36m(ParallelModGrad pid=3741607)[0m INFO:root:	task: 0	loss: 0.69237698	acc: 0.524
[2m[36m(ParallelModGrad pid=3741607)[0m INFO:root:	task: avg	loss: 0.69237698	acc: 0.524
[2m[36m(ParallelModGrad pid=3741607)[0m INFO:root:AGGREGATING MODELS...no_components 5
[2m[36m(ParallelModGrad pid=3741591)[0m INFO:root:epochs: 3, training task: 0
[2m[36m(ParallelModGrad pid=3741591)[0m INFO:root:	task: 0	loss: 0.69327010	acc: 0.500
[2m[36m(ParallelModGrad pid=3741591)[0m INFO:root:	task: avg	loss: 0.69327010	acc: 0.500
[2m[36m(ParallelModGrad pid=3741591)[0m INFO:root:AGGREGATING MODELS...no_components 5
[2m[36m(ParallelModGrad pid=3741607)[0m INFO:root:epochs: 3, training task: 0
[2m[36m(ParallelModGrad pid=3741607)[0m INFO:root:	task: 0	loss: 0.69260198	acc: 0.524
[2m[36m(ParallelModGrad pid=3741607)[0m INFO:root:	task: avg	loss: 0.69260198	acc: 0.524
[2m[36m(ParallelModGrad pid=3741607)[0m INFO:root:AGGREGATING MODELS...no_components 5
[2m[36m(ParallelModGrad pid=3741591)[0m INFO:root:epochs: 4, training task: 0
[2m[36m(ParallelModGrad pid=3741591)[0m INFO:root:	task: 0	loss: 0.69332829	acc: 0.500
[2m[36m(ParallelModGrad pid=3741591)[0m INFO:root:	task: avg	loss: 0.69332829	acc: 0.500
[2m[36m(ParallelModGrad pid=3741607)[0m INFO:root:epochs: 4, training task: 0
[2m[36m(ParallelModGrad pid=3741607)[0m INFO:root:	task: 0	loss: 0.69259343	acc: 0.524
[2m[36m(ParallelModGrad pid=3741607)[0m INFO:root:	task: avg	loss: 0.69259343	acc: 0.524
[2m[36m(ParallelModGrad pid=3741591)[0m INFO:root:candidate 4: W/update: 0.44, WO/update: 0.44, improv 0.0
[2m[36m(ParallelModGrad pid=3741591)[0m INFO:root:Not keeping any new modules. Total: 4
[2m[36m(ParallelModGrad pid=3741607)[0m INFO:root:candidate 4: W/update: 0.49, WO/update: 0.49, improv 0.0
[2m[36m(ParallelModGrad pid=3741607)[0m INFO:root:Not keeping any new modules. Total: 4
[2m[36m(ParallelModGrad pid=3741607)[0m INFO:root:epochs: 5, training task: 0
[2m[36m(ParallelModGrad pid=3741607)[0m INFO:root:	task: 0	loss: 0.69266912	acc: 0.524
[2m[36m(ParallelModGrad pid=3741607)[0m INFO:root:	task: avg	loss: 0.69266912	acc: 0.524
[2m[36m(ParallelModGrad pid=3741591)[0m INFO:root:epochs: 5, training task: 0
[2m[36m(ParallelModGrad pid=3741591)[0m INFO:root:	task: 0	loss: 0.69342109	acc: 0.500
[2m[36m(ParallelModGrad pid=3741591)[0m INFO:root:	task: avg	loss: 0.69342109	acc: 0.500
[2m[36m(ParallelModGrad pid=3741591)[0m INFO:root:final components: 4
[2m[36m(ParallelModGrad pid=3741607)[0m INFO:root:final components: 4
[2m[36m(ParallelModGrad pid=3741591)[0m INFO:root:AGGREGATING MODELS...no_components 4
[2m[36m(ParallelModGrad pid=3741607)[0m INFO:root:AGGREGATING MODELS...no_components 4
[2m[36m(ParallelModGrad pid=3741591)[0m INFO:root:epochs: 0, training task: 1
[2m[36m(ParallelModGrad pid=3741591)[0m INFO:root:	task: 0	loss: 0.69342999	acc: 0.500
[2m[36m(ParallelModGrad pid=3741591)[0m INFO:root:	task: 1	loss: 0.69443306	acc: 0.476
[2m[36m(ParallelModGrad pid=3741591)[0m INFO:root:	task: avg	loss: 0.69393153	acc: 0.488
[2m[36m(ParallelModGrad pid=3741607)[0m INFO:root:epochs: 0, training task: 1
[2m[36m(ParallelModGrad pid=3741607)[0m INFO:root:	task: 0	loss: 0.69257001	acc: 0.524
[2m[36m(ParallelModGrad pid=3741607)[0m INFO:root:	task: 1	loss: 0.69308582	acc: 0.508
[2m[36m(ParallelModGrad pid=3741607)[0m INFO:root:	task: avg	loss: 0.69282791	acc: 0.516
[2m[36m(ParallelModGrad pid=3741591)[0m INFO:root:epochs: 1, training task: 1
[2m[36m(ParallelModGrad pid=3741591)[0m INFO:root:	task: 0	loss: 0.69342999	acc: 0.500
[2m[36m(ParallelModGrad pid=3741591)[0m INFO:root:	task: 1	loss: 0.69366418	acc: 0.476
[2m[36m(ParallelModGrad pid=3741591)[0m INFO:root:	task: avg	loss: 0.69354709	acc: 0.488
[2m[36m(ParallelModGrad pid=3741591)[0m INFO:root:AGGREGATING MODELS...no_components 5
[2m[36m(ParallelModGrad pid=3741607)[0m INFO:root:epochs: 1, training task: 1
[2m[36m(ParallelModGrad pid=3741607)[0m INFO:root:	task: 0	loss: 0.69257001	acc: 0.524
[2m[36m(ParallelModGrad pid=3741607)[0m INFO:root:	task: 1	loss: 0.69348660	acc: 0.492
[2m[36m(ParallelModGrad pid=3741607)[0m INFO:root:	task: avg	loss: 0.69302830	acc: 0.508
[2m[36m(ParallelModGrad pid=3741607)[0m INFO:root:AGGREGATING MODELS...no_components 5
[2m[36m(ParallelModGrad pid=3741591)[0m INFO:root:epochs: 2, training task: 1
[2m[36m(ParallelModGrad pid=3741591)[0m INFO:root:	task: 0	loss: 0.69349118	acc: 0.500
[2m[36m(ParallelModGrad pid=3741591)[0m INFO:root:	task: 1	loss: 0.69346806	acc: 0.476
[2m[36m(ParallelModGrad pid=3741591)[0m INFO:root:	task: avg	loss: 0.69347962	acc: 0.488
[2m[36m(ParallelModGrad pid=3741607)[0m INFO:root:epochs: 2, training task: 1
[2m[36m(ParallelModGrad pid=3741607)[0m INFO:root:	task: 0	loss: 0.69247535	acc: 0.524
[2m[36m(ParallelModGrad pid=3741607)[0m INFO:root:	task: 1	loss: 0.69381469	acc: 0.492
[2m[36m(ParallelModGrad pid=3741607)[0m INFO:root:	task: avg	loss: 0.69314502	acc: 0.508
[2m[36m(ParallelModGrad pid=3741591)[0m INFO:root:AGGREGATING MODELS...no_components 5
[2m[36m(ParallelModGrad pid=3741607)[0m INFO:root:AGGREGATING MODELS...no_components 5
[2m[36m(ParallelModGrad pid=3741591)[0m INFO:root:epochs: 3, training task: 1
[2m[36m(ParallelModGrad pid=3741591)[0m INFO:root:	task: 0	loss: 0.69356224	acc: 0.500
[2m[36m(ParallelModGrad pid=3741591)[0m INFO:root:	task: 1	loss: 0.69310886	acc: 0.524
[2m[36m(ParallelModGrad pid=3741591)[0m INFO:root:	task: avg	loss: 0.69333555	acc: 0.512
[2m[36m(ParallelModGrad pid=3741591)[0m INFO:root:AGGREGATING MODELS...no_components 5
[2m[36m(ParallelModGrad pid=3741607)[0m INFO:root:epochs: 3, training task: 1
[2m[36m(ParallelModGrad pid=3741607)[0m INFO:root:	task: 0	loss: 0.69239077	acc: 0.524
[2m[36m(ParallelModGrad pid=3741607)[0m INFO:root:	task: 1	loss: 0.69415611	acc: 0.492
[2m[36m(ParallelModGrad pid=3741607)[0m INFO:root:	task: avg	loss: 0.69327344	acc: 0.508
[2m[36m(ParallelModGrad pid=3741607)[0m INFO:root:AGGREGATING MODELS...no_components 5
[2m[36m(ParallelModGrad pid=3741591)[0m INFO:root:epochs: 4, training task: 1
[2m[36m(ParallelModGrad pid=3741591)[0m INFO:root:	task: 0	loss: 0.69398763	acc: 0.500
[2m[36m(ParallelModGrad pid=3741591)[0m INFO:root:	task: 1	loss: 0.69304680	acc: 0.524
[2m[36m(ParallelModGrad pid=3741591)[0m INFO:root:	task: avg	loss: 0.69351721	acc: 0.512
[2m[36m(ParallelModGrad pid=3741607)[0m INFO:root:epochs: 4, training task: 1
[2m[36m(ParallelModGrad pid=3741607)[0m INFO:root:	task: 0	loss: 0.69243064	acc: 0.524
[2m[36m(ParallelModGrad pid=3741607)[0m INFO:root:	task: 1	loss: 0.69418270	acc: 0.492
[2m[36m(ParallelModGrad pid=3741607)[0m INFO:root:	task: avg	loss: 0.69330667	acc: 0.508
[2m[36m(ParallelModGrad pid=3741591)[0m INFO:root:candidate 4: W/update: 0.55, WO/update: 0.55, improv 0.0
[2m[36m(ParallelModGrad pid=3741591)[0m INFO:root:Not keeping any new modules. Total: 4
[2m[36m(ParallelModGrad pid=3741607)[0m INFO:root:candidate 4: W/update: 0.49, WO/update: 0.49, improv 0.0
[2m[36m(ParallelModGrad pid=3741607)[0m INFO:root:Not keeping any new modules. Total: 4
[2m[36m(ParallelModGrad pid=3741591)[0m INFO:root:epochs: 5, training task: 1
[2m[36m(ParallelModGrad pid=3741591)[0m INFO:root:	task: 0	loss: 0.69398763	acc: 0.500
[2m[36m(ParallelModGrad pid=3741591)[0m INFO:root:	task: 1	loss: 0.69303792	acc: 0.669
[2m[36m(ParallelModGrad pid=3741591)[0m INFO:root:	task: avg	loss: 0.69351278	acc: 0.585
[2m[36m(ParallelModGrad pid=3741607)[0m INFO:root:epochs: 5, training task: 1
[2m[36m(ParallelModGrad pid=3741607)[0m INFO:root:	task: 0	loss: 0.69243064	acc: 0.524
[2m[36m(ParallelModGrad pid=3741607)[0m INFO:root:	task: 1	loss: 0.69391164	acc: 0.492
[2m[36m(ParallelModGrad pid=3741607)[0m INFO:root:	task: avg	loss: 0.69317114	acc: 0.508
[2m[36m(ParallelModGrad pid=3741591)[0m INFO:root:final components: 4
[2m[36m(ParallelModGrad pid=3741607)[0m INFO:root:final components: 4
[2m[36m(ParallelModGrad pid=3741591)[0m INFO:root:AGGREGATING MODELS...no_components 4
[2m[36m(ParallelModGrad pid=3741607)[0m INFO:root:AGGREGATING MODELS...no_components 4
[2m[36m(ParallelModGrad pid=3741591)[0m INFO:root:epochs: 0, training task: 2
[2m[36m(ParallelModGrad pid=3741591)[0m INFO:root:	task: 0	loss: 0.69398004	acc: 0.500
[2m[36m(ParallelModGrad pid=3741591)[0m INFO:root:	task: 1	loss: 0.69289363	acc: 0.524
[2m[36m(ParallelModGrad pid=3741591)[0m INFO:root:	task: 2	loss: 0.68807067	acc: 0.560
[2m[36m(ParallelModGrad pid=3741591)[0m INFO:root:	task: avg	loss: 0.69164812	acc: 0.528
[2m[36m(ParallelModGrad pid=3741607)[0m INFO:root:epochs: 0, training task: 2
[2m[36m(ParallelModGrad pid=3741607)[0m INFO:root:	task: 0	loss: 0.69234960	acc: 0.524
[2m[36m(ParallelModGrad pid=3741607)[0m INFO:root:	task: 1	loss: 0.69377528	acc: 0.492
[2m[36m(ParallelModGrad pid=3741607)[0m INFO:root:	task: 2	loss: 0.69340567	acc: 0.505
[2m[36m(ParallelModGrad pid=3741607)[0m INFO:root:	task: avg	loss: 0.69317685	acc: 0.507
[2m[36m(ParallelModGrad pid=3741591)[0m INFO:root:epochs: 1, training task: 2
[2m[36m(ParallelModGrad pid=3741591)[0m INFO:root:	task: 0	loss: 0.69398004	acc: 0.500
[2m[36m(ParallelModGrad pid=3741591)[0m INFO:root:	task: 1	loss: 0.69289363	acc: 0.524
[2m[36m(ParallelModGrad pid=3741591)[0m INFO:root:	task: 2	loss: 0.68904601	acc: 0.560
[2m[36m(ParallelModGrad pid=3741591)[0m INFO:root:	task: avg	loss: 0.69197323	acc: 0.528
[2m[36m(ParallelModGrad pid=3741607)[0m INFO:root:epochs: 1, training task: 2
[2m[36m(ParallelModGrad pid=3741607)[0m INFO:root:	task: 0	loss: 0.69234960	acc: 0.524
[2m[36m(ParallelModGrad pid=3741607)[0m INFO:root:	task: 1	loss: 0.69377528	acc: 0.492
[2m[36m(ParallelModGrad pid=3741607)[0m INFO:root:	task: 2	loss: 0.69326892	acc: 0.505
[2m[36m(ParallelModGrad pid=3741607)[0m INFO:root:	task: avg	loss: 0.69313127	acc: 0.507
[2m[36m(ParallelModGrad pid=3741591)[0m INFO:root:AGGREGATING MODELS...no_components 5
[2m[36m(ParallelModGrad pid=3741607)[0m INFO:root:AGGREGATING MODELS...no_components 5
[2m[36m(ParallelModGrad pid=3741591)[0m INFO:root:epochs: 2, training task: 2
[2m[36m(ParallelModGrad pid=3741591)[0m INFO:root:	task: 0	loss: 0.69408413	acc: 0.500
[2m[36m(ParallelModGrad pid=3741591)[0m INFO:root:	task: 1	loss: 0.69276143	acc: 0.524
[2m[36m(ParallelModGrad pid=3741591)[0m INFO:root:	task: 2	loss: 0.68982034	acc: 0.560
[2m[36m(ParallelModGrad pid=3741591)[0m INFO:root:	task: avg	loss: 0.69222196	acc: 0.528
[2m[36m(ParallelModGrad pid=3741591)[0m INFO:root:AGGREGATING MODELS...no_components 5
[2m[36m(ParallelModGrad pid=3741607)[0m INFO:root:epochs: 2, training task: 2
[2m[36m(ParallelModGrad pid=3741607)[0m INFO:root:	task: 0	loss: 0.69228886	acc: 0.524
[2m[36m(ParallelModGrad pid=3741607)[0m INFO:root:	task: 1	loss: 0.69365201	acc: 0.492
[2m[36m(ParallelModGrad pid=3741607)[0m INFO:root:	task: 2	loss: 0.69320207	acc: 0.505
[2m[36m(ParallelModGrad pid=3741607)[0m INFO:root:	task: avg	loss: 0.69304764	acc: 0.507
[2m[36m(ParallelModGrad pid=3741607)[0m INFO:root:AGGREGATING MODELS...no_components 5
[2m[36m(ParallelModGrad pid=3741591)[0m INFO:root:epochs: 3, training task: 2
[2m[36m(ParallelModGrad pid=3741591)[0m INFO:root:	task: 0	loss: 0.69419542	acc: 0.500
[2m[36m(ParallelModGrad pid=3741591)[0m INFO:root:	task: 1	loss: 0.69263959	acc: 0.524
[2m[36m(ParallelModGrad pid=3741591)[0m INFO:root:	task: 2	loss: 0.69041485	acc: 0.560
[2m[36m(ParallelModGrad pid=3741591)[0m INFO:root:	task: avg	loss: 0.69241662	acc: 0.528
[2m[36m(ParallelModGrad pid=3741591)[0m INFO:root:AGGREGATING MODELS...no_components 5
[2m[36m(ParallelModGrad pid=3741607)[0m INFO:root:epochs: 3, training task: 2
[2m[36m(ParallelModGrad pid=3741607)[0m INFO:root:	task: 0	loss: 0.69223839	acc: 0.524
[2m[36m(ParallelModGrad pid=3741607)[0m INFO:root:	task: 1	loss: 0.69353895	acc: 0.492
[2m[36m(ParallelModGrad pid=3741607)[0m INFO:root:	task: 2	loss: 0.69319318	acc: 0.505
[2m[36m(ParallelModGrad pid=3741607)[0m INFO:root:	task: avg	loss: 0.69299017	acc: 0.507
[2m[36m(ParallelModGrad pid=3741607)[0m INFO:root:AGGREGATING MODELS...no_components 5
[2m[36m(ParallelModGrad pid=3741591)[0m INFO:root:epochs: 4, training task: 2
[2m[36m(ParallelModGrad pid=3741591)[0m INFO:root:	task: 0	loss: 0.69510387	acc: 0.500
[2m[36m(ParallelModGrad pid=3741591)[0m INFO:root:	task: 1	loss: 0.69252537	acc: 0.524
[2m[36m(ParallelModGrad pid=3741591)[0m INFO:root:	task: 2	loss: 0.69055126	acc: 0.560
[2m[36m(ParallelModGrad pid=3741591)[0m INFO:root:	task: avg	loss: 0.69272683	acc: 0.528
[2m[36m(ParallelModGrad pid=3741607)[0m INFO:root:epochs: 4, training task: 2
[2m[36m(ParallelModGrad pid=3741607)[0m INFO:root:	task: 0	loss: 0.69239801	acc: 0.524
[2m[36m(ParallelModGrad pid=3741607)[0m INFO:root:	task: 1	loss: 0.69324332	acc: 0.492
[2m[36m(ParallelModGrad pid=3741607)[0m INFO:root:	task: 2	loss: 0.69319787	acc: 0.505
[2m[36m(ParallelModGrad pid=3741607)[0m INFO:root:	task: avg	loss: 0.69294640	acc: 0.507
[2m[36m(ParallelModGrad pid=3741591)[0m INFO:root:candidate 4: W/update: 0.56, WO/update: 0.56, improv 0.0
[2m[36m(ParallelModGrad pid=3741591)[0m INFO:root:Not keeping any new modules. Total: 4
[2m[36m(ParallelModGrad pid=3741607)[0m INFO:root:candidate 4: W/update: 0.52, WO/update: 0.52, improv 0.0
[2m[36m(ParallelModGrad pid=3741607)[0m INFO:root:Not keeping any new modules. Total: 4
[2m[36m(ParallelModGrad pid=3741591)[0m INFO:root:epochs: 5, training task: 2
[2m[36m(ParallelModGrad pid=3741591)[0m INFO:root:	task: 0	loss: 0.69510387	acc: 0.500
[2m[36m(ParallelModGrad pid=3741591)[0m INFO:root:	task: 1	loss: 0.69252537	acc: 0.524
[2m[36m(ParallelModGrad pid=3741591)[0m INFO:root:	task: 2	loss: 0.69072804	acc: 0.560
[2m[36m(ParallelModGrad pid=3741591)[0m INFO:root:	task: avg	loss: 0.69278576	acc: 0.528
[2m[36m(ParallelModGrad pid=3741607)[0m INFO:root:epochs: 5, training task: 2
[2m[36m(ParallelModGrad pid=3741607)[0m INFO:root:	task: 0	loss: 0.69239801	acc: 0.524
[2m[36m(ParallelModGrad pid=3741607)[0m INFO:root:	task: 1	loss: 0.69324332	acc: 0.492
[2m[36m(ParallelModGrad pid=3741607)[0m INFO:root:	task: 2	loss: 0.69316278	acc: 0.505
[2m[36m(ParallelModGrad pid=3741607)[0m INFO:root:	task: avg	loss: 0.69293470	acc: 0.507
[2m[36m(ParallelModGrad pid=3741591)[0m INFO:root:final components: 4
[2m[36m(ParallelModGrad pid=3741607)[0m INFO:root:final components: 4
[2m[36m(ParallelModGrad pid=3741591)[0m INFO:root:AGGREGATING MODELS...no_components 4
[2m[36m(ParallelModGrad pid=3741607)[0m INFO:root:AGGREGATING MODELS...no_components 4
[2m[36m(ParallelModGrad pid=3741591)[0m INFO:root:epochs: 0, training task: 3
[2m[36m(ParallelModGrad pid=3741591)[0m INFO:root:	task: 0	loss: 0.69489973	acc: 0.500
[2m[36m(ParallelModGrad pid=3741591)[0m INFO:root:	task: 1	loss: 0.69244193	acc: 0.524
[2m[36m(ParallelModGrad pid=3741591)[0m INFO:root:	task: 2	loss: 0.69104562	acc: 0.560
[2m[36m(ParallelModGrad pid=3741591)[0m INFO:root:	task: 3	loss: 0.69340273	acc: 0.496
[2m[36m(ParallelModGrad pid=3741591)[0m INFO:root:	task: avg	loss: 0.69294750	acc: 0.520
[2m[36m(ParallelModGrad pid=3741607)[0m INFO:root:epochs: 0, training task: 3
[2m[36m(ParallelModGrad pid=3741607)[0m INFO:root:	task: 0	loss: 0.69234186	acc: 0.524
[2m[36m(ParallelModGrad pid=3741607)[0m INFO:root:	task: 1	loss: 0.69317468	acc: 0.492
[2m[36m(ParallelModGrad pid=3741607)[0m INFO:root:	task: 2	loss: 0.69313962	acc: 0.505
[2m[36m(ParallelModGrad pid=3741607)[0m INFO:root:	task: 3	loss: 0.69493237	acc: 0.494
[2m[36m(ParallelModGrad pid=3741607)[0m INFO:root:	task: avg	loss: 0.69339713	acc: 0.504
[2m[36m(ParallelModGrad pid=3741591)[0m INFO:root:epochs: 1, training task: 3
[2m[36m(ParallelModGrad pid=3741591)[0m INFO:root:	task: 0	loss: 0.69489973	acc: 0.500
[2m[36m(ParallelModGrad pid=3741591)[0m INFO:root:	task: 1	loss: 0.69244193	acc: 0.524
[2m[36m(ParallelModGrad pid=3741591)[0m INFO:root:	task: 2	loss: 0.69104562	acc: 0.560
[2m[36m(ParallelModGrad pid=3741591)[0m INFO:root:	task: 3	loss: 0.69319933	acc: 0.496
[2m[36m(ParallelModGrad pid=3741591)[0m INFO:root:	task: avg	loss: 0.69289665	acc: 0.520
[2m[36m(ParallelModGrad pid=3741607)[0m INFO:root:epochs: 1, training task: 3
[2m[36m(ParallelModGrad pid=3741607)[0m INFO:root:	task: 0	loss: 0.69234186	acc: 0.524
[2m[36m(ParallelModGrad pid=3741607)[0m INFO:root:	task: 1	loss: 0.69317468	acc: 0.492
[2m[36m(ParallelModGrad pid=3741607)[0m INFO:root:	task: 2	loss: 0.69313962	acc: 0.505
[2m[36m(ParallelModGrad pid=3741607)[0m INFO:root:	task: 3	loss: 0.69463732	acc: 0.494
[2m[36m(ParallelModGrad pid=3741607)[0m INFO:root:	task: avg	loss: 0.69332337	acc: 0.504
[2m[36m(ParallelModGrad pid=3741591)[0m INFO:root:AGGREGATING MODELS...no_components 5
[2m[36m(ParallelModGrad pid=3741607)[0m INFO:root:AGGREGATING MODELS...no_components 5
[2m[36m(ParallelModGrad pid=3741591)[0m INFO:root:epochs: 2, training task: 3
[2m[36m(ParallelModGrad pid=3741591)[0m INFO:root:	task: 0	loss: 0.69492604	acc: 0.500
[2m[36m(ParallelModGrad pid=3741591)[0m INFO:root:	task: 1	loss: 0.69234379	acc: 0.524
[2m[36m(ParallelModGrad pid=3741591)[0m INFO:root:	task: 2	loss: 0.69138944	acc: 0.560
[2m[36m(ParallelModGrad pid=3741591)[0m INFO:root:	task: 3	loss: 0.69311413	acc: 0.496
[2m[36m(ParallelModGrad pid=3741591)[0m INFO:root:	task: avg	loss: 0.69294335	acc: 0.520
[2m[36m(ParallelModGrad pid=3741591)[0m INFO:root:AGGREGATING MODELS...no_components 5
[2m[36m(ParallelModGrad pid=3741607)[0m INFO:root:epochs: 2, training task: 3
[2m[36m(ParallelModGrad pid=3741607)[0m INFO:root:	task: 0	loss: 0.69231150	acc: 0.524
[2m[36m(ParallelModGrad pid=3741607)[0m INFO:root:	task: 1	loss: 0.69308563	acc: 0.492
[2m[36m(ParallelModGrad pid=3741607)[0m INFO:root:	task: 2	loss: 0.69311856	acc: 0.505
[2m[36m(ParallelModGrad pid=3741607)[0m INFO:root:	task: 3	loss: 0.69417232	acc: 0.494
[2m[36m(ParallelModGrad pid=3741607)[0m INFO:root:	task: avg	loss: 0.69317200	acc: 0.504
[2m[36m(ParallelModGrad pid=3741607)[0m INFO:root:AGGREGATING MODELS...no_components 5
[2m[36m(ParallelModGrad pid=3741591)[0m INFO:root:epochs: 3, training task: 3
[2m[36m(ParallelModGrad pid=3741591)[0m INFO:root:	task: 0	loss: 0.69494741	acc: 0.500
[2m[36m(ParallelModGrad pid=3741591)[0m INFO:root:	task: 1	loss: 0.69225581	acc: 0.524
[2m[36m(ParallelModGrad pid=3741591)[0m INFO:root:	task: 2	loss: 0.69174383	acc: 0.560
[2m[36m(ParallelModGrad pid=3741591)[0m INFO:root:	task: 3	loss: 0.69304839	acc: 0.504
[2m[36m(ParallelModGrad pid=3741591)[0m INFO:root:	task: avg	loss: 0.69299886	acc: 0.522
[2m[36m(ParallelModGrad pid=3741591)[0m INFO:root:AGGREGATING MODELS...no_components 5
[2m[36m(ParallelModGrad pid=3741607)[0m INFO:root:epochs: 3, training task: 3
[2m[36m(ParallelModGrad pid=3741607)[0m INFO:root:	task: 0	loss: 0.69229211	acc: 0.524
[2m[36m(ParallelModGrad pid=3741607)[0m INFO:root:	task: 1	loss: 0.69300757	acc: 0.492
[2m[36m(ParallelModGrad pid=3741607)[0m INFO:root:	task: 2	loss: 0.69310868	acc: 0.505
[2m[36m(ParallelModGrad pid=3741607)[0m INFO:root:	task: 3	loss: 0.69379214	acc: 0.494
[2m[36m(ParallelModGrad pid=3741607)[0m INFO:root:	task: avg	loss: 0.69305013	acc: 0.504
[2m[36m(ParallelModGrad pid=3741607)[0m INFO:root:AGGREGATING MODELS...no_components 5
[2m[36m(ParallelModGrad pid=3741607)[0m INFO:root:epochs: 4, training task: 3
[2m[36m(ParallelModGrad pid=3741607)[0m INFO:root:	task: 0	loss: 0.69313327	acc: 0.524
[2m[36m(ParallelModGrad pid=3741607)[0m INFO:root:	task: 1	loss: 0.69253984	acc: 0.715
[2m[36m(ParallelModGrad pid=3741607)[0m INFO:root:	task: 2	loss: 0.69311626	acc: 0.505
[2m[36m(ParallelModGrad pid=3741607)[0m INFO:root:	task: 3	loss: 0.69360774	acc: 0.494
[2m[36m(ParallelModGrad pid=3741607)[0m INFO:root:	task: avg	loss: 0.69309928	acc: 0.559
[2m[36m(ParallelModGrad pid=3741591)[0m INFO:root:epochs: 4, training task: 3
[2m[36m(ParallelModGrad pid=3741591)[0m INFO:root:	task: 0	loss: 0.69647777	acc: 0.500
[2m[36m(ParallelModGrad pid=3741591)[0m INFO:root:	task: 1	loss: 0.69219088	acc: 0.524
[2m[36m(ParallelModGrad pid=3741591)[0m INFO:root:	task: 2	loss: 0.69248781	acc: 0.560
[2m[36m(ParallelModGrad pid=3741591)[0m INFO:root:	task: 3	loss: 0.69309907	acc: 0.504
[2m[36m(ParallelModGrad pid=3741591)[0m INFO:root:	task: avg	loss: 0.69356388	acc: 0.522
[2m[36m(ParallelModGrad pid=3741607)[0m INFO:root:candidate 4: W/update: 0.47, WO/update: 0.47, improv 0.0
[2m[36m(ParallelModGrad pid=3741607)[0m INFO:root:Not keeping any new modules. Total: 4
[2m[36m(ParallelModGrad pid=3741591)[0m INFO:root:candidate 4: W/update: 0.54, WO/update: 0.54, improv 0.0
[2m[36m(ParallelModGrad pid=3741591)[0m INFO:root:Not keeping any new modules. Total: 4
[2m[36m(ParallelModGrad pid=3741607)[0m INFO:root:epochs: 5, training task: 3
[2m[36m(ParallelModGrad pid=3741607)[0m INFO:root:	task: 0	loss: 0.69313327	acc: 0.524
[2m[36m(ParallelModGrad pid=3741607)[0m INFO:root:	task: 1	loss: 0.69253984	acc: 0.715
[2m[36m(ParallelModGrad pid=3741607)[0m INFO:root:	task: 2	loss: 0.69311626	acc: 0.505
[2m[36m(ParallelModGrad pid=3741607)[0m INFO:root:	task: 3	loss: 0.69298160	acc: 0.494
[2m[36m(ParallelModGrad pid=3741607)[0m INFO:root:	task: avg	loss: 0.69294274	acc: 0.559
[2m[36m(ParallelModGrad pid=3741591)[0m INFO:root:epochs: 5, training task: 3
[2m[36m(ParallelModGrad pid=3741591)[0m INFO:root:	task: 0	loss: 0.69647777	acc: 0.500
[2m[36m(ParallelModGrad pid=3741607)[0m INFO:root:final components: 4
[2m[36m(ParallelModGrad pid=3741591)[0m INFO:root:	task: 1	loss: 0.69219088	acc: 0.524
[2m[36m(ParallelModGrad pid=3741591)[0m INFO:root:	task: 2	loss: 0.69248781	acc: 0.560
[2m[36m(ParallelModGrad pid=3741591)[0m INFO:root:	task: 3	loss: 0.69308365	acc: 0.504
[2m[36m(ParallelModGrad pid=3741591)[0m INFO:root:	task: avg	loss: 0.69356003	acc: 0.522
[2m[36m(ParallelModGrad pid=3741591)[0m INFO:root:final components: 4
[2m[36m(ParallelModGrad pid=3741591)[0m INFO:root:AGGREGATING MODELS...no_components 4
[2m[36m(ParallelModGrad pid=3741607)[0m INFO:root:AGGREGATING MODELS...no_components 4
[2m[36m(ParallelModGrad pid=3741591)[0m INFO:root:epochs: 0, training task: 4
[2m[36m(ParallelModGrad pid=3741591)[0m INFO:root:	task: 0	loss: 0.69574906	acc: 0.500
[2m[36m(ParallelModGrad pid=3741591)[0m INFO:root:	task: 1	loss: 0.69208636	acc: 0.524
[2m[36m(ParallelModGrad pid=3741591)[0m INFO:root:	task: 2	loss: 0.69271449	acc: 0.560
[2m[36m(ParallelModGrad pid=3741591)[0m INFO:root:	task: 3	loss: 0.69288200	acc: 0.504
[2m[36m(ParallelModGrad pid=3741591)[0m INFO:root:	task: 4	loss: 0.69374505	acc: 0.523
[2m[36m(ParallelModGrad pid=3741591)[0m INFO:root:	task: avg	loss: 0.69343539	acc: 0.522
[2m[36m(ParallelModGrad pid=3741607)[0m INFO:root:epochs: 0, training task: 4
[2m[36m(ParallelModGrad pid=3741607)[0m INFO:root:	task: 0	loss: 0.69299792	acc: 0.524
[2m[36m(ParallelModGrad pid=3741607)[0m INFO:root:	task: 1	loss: 0.69263133	acc: 0.508
[2m[36m(ParallelModGrad pid=3741607)[0m INFO:root:	task: 2	loss: 0.69314312	acc: 0.505
[2m[36m(ParallelModGrad pid=3741607)[0m INFO:root:	task: 3	loss: 0.69316063	acc: 0.494
[2m[36m(ParallelModGrad pid=3741607)[0m INFO:root:	task: 4	loss: 0.69309646	acc: 0.518
[2m[36m(ParallelModGrad pid=3741607)[0m INFO:root:	task: avg	loss: 0.69300589	acc: 0.509
[2m[36m(ParallelModGrad pid=3741591)[0m INFO:root:epochs: 1, training task: 4
[2m[36m(ParallelModGrad pid=3741591)[0m INFO:root:	task: 0	loss: 0.69574906	acc: 0.500
[2m[36m(ParallelModGrad pid=3741591)[0m INFO:root:	task: 1	loss: 0.69208636	acc: 0.524
[2m[36m(ParallelModGrad pid=3741591)[0m INFO:root:	task: 2	loss: 0.69271449	acc: 0.560
[2m[36m(ParallelModGrad pid=3741591)[0m INFO:root:	task: 3	loss: 0.69288200	acc: 0.504
[2m[36m(ParallelModGrad pid=3741591)[0m INFO:root:	task: 4	loss: 0.69317106	acc: 0.524
[2m[36m(ParallelModGrad pid=3741591)[0m INFO:root:	task: avg	loss: 0.69332060	acc: 0.522
[2m[36m(ParallelModGrad pid=3741591)[0m INFO:root:AGGREGATING MODELS...no_components 5
[2m[36m(ParallelModGrad pid=3741607)[0m INFO:root:epochs: 1, training task: 4
[2m[36m(ParallelModGrad pid=3741607)[0m INFO:root:	task: 0	loss: 0.69299792	acc: 0.524
[2m[36m(ParallelModGrad pid=3741607)[0m INFO:root:	task: 1	loss: 0.69263133	acc: 0.508
[2m[36m(ParallelModGrad pid=3741607)[0m INFO:root:	task: 2	loss: 0.69314312	acc: 0.505
[2m[36m(ParallelModGrad pid=3741607)[0m INFO:root:	task: 3	loss: 0.69316063	acc: 0.494
[2m[36m(ParallelModGrad pid=3741607)[0m INFO:root:	task: 4	loss: 0.69291906	acc: 0.518
[2m[36m(ParallelModGrad pid=3741607)[0m INFO:root:	task: avg	loss: 0.69297041	acc: 0.509
[2m[36m(ParallelModGrad pid=3741607)[0m INFO:root:AGGREGATING MODELS...no_components 5
[2m[36m(ParallelModGrad pid=3741591)[0m INFO:root:epochs: 2, training task: 4
[2m[36m(ParallelModGrad pid=3741591)[0m INFO:root:	task: 0	loss: 0.69564673	acc: 0.500
[2m[36m(ParallelModGrad pid=3741591)[0m INFO:root:	task: 1	loss: 0.69194245	acc: 0.524
[2m[36m(ParallelModGrad pid=3741591)[0m INFO:root:	task: 2	loss: 0.69312229	acc: 0.560
[2m[36m(ParallelModGrad pid=3741591)[0m INFO:root:	task: 3	loss: 0.69286436	acc: 0.504
[2m[36m(ParallelModGrad pid=3741591)[0m INFO:root:	task: 4	loss: 0.69326776	acc: 0.524
[2m[36m(ParallelModGrad pid=3741591)[0m INFO:root:	task: avg	loss: 0.69336872	acc: 0.522
[2m[36m(ParallelModGrad pid=3741607)[0m INFO:root:epochs: 2, training task: 4
[2m[36m(ParallelModGrad pid=3741607)[0m INFO:root:	task: 0	loss: 0.69299409	acc: 0.524
[2m[36m(ParallelModGrad pid=3741607)[0m INFO:root:	task: 1	loss: 0.69256935	acc: 0.508
[2m[36m(ParallelModGrad pid=3741607)[0m INFO:root:	task: 2	loss: 0.69316719	acc: 0.506
[2m[36m(ParallelModGrad pid=3741607)[0m INFO:root:	task: 3	loss: 0.69330017	acc: 0.494
[2m[36m(ParallelModGrad pid=3741607)[0m INFO:root:	task: 4	loss: 0.69284159	acc: 0.518
[2m[36m(ParallelModGrad pid=3741607)[0m INFO:root:	task: avg	loss: 0.69297448	acc: 0.510
[2m[36m(ParallelModGrad pid=3741591)[0m INFO:root:AGGREGATING MODELS...no_components 5
[2m[36m(ParallelModGrad pid=3741607)[0m INFO:root:AGGREGATING MODELS...no_components 5
[2m[36m(ParallelModGrad pid=3741591)[0m INFO:root:epochs: 3, training task: 4
[2m[36m(ParallelModGrad pid=3741591)[0m INFO:root:	task: 0	loss: 0.69554431	acc: 0.500
[2m[36m(ParallelModGrad pid=3741591)[0m INFO:root:	task: 1	loss: 0.69180212	acc: 0.524
[2m[36m(ParallelModGrad pid=3741591)[0m INFO:root:	task: 2	loss: 0.69354073	acc: 0.300
[2m[36m(ParallelModGrad pid=3741591)[0m INFO:root:	task: 3	loss: 0.69285605	acc: 0.504
[2m[36m(ParallelModGrad pid=3741591)[0m INFO:root:	task: 4	loss: 0.69322745	acc: 0.524
[2m[36m(ParallelModGrad pid=3741591)[0m INFO:root:	task: avg	loss: 0.69339413	acc: 0.470
[2m[36m(ParallelModGrad pid=3741591)[0m INFO:root:AGGREGATING MODELS...no_components 5
[2m[36m(ParallelModGrad pid=3741607)[0m INFO:root:epochs: 3, training task: 4
[2m[36m(ParallelModGrad pid=3741607)[0m INFO:root:	task: 0	loss: 0.69300167	acc: 0.524
[2m[36m(ParallelModGrad pid=3741607)[0m INFO:root:	task: 1	loss: 0.69251872	acc: 0.508
[2m[36m(ParallelModGrad pid=3741607)[0m INFO:root:	task: 2	loss: 0.69320366	acc: 0.495
[2m[36m(ParallelModGrad pid=3741607)[0m INFO:root:	task: 3	loss: 0.69345226	acc: 0.494
[2m[36m(ParallelModGrad pid=3741607)[0m INFO:root:	task: 4	loss: 0.69283795	acc: 0.518
[2m[36m(ParallelModGrad pid=3741607)[0m INFO:root:	task: avg	loss: 0.69300285	acc: 0.508
[2m[36m(ParallelModGrad pid=3741607)[0m INFO:root:AGGREGATING MODELS...no_components 5
[2m[36m(ParallelModGrad pid=3741591)[0m INFO:root:epochs: 4, training task: 4
[2m[36m(ParallelModGrad pid=3741591)[0m INFO:root:	task: 0	loss: 0.69824907	acc: 0.500
[2m[36m(ParallelModGrad pid=3741591)[0m INFO:root:	task: 1	loss: 0.69138471	acc: 0.524
[2m[36m(ParallelModGrad pid=3741591)[0m INFO:root:	task: 2	loss: 0.69449325	acc: 0.440
[2m[36m(ParallelModGrad pid=3741591)[0m INFO:root:	task: 3	loss: 0.69334077	acc: 0.504
[2m[36m(ParallelModGrad pid=3741591)[0m INFO:root:	task: 4	loss: 0.69343458	acc: 0.524
[2m[36m(ParallelModGrad pid=3741591)[0m INFO:root:	task: avg	loss: 0.69418048	acc: 0.498
[2m[36m(ParallelModGrad pid=3741607)[0m INFO:root:epochs: 4, training task: 4
[2m[36m(ParallelModGrad pid=3741607)[0m INFO:root:	task: 0	loss: 0.69481614	acc: 0.524
[2m[36m(ParallelModGrad pid=3741607)[0m INFO:root:	task: 1	loss: 0.69120924	acc: 0.508
[2m[36m(ParallelModGrad pid=3741607)[0m INFO:root:	task: 2	loss: 0.69338980	acc: 0.495
[2m[36m(ParallelModGrad pid=3741607)[0m INFO:root:	task: 3	loss: 0.69279979	acc: 0.494
[2m[36m(ParallelModGrad pid=3741607)[0m INFO:root:	task: 4	loss: 0.69343610	acc: 0.518
[2m[36m(ParallelModGrad pid=3741607)[0m INFO:root:	task: avg	loss: 0.69313021	acc: 0.508
[2m[36m(ParallelModGrad pid=3741591)[0m INFO:root:candidate 4: W/update: 0.51, WO/update: 0.51, improv 0.0
[2m[36m(ParallelModGrad pid=3741591)[0m INFO:root:Not keeping any new modules. Total: 4
[2m[36m(ParallelModGrad pid=3741607)[0m INFO:root:candidate 4: W/update: 0.54, WO/update: 0.54, improv 0.0
[2m[36m(ParallelModGrad pid=3741607)[0m INFO:root:Not keeping any new modules. Total: 4
[2m[36m(ParallelModGrad pid=3741591)[0m INFO:root:epochs: 5, training task: 4
[2m[36m(ParallelModGrad pid=3741591)[0m INFO:root:	task: 0	loss: 0.69824907	acc: 0.500
[2m[36m(ParallelModGrad pid=3741591)[0m INFO:root:	task: 1	loss: 0.69138471	acc: 0.524
[2m[36m(ParallelModGrad pid=3741591)[0m INFO:root:	task: 2	loss: 0.69449325	acc: 0.440
[2m[36m(ParallelModGrad pid=3741591)[0m INFO:root:	task: 3	loss: 0.69334077	acc: 0.504
[2m[36m(ParallelModGrad pid=3741591)[0m INFO:root:	task: 4	loss: 0.69384217	acc: 0.524
[2m[36m(ParallelModGrad pid=3741591)[0m INFO:root:	task: avg	loss: 0.69426200	acc: 0.498
[2m[36m(ParallelModGrad pid=3741607)[0m INFO:root:epochs: 5, training task: 4
[2m[36m(ParallelModGrad pid=3741607)[0m INFO:root:	task: 0	loss: 0.69481614	acc: 0.524
[2m[36m(ParallelModGrad pid=3741607)[0m INFO:root:	task: 1	loss: 0.69120924	acc: 0.508
[2m[36m(ParallelModGrad pid=3741607)[0m INFO:root:	task: 2	loss: 0.69338980	acc: 0.495
[2m[36m(ParallelModGrad pid=3741607)[0m INFO:root:	task: 3	loss: 0.69279979	acc: 0.494
[2m[36m(ParallelModGrad pid=3741607)[0m INFO:root:	task: 4	loss: 0.69371474	acc: 0.518
[2m[36m(ParallelModGrad pid=3741607)[0m INFO:root:	task: avg	loss: 0.69318594	acc: 0.508
[2m[36m(ParallelModGrad pid=3741591)[0m INFO:root:final components: 4
[2m[36m(ParallelModGrad pid=3741607)[0m INFO:root:final components: 4
[2m[36m(ParallelModGrad pid=3741591)[0m INFO:root:AGGREGATING MODELS...no_components 4
[2m[36m(ParallelModGrad pid=3741607)[0m INFO:root:AGGREGATING MODELS...no_components 4
[2m[36m(ParallelModGrad pid=3741591)[0m INFO:root:epochs: 0, training task: 5
[2m[36m(ParallelModGrad pid=3741591)[0m INFO:root:	task: 0	loss: 0.69654285	acc: 0.500
[2m[36m(ParallelModGrad pid=3741591)[0m INFO:root:	task: 1	loss: 0.69096707	acc: 0.524
[2m[36m(ParallelModGrad pid=3741591)[0m INFO:root:	task: 2	loss: 0.69474278	acc: 0.440
[2m[36m(ParallelModGrad pid=3741591)[0m INFO:root:	task: 3	loss: 0.69275512	acc: 0.504
[2m[36m(ParallelModGrad pid=3741591)[0m INFO:root:	task: 4	loss: 0.69337029	acc: 0.524
[2m[36m(ParallelModGrad pid=3741591)[0m INFO:root:	task: 5	loss: 0.69534313	acc: 0.469
[2m[36m(ParallelModGrad pid=3741591)[0m INFO:root:	task: avg	loss: 0.69395354	acc: 0.493
[2m[36m(ParallelModGrad pid=3741607)[0m INFO:root:epochs: 0, training task: 5
[2m[36m(ParallelModGrad pid=3741607)[0m INFO:root:	task: 0	loss: 0.69463689	acc: 0.524
[2m[36m(ParallelModGrad pid=3741607)[0m INFO:root:	task: 1	loss: 0.69146469	acc: 0.508
[2m[36m(ParallelModGrad pid=3741607)[0m INFO:root:	task: 2	loss: 0.69353112	acc: 0.495
[2m[36m(ParallelModGrad pid=3741607)[0m INFO:root:	task: 3	loss: 0.69305680	acc: 0.494
[2m[36m(ParallelModGrad pid=3741607)[0m INFO:root:	task: 4	loss: 0.69364182	acc: 0.518
[2m[36m(ParallelModGrad pid=3741607)[0m INFO:root:	task: 5	loss: 0.69317776	acc: 0.508
[2m[36m(ParallelModGrad pid=3741607)[0m INFO:root:	task: avg	loss: 0.69325151	acc: 0.508
[2m[36m(ParallelModGrad pid=3741591)[0m INFO:root:epochs: 1, training task: 5
[2m[36m(ParallelModGrad pid=3741591)[0m INFO:root:	task: 0	loss: 0.69654285	acc: 0.500
[2m[36m(ParallelModGrad pid=3741591)[0m INFO:root:	task: 1	loss: 0.69096707	acc: 0.524
[2m[36m(ParallelModGrad pid=3741591)[0m INFO:root:	task: 2	loss: 0.69474278	acc: 0.440
[2m[36m(ParallelModGrad pid=3741591)[0m INFO:root:	task: 3	loss: 0.69275512	acc: 0.504
[2m[36m(ParallelModGrad pid=3741591)[0m INFO:root:	task: 4	loss: 0.69337029	acc: 0.524
[2m[36m(ParallelModGrad pid=3741591)[0m INFO:root:	task: 5	loss: 0.69613665	acc: 0.469
[2m[36m(ParallelModGrad pid=3741591)[0m INFO:root:	task: avg	loss: 0.69408579	acc: 0.493
[2m[36m(ParallelModGrad pid=3741591)[0m INFO:root:AGGREGATING MODELS...no_components 5
[2m[36m(ParallelModGrad pid=3741607)[0m INFO:root:epochs: 1, training task: 5
[2m[36m(ParallelModGrad pid=3741607)[0m INFO:root:	task: 0	loss: 0.69463689	acc: 0.524
[2m[36m(ParallelModGrad pid=3741607)[0m INFO:root:	task: 1	loss: 0.69146469	acc: 0.508
[2m[36m(ParallelModGrad pid=3741607)[0m INFO:root:	task: 2	loss: 0.69353112	acc: 0.495
[2m[36m(ParallelModGrad pid=3741607)[0m INFO:root:	task: 3	loss: 0.69305680	acc: 0.494
[2m[36m(ParallelModGrad pid=3741607)[0m INFO:root:	task: 4	loss: 0.69364182	acc: 0.518
[2m[36m(ParallelModGrad pid=3741607)[0m INFO:root:	task: 5	loss: 0.69323711	acc: 0.508
[2m[36m(ParallelModGrad pid=3741607)[0m INFO:root:	task: avg	loss: 0.69326140	acc: 0.508
[2m[36m(ParallelModGrad pid=3741607)[0m INFO:root:AGGREGATING MODELS...no_components 5
[2m[36m(ParallelModGrad pid=3741591)[0m INFO:root:epochs: 2, training task: 5
[2m[36m(ParallelModGrad pid=3741591)[0m INFO:root:	task: 0	loss: 0.69623987	acc: 0.500
[2m[36m(ParallelModGrad pid=3741591)[0m INFO:root:	task: 1	loss: 0.69063559	acc: 0.524
[2m[36m(ParallelModGrad pid=3741591)[0m INFO:root:	task: 2	loss: 0.69500591	acc: 0.440
[2m[36m(ParallelModGrad pid=3741591)[0m INFO:root:	task: 3	loss: 0.69266295	acc: 0.504
[2m[36m(ParallelModGrad pid=3741591)[0m INFO:root:	task: 4	loss: 0.69316820	acc: 0.524
[2m[36m(ParallelModGrad pid=3741591)[0m INFO:root:	task: 5	loss: 0.69743521	acc: 0.469
[2m[36m(ParallelModGrad pid=3741591)[0m INFO:root:	task: avg	loss: 0.69419129	acc: 0.493
[2m[36m(ParallelModGrad pid=3741591)[0m INFO:root:AGGREGATING MODELS...no_components 5
[2m[36m(ParallelModGrad pid=3741607)[0m INFO:root:epochs: 2, training task: 5
[2m[36m(ParallelModGrad pid=3741607)[0m INFO:root:	task: 0	loss: 0.69453822	acc: 0.524
[2m[36m(ParallelModGrad pid=3741607)[0m INFO:root:	task: 1	loss: 0.69133348	acc: 0.508
[2m[36m(ParallelModGrad pid=3741607)[0m INFO:root:	task: 2	loss: 0.69362254	acc: 0.495
[2m[36m(ParallelModGrad pid=3741607)[0m INFO:root:	task: 3	loss: 0.69325290	acc: 0.494
[2m[36m(ParallelModGrad pid=3741607)[0m INFO:root:	task: 4	loss: 0.69366122	acc: 0.518
[2m[36m(ParallelModGrad pid=3741607)[0m INFO:root:	task: 5	loss: 0.69279657	acc: 0.508
[2m[36m(ParallelModGrad pid=3741607)[0m INFO:root:	task: avg	loss: 0.69320082	acc: 0.508
[2m[36m(ParallelModGrad pid=3741607)[0m INFO:root:AGGREGATING MODELS...no_components 5
[2m[36m(ParallelModGrad pid=3741591)[0m INFO:root:epochs: 3, training task: 5
[2m[36m(ParallelModGrad pid=3741591)[0m INFO:root:	task: 0	loss: 0.69593628	acc: 0.500
[2m[36m(ParallelModGrad pid=3741591)[0m INFO:root:	task: 1	loss: 0.69030434	acc: 0.524
[2m[36m(ParallelModGrad pid=3741591)[0m INFO:root:	task: 2	loss: 0.69525366	acc: 0.440
[2m[36m(ParallelModGrad pid=3741591)[0m INFO:root:	task: 3	loss: 0.69257497	acc: 0.504
[2m[36m(ParallelModGrad pid=3741591)[0m INFO:root:	task: 4	loss: 0.69297877	acc: 0.524
[2m[36m(ParallelModGrad pid=3741591)[0m INFO:root:	task: 5	loss: 0.69876120	acc: 0.469
[2m[36m(ParallelModGrad pid=3741591)[0m INFO:root:	task: avg	loss: 0.69430154	acc: 0.493
[2m[36m(ParallelModGrad pid=3741591)[0m INFO:root:AGGREGATING MODELS...no_components 5
[2m[36m(ParallelModGrad pid=3741607)[0m INFO:root:epochs: 3, training task: 5
[2m[36m(ParallelModGrad pid=3741607)[0m INFO:root:	task: 0	loss: 0.69444860	acc: 0.524
[2m[36m(ParallelModGrad pid=3741607)[0m INFO:root:	task: 1	loss: 0.69120503	acc: 0.508
[2m[36m(ParallelModGrad pid=3741607)[0m INFO:root:	task: 2	loss: 0.69372815	acc: 0.495
[2m[36m(ParallelModGrad pid=3741607)[0m INFO:root:	task: 3	loss: 0.69345399	acc: 0.494
[2m[36m(ParallelModGrad pid=3741607)[0m INFO:root:	task: 4	loss: 0.69369435	acc: 0.518
[2m[36m(ParallelModGrad pid=3741607)[0m INFO:root:	task: 5	loss: 0.69248010	acc: 0.508
[2m[36m(ParallelModGrad pid=3741607)[0m INFO:root:	task: avg	loss: 0.69316837	acc: 0.508
[2m[36m(ParallelModGrad pid=3741607)[0m INFO:root:AGGREGATING MODELS...no_components 5
[2m[36m(ParallelModGrad pid=3741591)[0m INFO:root:epochs: 4, training task: 5
[2m[36m(ParallelModGrad pid=3741591)[0m INFO:root:	task: 0	loss: 0.69585394	acc: 0.500
[2m[36m(ParallelModGrad pid=3741591)[0m INFO:root:	task: 1	loss: 0.68875029	acc: 0.524
[2m[36m(ParallelModGrad pid=3741591)[0m INFO:root:	task: 2	loss: 0.69600892	acc: 0.440
[2m[36m(ParallelModGrad pid=3741591)[0m INFO:root:	task: 3	loss: 0.69219002	acc: 0.504
[2m[36m(ParallelModGrad pid=3741591)[0m INFO:root:	task: 4	loss: 0.69380574	acc: 0.524
[2m[36m(ParallelModGrad pid=3741591)[0m INFO:root:	task: 5	loss: 0.70011883	acc: 0.469
[2m[36m(ParallelModGrad pid=3741591)[0m INFO:root:	task: avg	loss: 0.69445462	acc: 0.493
[2m[36m(ParallelModGrad pid=3741607)[0m INFO:root:epochs: 4, training task: 5
[2m[36m(ParallelModGrad pid=3741607)[0m INFO:root:	task: 0	loss: 0.69830873	acc: 0.192
[2m[36m(ParallelModGrad pid=3741607)[0m INFO:root:	task: 1	loss: 0.68700229	acc: 0.508
[2m[36m(ParallelModGrad pid=3741607)[0m INFO:root:	task: 2	loss: 0.69403051	acc: 0.495
[2m[36m(ParallelModGrad pid=3741607)[0m INFO:root:	task: 3	loss: 0.69199038	acc: 0.494
[2m[36m(ParallelModGrad pid=3741607)[0m INFO:root:	task: 4	loss: 0.69530677	acc: 0.518
[2m[36m(ParallelModGrad pid=3741607)[0m INFO:root:	task: 5	loss: 0.69061231	acc: 0.508
[2m[36m(ParallelModGrad pid=3741607)[0m INFO:root:	task: avg	loss: 0.69287516	acc: 0.452
[2m[36m(ParallelModGrad pid=3741591)[0m INFO:root:candidate 4: W/update: 0.47, WO/update: 0.47, improv 0.0
[2m[36m(ParallelModGrad pid=3741591)[0m INFO:root:Not keeping any new modules. Total: 4
[2m[36m(ParallelModGrad pid=3741607)[0m INFO:root:candidate 4: W/update: 0.51, WO/update: 0.51, improv 0.0
[2m[36m(ParallelModGrad pid=3741607)[0m INFO:root:Not keeping any new modules. Total: 4
[2m[36m(ParallelModGrad pid=3741591)[0m INFO:root:epochs: 5, training task: 5
[2m[36m(ParallelModGrad pid=3741591)[0m INFO:root:	task: 0	loss: 0.69585394	acc: 0.500
[2m[36m(ParallelModGrad pid=3741591)[0m INFO:root:	task: 1	loss: 0.68875029	acc: 0.524
[2m[36m(ParallelModGrad pid=3741591)[0m INFO:root:	task: 2	loss: 0.69600892	acc: 0.440
[2m[36m(ParallelModGrad pid=3741591)[0m INFO:root:	task: 3	loss: 0.69219002	acc: 0.504
[2m[36m(ParallelModGrad pid=3741591)[0m INFO:root:	task: 4	loss: 0.69380574	acc: 0.524
[2m[36m(ParallelModGrad pid=3741591)[0m INFO:root:	task: 5	loss: 0.70139826	acc: 0.469
[2m[36m(ParallelModGrad pid=3741591)[0m INFO:root:	task: avg	loss: 0.69466786	acc: 0.493
[2m[36m(ParallelModGrad pid=3741607)[0m INFO:root:epochs: 5, training task: 5
[2m[36m(ParallelModGrad pid=3741607)[0m INFO:root:	task: 0	loss: 0.69830873	acc: 0.192
[2m[36m(ParallelModGrad pid=3741607)[0m INFO:root:	task: 1	loss: 0.68700229	acc: 0.508
[2m[36m(ParallelModGrad pid=3741607)[0m INFO:root:	task: 2	loss: 0.69403051	acc: 0.495
[2m[36m(ParallelModGrad pid=3741607)[0m INFO:root:	task: 3	loss: 0.69199038	acc: 0.494
[2m[36m(ParallelModGrad pid=3741607)[0m INFO:root:	task: 4	loss: 0.69530677	acc: 0.518
[2m[36m(ParallelModGrad pid=3741607)[0m INFO:root:	task: 5	loss: 0.68718026	acc: 0.508
[2m[36m(ParallelModGrad pid=3741607)[0m INFO:root:	task: avg	loss: 0.69230316	acc: 0.452
[2m[36m(ParallelModGrad pid=3741591)[0m INFO:root:final components: 4
[2m[36m(ParallelModGrad pid=3741607)[0m INFO:root:final components: 4
[2m[36m(ParallelModGrad pid=3741591)[0m INFO:root:AGGREGATING MODELS...no_components 4
[2m[36m(ParallelModGrad pid=3741607)[0m INFO:root:AGGREGATING MODELS...no_components 4
[2m[36m(ParallelModGrad pid=3741591)[0m INFO:root:AGGREGATING MODELS...no_components 4
[2m[36m(ParallelModGrad pid=3741607)[0m INFO:root:AGGREGATING MODELS...no_components 4
[2m[36m(ParallelModGrad pid=3741591)[0m INFO:root:AGGREGATING MODELS...no_components 4
[2m[36m(ParallelModGrad pid=3741607)[0m INFO:root:AGGREGATING MODELS...no_components 4
[2m[36m(ParallelModGrad pid=3741591)[0m INFO:root:AGGREGATING MODELS...no_components 4
[2m[36m(ParallelModGrad pid=3741607)[0m INFO:root:AGGREGATING MODELS...no_components 4
Error executing job with overrides: ['algo=modular', 'seed=2', 'parallel=True', 'agent.batch_size=64', 'num_agents=2', 'dataset=mnist', 'dataset.num_trains_per_class=64', 'dataset.num_vals_per_class=50', 'dataset.remap_labels=True', 'dataset.with_replacement=True', 'dataset.num_tasks=10', 'net=mlp', 'net.depth=4', 'num_init_tasks=4', 'net.dropout=0.0', 'train.num_epochs=4', 'train.component_update_freq=4', 'train.init_num_epochs=4', 'train.init_component_update_freq=4', 'train.save_freq=1', 'agent.use_contrastive=True', 'agent.memory_size=32', 'root_save_dir=experiment_results/fedavg/', 'sharing_strategy=grad_sharing', 'sharing_strategy.comm_freq=1', 'train=modular', 'job_name=mnist_modular_numtrain_64_contrastive']
[2m[36m(ParallelModGrad pid=3741591)[0m INFO:root:AGGREGATING MODELS...no_components 4
[2m[36m(ParallelModGrad pid=3741607)[0m INFO:root:AGGREGATING MODELS...no_components 4
Traceback (most recent call last):
  File "/home/vlongle/learning-hive/experiments/run.py", line 41, in main
    fleet.train_and_comm(task_id)
  File "/home/vlongle/learning-hive/src/shell/fleet/fleet.py", line 325, in train_and_comm
    self.communicate(task_id if not final else task_id + 1,
  File "/home/vlongle/learning-hive/src/shell/fleet/fleet.py", line 343, in communicate
    ray.get([agent.process_communicate.remote(task_id, communication_round)
  File "/mnt/kostas-graid/sw/envs/vlongle/miniconda3/envs/shell/lib/python3.10/site-packages/ray/_private/client_mode_hook.py", line 105, in wrapper
    return func(*args, **kwargs)
  File "/mnt/kostas-graid/sw/envs/vlongle/miniconda3/envs/shell/lib/python3.10/site-packages/ray/_private/worker.py", line 2380, in get
    raise value.as_instanceof_cause()
ray.exceptions.RayTaskError(AssertionError): [36mray::ParallelModGrad.process_communicate()[39m (pid=3741607, ip=192.168.141.68, repr=<shell.fleet.grad.modgrad.ParallelModGrad object at 0x7f8120ccf100>)
  File "/home/vlongle/learning-hive/src/shell/fleet/grad/modgrad.py", line 61, in process_communicate
    self.reoptimize_past_structures(task_id, communication_round)
  File "/home/vlongle/learning-hive/src/shell/fleet/grad/modgrad.py", line 70, in reoptimize_past_structures
    assert len(self.agent.memory_loaders.values()) == task_id, f"task_id: {task_id}, len(self.agent.memory_loaders.values()): {len(self.agent.memory_loaders.values())}"
AssertionError: task_id: 7, len(self.agent.memory_loaders.values()): 6

Set the environment variable HYDRA_FULL_ERROR=1 for a complete stack trace.
slurmstepd: error: *** JOB 130105 ON ee-a6000-1.grasp.maas CANCELLED AT 2023-10-17T22:52:27 ***
