/mnt/kostas-graid/sw/envs/vlongle/miniconda3/envs/shell/lib/python3.10/site-packages/hydra/_internal/defaults_list.py:251: UserWarning: In 'config': Defaults list is missing `_self_`. See https://hydra.cc/docs/1.2/upgrades/1.0_to_1.1/default_composition_order for more information
  warnings.warn(msg, UserWarning)
2023-10-17 22:49:17,134	INFO worker.py:1544 -- Started a local Ray instance. View the dashboard at [1m[32m127.0.0.1:8267 [39m[22m
[2m[36m(ParallelModGrad pid=3186128)[0m INFO:root:Agent: node_id: 69420, seed: 69420000
[2m[36m(ParallelModGrad pid=3186128)[0m INFO:root:epochs: 0, training task: 0
[2m[36m(ParallelModGrad pid=3186128)[0m INFO:root:	task: 0	loss: 0.69342557	acc: 0.500
[2m[36m(ParallelModGrad pid=3186128)[0m INFO:root:	task: avg	loss: 0.69342557	acc: 0.500
[2m[36m(ParallelModGrad pid=3186128)[0m INFO:root:epochs: 0, training task: 0
[2m[36m(ParallelModGrad pid=3186128)[0m INFO:root:	task: 0	loss: 0.69342557	acc: 0.500
[2m[36m(ParallelModGrad pid=3186128)[0m INFO:root:	task: avg	loss: 0.69342557	acc: 0.500
[2m[36m(ParallelModGrad pid=3186128)[0m INFO:root:final components: 4
[2m[36m(ParallelModGrad pid=3186128)[0m INFO:root:epochs: 0, training task: 1
[2m[36m(ParallelModGrad pid=3186128)[0m INFO:root:	task: 0	loss: 0.69342557	acc: 0.500
[2m[36m(ParallelModGrad pid=3186128)[0m INFO:root:	task: 1	loss: 0.69593657	acc: 0.500
[2m[36m(ParallelModGrad pid=3186128)[0m INFO:root:	task: avg	loss: 0.69468107	acc: 0.500
[2m[36m(ParallelModGrad pid=3186128)[0m INFO:root:epochs: 0, training task: 1
[2m[36m(ParallelModGrad pid=3186128)[0m INFO:root:	task: 0	loss: 0.69342557	acc: 0.500
[2m[36m(ParallelModGrad pid=3186128)[0m INFO:root:	task: 1	loss: 0.69593657	acc: 0.500
[2m[36m(ParallelModGrad pid=3186128)[0m INFO:root:	task: avg	loss: 0.69468107	acc: 0.500
[2m[36m(ParallelModGrad pid=3186128)[0m INFO:root:final components: 4
[2m[36m(ParallelModGrad pid=3186128)[0m INFO:root:epochs: 0, training task: 2
[2m[36m(ParallelModGrad pid=3186128)[0m INFO:root:	task: 0	loss: 0.69342557	acc: 0.500
[2m[36m(ParallelModGrad pid=3186128)[0m INFO:root:	task: 1	loss: 0.69593657	acc: 0.500
[2m[36m(ParallelModGrad pid=3186128)[0m INFO:root:	task: 2	loss: 0.69396402	acc: 0.500
[2m[36m(ParallelModGrad pid=3186128)[0m INFO:root:	task: avg	loss: 0.69444205	acc: 0.500
[2m[36m(ParallelModGrad pid=3186128)[0m INFO:root:epochs: 0, training task: 2
[2m[36m(ParallelModGrad pid=3186128)[0m INFO:root:	task: 0	loss: 0.69342557	acc: 0.500
[2m[36m(ParallelModGrad pid=3186128)[0m INFO:root:	task: 1	loss: 0.69593657	acc: 0.500
[2m[36m(ParallelModGrad pid=3186128)[0m INFO:root:	task: 2	loss: 0.69396402	acc: 0.500
[2m[36m(ParallelModGrad pid=3186128)[0m INFO:root:	task: avg	loss: 0.69444205	acc: 0.500
[2m[36m(ParallelModGrad pid=3186128)[0m INFO:root:final components: 4
[2m[36m(ParallelModGrad pid=3186128)[0m INFO:root:epochs: 0, training task: 3
[2m[36m(ParallelModGrad pid=3186128)[0m INFO:root:	task: 0	loss: 0.69342557	acc: 0.500
[2m[36m(ParallelModGrad pid=3186128)[0m INFO:root:	task: 1	loss: 0.69593657	acc: 0.500
[2m[36m(ParallelModGrad pid=3186128)[0m INFO:root:	task: 2	loss: 0.69396402	acc: 0.500
[2m[36m(ParallelModGrad pid=3186128)[0m INFO:root:	task: 3	loss: 0.69379231	acc: 0.500
[2m[36m(ParallelModGrad pid=3186128)[0m INFO:root:	task: avg	loss: 0.69427962	acc: 0.500
[2m[36m(ParallelModGrad pid=3186128)[0m INFO:root:epochs: 1, training task: 3
[2m[36m(ParallelModGrad pid=3186128)[0m INFO:root:	task: 0	loss: 0.69362067	acc: 0.500
[2m[36m(ParallelModGrad pid=3186128)[0m INFO:root:	task: 1	loss: 0.69589975	acc: 0.500
[2m[36m(ParallelModGrad pid=3186128)[0m INFO:root:	task: 2	loss: 0.69405923	acc: 0.500
[2m[36m(ParallelModGrad pid=3186128)[0m INFO:root:	task: 3	loss: 0.69391701	acc: 0.500
[2m[36m(ParallelModGrad pid=3186128)[0m INFO:root:	task: avg	loss: 0.69437416	acc: 0.500
[2m[36m(ParallelModGrad pid=3186128)[0m INFO:root:epochs: 2, training task: 3
[2m[36m(ParallelModGrad pid=3186128)[0m INFO:root:	task: 0	loss: 0.69368608	acc: 0.500
[2m[36m(ParallelModGrad pid=3186128)[0m INFO:root:	task: 1	loss: 0.69644942	acc: 0.500
[2m[36m(ParallelModGrad pid=3186128)[0m INFO:root:	task: 2	loss: 0.69373501	acc: 0.500
[2m[36m(ParallelModGrad pid=3186128)[0m INFO:root:	task: 3	loss: 0.69377695	acc: 0.500
[2m[36m(ParallelModGrad pid=3186128)[0m INFO:root:	task: avg	loss: 0.69441187	acc: 0.500
[2m[36m(ParallelModGrad pid=3186128)[0m INFO:root:epochs: 3, training task: 3
[2m[36m(ParallelModGrad pid=3186128)[0m INFO:root:	task: 0	loss: 0.69346023	acc: 0.500
[2m[36m(ParallelModGrad pid=3186128)[0m INFO:root:	task: 1	loss: 0.69755708	acc: 0.500
[2m[36m(ParallelModGrad pid=3186128)[0m INFO:root:	task: 2	loss: 0.69278521	acc: 0.500
[2m[36m(ParallelModGrad pid=3186128)[0m INFO:root:	task: 3	loss: 0.69340465	acc: 0.500
[2m[36m(ParallelModGrad pid=3186128)[0m INFO:root:	task: avg	loss: 0.69430179	acc: 0.500
[2m[36m(ParallelModGrad pid=3186128)[0m INFO:root:epochs: 4, training task: 3
[2m[36m(ParallelModGrad pid=3186128)[0m INFO:root:	task: 0	loss: 0.69244103	acc: 0.500
[2m[36m(ParallelModGrad pid=3186128)[0m INFO:root:	task: 1	loss: 0.69977303	acc: 0.500
[2m[36m(ParallelModGrad pid=3186128)[0m INFO:root:	task: 2	loss: 0.69121569	acc: 0.500
[2m[36m(ParallelModGrad pid=3186128)[0m INFO:root:	task: 3	loss: 0.69275524	acc: 0.500
[2m[36m(ParallelModGrad pid=3186128)[0m INFO:root:	task: avg	loss: 0.69404625	acc: 0.500
[2m[36m(ParallelModGrad pid=3186128)[0m INFO:root:epochs: 5, training task: 3
[2m[36m(ParallelModGrad pid=3186128)[0m INFO:root:	task: 0	loss: 0.69244103	acc: 0.500
[2m[36m(ParallelModGrad pid=3186128)[0m INFO:root:	task: 1	loss: 0.69977303	acc: 0.500
[2m[36m(ParallelModGrad pid=3186128)[0m INFO:root:	task: 2	loss: 0.69121569	acc: 0.500
[2m[36m(ParallelModGrad pid=3186128)[0m INFO:root:	task: 3	loss: 0.69275524	acc: 0.500
[2m[36m(ParallelModGrad pid=3186128)[0m INFO:root:	task: avg	loss: 0.69404625	acc: 0.500
[2m[36m(ParallelModGrad pid=3186128)[0m INFO:root:final components: 4
[2m[36m(ParallelModGrad pid=3275063)[0m INFO:root:Agent: node_id: 0, seed: 0
[2m[36m(ParallelModGrad pid=3275258)[0m INFO:root:Agent: node_id: 1, seed: 1000
[2m[36m(ParallelModGrad pid=3275063)[0m INFO:root:epochs: 0, training task: 0
[2m[36m(ParallelModGrad pid=3275063)[0m INFO:root:	task: 0	loss: 0.69510120	acc: 0.500
[2m[36m(ParallelModGrad pid=3275063)[0m INFO:root:	task: avg	loss: 0.69510120	acc: 0.500
[2m[36m(ParallelModGrad pid=3275258)[0m INFO:root:epochs: 0, training task: 0
[2m[36m(ParallelModGrad pid=3275258)[0m INFO:root:	task: 0	loss: 0.69753495	acc: 0.500
[2m[36m(ParallelModGrad pid=3275258)[0m INFO:root:	task: avg	loss: 0.69753495	acc: 0.500
[2m[36m(ParallelModGrad pid=3275063)[0m INFO:root:epochs: 1, training task: 0
[2m[36m(ParallelModGrad pid=3275063)[0m INFO:root:	task: 0	loss: 0.69464912	acc: 0.500
[2m[36m(ParallelModGrad pid=3275063)[0m INFO:root:	task: avg	loss: 0.69464912	acc: 0.500
[2m[36m(ParallelModGrad pid=3275063)[0m INFO:root:AGGREGATING MODELS...no_components 5
[2m[36m(ParallelModGrad pid=3275258)[0m INFO:root:epochs: 1, training task: 0
[2m[36m(ParallelModGrad pid=3275258)[0m INFO:root:	task: 0	loss: 0.69667565	acc: 0.500
[2m[36m(ParallelModGrad pid=3275258)[0m INFO:root:	task: avg	loss: 0.69667565	acc: 0.500
[2m[36m(ParallelModGrad pid=3275258)[0m INFO:root:AGGREGATING MODELS...no_components 5
[2m[36m(ParallelModGrad pid=3275063)[0m INFO:root:epochs: 2, training task: 0
[2m[36m(ParallelModGrad pid=3275063)[0m INFO:root:	task: 0	loss: 0.69406890	acc: 0.500
[2m[36m(ParallelModGrad pid=3275063)[0m INFO:root:	task: avg	loss: 0.69406890	acc: 0.500
[2m[36m(ParallelModGrad pid=3275063)[0m INFO:root:AGGREGATING MODELS...no_components 5
[2m[36m(ParallelModGrad pid=3275258)[0m INFO:root:epochs: 2, training task: 0
[2m[36m(ParallelModGrad pid=3275258)[0m INFO:root:	task: 0	loss: 0.69580218	acc: 0.500
[2m[36m(ParallelModGrad pid=3275258)[0m INFO:root:	task: avg	loss: 0.69580218	acc: 0.500
[2m[36m(ParallelModGrad pid=3275258)[0m INFO:root:AGGREGATING MODELS...no_components 5
[2m[36m(ParallelModGrad pid=3275063)[0m INFO:root:epochs: 3, training task: 0
[2m[36m(ParallelModGrad pid=3275063)[0m INFO:root:	task: 0	loss: 0.69367107	acc: 0.500
[2m[36m(ParallelModGrad pid=3275258)[0m INFO:root:epochs: 3, training task: 0
[2m[36m(ParallelModGrad pid=3275258)[0m INFO:root:	task: 0	loss: 0.69516369	acc: 0.500
[2m[36m(ParallelModGrad pid=3275258)[0m INFO:root:	task: avg	loss: 0.69516369	acc: 0.500
[2m[36m(ParallelModGrad pid=3275063)[0m INFO:root:	task: avg	loss: 0.69367107	acc: 0.500
[2m[36m(ParallelModGrad pid=3275063)[0m INFO:root:AGGREGATING MODELS...no_components 5
[2m[36m(ParallelModGrad pid=3275258)[0m INFO:root:AGGREGATING MODELS...no_components 5
[2m[36m(ParallelModGrad pid=3275063)[0m INFO:root:epochs: 4, training task: 0
[2m[36m(ParallelModGrad pid=3275063)[0m INFO:root:	task: 0	loss: 0.69363779	acc: 0.500
[2m[36m(ParallelModGrad pid=3275063)[0m INFO:root:	task: avg	loss: 0.69363779	acc: 0.500
[2m[36m(ParallelModGrad pid=3275258)[0m INFO:root:epochs: 4, training task: 0
[2m[36m(ParallelModGrad pid=3275258)[0m INFO:root:	task: 0	loss: 0.69515892	acc: 0.500
[2m[36m(ParallelModGrad pid=3275258)[0m INFO:root:	task: avg	loss: 0.69515892	acc: 0.500
[2m[36m(ParallelModGrad pid=3275258)[0m INFO:root:candidate 4: W/update: 0.48, WO/update: 0.48, improv 0.0
[2m[36m(ParallelModGrad pid=3275258)[0m INFO:root:Not keeping any new modules. Total: 4
[2m[36m(ParallelModGrad pid=3275063)[0m INFO:root:candidate 4: W/update: 0.52, WO/update: 0.52, improv 0.0
[2m[36m(ParallelModGrad pid=3275063)[0m INFO:root:Not keeping any new modules. Total: 4
[2m[36m(ParallelModGrad pid=3275063)[0m INFO:root:epochs: 5, training task: 0
[2m[36m(ParallelModGrad pid=3275063)[0m INFO:root:	task: 0	loss: 0.69337180	acc: 0.500
[2m[36m(ParallelModGrad pid=3275258)[0m INFO:root:epochs: 5, training task: 0
[2m[36m(ParallelModGrad pid=3275258)[0m INFO:root:	task: 0	loss: 0.69475692	acc: 0.500
[2m[36m(ParallelModGrad pid=3275063)[0m INFO:root:	task: avg	loss: 0.69337180	acc: 0.500
[2m[36m(ParallelModGrad pid=3275258)[0m INFO:root:	task: avg	loss: 0.69475692	acc: 0.500
[2m[36m(ParallelModGrad pid=3275063)[0m INFO:root:final components: 4
[2m[36m(ParallelModGrad pid=3275258)[0m INFO:root:final components: 4
[2m[36m(ParallelModGrad pid=3275063)[0m INFO:root:AGGREGATING MODELS...no_components 4
[2m[36m(ParallelModGrad pid=3275258)[0m INFO:root:AGGREGATING MODELS...no_components 4
[2m[36m(ParallelModGrad pid=3275063)[0m INFO:root:epochs: 0, training task: 1
[2m[36m(ParallelModGrad pid=3275063)[0m INFO:root:	task: 0	loss: 0.69332185	acc: 0.500
[2m[36m(ParallelModGrad pid=3275063)[0m INFO:root:	task: 1	loss: 0.69348689	acc: 0.500
[2m[36m(ParallelModGrad pid=3275063)[0m INFO:root:	task: avg	loss: 0.69340437	acc: 0.500
[2m[36m(ParallelModGrad pid=3275258)[0m INFO:root:epochs: 0, training task: 1
[2m[36m(ParallelModGrad pid=3275258)[0m INFO:root:	task: 0	loss: 0.69457058	acc: 0.500
[2m[36m(ParallelModGrad pid=3275258)[0m INFO:root:	task: 1	loss: 0.69324853	acc: 0.500
[2m[36m(ParallelModGrad pid=3275258)[0m INFO:root:	task: avg	loss: 0.69390955	acc: 0.500
[2m[36m(ParallelModGrad pid=3275063)[0m INFO:root:epochs: 1, training task: 1
[2m[36m(ParallelModGrad pid=3275063)[0m INFO:root:	task: 0	loss: 0.69332185	acc: 0.500
[2m[36m(ParallelModGrad pid=3275063)[0m INFO:root:	task: 1	loss: 0.69330793	acc: 0.500
[2m[36m(ParallelModGrad pid=3275063)[0m INFO:root:	task: avg	loss: 0.69331489	acc: 0.500
[2m[36m(ParallelModGrad pid=3275063)[0m INFO:root:AGGREGATING MODELS...no_components 5
[2m[36m(ParallelModGrad pid=3275258)[0m INFO:root:epochs: 1, training task: 1
[2m[36m(ParallelModGrad pid=3275258)[0m INFO:root:	task: 0	loss: 0.69457058	acc: 0.500
[2m[36m(ParallelModGrad pid=3275258)[0m INFO:root:	task: 1	loss: 0.69319030	acc: 0.500
[2m[36m(ParallelModGrad pid=3275258)[0m INFO:root:	task: avg	loss: 0.69388044	acc: 0.500
[2m[36m(ParallelModGrad pid=3275258)[0m INFO:root:AGGREGATING MODELS...no_components 5
[2m[36m(ParallelModGrad pid=3275063)[0m INFO:root:epochs: 2, training task: 1
[2m[36m(ParallelModGrad pid=3275063)[0m INFO:root:	task: 0	loss: 0.69325314	acc: 0.500
[2m[36m(ParallelModGrad pid=3275063)[0m INFO:root:	task: 1	loss: 0.69317255	acc: 0.500
[2m[36m(ParallelModGrad pid=3275063)[0m INFO:root:	task: avg	loss: 0.69321284	acc: 0.500
[2m[36m(ParallelModGrad pid=3275063)[0m INFO:root:AGGREGATING MODELS...no_components 5
[2m[36m(ParallelModGrad pid=3275258)[0m INFO:root:epochs: 2, training task: 1
[2m[36m(ParallelModGrad pid=3275258)[0m INFO:root:	task: 0	loss: 0.69440004	acc: 0.500
[2m[36m(ParallelModGrad pid=3275258)[0m INFO:root:	task: 1	loss: 0.69327861	acc: 0.500
[2m[36m(ParallelModGrad pid=3275258)[0m INFO:root:	task: avg	loss: 0.69383932	acc: 0.500
[2m[36m(ParallelModGrad pid=3275258)[0m INFO:root:AGGREGATING MODELS...no_components 5
[2m[36m(ParallelModGrad pid=3275063)[0m INFO:root:epochs: 3, training task: 1
[2m[36m(ParallelModGrad pid=3275063)[0m INFO:root:	task: 0	loss: 0.69319558	acc: 0.500
[2m[36m(ParallelModGrad pid=3275063)[0m INFO:root:	task: 1	loss: 0.69326076	acc: 0.500
[2m[36m(ParallelModGrad pid=3275063)[0m INFO:root:	task: avg	loss: 0.69322817	acc: 0.500
[2m[36m(ParallelModGrad pid=3275063)[0m INFO:root:AGGREGATING MODELS...no_components 5
[2m[36m(ParallelModGrad pid=3275258)[0m INFO:root:epochs: 3, training task: 1
[2m[36m(ParallelModGrad pid=3275258)[0m INFO:root:	task: 0	loss: 0.69424063	acc: 0.500
[2m[36m(ParallelModGrad pid=3275258)[0m INFO:root:	task: 1	loss: 0.69334630	acc: 0.500
[2m[36m(ParallelModGrad pid=3275258)[0m INFO:root:	task: avg	loss: 0.69379346	acc: 0.500
[2m[36m(ParallelModGrad pid=3275258)[0m INFO:root:AGGREGATING MODELS...no_components 5
[2m[36m(ParallelModGrad pid=3275063)[0m INFO:root:epochs: 4, training task: 1
[2m[36m(ParallelModGrad pid=3275063)[0m INFO:root:	task: 0	loss: 0.69311372	acc: 0.500
[2m[36m(ParallelModGrad pid=3275063)[0m INFO:root:	task: 1	loss: 0.69328614	acc: 0.500
[2m[36m(ParallelModGrad pid=3275063)[0m INFO:root:	task: avg	loss: 0.69319993	acc: 0.500
[2m[36m(ParallelModGrad pid=3275258)[0m INFO:root:epochs: 4, training task: 1
[2m[36m(ParallelModGrad pid=3275258)[0m INFO:root:	task: 0	loss: 0.69402261	acc: 0.500
[2m[36m(ParallelModGrad pid=3275258)[0m INFO:root:	task: 1	loss: 0.69332354	acc: 0.500
[2m[36m(ParallelModGrad pid=3275258)[0m INFO:root:	task: avg	loss: 0.69367308	acc: 0.500
[2m[36m(ParallelModGrad pid=3275063)[0m INFO:root:candidate 4: W/update: 0.49, WO/update: 0.49, improv 0.0
[2m[36m(ParallelModGrad pid=3275063)[0m INFO:root:Not keeping any new modules. Total: 4
[2m[36m(ParallelModGrad pid=3275258)[0m INFO:root:candidate 4: W/update: 0.54, WO/update: 0.54, improv 0.0
[2m[36m(ParallelModGrad pid=3275258)[0m INFO:root:Not keeping any new modules. Total: 4
[2m[36m(ParallelModGrad pid=3275063)[0m INFO:root:epochs: 5, training task: 1
[2m[36m(ParallelModGrad pid=3275063)[0m INFO:root:	task: 0	loss: 0.69311372	acc: 0.500
[2m[36m(ParallelModGrad pid=3275063)[0m INFO:root:	task: 1	loss: 0.69318707	acc: 0.500
[2m[36m(ParallelModGrad pid=3275063)[0m INFO:root:	task: avg	loss: 0.69315039	acc: 0.500
[2m[36m(ParallelModGrad pid=3275258)[0m INFO:root:epochs: 5, training task: 1
[2m[36m(ParallelModGrad pid=3275258)[0m INFO:root:	task: 0	loss: 0.69402261	acc: 0.500
[2m[36m(ParallelModGrad pid=3275258)[0m INFO:root:	task: 1	loss: 0.69335622	acc: 0.500
[2m[36m(ParallelModGrad pid=3275258)[0m INFO:root:	task: avg	loss: 0.69368941	acc: 0.500
[2m[36m(ParallelModGrad pid=3275063)[0m INFO:root:final components: 4
[2m[36m(ParallelModGrad pid=3275258)[0m INFO:root:final components: 4
[2m[36m(ParallelModGrad pid=3275063)[0m INFO:root:AGGREGATING MODELS...no_components 4
[2m[36m(ParallelModGrad pid=3275258)[0m INFO:root:AGGREGATING MODELS...no_components 4
[2m[36m(ParallelModGrad pid=3275063)[0m INFO:root:epochs: 0, training task: 2
[2m[36m(ParallelModGrad pid=3275063)[0m INFO:root:	task: 0	loss: 0.69308793	acc: 0.500
[2m[36m(ParallelModGrad pid=3275063)[0m INFO:root:	task: 1	loss: 0.69316878	acc: 0.500
[2m[36m(ParallelModGrad pid=3275063)[0m INFO:root:	task: 2	loss: 0.69652493	acc: 0.500
[2m[36m(ParallelModGrad pid=3275063)[0m INFO:root:	task: avg	loss: 0.69426054	acc: 0.500
[2m[36m(ParallelModGrad pid=3275258)[0m INFO:root:epochs: 0, training task: 2
[2m[36m(ParallelModGrad pid=3275258)[0m INFO:root:	task: 0	loss: 0.69384914	acc: 0.500
[2m[36m(ParallelModGrad pid=3275258)[0m INFO:root:	task: 1	loss: 0.69333351	acc: 0.500
[2m[36m(ParallelModGrad pid=3275258)[0m INFO:root:	task: 2	loss: 0.69305404	acc: 0.500
[2m[36m(ParallelModGrad pid=3275258)[0m INFO:root:	task: avg	loss: 0.69341223	acc: 0.500
[2m[36m(ParallelModGrad pid=3275063)[0m INFO:root:epochs: 1, training task: 2
[2m[36m(ParallelModGrad pid=3275063)[0m INFO:root:	task: 0	loss: 0.69308793	acc: 0.500
[2m[36m(ParallelModGrad pid=3275063)[0m INFO:root:	task: 1	loss: 0.69316878	acc: 0.500
[2m[36m(ParallelModGrad pid=3275063)[0m INFO:root:	task: 2	loss: 0.69748151	acc: 0.500
[2m[36m(ParallelModGrad pid=3275063)[0m INFO:root:	task: avg	loss: 0.69457941	acc: 0.500
[2m[36m(ParallelModGrad pid=3275258)[0m INFO:root:epochs: 1, training task: 2
[2m[36m(ParallelModGrad pid=3275258)[0m INFO:root:	task: 0	loss: 0.69384914	acc: 0.500
[2m[36m(ParallelModGrad pid=3275258)[0m INFO:root:	task: 1	loss: 0.69333351	acc: 0.500
[2m[36m(ParallelModGrad pid=3275258)[0m INFO:root:	task: 2	loss: 0.69336827	acc: 0.500
[2m[36m(ParallelModGrad pid=3275258)[0m INFO:root:	task: avg	loss: 0.69351698	acc: 0.500
[2m[36m(ParallelModGrad pid=3275063)[0m INFO:root:AGGREGATING MODELS...no_components 5
[2m[36m(ParallelModGrad pid=3275258)[0m INFO:root:AGGREGATING MODELS...no_components 5
[2m[36m(ParallelModGrad pid=3275063)[0m INFO:root:epochs: 2, training task: 2
[2m[36m(ParallelModGrad pid=3275063)[0m INFO:root:	task: 0	loss: 0.69306402	acc: 0.500
[2m[36m(ParallelModGrad pid=3275063)[0m INFO:root:	task: 1	loss: 0.69313934	acc: 0.500
[2m[36m(ParallelModGrad pid=3275063)[0m INFO:root:	task: 2	loss: 0.69824856	acc: 0.500
[2m[36m(ParallelModGrad pid=3275063)[0m INFO:root:	task: avg	loss: 0.69481730	acc: 0.500
[2m[36m(ParallelModGrad pid=3275063)[0m INFO:root:AGGREGATING MODELS...no_components 5
[2m[36m(ParallelModGrad pid=3275258)[0m INFO:root:epochs: 2, training task: 2
[2m[36m(ParallelModGrad pid=3275258)[0m INFO:root:	task: 0	loss: 0.69372667	acc: 0.500
[2m[36m(ParallelModGrad pid=3275258)[0m INFO:root:	task: 1	loss: 0.69328873	acc: 0.500
[2m[36m(ParallelModGrad pid=3275258)[0m INFO:root:	task: 2	loss: 0.69351262	acc: 0.500
[2m[36m(ParallelModGrad pid=3275258)[0m INFO:root:	task: avg	loss: 0.69350934	acc: 0.500
[2m[36m(ParallelModGrad pid=3275258)[0m INFO:root:AGGREGATING MODELS...no_components 5
[2m[36m(ParallelModGrad pid=3275063)[0m INFO:root:epochs: 3, training task: 2
[2m[36m(ParallelModGrad pid=3275063)[0m INFO:root:	task: 0	loss: 0.69305135	acc: 0.500
[2m[36m(ParallelModGrad pid=3275063)[0m INFO:root:	task: 1	loss: 0.69312068	acc: 0.500
[2m[36m(ParallelModGrad pid=3275063)[0m INFO:root:	task: 2	loss: 0.69904762	acc: 0.500
[2m[36m(ParallelModGrad pid=3275063)[0m INFO:root:	task: avg	loss: 0.69507321	acc: 0.500
[2m[36m(ParallelModGrad pid=3275063)[0m INFO:root:AGGREGATING MODELS...no_components 5
[2m[36m(ParallelModGrad pid=3275258)[0m INFO:root:epochs: 3, training task: 2
[2m[36m(ParallelModGrad pid=3275258)[0m INFO:root:	task: 0	loss: 0.69361565	acc: 0.500
[2m[36m(ParallelModGrad pid=3275258)[0m INFO:root:	task: 1	loss: 0.69325530	acc: 0.500
[2m[36m(ParallelModGrad pid=3275258)[0m INFO:root:	task: 2	loss: 0.69355742	acc: 0.500
[2m[36m(ParallelModGrad pid=3275258)[0m INFO:root:	task: avg	loss: 0.69347613	acc: 0.500
[2m[36m(ParallelModGrad pid=3275258)[0m INFO:root:AGGREGATING MODELS...no_components 5
[2m[36m(ParallelModGrad pid=3275258)[0m INFO:root:epochs: 4, training task: 2
[2m[36m(ParallelModGrad pid=3275258)[0m INFO:root:	task: 0	loss: 0.69336795	acc: 0.500
[2m[36m(ParallelModGrad pid=3275258)[0m INFO:root:	task: 1	loss: 0.69324764	acc: 0.500
[2m[36m(ParallelModGrad pid=3275258)[0m INFO:root:	task: 2	loss: 0.69357320	acc: 0.500
[2m[36m(ParallelModGrad pid=3275258)[0m INFO:root:	task: avg	loss: 0.69339627	acc: 0.500
[2m[36m(ParallelModGrad pid=3275063)[0m INFO:root:epochs: 4, training task: 2
[2m[36m(ParallelModGrad pid=3275063)[0m INFO:root:	task: 0	loss: 0.69306076	acc: 0.500
[2m[36m(ParallelModGrad pid=3275063)[0m INFO:root:	task: 1	loss: 0.69296972	acc: 0.500
[2m[36m(ParallelModGrad pid=3275063)[0m INFO:root:	task: 2	loss: 0.69907095	acc: 0.500
[2m[36m(ParallelModGrad pid=3275063)[0m INFO:root:	task: avg	loss: 0.69503381	acc: 0.500
[2m[36m(ParallelModGrad pid=3275258)[0m INFO:root:candidate 4: W/update: 0.53, WO/update: 0.53, improv 0.0
[2m[36m(ParallelModGrad pid=3275258)[0m INFO:root:Not keeping any new modules. Total: 4
[2m[36m(ParallelModGrad pid=3275063)[0m INFO:root:candidate 4: W/update: 0.47, WO/update: 0.47, improv 0.0
[2m[36m(ParallelModGrad pid=3275063)[0m INFO:root:Not keeping any new modules. Total: 4
[2m[36m(ParallelModGrad pid=3275258)[0m INFO:root:epochs: 5, training task: 2
[2m[36m(ParallelModGrad pid=3275258)[0m INFO:root:	task: 0	loss: 0.69336795	acc: 0.500
[2m[36m(ParallelModGrad pid=3275258)[0m INFO:root:	task: 1	loss: 0.69324764	acc: 0.500
[2m[36m(ParallelModGrad pid=3275258)[0m INFO:root:	task: 2	loss: 0.69322151	acc: 0.500
[2m[36m(ParallelModGrad pid=3275258)[0m INFO:root:	task: avg	loss: 0.69327903	acc: 0.500
[2m[36m(ParallelModGrad pid=3275063)[0m INFO:root:epochs: 5, training task: 2
[2m[36m(ParallelModGrad pid=3275063)[0m INFO:root:	task: 0	loss: 0.69306076	acc: 0.500
[2m[36m(ParallelModGrad pid=3275063)[0m INFO:root:	task: 1	loss: 0.69296972	acc: 0.500
[2m[36m(ParallelModGrad pid=3275063)[0m INFO:root:	task: 2	loss: 0.69906911	acc: 0.500
[2m[36m(ParallelModGrad pid=3275063)[0m INFO:root:	task: avg	loss: 0.69503320	acc: 0.500
[2m[36m(ParallelModGrad pid=3275258)[0m INFO:root:final components: 4
[2m[36m(ParallelModGrad pid=3275063)[0m INFO:root:final components: 4
[2m[36m(ParallelModGrad pid=3275063)[0m INFO:root:AGGREGATING MODELS...no_components 4
[2m[36m(ParallelModGrad pid=3275258)[0m INFO:root:AGGREGATING MODELS...no_components 4
[2m[36m(ParallelModGrad pid=3275063)[0m INFO:root:epochs: 0, training task: 3
[2m[36m(ParallelModGrad pid=3275063)[0m INFO:root:	task: 0	loss: 0.69299940	acc: 0.500
[2m[36m(ParallelModGrad pid=3275063)[0m INFO:root:	task: 1	loss: 0.69301554	acc: 0.500
[2m[36m(ParallelModGrad pid=3275063)[0m INFO:root:	task: 2	loss: 0.69948317	acc: 0.500
[2m[36m(ParallelModGrad pid=3275063)[0m INFO:root:	task: 3	loss: 0.69340728	acc: 0.500
[2m[36m(ParallelModGrad pid=3275063)[0m INFO:root:	task: avg	loss: 0.69472635	acc: 0.500
[2m[36m(ParallelModGrad pid=3275258)[0m INFO:root:epochs: 0, training task: 3
[2m[36m(ParallelModGrad pid=3275258)[0m INFO:root:	task: 0	loss: 0.69327689	acc: 0.500
[2m[36m(ParallelModGrad pid=3275258)[0m INFO:root:	task: 1	loss: 0.69326508	acc: 0.499
[2m[36m(ParallelModGrad pid=3275258)[0m INFO:root:	task: 2	loss: 0.69312582	acc: 0.500
[2m[36m(ParallelModGrad pid=3275258)[0m INFO:root:	task: 3	loss: 0.69359556	acc: 0.500
[2m[36m(ParallelModGrad pid=3275258)[0m INFO:root:	task: avg	loss: 0.69331584	acc: 0.500
[2m[36m(ParallelModGrad pid=3275063)[0m INFO:root:epochs: 1, training task: 3
[2m[36m(ParallelModGrad pid=3275063)[0m INFO:root:	task: 0	loss: 0.69299940	acc: 0.500
[2m[36m(ParallelModGrad pid=3275063)[0m INFO:root:	task: 1	loss: 0.69301554	acc: 0.500
[2m[36m(ParallelModGrad pid=3275063)[0m INFO:root:	task: 2	loss: 0.69948317	acc: 0.500
[2m[36m(ParallelModGrad pid=3275063)[0m INFO:root:	task: 3	loss: 0.69397281	acc: 0.500
[2m[36m(ParallelModGrad pid=3275063)[0m INFO:root:	task: avg	loss: 0.69486773	acc: 0.500
[2m[36m(ParallelModGrad pid=3275063)[0m INFO:root:AGGREGATING MODELS...no_components 5
[2m[36m(ParallelModGrad pid=3275258)[0m INFO:root:epochs: 1, training task: 3
[2m[36m(ParallelModGrad pid=3275258)[0m INFO:root:	task: 0	loss: 0.69327689	acc: 0.500
[2m[36m(ParallelModGrad pid=3275258)[0m INFO:root:	task: 1	loss: 0.69326508	acc: 0.499
[2m[36m(ParallelModGrad pid=3275258)[0m INFO:root:	task: 2	loss: 0.69312582	acc: 0.500
[2m[36m(ParallelModGrad pid=3275258)[0m INFO:root:	task: 3	loss: 0.69395045	acc: 0.500
[2m[36m(ParallelModGrad pid=3275258)[0m INFO:root:	task: avg	loss: 0.69340456	acc: 0.500
[2m[36m(ParallelModGrad pid=3275258)[0m INFO:root:AGGREGATING MODELS...no_components 5
[2m[36m(ParallelModGrad pid=3275063)[0m INFO:root:epochs: 2, training task: 3
[2m[36m(ParallelModGrad pid=3275063)[0m INFO:root:	task: 0	loss: 0.69302824	acc: 0.500
[2m[36m(ParallelModGrad pid=3275063)[0m INFO:root:	task: 1	loss: 0.69299831	acc: 0.677
[2m[36m(ParallelModGrad pid=3275063)[0m INFO:root:	task: 2	loss: 0.69986097	acc: 0.500
[2m[36m(ParallelModGrad pid=3275063)[0m INFO:root:	task: 3	loss: 0.69423229	acc: 0.500
[2m[36m(ParallelModGrad pid=3275063)[0m INFO:root:	task: avg	loss: 0.69502995	acc: 0.544
[2m[36m(ParallelModGrad pid=3275258)[0m INFO:root:epochs: 2, training task: 3
[2m[36m(ParallelModGrad pid=3275258)[0m INFO:root:	task: 0	loss: 0.69320872	acc: 0.500
[2m[36m(ParallelModGrad pid=3275258)[0m INFO:root:	task: 1	loss: 0.69327142	acc: 0.500
[2m[36m(ParallelModGrad pid=3275258)[0m INFO:root:	task: 2	loss: 0.69306830	acc: 0.500
[2m[36m(ParallelModGrad pid=3275258)[0m INFO:root:	task: 3	loss: 0.69403495	acc: 0.500
[2m[36m(ParallelModGrad pid=3275258)[0m INFO:root:	task: avg	loss: 0.69339585	acc: 0.500
[2m[36m(ParallelModGrad pid=3275063)[0m INFO:root:AGGREGATING MODELS...no_components 5
[2m[36m(ParallelModGrad pid=3275258)[0m INFO:root:AGGREGATING MODELS...no_components 5
[2m[36m(ParallelModGrad pid=3275063)[0m INFO:root:epochs: 3, training task: 3
[2m[36m(ParallelModGrad pid=3275063)[0m INFO:root:	task: 0	loss: 0.69306861	acc: 0.500
[2m[36m(ParallelModGrad pid=3275063)[0m INFO:root:	task: 1	loss: 0.69298215	acc: 0.517
[2m[36m(ParallelModGrad pid=3275063)[0m INFO:root:	task: 2	loss: 0.70023023	acc: 0.500
[2m[36m(ParallelModGrad pid=3275063)[0m INFO:root:	task: 3	loss: 0.69437016	acc: 0.500
[2m[36m(ParallelModGrad pid=3275063)[0m INFO:root:	task: avg	loss: 0.69516279	acc: 0.504
[2m[36m(ParallelModGrad pid=3275063)[0m INFO:root:AGGREGATING MODELS...no_components 5
[2m[36m(ParallelModGrad pid=3275258)[0m INFO:root:epochs: 3, training task: 3
[2m[36m(ParallelModGrad pid=3275258)[0m INFO:root:	task: 0	loss: 0.69315044	acc: 0.500
[2m[36m(ParallelModGrad pid=3275258)[0m INFO:root:	task: 1	loss: 0.69328963	acc: 0.500
[2m[36m(ParallelModGrad pid=3275258)[0m INFO:root:	task: 2	loss: 0.69302279	acc: 0.500
[2m[36m(ParallelModGrad pid=3275258)[0m INFO:root:	task: 3	loss: 0.69401121	acc: 0.500
[2m[36m(ParallelModGrad pid=3275258)[0m INFO:root:	task: avg	loss: 0.69336852	acc: 0.500
[2m[36m(ParallelModGrad pid=3275258)[0m INFO:root:AGGREGATING MODELS...no_components 5
[2m[36m(ParallelModGrad pid=3275258)[0m INFO:root:epochs: 4, training task: 3
[2m[36m(ParallelModGrad pid=3275258)[0m INFO:root:	task: 0	loss: 0.69287383	acc: 0.500
[2m[36m(ParallelModGrad pid=3275258)[0m INFO:root:	task: 1	loss: 0.69341289	acc: 0.500
[2m[36m(ParallelModGrad pid=3275258)[0m INFO:root:	task: 2	loss: 0.69277306	acc: 0.500
[2m[36m(ParallelModGrad pid=3275258)[0m INFO:root:	task: 3	loss: 0.69400018	acc: 0.500
[2m[36m(ParallelModGrad pid=3275258)[0m INFO:root:	task: avg	loss: 0.69326499	acc: 0.500
[2m[36m(ParallelModGrad pid=3275063)[0m INFO:root:epochs: 4, training task: 3
[2m[36m(ParallelModGrad pid=3275063)[0m INFO:root:	task: 0	loss: 0.69300449	acc: 0.500
[2m[36m(ParallelModGrad pid=3275063)[0m INFO:root:	task: 1	loss: 0.69260214	acc: 0.500
[2m[36m(ParallelModGrad pid=3275063)[0m INFO:root:	task: 2	loss: 0.70114059	acc: 0.500
[2m[36m(ParallelModGrad pid=3275063)[0m INFO:root:	task: 3	loss: 0.69429521	acc: 0.500
[2m[36m(ParallelModGrad pid=3275063)[0m INFO:root:	task: avg	loss: 0.69526061	acc: 0.500
[2m[36m(ParallelModGrad pid=3275258)[0m INFO:root:candidate 4: W/update: 0.44, WO/update: 0.44, improv 0.0
[2m[36m(ParallelModGrad pid=3275258)[0m INFO:root:Not keeping any new modules. Total: 4
[2m[36m(ParallelModGrad pid=3275063)[0m INFO:root:candidate 4: W/update: 0.49, WO/update: 0.49, improv 0.0
[2m[36m(ParallelModGrad pid=3275063)[0m INFO:root:Not keeping any new modules. Total: 4
[2m[36m(ParallelModGrad pid=3275063)[0m INFO:root:epochs: 5, training task: 3
[2m[36m(ParallelModGrad pid=3275063)[0m INFO:root:	task: 0	loss: 0.69300449	acc: 0.500
[2m[36m(ParallelModGrad pid=3275063)[0m INFO:root:	task: 1	loss: 0.69260214	acc: 0.500
[2m[36m(ParallelModGrad pid=3275063)[0m INFO:root:	task: 2	loss: 0.70114059	acc: 0.500
[2m[36m(ParallelModGrad pid=3275063)[0m INFO:root:	task: 3	loss: 0.69406426	acc: 0.500
[2m[36m(ParallelModGrad pid=3275063)[0m INFO:root:	task: avg	loss: 0.69520287	acc: 0.500
[2m[36m(ParallelModGrad pid=3275258)[0m INFO:root:epochs: 5, training task: 3
[2m[36m(ParallelModGrad pid=3275258)[0m INFO:root:	task: 0	loss: 0.69287383	acc: 0.500
[2m[36m(ParallelModGrad pid=3275258)[0m INFO:root:	task: 1	loss: 0.69341289	acc: 0.500
[2m[36m(ParallelModGrad pid=3275258)[0m INFO:root:	task: 2	loss: 0.69277306	acc: 0.500
[2m[36m(ParallelModGrad pid=3275258)[0m INFO:root:	task: 3	loss: 0.69382073	acc: 0.500
[2m[36m(ParallelModGrad pid=3275258)[0m INFO:root:	task: avg	loss: 0.69322013	acc: 0.500
[2m[36m(ParallelModGrad pid=3275063)[0m INFO:root:final components: 4
[2m[36m(ParallelModGrad pid=3275258)[0m INFO:root:final components: 4
[2m[36m(ParallelModGrad pid=3275063)[0m INFO:root:AGGREGATING MODELS...no_components 4
[2m[36m(ParallelModGrad pid=3275258)[0m INFO:root:AGGREGATING MODELS...no_components 4
[2m[36m(ParallelModGrad pid=3275063)[0m INFO:root:epochs: 0, training task: 4
[2m[36m(ParallelModGrad pid=3275063)[0m INFO:root:	task: 0	loss: 0.69298738	acc: 0.500
[2m[36m(ParallelModGrad pid=3275063)[0m INFO:root:	task: 1	loss: 0.69269404	acc: 0.504
[2m[36m(ParallelModGrad pid=3275063)[0m INFO:root:	task: 2	loss: 0.70117751	acc: 0.500
[2m[36m(ParallelModGrad pid=3275063)[0m INFO:root:	task: 3	loss: 0.69390699	acc: 0.500
[2m[36m(ParallelModGrad pid=3275063)[0m INFO:root:	task: 4	loss: 0.69281586	acc: 0.500
[2m[36m(ParallelModGrad pid=3275063)[0m INFO:root:	task: avg	loss: 0.69471636	acc: 0.501
[2m[36m(ParallelModGrad pid=3275258)[0m INFO:root:epochs: 0, training task: 4
[2m[36m(ParallelModGrad pid=3275258)[0m INFO:root:	task: 0	loss: 0.69286481	acc: 0.500
[2m[36m(ParallelModGrad pid=3275258)[0m INFO:root:	task: 1	loss: 0.69350309	acc: 0.500
[2m[36m(ParallelModGrad pid=3275258)[0m INFO:root:	task: 2	loss: 0.69278750	acc: 0.500
[2m[36m(ParallelModGrad pid=3275258)[0m INFO:root:	task: 3	loss: 0.69379677	acc: 0.500
[2m[36m(ParallelModGrad pid=3275258)[0m INFO:root:	task: 4	loss: 0.69736346	acc: 0.500
[2m[36m(ParallelModGrad pid=3275258)[0m INFO:root:	task: avg	loss: 0.69406313	acc: 0.500
[2m[36m(ParallelModGrad pid=3275258)[0m INFO:root:epochs: 1, training task: 4
[2m[36m(ParallelModGrad pid=3275258)[0m INFO:root:	task: 0	loss: 0.69286481	acc: 0.500
[2m[36m(ParallelModGrad pid=3275258)[0m INFO:root:	task: 1	loss: 0.69350309	acc: 0.500
[2m[36m(ParallelModGrad pid=3275258)[0m INFO:root:	task: 2	loss: 0.69278750	acc: 0.500
[2m[36m(ParallelModGrad pid=3275258)[0m INFO:root:	task: 3	loss: 0.69379677	acc: 0.500
[2m[36m(ParallelModGrad pid=3275258)[0m INFO:root:	task: 4	loss: 0.69633926	acc: 0.500
[2m[36m(ParallelModGrad pid=3275258)[0m INFO:root:	task: avg	loss: 0.69385829	acc: 0.500
[2m[36m(ParallelModGrad pid=3275063)[0m INFO:root:epochs: 1, training task: 4
[2m[36m(ParallelModGrad pid=3275063)[0m INFO:root:	task: 0	loss: 0.69298738	acc: 0.500
[2m[36m(ParallelModGrad pid=3275063)[0m INFO:root:	task: 1	loss: 0.69269404	acc: 0.504
[2m[36m(ParallelModGrad pid=3275063)[0m INFO:root:	task: 2	loss: 0.70117751	acc: 0.500
[2m[36m(ParallelModGrad pid=3275063)[0m INFO:root:	task: 3	loss: 0.69390699	acc: 0.500
[2m[36m(ParallelModGrad pid=3275063)[0m INFO:root:	task: 4	loss: 0.69318374	acc: 0.500
[2m[36m(ParallelModGrad pid=3275063)[0m INFO:root:	task: avg	loss: 0.69478993	acc: 0.501
[2m[36m(ParallelModGrad pid=3275063)[0m INFO:root:AGGREGATING MODELS...no_components 5
[2m[36m(ParallelModGrad pid=3275258)[0m INFO:root:AGGREGATING MODELS...no_components 5
[2m[36m(ParallelModGrad pid=3275063)[0m INFO:root:epochs: 2, training task: 4
[2m[36m(ParallelModGrad pid=3275063)[0m INFO:root:	task: 0	loss: 0.69305521	acc: 0.500
[2m[36m(ParallelModGrad pid=3275063)[0m INFO:root:	task: 1	loss: 0.69265878	acc: 0.559
[2m[36m(ParallelModGrad pid=3275063)[0m INFO:root:	task: 2	loss: 0.70131475	acc: 0.500
[2m[36m(ParallelModGrad pid=3275063)[0m INFO:root:	task: 3	loss: 0.69376108	acc: 0.500
[2m[36m(ParallelModGrad pid=3275063)[0m INFO:root:	task: 4	loss: 0.69304647	acc: 0.500
[2m[36m(ParallelModGrad pid=3275063)[0m INFO:root:	task: avg	loss: 0.69476726	acc: 0.512
[2m[36m(ParallelModGrad pid=3275063)[0m INFO:root:AGGREGATING MODELS...no_components 5
[2m[36m(ParallelModGrad pid=3275258)[0m INFO:root:epochs: 2, training task: 4
[2m[36m(ParallelModGrad pid=3275258)[0m INFO:root:	task: 0	loss: 0.69284212	acc: 0.609
[2m[36m(ParallelModGrad pid=3275258)[0m INFO:root:	task: 1	loss: 0.69357068	acc: 0.500
[2m[36m(ParallelModGrad pid=3275258)[0m INFO:root:	task: 2	loss: 0.69276833	acc: 0.500
[2m[36m(ParallelModGrad pid=3275258)[0m INFO:root:	task: 3	loss: 0.69369765	acc: 0.500
[2m[36m(ParallelModGrad pid=3275258)[0m INFO:root:	task: 4	loss: 0.69547069	acc: 0.500
[2m[36m(ParallelModGrad pid=3275258)[0m INFO:root:	task: avg	loss: 0.69366989	acc: 0.522
[2m[36m(ParallelModGrad pid=3275258)[0m INFO:root:AGGREGATING MODELS...no_components 5
[2m[36m(ParallelModGrad pid=3275063)[0m INFO:root:epochs: 3, training task: 4
[2m[36m(ParallelModGrad pid=3275063)[0m INFO:root:	task: 0	loss: 0.69313315	acc: 0.500
[2m[36m(ParallelModGrad pid=3275063)[0m INFO:root:	task: 1	loss: 0.69262392	acc: 0.727
[2m[36m(ParallelModGrad pid=3275063)[0m INFO:root:	task: 2	loss: 0.70139403	acc: 0.500
[2m[36m(ParallelModGrad pid=3275063)[0m INFO:root:	task: 3	loss: 0.69362763	acc: 0.500
[2m[36m(ParallelModGrad pid=3275063)[0m INFO:root:	task: 4	loss: 0.69299567	acc: 0.767
[2m[36m(ParallelModGrad pid=3275063)[0m INFO:root:	task: avg	loss: 0.69475488	acc: 0.599
[2m[36m(ParallelModGrad pid=3275258)[0m INFO:root:epochs: 3, training task: 4
[2m[36m(ParallelModGrad pid=3275258)[0m INFO:root:	task: 0	loss: 0.69282409	acc: 0.548
[2m[36m(ParallelModGrad pid=3275258)[0m INFO:root:	task: 1	loss: 0.69365062	acc: 0.500
[2m[36m(ParallelModGrad pid=3275258)[0m INFO:root:	task: 2	loss: 0.69276183	acc: 0.503
[2m[36m(ParallelModGrad pid=3275258)[0m INFO:root:	task: 3	loss: 0.69361122	acc: 0.500
[2m[36m(ParallelModGrad pid=3275258)[0m INFO:root:	task: 4	loss: 0.69505258	acc: 0.500
[2m[36m(ParallelModGrad pid=3275258)[0m INFO:root:	task: avg	loss: 0.69358007	acc: 0.510
[2m[36m(ParallelModGrad pid=3275063)[0m INFO:root:AGGREGATING MODELS...no_components 5
[2m[36m(ParallelModGrad pid=3275258)[0m INFO:root:AGGREGATING MODELS...no_components 5
[2m[36m(ParallelModGrad pid=3275063)[0m INFO:root:epochs: 4, training task: 4
[2m[36m(ParallelModGrad pid=3275063)[0m INFO:root:	task: 0	loss: 0.69314188	acc: 0.500
[2m[36m(ParallelModGrad pid=3275063)[0m INFO:root:	task: 1	loss: 0.69190403	acc: 0.500
[2m[36m(ParallelModGrad pid=3275063)[0m INFO:root:	task: 2	loss: 0.70203430	acc: 0.500
[2m[36m(ParallelModGrad pid=3275063)[0m INFO:root:	task: 3	loss: 0.69344243	acc: 0.500
[2m[36m(ParallelModGrad pid=3275063)[0m INFO:root:	task: 4	loss: 0.69268743	acc: 0.500
[2m[36m(ParallelModGrad pid=3275063)[0m INFO:root:	task: avg	loss: 0.69464202	acc: 0.500
[2m[36m(ParallelModGrad pid=3275258)[0m INFO:root:epochs: 4, training task: 4
[2m[36m(ParallelModGrad pid=3275258)[0m INFO:root:	task: 0	loss: 0.69255614	acc: 0.500
[2m[36m(ParallelModGrad pid=3275258)[0m INFO:root:	task: 1	loss: 0.69391439	acc: 0.500
[2m[36m(ParallelModGrad pid=3275258)[0m INFO:root:	task: 2	loss: 0.69183794	acc: 0.671
[2m[36m(ParallelModGrad pid=3275258)[0m INFO:root:	task: 3	loss: 0.69364820	acc: 0.500
[2m[36m(ParallelModGrad pid=3275258)[0m INFO:root:	task: 4	loss: 0.69490201	acc: 0.500
[2m[36m(ParallelModGrad pid=3275258)[0m INFO:root:	task: avg	loss: 0.69337173	acc: 0.534
[2m[36m(ParallelModGrad pid=3275063)[0m INFO:root:candidate 4: W/update: 0.51, WO/update: 0.51, improv 0.0
[2m[36m(ParallelModGrad pid=3275063)[0m INFO:root:Not keeping any new modules. Total: 4
[2m[36m(ParallelModGrad pid=3275258)[0m INFO:root:candidate 4: W/update: 0.59, WO/update: 0.59, improv 0.0
[2m[36m(ParallelModGrad pid=3275258)[0m INFO:root:Not keeping any new modules. Total: 4
[2m[36m(ParallelModGrad pid=3275063)[0m INFO:root:epochs: 5, training task: 4
[2m[36m(ParallelModGrad pid=3275063)[0m INFO:root:	task: 0	loss: 0.69314188	acc: 0.500
[2m[36m(ParallelModGrad pid=3275063)[0m INFO:root:	task: 1	loss: 0.69190403	acc: 0.500
[2m[36m(ParallelModGrad pid=3275063)[0m INFO:root:	task: 2	loss: 0.70203430	acc: 0.500
[2m[36m(ParallelModGrad pid=3275063)[0m INFO:root:	task: 3	loss: 0.69344243	acc: 0.500
[2m[36m(ParallelModGrad pid=3275063)[0m INFO:root:	task: 4	loss: 0.69203743	acc: 0.500
[2m[36m(ParallelModGrad pid=3275063)[0m INFO:root:	task: avg	loss: 0.69451201	acc: 0.500
[2m[36m(ParallelModGrad pid=3275258)[0m INFO:root:epochs: 5, training task: 4
[2m[36m(ParallelModGrad pid=3275258)[0m INFO:root:	task: 0	loss: 0.69255614	acc: 0.500
[2m[36m(ParallelModGrad pid=3275258)[0m INFO:root:	task: 1	loss: 0.69391439	acc: 0.500
[2m[36m(ParallelModGrad pid=3275258)[0m INFO:root:	task: 2	loss: 0.69183794	acc: 0.671
[2m[36m(ParallelModGrad pid=3275258)[0m INFO:root:	task: 3	loss: 0.69364820	acc: 0.500
[2m[36m(ParallelModGrad pid=3275258)[0m INFO:root:	task: 4	loss: 0.69460680	acc: 0.500
[2m[36m(ParallelModGrad pid=3275258)[0m INFO:root:	task: avg	loss: 0.69331269	acc: 0.534
[2m[36m(ParallelModGrad pid=3275063)[0m INFO:root:final components: 4
[2m[36m(ParallelModGrad pid=3275258)[0m INFO:root:final components: 4
[2m[36m(ParallelModGrad pid=3275063)[0m INFO:root:AGGREGATING MODELS...no_components 4
[2m[36m(ParallelModGrad pid=3275258)[0m INFO:root:AGGREGATING MODELS...no_components 4
[2m[36m(ParallelModGrad pid=3275063)[0m INFO:root:epochs: 0, training task: 5
[2m[36m(ParallelModGrad pid=3275063)[0m INFO:root:	task: 0	loss: 0.69267060	acc: 0.500
[2m[36m(ParallelModGrad pid=3275063)[0m INFO:root:	task: 1	loss: 0.69201854	acc: 0.502
[2m[36m(ParallelModGrad pid=3275063)[0m INFO:root:	task: 2	loss: 0.70197903	acc: 0.500
[2m[36m(ParallelModGrad pid=3275063)[0m INFO:root:	task: 3	loss: 0.69341278	acc: 0.500
[2m[36m(ParallelModGrad pid=3275063)[0m INFO:root:	task: 4	loss: 0.69180342	acc: 0.500
[2m[36m(ParallelModGrad pid=3275063)[0m INFO:root:	task: 5	loss: 0.69554975	acc: 0.500
[2m[36m(ParallelModGrad pid=3275063)[0m INFO:root:	task: avg	loss: 0.69457235	acc: 0.500
[2m[36m(ParallelModGrad pid=3275258)[0m INFO:root:epochs: 0, training task: 5
[2m[36m(ParallelModGrad pid=3275258)[0m INFO:root:	task: 0	loss: 0.69254798	acc: 0.500
[2m[36m(ParallelModGrad pid=3275258)[0m INFO:root:	task: 1	loss: 0.69422235	acc: 0.500
[2m[36m(ParallelModGrad pid=3275258)[0m INFO:root:	task: 2	loss: 0.69209113	acc: 0.500
[2m[36m(ParallelModGrad pid=3275258)[0m INFO:root:	task: 3	loss: 0.69357329	acc: 0.500
[2m[36m(ParallelModGrad pid=3275258)[0m INFO:root:	task: 4	loss: 0.69438682	acc: 0.500
[2m[36m(ParallelModGrad pid=3275258)[0m INFO:root:	task: 5	loss: 0.69477200	acc: 0.500
[2m[36m(ParallelModGrad pid=3275258)[0m INFO:root:	task: avg	loss: 0.69359893	acc: 0.500
[2m[36m(ParallelModGrad pid=3275258)[0m INFO:root:epochs: 1, training task: 5
[2m[36m(ParallelModGrad pid=3275258)[0m INFO:root:	task: 0	loss: 0.69254798	acc: 0.500
[2m[36m(ParallelModGrad pid=3275258)[0m INFO:root:	task: 1	loss: 0.69422235	acc: 0.500
[2m[36m(ParallelModGrad pid=3275258)[0m INFO:root:	task: 2	loss: 0.69209113	acc: 0.500
[2m[36m(ParallelModGrad pid=3275258)[0m INFO:root:	task: 3	loss: 0.69357329	acc: 0.500
[2m[36m(ParallelModGrad pid=3275258)[0m INFO:root:	task: 4	loss: 0.69438682	acc: 0.500
[2m[36m(ParallelModGrad pid=3275258)[0m INFO:root:	task: 5	loss: 0.69413973	acc: 0.500
[2m[36m(ParallelModGrad pid=3275258)[0m INFO:root:	task: avg	loss: 0.69349355	acc: 0.500
[2m[36m(ParallelModGrad pid=3275063)[0m INFO:root:epochs: 1, training task: 5
[2m[36m(ParallelModGrad pid=3275063)[0m INFO:root:	task: 0	loss: 0.69267060	acc: 0.500
[2m[36m(ParallelModGrad pid=3275063)[0m INFO:root:	task: 1	loss: 0.69201854	acc: 0.502
[2m[36m(ParallelModGrad pid=3275063)[0m INFO:root:	task: 2	loss: 0.70197903	acc: 0.500
[2m[36m(ParallelModGrad pid=3275063)[0m INFO:root:	task: 3	loss: 0.69341278	acc: 0.500
[2m[36m(ParallelModGrad pid=3275063)[0m INFO:root:	task: 4	loss: 0.69180342	acc: 0.500
[2m[36m(ParallelModGrad pid=3275063)[0m INFO:root:	task: 5	loss: 0.69482120	acc: 0.500
[2m[36m(ParallelModGrad pid=3275063)[0m INFO:root:	task: avg	loss: 0.69445093	acc: 0.500
[2m[36m(ParallelModGrad pid=3275063)[0m INFO:root:AGGREGATING MODELS...no_components 5
[2m[36m(ParallelModGrad pid=3275258)[0m INFO:root:AGGREGATING MODELS...no_components 5
[2m[36m(ParallelModGrad pid=3275063)[0m INFO:root:epochs: 2, training task: 5
[2m[36m(ParallelModGrad pid=3275063)[0m INFO:root:	task: 0	loss: 0.69265987	acc: 0.500
[2m[36m(ParallelModGrad pid=3275063)[0m INFO:root:	task: 1	loss: 0.69194913	acc: 0.521
[2m[36m(ParallelModGrad pid=3275063)[0m INFO:root:	task: 2	loss: 0.70174307	acc: 0.500
[2m[36m(ParallelModGrad pid=3275063)[0m INFO:root:	task: 3	loss: 0.69332271	acc: 0.500
[2m[36m(ParallelModGrad pid=3275063)[0m INFO:root:	task: 4	loss: 0.69174571	acc: 0.527
[2m[36m(ParallelModGrad pid=3275063)[0m INFO:root:	task: 5	loss: 0.69419428	acc: 0.500
[2m[36m(ParallelModGrad pid=3275063)[0m INFO:root:	task: avg	loss: 0.69426913	acc: 0.508
[2m[36m(ParallelModGrad pid=3275258)[0m INFO:root:epochs: 2, training task: 5
[2m[36m(ParallelModGrad pid=3275258)[0m INFO:root:	task: 0	loss: 0.69251683	acc: 0.500
[2m[36m(ParallelModGrad pid=3275258)[0m INFO:root:	task: 1	loss: 0.69436153	acc: 0.500
[2m[36m(ParallelModGrad pid=3275258)[0m INFO:root:	task: 2	loss: 0.69211005	acc: 0.500
[2m[36m(ParallelModGrad pid=3275258)[0m INFO:root:	task: 3	loss: 0.69353000	acc: 0.500
[2m[36m(ParallelModGrad pid=3275258)[0m INFO:root:	task: 4	loss: 0.69418741	acc: 0.500
[2m[36m(ParallelModGrad pid=3275258)[0m INFO:root:	task: 5	loss: 0.69373450	acc: 0.500
[2m[36m(ParallelModGrad pid=3275258)[0m INFO:root:	task: avg	loss: 0.69340672	acc: 0.500
[2m[36m(ParallelModGrad pid=3275063)[0m INFO:root:AGGREGATING MODELS...no_components 5
[2m[36m(ParallelModGrad pid=3275258)[0m INFO:root:AGGREGATING MODELS...no_components 5
[2m[36m(ParallelModGrad pid=3275063)[0m INFO:root:epochs: 3, training task: 5
[2m[36m(ParallelModGrad pid=3275063)[0m INFO:root:	task: 0	loss: 0.69265161	acc: 0.500
[2m[36m(ParallelModGrad pid=3275063)[0m INFO:root:	task: 1	loss: 0.69188029	acc: 0.587
[2m[36m(ParallelModGrad pid=3275063)[0m INFO:root:	task: 2	loss: 0.70152554	acc: 0.500
[2m[36m(ParallelModGrad pid=3275063)[0m INFO:root:	task: 3	loss: 0.69324661	acc: 0.500
[2m[36m(ParallelModGrad pid=3275063)[0m INFO:root:	task: 4	loss: 0.69169842	acc: 0.825
[2m[36m(ParallelModGrad pid=3275063)[0m INFO:root:	task: 5	loss: 0.69369695	acc: 0.500
[2m[36m(ParallelModGrad pid=3275063)[0m INFO:root:	task: avg	loss: 0.69411657	acc: 0.569
[2m[36m(ParallelModGrad pid=3275063)[0m INFO:root:AGGREGATING MODELS...no_components 5
[2m[36m(ParallelModGrad pid=3275258)[0m INFO:root:epochs: 3, training task: 5
[2m[36m(ParallelModGrad pid=3275258)[0m INFO:root:	task: 0	loss: 0.69248659	acc: 0.500
[2m[36m(ParallelModGrad pid=3275258)[0m INFO:root:	task: 1	loss: 0.69451400	acc: 0.500
[2m[36m(ParallelModGrad pid=3275258)[0m INFO:root:	task: 2	loss: 0.69214254	acc: 0.500
[2m[36m(ParallelModGrad pid=3275258)[0m INFO:root:	task: 3	loss: 0.69350010	acc: 0.500
[2m[36m(ParallelModGrad pid=3275258)[0m INFO:root:	task: 4	loss: 0.69399839	acc: 0.500
[2m[36m(ParallelModGrad pid=3275258)[0m INFO:root:	task: 5	loss: 0.69344668	acc: 0.500
[2m[36m(ParallelModGrad pid=3275258)[0m INFO:root:	task: avg	loss: 0.69334805	acc: 0.500
[2m[36m(ParallelModGrad pid=3275258)[0m INFO:root:AGGREGATING MODELS...no_components 5
[2m[36m(ParallelModGrad pid=3275063)[0m INFO:root:epochs: 4, training task: 5
[2m[36m(ParallelModGrad pid=3275063)[0m INFO:root:	task: 0	loss: 0.69035862	acc: 0.500
[2m[36m(ParallelModGrad pid=3275063)[0m INFO:root:	task: 1	loss: 0.69015932	acc: 0.500
[2m[36m(ParallelModGrad pid=3275063)[0m INFO:root:	task: 2	loss: 0.70366785	acc: 0.500
[2m[36m(ParallelModGrad pid=3275063)[0m INFO:root:	task: 3	loss: 0.69362832	acc: 0.499
[2m[36m(ParallelModGrad pid=3275063)[0m INFO:root:	task: 4	loss: 0.68898713	acc: 0.868
[2m[36m(ParallelModGrad pid=3275063)[0m INFO:root:	task: 5	loss: 0.69359527	acc: 0.500
[2m[36m(ParallelModGrad pid=3275063)[0m INFO:root:	task: avg	loss: 0.69339942	acc: 0.561
[2m[36m(ParallelModGrad pid=3275258)[0m INFO:root:epochs: 4, training task: 5
[2m[36m(ParallelModGrad pid=3275258)[0m INFO:root:	task: 0	loss: 0.69211400	acc: 0.500
[2m[36m(ParallelModGrad pid=3275258)[0m INFO:root:	task: 1	loss: 0.69484546	acc: 0.500
[2m[36m(ParallelModGrad pid=3275258)[0m INFO:root:	task: 2	loss: 0.68977149	acc: 0.500
[2m[36m(ParallelModGrad pid=3275258)[0m INFO:root:	task: 3	loss: 0.69376141	acc: 0.500
[2m[36m(ParallelModGrad pid=3275258)[0m INFO:root:	task: 4	loss: 0.69401930	acc: 0.500
[2m[36m(ParallelModGrad pid=3275258)[0m INFO:root:	task: 5	loss: 0.69398713	acc: 0.500
[2m[36m(ParallelModGrad pid=3275258)[0m INFO:root:	task: avg	loss: 0.69308313	acc: 0.500
[2m[36m(ParallelModGrad pid=3275063)[0m INFO:root:candidate 4: W/update: 0.58, WO/update: 0.58, improv 0.0
[2m[36m(ParallelModGrad pid=3275063)[0m INFO:root:Not keeping any new modules. Total: 4
[2m[36m(ParallelModGrad pid=3275258)[0m INFO:root:candidate 4: W/update: 0.54, WO/update: 0.54, improv 0.0
[2m[36m(ParallelModGrad pid=3275258)[0m INFO:root:Not keeping any new modules. Total: 4
[2m[36m(ParallelModGrad pid=3275063)[0m INFO:root:epochs: 5, training task: 5
[2m[36m(ParallelModGrad pid=3275063)[0m INFO:root:	task: 0	loss: 0.69035862	acc: 0.500
[2m[36m(ParallelModGrad pid=3275063)[0m INFO:root:	task: 1	loss: 0.69015932	acc: 0.500
[2m[36m(ParallelModGrad pid=3275063)[0m INFO:root:	task: 2	loss: 0.70366785	acc: 0.500
[2m[36m(ParallelModGrad pid=3275063)[0m INFO:root:	task: 3	loss: 0.69362832	acc: 0.499
[2m[36m(ParallelModGrad pid=3275063)[0m INFO:root:	task: 4	loss: 0.68898713	acc: 0.868
[2m[36m(ParallelModGrad pid=3275063)[0m INFO:root:	task: 5	loss: 0.69377283	acc: 0.500
[2m[36m(ParallelModGrad pid=3275063)[0m INFO:root:	task: avg	loss: 0.69342901	acc: 0.561
[2m[36m(ParallelModGrad pid=3275258)[0m INFO:root:epochs: 5, training task: 5
[2m[36m(ParallelModGrad pid=3275258)[0m INFO:root:	task: 0	loss: 0.69211400	acc: 0.500
[2m[36m(ParallelModGrad pid=3275258)[0m INFO:root:	task: 1	loss: 0.69484546	acc: 0.500
[2m[36m(ParallelModGrad pid=3275258)[0m INFO:root:	task: 2	loss: 0.68977149	acc: 0.500
[2m[36m(ParallelModGrad pid=3275258)[0m INFO:root:	task: 3	loss: 0.69376141	acc: 0.500
[2m[36m(ParallelModGrad pid=3275258)[0m INFO:root:	task: 4	loss: 0.69401930	acc: 0.500
[2m[36m(ParallelModGrad pid=3275258)[0m INFO:root:	task: 5	loss: 0.69455943	acc: 0.500
[2m[36m(ParallelModGrad pid=3275258)[0m INFO:root:	task: avg	loss: 0.69317852	acc: 0.500
[2m[36m(ParallelModGrad pid=3275063)[0m INFO:root:final components: 4
[2m[36m(ParallelModGrad pid=3275258)[0m INFO:root:final components: 4
[2m[36m(ParallelModGrad pid=3275063)[0m INFO:root:AGGREGATING MODELS...no_components 4
[2m[36m(ParallelModGrad pid=3275258)[0m INFO:root:AGGREGATING MODELS...no_components 4
[2m[36m(ParallelModGrad pid=3275063)[0m INFO:root:AGGREGATING MODELS...no_components 4
[2m[36m(ParallelModGrad pid=3275258)[0m INFO:root:AGGREGATING MODELS...no_components 4
[2m[36m(ParallelModGrad pid=3275063)[0m INFO:root:AGGREGATING MODELS...no_components 4
[2m[36m(ParallelModGrad pid=3275258)[0m INFO:root:AGGREGATING MODELS...no_components 4
[2m[36m(ParallelModGrad pid=3275063)[0m INFO:root:AGGREGATING MODELS...no_components 4
[2m[36m(ParallelModGrad pid=3275258)[0m INFO:root:AGGREGATING MODELS...no_components 4
Error executing job with overrides: ['algo=modular', 'seed=0', 'parallel=True', 'agent.batch_size=64', 'num_agents=2', 'dataset=kmnist', 'dataset.num_trains_per_class=64', 'dataset.num_vals_per_class=50', 'dataset.remap_labels=True', 'dataset.with_replacement=True', 'dataset.num_tasks=10', 'net=mlp', 'net.depth=4', 'num_init_tasks=4', 'net.dropout=0.0', 'train.num_epochs=4', 'train.component_update_freq=4', 'train.init_num_epochs=4', 'train.init_component_update_freq=4', 'train.save_freq=1', 'agent.use_contrastive=True', 'agent.memory_size=32', 'root_save_dir=experiment_results/fedavg/', 'sharing_strategy=grad_sharing', 'sharing_strategy.comm_freq=1', 'train=modular', 'job_name=kmnist_modular_numtrain_64_contrastive']
[2m[36m(ParallelModGrad pid=3275063)[0m INFO:root:AGGREGATING MODELS...no_components 4
[2m[36m(ParallelModGrad pid=3275258)[0m INFO:root:AGGREGATING MODELS...no_components 4
Traceback (most recent call last):
  File "/home/vlongle/learning-hive/experiments/run.py", line 41, in main
    fleet.train_and_comm(task_id)
  File "/home/vlongle/learning-hive/src/shell/fleet/fleet.py", line 325, in train_and_comm
    self.communicate(task_id if not final else task_id + 1,
  File "/home/vlongle/learning-hive/src/shell/fleet/fleet.py", line 343, in communicate
    ray.get([agent.process_communicate.remote(task_id, communication_round)
  File "/mnt/kostas-graid/sw/envs/vlongle/miniconda3/envs/shell/lib/python3.10/site-packages/ray/_private/client_mode_hook.py", line 105, in wrapper
    return func(*args, **kwargs)
  File "/mnt/kostas-graid/sw/envs/vlongle/miniconda3/envs/shell/lib/python3.10/site-packages/ray/_private/worker.py", line 2380, in get
    raise value.as_instanceof_cause()
ray.exceptions.RayTaskError(AssertionError): [36mray::ParallelModGrad.process_communicate()[39m (pid=3275063, ip=192.168.141.68, repr=<shell.fleet.grad.modgrad.ParallelModGrad object at 0x7f2dbc10b190>)
  File "/home/vlongle/learning-hive/src/shell/fleet/grad/modgrad.py", line 61, in process_communicate
    self.reoptimize_past_structures(task_id, communication_round)
  File "/home/vlongle/learning-hive/src/shell/fleet/grad/modgrad.py", line 70, in reoptimize_past_structures
    assert len(self.agent.memory_loaders.values()) == task_id, f"task_id: {task_id}, len(self.agent.memory_loaders.values()): {len(self.agent.memory_loaders.values())}"
AssertionError: task_id: 7, len(self.agent.memory_loaders.values()): 6

Set the environment variable HYDRA_FULL_ERROR=1 for a complete stack trace.
