/mnt/kostas-graid/sw/envs/vlongle/miniconda3/envs/shell/lib/python3.10/site-packages/hydra/_internal/defaults_list.py:251: UserWarning: In 'config': Defaults list is missing `_self_`. See https://hydra.cc/docs/1.2/upgrades/1.0_to_1.1/default_composition_order for more information
  warnings.warn(msg, UserWarning)
2023-10-17 22:50:59,680	INFO worker.py:1544 -- Started a local Ray instance. View the dashboard at [1m[32m127.0.0.1:8267 [39m[22m
[2m[36m(ParallelModGrad pid=3654262)[0m INFO:root:Agent: node_id: 69420, seed: 69420002
[2m[36m(ParallelModGrad pid=3654262)[0m INFO:root:epochs: 0, training task: 0
[2m[36m(ParallelModGrad pid=3654262)[0m INFO:root:	task: 0	loss: 0.69513766	acc: 0.500
[2m[36m(ParallelModGrad pid=3654262)[0m INFO:root:	task: avg	loss: 0.69513766	acc: 0.500
[2m[36m(ParallelModGrad pid=3654262)[0m INFO:root:epochs: 0, training task: 0
[2m[36m(ParallelModGrad pid=3654262)[0m INFO:root:	task: 0	loss: 0.69513766	acc: 0.500
[2m[36m(ParallelModGrad pid=3654262)[0m INFO:root:	task: avg	loss: 0.69513766	acc: 0.500
[2m[36m(ParallelModGrad pid=3654262)[0m INFO:root:final components: 4
[2m[36m(ParallelModGrad pid=3654262)[0m INFO:root:epochs: 0, training task: 1
[2m[36m(ParallelModGrad pid=3654262)[0m INFO:root:	task: 0	loss: 0.69513766	acc: 0.500
[2m[36m(ParallelModGrad pid=3654262)[0m INFO:root:	task: 1	loss: 0.69675403	acc: 0.500
[2m[36m(ParallelModGrad pid=3654262)[0m INFO:root:	task: avg	loss: 0.69594585	acc: 0.500
[2m[36m(ParallelModGrad pid=3654262)[0m INFO:root:epochs: 0, training task: 1
[2m[36m(ParallelModGrad pid=3654262)[0m INFO:root:	task: 0	loss: 0.69513766	acc: 0.500
[2m[36m(ParallelModGrad pid=3654262)[0m INFO:root:	task: 1	loss: 0.69675403	acc: 0.500
[2m[36m(ParallelModGrad pid=3654262)[0m INFO:root:	task: avg	loss: 0.69594585	acc: 0.500
[2m[36m(ParallelModGrad pid=3654262)[0m INFO:root:final components: 4
[2m[36m(ParallelModGrad pid=3654262)[0m INFO:root:epochs: 0, training task: 2
[2m[36m(ParallelModGrad pid=3654262)[0m INFO:root:	task: 0	loss: 0.69513766	acc: 0.500
[2m[36m(ParallelModGrad pid=3654262)[0m INFO:root:	task: 1	loss: 0.69675403	acc: 0.500
[2m[36m(ParallelModGrad pid=3654262)[0m INFO:root:	task: 2	loss: 0.69314671	acc: 0.500
[2m[36m(ParallelModGrad pid=3654262)[0m INFO:root:	task: avg	loss: 0.69501280	acc: 0.500
[2m[36m(ParallelModGrad pid=3654262)[0m INFO:root:epochs: 0, training task: 2
[2m[36m(ParallelModGrad pid=3654262)[0m INFO:root:	task: 0	loss: 0.69513766	acc: 0.500
[2m[36m(ParallelModGrad pid=3654262)[0m INFO:root:	task: 1	loss: 0.69675403	acc: 0.500
[2m[36m(ParallelModGrad pid=3654262)[0m INFO:root:	task: 2	loss: 0.69314671	acc: 0.500
[2m[36m(ParallelModGrad pid=3654262)[0m INFO:root:	task: avg	loss: 0.69501280	acc: 0.500
[2m[36m(ParallelModGrad pid=3654262)[0m INFO:root:final components: 4
[2m[36m(ParallelModGrad pid=3654262)[0m INFO:root:epochs: 0, training task: 3
[2m[36m(ParallelModGrad pid=3654262)[0m INFO:root:	task: 0	loss: 0.69513766	acc: 0.500
[2m[36m(ParallelModGrad pid=3654262)[0m INFO:root:	task: 1	loss: 0.69675403	acc: 0.500
[2m[36m(ParallelModGrad pid=3654262)[0m INFO:root:	task: 2	loss: 0.69314671	acc: 0.500
[2m[36m(ParallelModGrad pid=3654262)[0m INFO:root:	task: 3	loss: 0.69444399	acc: 0.500
[2m[36m(ParallelModGrad pid=3654262)[0m INFO:root:	task: avg	loss: 0.69487060	acc: 0.500
[2m[36m(ParallelModGrad pid=3654262)[0m INFO:root:epochs: 1, training task: 3
[2m[36m(ParallelModGrad pid=3654262)[0m INFO:root:	task: 0	loss: 0.69493105	acc: 0.500
[2m[36m(ParallelModGrad pid=3654262)[0m INFO:root:	task: 1	loss: 0.69589776	acc: 0.500
[2m[36m(ParallelModGrad pid=3654262)[0m INFO:root:	task: 2	loss: 0.69270491	acc: 0.500
[2m[36m(ParallelModGrad pid=3654262)[0m INFO:root:	task: 3	loss: 0.69468588	acc: 0.500
[2m[36m(ParallelModGrad pid=3654262)[0m INFO:root:	task: avg	loss: 0.69455490	acc: 0.500
[2m[36m(ParallelModGrad pid=3654262)[0m INFO:root:epochs: 2, training task: 3
[2m[36m(ParallelModGrad pid=3654262)[0m INFO:root:	task: 0	loss: 0.69475281	acc: 0.500
[2m[36m(ParallelModGrad pid=3654262)[0m INFO:root:	task: 1	loss: 0.69430241	acc: 0.500
[2m[36m(ParallelModGrad pid=3654262)[0m INFO:root:	task: 2	loss: 0.69191933	acc: 0.500
[2m[36m(ParallelModGrad pid=3654262)[0m INFO:root:	task: 3	loss: 0.69467090	acc: 0.500
[2m[36m(ParallelModGrad pid=3654262)[0m INFO:root:	task: avg	loss: 0.69391136	acc: 0.500
[2m[36m(ParallelModGrad pid=3654262)[0m INFO:root:epochs: 3, training task: 3
[2m[36m(ParallelModGrad pid=3654262)[0m INFO:root:	task: 0	loss: 0.69442317	acc: 0.500
[2m[36m(ParallelModGrad pid=3654262)[0m INFO:root:	task: 1	loss: 0.69101266	acc: 0.500
[2m[36m(ParallelModGrad pid=3654262)[0m INFO:root:	task: 2	loss: 0.69093851	acc: 0.500
[2m[36m(ParallelModGrad pid=3654262)[0m INFO:root:	task: 3	loss: 0.69416620	acc: 0.500
[2m[36m(ParallelModGrad pid=3654262)[0m INFO:root:	task: avg	loss: 0.69263514	acc: 0.500
[2m[36m(ParallelModGrad pid=3654262)[0m INFO:root:epochs: 4, training task: 3
[2m[36m(ParallelModGrad pid=3654262)[0m INFO:root:	task: 0	loss: 0.69393695	acc: 0.500
[2m[36m(ParallelModGrad pid=3654262)[0m INFO:root:	task: 1	loss: 0.68489211	acc: 0.500
[2m[36m(ParallelModGrad pid=3654262)[0m INFO:root:	task: 2	loss: 0.68957508	acc: 0.500
[2m[36m(ParallelModGrad pid=3654262)[0m INFO:root:	task: 3	loss: 0.69288343	acc: 0.500
[2m[36m(ParallelModGrad pid=3654262)[0m INFO:root:	task: avg	loss: 0.69032189	acc: 0.500
[2m[36m(ParallelModGrad pid=3654262)[0m INFO:root:epochs: 5, training task: 3
[2m[36m(ParallelModGrad pid=3654262)[0m INFO:root:	task: 0	loss: 0.69393695	acc: 0.500
[2m[36m(ParallelModGrad pid=3654262)[0m INFO:root:	task: 1	loss: 0.68489211	acc: 0.500
[2m[36m(ParallelModGrad pid=3654262)[0m INFO:root:	task: 2	loss: 0.68957508	acc: 0.500
[2m[36m(ParallelModGrad pid=3654262)[0m INFO:root:	task: 3	loss: 0.69288343	acc: 0.500
[2m[36m(ParallelModGrad pid=3654262)[0m INFO:root:	task: avg	loss: 0.69032189	acc: 0.500
[2m[36m(ParallelModGrad pid=3654262)[0m INFO:root:final components: 4
[2m[36m(ParallelModGrad pid=3742197)[0m INFO:root:Agent: node_id: 0, seed: 2
[2m[36m(ParallelModGrad pid=3742198)[0m INFO:root:Agent: node_id: 1, seed: 1002
[2m[36m(ParallelModGrad pid=3742197)[0m INFO:root:epochs: 0, training task: 0
[2m[36m(ParallelModGrad pid=3742197)[0m INFO:root:	task: 0	loss: 0.69344831	acc: 0.500
[2m[36m(ParallelModGrad pid=3742197)[0m INFO:root:	task: avg	loss: 0.69344831	acc: 0.500
[2m[36m(ParallelModGrad pid=3742198)[0m INFO:root:epochs: 0, training task: 0
[2m[36m(ParallelModGrad pid=3742198)[0m INFO:root:	task: 0	loss: 0.69574686	acc: 0.500
[2m[36m(ParallelModGrad pid=3742198)[0m INFO:root:	task: avg	loss: 0.69574686	acc: 0.500
[2m[36m(ParallelModGrad pid=3742197)[0m INFO:root:epochs: 1, training task: 0
[2m[36m(ParallelModGrad pid=3742197)[0m INFO:root:	task: 0	loss: 0.69347782	acc: 0.500
[2m[36m(ParallelModGrad pid=3742197)[0m INFO:root:	task: avg	loss: 0.69347782	acc: 0.500
[2m[36m(ParallelModGrad pid=3742197)[0m INFO:root:AGGREGATING MODELS...no_components 5
[2m[36m(ParallelModGrad pid=3742198)[0m INFO:root:epochs: 1, training task: 0
[2m[36m(ParallelModGrad pid=3742198)[0m INFO:root:	task: 0	loss: 0.69507643	acc: 0.500
[2m[36m(ParallelModGrad pid=3742198)[0m INFO:root:	task: avg	loss: 0.69507643	acc: 0.500
[2m[36m(ParallelModGrad pid=3742198)[0m INFO:root:AGGREGATING MODELS...no_components 5
[2m[36m(ParallelModGrad pid=3742197)[0m INFO:root:epochs: 2, training task: 0
[2m[36m(ParallelModGrad pid=3742197)[0m INFO:root:	task: 0	loss: 0.69334228	acc: 0.500
[2m[36m(ParallelModGrad pid=3742197)[0m INFO:root:	task: avg	loss: 0.69334228	acc: 0.500
[2m[36m(ParallelModGrad pid=3742197)[0m INFO:root:AGGREGATING MODELS...no_components 5
[2m[36m(ParallelModGrad pid=3742198)[0m INFO:root:epochs: 2, training task: 0
[2m[36m(ParallelModGrad pid=3742198)[0m INFO:root:	task: 0	loss: 0.69447986	acc: 0.500
[2m[36m(ParallelModGrad pid=3742198)[0m INFO:root:	task: avg	loss: 0.69447986	acc: 0.500
[2m[36m(ParallelModGrad pid=3742198)[0m INFO:root:AGGREGATING MODELS...no_components 5
[2m[36m(ParallelModGrad pid=3742197)[0m INFO:root:epochs: 3, training task: 0
[2m[36m(ParallelModGrad pid=3742197)[0m INFO:root:	task: 0	loss: 0.69328898	acc: 0.500
[2m[36m(ParallelModGrad pid=3742197)[0m INFO:root:	task: avg	loss: 0.69328898	acc: 0.500
[2m[36m(ParallelModGrad pid=3742197)[0m INFO:root:AGGREGATING MODELS...no_components 5
[2m[36m(ParallelModGrad pid=3742198)[0m INFO:root:epochs: 3, training task: 0
[2m[36m(ParallelModGrad pid=3742198)[0m INFO:root:	task: 0	loss: 0.69414936	acc: 0.500
[2m[36m(ParallelModGrad pid=3742198)[0m INFO:root:	task: avg	loss: 0.69414936	acc: 0.500
[2m[36m(ParallelModGrad pid=3742198)[0m INFO:root:AGGREGATING MODELS...no_components 5
[2m[36m(ParallelModGrad pid=3742197)[0m INFO:root:epochs: 4, training task: 0
[2m[36m(ParallelModGrad pid=3742197)[0m INFO:root:	task: 0	loss: 0.69334245	acc: 0.500
[2m[36m(ParallelModGrad pid=3742197)[0m INFO:root:	task: avg	loss: 0.69334245	acc: 0.500
[2m[36m(ParallelModGrad pid=3742198)[0m INFO:root:epochs: 4, training task: 0
[2m[36m(ParallelModGrad pid=3742198)[0m INFO:root:	task: 0	loss: 0.69416808	acc: 0.500
[2m[36m(ParallelModGrad pid=3742198)[0m INFO:root:	task: avg	loss: 0.69416808	acc: 0.500
[2m[36m(ParallelModGrad pid=3742197)[0m INFO:root:candidate 4: W/update: 0.48, WO/update: 0.48, improv 0.0
[2m[36m(ParallelModGrad pid=3742197)[0m INFO:root:Not keeping any new modules. Total: 4
[2m[36m(ParallelModGrad pid=3742198)[0m INFO:root:candidate 4: W/update: 0.5, WO/update: 0.5, improv 0.0
[2m[36m(ParallelModGrad pid=3742198)[0m INFO:root:Not keeping any new modules. Total: 4
[2m[36m(ParallelModGrad pid=3742197)[0m INFO:root:epochs: 5, training task: 0
[2m[36m(ParallelModGrad pid=3742197)[0m INFO:root:	task: 0	loss: 0.69345908	acc: 0.500
[2m[36m(ParallelModGrad pid=3742197)[0m INFO:root:	task: avg	loss: 0.69345908	acc: 0.500
[2m[36m(ParallelModGrad pid=3742198)[0m INFO:root:epochs: 5, training task: 0
[2m[36m(ParallelModGrad pid=3742198)[0m INFO:root:	task: 0	loss: 0.69408710	acc: 0.500
[2m[36m(ParallelModGrad pid=3742198)[0m INFO:root:	task: avg	loss: 0.69408710	acc: 0.500
[2m[36m(ParallelModGrad pid=3742198)[0m INFO:root:final components: 4
[2m[36m(ParallelModGrad pid=3742197)[0m INFO:root:final components: 4
[2m[36m(ParallelModGrad pid=3742197)[0m INFO:root:AGGREGATING MODELS...no_components 4
[2m[36m(ParallelModGrad pid=3742198)[0m INFO:root:AGGREGATING MODELS...no_components 4
[2m[36m(ParallelModGrad pid=3742197)[0m INFO:root:epochs: 0, training task: 1
[2m[36m(ParallelModGrad pid=3742197)[0m INFO:root:	task: 0	loss: 0.69345473	acc: 0.500
[2m[36m(ParallelModGrad pid=3742197)[0m INFO:root:	task: 1	loss: 0.69328986	acc: 0.500
[2m[36m(ParallelModGrad pid=3742197)[0m INFO:root:	task: avg	loss: 0.69337230	acc: 0.500
[2m[36m(ParallelModGrad pid=3742198)[0m INFO:root:epochs: 0, training task: 1
[2m[36m(ParallelModGrad pid=3742198)[0m INFO:root:	task: 0	loss: 0.69393715	acc: 0.500
[2m[36m(ParallelModGrad pid=3742198)[0m INFO:root:	task: 1	loss: 0.69305033	acc: 0.500
[2m[36m(ParallelModGrad pid=3742198)[0m INFO:root:	task: avg	loss: 0.69349374	acc: 0.500
[2m[36m(ParallelModGrad pid=3742197)[0m INFO:root:epochs: 1, training task: 1
[2m[36m(ParallelModGrad pid=3742197)[0m INFO:root:	task: 0	loss: 0.69345473	acc: 0.500
[2m[36m(ParallelModGrad pid=3742197)[0m INFO:root:	task: 1	loss: 0.69314548	acc: 0.500
[2m[36m(ParallelModGrad pid=3742197)[0m INFO:root:	task: avg	loss: 0.69330010	acc: 0.500
[2m[36m(ParallelModGrad pid=3742197)[0m INFO:root:AGGREGATING MODELS...no_components 5
[2m[36m(ParallelModGrad pid=3742198)[0m INFO:root:epochs: 1, training task: 1
[2m[36m(ParallelModGrad pid=3742198)[0m INFO:root:	task: 0	loss: 0.69393715	acc: 0.500
[2m[36m(ParallelModGrad pid=3742198)[0m INFO:root:	task: 1	loss: 0.69311545	acc: 0.500
[2m[36m(ParallelModGrad pid=3742198)[0m INFO:root:	task: avg	loss: 0.69352630	acc: 0.500
[2m[36m(ParallelModGrad pid=3742198)[0m INFO:root:AGGREGATING MODELS...no_components 5
[2m[36m(ParallelModGrad pid=3742197)[0m INFO:root:epochs: 2, training task: 1
[2m[36m(ParallelModGrad pid=3742197)[0m INFO:root:	task: 0	loss: 0.69351470	acc: 0.500
[2m[36m(ParallelModGrad pid=3742197)[0m INFO:root:	task: 1	loss: 0.69313596	acc: 0.500
[2m[36m(ParallelModGrad pid=3742197)[0m INFO:root:	task: avg	loss: 0.69332533	acc: 0.500
[2m[36m(ParallelModGrad pid=3742197)[0m INFO:root:AGGREGATING MODELS...no_components 5
[2m[36m(ParallelModGrad pid=3742198)[0m INFO:root:epochs: 2, training task: 1
[2m[36m(ParallelModGrad pid=3742198)[0m INFO:root:	task: 0	loss: 0.69381315	acc: 0.500
[2m[36m(ParallelModGrad pid=3742198)[0m INFO:root:	task: 1	loss: 0.69311216	acc: 0.500
[2m[36m(ParallelModGrad pid=3742198)[0m INFO:root:	task: avg	loss: 0.69346265	acc: 0.500
[2m[36m(ParallelModGrad pid=3742198)[0m INFO:root:AGGREGATING MODELS...no_components 5
[2m[36m(ParallelModGrad pid=3742197)[0m INFO:root:epochs: 3, training task: 1
[2m[36m(ParallelModGrad pid=3742197)[0m INFO:root:	task: 0	loss: 0.69358544	acc: 0.500
[2m[36m(ParallelModGrad pid=3742197)[0m INFO:root:	task: 1	loss: 0.69309962	acc: 0.500
[2m[36m(ParallelModGrad pid=3742197)[0m INFO:root:	task: avg	loss: 0.69334253	acc: 0.500
[2m[36m(ParallelModGrad pid=3742197)[0m INFO:root:AGGREGATING MODELS...no_components 5
[2m[36m(ParallelModGrad pid=3742198)[0m INFO:root:epochs: 3, training task: 1
[2m[36m(ParallelModGrad pid=3742198)[0m INFO:root:	task: 0	loss: 0.69370020	acc: 0.500
[2m[36m(ParallelModGrad pid=3742198)[0m INFO:root:	task: 1	loss: 0.69311872	acc: 0.500
[2m[36m(ParallelModGrad pid=3742198)[0m INFO:root:	task: avg	loss: 0.69340946	acc: 0.500
[2m[36m(ParallelModGrad pid=3742198)[0m INFO:root:AGGREGATING MODELS...no_components 5
[2m[36m(ParallelModGrad pid=3742197)[0m INFO:root:epochs: 4, training task: 1
[2m[36m(ParallelModGrad pid=3742197)[0m INFO:root:	task: 0	loss: 0.69397842	acc: 0.500
[2m[36m(ParallelModGrad pid=3742197)[0m INFO:root:	task: 1	loss: 0.69306181	acc: 0.500
[2m[36m(ParallelModGrad pid=3742197)[0m INFO:root:	task: avg	loss: 0.69352012	acc: 0.500
[2m[36m(ParallelModGrad pid=3742198)[0m INFO:root:epochs: 4, training task: 1
[2m[36m(ParallelModGrad pid=3742198)[0m INFO:root:	task: 0	loss: 0.69364338	acc: 0.500
[2m[36m(ParallelModGrad pid=3742198)[0m INFO:root:	task: 1	loss: 0.69303227	acc: 0.500
[2m[36m(ParallelModGrad pid=3742198)[0m INFO:root:	task: avg	loss: 0.69333783	acc: 0.500
[2m[36m(ParallelModGrad pid=3742198)[0m INFO:root:candidate 4: W/update: 0.45, WO/update: 0.45, improv 0.0
[2m[36m(ParallelModGrad pid=3742197)[0m INFO:root:candidate 4: W/update: 0.55, WO/update: 0.55, improv 0.0
[2m[36m(ParallelModGrad pid=3742197)[0m INFO:root:Not keeping any new modules. Total: 4
[2m[36m(ParallelModGrad pid=3742198)[0m INFO:root:Not keeping any new modules. Total: 4
[2m[36m(ParallelModGrad pid=3742197)[0m INFO:root:epochs: 5, training task: 1
[2m[36m(ParallelModGrad pid=3742197)[0m INFO:root:	task: 0	loss: 0.69397842	acc: 0.500
[2m[36m(ParallelModGrad pid=3742197)[0m INFO:root:	task: 1	loss: 0.69295311	acc: 0.500
[2m[36m(ParallelModGrad pid=3742197)[0m INFO:root:	task: avg	loss: 0.69346577	acc: 0.500
[2m[36m(ParallelModGrad pid=3742198)[0m INFO:root:epochs: 5, training task: 1
[2m[36m(ParallelModGrad pid=3742198)[0m INFO:root:	task: 0	loss: 0.69364338	acc: 0.500
[2m[36m(ParallelModGrad pid=3742198)[0m INFO:root:	task: 1	loss: 0.69283009	acc: 0.559
[2m[36m(ParallelModGrad pid=3742198)[0m INFO:root:	task: avg	loss: 0.69323674	acc: 0.530
[2m[36m(ParallelModGrad pid=3742197)[0m INFO:root:final components: 4
[2m[36m(ParallelModGrad pid=3742198)[0m INFO:root:final components: 4
[2m[36m(ParallelModGrad pid=3742197)[0m INFO:root:AGGREGATING MODELS...no_components 4
[2m[36m(ParallelModGrad pid=3742198)[0m INFO:root:AGGREGATING MODELS...no_components 4
[2m[36m(ParallelModGrad pid=3742197)[0m INFO:root:epochs: 0, training task: 2
[2m[36m(ParallelModGrad pid=3742197)[0m INFO:root:	task: 0	loss: 0.69399733	acc: 0.500
[2m[36m(ParallelModGrad pid=3742197)[0m INFO:root:	task: 1	loss: 0.69285332	acc: 0.500
[2m[36m(ParallelModGrad pid=3742197)[0m INFO:root:	task: 2	loss: 0.69497972	acc: 0.500
[2m[36m(ParallelModGrad pid=3742197)[0m INFO:root:	task: avg	loss: 0.69394346	acc: 0.500
[2m[36m(ParallelModGrad pid=3742198)[0m INFO:root:epochs: 0, training task: 2
[2m[36m(ParallelModGrad pid=3742198)[0m INFO:root:	task: 0	loss: 0.69357017	acc: 0.500
[2m[36m(ParallelModGrad pid=3742198)[0m INFO:root:	task: 1	loss: 0.69286492	acc: 0.500
[2m[36m(ParallelModGrad pid=3742198)[0m INFO:root:	task: 2	loss: 0.69398136	acc: 0.500
[2m[36m(ParallelModGrad pid=3742198)[0m INFO:root:	task: avg	loss: 0.69347215	acc: 0.500
[2m[36m(ParallelModGrad pid=3742197)[0m INFO:root:epochs: 1, training task: 2
[2m[36m(ParallelModGrad pid=3742197)[0m INFO:root:	task: 0	loss: 0.69399733	acc: 0.500
[2m[36m(ParallelModGrad pid=3742197)[0m INFO:root:	task: 1	loss: 0.69285332	acc: 0.500
[2m[36m(ParallelModGrad pid=3742197)[0m INFO:root:	task: 2	loss: 0.69441083	acc: 0.500
[2m[36m(ParallelModGrad pid=3742197)[0m INFO:root:	task: avg	loss: 0.69375382	acc: 0.500
[2m[36m(ParallelModGrad pid=3742197)[0m INFO:root:AGGREGATING MODELS...no_components 5
[2m[36m(ParallelModGrad pid=3742198)[0m INFO:root:epochs: 1, training task: 2
[2m[36m(ParallelModGrad pid=3742198)[0m INFO:root:	task: 0	loss: 0.69357017	acc: 0.500
[2m[36m(ParallelModGrad pid=3742198)[0m INFO:root:	task: 1	loss: 0.69286492	acc: 0.500
[2m[36m(ParallelModGrad pid=3742198)[0m INFO:root:	task: 2	loss: 0.69368539	acc: 0.500
[2m[36m(ParallelModGrad pid=3742198)[0m INFO:root:	task: avg	loss: 0.69337349	acc: 0.500
[2m[36m(ParallelModGrad pid=3742198)[0m INFO:root:AGGREGATING MODELS...no_components 5
[2m[36m(ParallelModGrad pid=3742197)[0m INFO:root:epochs: 2, training task: 2
[2m[36m(ParallelModGrad pid=3742197)[0m INFO:root:	task: 0	loss: 0.69408473	acc: 0.500
[2m[36m(ParallelModGrad pid=3742197)[0m INFO:root:	task: 1	loss: 0.69282820	acc: 0.500
[2m[36m(ParallelModGrad pid=3742197)[0m INFO:root:	task: 2	loss: 0.69401575	acc: 0.500
[2m[36m(ParallelModGrad pid=3742197)[0m INFO:root:	task: avg	loss: 0.69364289	acc: 0.500
[2m[36m(ParallelModGrad pid=3742197)[0m INFO:root:AGGREGATING MODELS...no_components 5
[2m[36m(ParallelModGrad pid=3742198)[0m INFO:root:epochs: 2, training task: 2
[2m[36m(ParallelModGrad pid=3742198)[0m INFO:root:	task: 0	loss: 0.69349077	acc: 0.500
[2m[36m(ParallelModGrad pid=3742198)[0m INFO:root:	task: 1	loss: 0.69287994	acc: 0.500
[2m[36m(ParallelModGrad pid=3742198)[0m INFO:root:	task: 2	loss: 0.69357890	acc: 0.500
[2m[36m(ParallelModGrad pid=3742198)[0m INFO:root:	task: avg	loss: 0.69331654	acc: 0.500
[2m[36m(ParallelModGrad pid=3742198)[0m INFO:root:AGGREGATING MODELS...no_components 5
[2m[36m(ParallelModGrad pid=3742197)[0m INFO:root:epochs: 3, training task: 2
[2m[36m(ParallelModGrad pid=3742197)[0m INFO:root:	task: 0	loss: 0.69417940	acc: 0.500
[2m[36m(ParallelModGrad pid=3742197)[0m INFO:root:	task: 1	loss: 0.69280685	acc: 0.698
[2m[36m(ParallelModGrad pid=3742197)[0m INFO:root:	task: 2	loss: 0.69367887	acc: 0.500
[2m[36m(ParallelModGrad pid=3742197)[0m INFO:root:	task: avg	loss: 0.69355504	acc: 0.566
[2m[36m(ParallelModGrad pid=3742198)[0m INFO:root:epochs: 3, training task: 2
[2m[36m(ParallelModGrad pid=3742198)[0m INFO:root:	task: 0	loss: 0.69342250	acc: 0.500
[2m[36m(ParallelModGrad pid=3742198)[0m INFO:root:	task: 1	loss: 0.69290556	acc: 0.500
[2m[36m(ParallelModGrad pid=3742198)[0m INFO:root:	task: 2	loss: 0.69344156	acc: 0.500
[2m[36m(ParallelModGrad pid=3742198)[0m INFO:root:	task: avg	loss: 0.69325654	acc: 0.500
[2m[36m(ParallelModGrad pid=3742197)[0m INFO:root:AGGREGATING MODELS...no_components 5
[2m[36m(ParallelModGrad pid=3742198)[0m INFO:root:AGGREGATING MODELS...no_components 5
[2m[36m(ParallelModGrad pid=3742197)[0m INFO:root:epochs: 4, training task: 2
[2m[36m(ParallelModGrad pid=3742197)[0m INFO:root:	task: 0	loss: 0.69501758	acc: 0.500
[2m[36m(ParallelModGrad pid=3742197)[0m INFO:root:	task: 1	loss: 0.69244117	acc: 0.500
[2m[36m(ParallelModGrad pid=3742197)[0m INFO:root:	task: 2	loss: 0.69369570	acc: 0.500
[2m[36m(ParallelModGrad pid=3742197)[0m INFO:root:	task: avg	loss: 0.69371815	acc: 0.500
[2m[36m(ParallelModGrad pid=3742198)[0m INFO:root:epochs: 4, training task: 2
[2m[36m(ParallelModGrad pid=3742198)[0m INFO:root:	task: 0	loss: 0.69337611	acc: 0.500
[2m[36m(ParallelModGrad pid=3742198)[0m INFO:root:	task: 1	loss: 0.69245432	acc: 0.500
[2m[36m(ParallelModGrad pid=3742198)[0m INFO:root:	task: 2	loss: 0.69344659	acc: 0.500
[2m[36m(ParallelModGrad pid=3742198)[0m INFO:root:	task: avg	loss: 0.69309234	acc: 0.500
[2m[36m(ParallelModGrad pid=3742197)[0m INFO:root:candidate 4: W/update: 0.43, WO/update: 0.43, improv 0.0
[2m[36m(ParallelModGrad pid=3742197)[0m INFO:root:Not keeping any new modules. Total: 4
[2m[36m(ParallelModGrad pid=3742198)[0m INFO:root:candidate 4: W/update: 0.55, WO/update: 0.55, improv 0.0
[2m[36m(ParallelModGrad pid=3742198)[0m INFO:root:Not keeping any new modules. Total: 4
[2m[36m(ParallelModGrad pid=3742197)[0m INFO:root:epochs: 5, training task: 2
[2m[36m(ParallelModGrad pid=3742197)[0m INFO:root:	task: 0	loss: 0.69501758	acc: 0.500
[2m[36m(ParallelModGrad pid=3742197)[0m INFO:root:	task: 1	loss: 0.69244117	acc: 0.500
[2m[36m(ParallelModGrad pid=3742197)[0m INFO:root:	task: 2	loss: 0.69360107	acc: 0.500
[2m[36m(ParallelModGrad pid=3742197)[0m INFO:root:	task: avg	loss: 0.69368661	acc: 0.500
[2m[36m(ParallelModGrad pid=3742198)[0m INFO:root:epochs: 5, training task: 2
[2m[36m(ParallelModGrad pid=3742198)[0m INFO:root:	task: 0	loss: 0.69337611	acc: 0.500
[2m[36m(ParallelModGrad pid=3742198)[0m INFO:root:	task: 1	loss: 0.69245432	acc: 0.500
[2m[36m(ParallelModGrad pid=3742198)[0m INFO:root:	task: 2	loss: 0.69342779	acc: 0.500
[2m[36m(ParallelModGrad pid=3742198)[0m INFO:root:	task: avg	loss: 0.69308607	acc: 0.500
[2m[36m(ParallelModGrad pid=3742197)[0m INFO:root:final components: 4
[2m[36m(ParallelModGrad pid=3742198)[0m INFO:root:final components: 4
[2m[36m(ParallelModGrad pid=3742197)[0m INFO:root:AGGREGATING MODELS...no_components 4
[2m[36m(ParallelModGrad pid=3742198)[0m INFO:root:AGGREGATING MODELS...no_components 4
[2m[36m(ParallelModGrad pid=3742197)[0m INFO:root:epochs: 0, training task: 3
[2m[36m(ParallelModGrad pid=3742197)[0m INFO:root:	task: 0	loss: 0.69492664	acc: 0.500
[2m[36m(ParallelModGrad pid=3742197)[0m INFO:root:	task: 1	loss: 0.69231129	acc: 0.730
[2m[36m(ParallelModGrad pid=3742197)[0m INFO:root:	task: 2	loss: 0.69369086	acc: 0.500
[2m[36m(ParallelModGrad pid=3742197)[0m INFO:root:	task: 3	loss: 0.69329672	acc: 0.500
[2m[36m(ParallelModGrad pid=3742197)[0m INFO:root:	task: avg	loss: 0.69355638	acc: 0.557
[2m[36m(ParallelModGrad pid=3742198)[0m INFO:root:epochs: 0, training task: 3
[2m[36m(ParallelModGrad pid=3742198)[0m INFO:root:	task: 0	loss: 0.69336207	acc: 0.500
[2m[36m(ParallelModGrad pid=3742198)[0m INFO:root:	task: 1	loss: 0.69246653	acc: 0.500
[2m[36m(ParallelModGrad pid=3742198)[0m INFO:root:	task: 2	loss: 0.69335741	acc: 0.500
[2m[36m(ParallelModGrad pid=3742198)[0m INFO:root:	task: 3	loss: 0.69508533	acc: 0.500
[2m[36m(ParallelModGrad pid=3742198)[0m INFO:root:	task: avg	loss: 0.69356783	acc: 0.500
[2m[36m(ParallelModGrad pid=3742197)[0m INFO:root:epochs: 1, training task: 3
[2m[36m(ParallelModGrad pid=3742197)[0m INFO:root:	task: 0	loss: 0.69492664	acc: 0.500
[2m[36m(ParallelModGrad pid=3742197)[0m INFO:root:	task: 1	loss: 0.69231129	acc: 0.730
[2m[36m(ParallelModGrad pid=3742197)[0m INFO:root:	task: 2	loss: 0.69369086	acc: 0.500
[2m[36m(ParallelModGrad pid=3742197)[0m INFO:root:	task: 3	loss: 0.69329011	acc: 0.500
[2m[36m(ParallelModGrad pid=3742198)[0m INFO:root:epochs: 1, training task: 3
[2m[36m(ParallelModGrad pid=3742198)[0m INFO:root:	task: 0	loss: 0.69336207	acc: 0.500
[2m[36m(ParallelModGrad pid=3742198)[0m INFO:root:	task: 1	loss: 0.69246653	acc: 0.500
[2m[36m(ParallelModGrad pid=3742198)[0m INFO:root:	task: 2	loss: 0.69335741	acc: 0.500
[2m[36m(ParallelModGrad pid=3742198)[0m INFO:root:	task: 3	loss: 0.69450568	acc: 0.500
[2m[36m(ParallelModGrad pid=3742198)[0m INFO:root:	task: avg	loss: 0.69342292	acc: 0.500
[2m[36m(ParallelModGrad pid=3742197)[0m INFO:root:	task: avg	loss: 0.69355473	acc: 0.557
[2m[36m(ParallelModGrad pid=3742197)[0m INFO:root:AGGREGATING MODELS...no_components 5
[2m[36m(ParallelModGrad pid=3742198)[0m INFO:root:AGGREGATING MODELS...no_components 5
[2m[36m(ParallelModGrad pid=3742197)[0m INFO:root:epochs: 2, training task: 3
[2m[36m(ParallelModGrad pid=3742197)[0m INFO:root:	task: 0	loss: 0.69493794	acc: 0.500
[2m[36m(ParallelModGrad pid=3742197)[0m INFO:root:	task: 1	loss: 0.69225586	acc: 0.772
[2m[36m(ParallelModGrad pid=3742197)[0m INFO:root:	task: 2	loss: 0.69380077	acc: 0.500
[2m[36m(ParallelModGrad pid=3742197)[0m INFO:root:	task: 3	loss: 0.69351015	acc: 0.500
[2m[36m(ParallelModGrad pid=3742197)[0m INFO:root:	task: avg	loss: 0.69362618	acc: 0.568
[2m[36m(ParallelModGrad pid=3742197)[0m INFO:root:AGGREGATING MODELS...no_components 5
[2m[36m(ParallelModGrad pid=3742198)[0m INFO:root:epochs: 2, training task: 3
[2m[36m(ParallelModGrad pid=3742198)[0m INFO:root:	task: 0	loss: 0.69330920	acc: 0.500
[2m[36m(ParallelModGrad pid=3742198)[0m INFO:root:	task: 1	loss: 0.69244334	acc: 0.500
[2m[36m(ParallelModGrad pid=3742198)[0m INFO:root:	task: 2	loss: 0.69328454	acc: 0.500
[2m[36m(ParallelModGrad pid=3742198)[0m INFO:root:	task: 3	loss: 0.69410910	acc: 0.500
[2m[36m(ParallelModGrad pid=3742198)[0m INFO:root:	task: avg	loss: 0.69328654	acc: 0.500
[2m[36m(ParallelModGrad pid=3742198)[0m INFO:root:AGGREGATING MODELS...no_components 5
[2m[36m(ParallelModGrad pid=3742197)[0m INFO:root:epochs: 3, training task: 3
[2m[36m(ParallelModGrad pid=3742197)[0m INFO:root:	task: 0	loss: 0.69494805	acc: 0.500
[2m[36m(ParallelModGrad pid=3742197)[0m INFO:root:	task: 1	loss: 0.69220038	acc: 0.754
[2m[36m(ParallelModGrad pid=3742197)[0m INFO:root:	task: 2	loss: 0.69391659	acc: 0.500
[2m[36m(ParallelModGrad pid=3742197)[0m INFO:root:	task: 3	loss: 0.69384917	acc: 0.500
[2m[36m(ParallelModGrad pid=3742197)[0m INFO:root:	task: avg	loss: 0.69372855	acc: 0.564
[2m[36m(ParallelModGrad pid=3742197)[0m INFO:root:AGGREGATING MODELS...no_components 5
[2m[36m(ParallelModGrad pid=3742198)[0m INFO:root:epochs: 3, training task: 3
[2m[36m(ParallelModGrad pid=3742198)[0m INFO:root:	task: 0	loss: 0.69326537	acc: 0.500
[2m[36m(ParallelModGrad pid=3742198)[0m INFO:root:	task: 1	loss: 0.69242471	acc: 0.500
[2m[36m(ParallelModGrad pid=3742198)[0m INFO:root:	task: 2	loss: 0.69322357	acc: 0.500
[2m[36m(ParallelModGrad pid=3742198)[0m INFO:root:	task: 3	loss: 0.69388395	acc: 0.500
[2m[36m(ParallelModGrad pid=3742198)[0m INFO:root:	task: avg	loss: 0.69319940	acc: 0.500
[2m[36m(ParallelModGrad pid=3742198)[0m INFO:root:AGGREGATING MODELS...no_components 5
[2m[36m(ParallelModGrad pid=3742197)[0m INFO:root:epochs: 4, training task: 3
[2m[36m(ParallelModGrad pid=3742197)[0m INFO:root:	task: 0	loss: 0.69666122	acc: 0.500
[2m[36m(ParallelModGrad pid=3742197)[0m INFO:root:	task: 1	loss: 0.69075013	acc: 0.728
[2m[36m(ParallelModGrad pid=3742197)[0m INFO:root:	task: 2	loss: 0.69388482	acc: 0.500
[2m[36m(ParallelModGrad pid=3742197)[0m INFO:root:	task: 3	loss: 0.69383573	acc: 0.500
[2m[36m(ParallelModGrad pid=3742197)[0m INFO:root:	task: avg	loss: 0.69378298	acc: 0.557
[2m[36m(ParallelModGrad pid=3742198)[0m INFO:root:epochs: 4, training task: 3
[2m[36m(ParallelModGrad pid=3742198)[0m INFO:root:	task: 0	loss: 0.69311253	acc: 0.505
[2m[36m(ParallelModGrad pid=3742198)[0m INFO:root:	task: 1	loss: 0.69035562	acc: 0.500
[2m[36m(ParallelModGrad pid=3742198)[0m INFO:root:	task: 2	loss: 0.69322334	acc: 0.500
[2m[36m(ParallelModGrad pid=3742198)[0m INFO:root:	task: 3	loss: 0.69364575	acc: 0.500
[2m[36m(ParallelModGrad pid=3742198)[0m INFO:root:	task: avg	loss: 0.69258431	acc: 0.501
[2m[36m(ParallelModGrad pid=3742197)[0m INFO:root:candidate 4: W/update: 0.6, WO/update: 0.6, improv 0.0
[2m[36m(ParallelModGrad pid=3742197)[0m INFO:root:Not keeping any new modules. Total: 4
[2m[36m(ParallelModGrad pid=3742198)[0m INFO:root:candidate 4: W/update: 0.59, WO/update: 0.59, improv 0.0
[2m[36m(ParallelModGrad pid=3742198)[0m INFO:root:Not keeping any new modules. Total: 4
[2m[36m(ParallelModGrad pid=3742197)[0m INFO:root:epochs: 5, training task: 3
[2m[36m(ParallelModGrad pid=3742197)[0m INFO:root:	task: 0	loss: 0.69666122	acc: 0.500
[2m[36m(ParallelModGrad pid=3742197)[0m INFO:root:	task: 1	loss: 0.69075013	acc: 0.728
[2m[36m(ParallelModGrad pid=3742197)[0m INFO:root:	task: 2	loss: 0.69388482	acc: 0.500
[2m[36m(ParallelModGrad pid=3742197)[0m INFO:root:	task: 3	loss: 0.69377017	acc: 0.500
[2m[36m(ParallelModGrad pid=3742197)[0m INFO:root:	task: avg	loss: 0.69376659	acc: 0.557
[2m[36m(ParallelModGrad pid=3742198)[0m INFO:root:epochs: 5, training task: 3
[2m[36m(ParallelModGrad pid=3742198)[0m INFO:root:	task: 0	loss: 0.69311253	acc: 0.505
[2m[36m(ParallelModGrad pid=3742198)[0m INFO:root:	task: 1	loss: 0.69035562	acc: 0.500
[2m[36m(ParallelModGrad pid=3742198)[0m INFO:root:	task: 2	loss: 0.69322334	acc: 0.500
[2m[36m(ParallelModGrad pid=3742198)[0m INFO:root:	task: 3	loss: 0.69316705	acc: 0.500
[2m[36m(ParallelModGrad pid=3742198)[0m INFO:root:	task: avg	loss: 0.69246464	acc: 0.501
[2m[36m(ParallelModGrad pid=3742197)[0m INFO:root:final components: 4
[2m[36m(ParallelModGrad pid=3742198)[0m INFO:root:final components: 4
[2m[36m(ParallelModGrad pid=3742197)[0m INFO:root:AGGREGATING MODELS...no_components 4
[2m[36m(ParallelModGrad pid=3742198)[0m INFO:root:AGGREGATING MODELS...no_components 4
[2m[36m(ParallelModGrad pid=3742197)[0m INFO:root:epochs: 0, training task: 4
[2m[36m(ParallelModGrad pid=3742197)[0m INFO:root:	task: 0	loss: 0.69644370	acc: 0.500
[2m[36m(ParallelModGrad pid=3742197)[0m INFO:root:	task: 1	loss: 0.69027792	acc: 0.736
[2m[36m(ParallelModGrad pid=3742197)[0m INFO:root:	task: 2	loss: 0.69391556	acc: 0.500
[2m[36m(ParallelModGrad pid=3742197)[0m INFO:root:	task: 3	loss: 0.69390405	acc: 0.500
[2m[36m(ParallelModGrad pid=3742197)[0m INFO:root:	task: 4	loss: 0.69520694	acc: 0.474
[2m[36m(ParallelModGrad pid=3742197)[0m INFO:root:	task: avg	loss: 0.69394963	acc: 0.542
[2m[36m(ParallelModGrad pid=3742198)[0m INFO:root:epochs: 0, training task: 4
[2m[36m(ParallelModGrad pid=3742198)[0m INFO:root:	task: 0	loss: 0.69298708	acc: 0.500
[2m[36m(ParallelModGrad pid=3742198)[0m INFO:root:	task: 1	loss: 0.69032469	acc: 0.500
[2m[36m(ParallelModGrad pid=3742198)[0m INFO:root:	task: 2	loss: 0.69318230	acc: 0.500
[2m[36m(ParallelModGrad pid=3742198)[0m INFO:root:	task: 3	loss: 0.69320769	acc: 0.500
[2m[36m(ParallelModGrad pid=3742198)[0m INFO:root:	task: 4	loss: 0.69396801	acc: 0.500
[2m[36m(ParallelModGrad pid=3742198)[0m INFO:root:	task: avg	loss: 0.69273396	acc: 0.500
[2m[36m(ParallelModGrad pid=3742197)[0m INFO:root:epochs: 1, training task: 4
[2m[36m(ParallelModGrad pid=3742197)[0m INFO:root:	task: 0	loss: 0.69644370	acc: 0.500
[2m[36m(ParallelModGrad pid=3742197)[0m INFO:root:	task: 1	loss: 0.69027792	acc: 0.736
[2m[36m(ParallelModGrad pid=3742197)[0m INFO:root:	task: 2	loss: 0.69391556	acc: 0.500
[2m[36m(ParallelModGrad pid=3742197)[0m INFO:root:	task: 3	loss: 0.69390405	acc: 0.500
[2m[36m(ParallelModGrad pid=3742197)[0m INFO:root:	task: 4	loss: 0.69380173	acc: 0.500
[2m[36m(ParallelModGrad pid=3742197)[0m INFO:root:	task: avg	loss: 0.69366859	acc: 0.547
[2m[36m(ParallelModGrad pid=3742198)[0m INFO:root:epochs: 1, training task: 4
[2m[36m(ParallelModGrad pid=3742198)[0m INFO:root:	task: 0	loss: 0.69298708	acc: 0.500
[2m[36m(ParallelModGrad pid=3742198)[0m INFO:root:	task: 1	loss: 0.69032469	acc: 0.500
[2m[36m(ParallelModGrad pid=3742198)[0m INFO:root:	task: 2	loss: 0.69318230	acc: 0.500
[2m[36m(ParallelModGrad pid=3742198)[0m INFO:root:	task: 3	loss: 0.69320769	acc: 0.500
[2m[36m(ParallelModGrad pid=3742198)[0m INFO:root:	task: 4	loss: 0.69399727	acc: 0.500
[2m[36m(ParallelModGrad pid=3742198)[0m INFO:root:	task: avg	loss: 0.69273981	acc: 0.500
[2m[36m(ParallelModGrad pid=3742197)[0m INFO:root:AGGREGATING MODELS...no_components 5
[2m[36m(ParallelModGrad pid=3742198)[0m INFO:root:AGGREGATING MODELS...no_components 5
[2m[36m(ParallelModGrad pid=3742197)[0m INFO:root:epochs: 2, training task: 4
[2m[36m(ParallelModGrad pid=3742197)[0m INFO:root:	task: 0	loss: 0.69628938	acc: 0.500
[2m[36m(ParallelModGrad pid=3742197)[0m INFO:root:	task: 1	loss: 0.69011430	acc: 0.750
[2m[36m(ParallelModGrad pid=3742197)[0m INFO:root:	task: 2	loss: 0.69392454	acc: 0.500
[2m[36m(ParallelModGrad pid=3742197)[0m INFO:root:	task: 3	loss: 0.69405537	acc: 0.500
[2m[36m(ParallelModGrad pid=3742197)[0m INFO:root:	task: 4	loss: 0.69363146	acc: 0.500
[2m[36m(ParallelModGrad pid=3742197)[0m INFO:root:	task: avg	loss: 0.69360301	acc: 0.550
[2m[36m(ParallelModGrad pid=3742197)[0m INFO:root:AGGREGATING MODELS...no_components 5
[2m[36m(ParallelModGrad pid=3742198)[0m INFO:root:epochs: 2, training task: 4
[2m[36m(ParallelModGrad pid=3742198)[0m INFO:root:	task: 0	loss: 0.69284267	acc: 0.500
[2m[36m(ParallelModGrad pid=3742198)[0m INFO:root:	task: 1	loss: 0.69015509	acc: 0.500
[2m[36m(ParallelModGrad pid=3742198)[0m INFO:root:	task: 2	loss: 0.69314217	acc: 0.500
[2m[36m(ParallelModGrad pid=3742198)[0m INFO:root:	task: 3	loss: 0.69310627	acc: 0.500
[2m[36m(ParallelModGrad pid=3742198)[0m INFO:root:	task: 4	loss: 0.69384695	acc: 0.500
[2m[36m(ParallelModGrad pid=3742198)[0m INFO:root:	task: avg	loss: 0.69261863	acc: 0.500
[2m[36m(ParallelModGrad pid=3742198)[0m INFO:root:AGGREGATING MODELS...no_components 5
[2m[36m(ParallelModGrad pid=3742197)[0m INFO:root:epochs: 3, training task: 4
[2m[36m(ParallelModGrad pid=3742197)[0m INFO:root:	task: 0	loss: 0.69613573	acc: 0.500
[2m[36m(ParallelModGrad pid=3742197)[0m INFO:root:	task: 1	loss: 0.68995106	acc: 0.757
[2m[36m(ParallelModGrad pid=3742197)[0m INFO:root:	task: 2	loss: 0.69392920	acc: 0.500
[2m[36m(ParallelModGrad pid=3742197)[0m INFO:root:	task: 3	loss: 0.69422042	acc: 0.500
[2m[36m(ParallelModGrad pid=3742197)[0m INFO:root:	task: 4	loss: 0.69350677	acc: 0.500
[2m[36m(ParallelModGrad pid=3742197)[0m INFO:root:	task: avg	loss: 0.69354864	acc: 0.551
[2m[36m(ParallelModGrad pid=3742197)[0m INFO:root:AGGREGATING MODELS...no_components 5
[2m[36m(ParallelModGrad pid=3742198)[0m INFO:root:epochs: 3, training task: 4
[2m[36m(ParallelModGrad pid=3742198)[0m INFO:root:	task: 0	loss: 0.69269946	acc: 0.500
[2m[36m(ParallelModGrad pid=3742198)[0m INFO:root:	task: 1	loss: 0.68998681	acc: 0.500
[2m[36m(ParallelModGrad pid=3742198)[0m INFO:root:	task: 2	loss: 0.69311171	acc: 0.500
[2m[36m(ParallelModGrad pid=3742198)[0m INFO:root:	task: 3	loss: 0.69301854	acc: 0.500
[2m[36m(ParallelModGrad pid=3742198)[0m INFO:root:	task: 4	loss: 0.69382642	acc: 0.500
[2m[36m(ParallelModGrad pid=3742198)[0m INFO:root:	task: avg	loss: 0.69252859	acc: 0.500
[2m[36m(ParallelModGrad pid=3742198)[0m INFO:root:AGGREGATING MODELS...no_components 5
[2m[36m(ParallelModGrad pid=3742198)[0m INFO:root:epochs: 4, training task: 4
[2m[36m(ParallelModGrad pid=3742198)[0m INFO:root:	task: 0	loss: 0.69107116	acc: 0.500
[2m[36m(ParallelModGrad pid=3742198)[0m INFO:root:	task: 1	loss: 0.68449389	acc: 0.500
[2m[36m(ParallelModGrad pid=3742198)[0m INFO:root:	task: 2	loss: 0.69314014	acc: 0.519
[2m[36m(ParallelModGrad pid=3742198)[0m INFO:root:	task: 3	loss: 0.69192052	acc: 0.528
[2m[36m(ParallelModGrad pid=3742198)[0m INFO:root:	task: 4	loss: 0.69429736	acc: 0.500
[2m[36m(ParallelModGrad pid=3742198)[0m INFO:root:	task: avg	loss: 0.69098461	acc: 0.509
[2m[36m(ParallelModGrad pid=3742197)[0m INFO:root:epochs: 4, training task: 4
[2m[36m(ParallelModGrad pid=3742197)[0m INFO:root:	task: 0	loss: 0.69913355	acc: 0.500
[2m[36m(ParallelModGrad pid=3742197)[0m INFO:root:	task: 1	loss: 0.68645895	acc: 0.714
[2m[36m(ParallelModGrad pid=3742197)[0m INFO:root:	task: 2	loss: 0.69302193	acc: 0.500
[2m[36m(ParallelModGrad pid=3742197)[0m INFO:root:	task: 3	loss: 0.69453074	acc: 0.500
[2m[36m(ParallelModGrad pid=3742197)[0m INFO:root:	task: 4	loss: 0.69425089	acc: 0.500
[2m[36m(ParallelModGrad pid=3742197)[0m INFO:root:	task: avg	loss: 0.69347921	acc: 0.543
[2m[36m(ParallelModGrad pid=3742198)[0m INFO:root:candidate 4: W/update: 0.52, WO/update: 0.52, improv 0.0
[2m[36m(ParallelModGrad pid=3742198)[0m INFO:root:Not keeping any new modules. Total: 4
[2m[36m(ParallelModGrad pid=3742197)[0m INFO:root:candidate 4: W/update: 0.45, WO/update: 0.44, improv 0.02272727272727275
[2m[36m(ParallelModGrad pid=3742197)[0m INFO:root:Not keeping any new modules. Total: 4
[2m[36m(ParallelModGrad pid=3742198)[0m INFO:root:epochs: 5, training task: 4
[2m[36m(ParallelModGrad pid=3742198)[0m INFO:root:	task: 0	loss: 0.69107116	acc: 0.500
[2m[36m(ParallelModGrad pid=3742198)[0m INFO:root:	task: 1	loss: 0.68449389	acc: 0.500
[2m[36m(ParallelModGrad pid=3742198)[0m INFO:root:	task: 2	loss: 0.69314014	acc: 0.519
[2m[36m(ParallelModGrad pid=3742198)[0m INFO:root:	task: 3	loss: 0.69192052	acc: 0.528
[2m[36m(ParallelModGrad pid=3742198)[0m INFO:root:	task: 4	loss: 0.69470079	acc: 0.500
[2m[36m(ParallelModGrad pid=3742198)[0m INFO:root:	task: avg	loss: 0.69106530	acc: 0.509
[2m[36m(ParallelModGrad pid=3742197)[0m INFO:root:epochs: 5, training task: 4
[2m[36m(ParallelModGrad pid=3742197)[0m INFO:root:	task: 0	loss: 0.69913355	acc: 0.500
[2m[36m(ParallelModGrad pid=3742198)[0m INFO:root:final components: 4
[2m[36m(ParallelModGrad pid=3742197)[0m INFO:root:	task: 1	loss: 0.68645895	acc: 0.714
[2m[36m(ParallelModGrad pid=3742197)[0m INFO:root:	task: 2	loss: 0.69302193	acc: 0.500
[2m[36m(ParallelModGrad pid=3742197)[0m INFO:root:	task: 3	loss: 0.69453074	acc: 0.500
[2m[36m(ParallelModGrad pid=3742197)[0m INFO:root:	task: 4	loss: 0.69563334	acc: 0.500
[2m[36m(ParallelModGrad pid=3742197)[0m INFO:root:	task: avg	loss: 0.69375570	acc: 0.543
[2m[36m(ParallelModGrad pid=3742197)[0m INFO:root:final components: 4
[2m[36m(ParallelModGrad pid=3742197)[0m INFO:root:AGGREGATING MODELS...no_components 4
[2m[36m(ParallelModGrad pid=3742198)[0m INFO:root:AGGREGATING MODELS...no_components 4
[2m[36m(ParallelModGrad pid=3742197)[0m INFO:root:epochs: 0, training task: 5
[2m[36m(ParallelModGrad pid=3742197)[0m INFO:root:	task: 0	loss: 0.69853839	acc: 0.500
[2m[36m(ParallelModGrad pid=3742198)[0m INFO:root:epochs: 0, training task: 5
[2m[36m(ParallelModGrad pid=3742198)[0m INFO:root:	task: 0	loss: 0.69099622	acc: 0.500
[2m[36m(ParallelModGrad pid=3742198)[0m INFO:root:	task: 1	loss: 0.68448654	acc: 0.500
[2m[36m(ParallelModGrad pid=3742197)[0m INFO:root:	task: 1	loss: 0.68494528	acc: 0.758
[2m[36m(ParallelModGrad pid=3742197)[0m INFO:root:	task: 2	loss: 0.69312396	acc: 0.500
[2m[36m(ParallelModGrad pid=3742197)[0m INFO:root:	task: 3	loss: 0.69473725	acc: 0.500
[2m[36m(ParallelModGrad pid=3742197)[0m INFO:root:	task: 4	loss: 0.69535230	acc: 0.497
[2m[36m(ParallelModGrad pid=3742197)[0m INFO:root:	task: 5	loss: 0.69519293	acc: 0.498
[2m[36m(ParallelModGrad pid=3742197)[0m INFO:root:	task: avg	loss: 0.69364835	acc: 0.542
[2m[36m(ParallelModGrad pid=3742198)[0m INFO:root:	task: 2	loss: 0.69307039	acc: 0.517
[2m[36m(ParallelModGrad pid=3742198)[0m INFO:root:	task: 3	loss: 0.69212825	acc: 0.551
[2m[36m(ParallelModGrad pid=3742198)[0m INFO:root:	task: 4	loss: 0.69455556	acc: 0.500
[2m[36m(ParallelModGrad pid=3742198)[0m INFO:root:	task: 5	loss: 0.69561839	acc: 0.500
[2m[36m(ParallelModGrad pid=3742198)[0m INFO:root:	task: avg	loss: 0.69180923	acc: 0.511
[2m[36m(ParallelModGrad pid=3742198)[0m INFO:root:epochs: 1, training task: 5
[2m[36m(ParallelModGrad pid=3742198)[0m INFO:root:	task: 0	loss: 0.69099622	acc: 0.500
[2m[36m(ParallelModGrad pid=3742198)[0m INFO:root:	task: 1	loss: 0.68448654	acc: 0.500
[2m[36m(ParallelModGrad pid=3742198)[0m INFO:root:	task: 2	loss: 0.69307039	acc: 0.517
[2m[36m(ParallelModGrad pid=3742198)[0m INFO:root:	task: 3	loss: 0.69212825	acc: 0.551
[2m[36m(ParallelModGrad pid=3742198)[0m INFO:root:	task: 4	loss: 0.69455556	acc: 0.500
[2m[36m(ParallelModGrad pid=3742198)[0m INFO:root:	task: 5	loss: 0.69419224	acc: 0.500
[2m[36m(ParallelModGrad pid=3742198)[0m INFO:root:	task: avg	loss: 0.69157153	acc: 0.511
[2m[36m(ParallelModGrad pid=3742197)[0m INFO:root:epochs: 1, training task: 5
[2m[36m(ParallelModGrad pid=3742197)[0m INFO:root:	task: 0	loss: 0.69853839	acc: 0.500
[2m[36m(ParallelModGrad pid=3742197)[0m INFO:root:	task: 1	loss: 0.68494528	acc: 0.758
[2m[36m(ParallelModGrad pid=3742197)[0m INFO:root:	task: 2	loss: 0.69312396	acc: 0.500
[2m[36m(ParallelModGrad pid=3742197)[0m INFO:root:	task: 3	loss: 0.69473725	acc: 0.500
[2m[36m(ParallelModGrad pid=3742197)[0m INFO:root:	task: 4	loss: 0.69535230	acc: 0.497
[2m[36m(ParallelModGrad pid=3742197)[0m INFO:root:	task: 5	loss: 0.69384135	acc: 0.500
[2m[36m(ParallelModGrad pid=3742197)[0m INFO:root:	task: avg	loss: 0.69342309	acc: 0.543
[2m[36m(ParallelModGrad pid=3742197)[0m INFO:root:AGGREGATING MODELS...no_components 5
[2m[36m(ParallelModGrad pid=3742198)[0m INFO:root:AGGREGATING MODELS...no_components 5
[2m[36m(ParallelModGrad pid=3742197)[0m INFO:root:epochs: 2, training task: 5
[2m[36m(ParallelModGrad pid=3742197)[0m INFO:root:	task: 0	loss: 0.69805625	acc: 0.500
[2m[36m(ParallelModGrad pid=3742197)[0m INFO:root:	task: 1	loss: 0.68454583	acc: 0.754
[2m[36m(ParallelModGrad pid=3742197)[0m INFO:root:	task: 2	loss: 0.69298170	acc: 0.500
[2m[36m(ParallelModGrad pid=3742197)[0m INFO:root:	task: 3	loss: 0.69497292	acc: 0.500
[2m[36m(ParallelModGrad pid=3742197)[0m INFO:root:	task: 4	loss: 0.69506643	acc: 0.438
[2m[36m(ParallelModGrad pid=3742197)[0m INFO:root:	task: 5	loss: 0.69370585	acc: 0.500
[2m[36m(ParallelModGrad pid=3742197)[0m INFO:root:	task: avg	loss: 0.69322150	acc: 0.532
[2m[36m(ParallelModGrad pid=3742198)[0m INFO:root:epochs: 2, training task: 5
[2m[36m(ParallelModGrad pid=3742198)[0m INFO:root:	task: 0	loss: 0.69060448	acc: 0.500
[2m[36m(ParallelModGrad pid=3742198)[0m INFO:root:	task: 1	loss: 0.68399390	acc: 0.500
[2m[36m(ParallelModGrad pid=3742198)[0m INFO:root:	task: 2	loss: 0.69301465	acc: 0.501
[2m[36m(ParallelModGrad pid=3742198)[0m INFO:root:	task: 3	loss: 0.69209530	acc: 0.577
[2m[36m(ParallelModGrad pid=3742198)[0m INFO:root:	task: 4	loss: 0.69467735	acc: 0.500
[2m[36m(ParallelModGrad pid=3742198)[0m INFO:root:	task: 5	loss: 0.69309351	acc: 0.500
[2m[36m(ParallelModGrad pid=3742198)[0m INFO:root:	task: avg	loss: 0.69124653	acc: 0.513
[2m[36m(ParallelModGrad pid=3742198)[0m INFO:root:AGGREGATING MODELS...no_components 5
[2m[36m(ParallelModGrad pid=3742197)[0m INFO:root:AGGREGATING MODELS...no_components 5
[2m[36m(ParallelModGrad pid=3742197)[0m INFO:root:epochs: 3, training task: 5
[2m[36m(ParallelModGrad pid=3742197)[0m INFO:root:	task: 0	loss: 0.69755628	acc: 0.500
[2m[36m(ParallelModGrad pid=3742197)[0m INFO:root:	task: 1	loss: 0.68414474	acc: 0.752
[2m[36m(ParallelModGrad pid=3742197)[0m INFO:root:	task: 2	loss: 0.69283948	acc: 0.500
[2m[36m(ParallelModGrad pid=3742197)[0m INFO:root:	task: 3	loss: 0.69522491	acc: 0.500
[2m[36m(ParallelModGrad pid=3742197)[0m INFO:root:	task: 4	loss: 0.69478700	acc: 0.333
[2m[36m(ParallelModGrad pid=3742197)[0m INFO:root:	task: 5	loss: 0.69362754	acc: 0.500
[2m[36m(ParallelModGrad pid=3742197)[0m INFO:root:	task: avg	loss: 0.69302999	acc: 0.514
[2m[36m(ParallelModGrad pid=3742198)[0m INFO:root:epochs: 3, training task: 5
[2m[36m(ParallelModGrad pid=3742198)[0m INFO:root:	task: 0	loss: 0.69021366	acc: 0.500
[2m[36m(ParallelModGrad pid=3742198)[0m INFO:root:	task: 1	loss: 0.68350282	acc: 0.500
[2m[36m(ParallelModGrad pid=3742198)[0m INFO:root:	task: 2	loss: 0.69296347	acc: 0.500
[2m[36m(ParallelModGrad pid=3742198)[0m INFO:root:	task: 3	loss: 0.69207459	acc: 0.586
[2m[36m(ParallelModGrad pid=3742198)[0m INFO:root:	task: 4	loss: 0.69481430	acc: 0.500
[2m[36m(ParallelModGrad pid=3742198)[0m INFO:root:	task: 5	loss: 0.69198968	acc: 0.500
[2m[36m(ParallelModGrad pid=3742198)[0m INFO:root:	task: avg	loss: 0.69092642	acc: 0.514
[2m[36m(ParallelModGrad pid=3742197)[0m INFO:root:AGGREGATING MODELS...no_components 5
[2m[36m(ParallelModGrad pid=3742198)[0m INFO:root:AGGREGATING MODELS...no_components 5
[2m[36m(ParallelModGrad pid=3742197)[0m INFO:root:epochs: 4, training task: 5
[2m[36m(ParallelModGrad pid=3742197)[0m INFO:root:	task: 0	loss: 0.69785022	acc: 0.500
[2m[36m(ParallelModGrad pid=3742197)[0m INFO:root:	task: 1	loss: 0.67996910	acc: 0.768
[2m[36m(ParallelModGrad pid=3742197)[0m INFO:root:	task: 2	loss: 0.69071743	acc: 0.500
[2m[36m(ParallelModGrad pid=3742197)[0m INFO:root:	task: 3	loss: 0.69569318	acc: 0.500
[2m[36m(ParallelModGrad pid=3742197)[0m INFO:root:	task: 4	loss: 0.69540161	acc: 0.221
[2m[36m(ParallelModGrad pid=3742197)[0m INFO:root:	task: 5	loss: 0.69360172	acc: 0.500
[2m[36m(ParallelModGrad pid=3742197)[0m INFO:root:	task: avg	loss: 0.69220554	acc: 0.498
[2m[36m(ParallelModGrad pid=3742198)[0m INFO:root:epochs: 4, training task: 5
[2m[36m(ParallelModGrad pid=3742198)[0m INFO:root:	task: 0	loss: 0.68480514	acc: 0.500
[2m[36m(ParallelModGrad pid=3742198)[0m INFO:root:	task: 1	loss: 0.67204176	acc: 0.654
[2m[36m(ParallelModGrad pid=3742198)[0m INFO:root:	task: 2	loss: 0.69256462	acc: 0.502
[2m[36m(ParallelModGrad pid=3742198)[0m INFO:root:	task: 3	loss: 0.69051385	acc: 0.511
[2m[36m(ParallelModGrad pid=3742198)[0m INFO:root:	task: 4	loss: 0.69646113	acc: 0.500
[2m[36m(ParallelModGrad pid=3742198)[0m INFO:root:	task: 5	loss: 0.69007617	acc: 0.500
[2m[36m(ParallelModGrad pid=3742198)[0m INFO:root:	task: avg	loss: 0.68774378	acc: 0.528
[2m[36m(ParallelModGrad pid=3742197)[0m INFO:root:candidate 4: W/update: 0.55, WO/update: 0.55, improv 0.0
[2m[36m(ParallelModGrad pid=3742197)[0m INFO:root:Not keeping any new modules. Total: 4
[2m[36m(ParallelModGrad pid=3742198)[0m INFO:root:candidate 4: W/update: 0.55, WO/update: 0.55, improv 0.0
[2m[36m(ParallelModGrad pid=3742198)[0m INFO:root:Not keeping any new modules. Total: 4
[2m[36m(ParallelModGrad pid=3742197)[0m INFO:root:epochs: 5, training task: 5
[2m[36m(ParallelModGrad pid=3742197)[0m INFO:root:	task: 0	loss: 0.69785022	acc: 0.500
[2m[36m(ParallelModGrad pid=3742197)[0m INFO:root:	task: 1	loss: 0.67996910	acc: 0.768
[2m[36m(ParallelModGrad pid=3742197)[0m INFO:root:	task: 2	loss: 0.69071743	acc: 0.500
[2m[36m(ParallelModGrad pid=3742197)[0m INFO:root:	task: 3	loss: 0.69569318	acc: 0.500
[2m[36m(ParallelModGrad pid=3742197)[0m INFO:root:	task: 4	loss: 0.69540161	acc: 0.221
[2m[36m(ParallelModGrad pid=3742197)[0m INFO:root:	task: 5	loss: 0.69403761	acc: 0.505
[2m[36m(ParallelModGrad pid=3742197)[0m INFO:root:	task: avg	loss: 0.69227819	acc: 0.499
[2m[36m(ParallelModGrad pid=3742198)[0m INFO:root:epochs: 5, training task: 5
[2m[36m(ParallelModGrad pid=3742198)[0m INFO:root:	task: 0	loss: 0.68480514	acc: 0.500
[2m[36m(ParallelModGrad pid=3742198)[0m INFO:root:	task: 1	loss: 0.67204176	acc: 0.654
[2m[36m(ParallelModGrad pid=3742198)[0m INFO:root:	task: 2	loss: 0.69256462	acc: 0.502
[2m[36m(ParallelModGrad pid=3742198)[0m INFO:root:	task: 3	loss: 0.69051385	acc: 0.511
[2m[36m(ParallelModGrad pid=3742198)[0m INFO:root:	task: 4	loss: 0.69646113	acc: 0.500
[2m[36m(ParallelModGrad pid=3742198)[0m INFO:root:	task: 5	loss: 0.68519594	acc: 0.500
[2m[36m(ParallelModGrad pid=3742198)[0m INFO:root:	task: avg	loss: 0.68693041	acc: 0.528
[2m[36m(ParallelModGrad pid=3742198)[0m INFO:root:final components: 4
[2m[36m(ParallelModGrad pid=3742197)[0m INFO:root:final components: 4
[2m[36m(ParallelModGrad pid=3742197)[0m INFO:root:AGGREGATING MODELS...no_components 4
[2m[36m(ParallelModGrad pid=3742198)[0m INFO:root:AGGREGATING MODELS...no_components 4
[2m[36m(ParallelModGrad pid=3742197)[0m INFO:root:AGGREGATING MODELS...no_components 4
[2m[36m(ParallelModGrad pid=3742198)[0m INFO:root:AGGREGATING MODELS...no_components 4
[2m[36m(ParallelModGrad pid=3742197)[0m INFO:root:AGGREGATING MODELS...no_components 4
[2m[36m(ParallelModGrad pid=3742198)[0m INFO:root:AGGREGATING MODELS...no_components 4
[2m[36m(ParallelModGrad pid=3742197)[0m INFO:root:AGGREGATING MODELS...no_components 4
[2m[36m(ParallelModGrad pid=3742198)[0m INFO:root:AGGREGATING MODELS...no_components 4
[2m[36m(ParallelModGrad pid=3742197)[0m INFO:root:AGGREGATING MODELS...no_components 4
[2m[36m(ParallelModGrad pid=3742198)[0m INFO:root:AGGREGATING MODELS...no_components 4
Error executing job with overrides: ['algo=modular', 'seed=2', 'parallel=True', 'agent.batch_size=64', 'num_agents=2', 'dataset=kmnist', 'dataset.num_trains_per_class=64', 'dataset.num_vals_per_class=50', 'dataset.remap_labels=True', 'dataset.with_replacement=True', 'dataset.num_tasks=10', 'net=mlp', 'net.depth=4', 'num_init_tasks=4', 'net.dropout=0.0', 'train.num_epochs=4', 'train.component_update_freq=4', 'train.init_num_epochs=4', 'train.init_component_update_freq=4', 'train.save_freq=1', 'agent.use_contrastive=True', 'agent.memory_size=32', 'root_save_dir=experiment_results/fedavg/', 'sharing_strategy=grad_sharing', 'sharing_strategy.comm_freq=1', 'train=modular', 'job_name=kmnist_modular_numtrain_64_contrastive']
Traceback (most recent call last):
  File "/home/vlongle/learning-hive/experiments/run.py", line 41, in main
    fleet.train_and_comm(task_id)
  File "/home/vlongle/learning-hive/src/shell/fleet/fleet.py", line 325, in train_and_comm
    self.communicate(task_id if not final else task_id + 1,
  File "/home/vlongle/learning-hive/src/shell/fleet/fleet.py", line 343, in communicate
    ray.get([agent.process_communicate.remote(task_id, communication_round)
  File "/mnt/kostas-graid/sw/envs/vlongle/miniconda3/envs/shell/lib/python3.10/site-packages/ray/_private/client_mode_hook.py", line 105, in wrapper
    return func(*args, **kwargs)
  File "/mnt/kostas-graid/sw/envs/vlongle/miniconda3/envs/shell/lib/python3.10/site-packages/ray/_private/worker.py", line 2380, in get
    raise value.as_instanceof_cause()
ray.exceptions.RayTaskError(AssertionError): [36mray::ParallelModGrad.process_communicate()[39m (pid=3742198, ip=192.168.141.68, repr=<shell.fleet.grad.modgrad.ParallelModGrad object at 0x7f89b13cf100>)
  File "/home/vlongle/learning-hive/src/shell/fleet/grad/modgrad.py", line 61, in process_communicate
    self.reoptimize_past_structures(task_id, communication_round)
  File "/home/vlongle/learning-hive/src/shell/fleet/grad/modgrad.py", line 70, in reoptimize_past_structures
    assert len(self.agent.memory_loaders.values()) == task_id, f"task_id: {task_id}, len(self.agent.memory_loaders.values()): {len(self.agent.memory_loaders.values())}"
AssertionError: task_id: 7, len(self.agent.memory_loaders.values()): 6

Set the environment variable HYDRA_FULL_ERROR=1 for a complete stack trace.
slurmstepd: error: *** JOB 130106 ON ee-a6000-1.grasp.maas CANCELLED AT 2023-10-17T22:52:27 ***
slurmstepd: error: *** STEP 130106.0 ON ee-a6000-1.grasp.maas CANCELLED AT 2023-10-17T22:52:27 ***
