/mnt/kostas-graid/sw/envs/vlongle/miniconda3/envs/shell/lib/python3.10/site-packages/hydra/_internal/defaults_list.py:251: UserWarning: In 'config': Defaults list is missing `_self_`. See https://hydra.cc/docs/1.2/upgrades/1.0_to_1.1/default_composition_order for more information
  warnings.warn(msg, UserWarning)
2023-10-17 22:49:16,762	INFO worker.py:1544 -- Started a local Ray instance. View the dashboard at [1m[32m127.0.0.1:8265 [39m[22m
[2m[36m(ParallelModGrad pid=3940823)[0m INFO:root:Agent: node_id: 69420, seed: 69420000
[2m[36m(ParallelModGrad pid=3940823)[0m INFO:root:epochs: 0, training task: 0
[2m[36m(ParallelModGrad pid=3940823)[0m INFO:root:	task: 0	loss: 0.69291717	acc: 0.518
[2m[36m(ParallelModGrad pid=3940823)[0m INFO:root:	task: avg	loss: 0.69291717	acc: 0.518
[2m[36m(ParallelModGrad pid=3940823)[0m INFO:root:epochs: 0, training task: 0
[2m[36m(ParallelModGrad pid=3940823)[0m INFO:root:	task: 0	loss: 0.69291717	acc: 0.518
[2m[36m(ParallelModGrad pid=3940823)[0m INFO:root:	task: avg	loss: 0.69291717	acc: 0.518
[2m[36m(ParallelModGrad pid=3940823)[0m INFO:root:final components: 4
[2m[36m(ParallelModGrad pid=3940823)[0m INFO:root:epochs: 0, training task: 1
[2m[36m(ParallelModGrad pid=3940823)[0m INFO:root:	task: 0	loss: 0.69291717	acc: 0.518
[2m[36m(ParallelModGrad pid=3940823)[0m INFO:root:	task: 1	loss: 0.69440245	acc: 0.513
[2m[36m(ParallelModGrad pid=3940823)[0m INFO:root:	task: avg	loss: 0.69365981	acc: 0.516
[2m[36m(ParallelModGrad pid=3940823)[0m INFO:root:epochs: 0, training task: 1
[2m[36m(ParallelModGrad pid=3940823)[0m INFO:root:	task: 0	loss: 0.69291717	acc: 0.518
[2m[36m(ParallelModGrad pid=3940823)[0m INFO:root:	task: 1	loss: 0.69440245	acc: 0.513
[2m[36m(ParallelModGrad pid=3940823)[0m INFO:root:	task: avg	loss: 0.69365981	acc: 0.516
[2m[36m(ParallelModGrad pid=3940823)[0m INFO:root:final components: 4
[2m[36m(ParallelModGrad pid=3940823)[0m INFO:root:epochs: 0, training task: 2
[2m[36m(ParallelModGrad pid=3940823)[0m INFO:root:	task: 0	loss: 0.69291717	acc: 0.518
[2m[36m(ParallelModGrad pid=3940823)[0m INFO:root:	task: 1	loss: 0.69440245	acc: 0.513
[2m[36m(ParallelModGrad pid=3940823)[0m INFO:root:	task: 2	loss: 0.69077295	acc: 0.536
[2m[36m(ParallelModGrad pid=3940823)[0m INFO:root:	task: avg	loss: 0.69269752	acc: 0.522
[2m[36m(ParallelModGrad pid=3940823)[0m INFO:root:epochs: 0, training task: 2
[2m[36m(ParallelModGrad pid=3940823)[0m INFO:root:	task: 0	loss: 0.69291717	acc: 0.518
[2m[36m(ParallelModGrad pid=3940823)[0m INFO:root:	task: 1	loss: 0.69440245	acc: 0.513
[2m[36m(ParallelModGrad pid=3940823)[0m INFO:root:	task: 2	loss: 0.69077295	acc: 0.536
[2m[36m(ParallelModGrad pid=3940823)[0m INFO:root:	task: avg	loss: 0.69269752	acc: 0.522
[2m[36m(ParallelModGrad pid=3940823)[0m INFO:root:final components: 4
[2m[36m(ParallelModGrad pid=3940823)[0m INFO:root:epochs: 0, training task: 3
[2m[36m(ParallelModGrad pid=3940823)[0m INFO:root:	task: 0	loss: 0.69291717	acc: 0.518
[2m[36m(ParallelModGrad pid=3940823)[0m INFO:root:	task: 1	loss: 0.69440245	acc: 0.513
[2m[36m(ParallelModGrad pid=3940823)[0m INFO:root:	task: 2	loss: 0.69077295	acc: 0.536
[2m[36m(ParallelModGrad pid=3940823)[0m INFO:root:	task: 3	loss: 0.69651626	acc: 0.462
[2m[36m(ParallelModGrad pid=3940823)[0m INFO:root:	task: avg	loss: 0.69365221	acc: 0.507
[2m[36m(ParallelModGrad pid=3940823)[0m INFO:root:epochs: 1, training task: 3
[2m[36m(ParallelModGrad pid=3940823)[0m INFO:root:	task: 0	loss: 0.69257183	acc: 0.518
[2m[36m(ParallelModGrad pid=3940823)[0m INFO:root:	task: 1	loss: 0.69480430	acc: 0.513
[2m[36m(ParallelModGrad pid=3940823)[0m INFO:root:	task: 2	loss: 0.68934422	acc: 0.536
[2m[36m(ParallelModGrad pid=3940823)[0m INFO:root:	task: 3	loss: 0.69599515	acc: 0.462
[2m[36m(ParallelModGrad pid=3940823)[0m INFO:root:	task: avg	loss: 0.69317888	acc: 0.507
[2m[36m(ParallelModGrad pid=3940823)[0m INFO:root:epochs: 2, training task: 3
[2m[36m(ParallelModGrad pid=3940823)[0m INFO:root:	task: 0	loss: 0.69205314	acc: 0.518
[2m[36m(ParallelModGrad pid=3940823)[0m INFO:root:	task: 1	loss: 0.69589923	acc: 0.513
[2m[36m(ParallelModGrad pid=3940823)[0m INFO:root:	task: 2	loss: 0.68677660	acc: 0.536
[2m[36m(ParallelModGrad pid=3940823)[0m INFO:root:	task: 3	loss: 0.69581329	acc: 0.462
[2m[36m(ParallelModGrad pid=3940823)[0m INFO:root:	task: avg	loss: 0.69263557	acc: 0.507
[2m[36m(ParallelModGrad pid=3940823)[0m INFO:root:epochs: 3, training task: 3
[2m[36m(ParallelModGrad pid=3940823)[0m INFO:root:	task: 0	loss: 0.69096652	acc: 0.947
[2m[36m(ParallelModGrad pid=3940823)[0m INFO:root:	task: 1	loss: 0.69717217	acc: 0.513
[2m[36m(ParallelModGrad pid=3940823)[0m INFO:root:	task: 2	loss: 0.68201692	acc: 0.536
[2m[36m(ParallelModGrad pid=3940823)[0m INFO:root:	task: 3	loss: 0.69534956	acc: 0.462
[2m[36m(ParallelModGrad pid=3940823)[0m INFO:root:	task: avg	loss: 0.69137629	acc: 0.615
[2m[36m(ParallelModGrad pid=3940823)[0m INFO:root:epochs: 4, training task: 3
[2m[36m(ParallelModGrad pid=3940823)[0m INFO:root:	task: 0	loss: 0.68903864	acc: 0.822
[2m[36m(ParallelModGrad pid=3940823)[0m INFO:root:	task: 1	loss: 0.69859053	acc: 0.513
[2m[36m(ParallelModGrad pid=3940823)[0m INFO:root:	task: 2	loss: 0.67385809	acc: 0.536
[2m[36m(ParallelModGrad pid=3940823)[0m INFO:root:	task: 3	loss: 0.69448474	acc: 0.462
[2m[36m(ParallelModGrad pid=3940823)[0m INFO:root:	task: avg	loss: 0.68899300	acc: 0.583
[2m[36m(ParallelModGrad pid=3940823)[0m INFO:root:epochs: 5, training task: 3
[2m[36m(ParallelModGrad pid=3940823)[0m INFO:root:	task: 0	loss: 0.68903864	acc: 0.822
[2m[36m(ParallelModGrad pid=3940823)[0m INFO:root:	task: 1	loss: 0.69859053	acc: 0.513
[2m[36m(ParallelModGrad pid=3940823)[0m INFO:root:	task: 2	loss: 0.67385809	acc: 0.536
[2m[36m(ParallelModGrad pid=3940823)[0m INFO:root:	task: 3	loss: 0.69448474	acc: 0.462
[2m[36m(ParallelModGrad pid=3940823)[0m INFO:root:	task: avg	loss: 0.68899300	acc: 0.583
[2m[36m(ParallelModGrad pid=3940823)[0m INFO:root:final components: 4
[2m[36m(ParallelModGrad pid=3969261)[0m INFO:root:Agent: node_id: 0, seed: 0
[2m[36m(ParallelModGrad pid=3969262)[0m INFO:root:Agent: node_id: 1, seed: 1000
[2m[36m(ParallelModGrad pid=3969261)[0m INFO:root:epochs: 0, training task: 0
[2m[36m(ParallelModGrad pid=3969261)[0m INFO:root:	task: 0	loss: 0.69226312	acc: 0.524
[2m[36m(ParallelModGrad pid=3969261)[0m INFO:root:	task: avg	loss: 0.69226312	acc: 0.524
[2m[36m(ParallelModGrad pid=3969262)[0m INFO:root:epochs: 0, training task: 0
[2m[36m(ParallelModGrad pid=3969262)[0m INFO:root:	task: 0	loss: 0.69537833	acc: 0.511
[2m[36m(ParallelModGrad pid=3969262)[0m INFO:root:	task: avg	loss: 0.69537833	acc: 0.511
[2m[36m(ParallelModGrad pid=3969261)[0m INFO:root:epochs: 1, training task: 0
[2m[36m(ParallelModGrad pid=3969261)[0m INFO:root:	task: 0	loss: 0.69256719	acc: 0.524
[2m[36m(ParallelModGrad pid=3969261)[0m INFO:root:	task: avg	loss: 0.69256719	acc: 0.524
[2m[36m(ParallelModGrad pid=3969262)[0m INFO:root:epochs: 1, training task: 0
[2m[36m(ParallelModGrad pid=3969262)[0m INFO:root:	task: 0	loss: 0.69486517	acc: 0.511
[2m[36m(ParallelModGrad pid=3969262)[0m INFO:root:	task: avg	loss: 0.69486517	acc: 0.511
[2m[36m(ParallelModGrad pid=3969262)[0m INFO:root:AGGREGATING MODELS...no_components 5
[2m[36m(ParallelModGrad pid=3969261)[0m INFO:root:AGGREGATING MODELS...no_components 5
[2m[36m(ParallelModGrad pid=3969261)[0m INFO:root:epochs: 2, training task: 0
[2m[36m(ParallelModGrad pid=3969261)[0m INFO:root:	task: 0	loss: 0.69282599	acc: 0.524
[2m[36m(ParallelModGrad pid=3969261)[0m INFO:root:	task: avg	loss: 0.69282599	acc: 0.524
[2m[36m(ParallelModGrad pid=3969261)[0m INFO:root:AGGREGATING MODELS...no_components 5
[2m[36m(ParallelModGrad pid=3969262)[0m INFO:root:epochs: 2, training task: 0
[2m[36m(ParallelModGrad pid=3969262)[0m INFO:root:	task: 0	loss: 0.69455963	acc: 0.511
[2m[36m(ParallelModGrad pid=3969262)[0m INFO:root:	task: avg	loss: 0.69455963	acc: 0.511
[2m[36m(ParallelModGrad pid=3969262)[0m INFO:root:AGGREGATING MODELS...no_components 5
[2m[36m(ParallelModGrad pid=3969262)[0m INFO:root:epochs: 3, training task: 0
[2m[36m(ParallelModGrad pid=3969262)[0m INFO:root:	task: 0	loss: 0.69424842	acc: 0.511
[2m[36m(ParallelModGrad pid=3969262)[0m INFO:root:	task: avg	loss: 0.69424842	acc: 0.511
[2m[36m(ParallelModGrad pid=3969261)[0m INFO:root:epochs: 3, training task: 0
[2m[36m(ParallelModGrad pid=3969261)[0m INFO:root:	task: 0	loss: 0.69295543	acc: 0.524
[2m[36m(ParallelModGrad pid=3969261)[0m INFO:root:	task: avg	loss: 0.69295543	acc: 0.524
[2m[36m(ParallelModGrad pid=3969261)[0m INFO:root:AGGREGATING MODELS...no_components 5
[2m[36m(ParallelModGrad pid=3969262)[0m INFO:root:AGGREGATING MODELS...no_components 5
[2m[36m(ParallelModGrad pid=3969261)[0m INFO:root:epochs: 4, training task: 0
[2m[36m(ParallelModGrad pid=3969261)[0m INFO:root:	task: 0	loss: 0.69305591	acc: 0.524
[2m[36m(ParallelModGrad pid=3969261)[0m INFO:root:	task: avg	loss: 0.69305591	acc: 0.524
[2m[36m(ParallelModGrad pid=3969262)[0m INFO:root:epochs: 4, training task: 0
[2m[36m(ParallelModGrad pid=3969262)[0m INFO:root:	task: 0	loss: 0.69423127	acc: 0.511
[2m[36m(ParallelModGrad pid=3969262)[0m INFO:root:	task: avg	loss: 0.69423127	acc: 0.511
[2m[36m(ParallelModGrad pid=3969261)[0m INFO:root:candidate 4: W/update: 0.52, WO/update: 0.52, improv 0.0
[2m[36m(ParallelModGrad pid=3969261)[0m INFO:root:Not keeping any new modules. Total: 4
[2m[36m(ParallelModGrad pid=3969262)[0m INFO:root:candidate 4: W/update: 0.54, WO/update: 0.54, improv 0.0
[2m[36m(ParallelModGrad pid=3969262)[0m INFO:root:Not keeping any new modules. Total: 4
[2m[36m(ParallelModGrad pid=3969261)[0m INFO:root:epochs: 5, training task: 0
[2m[36m(ParallelModGrad pid=3969261)[0m INFO:root:	task: 0	loss: 0.69298843	acc: 0.524
[2m[36m(ParallelModGrad pid=3969261)[0m INFO:root:	task: avg	loss: 0.69298843	acc: 0.524
[2m[36m(ParallelModGrad pid=3969262)[0m INFO:root:epochs: 5, training task: 0
[2m[36m(ParallelModGrad pid=3969262)[0m INFO:root:	task: 0	loss: 0.69398007	acc: 0.511
[2m[36m(ParallelModGrad pid=3969262)[0m INFO:root:	task: avg	loss: 0.69398007	acc: 0.511
[2m[36m(ParallelModGrad pid=3969261)[0m INFO:root:final components: 4
[2m[36m(ParallelModGrad pid=3969262)[0m INFO:root:final components: 4
[2m[36m(ParallelModGrad pid=3969261)[0m INFO:root:AGGREGATING MODELS...no_components 4
[2m[36m(ParallelModGrad pid=3969262)[0m INFO:root:AGGREGATING MODELS...no_components 4
[2m[36m(ParallelModGrad pid=3969261)[0m INFO:root:epochs: 0, training task: 1
[2m[36m(ParallelModGrad pid=3969261)[0m INFO:root:	task: 0	loss: 0.69278650	acc: 0.524
[2m[36m(ParallelModGrad pid=3969261)[0m INFO:root:	task: 1	loss: 0.69312578	acc: 0.507
[2m[36m(ParallelModGrad pid=3969261)[0m INFO:root:	task: avg	loss: 0.69295614	acc: 0.515
[2m[36m(ParallelModGrad pid=3969262)[0m INFO:root:epochs: 0, training task: 1
[2m[36m(ParallelModGrad pid=3969262)[0m INFO:root:	task: 0	loss: 0.69382323	acc: 0.511
[2m[36m(ParallelModGrad pid=3969262)[0m INFO:root:	task: 1	loss: 0.69414154	acc: 0.465
[2m[36m(ParallelModGrad pid=3969262)[0m INFO:root:	task: avg	loss: 0.69398238	acc: 0.488
[2m[36m(ParallelModGrad pid=3969261)[0m INFO:root:epochs: 1, training task: 1
[2m[36m(ParallelModGrad pid=3969261)[0m INFO:root:	task: 0	loss: 0.69278650	acc: 0.524
[2m[36m(ParallelModGrad pid=3969261)[0m INFO:root:	task: 1	loss: 0.69307618	acc: 0.507
[2m[36m(ParallelModGrad pid=3969261)[0m INFO:root:	task: avg	loss: 0.69293134	acc: 0.515
[2m[36m(ParallelModGrad pid=3969261)[0m INFO:root:AGGREGATING MODELS...no_components 5
[2m[36m(ParallelModGrad pid=3969262)[0m INFO:root:epochs: 1, training task: 1
[2m[36m(ParallelModGrad pid=3969262)[0m INFO:root:	task: 0	loss: 0.69382323	acc: 0.511
[2m[36m(ParallelModGrad pid=3969262)[0m INFO:root:	task: 1	loss: 0.69309808	acc: 0.535
[2m[36m(ParallelModGrad pid=3969262)[0m INFO:root:	task: avg	loss: 0.69346066	acc: 0.523
[2m[36m(ParallelModGrad pid=3969262)[0m INFO:root:AGGREGATING MODELS...no_components 5
[2m[36m(ParallelModGrad pid=3969261)[0m INFO:root:epochs: 2, training task: 1
[2m[36m(ParallelModGrad pid=3969261)[0m INFO:root:	task: 0	loss: 0.69266904	acc: 0.524
[2m[36m(ParallelModGrad pid=3969261)[0m INFO:root:	task: 1	loss: 0.69305009	acc: 0.507
[2m[36m(ParallelModGrad pid=3969261)[0m INFO:root:	task: avg	loss: 0.69285957	acc: 0.515
[2m[36m(ParallelModGrad pid=3969262)[0m INFO:root:epochs: 2, training task: 1
[2m[36m(ParallelModGrad pid=3969262)[0m INFO:root:	task: 0	loss: 0.69367895	acc: 0.511
[2m[36m(ParallelModGrad pid=3969262)[0m INFO:root:	task: 1	loss: 0.69294120	acc: 0.535
[2m[36m(ParallelModGrad pid=3969262)[0m INFO:root:	task: avg	loss: 0.69331007	acc: 0.523
[2m[36m(ParallelModGrad pid=3969261)[0m INFO:root:AGGREGATING MODELS...no_components 5
[2m[36m(ParallelModGrad pid=3969262)[0m INFO:root:AGGREGATING MODELS...no_components 5
[2m[36m(ParallelModGrad pid=3969261)[0m INFO:root:epochs: 3, training task: 1
[2m[36m(ParallelModGrad pid=3969261)[0m INFO:root:	task: 0	loss: 0.69256325	acc: 0.524
[2m[36m(ParallelModGrad pid=3969261)[0m INFO:root:	task: 1	loss: 0.69305200	acc: 0.507
[2m[36m(ParallelModGrad pid=3969261)[0m INFO:root:	task: avg	loss: 0.69280763	acc: 0.515
[2m[36m(ParallelModGrad pid=3969261)[0m INFO:root:AGGREGATING MODELS...no_components 5
[2m[36m(ParallelModGrad pid=3969262)[0m INFO:root:epochs: 3, training task: 1
[2m[36m(ParallelModGrad pid=3969262)[0m INFO:root:	task: 0	loss: 0.69354672	acc: 0.511
[2m[36m(ParallelModGrad pid=3969262)[0m INFO:root:	task: 1	loss: 0.69255393	acc: 0.535
[2m[36m(ParallelModGrad pid=3969262)[0m INFO:root:	task: avg	loss: 0.69305032	acc: 0.523
[2m[36m(ParallelModGrad pid=3969262)[0m INFO:root:AGGREGATING MODELS...no_components 5
[2m[36m(ParallelModGrad pid=3969261)[0m INFO:root:epochs: 4, training task: 1
[2m[36m(ParallelModGrad pid=3969261)[0m INFO:root:	task: 0	loss: 0.69270099	acc: 0.524
[2m[36m(ParallelModGrad pid=3969261)[0m INFO:root:	task: 1	loss: 0.69303883	acc: 0.507
[2m[36m(ParallelModGrad pid=3969261)[0m INFO:root:	task: avg	loss: 0.69286991	acc: 0.515
[2m[36m(ParallelModGrad pid=3969262)[0m INFO:root:epochs: 4, training task: 1
[2m[36m(ParallelModGrad pid=3969262)[0m INFO:root:	task: 0	loss: 0.69333448	acc: 0.511
[2m[36m(ParallelModGrad pid=3969262)[0m INFO:root:	task: 1	loss: 0.69267430	acc: 0.535
[2m[36m(ParallelModGrad pid=3969262)[0m INFO:root:	task: avg	loss: 0.69300439	acc: 0.523
[2m[36m(ParallelModGrad pid=3969261)[0m INFO:root:candidate 4: W/update: 0.53, WO/update: 0.53, improv 0.0
[2m[36m(ParallelModGrad pid=3969261)[0m INFO:root:Not keeping any new modules. Total: 4
[2m[36m(ParallelModGrad pid=3969262)[0m INFO:root:candidate 4: W/update: 0.56, WO/update: 0.56, improv 0.0
[2m[36m(ParallelModGrad pid=3969262)[0m INFO:root:Not keeping any new modules. Total: 4
[2m[36m(ParallelModGrad pid=3969261)[0m INFO:root:epochs: 5, training task: 1
[2m[36m(ParallelModGrad pid=3969261)[0m INFO:root:	task: 0	loss: 0.69270099	acc: 0.524
[2m[36m(ParallelModGrad pid=3969261)[0m INFO:root:	task: 1	loss: 0.69301176	acc: 0.507
[2m[36m(ParallelModGrad pid=3969261)[0m INFO:root:	task: avg	loss: 0.69285638	acc: 0.515
[2m[36m(ParallelModGrad pid=3969262)[0m INFO:root:epochs: 5, training task: 1
[2m[36m(ParallelModGrad pid=3969262)[0m INFO:root:	task: 0	loss: 0.69333448	acc: 0.511
[2m[36m(ParallelModGrad pid=3969262)[0m INFO:root:	task: 1	loss: 0.69276685	acc: 0.535
[2m[36m(ParallelModGrad pid=3969262)[0m INFO:root:	task: avg	loss: 0.69305066	acc: 0.523
[2m[36m(ParallelModGrad pid=3969261)[0m INFO:root:final components: 4
[2m[36m(ParallelModGrad pid=3969262)[0m INFO:root:final components: 4
[2m[36m(ParallelModGrad pid=3969261)[0m INFO:root:AGGREGATING MODELS...no_components 4
[2m[36m(ParallelModGrad pid=3969262)[0m INFO:root:AGGREGATING MODELS...no_components 4
[2m[36m(ParallelModGrad pid=3969261)[0m INFO:root:epochs: 0, training task: 2
[2m[36m(ParallelModGrad pid=3969261)[0m INFO:root:	task: 0	loss: 0.69256411	acc: 0.524
[2m[36m(ParallelModGrad pid=3969261)[0m INFO:root:	task: 1	loss: 0.69304518	acc: 0.507
[2m[36m(ParallelModGrad pid=3969261)[0m INFO:root:	task: 2	loss: 0.69739567	acc: 0.494
[2m[36m(ParallelModGrad pid=3969261)[0m INFO:root:	task: avg	loss: 0.69433499	acc: 0.508
[2m[36m(ParallelModGrad pid=3969262)[0m INFO:root:epochs: 0, training task: 2
[2m[36m(ParallelModGrad pid=3969262)[0m INFO:root:	task: 0	loss: 0.69328051	acc: 0.511
[2m[36m(ParallelModGrad pid=3969262)[0m INFO:root:	task: 1	loss: 0.69255164	acc: 0.535
[2m[36m(ParallelModGrad pid=3969262)[0m INFO:root:	task: 2	loss: 0.69337727	acc: 0.494
[2m[36m(ParallelModGrad pid=3969262)[0m INFO:root:	task: avg	loss: 0.69306981	acc: 0.514
[2m[36m(ParallelModGrad pid=3969261)[0m INFO:root:epochs: 1, training task: 2
[2m[36m(ParallelModGrad pid=3969261)[0m INFO:root:	task: 0	loss: 0.69256411	acc: 0.524
[2m[36m(ParallelModGrad pid=3969261)[0m INFO:root:	task: 1	loss: 0.69304518	acc: 0.507
[2m[36m(ParallelModGrad pid=3969261)[0m INFO:root:	task: 2	loss: 0.69795629	acc: 0.494
[2m[36m(ParallelModGrad pid=3969261)[0m INFO:root:	task: avg	loss: 0.69452186	acc: 0.508
[2m[36m(ParallelModGrad pid=3969261)[0m INFO:root:AGGREGATING MODELS...no_components 5
[2m[36m(ParallelModGrad pid=3969262)[0m INFO:root:epochs: 1, training task: 2
[2m[36m(ParallelModGrad pid=3969262)[0m INFO:root:	task: 0	loss: 0.69328051	acc: 0.511
[2m[36m(ParallelModGrad pid=3969262)[0m INFO:root:	task: 1	loss: 0.69255164	acc: 0.535
[2m[36m(ParallelModGrad pid=3969262)[0m INFO:root:	task: 2	loss: 0.69336921	acc: 0.494
[2m[36m(ParallelModGrad pid=3969262)[0m INFO:root:	task: avg	loss: 0.69306712	acc: 0.514
[2m[36m(ParallelModGrad pid=3969262)[0m INFO:root:AGGREGATING MODELS...no_components 5
[2m[36m(ParallelModGrad pid=3969261)[0m INFO:root:epochs: 2, training task: 2
[2m[36m(ParallelModGrad pid=3969261)[0m INFO:root:	task: 0	loss: 0.69248215	acc: 0.524
[2m[36m(ParallelModGrad pid=3969261)[0m INFO:root:	task: 1	loss: 0.69306820	acc: 0.507
[2m[36m(ParallelModGrad pid=3969261)[0m INFO:root:	task: 2	loss: 0.69755933	acc: 0.494
[2m[36m(ParallelModGrad pid=3969261)[0m INFO:root:	task: avg	loss: 0.69436989	acc: 0.508
[2m[36m(ParallelModGrad pid=3969261)[0m INFO:root:AGGREGATING MODELS...no_components 5
[2m[36m(ParallelModGrad pid=3969262)[0m INFO:root:epochs: 2, training task: 2
[2m[36m(ParallelModGrad pid=3969262)[0m INFO:root:	task: 0	loss: 0.69318313	acc: 0.511
[2m[36m(ParallelModGrad pid=3969262)[0m INFO:root:	task: 1	loss: 0.69234846	acc: 0.535
[2m[36m(ParallelModGrad pid=3969262)[0m INFO:root:	task: 2	loss: 0.69348037	acc: 0.494
[2m[36m(ParallelModGrad pid=3969262)[0m INFO:root:	task: avg	loss: 0.69300399	acc: 0.514
[2m[36m(ParallelModGrad pid=3969262)[0m INFO:root:AGGREGATING MODELS...no_components 5
[2m[36m(ParallelModGrad pid=3969261)[0m INFO:root:epochs: 3, training task: 2
[2m[36m(ParallelModGrad pid=3969261)[0m INFO:root:	task: 0	loss: 0.69241216	acc: 0.524
[2m[36m(ParallelModGrad pid=3969261)[0m INFO:root:	task: 1	loss: 0.69310340	acc: 0.507
[2m[36m(ParallelModGrad pid=3969261)[0m INFO:root:	task: 2	loss: 0.69693194	acc: 0.494
[2m[36m(ParallelModGrad pid=3969261)[0m INFO:root:	task: avg	loss: 0.69414917	acc: 0.508
[2m[36m(ParallelModGrad pid=3969261)[0m INFO:root:AGGREGATING MODELS...no_components 5
[2m[36m(ParallelModGrad pid=3969262)[0m INFO:root:epochs: 3, training task: 2
[2m[36m(ParallelModGrad pid=3969262)[0m INFO:root:	task: 0	loss: 0.69309790	acc: 0.511
[2m[36m(ParallelModGrad pid=3969262)[0m INFO:root:	task: 1	loss: 0.69215808	acc: 0.535
[2m[36m(ParallelModGrad pid=3969262)[0m INFO:root:	task: 2	loss: 0.69347587	acc: 0.494
[2m[36m(ParallelModGrad pid=3969262)[0m INFO:root:	task: avg	loss: 0.69291062	acc: 0.514
[2m[36m(ParallelModGrad pid=3969262)[0m INFO:root:AGGREGATING MODELS...no_components 5
[2m[36m(ParallelModGrad pid=3969261)[0m INFO:root:epochs: 4, training task: 2
[2m[36m(ParallelModGrad pid=3969261)[0m INFO:root:	task: 0	loss: 0.69274839	acc: 0.524
[2m[36m(ParallelModGrad pid=3969261)[0m INFO:root:	task: 1	loss: 0.69313691	acc: 0.493
[2m[36m(ParallelModGrad pid=3969261)[0m INFO:root:	task: 2	loss: 0.69681320	acc: 0.494
[2m[36m(ParallelModGrad pid=3969261)[0m INFO:root:	task: avg	loss: 0.69423283	acc: 0.503
[2m[36m(ParallelModGrad pid=3969262)[0m INFO:root:epochs: 4, training task: 2
[2m[36m(ParallelModGrad pid=3969262)[0m INFO:root:	task: 0	loss: 0.69296213	acc: 0.511
[2m[36m(ParallelModGrad pid=3969262)[0m INFO:root:	task: 1	loss: 0.69205162	acc: 0.535
[2m[36m(ParallelModGrad pid=3969262)[0m INFO:root:	task: 2	loss: 0.69363583	acc: 0.494
[2m[36m(ParallelModGrad pid=3969262)[0m INFO:root:	task: avg	loss: 0.69288319	acc: 0.514
[2m[36m(ParallelModGrad pid=3969261)[0m INFO:root:candidate 4: W/update: 0.54, WO/update: 0.54, improv 0.0
[2m[36m(ParallelModGrad pid=3969261)[0m INFO:root:Not keeping any new modules. Total: 4
[2m[36m(ParallelModGrad pid=3969262)[0m INFO:root:candidate 4: W/update: 0.53, WO/update: 0.53, improv 0.0
[2m[36m(ParallelModGrad pid=3969262)[0m INFO:root:Not keeping any new modules. Total: 4
[2m[36m(ParallelModGrad pid=3969261)[0m INFO:root:epochs: 5, training task: 2
[2m[36m(ParallelModGrad pid=3969261)[0m INFO:root:	task: 0	loss: 0.69274839	acc: 0.524
[2m[36m(ParallelModGrad pid=3969261)[0m INFO:root:	task: 1	loss: 0.69313691	acc: 0.493
[2m[36m(ParallelModGrad pid=3969261)[0m INFO:root:	task: 2	loss: 0.69644404	acc: 0.494
[2m[36m(ParallelModGrad pid=3969261)[0m INFO:root:	task: avg	loss: 0.69410978	acc: 0.503
[2m[36m(ParallelModGrad pid=3969262)[0m INFO:root:epochs: 5, training task: 2
[2m[36m(ParallelModGrad pid=3969262)[0m INFO:root:	task: 0	loss: 0.69296213	acc: 0.511
[2m[36m(ParallelModGrad pid=3969262)[0m INFO:root:	task: 1	loss: 0.69205162	acc: 0.535
[2m[36m(ParallelModGrad pid=3969262)[0m INFO:root:	task: 2	loss: 0.69394679	acc: 0.494
[2m[36m(ParallelModGrad pid=3969262)[0m INFO:root:	task: avg	loss: 0.69298685	acc: 0.514
[2m[36m(ParallelModGrad pid=3969261)[0m INFO:root:final components: 4
[2m[36m(ParallelModGrad pid=3969262)[0m INFO:root:final components: 4
[2m[36m(ParallelModGrad pid=3969261)[0m INFO:root:AGGREGATING MODELS...no_components 4
[2m[36m(ParallelModGrad pid=3969262)[0m INFO:root:AGGREGATING MODELS...no_components 4
[2m[36m(ParallelModGrad pid=3969261)[0m INFO:root:epochs: 0, training task: 3
[2m[36m(ParallelModGrad pid=3969261)[0m INFO:root:	task: 0	loss: 0.69260925	acc: 0.524
[2m[36m(ParallelModGrad pid=3969261)[0m INFO:root:	task: 1	loss: 0.69321645	acc: 0.493
[2m[36m(ParallelModGrad pid=3969261)[0m INFO:root:	task: 2	loss: 0.69618927	acc: 0.494
[2m[36m(ParallelModGrad pid=3969261)[0m INFO:root:	task: 3	loss: 0.69385446	acc: 0.493
[2m[36m(ParallelModGrad pid=3969261)[0m INFO:root:	task: avg	loss: 0.69396736	acc: 0.501
[2m[36m(ParallelModGrad pid=3969262)[0m INFO:root:epochs: 0, training task: 3
[2m[36m(ParallelModGrad pid=3969262)[0m INFO:root:	task: 0	loss: 0.69295408	acc: 0.511
[2m[36m(ParallelModGrad pid=3969262)[0m INFO:root:	task: 1	loss: 0.69190540	acc: 0.535
[2m[36m(ParallelModGrad pid=3969262)[0m INFO:root:	task: 2	loss: 0.69384539	acc: 0.494
[2m[36m(ParallelModGrad pid=3969262)[0m INFO:root:	task: 3	loss: 0.69264075	acc: 0.508
[2m[36m(ParallelModGrad pid=3969262)[0m INFO:root:	task: avg	loss: 0.69283640	acc: 0.512
[2m[36m(ParallelModGrad pid=3969261)[0m INFO:root:epochs: 1, training task: 3
[2m[36m(ParallelModGrad pid=3969261)[0m INFO:root:	task: 0	loss: 0.69260925	acc: 0.524
[2m[36m(ParallelModGrad pid=3969261)[0m INFO:root:	task: 1	loss: 0.69321645	acc: 0.493
[2m[36m(ParallelModGrad pid=3969261)[0m INFO:root:	task: 2	loss: 0.69618927	acc: 0.494
[2m[36m(ParallelModGrad pid=3969261)[0m INFO:root:	task: 3	loss: 0.69364883	acc: 0.493
[2m[36m(ParallelModGrad pid=3969261)[0m INFO:root:	task: avg	loss: 0.69391595	acc: 0.501
[2m[36m(ParallelModGrad pid=3969261)[0m INFO:root:AGGREGATING MODELS...no_components 5
[2m[36m(ParallelModGrad pid=3969262)[0m INFO:root:epochs: 1, training task: 3
[2m[36m(ParallelModGrad pid=3969262)[0m INFO:root:	task: 0	loss: 0.69295408	acc: 0.511
[2m[36m(ParallelModGrad pid=3969262)[0m INFO:root:	task: 1	loss: 0.69190540	acc: 0.535
[2m[36m(ParallelModGrad pid=3969262)[0m INFO:root:	task: 2	loss: 0.69384539	acc: 0.494
[2m[36m(ParallelModGrad pid=3969262)[0m INFO:root:	task: 3	loss: 0.69316933	acc: 0.508
[2m[36m(ParallelModGrad pid=3969262)[0m INFO:root:	task: avg	loss: 0.69296855	acc: 0.512
[2m[36m(ParallelModGrad pid=3969262)[0m INFO:root:AGGREGATING MODELS...no_components 5
[2m[36m(ParallelModGrad pid=3969261)[0m INFO:root:epochs: 2, training task: 3
[2m[36m(ParallelModGrad pid=3969261)[0m INFO:root:	task: 0	loss: 0.69254757	acc: 0.524
[2m[36m(ParallelModGrad pid=3969261)[0m INFO:root:	task: 1	loss: 0.69329521	acc: 0.493
[2m[36m(ParallelModGrad pid=3969261)[0m INFO:root:	task: 2	loss: 0.69590232	acc: 0.494
[2m[36m(ParallelModGrad pid=3969261)[0m INFO:root:	task: 3	loss: 0.69337264	acc: 0.493
[2m[36m(ParallelModGrad pid=3969261)[0m INFO:root:	task: avg	loss: 0.69377944	acc: 0.501
[2m[36m(ParallelModGrad pid=3969261)[0m INFO:root:AGGREGATING MODELS...no_components 5
[2m[36m(ParallelModGrad pid=3969262)[0m INFO:root:epochs: 2, training task: 3
[2m[36m(ParallelModGrad pid=3969262)[0m INFO:root:	task: 0	loss: 0.69291328	acc: 0.511
[2m[36m(ParallelModGrad pid=3969262)[0m INFO:root:	task: 1	loss: 0.69173915	acc: 0.535
[2m[36m(ParallelModGrad pid=3969262)[0m INFO:root:	task: 2	loss: 0.69377319	acc: 0.494
[2m[36m(ParallelModGrad pid=3969262)[0m INFO:root:	task: 3	loss: 0.69318180	acc: 0.508
[2m[36m(ParallelModGrad pid=3969262)[0m INFO:root:	task: avg	loss: 0.69290185	acc: 0.512
[2m[36m(ParallelModGrad pid=3969262)[0m INFO:root:AGGREGATING MODELS...no_components 5
[2m[36m(ParallelModGrad pid=3969261)[0m INFO:root:epochs: 3, training task: 3
[2m[36m(ParallelModGrad pid=3969261)[0m INFO:root:	task: 0	loss: 0.69249606	acc: 0.524
[2m[36m(ParallelModGrad pid=3969261)[0m INFO:root:	task: 1	loss: 0.69338677	acc: 0.493
[2m[36m(ParallelModGrad pid=3969261)[0m INFO:root:	task: 2	loss: 0.69562841	acc: 0.494
[2m[36m(ParallelModGrad pid=3969261)[0m INFO:root:	task: 3	loss: 0.69326279	acc: 0.507
[2m[36m(ParallelModGrad pid=3969261)[0m INFO:root:	task: avg	loss: 0.69369351	acc: 0.504
[2m[36m(ParallelModGrad pid=3969262)[0m INFO:root:epochs: 3, training task: 3
[2m[36m(ParallelModGrad pid=3969262)[0m INFO:root:	task: 0	loss: 0.69288516	acc: 0.511
[2m[36m(ParallelModGrad pid=3969262)[0m INFO:root:	task: 1	loss: 0.69158592	acc: 0.535
[2m[36m(ParallelModGrad pid=3969262)[0m INFO:root:	task: 2	loss: 0.69371367	acc: 0.494
[2m[36m(ParallelModGrad pid=3969262)[0m INFO:root:	task: 3	loss: 0.69332509	acc: 0.508
[2m[36m(ParallelModGrad pid=3969262)[0m INFO:root:	task: avg	loss: 0.69287746	acc: 0.512
[2m[36m(ParallelModGrad pid=3969261)[0m INFO:root:AGGREGATING MODELS...no_components 5
[2m[36m(ParallelModGrad pid=3969262)[0m INFO:root:AGGREGATING MODELS...no_components 5
[2m[36m(ParallelModGrad pid=3969261)[0m INFO:root:epochs: 4, training task: 3
[2m[36m(ParallelModGrad pid=3969261)[0m INFO:root:	task: 0	loss: 0.69308528	acc: 0.524
[2m[36m(ParallelModGrad pid=3969261)[0m INFO:root:	task: 1	loss: 0.69344081	acc: 0.493
[2m[36m(ParallelModGrad pid=3969261)[0m INFO:root:	task: 2	loss: 0.69488903	acc: 0.494
[2m[36m(ParallelModGrad pid=3969261)[0m INFO:root:	task: 3	loss: 0.69326042	acc: 0.507
[2m[36m(ParallelModGrad pid=3969261)[0m INFO:root:	task: avg	loss: 0.69366888	acc: 0.504
[2m[36m(ParallelModGrad pid=3969262)[0m INFO:root:epochs: 4, training task: 3
[2m[36m(ParallelModGrad pid=3969262)[0m INFO:root:	task: 0	loss: 0.69276440	acc: 0.511
[2m[36m(ParallelModGrad pid=3969262)[0m INFO:root:	task: 1	loss: 0.69155207	acc: 0.535
[2m[36m(ParallelModGrad pid=3969262)[0m INFO:root:	task: 2	loss: 0.69489813	acc: 0.494
[2m[36m(ParallelModGrad pid=3969262)[0m INFO:root:	task: 3	loss: 0.69237047	acc: 0.508
[2m[36m(ParallelModGrad pid=3969262)[0m INFO:root:	task: avg	loss: 0.69289627	acc: 0.512
[2m[36m(ParallelModGrad pid=3969261)[0m INFO:root:candidate 4: W/update: 0.53, WO/update: 0.47, improv 0.12765957446808524
[2m[36m(ParallelModGrad pid=3969261)[0m INFO:root:Keeping new module 4. Total: 5
[2m[36m(ParallelModGrad pid=3969262)[0m INFO:root:candidate 4: W/update: 0.58, WO/update: 0.58, improv 0.0
[2m[36m(ParallelModGrad pid=3969262)[0m INFO:root:Not keeping any new modules. Total: 4
[2m[36m(ParallelModGrad pid=3969261)[0m INFO:root:epochs: 5, training task: 3
[2m[36m(ParallelModGrad pid=3969261)[0m INFO:root:	task: 0	loss: 0.69308528	acc: 0.524
[2m[36m(ParallelModGrad pid=3969262)[0m INFO:root:epochs: 5, training task: 3
[2m[36m(ParallelModGrad pid=3969262)[0m INFO:root:	task: 0	loss: 0.69276440	acc: 0.511
[2m[36m(ParallelModGrad pid=3969262)[0m INFO:root:	task: 1	loss: 0.69155207	acc: 0.535
[2m[36m(ParallelModGrad pid=3969262)[0m INFO:root:	task: 2	loss: 0.69489813	acc: 0.494
[2m[36m(ParallelModGrad pid=3969262)[0m INFO:root:	task: 3	loss: 0.69067256	acc: 0.508
[2m[36m(ParallelModGrad pid=3969262)[0m INFO:root:	task: avg	loss: 0.69247179	acc: 0.512
[2m[36m(ParallelModGrad pid=3969261)[0m INFO:root:	task: 1	loss: 0.69344081	acc: 0.493
[2m[36m(ParallelModGrad pid=3969261)[0m INFO:root:	task: 2	loss: 0.69488903	acc: 0.494
[2m[36m(ParallelModGrad pid=3969261)[0m INFO:root:	task: 3	loss: 0.69308435	acc: 0.507
[2m[36m(ParallelModGrad pid=3969261)[0m INFO:root:	task: avg	loss: 0.69362487	acc: 0.504
[2m[36m(ParallelModGrad pid=3969261)[0m INFO:root:final components: 5
[2m[36m(ParallelModGrad pid=3969262)[0m INFO:root:final components: 4
[2m[36m(ParallelModGrad pid=3969261)[0m INFO:root:AGGREGATING MODELS...no_components 5
[2m[36m(ParallelModGrad pid=3969262)[0m INFO:root:AGGREGATING MODELS...no_components 4
[2m[36m(ParallelModGrad pid=3969262)[0m INFO:root:epochs: 0, training task: 4
[2m[36m(ParallelModGrad pid=3969262)[0m INFO:root:	task: 0	loss: 0.69283435	acc: 0.511
[2m[36m(ParallelModGrad pid=3969262)[0m INFO:root:	task: 1	loss: 0.69138577	acc: 0.535
[2m[36m(ParallelModGrad pid=3969262)[0m INFO:root:	task: 2	loss: 0.69461486	acc: 0.487
[2m[36m(ParallelModGrad pid=3969262)[0m INFO:root:	task: 3	loss: 0.69084111	acc: 0.508
[2m[36m(ParallelModGrad pid=3969262)[0m INFO:root:	task: 4	loss: 0.69341453	acc: 0.524
[2m[36m(ParallelModGrad pid=3969262)[0m INFO:root:	task: avg	loss: 0.69261812	acc: 0.513
[2m[36m(ParallelModGrad pid=3969261)[0m INFO:root:epochs: 0, training task: 4
[2m[36m(ParallelModGrad pid=3969261)[0m INFO:root:	task: 0	loss: 0.69301078	acc: 0.524
[2m[36m(ParallelModGrad pid=3969261)[0m INFO:root:	task: 1	loss: 0.69359210	acc: 0.493
[2m[36m(ParallelModGrad pid=3969261)[0m INFO:root:	task: 2	loss: 0.69470924	acc: 0.494
[2m[36m(ParallelModGrad pid=3969261)[0m INFO:root:	task: 3	loss: 0.69308422	acc: 0.507
[2m[36m(ParallelModGrad pid=3969261)[0m INFO:root:	task: 4	loss: 0.69396030	acc: 0.498
[2m[36m(ParallelModGrad pid=3969261)[0m INFO:root:	task: avg	loss: 0.69367133	acc: 0.503
[2m[36m(ParallelModGrad pid=3969262)[0m INFO:root:epochs: 1, training task: 4
[2m[36m(ParallelModGrad pid=3969262)[0m INFO:root:	task: 0	loss: 0.69283435	acc: 0.511
[2m[36m(ParallelModGrad pid=3969262)[0m INFO:root:	task: 1	loss: 0.69138577	acc: 0.535
[2m[36m(ParallelModGrad pid=3969262)[0m INFO:root:	task: 2	loss: 0.69461486	acc: 0.487
[2m[36m(ParallelModGrad pid=3969262)[0m INFO:root:	task: 3	loss: 0.69084111	acc: 0.508
[2m[36m(ParallelModGrad pid=3969262)[0m INFO:root:	task: 4	loss: 0.69258310	acc: 0.524
[2m[36m(ParallelModGrad pid=3969262)[0m INFO:root:	task: avg	loss: 0.69245184	acc: 0.513
[2m[36m(ParallelModGrad pid=3969261)[0m INFO:root:epochs: 1, training task: 4
[2m[36m(ParallelModGrad pid=3969261)[0m INFO:root:	task: 0	loss: 0.69301078	acc: 0.524
[2m[36m(ParallelModGrad pid=3969261)[0m INFO:root:	task: 1	loss: 0.69359210	acc: 0.493
[2m[36m(ParallelModGrad pid=3969261)[0m INFO:root:	task: 2	loss: 0.69470924	acc: 0.494
[2m[36m(ParallelModGrad pid=3969261)[0m INFO:root:	task: 3	loss: 0.69308422	acc: 0.507
[2m[36m(ParallelModGrad pid=3969261)[0m INFO:root:	task: 4	loss: 0.69367054	acc: 0.498
[2m[36m(ParallelModGrad pid=3969261)[0m INFO:root:	task: avg	loss: 0.69361338	acc: 0.503
[2m[36m(ParallelModGrad pid=3969261)[0m INFO:root:AGGREGATING MODELS...no_components 6
[2m[36m(ParallelModGrad pid=3969262)[0m INFO:root:AGGREGATING MODELS...no_components 5
[2m[36m(ParallelModGrad pid=3969261)[0m INFO:root:epochs: 2, training task: 4
[2m[36m(ParallelModGrad pid=3969261)[0m INFO:root:	task: 0	loss: 0.69287808	acc: 0.524
[2m[36m(ParallelModGrad pid=3969261)[0m INFO:root:	task: 1	loss: 0.69373633	acc: 0.493
[2m[36m(ParallelModGrad pid=3969261)[0m INFO:root:	task: 2	loss: 0.69446458	acc: 0.494
[2m[36m(ParallelModGrad pid=3969261)[0m INFO:root:	task: 3	loss: 0.69309866	acc: 0.505
[2m[36m(ParallelModGrad pid=3969261)[0m INFO:root:	task: 4	loss: 0.69360357	acc: 0.502
[2m[36m(ParallelModGrad pid=3969261)[0m INFO:root:	task: avg	loss: 0.69355624	acc: 0.503
[2m[36m(ParallelModGrad pid=3969261)[0m INFO:root:AGGREGATING MODELS...no_components 6
[2m[36m(ParallelModGrad pid=3969262)[0m INFO:root:epochs: 2, training task: 4
[2m[36m(ParallelModGrad pid=3969262)[0m INFO:root:	task: 0	loss: 0.69286038	acc: 0.511
[2m[36m(ParallelModGrad pid=3969262)[0m INFO:root:	task: 1	loss: 0.69124600	acc: 0.535
[2m[36m(ParallelModGrad pid=3969262)[0m INFO:root:	task: 2	loss: 0.69457554	acc: 0.162
[2m[36m(ParallelModGrad pid=3969262)[0m INFO:root:	task: 3	loss: 0.69078352	acc: 0.508
[2m[36m(ParallelModGrad pid=3969262)[0m INFO:root:	task: 4	loss: 0.69223102	acc: 0.524
[2m[36m(ParallelModGrad pid=3969262)[0m INFO:root:	task: avg	loss: 0.69233929	acc: 0.448
[2m[36m(ParallelModGrad pid=3969262)[0m INFO:root:AGGREGATING MODELS...no_components 5
[2m[36m(ParallelModGrad pid=3969262)[0m INFO:root:epochs: 3, training task: 4
[2m[36m(ParallelModGrad pid=3969262)[0m INFO:root:	task: 0	loss: 0.69290021	acc: 0.511
[2m[36m(ParallelModGrad pid=3969262)[0m INFO:root:	task: 1	loss: 0.69111572	acc: 0.535
[2m[36m(ParallelModGrad pid=3969262)[0m INFO:root:	task: 2	loss: 0.69454914	acc: 0.506
[2m[36m(ParallelModGrad pid=3969262)[0m INFO:root:	task: 3	loss: 0.69072171	acc: 0.508
[2m[36m(ParallelModGrad pid=3969262)[0m INFO:root:	task: 4	loss: 0.69202359	acc: 0.524
[2m[36m(ParallelModGrad pid=3969262)[0m INFO:root:	task: avg	loss: 0.69226207	acc: 0.517
[2m[36m(ParallelModGrad pid=3969261)[0m INFO:root:epochs: 3, training task: 4
[2m[36m(ParallelModGrad pid=3969261)[0m INFO:root:	task: 0	loss: 0.69274857	acc: 0.524
[2m[36m(ParallelModGrad pid=3969261)[0m INFO:root:	task: 1	loss: 0.69389423	acc: 0.493
[2m[36m(ParallelModGrad pid=3969261)[0m INFO:root:	task: 2	loss: 0.69423422	acc: 0.494
[2m[36m(ParallelModGrad pid=3969261)[0m INFO:root:	task: 3	loss: 0.69310777	acc: 0.513
[2m[36m(ParallelModGrad pid=3969261)[0m INFO:root:	task: 4	loss: 0.69364599	acc: 0.502
[2m[36m(ParallelModGrad pid=3969261)[0m INFO:root:	task: avg	loss: 0.69352616	acc: 0.505
[2m[36m(ParallelModGrad pid=3969261)[0m INFO:root:AGGREGATING MODELS...no_components 6
[2m[36m(ParallelModGrad pid=3969262)[0m INFO:root:AGGREGATING MODELS...no_components 5
[2m[36m(ParallelModGrad pid=3969262)[0m INFO:root:epochs: 4, training task: 4
[2m[36m(ParallelModGrad pid=3969262)[0m INFO:root:	task: 0	loss: 0.69296221	acc: 0.502
[2m[36m(ParallelModGrad pid=3969262)[0m INFO:root:	task: 1	loss: 0.69081270	acc: 0.535
[2m[36m(ParallelModGrad pid=3969262)[0m INFO:root:	task: 2	loss: 0.69678920	acc: 0.451
[2m[36m(ParallelModGrad pid=3969262)[0m INFO:root:	task: 3	loss: 0.68639524	acc: 0.508
[2m[36m(ParallelModGrad pid=3969262)[0m INFO:root:	task: 4	loss: 0.69237974	acc: 0.524
[2m[36m(ParallelModGrad pid=3969262)[0m INFO:root:	task: avg	loss: 0.69186782	acc: 0.504
[2m[36m(ParallelModGrad pid=3969261)[0m INFO:root:epochs: 4, training task: 4
[2m[36m(ParallelModGrad pid=3969261)[0m INFO:root:	task: 0	loss: 0.69357404	acc: 0.524
[2m[36m(ParallelModGrad pid=3969261)[0m INFO:root:	task: 1	loss: 0.69433300	acc: 0.493
[2m[36m(ParallelModGrad pid=3969261)[0m INFO:root:	task: 2	loss: 0.69299261	acc: 0.494
[2m[36m(ParallelModGrad pid=3969261)[0m INFO:root:	task: 3	loss: 0.69304852	acc: 0.507
[2m[36m(ParallelModGrad pid=3969261)[0m INFO:root:	task: 4	loss: 0.69456524	acc: 0.502
[2m[36m(ParallelModGrad pid=3969261)[0m INFO:root:	task: avg	loss: 0.69370268	acc: 0.504
[2m[36m(ParallelModGrad pid=3969262)[0m INFO:root:candidate 4: W/update: 0.52, WO/update: 0.52, improv 0.0
[2m[36m(ParallelModGrad pid=3969262)[0m INFO:root:Not keeping any new modules. Total: 4
[2m[36m(ParallelModGrad pid=3969261)[0m INFO:root:candidate 5: W/update: 0.47, WO/update: 0.47, improv 0.0
[2m[36m(ParallelModGrad pid=3969261)[0m INFO:root:Not keeping any new modules. Total: 5
[2m[36m(ParallelModGrad pid=3969262)[0m INFO:root:epochs: 5, training task: 4
[2m[36m(ParallelModGrad pid=3969262)[0m INFO:root:	task: 0	loss: 0.69296221	acc: 0.502
[2m[36m(ParallelModGrad pid=3969262)[0m INFO:root:	task: 1	loss: 0.69081270	acc: 0.535
[2m[36m(ParallelModGrad pid=3969262)[0m INFO:root:	task: 2	loss: 0.69678920	acc: 0.451
[2m[36m(ParallelModGrad pid=3969262)[0m INFO:root:	task: 3	loss: 0.68639524	acc: 0.508
[2m[36m(ParallelModGrad pid=3969262)[0m INFO:root:	task: 4	loss: 0.69295258	acc: 0.524
[2m[36m(ParallelModGrad pid=3969262)[0m INFO:root:	task: avg	loss: 0.69198238	acc: 0.504
[2m[36m(ParallelModGrad pid=3969261)[0m INFO:root:epochs: 5, training task: 4
[2m[36m(ParallelModGrad pid=3969261)[0m INFO:root:	task: 0	loss: 0.69357404	acc: 0.524
[2m[36m(ParallelModGrad pid=3969261)[0m INFO:root:	task: 1	loss: 0.69433300	acc: 0.493
[2m[36m(ParallelModGrad pid=3969261)[0m INFO:root:	task: 2	loss: 0.69299261	acc: 0.494
[2m[36m(ParallelModGrad pid=3969261)[0m INFO:root:	task: 3	loss: 0.69304852	acc: 0.507
[2m[36m(ParallelModGrad pid=3969261)[0m INFO:root:	task: 4	loss: 0.69505465	acc: 0.502
[2m[36m(ParallelModGrad pid=3969261)[0m INFO:root:	task: avg	loss: 0.69380056	acc: 0.504
[2m[36m(ParallelModGrad pid=3969262)[0m INFO:root:final components: 4
[2m[36m(ParallelModGrad pid=3969261)[0m INFO:root:final components: 5
[2m[36m(ParallelModGrad pid=3969261)[0m INFO:root:AGGREGATING MODELS...no_components 5
[2m[36m(ParallelModGrad pid=3969262)[0m INFO:root:AGGREGATING MODELS...no_components 4
[2m[36m(ParallelModGrad pid=3969261)[0m INFO:root:epochs: 0, training task: 5
[2m[36m(ParallelModGrad pid=3969261)[0m INFO:root:	task: 0	loss: 0.69316019	acc: 0.524
[2m[36m(ParallelModGrad pid=3969261)[0m INFO:root:	task: 1	loss: 0.69466573	acc: 0.493
[2m[36m(ParallelModGrad pid=3969261)[0m INFO:root:	task: 2	loss: 0.69285270	acc: 0.494
[2m[36m(ParallelModGrad pid=3969261)[0m INFO:root:	task: 3	loss: 0.69301522	acc: 0.506
[2m[36m(ParallelModGrad pid=3969261)[0m INFO:root:	task: 4	loss: 0.69483939	acc: 0.502
[2m[36m(ParallelModGrad pid=3969261)[0m INFO:root:	task: 5	loss: 0.69982261	acc: 0.463
[2m[36m(ParallelModGrad pid=3969261)[0m INFO:root:	task: avg	loss: 0.69472597	acc: 0.497
[2m[36m(ParallelModGrad pid=3969262)[0m INFO:root:epochs: 0, training task: 5
[2m[36m(ParallelModGrad pid=3969262)[0m INFO:root:	task: 0	loss: 0.69312047	acc: 0.489
[2m[36m(ParallelModGrad pid=3969262)[0m INFO:root:	task: 1	loss: 0.69062525	acc: 0.535
[2m[36m(ParallelModGrad pid=3969262)[0m INFO:root:	task: 2	loss: 0.69635386	acc: 0.506
[2m[36m(ParallelModGrad pid=3969262)[0m INFO:root:	task: 3	loss: 0.68630088	acc: 0.508
[2m[36m(ParallelModGrad pid=3969262)[0m INFO:root:	task: 4	loss: 0.69294501	acc: 0.524
[2m[36m(ParallelModGrad pid=3969262)[0m INFO:root:	task: 5	loss: 0.69653899	acc: 0.487
[2m[36m(ParallelModGrad pid=3969262)[0m INFO:root:	task: avg	loss: 0.69264741	acc: 0.508
[2m[36m(ParallelModGrad pid=3969262)[0m INFO:root:epochs: 1, training task: 5
[2m[36m(ParallelModGrad pid=3969262)[0m INFO:root:	task: 0	loss: 0.69312047	acc: 0.489
[2m[36m(ParallelModGrad pid=3969262)[0m INFO:root:	task: 1	loss: 0.69062525	acc: 0.535
[2m[36m(ParallelModGrad pid=3969262)[0m INFO:root:	task: 2	loss: 0.69635386	acc: 0.506
[2m[36m(ParallelModGrad pid=3969262)[0m INFO:root:	task: 3	loss: 0.68630088	acc: 0.508
[2m[36m(ParallelModGrad pid=3969262)[0m INFO:root:	task: 4	loss: 0.69294501	acc: 0.524
[2m[36m(ParallelModGrad pid=3969262)[0m INFO:root:	task: 5	loss: 0.69566215	acc: 0.487
[2m[36m(ParallelModGrad pid=3969262)[0m INFO:root:	task: avg	loss: 0.69250127	acc: 0.508
[2m[36m(ParallelModGrad pid=3969261)[0m INFO:root:epochs: 1, training task: 5
[2m[36m(ParallelModGrad pid=3969261)[0m INFO:root:	task: 0	loss: 0.69316019	acc: 0.524
[2m[36m(ParallelModGrad pid=3969261)[0m INFO:root:	task: 1	loss: 0.69466573	acc: 0.493
[2m[36m(ParallelModGrad pid=3969261)[0m INFO:root:	task: 2	loss: 0.69285270	acc: 0.494
[2m[36m(ParallelModGrad pid=3969261)[0m INFO:root:	task: 3	loss: 0.69301522	acc: 0.506
[2m[36m(ParallelModGrad pid=3969261)[0m INFO:root:	task: 4	loss: 0.69483939	acc: 0.502
[2m[36m(ParallelModGrad pid=3969261)[0m INFO:root:	task: 5	loss: 0.69837826	acc: 0.463
[2m[36m(ParallelModGrad pid=3969261)[0m INFO:root:	task: avg	loss: 0.69448525	acc: 0.497
[2m[36m(ParallelModGrad pid=3969261)[0m INFO:root:AGGREGATING MODELS...no_components 6
[2m[36m(ParallelModGrad pid=3969262)[0m INFO:root:AGGREGATING MODELS...no_components 5
[2m[36m(ParallelModGrad pid=3969262)[0m INFO:root:epochs: 2, training task: 5
[2m[36m(ParallelModGrad pid=3969262)[0m INFO:root:	task: 0	loss: 0.69323812	acc: 0.489
[2m[36m(ParallelModGrad pid=3969262)[0m INFO:root:	task: 1	loss: 0.69045027	acc: 0.535
[2m[36m(ParallelModGrad pid=3969262)[0m INFO:root:	task: 2	loss: 0.69608232	acc: 0.506
[2m[36m(ParallelModGrad pid=3969262)[0m INFO:root:	task: 3	loss: 0.68587790	acc: 0.508
[2m[36m(ParallelModGrad pid=3969262)[0m INFO:root:	task: 4	loss: 0.69293167	acc: 0.524
[2m[36m(ParallelModGrad pid=3969262)[0m INFO:root:	task: 5	loss: 0.69537599	acc: 0.487
[2m[36m(ParallelModGrad pid=3969262)[0m INFO:root:	task: avg	loss: 0.69232604	acc: 0.508
[2m[36m(ParallelModGrad pid=3969261)[0m INFO:root:epochs: 2, training task: 5
[2m[36m(ParallelModGrad pid=3969261)[0m INFO:root:	task: 0	loss: 0.69276952	acc: 0.524
[2m[36m(ParallelModGrad pid=3969261)[0m INFO:root:	task: 1	loss: 0.69491783	acc: 0.493
[2m[36m(ParallelModGrad pid=3969261)[0m INFO:root:	task: 2	loss: 0.69263470	acc: 0.494
[2m[36m(ParallelModGrad pid=3969261)[0m INFO:root:	task: 3	loss: 0.69300439	acc: 0.550
[2m[36m(ParallelModGrad pid=3969261)[0m INFO:root:	task: 4	loss: 0.69454878	acc: 0.502
[2m[36m(ParallelModGrad pid=3969261)[0m INFO:root:	task: 5	loss: 0.69675221	acc: 0.463
[2m[36m(ParallelModGrad pid=3969261)[0m INFO:root:	task: avg	loss: 0.69410457	acc: 0.504
[2m[36m(ParallelModGrad pid=3969261)[0m INFO:root:AGGREGATING MODELS...no_components 6
[2m[36m(ParallelModGrad pid=3969262)[0m INFO:root:AGGREGATING MODELS...no_components 5
[2m[36m(ParallelModGrad pid=3969262)[0m INFO:root:epochs: 3, training task: 5
[2m[36m(ParallelModGrad pid=3969262)[0m INFO:root:	task: 0	loss: 0.69337193	acc: 0.489
[2m[36m(ParallelModGrad pid=3969262)[0m INFO:root:	task: 1	loss: 0.69027838	acc: 0.535
[2m[36m(ParallelModGrad pid=3969262)[0m INFO:root:	task: 2	loss: 0.69581990	acc: 0.506
[2m[36m(ParallelModGrad pid=3969262)[0m INFO:root:	task: 3	loss: 0.68545512	acc: 0.508
[2m[36m(ParallelModGrad pid=3969262)[0m INFO:root:	task: 4	loss: 0.69293372	acc: 0.524
[2m[36m(ParallelModGrad pid=3969262)[0m INFO:root:	task: 5	loss: 0.69516076	acc: 0.487
[2m[36m(ParallelModGrad pid=3969262)[0m INFO:root:	task: avg	loss: 0.69216997	acc: 0.508
[2m[36m(ParallelModGrad pid=3969261)[0m INFO:root:epochs: 3, training task: 5
[2m[36m(ParallelModGrad pid=3969261)[0m INFO:root:	task: 0	loss: 0.69237922	acc: 0.524
[2m[36m(ParallelModGrad pid=3969261)[0m INFO:root:	task: 1	loss: 0.69518629	acc: 0.493
[2m[36m(ParallelModGrad pid=3969261)[0m INFO:root:	task: 2	loss: 0.69242643	acc: 0.494
[2m[36m(ParallelModGrad pid=3969261)[0m INFO:root:	task: 3	loss: 0.69299211	acc: 0.550
[2m[36m(ParallelModGrad pid=3969261)[0m INFO:root:	task: 4	loss: 0.69425909	acc: 0.502
[2m[36m(ParallelModGrad pid=3969261)[0m INFO:root:	task: 5	loss: 0.69521631	acc: 0.463
[2m[36m(ParallelModGrad pid=3969261)[0m INFO:root:	task: avg	loss: 0.69374324	acc: 0.504
[2m[36m(ParallelModGrad pid=3969261)[0m INFO:root:AGGREGATING MODELS...no_components 6
[2m[36m(ParallelModGrad pid=3969262)[0m INFO:root:AGGREGATING MODELS...no_components 5
[2m[36m(ParallelModGrad pid=3969262)[0m INFO:root:epochs: 4, training task: 5
[2m[36m(ParallelModGrad pid=3969262)[0m INFO:root:	task: 0	loss: 0.69458029	acc: 0.489
[2m[36m(ParallelModGrad pid=3969262)[0m INFO:root:	task: 1	loss: 0.68934255	acc: 0.535
[2m[36m(ParallelModGrad pid=3969262)[0m INFO:root:	task: 2	loss: 0.69855306	acc: 0.506
[2m[36m(ParallelModGrad pid=3969262)[0m INFO:root:	task: 3	loss: 0.67633580	acc: 0.508
[2m[36m(ParallelModGrad pid=3969262)[0m INFO:root:	task: 4	loss: 0.69499968	acc: 0.521
[2m[36m(ParallelModGrad pid=3969262)[0m INFO:root:	task: 5	loss: 0.69498082	acc: 0.487
[2m[36m(ParallelModGrad pid=3969262)[0m INFO:root:	task: avg	loss: 0.69146536	acc: 0.508
[2m[36m(ParallelModGrad pid=3969261)[0m INFO:root:epochs: 4, training task: 5
[2m[36m(ParallelModGrad pid=3969261)[0m INFO:root:	task: 0	loss: 0.69300755	acc: 0.524
[2m[36m(ParallelModGrad pid=3969261)[0m INFO:root:	task: 1	loss: 0.69666707	acc: 0.493
[2m[36m(ParallelModGrad pid=3969261)[0m INFO:root:	task: 2	loss: 0.69008612	acc: 0.517
[2m[36m(ParallelModGrad pid=3969261)[0m INFO:root:	task: 3	loss: 0.69253472	acc: 0.509
[2m[36m(ParallelModGrad pid=3969261)[0m INFO:root:	task: 4	loss: 0.69564576	acc: 0.502
[2m[36m(ParallelModGrad pid=3969261)[0m INFO:root:	task: 5	loss: 0.69377242	acc: 0.463
[2m[36m(ParallelModGrad pid=3969261)[0m INFO:root:	task: avg	loss: 0.69361894	acc: 0.501
[2m[36m(ParallelModGrad pid=3969262)[0m INFO:root:candidate 4: W/update: 0.46, WO/update: 0.46, improv 0.0
[2m[36m(ParallelModGrad pid=3969262)[0m INFO:root:Not keeping any new modules. Total: 4
[2m[36m(ParallelModGrad pid=3969261)[0m INFO:root:candidate 5: W/update: 0.46, WO/update: 0.46, improv 0.0
[2m[36m(ParallelModGrad pid=3969261)[0m INFO:root:Not keeping any new modules. Total: 5
[2m[36m(ParallelModGrad pid=3969262)[0m INFO:root:epochs: 5, training task: 5
[2m[36m(ParallelModGrad pid=3969262)[0m INFO:root:	task: 0	loss: 0.69458029	acc: 0.489
[2m[36m(ParallelModGrad pid=3969262)[0m INFO:root:	task: 1	loss: 0.68934255	acc: 0.535
[2m[36m(ParallelModGrad pid=3969262)[0m INFO:root:	task: 2	loss: 0.69855306	acc: 0.506
[2m[36m(ParallelModGrad pid=3969262)[0m INFO:root:	task: 3	loss: 0.67633580	acc: 0.508
[2m[36m(ParallelModGrad pid=3969262)[0m INFO:root:	task: 4	loss: 0.69499968	acc: 0.521
[2m[36m(ParallelModGrad pid=3969262)[0m INFO:root:	task: 5	loss: 0.69487275	acc: 0.487
[2m[36m(ParallelModGrad pid=3969262)[0m INFO:root:	task: avg	loss: 0.69144735	acc: 0.508
[2m[36m(ParallelModGrad pid=3969262)[0m INFO:root:final components: 4
[2m[36m(ParallelModGrad pid=3969261)[0m INFO:root:epochs: 5, training task: 5
[2m[36m(ParallelModGrad pid=3969261)[0m INFO:root:	task: 0	loss: 0.69300755	acc: 0.524
[2m[36m(ParallelModGrad pid=3969261)[0m INFO:root:	task: 1	loss: 0.69666707	acc: 0.493
[2m[36m(ParallelModGrad pid=3969261)[0m INFO:root:	task: 2	loss: 0.69008612	acc: 0.517
[2m[36m(ParallelModGrad pid=3969261)[0m INFO:root:	task: 3	loss: 0.69253472	acc: 0.509
[2m[36m(ParallelModGrad pid=3969261)[0m INFO:root:	task: 4	loss: 0.69564576	acc: 0.502
[2m[36m(ParallelModGrad pid=3969261)[0m INFO:root:	task: 5	loss: 0.69154821	acc: 0.463
[2m[36m(ParallelModGrad pid=3969261)[0m INFO:root:	task: avg	loss: 0.69324824	acc: 0.501
[2m[36m(ParallelModGrad pid=3969261)[0m INFO:root:final components: 5
[2m[36m(ParallelModGrad pid=3969261)[0m INFO:root:AGGREGATING MODELS...no_components 5
[2m[36m(ParallelModGrad pid=3969262)[0m INFO:root:AGGREGATING MODELS...no_components 4
[2m[36m(ParallelModGrad pid=3969261)[0m INFO:root:AGGREGATING MODELS...no_components 5
[2m[36m(ParallelModGrad pid=3969262)[0m INFO:root:AGGREGATING MODELS...no_components 4
[2m[36m(ParallelModGrad pid=3969261)[0m INFO:root:AGGREGATING MODELS...no_components 5
[2m[36m(ParallelModGrad pid=3969262)[0m INFO:root:AGGREGATING MODELS...no_components 4
[2m[36m(ParallelModGrad pid=3969261)[0m INFO:root:AGGREGATING MODELS...no_components 5
[2m[36m(ParallelModGrad pid=3969262)[0m INFO:root:AGGREGATING MODELS...no_components 4
[2m[36m(ParallelModGrad pid=3969261)[0m INFO:root:AGGREGATING MODELS...no_components 5
[2m[36m(ParallelModGrad pid=3969262)[0m INFO:root:AGGREGATING MODELS...no_components 4
Error executing job with overrides: ['algo=modular', 'seed=0', 'parallel=True', 'agent.batch_size=64', 'num_agents=2', 'dataset=mnist', 'dataset.num_trains_per_class=64', 'dataset.num_vals_per_class=50', 'dataset.remap_labels=True', 'dataset.with_replacement=True', 'dataset.num_tasks=10', 'net=mlp', 'net.depth=4', 'num_init_tasks=4', 'net.dropout=0.0', 'train.num_epochs=4', 'train.component_update_freq=4', 'train.init_num_epochs=4', 'train.init_component_update_freq=4', 'train.save_freq=1', 'agent.use_contrastive=True', 'agent.memory_size=32', 'root_save_dir=experiment_results/fedavg/', 'sharing_strategy=grad_sharing', 'sharing_strategy.comm_freq=1', 'train=modular', 'job_name=mnist_modular_numtrain_64_contrastive']
Traceback (most recent call last):
  File "/home/vlongle/learning-hive/experiments/run.py", line 41, in main
    fleet.train_and_comm(task_id)
  File "/home/vlongle/learning-hive/src/shell/fleet/fleet.py", line 325, in train_and_comm
    self.communicate(task_id if not final else task_id + 1,
  File "/home/vlongle/learning-hive/src/shell/fleet/fleet.py", line 343, in communicate
    ray.get([agent.process_communicate.remote(task_id, communication_round)
  File "/mnt/kostas-graid/sw/envs/vlongle/miniconda3/envs/shell/lib/python3.10/site-packages/ray/_private/client_mode_hook.py", line 105, in wrapper
    return func(*args, **kwargs)
  File "/mnt/kostas-graid/sw/envs/vlongle/miniconda3/envs/shell/lib/python3.10/site-packages/ray/_private/worker.py", line 2380, in get
    raise value.as_instanceof_cause()
ray.exceptions.RayTaskError(AssertionError): [36mray::ParallelModGrad.process_communicate()[39m (pid=3969262, ip=192.168.141.69, repr=<shell.fleet.grad.modgrad.ParallelModGrad object at 0x7f871a9e71c0>)
  File "/home/vlongle/learning-hive/src/shell/fleet/grad/modgrad.py", line 61, in process_communicate
    self.reoptimize_past_structures(task_id, communication_round)
  File "/home/vlongle/learning-hive/src/shell/fleet/grad/modgrad.py", line 70, in reoptimize_past_structures
    assert len(self.agent.memory_loaders.values()) == task_id, f"task_id: {task_id}, len(self.agent.memory_loaders.values()): {len(self.agent.memory_loaders.values())}"
AssertionError: task_id: 7, len(self.agent.memory_loaders.values()): 6

Set the environment variable HYDRA_FULL_ERROR=1 for a complete stack trace.
