/mnt/kostas-graid/sw/envs/vlongle/miniconda3/envs/shell/lib/python3.10/site-packages/hydra/_internal/defaults_list.py:251: UserWarning: In 'config': Defaults list is missing `_self_`. See https://hydra.cc/docs/1.2/upgrades/1.0_to_1.1/default_composition_order for more information
  warnings.warn(msg, UserWarning)
2023-10-17 21:22:34,842	INFO worker.py:1544 -- Started a local Ray instance. View the dashboard at [1m[32m127.0.0.1:8265 [39m[22m
[2m[36m(ParallelModGrad pid=2833141)[0m INFO:root:Agent: node_id: 69420, seed: 69420000
[2m[36m(ParallelModGrad pid=2833141)[0m INFO:root:epochs: 0, training task: 0
[2m[36m(ParallelModGrad pid=2833141)[0m INFO:root:	task: 0	loss: 0.69369543	acc: 0.500
[2m[36m(ParallelModGrad pid=2833141)[0m INFO:root:	task: avg	loss: 0.69369543	acc: 0.500
[2m[36m(ParallelModGrad pid=2833141)[0m INFO:root:epochs: 0, training task: 0
[2m[36m(ParallelModGrad pid=2833141)[0m INFO:root:	task: 0	loss: 0.69369543	acc: 0.500
[2m[36m(ParallelModGrad pid=2833141)[0m INFO:root:	task: avg	loss: 0.69369543	acc: 0.500
[2m[36m(ParallelModGrad pid=2833141)[0m INFO:root:final components: 4
[2m[36m(ParallelModGrad pid=2833141)[0m INFO:root:epochs: 0, training task: 1
[2m[36m(ParallelModGrad pid=2833141)[0m INFO:root:	task: 0	loss: 0.69369543	acc: 0.500
[2m[36m(ParallelModGrad pid=2833141)[0m INFO:root:	task: 1	loss: 0.69560078	acc: 0.500
[2m[36m(ParallelModGrad pid=2833141)[0m INFO:root:	task: avg	loss: 0.69464810	acc: 0.500
[2m[36m(ParallelModGrad pid=2833141)[0m INFO:root:epochs: 0, training task: 1
[2m[36m(ParallelModGrad pid=2833141)[0m INFO:root:	task: 0	loss: 0.69369543	acc: 0.500
[2m[36m(ParallelModGrad pid=2833141)[0m INFO:root:	task: 1	loss: 0.69560078	acc: 0.500
[2m[36m(ParallelModGrad pid=2833141)[0m INFO:root:	task: avg	loss: 0.69464810	acc: 0.500
[2m[36m(ParallelModGrad pid=2833141)[0m INFO:root:final components: 4
[2m[36m(ParallelModGrad pid=2833141)[0m INFO:root:epochs: 0, training task: 2
[2m[36m(ParallelModGrad pid=2833141)[0m INFO:root:	task: 0	loss: 0.69369543	acc: 0.500
[2m[36m(ParallelModGrad pid=2833141)[0m INFO:root:	task: 1	loss: 0.69560078	acc: 0.500
[2m[36m(ParallelModGrad pid=2833141)[0m INFO:root:	task: 2	loss: 0.69325358	acc: 0.500
[2m[36m(ParallelModGrad pid=2833141)[0m INFO:root:	task: avg	loss: 0.69418326	acc: 0.500
[2m[36m(ParallelModGrad pid=2833141)[0m INFO:root:epochs: 0, training task: 2
[2m[36m(ParallelModGrad pid=2833141)[0m INFO:root:	task: 0	loss: 0.69369543	acc: 0.500
[2m[36m(ParallelModGrad pid=2833141)[0m INFO:root:	task: 1	loss: 0.69560078	acc: 0.500
[2m[36m(ParallelModGrad pid=2833141)[0m INFO:root:	task: 2	loss: 0.69325358	acc: 0.500
[2m[36m(ParallelModGrad pid=2833141)[0m INFO:root:	task: avg	loss: 0.69418326	acc: 0.500
[2m[36m(ParallelModGrad pid=2833141)[0m INFO:root:final components: 4
[2m[36m(ParallelModGrad pid=2833141)[0m INFO:root:epochs: 0, training task: 3
[2m[36m(ParallelModGrad pid=2833141)[0m INFO:root:	task: 0	loss: 0.69369543	acc: 0.500
[2m[36m(ParallelModGrad pid=2833141)[0m INFO:root:	task: 1	loss: 0.69560078	acc: 0.500
[2m[36m(ParallelModGrad pid=2833141)[0m INFO:root:	task: 2	loss: 0.69325358	acc: 0.500
[2m[36m(ParallelModGrad pid=2833141)[0m INFO:root:	task: 3	loss: 0.69398592	acc: 0.500
[2m[36m(ParallelModGrad pid=2833141)[0m INFO:root:	task: avg	loss: 0.69413392	acc: 0.500
[2m[36m(ParallelModGrad pid=2833141)[0m INFO:root:epochs: 1, training task: 3
[2m[36m(ParallelModGrad pid=2833141)[0m INFO:root:	task: 0	loss: 0.69353860	acc: 0.500
[2m[36m(ParallelModGrad pid=2833141)[0m INFO:root:	task: 1	loss: 0.69535719	acc: 0.500
[2m[36m(ParallelModGrad pid=2833141)[0m INFO:root:	task: 2	loss: 0.69188944	acc: 0.500
[2m[36m(ParallelModGrad pid=2833141)[0m INFO:root:	task: 3	loss: 0.69488877	acc: 0.500
[2m[36m(ParallelModGrad pid=2833141)[0m INFO:root:	task: avg	loss: 0.69391850	acc: 0.500
[2m[36m(ParallelModGrad pid=2833141)[0m INFO:root:epochs: 2, training task: 3
[2m[36m(ParallelModGrad pid=2833141)[0m INFO:root:	task: 0	loss: 0.69278344	acc: 0.500
[2m[36m(ParallelModGrad pid=2833141)[0m INFO:root:	task: 1	loss: 0.69507013	acc: 0.500
[2m[36m(ParallelModGrad pid=2833141)[0m INFO:root:	task: 2	loss: 0.68837871	acc: 0.500
[2m[36m(ParallelModGrad pid=2833141)[0m INFO:root:	task: 3	loss: 0.69729395	acc: 0.500
[2m[36m(ParallelModGrad pid=2833141)[0m INFO:root:	task: avg	loss: 0.69338156	acc: 0.500
[2m[36m(ParallelModGrad pid=2833141)[0m INFO:root:epochs: 3, training task: 3
[2m[36m(ParallelModGrad pid=2833141)[0m INFO:root:	task: 0	loss: 0.69004598	acc: 0.500
[2m[36m(ParallelModGrad pid=2833141)[0m INFO:root:	task: 1	loss: 0.69545570	acc: 0.500
[2m[36m(ParallelModGrad pid=2833141)[0m INFO:root:	task: 2	loss: 0.67998302	acc: 0.500
[2m[36m(ParallelModGrad pid=2833141)[0m INFO:root:	task: 3	loss: 0.70189798	acc: 0.500
[2m[36m(ParallelModGrad pid=2833141)[0m INFO:root:	task: avg	loss: 0.69184567	acc: 0.500
[2m[36m(ParallelModGrad pid=2833141)[0m INFO:root:epochs: 4, training task: 3
[2m[36m(ParallelModGrad pid=2833141)[0m INFO:root:	task: 0	loss: 0.68437080	acc: 0.500
[2m[36m(ParallelModGrad pid=2833141)[0m INFO:root:	task: 1	loss: 0.69562133	acc: 0.500
[2m[36m(ParallelModGrad pid=2833141)[0m INFO:root:	task: 2	loss: 0.66556341	acc: 0.500
[2m[36m(ParallelModGrad pid=2833141)[0m INFO:root:	task: 3	loss: 0.70736900	acc: 0.500
[2m[36m(ParallelModGrad pid=2833141)[0m INFO:root:	task: avg	loss: 0.68823114	acc: 0.500
[2m[36m(ParallelModGrad pid=2833141)[0m INFO:root:epochs: 5, training task: 3
[2m[36m(ParallelModGrad pid=2833141)[0m INFO:root:	task: 0	loss: 0.68295164	acc: 0.500
[2m[36m(ParallelModGrad pid=2833141)[0m INFO:root:	task: 1	loss: 0.69107944	acc: 0.500
[2m[36m(ParallelModGrad pid=2833141)[0m INFO:root:	task: 2	loss: 0.65721666	acc: 0.506
[2m[36m(ParallelModGrad pid=2833141)[0m INFO:root:	task: 3	loss: 0.70613059	acc: 0.500
[2m[36m(ParallelModGrad pid=2833141)[0m INFO:root:	task: avg	loss: 0.68434458	acc: 0.502
[2m[36m(ParallelModGrad pid=2833141)[0m INFO:root:epochs: 6, training task: 3
[2m[36m(ParallelModGrad pid=2833141)[0m INFO:root:	task: 0	loss: 0.68221185	acc: 0.500
[2m[36m(ParallelModGrad pid=2833141)[0m INFO:root:	task: 1	loss: 0.68713521	acc: 0.500
[2m[36m(ParallelModGrad pid=2833141)[0m INFO:root:	task: 2	loss: 0.65686648	acc: 0.501
[2m[36m(ParallelModGrad pid=2833141)[0m INFO:root:	task: 3	loss: 0.70261922	acc: 0.500
[2m[36m(ParallelModGrad pid=2833141)[0m INFO:root:	task: avg	loss: 0.68220819	acc: 0.500
[2m[36m(ParallelModGrad pid=2833141)[0m INFO:root:epochs: 7, training task: 3
[2m[36m(ParallelModGrad pid=2833141)[0m INFO:root:	task: 0	loss: 0.67992690	acc: 0.500
[2m[36m(ParallelModGrad pid=2833141)[0m INFO:root:	task: 1	loss: 0.68159023	acc: 0.500
[2m[36m(ParallelModGrad pid=2833141)[0m INFO:root:	task: 2	loss: 0.65346243	acc: 0.502
[2m[36m(ParallelModGrad pid=2833141)[0m INFO:root:	task: 3	loss: 0.69957008	acc: 0.500
[2m[36m(ParallelModGrad pid=2833141)[0m INFO:root:	task: avg	loss: 0.67863741	acc: 0.500
[2m[36m(ParallelModGrad pid=2833141)[0m INFO:root:epochs: 8, training task: 3
[2m[36m(ParallelModGrad pid=2833141)[0m INFO:root:	task: 0	loss: 0.67700989	acc: 0.656
[2m[36m(ParallelModGrad pid=2833141)[0m INFO:root:	task: 1	loss: 0.67727222	acc: 0.500
[2m[36m(ParallelModGrad pid=2833141)[0m INFO:root:	task: 2	loss: 0.64900610	acc: 0.531
[2m[36m(ParallelModGrad pid=2833141)[0m INFO:root:	task: 3	loss: 0.69667081	acc: 0.500
[2m[36m(ParallelModGrad pid=2833141)[0m INFO:root:	task: avg	loss: 0.67498976	acc: 0.547
[2m[36m(ParallelModGrad pid=2833141)[0m INFO:root:epochs: 9, training task: 3
[2m[36m(ParallelModGrad pid=2833141)[0m INFO:root:	task: 0	loss: 0.67395555	acc: 0.989
[2m[36m(ParallelModGrad pid=2833141)[0m INFO:root:	task: 1	loss: 0.67434054	acc: 0.500
[2m[36m(ParallelModGrad pid=2833141)[0m INFO:root:	task: 2	loss: 0.64581816	acc: 0.575
[2m[36m(ParallelModGrad pid=2833141)[0m INFO:root:	task: 3	loss: 0.69344180	acc: 0.500
[2m[36m(ParallelModGrad pid=2833141)[0m INFO:root:	task: avg	loss: 0.67188901	acc: 0.641
[2m[36m(ParallelModGrad pid=2833141)[0m INFO:root:epochs: 10, training task: 3
[2m[36m(ParallelModGrad pid=2833141)[0m INFO:root:	task: 0	loss: 0.66961057	acc: 0.995
[2m[36m(ParallelModGrad pid=2833141)[0m INFO:root:	task: 1	loss: 0.66965768	acc: 0.500
[2m[36m(ParallelModGrad pid=2833141)[0m INFO:root:	task: 2	loss: 0.64052126	acc: 0.658
[2m[36m(ParallelModGrad pid=2833141)[0m INFO:root:	task: 3	loss: 0.68904278	acc: 0.500
[2m[36m(ParallelModGrad pid=2833141)[0m INFO:root:	task: avg	loss: 0.66720807	acc: 0.663
[2m[36m(ParallelModGrad pid=2833141)[0m INFO:root:epochs: 11, training task: 3
[2m[36m(ParallelModGrad pid=2833141)[0m INFO:root:	task: 0	loss: 0.66556184	acc: 0.997
[2m[36m(ParallelModGrad pid=2833141)[0m INFO:root:	task: 1	loss: 0.66563915	acc: 0.506
[2m[36m(ParallelModGrad pid=2833141)[0m INFO:root:	task: 2	loss: 0.63542108	acc: 0.816
[2m[36m(ParallelModGrad pid=2833141)[0m INFO:root:	task: 3	loss: 0.68497602	acc: 0.500
[2m[36m(ParallelModGrad pid=2833141)[0m INFO:root:	task: avg	loss: 0.66289952	acc: 0.705
[2m[36m(ParallelModGrad pid=2833141)[0m INFO:root:epochs: 12, training task: 3
[2m[36m(ParallelModGrad pid=2833141)[0m INFO:root:	task: 0	loss: 0.66140231	acc: 0.997
[2m[36m(ParallelModGrad pid=2833141)[0m INFO:root:	task: 1	loss: 0.65997713	acc: 0.678
[2m[36m(ParallelModGrad pid=2833141)[0m INFO:root:	task: 2	loss: 0.62887844	acc: 0.868
[2m[36m(ParallelModGrad pid=2833141)[0m INFO:root:	task: 3	loss: 0.68066896	acc: 0.500
[2m[36m(ParallelModGrad pid=2833141)[0m INFO:root:	task: avg	loss: 0.65773171	acc: 0.761
[2m[36m(ParallelModGrad pid=2833141)[0m INFO:root:epochs: 13, training task: 3
[2m[36m(ParallelModGrad pid=2833141)[0m INFO:root:	task: 0	loss: 0.65782202	acc: 0.997
[2m[36m(ParallelModGrad pid=2833141)[0m INFO:root:	task: 1	loss: 0.65590285	acc: 0.834
[2m[36m(ParallelModGrad pid=2833141)[0m INFO:root:	task: 2	loss: 0.62474807	acc: 0.897
[2m[36m(ParallelModGrad pid=2833141)[0m INFO:root:	task: 3	loss: 0.67726577	acc: 0.500
[2m[36m(ParallelModGrad pid=2833141)[0m INFO:root:	task: avg	loss: 0.65393468	acc: 0.807
[2m[36m(ParallelModGrad pid=2833141)[0m INFO:root:epochs: 14, training task: 3
[2m[36m(ParallelModGrad pid=2833141)[0m INFO:root:	task: 0	loss: 0.65362540	acc: 0.997
[2m[36m(ParallelModGrad pid=2833141)[0m INFO:root:	task: 1	loss: 0.65091106	acc: 0.934
[2m[36m(ParallelModGrad pid=2833141)[0m INFO:root:	task: 2	loss: 0.61715394	acc: 0.902
[2m[36m(ParallelModGrad pid=2833141)[0m INFO:root:	task: 3	loss: 0.67198898	acc: 0.500
[2m[36m(ParallelModGrad pid=2833141)[0m INFO:root:	task: avg	loss: 0.64841985	acc: 0.833
[2m[36m(ParallelModGrad pid=2833141)[0m INFO:root:epochs: 15, training task: 3
[2m[36m(ParallelModGrad pid=2833141)[0m INFO:root:	task: 0	loss: 0.64875944	acc: 0.997
[2m[36m(ParallelModGrad pid=2833141)[0m INFO:root:	task: 1	loss: 0.64586076	acc: 0.956
[2m[36m(ParallelModGrad pid=2833141)[0m INFO:root:	task: 2	loss: 0.61170595	acc: 0.924
[2m[36m(ParallelModGrad pid=2833141)[0m INFO:root:	task: 3	loss: 0.66694183	acc: 0.500
[2m[36m(ParallelModGrad pid=2833141)[0m INFO:root:	task: avg	loss: 0.64331699	acc: 0.844
[2m[36m(ParallelModGrad pid=2833141)[0m INFO:root:epochs: 16, training task: 3
[2m[36m(ParallelModGrad pid=2833141)[0m INFO:root:	task: 0	loss: 0.64513550	acc: 0.996
[2m[36m(ParallelModGrad pid=2833141)[0m INFO:root:	task: 1	loss: 0.64226968	acc: 0.966
[2m[36m(ParallelModGrad pid=2833141)[0m INFO:root:	task: 2	loss: 0.60765311	acc: 0.930
[2m[36m(ParallelModGrad pid=2833141)[0m INFO:root:	task: 3	loss: 0.66196880	acc: 0.500
[2m[36m(ParallelModGrad pid=2833141)[0m INFO:root:	task: avg	loss: 0.63925677	acc: 0.848
[2m[36m(ParallelModGrad pid=2833141)[0m INFO:root:epochs: 17, training task: 3
[2m[36m(ParallelModGrad pid=2833141)[0m INFO:root:	task: 0	loss: 0.64096420	acc: 0.996
[2m[36m(ParallelModGrad pid=2833141)[0m INFO:root:	task: 1	loss: 0.63753544	acc: 0.972
[2m[36m(ParallelModGrad pid=2833141)[0m INFO:root:	task: 2	loss: 0.60081755	acc: 0.937
[2m[36m(ParallelModGrad pid=2833141)[0m INFO:root:	task: 3	loss: 0.65745980	acc: 0.500
[2m[36m(ParallelModGrad pid=2833141)[0m INFO:root:	task: avg	loss: 0.63419425	acc: 0.851
[2m[36m(ParallelModGrad pid=2833141)[0m INFO:root:epochs: 18, training task: 3
[2m[36m(ParallelModGrad pid=2833141)[0m INFO:root:	task: 0	loss: 0.63702538	acc: 0.993
[2m[36m(ParallelModGrad pid=2833141)[0m INFO:root:	task: 1	loss: 0.63349119	acc: 0.971
[2m[36m(ParallelModGrad pid=2833141)[0m INFO:root:	task: 2	loss: 0.59596425	acc: 0.944
[2m[36m(ParallelModGrad pid=2833141)[0m INFO:root:	task: 3	loss: 0.65249055	acc: 0.500
[2m[36m(ParallelModGrad pid=2833141)[0m INFO:root:	task: avg	loss: 0.62974284	acc: 0.852
