/mnt/kostas-graid/sw/envs/vlongle/miniconda3/envs/shell/lib/python3.10/site-packages/hydra/_internal/defaults_list.py:251: UserWarning: In 'config': Defaults list is missing `_self_`. See https://hydra.cc/docs/1.2/upgrades/1.0_to_1.1/default_composition_order for more information
  warnings.warn(msg, UserWarning)
2023-10-17 23:24:47,823	INFO worker.py:1544 -- Started a local Ray instance. View the dashboard at [1m[32m127.0.0.1:8265 [39m[22m
[2m[36m(ParallelModGrad pid=231507)[0m INFO:root:Agent: node_id: 69420, seed: 69420002
[2m[36m(ParallelModGrad pid=231507)[0m INFO:root:epochs: 0, training task: 0
[2m[36m(ParallelModGrad pid=231507)[0m INFO:root:	task: 0	loss: 0.69525797	acc: 0.500
[2m[36m(ParallelModGrad pid=231507)[0m INFO:root:	task: avg	loss: 0.69525797	acc: 0.500
[2m[36m(ParallelModGrad pid=231507)[0m INFO:root:epochs: 0, training task: 0
[2m[36m(ParallelModGrad pid=231507)[0m INFO:root:	task: 0	loss: 0.69525797	acc: 0.500
[2m[36m(ParallelModGrad pid=231507)[0m INFO:root:	task: avg	loss: 0.69525797	acc: 0.500
[2m[36m(ParallelModGrad pid=231507)[0m INFO:root:final components: 4
[2m[36m(ParallelModGrad pid=231507)[0m INFO:root:epochs: 0, training task: 1
[2m[36m(ParallelModGrad pid=231507)[0m INFO:root:	task: 0	loss: 0.69525797	acc: 0.500
[2m[36m(ParallelModGrad pid=231507)[0m INFO:root:	task: 1	loss: 0.69692661	acc: 0.500
[2m[36m(ParallelModGrad pid=231507)[0m INFO:root:	task: avg	loss: 0.69609229	acc: 0.500
[2m[36m(ParallelModGrad pid=231507)[0m INFO:root:epochs: 0, training task: 1
[2m[36m(ParallelModGrad pid=231507)[0m INFO:root:	task: 0	loss: 0.69525797	acc: 0.500
[2m[36m(ParallelModGrad pid=231507)[0m INFO:root:	task: 1	loss: 0.69692661	acc: 0.500
[2m[36m(ParallelModGrad pid=231507)[0m INFO:root:	task: avg	loss: 0.69609229	acc: 0.500
[2m[36m(ParallelModGrad pid=231507)[0m INFO:root:final components: 4
[2m[36m(ParallelModGrad pid=231507)[0m INFO:root:epochs: 0, training task: 2
[2m[36m(ParallelModGrad pid=231507)[0m INFO:root:	task: 0	loss: 0.69525797	acc: 0.500
[2m[36m(ParallelModGrad pid=231507)[0m INFO:root:	task: 1	loss: 0.69692661	acc: 0.500
[2m[36m(ParallelModGrad pid=231507)[0m INFO:root:	task: 2	loss: 0.69241308	acc: 0.500
[2m[36m(ParallelModGrad pid=231507)[0m INFO:root:	task: avg	loss: 0.69486589	acc: 0.500
[2m[36m(ParallelModGrad pid=231507)[0m INFO:root:epochs: 0, training task: 2
[2m[36m(ParallelModGrad pid=231507)[0m INFO:root:	task: 0	loss: 0.69525797	acc: 0.500
[2m[36m(ParallelModGrad pid=231507)[0m INFO:root:	task: 1	loss: 0.69692661	acc: 0.500
[2m[36m(ParallelModGrad pid=231507)[0m INFO:root:	task: 2	loss: 0.69241308	acc: 0.500
[2m[36m(ParallelModGrad pid=231507)[0m INFO:root:	task: avg	loss: 0.69486589	acc: 0.500
[2m[36m(ParallelModGrad pid=231507)[0m INFO:root:final components: 4
[2m[36m(ParallelModGrad pid=231507)[0m INFO:root:epochs: 0, training task: 3
[2m[36m(ParallelModGrad pid=231507)[0m INFO:root:	task: 0	loss: 0.69525797	acc: 0.500
[2m[36m(ParallelModGrad pid=231507)[0m INFO:root:	task: 1	loss: 0.69692661	acc: 0.500
[2m[36m(ParallelModGrad pid=231507)[0m INFO:root:	task: 2	loss: 0.69241308	acc: 0.500
[2m[36m(ParallelModGrad pid=231507)[0m INFO:root:	task: 3	loss: 0.69400986	acc: 0.500
[2m[36m(ParallelModGrad pid=231507)[0m INFO:root:	task: avg	loss: 0.69465188	acc: 0.500
[2m[36m(ParallelModGrad pid=231507)[0m INFO:root:epochs: 1, training task: 3
[2m[36m(ParallelModGrad pid=231507)[0m INFO:root:	task: 0	loss: 0.69579622	acc: 0.500
[2m[36m(ParallelModGrad pid=231507)[0m INFO:root:	task: 1	loss: 0.69726105	acc: 0.500
[2m[36m(ParallelModGrad pid=231507)[0m INFO:root:	task: 2	loss: 0.69060565	acc: 0.500
[2m[36m(ParallelModGrad pid=231507)[0m INFO:root:	task: 3	loss: 0.69323183	acc: 0.500
[2m[36m(ParallelModGrad pid=231507)[0m INFO:root:	task: avg	loss: 0.69422369	acc: 0.500
[2m[36m(ParallelModGrad pid=231507)[0m INFO:root:epochs: 2, training task: 3
[2m[36m(ParallelModGrad pid=231507)[0m INFO:root:	task: 0	loss: 0.69590845	acc: 0.500
[2m[36m(ParallelModGrad pid=231507)[0m INFO:root:	task: 1	loss: 0.69773849	acc: 0.500
[2m[36m(ParallelModGrad pid=231507)[0m INFO:root:	task: 2	loss: 0.68593691	acc: 0.542
[2m[36m(ParallelModGrad pid=231507)[0m INFO:root:	task: 3	loss: 0.69164419	acc: 0.500
[2m[36m(ParallelModGrad pid=231507)[0m INFO:root:	task: avg	loss: 0.69280701	acc: 0.510
[2m[36m(ParallelModGrad pid=231507)[0m INFO:root:epochs: 3, training task: 3
[2m[36m(ParallelModGrad pid=231507)[0m INFO:root:	task: 0	loss: 0.69430277	acc: 0.500
[2m[36m(ParallelModGrad pid=231507)[0m INFO:root:	task: 1	loss: 0.69875927	acc: 0.500
[2m[36m(ParallelModGrad pid=231507)[0m INFO:root:	task: 2	loss: 0.67789816	acc: 0.803
[2m[36m(ParallelModGrad pid=231507)[0m INFO:root:	task: 3	loss: 0.68883249	acc: 0.500
[2m[36m(ParallelModGrad pid=231507)[0m INFO:root:	task: avg	loss: 0.68994817	acc: 0.576
[2m[36m(ParallelModGrad pid=231507)[0m INFO:root:epochs: 4, training task: 3
[2m[36m(ParallelModGrad pid=231507)[0m INFO:root:	task: 0	loss: 0.69275786	acc: 0.500
[2m[36m(ParallelModGrad pid=231507)[0m INFO:root:	task: 1	loss: 0.70006638	acc: 0.500
[2m[36m(ParallelModGrad pid=231507)[0m INFO:root:	task: 2	loss: 0.66812633	acc: 0.882
[2m[36m(ParallelModGrad pid=231507)[0m INFO:root:	task: 3	loss: 0.68449911	acc: 0.500
[2m[36m(ParallelModGrad pid=231507)[0m INFO:root:	task: avg	loss: 0.68636242	acc: 0.596
[2m[36m(ParallelModGrad pid=231507)[0m INFO:root:epochs: 5, training task: 3
[2m[36m(ParallelModGrad pid=231507)[0m INFO:root:	task: 0	loss: 0.68837139	acc: 0.500
[2m[36m(ParallelModGrad pid=231507)[0m INFO:root:	task: 1	loss: 0.70001943	acc: 0.500
[2m[36m(ParallelModGrad pid=231507)[0m INFO:root:	task: 2	loss: 0.65964639	acc: 0.897
[2m[36m(ParallelModGrad pid=231507)[0m INFO:root:	task: 3	loss: 0.68030135	acc: 0.500
[2m[36m(ParallelModGrad pid=231507)[0m INFO:root:	task: avg	loss: 0.68208464	acc: 0.599
[2m[36m(ParallelModGrad pid=231507)[0m INFO:root:epochs: 6, training task: 3
[2m[36m(ParallelModGrad pid=231507)[0m INFO:root:	task: 0	loss: 0.68458828	acc: 0.500
[2m[36m(ParallelModGrad pid=231507)[0m INFO:root:	task: 1	loss: 0.69757847	acc: 0.500
[2m[36m(ParallelModGrad pid=231507)[0m INFO:root:	task: 2	loss: 0.65789538	acc: 0.912
[2m[36m(ParallelModGrad pid=231507)[0m INFO:root:	task: 3	loss: 0.67542994	acc: 0.531
[2m[36m(ParallelModGrad pid=231507)[0m INFO:root:	task: avg	loss: 0.67887302	acc: 0.611
[2m[36m(ParallelModGrad pid=231507)[0m INFO:root:epochs: 7, training task: 3
[2m[36m(ParallelModGrad pid=231507)[0m INFO:root:	task: 0	loss: 0.68250137	acc: 0.500
[2m[36m(ParallelModGrad pid=231507)[0m INFO:root:	task: 1	loss: 0.69488231	acc: 0.500
[2m[36m(ParallelModGrad pid=231507)[0m INFO:root:	task: 2	loss: 0.65583434	acc: 0.938
[2m[36m(ParallelModGrad pid=231507)[0m INFO:root:	task: 3	loss: 0.67315595	acc: 0.580
[2m[36m(ParallelModGrad pid=231507)[0m INFO:root:	task: avg	loss: 0.67659349	acc: 0.629
[2m[36m(ParallelModGrad pid=231507)[0m INFO:root:epochs: 8, training task: 3
[2m[36m(ParallelModGrad pid=231507)[0m INFO:root:	task: 0	loss: 0.67922074	acc: 0.500
[2m[36m(ParallelModGrad pid=231507)[0m INFO:root:	task: 1	loss: 0.69194944	acc: 0.500
[2m[36m(ParallelModGrad pid=231507)[0m INFO:root:	task: 2	loss: 0.64998681	acc: 0.923
[2m[36m(ParallelModGrad pid=231507)[0m INFO:root:	task: 3	loss: 0.66918764	acc: 0.837
[2m[36m(ParallelModGrad pid=231507)[0m INFO:root:	task: avg	loss: 0.67258616	acc: 0.690
[2m[36m(ParallelModGrad pid=231507)[0m INFO:root:epochs: 9, training task: 3
[2m[36m(ParallelModGrad pid=231507)[0m INFO:root:	task: 0	loss: 0.67593594	acc: 0.500
[2m[36m(ParallelModGrad pid=231507)[0m INFO:root:	task: 1	loss: 0.68829189	acc: 0.500
[2m[36m(ParallelModGrad pid=231507)[0m INFO:root:	task: 2	loss: 0.64450453	acc: 0.929
[2m[36m(ParallelModGrad pid=231507)[0m INFO:root:	task: 3	loss: 0.66640053	acc: 0.849
[2m[36m(ParallelModGrad pid=231507)[0m INFO:root:	task: avg	loss: 0.66878322	acc: 0.695
[2m[36m(ParallelModGrad pid=231507)[0m INFO:root:epochs: 10, training task: 3
[2m[36m(ParallelModGrad pid=231507)[0m INFO:root:	task: 0	loss: 0.67145265	acc: 0.500
[2m[36m(ParallelModGrad pid=231507)[0m INFO:root:	task: 1	loss: 0.68451270	acc: 0.500
[2m[36m(ParallelModGrad pid=231507)[0m INFO:root:	task: 2	loss: 0.64108460	acc: 0.938
[2m[36m(ParallelModGrad pid=231507)[0m INFO:root:	task: 3	loss: 0.66275034	acc: 0.918
[2m[36m(ParallelModGrad pid=231507)[0m INFO:root:	task: avg	loss: 0.66495007	acc: 0.714
[2m[36m(ParallelModGrad pid=231507)[0m INFO:root:epochs: 11, training task: 3
[2m[36m(ParallelModGrad pid=231507)[0m INFO:root:	task: 0	loss: 0.66686146	acc: 0.500
[2m[36m(ParallelModGrad pid=231507)[0m INFO:root:	task: 1	loss: 0.68077975	acc: 0.500
[2m[36m(ParallelModGrad pid=231507)[0m INFO:root:	task: 2	loss: 0.63662107	acc: 0.934
[2m[36m(ParallelModGrad pid=231507)[0m INFO:root:	task: 3	loss: 0.65817523	acc: 0.938
[2m[36m(ParallelModGrad pid=231507)[0m INFO:root:	task: avg	loss: 0.66060938	acc: 0.718
[2m[36m(ParallelModGrad pid=231507)[0m INFO:root:epochs: 12, training task: 3
[2m[36m(ParallelModGrad pid=231507)[0m INFO:root:	task: 0	loss: 0.66226124	acc: 0.500
[2m[36m(ParallelModGrad pid=231507)[0m INFO:root:	task: 1	loss: 0.67643159	acc: 0.500
[2m[36m(ParallelModGrad pid=231507)[0m INFO:root:	task: 2	loss: 0.63104397	acc: 0.935
[2m[36m(ParallelModGrad pid=231507)[0m INFO:root:	task: 3	loss: 0.65534373	acc: 0.942
[2m[36m(ParallelModGrad pid=231507)[0m INFO:root:	task: avg	loss: 0.65627013	acc: 0.719
[2m[36m(ParallelModGrad pid=231507)[0m INFO:root:epochs: 13, training task: 3
[2m[36m(ParallelModGrad pid=231507)[0m INFO:root:	task: 0	loss: 0.65761079	acc: 0.500
[2m[36m(ParallelModGrad pid=231507)[0m INFO:root:	task: 1	loss: 0.67187493	acc: 0.505
[2m[36m(ParallelModGrad pid=231507)[0m INFO:root:	task: 2	loss: 0.62662488	acc: 0.944
[2m[36m(ParallelModGrad pid=231507)[0m INFO:root:	task: 3	loss: 0.65262820	acc: 0.950
[2m[36m(ParallelModGrad pid=231507)[0m INFO:root:	task: avg	loss: 0.65218470	acc: 0.725
[2m[36m(ParallelModGrad pid=231507)[0m INFO:root:epochs: 14, training task: 3
[2m[36m(ParallelModGrad pid=231507)[0m INFO:root:	task: 0	loss: 0.65240736	acc: 0.500
[2m[36m(ParallelModGrad pid=231507)[0m INFO:root:	task: 1	loss: 0.66705486	acc: 0.577
[2m[36m(ParallelModGrad pid=231507)[0m INFO:root:	task: 2	loss: 0.62207229	acc: 0.940
[2m[36m(ParallelModGrad pid=231507)[0m INFO:root:	task: 3	loss: 0.64583178	acc: 0.959
[2m[36m(ParallelModGrad pid=231507)[0m INFO:root:	task: avg	loss: 0.64684157	acc: 0.744
[2m[36m(ParallelModGrad pid=231507)[0m INFO:root:epochs: 15, training task: 3
[2m[36m(ParallelModGrad pid=231507)[0m INFO:root:	task: 0	loss: 0.64740273	acc: 0.500
[2m[36m(ParallelModGrad pid=231507)[0m INFO:root:	task: 1	loss: 0.66212424	acc: 0.769
[2m[36m(ParallelModGrad pid=231507)[0m INFO:root:	task: 2	loss: 0.61634126	acc: 0.947
[2m[36m(ParallelModGrad pid=231507)[0m INFO:root:	task: 3	loss: 0.64272096	acc: 0.958
[2m[36m(ParallelModGrad pid=231507)[0m INFO:root:	task: avg	loss: 0.64214730	acc: 0.793
[2m[36m(ParallelModGrad pid=231507)[0m INFO:root:epochs: 16, training task: 3
[2m[36m(ParallelModGrad pid=231507)[0m INFO:root:	task: 0	loss: 0.64266443	acc: 0.500
[2m[36m(ParallelModGrad pid=231507)[0m INFO:root:	task: 1	loss: 0.65641714	acc: 0.866
[2m[36m(ParallelModGrad pid=231507)[0m INFO:root:	task: 2	loss: 0.61300379	acc: 0.947
[2m[36m(ParallelModGrad pid=231507)[0m INFO:root:	task: 3	loss: 0.64034811	acc: 0.959
[2m[36m(ParallelModGrad pid=231507)[0m INFO:root:	task: avg	loss: 0.63810837	acc: 0.818
[2m[36m(ParallelModGrad pid=231507)[0m INFO:root:epochs: 17, training task: 3
[2m[36m(ParallelModGrad pid=231507)[0m INFO:root:	task: 0	loss: 0.63747162	acc: 0.500
[2m[36m(ParallelModGrad pid=231507)[0m INFO:root:	task: 1	loss: 0.65127954	acc: 0.897
[2m[36m(ParallelModGrad pid=231507)[0m INFO:root:	task: 2	loss: 0.60773220	acc: 0.947
[2m[36m(ParallelModGrad pid=231507)[0m INFO:root:	task: 3	loss: 0.63557948	acc: 0.957
[2m[36m(ParallelModGrad pid=231507)[0m INFO:root:	task: avg	loss: 0.63301571	acc: 0.825
[2m[36m(ParallelModGrad pid=231507)[0m INFO:root:epochs: 18, training task: 3
[2m[36m(ParallelModGrad pid=231507)[0m INFO:root:	task: 0	loss: 0.63290262	acc: 0.500
[2m[36m(ParallelModGrad pid=231507)[0m INFO:root:	task: 1	loss: 0.64631405	acc: 0.910
[2m[36m(ParallelModGrad pid=231507)[0m INFO:root:	task: 2	loss: 0.60225098	acc: 0.952
[2m[36m(ParallelModGrad pid=231507)[0m INFO:root:	task: 3	loss: 0.63199490	acc: 0.957
[2m[36m(ParallelModGrad pid=231507)[0m INFO:root:	task: avg	loss: 0.62836563	acc: 0.830
[2m[36m(ParallelModGrad pid=231507)[0m INFO:root:epochs: 19, training task: 3
[2m[36m(ParallelModGrad pid=231507)[0m INFO:root:	task: 0	loss: 0.62722305	acc: 0.503
[2m[36m(ParallelModGrad pid=231507)[0m INFO:root:	task: 1	loss: 0.64068810	acc: 0.918
[2m[36m(ParallelModGrad pid=231507)[0m INFO:root:	task: 2	loss: 0.59779070	acc: 0.951
[2m[36m(ParallelModGrad pid=231507)[0m INFO:root:	task: 3	loss: 0.62652271	acc: 0.958
[2m[36m(ParallelModGrad pid=231507)[0m INFO:root:	task: avg	loss: 0.62305614	acc: 0.833
[2m[36m(ParallelModGrad pid=231507)[0m INFO:root:epochs: 20, training task: 3
[2m[36m(ParallelModGrad pid=231507)[0m INFO:root:	task: 0	loss: 0.62248117	acc: 0.520
[2m[36m(ParallelModGrad pid=231507)[0m INFO:root:	task: 1	loss: 0.63540546	acc: 0.923
[2m[36m(ParallelModGrad pid=231507)[0m INFO:root:	task: 2	loss: 0.59420121	acc: 0.951
[2m[36m(ParallelModGrad pid=231507)[0m INFO:root:	task: 3	loss: 0.62608794	acc: 0.956
[2m[36m(ParallelModGrad pid=231507)[0m INFO:root:	task: avg	loss: 0.61954395	acc: 0.838
[2m[36m(ParallelModGrad pid=231507)[0m INFO:root:epochs: 21, training task: 3
[2m[36m(ParallelModGrad pid=231507)[0m INFO:root:	task: 0	loss: 0.61788674	acc: 0.569
[2m[36m(ParallelModGrad pid=231507)[0m INFO:root:	task: 1	loss: 0.63005102	acc: 0.928
[2m[36m(ParallelModGrad pid=231507)[0m INFO:root:	task: 2	loss: 0.58997095	acc: 0.950
[2m[36m(ParallelModGrad pid=231507)[0m INFO:root:	task: 3	loss: 0.62130216	acc: 0.955
[2m[36m(ParallelModGrad pid=231507)[0m INFO:root:	task: avg	loss: 0.61480272	acc: 0.850
[2m[36m(ParallelModGrad pid=231507)[0m INFO:root:epochs: 22, training task: 3
[2m[36m(ParallelModGrad pid=231507)[0m INFO:root:	task: 0	loss: 0.61321021	acc: 0.714
[2m[36m(ParallelModGrad pid=231507)[0m INFO:root:	task: 1	loss: 0.62445084	acc: 0.928
[2m[36m(ParallelModGrad pid=231507)[0m INFO:root:	task: 2	loss: 0.58536296	acc: 0.955
[2m[36m(ParallelModGrad pid=231507)[0m INFO:root:	task: 3	loss: 0.61593126	acc: 0.955
[2m[36m(ParallelModGrad pid=231507)[0m INFO:root:	task: avg	loss: 0.60973882	acc: 0.888
[2m[36m(ParallelModGrad pid=231507)[0m INFO:root:epochs: 23, training task: 3
[2m[36m(ParallelModGrad pid=231507)[0m INFO:root:	task: 0	loss: 0.60752572	acc: 0.850
[2m[36m(ParallelModGrad pid=231507)[0m INFO:root:	task: 1	loss: 0.62019736	acc: 0.928
[2m[36m(ParallelModGrad pid=231507)[0m INFO:root:	task: 2	loss: 0.58109417	acc: 0.950
[2m[36m(ParallelModGrad pid=231507)[0m INFO:root:	task: 3	loss: 0.61301607	acc: 0.957
[2m[36m(ParallelModGrad pid=231507)[0m INFO:root:	task: avg	loss: 0.60545833	acc: 0.921
[2m[36m(ParallelModGrad pid=231507)[0m INFO:root:epochs: 24, training task: 3
[2m[36m(ParallelModGrad pid=231507)[0m INFO:root:	task: 0	loss: 0.60198882	acc: 0.945
[2m[36m(ParallelModGrad pid=231507)[0m INFO:root:	task: 1	loss: 0.61311613	acc: 0.941
[2m[36m(ParallelModGrad pid=231507)[0m INFO:root:	task: 2	loss: 0.57637235	acc: 0.956
[2m[36m(ParallelModGrad pid=231507)[0m INFO:root:	task: 3	loss: 0.60819378	acc: 0.949
[2m[36m(ParallelModGrad pid=231507)[0m INFO:root:	task: avg	loss: 0.59991777	acc: 0.947
[2m[36m(ParallelModGrad pid=231507)[0m INFO:root:epochs: 25, training task: 3
[2m[36m(ParallelModGrad pid=231507)[0m INFO:root:	task: 0	loss: 0.59749749	acc: 0.955
[2m[36m(ParallelModGrad pid=231507)[0m INFO:root:	task: 1	loss: 0.60685720	acc: 0.938
[2m[36m(ParallelModGrad pid=231507)[0m INFO:root:	task: 2	loss: 0.57264493	acc: 0.956
[2m[36m(ParallelModGrad pid=231507)[0m INFO:root:	task: 3	loss: 0.60456574	acc: 0.956
[2m[36m(ParallelModGrad pid=231507)[0m INFO:root:	task: avg	loss: 0.59539134	acc: 0.951
[2m[36m(ParallelModGrad pid=231507)[0m INFO:root:epochs: 26, training task: 3
[2m[36m(ParallelModGrad pid=231507)[0m INFO:root:	task: 0	loss: 0.59015399	acc: 0.987
[2m[36m(ParallelModGrad pid=231507)[0m INFO:root:	task: 1	loss: 0.60193042	acc: 0.937
[2m[36m(ParallelModGrad pid=231507)[0m INFO:root:	task: 2	loss: 0.56817302	acc: 0.954
[2m[36m(ParallelModGrad pid=231507)[0m INFO:root:	task: 3	loss: 0.59906654	acc: 0.954
[2m[36m(ParallelModGrad pid=231507)[0m INFO:root:	task: avg	loss: 0.58983099	acc: 0.958
[2m[36m(ParallelModGrad pid=231507)[0m INFO:root:epochs: 27, training task: 3
[2m[36m(ParallelModGrad pid=231507)[0m INFO:root:	task: 0	loss: 0.58789010	acc: 0.984
[2m[36m(ParallelModGrad pid=231507)[0m INFO:root:	task: 1	loss: 0.59692617	acc: 0.939
[2m[36m(ParallelModGrad pid=231507)[0m INFO:root:	task: 2	loss: 0.56375833	acc: 0.958
[2m[36m(ParallelModGrad pid=231507)[0m INFO:root:	task: 3	loss: 0.59946173	acc: 0.948
[2m[36m(ParallelModGrad pid=231507)[0m INFO:root:	task: avg	loss: 0.58700908	acc: 0.957
[2m[36m(ParallelModGrad pid=231507)[0m INFO:root:epochs: 28, training task: 3
[2m[36m(ParallelModGrad pid=231507)[0m INFO:root:	task: 0	loss: 0.58176801	acc: 0.992
[2m[36m(ParallelModGrad pid=231507)[0m INFO:root:	task: 1	loss: 0.59149877	acc: 0.947
[2m[36m(ParallelModGrad pid=231507)[0m INFO:root:	task: 2	loss: 0.55905921	acc: 0.957
[2m[36m(ParallelModGrad pid=231507)[0m INFO:root:	task: 3	loss: 0.59183681	acc: 0.952
[2m[36m(ParallelModGrad pid=231507)[0m INFO:root:	task: avg	loss: 0.58104070	acc: 0.962
[2m[36m(ParallelModGrad pid=231507)[0m INFO:root:epochs: 29, training task: 3
[2m[36m(ParallelModGrad pid=231507)[0m INFO:root:	task: 0	loss: 0.57593957	acc: 0.995
[2m[36m(ParallelModGrad pid=231507)[0m INFO:root:	task: 1	loss: 0.58466609	acc: 0.943
[2m[36m(ParallelModGrad pid=231507)[0m INFO:root:	task: 2	loss: 0.55701583	acc: 0.956
[2m[36m(ParallelModGrad pid=231507)[0m INFO:root:	task: 3	loss: 0.58918844	acc: 0.952
[2m[36m(ParallelModGrad pid=231507)[0m INFO:root:	task: avg	loss: 0.57670248	acc: 0.961
[2m[36m(ParallelModGrad pid=231507)[0m INFO:root:epochs: 30, training task: 3
[2m[36m(ParallelModGrad pid=231507)[0m INFO:root:	task: 0	loss: 0.57101026	acc: 0.997
[2m[36m(ParallelModGrad pid=231507)[0m INFO:root:	task: 1	loss: 0.58285074	acc: 0.947
[2m[36m(ParallelModGrad pid=231507)[0m INFO:root:	task: 2	loss: 0.55451752	acc: 0.956
[2m[36m(ParallelModGrad pid=231507)[0m INFO:root:	task: 3	loss: 0.58697506	acc: 0.950
[2m[36m(ParallelModGrad pid=231507)[0m INFO:root:	task: avg	loss: 0.57383840	acc: 0.962
[2m[36m(ParallelModGrad pid=231507)[0m INFO:root:epochs: 31, training task: 3
[2m[36m(ParallelModGrad pid=231507)[0m INFO:root:	task: 0	loss: 0.56699716	acc: 0.997
[2m[36m(ParallelModGrad pid=231507)[0m INFO:root:	task: 1	loss: 0.57472261	acc: 0.946
[2m[36m(ParallelModGrad pid=231507)[0m INFO:root:	task: 2	loss: 0.54705056	acc: 0.955
[2m[36m(ParallelModGrad pid=231507)[0m INFO:root:	task: 3	loss: 0.58173557	acc: 0.947
[2m[36m(ParallelModGrad pid=231507)[0m INFO:root:	task: avg	loss: 0.56762647	acc: 0.961
[2m[36m(ParallelModGrad pid=231507)[0m INFO:root:epochs: 32, training task: 3
[2m[36m(ParallelModGrad pid=231507)[0m INFO:root:	task: 0	loss: 0.56232049	acc: 0.997
[2m[36m(ParallelModGrad pid=231507)[0m INFO:root:	task: 1	loss: 0.57048470	acc: 0.950
[2m[36m(ParallelModGrad pid=231507)[0m INFO:root:	task: 2	loss: 0.54367503	acc: 0.957
[2m[36m(ParallelModGrad pid=231507)[0m INFO:root:	task: 3	loss: 0.58010996	acc: 0.942
[2m[36m(ParallelModGrad pid=231507)[0m INFO:root:	task: avg	loss: 0.56414754	acc: 0.961
[2m[36m(ParallelModGrad pid=231507)[0m INFO:root:epochs: 33, training task: 3
[2m[36m(ParallelModGrad pid=231507)[0m INFO:root:	task: 0	loss: 0.55614717	acc: 0.997
[2m[36m(ParallelModGrad pid=231507)[0m INFO:root:	task: 1	loss: 0.56645686	acc: 0.950
[2m[36m(ParallelModGrad pid=231507)[0m INFO:root:	task: 2	loss: 0.53849465	acc: 0.957
[2m[36m(ParallelModGrad pid=231507)[0m INFO:root:	task: 3	loss: 0.57427193	acc: 0.946
[2m[36m(ParallelModGrad pid=231507)[0m INFO:root:	task: avg	loss: 0.55884265	acc: 0.962
[2m[36m(ParallelModGrad pid=231507)[0m INFO:root:epochs: 34, training task: 3
[2m[36m(ParallelModGrad pid=231507)[0m INFO:root:	task: 0	loss: 0.55139212	acc: 0.998
[2m[36m(ParallelModGrad pid=231507)[0m INFO:root:	task: 1	loss: 0.56046045	acc: 0.952
[2m[36m(ParallelModGrad pid=231507)[0m INFO:root:	task: 2	loss: 0.53547084	acc: 0.955
[2m[36m(ParallelModGrad pid=231507)[0m INFO:root:	task: 3	loss: 0.56856641	acc: 0.950
[2m[36m(ParallelModGrad pid=231507)[0m INFO:root:	task: avg	loss: 0.55397246	acc: 0.964
[2m[36m(ParallelModGrad pid=231507)[0m INFO:root:epochs: 35, training task: 3
[2m[36m(ParallelModGrad pid=231507)[0m INFO:root:	task: 0	loss: 0.54636298	acc: 0.998
[2m[36m(ParallelModGrad pid=231507)[0m INFO:root:	task: 1	loss: 0.55577383	acc: 0.945
[2m[36m(ParallelModGrad pid=231507)[0m INFO:root:	task: 2	loss: 0.53317641	acc: 0.959
[2m[36m(ParallelModGrad pid=231507)[0m INFO:root:	task: 3	loss: 0.56532818	acc: 0.949
[2m[36m(ParallelModGrad pid=231507)[0m INFO:root:	task: avg	loss: 0.55016035	acc: 0.963
[2m[36m(ParallelModGrad pid=231507)[0m INFO:root:epochs: 36, training task: 3
[2m[36m(ParallelModGrad pid=231507)[0m INFO:root:	task: 0	loss: 0.54370401	acc: 0.999
[2m[36m(ParallelModGrad pid=231507)[0m INFO:root:	task: 1	loss: 0.55259003	acc: 0.952
[2m[36m(ParallelModGrad pid=231507)[0m INFO:root:	task: 2	loss: 0.52874918	acc: 0.955
[2m[36m(ParallelModGrad pid=231507)[0m INFO:root:	task: 3	loss: 0.56429261	acc: 0.945
[2m[36m(ParallelModGrad pid=231507)[0m INFO:root:	task: avg	loss: 0.54733396	acc: 0.963
[2m[36m(ParallelModGrad pid=231507)[0m INFO:root:epochs: 37, training task: 3
[2m[36m(ParallelModGrad pid=231507)[0m INFO:root:	task: 0	loss: 0.53914095	acc: 0.999
[2m[36m(ParallelModGrad pid=231507)[0m INFO:root:	task: 1	loss: 0.54562591	acc: 0.951
[2m[36m(ParallelModGrad pid=231507)[0m INFO:root:	task: 2	loss: 0.52493841	acc: 0.956
[2m[36m(ParallelModGrad pid=231507)[0m INFO:root:	task: 3	loss: 0.56271075	acc: 0.938
[2m[36m(ParallelModGrad pid=231507)[0m INFO:root:	task: avg	loss: 0.54310400	acc: 0.961
[2m[36m(ParallelModGrad pid=231507)[0m INFO:root:epochs: 38, training task: 3
[2m[36m(ParallelModGrad pid=231507)[0m INFO:root:	task: 0	loss: 0.53213431	acc: 0.999
[2m[36m(ParallelModGrad pid=231507)[0m INFO:root:	task: 1	loss: 0.54216233	acc: 0.945
[2m[36m(ParallelModGrad pid=231507)[0m INFO:root:	task: 2	loss: 0.52290366	acc: 0.959
[2m[36m(ParallelModGrad pid=231507)[0m INFO:root:	task: 3	loss: 0.55613034	acc: 0.941
[2m[36m(ParallelModGrad pid=231507)[0m INFO:root:	task: avg	loss: 0.53833266	acc: 0.961
[2m[36m(ParallelModGrad pid=231507)[0m INFO:root:epochs: 39, training task: 3
[2m[36m(ParallelModGrad pid=231507)[0m INFO:root:	task: 0	loss: 0.52808352	acc: 0.998
[2m[36m(ParallelModGrad pid=231507)[0m INFO:root:	task: 1	loss: 0.53806006	acc: 0.950
[2m[36m(ParallelModGrad pid=231507)[0m INFO:root:	task: 2	loss: 0.51653078	acc: 0.959
[2m[36m(ParallelModGrad pid=231507)[0m INFO:root:	task: 3	loss: 0.55514919	acc: 0.946
[2m[36m(ParallelModGrad pid=231507)[0m INFO:root:	task: avg	loss: 0.53445589	acc: 0.963
[2m[36m(ParallelModGrad pid=231507)[0m INFO:root:epochs: 40, training task: 3
[2m[36m(ParallelModGrad pid=231507)[0m INFO:root:	task: 0	loss: 0.52444962	acc: 0.998
[2m[36m(ParallelModGrad pid=231507)[0m INFO:root:	task: 1	loss: 0.53199906	acc: 0.950
[2m[36m(ParallelModGrad pid=231507)[0m INFO:root:	task: 2	loss: 0.51269539	acc: 0.959
[2m[36m(ParallelModGrad pid=231507)[0m INFO:root:	task: 3	loss: 0.55307417	acc: 0.941
[2m[36m(ParallelModGrad pid=231507)[0m INFO:root:	task: avg	loss: 0.53055456	acc: 0.962
[2m[36m(ParallelModGrad pid=231507)[0m INFO:root:epochs: 41, training task: 3
[2m[36m(ParallelModGrad pid=231507)[0m INFO:root:	task: 0	loss: 0.51783498	acc: 0.998
[2m[36m(ParallelModGrad pid=231507)[0m INFO:root:	task: 1	loss: 0.52749947	acc: 0.950
[2m[36m(ParallelModGrad pid=231507)[0m INFO:root:	task: 2	loss: 0.51221614	acc: 0.966
[2m[36m(ParallelModGrad pid=231507)[0m INFO:root:	task: 3	loss: 0.54379884	acc: 0.944
[2m[36m(ParallelModGrad pid=231507)[0m INFO:root:	task: avg	loss: 0.52533736	acc: 0.964
[2m[36m(ParallelModGrad pid=231507)[0m INFO:root:epochs: 42, training task: 3
[2m[36m(ParallelModGrad pid=231507)[0m INFO:root:	task: 0	loss: 0.51342447	acc: 0.998
[2m[36m(ParallelModGrad pid=231507)[0m INFO:root:	task: 1	loss: 0.52176804	acc: 0.953
[2m[36m(ParallelModGrad pid=231507)[0m INFO:root:	task: 2	loss: 0.50582755	acc: 0.960
[2m[36m(ParallelModGrad pid=231507)[0m INFO:root:	task: 3	loss: 0.54082205	acc: 0.945
[2m[36m(ParallelModGrad pid=231507)[0m INFO:root:	task: avg	loss: 0.52046052	acc: 0.964
[2m[36m(ParallelModGrad pid=231507)[0m INFO:root:epochs: 43, training task: 3
[2m[36m(ParallelModGrad pid=231507)[0m INFO:root:	task: 0	loss: 0.51145317	acc: 0.998
[2m[36m(ParallelModGrad pid=231507)[0m INFO:root:	task: 1	loss: 0.51806239	acc: 0.952
[2m[36m(ParallelModGrad pid=231507)[0m INFO:root:	task: 2	loss: 0.50348610	acc: 0.963
[2m[36m(ParallelModGrad pid=231507)[0m INFO:root:	task: 3	loss: 0.54077078	acc: 0.943
[2m[36m(ParallelModGrad pid=231507)[0m INFO:root:	task: avg	loss: 0.51844311	acc: 0.964
[2m[36m(ParallelModGrad pid=231507)[0m INFO:root:epochs: 44, training task: 3
[2m[36m(ParallelModGrad pid=231507)[0m INFO:root:	task: 0	loss: 0.50573095	acc: 0.999
[2m[36m(ParallelModGrad pid=231507)[0m INFO:root:	task: 1	loss: 0.51544117	acc: 0.951
[2m[36m(ParallelModGrad pid=231507)[0m INFO:root:	task: 2	loss: 0.49946461	acc: 0.960
[2m[36m(ParallelModGrad pid=231507)[0m INFO:root:	task: 3	loss: 0.53868348	acc: 0.945
[2m[36m(ParallelModGrad pid=231507)[0m INFO:root:	task: avg	loss: 0.51483005	acc: 0.963
[2m[36m(ParallelModGrad pid=231507)[0m INFO:root:epochs: 45, training task: 3
[2m[36m(ParallelModGrad pid=231507)[0m INFO:root:	task: 0	loss: 0.50282909	acc: 0.998
[2m[36m(ParallelModGrad pid=231507)[0m INFO:root:	task: 1	loss: 0.51114199	acc: 0.956
[2m[36m(ParallelModGrad pid=231507)[0m INFO:root:	task: 2	loss: 0.49741070	acc: 0.956
[2m[36m(ParallelModGrad pid=231507)[0m INFO:root:	task: 3	loss: 0.53754140	acc: 0.940
[2m[36m(ParallelModGrad pid=231507)[0m INFO:root:	task: avg	loss: 0.51223079	acc: 0.962
[2m[36m(ParallelModGrad pid=231507)[0m INFO:root:epochs: 46, training task: 3
[2m[36m(ParallelModGrad pid=231507)[0m INFO:root:	task: 0	loss: 0.49686911	acc: 0.998
[2m[36m(ParallelModGrad pid=231507)[0m INFO:root:	task: 1	loss: 0.50124634	acc: 0.952
[2m[36m(ParallelModGrad pid=231507)[0m INFO:root:	task: 2	loss: 0.49224084	acc: 0.965
[2m[36m(ParallelModGrad pid=231507)[0m INFO:root:	task: 3	loss: 0.52882767	acc: 0.946
[2m[36m(ParallelModGrad pid=231507)[0m INFO:root:	task: avg	loss: 0.50479599	acc: 0.965
[2m[36m(ParallelModGrad pid=231507)[0m INFO:root:epochs: 47, training task: 3
[2m[36m(ParallelModGrad pid=231507)[0m INFO:root:	task: 0	loss: 0.49027758	acc: 0.998
[2m[36m(ParallelModGrad pid=231507)[0m INFO:root:	task: 1	loss: 0.49812630	acc: 0.951
[2m[36m(ParallelModGrad pid=231507)[0m INFO:root:	task: 2	loss: 0.48780484	acc: 0.963
[2m[36m(ParallelModGrad pid=231507)[0m INFO:root:	task: 3	loss: 0.52477907	acc: 0.946
[2m[36m(ParallelModGrad pid=231507)[0m INFO:root:	task: avg	loss: 0.50024695	acc: 0.964
[2m[36m(ParallelModGrad pid=231507)[0m INFO:root:epochs: 48, training task: 3
[2m[36m(ParallelModGrad pid=231507)[0m INFO:root:	task: 0	loss: 0.48774620	acc: 0.998
[2m[36m(ParallelModGrad pid=231507)[0m INFO:root:	task: 1	loss: 0.49849216	acc: 0.954
[2m[36m(ParallelModGrad pid=231507)[0m INFO:root:	task: 2	loss: 0.48508916	acc: 0.961
[2m[36m(ParallelModGrad pid=231507)[0m INFO:root:	task: 3	loss: 0.52532687	acc: 0.944
[2m[36m(ParallelModGrad pid=231507)[0m INFO:root:	task: avg	loss: 0.49916360	acc: 0.964
[2m[36m(ParallelModGrad pid=231507)[0m INFO:root:epochs: 49, training task: 3
[2m[36m(ParallelModGrad pid=231507)[0m INFO:root:	task: 0	loss: 0.48261274	acc: 0.998
[2m[36m(ParallelModGrad pid=231507)[0m INFO:root:	task: 1	loss: 0.48852391	acc: 0.952
[2m[36m(ParallelModGrad pid=231507)[0m INFO:root:	task: 2	loss: 0.48040483	acc: 0.963
[2m[36m(ParallelModGrad pid=231507)[0m INFO:root:	task: 3	loss: 0.52075279	acc: 0.944
[2m[36m(ParallelModGrad pid=231507)[0m INFO:root:	task: avg	loss: 0.49307357	acc: 0.964
[2m[36m(ParallelModGrad pid=231507)[0m INFO:root:epochs: 50, training task: 3
[2m[36m(ParallelModGrad pid=231507)[0m INFO:root:	task: 0	loss: 0.47874693	acc: 0.998
[2m[36m(ParallelModGrad pid=231507)[0m INFO:root:	task: 1	loss: 0.48347922	acc: 0.950
[2m[36m(ParallelModGrad pid=231507)[0m INFO:root:	task: 2	loss: 0.47520956	acc: 0.965
[2m[36m(ParallelModGrad pid=231507)[0m INFO:root:	task: 3	loss: 0.52157465	acc: 0.939
[2m[36m(ParallelModGrad pid=231507)[0m INFO:root:	task: avg	loss: 0.48975259	acc: 0.963
[2m[36m(ParallelModGrad pid=231507)[0m INFO:root:epochs: 51, training task: 3
[2m[36m(ParallelModGrad pid=231507)[0m INFO:root:	task: 0	loss: 0.47471359	acc: 0.998
[2m[36m(ParallelModGrad pid=231507)[0m INFO:root:	task: 1	loss: 0.48320720	acc: 0.957
[2m[36m(ParallelModGrad pid=231507)[0m INFO:root:	task: 2	loss: 0.47490825	acc: 0.966
[2m[36m(ParallelModGrad pid=231507)[0m INFO:root:	task: 3	loss: 0.51622591	acc: 0.943
[2m[36m(ParallelModGrad pid=231507)[0m INFO:root:	task: avg	loss: 0.48726373	acc: 0.966
[2m[36m(ParallelModGrad pid=231507)[0m INFO:root:epochs: 52, training task: 3
[2m[36m(ParallelModGrad pid=231507)[0m INFO:root:	task: 0	loss: 0.46936528	acc: 0.998
[2m[36m(ParallelModGrad pid=231507)[0m INFO:root:	task: 1	loss: 0.48023989	acc: 0.957
[2m[36m(ParallelModGrad pid=231507)[0m INFO:root:	task: 2	loss: 0.47166517	acc: 0.965
[2m[36m(ParallelModGrad pid=231507)[0m INFO:root:	task: 3	loss: 0.51186467	acc: 0.941
[2m[36m(ParallelModGrad pid=231507)[0m INFO:root:	task: avg	loss: 0.48328375	acc: 0.965
[2m[36m(ParallelModGrad pid=231507)[0m INFO:root:epochs: 53, training task: 3
[2m[36m(ParallelModGrad pid=231507)[0m INFO:root:	task: 0	loss: 0.46601487	acc: 0.998
[2m[36m(ParallelModGrad pid=231507)[0m INFO:root:	task: 1	loss: 0.47815015	acc: 0.952
[2m[36m(ParallelModGrad pid=231507)[0m INFO:root:	task: 2	loss: 0.46801376	acc: 0.963
[2m[36m(ParallelModGrad pid=231507)[0m INFO:root:	task: 3	loss: 0.50809820	acc: 0.941
[2m[36m(ParallelModGrad pid=231507)[0m INFO:root:	task: avg	loss: 0.48006925	acc: 0.963
[2m[36m(ParallelModGrad pid=231507)[0m INFO:root:epochs: 54, training task: 3
[2m[36m(ParallelModGrad pid=231507)[0m INFO:root:	task: 0	loss: 0.46349874	acc: 0.998
[2m[36m(ParallelModGrad pid=231507)[0m INFO:root:	task: 1	loss: 0.47684378	acc: 0.956
[2m[36m(ParallelModGrad pid=231507)[0m INFO:root:	task: 2	loss: 0.46722811	acc: 0.963
[2m[36m(ParallelModGrad pid=231507)[0m INFO:root:	task: 3	loss: 0.50848076	acc: 0.942
[2m[36m(ParallelModGrad pid=231507)[0m INFO:root:	task: avg	loss: 0.47901285	acc: 0.964
[2m[36m(ParallelModGrad pid=231507)[0m INFO:root:epochs: 55, training task: 3
[2m[36m(ParallelModGrad pid=231507)[0m INFO:root:	task: 0	loss: 0.45620569	acc: 0.998
[2m[36m(ParallelModGrad pid=231507)[0m INFO:root:	task: 1	loss: 0.47033232	acc: 0.952
[2m[36m(ParallelModGrad pid=231507)[0m INFO:root:	task: 2	loss: 0.46201352	acc: 0.962
[2m[36m(ParallelModGrad pid=231507)[0m INFO:root:	task: 3	loss: 0.50671455	acc: 0.936
[2m[36m(ParallelModGrad pid=231507)[0m INFO:root:	task: avg	loss: 0.47381652	acc: 0.962
slurmstepd: error: *** STEP 130122.0 ON ee-a6000-0.grasp.maas CANCELLED AT 2023-10-17T23:26:17 ***
slurmstepd: error: *** JOB 130122 ON ee-a6000-0.grasp.maas CANCELLED AT 2023-10-17T23:26:17 ***
