/mnt/kostas-graid/sw/envs/vlongle/miniconda3/envs/shell/lib/python3.10/site-packages/hydra/_internal/defaults_list.py:251: UserWarning: In 'config': Defaults list is missing `_self_`. See https://hydra.cc/docs/1.2/upgrades/1.0_to_1.1/default_composition_order for more information
  warnings.warn(msg, UserWarning)
2023-10-17 21:18:25,784	INFO worker.py:1544 -- Started a local Ray instance. View the dashboard at [1m[32m127.0.0.1:8266 [39m[22m
[2m[36m(ParallelModGrad pid=1734367)[0m INFO:root:Agent: node_id: 69420, seed: 69420002
[2m[36m(ParallelModGrad pid=1734367)[0m INFO:root:epochs: 0, training task: 0
[2m[36m(ParallelModGrad pid=1734367)[0m INFO:root:	task: 0	loss: 0.69400788	acc: 0.509
[2m[36m(ParallelModGrad pid=1734367)[0m INFO:root:	task: avg	loss: 0.69400788	acc: 0.509
[2m[36m(ParallelModGrad pid=1734367)[0m INFO:root:epochs: 0, training task: 0
[2m[36m(ParallelModGrad pid=1734367)[0m INFO:root:	task: 0	loss: 0.69400788	acc: 0.509
[2m[36m(ParallelModGrad pid=1734367)[0m INFO:root:	task: avg	loss: 0.69400788	acc: 0.509
[2m[36m(ParallelModGrad pid=1734367)[0m INFO:root:final components: 4
[2m[36m(ParallelModGrad pid=1734367)[0m INFO:root:epochs: 0, training task: 1
[2m[36m(ParallelModGrad pid=1734367)[0m INFO:root:	task: 0	loss: 0.69400788	acc: 0.509
[2m[36m(ParallelModGrad pid=1734367)[0m INFO:root:	task: 1	loss: 0.69571720	acc: 0.508
[2m[36m(ParallelModGrad pid=1734367)[0m INFO:root:	task: avg	loss: 0.69486254	acc: 0.508
[2m[36m(ParallelModGrad pid=1734367)[0m INFO:root:epochs: 0, training task: 1
[2m[36m(ParallelModGrad pid=1734367)[0m INFO:root:	task: 0	loss: 0.69400788	acc: 0.509
[2m[36m(ParallelModGrad pid=1734367)[0m INFO:root:	task: 1	loss: 0.69571720	acc: 0.508
[2m[36m(ParallelModGrad pid=1734367)[0m INFO:root:	task: avg	loss: 0.69486254	acc: 0.508
[2m[36m(ParallelModGrad pid=1734367)[0m INFO:root:final components: 4
[2m[36m(ParallelModGrad pid=1734367)[0m INFO:root:epochs: 0, training task: 2
[2m[36m(ParallelModGrad pid=1734367)[0m INFO:root:	task: 0	loss: 0.69400788	acc: 0.509
[2m[36m(ParallelModGrad pid=1734367)[0m INFO:root:	task: 1	loss: 0.69571720	acc: 0.508
[2m[36m(ParallelModGrad pid=1734367)[0m INFO:root:	task: 2	loss: 0.69201559	acc: 0.501
[2m[36m(ParallelModGrad pid=1734367)[0m INFO:root:	task: avg	loss: 0.69391355	acc: 0.506
[2m[36m(ParallelModGrad pid=1734367)[0m INFO:root:epochs: 0, training task: 2
[2m[36m(ParallelModGrad pid=1734367)[0m INFO:root:	task: 0	loss: 0.69400788	acc: 0.509
[2m[36m(ParallelModGrad pid=1734367)[0m INFO:root:	task: 1	loss: 0.69571720	acc: 0.508
[2m[36m(ParallelModGrad pid=1734367)[0m INFO:root:	task: 2	loss: 0.69201559	acc: 0.501
[2m[36m(ParallelModGrad pid=1734367)[0m INFO:root:	task: avg	loss: 0.69391355	acc: 0.506
[2m[36m(ParallelModGrad pid=1734367)[0m INFO:root:final components: 4
[2m[36m(ParallelModGrad pid=1734367)[0m INFO:root:epochs: 0, training task: 3
[2m[36m(ParallelModGrad pid=1734367)[0m INFO:root:	task: 0	loss: 0.69400788	acc: 0.509
[2m[36m(ParallelModGrad pid=1734367)[0m INFO:root:	task: 1	loss: 0.69571720	acc: 0.508
[2m[36m(ParallelModGrad pid=1734367)[0m INFO:root:	task: 2	loss: 0.69201559	acc: 0.501
[2m[36m(ParallelModGrad pid=1734367)[0m INFO:root:	task: 3	loss: 0.69781111	acc: 0.464
[2m[36m(ParallelModGrad pid=1734367)[0m INFO:root:	task: avg	loss: 0.69488794	acc: 0.495
[2m[36m(ParallelModGrad pid=1734367)[0m INFO:root:epochs: 1, training task: 3
[2m[36m(ParallelModGrad pid=1734367)[0m INFO:root:	task: 0	loss: 0.69388214	acc: 0.509
[2m[36m(ParallelModGrad pid=1734367)[0m INFO:root:	task: 1	loss: 0.69599521	acc: 0.508
[2m[36m(ParallelModGrad pid=1734367)[0m INFO:root:	task: 2	loss: 0.69059718	acc: 0.501
[2m[36m(ParallelModGrad pid=1734367)[0m INFO:root:	task: 3	loss: 0.69794390	acc: 0.464
[2m[36m(ParallelModGrad pid=1734367)[0m INFO:root:	task: avg	loss: 0.69460461	acc: 0.495
[2m[36m(ParallelModGrad pid=1734367)[0m INFO:root:epochs: 2, training task: 3
[2m[36m(ParallelModGrad pid=1734367)[0m INFO:root:	task: 0	loss: 0.69372281	acc: 0.509
[2m[36m(ParallelModGrad pid=1734367)[0m INFO:root:	task: 1	loss: 0.69640287	acc: 0.508
[2m[36m(ParallelModGrad pid=1734367)[0m INFO:root:	task: 2	loss: 0.68731401	acc: 0.754
[2m[36m(ParallelModGrad pid=1734367)[0m INFO:root:	task: 3	loss: 0.69724312	acc: 0.464
[2m[36m(ParallelModGrad pid=1734367)[0m INFO:root:	task: avg	loss: 0.69367070	acc: 0.559
[2m[36m(ParallelModGrad pid=1734367)[0m INFO:root:epochs: 3, training task: 3
[2m[36m(ParallelModGrad pid=1734367)[0m INFO:root:	task: 0	loss: 0.69336969	acc: 0.509
[2m[36m(ParallelModGrad pid=1734367)[0m INFO:root:	task: 1	loss: 0.69749910	acc: 0.508
[2m[36m(ParallelModGrad pid=1734367)[0m INFO:root:	task: 2	loss: 0.68145362	acc: 0.851
[2m[36m(ParallelModGrad pid=1734367)[0m INFO:root:	task: 3	loss: 0.69648404	acc: 0.464
[2m[36m(ParallelModGrad pid=1734367)[0m INFO:root:	task: avg	loss: 0.69220161	acc: 0.583
[2m[36m(ParallelModGrad pid=1734367)[0m INFO:root:epochs: 4, training task: 3
[2m[36m(ParallelModGrad pid=1734367)[0m INFO:root:	task: 0	loss: 0.69304325	acc: 0.509
[2m[36m(ParallelModGrad pid=1734367)[0m INFO:root:	task: 1	loss: 0.70031540	acc: 0.508
[2m[36m(ParallelModGrad pid=1734367)[0m INFO:root:	task: 2	loss: 0.67185609	acc: 0.899
[2m[36m(ParallelModGrad pid=1734367)[0m INFO:root:	task: 3	loss: 0.69517765	acc: 0.464
[2m[36m(ParallelModGrad pid=1734367)[0m INFO:root:	task: avg	loss: 0.69009810	acc: 0.595
[2m[36m(ParallelModGrad pid=1734367)[0m INFO:root:epochs: 5, training task: 3
[2m[36m(ParallelModGrad pid=1734367)[0m INFO:root:	task: 0	loss: 0.69211969	acc: 0.509
[2m[36m(ParallelModGrad pid=1734367)[0m INFO:root:	task: 1	loss: 0.70352812	acc: 0.508
[2m[36m(ParallelModGrad pid=1734367)[0m INFO:root:	task: 2	loss: 0.66224697	acc: 0.932
[2m[36m(ParallelModGrad pid=1734367)[0m INFO:root:	task: 3	loss: 0.69297195	acc: 0.464
[2m[36m(ParallelModGrad pid=1734367)[0m INFO:root:	task: avg	loss: 0.68771668	acc: 0.603
[2m[36m(ParallelModGrad pid=1734367)[0m INFO:root:epochs: 6, training task: 3
[2m[36m(ParallelModGrad pid=1734367)[0m INFO:root:	task: 0	loss: 0.69045356	acc: 0.509
[2m[36m(ParallelModGrad pid=1734367)[0m INFO:root:	task: 1	loss: 0.70035367	acc: 0.508
[2m[36m(ParallelModGrad pid=1734367)[0m INFO:root:	task: 2	loss: 0.65986380	acc: 0.935
[2m[36m(ParallelModGrad pid=1734367)[0m INFO:root:	task: 3	loss: 0.69037212	acc: 0.464
[2m[36m(ParallelModGrad pid=1734367)[0m INFO:root:	task: avg	loss: 0.68526079	acc: 0.604
[2m[36m(ParallelModGrad pid=1734367)[0m INFO:root:epochs: 7, training task: 3
[2m[36m(ParallelModGrad pid=1734367)[0m INFO:root:	task: 0	loss: 0.68917920	acc: 0.509
[2m[36m(ParallelModGrad pid=1734367)[0m INFO:root:	task: 1	loss: 0.69703322	acc: 0.508
[2m[36m(ParallelModGrad pid=1734367)[0m INFO:root:	task: 2	loss: 0.65977621	acc: 0.928
[2m[36m(ParallelModGrad pid=1734367)[0m INFO:root:	task: 3	loss: 0.68700188	acc: 0.464
[2m[36m(ParallelModGrad pid=1734367)[0m INFO:root:	task: avg	loss: 0.68324763	acc: 0.602
[2m[36m(ParallelModGrad pid=1734367)[0m INFO:root:epochs: 8, training task: 3
[2m[36m(ParallelModGrad pid=1734367)[0m INFO:root:	task: 0	loss: 0.68778678	acc: 0.509
[2m[36m(ParallelModGrad pid=1734367)[0m INFO:root:	task: 1	loss: 0.69321691	acc: 0.508
[2m[36m(ParallelModGrad pid=1734367)[0m INFO:root:	task: 2	loss: 0.65586693	acc: 0.941
[2m[36m(ParallelModGrad pid=1734367)[0m INFO:root:	task: 3	loss: 0.68226852	acc: 0.464
[2m[36m(ParallelModGrad pid=1734367)[0m INFO:root:	task: avg	loss: 0.67978478	acc: 0.605
[2m[36m(ParallelModGrad pid=1734367)[0m INFO:root:epochs: 9, training task: 3
[2m[36m(ParallelModGrad pid=1734367)[0m INFO:root:	task: 0	loss: 0.68519471	acc: 0.509
[2m[36m(ParallelModGrad pid=1734367)[0m INFO:root:	task: 1	loss: 0.68967851	acc: 0.508
[2m[36m(ParallelModGrad pid=1734367)[0m INFO:root:	task: 2	loss: 0.65351216	acc: 0.951
[2m[36m(ParallelModGrad pid=1734367)[0m INFO:root:	task: 3	loss: 0.68006624	acc: 0.464
[2m[36m(ParallelModGrad pid=1734367)[0m INFO:root:	task: avg	loss: 0.67711291	acc: 0.608
[2m[36m(ParallelModGrad pid=1734367)[0m INFO:root:epochs: 10, training task: 3
[2m[36m(ParallelModGrad pid=1734367)[0m INFO:root:	task: 0	loss: 0.68252160	acc: 0.509
[2m[36m(ParallelModGrad pid=1734367)[0m INFO:root:	task: 1	loss: 0.68554943	acc: 0.508
[2m[36m(ParallelModGrad pid=1734367)[0m INFO:root:	task: 2	loss: 0.65111149	acc: 0.954
[2m[36m(ParallelModGrad pid=1734367)[0m INFO:root:	task: 3	loss: 0.67814597	acc: 0.464
[2m[36m(ParallelModGrad pid=1734367)[0m INFO:root:	task: avg	loss: 0.67433212	acc: 0.609
[2m[36m(ParallelModGrad pid=1734367)[0m INFO:root:epochs: 11, training task: 3
[2m[36m(ParallelModGrad pid=1734367)[0m INFO:root:	task: 0	loss: 0.67960627	acc: 0.510
[2m[36m(ParallelModGrad pid=1734367)[0m INFO:root:	task: 1	loss: 0.68080888	acc: 0.508
[2m[36m(ParallelModGrad pid=1734367)[0m INFO:root:	task: 2	loss: 0.64842776	acc: 0.953
[2m[36m(ParallelModGrad pid=1734367)[0m INFO:root:	task: 3	loss: 0.67468776	acc: 0.464
[2m[36m(ParallelModGrad pid=1734367)[0m INFO:root:	task: avg	loss: 0.67088267	acc: 0.608
[2m[36m(ParallelModGrad pid=1734367)[0m INFO:root:epochs: 12, training task: 3
[2m[36m(ParallelModGrad pid=1734367)[0m INFO:root:	task: 0	loss: 0.67743048	acc: 0.520
[2m[36m(ParallelModGrad pid=1734367)[0m INFO:root:	task: 1	loss: 0.67766476	acc: 0.534
[2m[36m(ParallelModGrad pid=1734367)[0m INFO:root:	task: 2	loss: 0.64358457	acc: 0.951
[2m[36m(ParallelModGrad pid=1734367)[0m INFO:root:	task: 3	loss: 0.67060200	acc: 0.464
[2m[36m(ParallelModGrad pid=1734367)[0m INFO:root:	task: avg	loss: 0.66732045	acc: 0.617
[2m[36m(ParallelModGrad pid=1734367)[0m INFO:root:epochs: 13, training task: 3
[2m[36m(ParallelModGrad pid=1734367)[0m INFO:root:	task: 0	loss: 0.67461694	acc: 0.582
[2m[36m(ParallelModGrad pid=1734367)[0m INFO:root:	task: 1	loss: 0.67178017	acc: 0.726
[2m[36m(ParallelModGrad pid=1734367)[0m INFO:root:	task: 2	loss: 0.64086110	acc: 0.952
[2m[36m(ParallelModGrad pid=1734367)[0m INFO:root:	task: 3	loss: 0.66705295	acc: 0.641
[2m[36m(ParallelModGrad pid=1734367)[0m INFO:root:	task: avg	loss: 0.66357779	acc: 0.725
[2m[36m(ParallelModGrad pid=1734367)[0m INFO:root:epochs: 14, training task: 3
[2m[36m(ParallelModGrad pid=1734367)[0m INFO:root:	task: 0	loss: 0.67205657	acc: 0.631
[2m[36m(ParallelModGrad pid=1734367)[0m INFO:root:	task: 1	loss: 0.66803088	acc: 0.908
[2m[36m(ParallelModGrad pid=1734367)[0m INFO:root:	task: 2	loss: 0.63738277	acc: 0.954
[2m[36m(ParallelModGrad pid=1734367)[0m INFO:root:	task: 3	loss: 0.66503265	acc: 0.840
[2m[36m(ParallelModGrad pid=1734367)[0m INFO:root:	task: avg	loss: 0.66062572	acc: 0.833
[2m[36m(ParallelModGrad pid=1734367)[0m INFO:root:epochs: 15, training task: 3
[2m[36m(ParallelModGrad pid=1734367)[0m INFO:root:	task: 0	loss: 0.66926261	acc: 0.660
[2m[36m(ParallelModGrad pid=1734367)[0m INFO:root:	task: 1	loss: 0.66326710	acc: 0.957
[2m[36m(ParallelModGrad pid=1734367)[0m INFO:root:	task: 2	loss: 0.63266634	acc: 0.953
[2m[36m(ParallelModGrad pid=1734367)[0m INFO:root:	task: 3	loss: 0.66080086	acc: 0.876
[2m[36m(ParallelModGrad pid=1734367)[0m INFO:root:	task: avg	loss: 0.65649923	acc: 0.861
[2m[36m(ParallelModGrad pid=1734367)[0m INFO:root:epochs: 16, training task: 3
[2m[36m(ParallelModGrad pid=1734367)[0m INFO:root:	task: 0	loss: 0.66508206	acc: 0.745
[2m[36m(ParallelModGrad pid=1734367)[0m INFO:root:	task: 1	loss: 0.65941762	acc: 0.977
[2m[36m(ParallelModGrad pid=1734367)[0m INFO:root:	task: 2	loss: 0.63082991	acc: 0.955
[2m[36m(ParallelModGrad pid=1734367)[0m INFO:root:	task: 3	loss: 0.65641714	acc: 0.916
[2m[36m(ParallelModGrad pid=1734367)[0m INFO:root:	task: avg	loss: 0.65293668	acc: 0.898
[2m[36m(ParallelModGrad pid=1734367)[0m INFO:root:epochs: 17, training task: 3
[2m[36m(ParallelModGrad pid=1734367)[0m INFO:root:	task: 0	loss: 0.66186993	acc: 0.807
[2m[36m(ParallelModGrad pid=1734367)[0m INFO:root:	task: 1	loss: 0.65483837	acc: 0.978
[2m[36m(ParallelModGrad pid=1734367)[0m INFO:root:	task: 2	loss: 0.62711958	acc: 0.955
[2m[36m(ParallelModGrad pid=1734367)[0m INFO:root:	task: 3	loss: 0.65372904	acc: 0.931
[2m[36m(ParallelModGrad pid=1734367)[0m INFO:root:	task: avg	loss: 0.64938923	acc: 0.918
[2m[36m(ParallelModGrad pid=1734367)[0m INFO:root:epochs: 18, training task: 3
[2m[36m(ParallelModGrad pid=1734367)[0m INFO:root:	task: 0	loss: 0.65943157	acc: 0.793
[2m[36m(ParallelModGrad pid=1734367)[0m INFO:root:	task: 1	loss: 0.65089407	acc: 0.979
[2m[36m(ParallelModGrad pid=1734367)[0m INFO:root:	task: 2	loss: 0.62198018	acc: 0.954
[2m[36m(ParallelModGrad pid=1734367)[0m INFO:root:	task: 3	loss: 0.65042764	acc: 0.938
[2m[36m(ParallelModGrad pid=1734367)[0m INFO:root:	task: avg	loss: 0.64568337	acc: 0.916
[2m[36m(ParallelModGrad pid=1734367)[0m INFO:root:epochs: 19, training task: 3
[2m[36m(ParallelModGrad pid=1734367)[0m INFO:root:	task: 0	loss: 0.65583590	acc: 0.837
[2m[36m(ParallelModGrad pid=1734367)[0m INFO:root:	task: 1	loss: 0.64668332	acc: 0.978
[2m[36m(ParallelModGrad pid=1734367)[0m INFO:root:	task: 2	loss: 0.61873446	acc: 0.958
[2m[36m(ParallelModGrad pid=1734367)[0m INFO:root:	task: 3	loss: 0.64571233	acc: 0.939
[2m[36m(ParallelModGrad pid=1734367)[0m INFO:root:	task: avg	loss: 0.64174150	acc: 0.928
[2m[36m(ParallelModGrad pid=1734367)[0m INFO:root:epochs: 20, training task: 3
[2m[36m(ParallelModGrad pid=1734367)[0m INFO:root:	task: 0	loss: 0.65424423	acc: 0.848
[2m[36m(ParallelModGrad pid=1734367)[0m INFO:root:	task: 1	loss: 0.64073275	acc: 0.976
[2m[36m(ParallelModGrad pid=1734367)[0m INFO:root:	task: 2	loss: 0.61775643	acc: 0.955
[2m[36m(ParallelModGrad pid=1734367)[0m INFO:root:	task: 3	loss: 0.64318634	acc: 0.938
[2m[36m(ParallelModGrad pid=1734367)[0m INFO:root:	task: avg	loss: 0.63897994	acc: 0.929
[2m[36m(ParallelModGrad pid=1734367)[0m INFO:root:epochs: 21, training task: 3
[2m[36m(ParallelModGrad pid=1734367)[0m INFO:root:	task: 0	loss: 0.64813459	acc: 0.853
[2m[36m(ParallelModGrad pid=1734367)[0m INFO:root:	task: 1	loss: 0.63815352	acc: 0.973
[2m[36m(ParallelModGrad pid=1734367)[0m INFO:root:	task: 2	loss: 0.61083623	acc: 0.956
[2m[36m(ParallelModGrad pid=1734367)[0m INFO:root:	task: 3	loss: 0.63769111	acc: 0.947
[2m[36m(ParallelModGrad pid=1734367)[0m INFO:root:	task: avg	loss: 0.63370386	acc: 0.932
[2m[36m(ParallelModGrad pid=1734367)[0m INFO:root:epochs: 22, training task: 3
[2m[36m(ParallelModGrad pid=1734367)[0m INFO:root:	task: 0	loss: 0.64676338	acc: 0.875
[2m[36m(ParallelModGrad pid=1734367)[0m INFO:root:	task: 1	loss: 0.63096821	acc: 0.978
[2m[36m(ParallelModGrad pid=1734367)[0m INFO:root:	task: 2	loss: 0.61082576	acc: 0.956
[2m[36m(ParallelModGrad pid=1734367)[0m INFO:root:	task: 3	loss: 0.63446595	acc: 0.951
[2m[36m(ParallelModGrad pid=1734367)[0m INFO:root:	task: avg	loss: 0.63075583	acc: 0.940
[2m[36m(ParallelModGrad pid=1734367)[0m INFO:root:epochs: 23, training task: 3
[2m[36m(ParallelModGrad pid=1734367)[0m INFO:root:	task: 0	loss: 0.64175364	acc: 0.868
[2m[36m(ParallelModGrad pid=1734367)[0m INFO:root:	task: 1	loss: 0.62642230	acc: 0.978
[2m[36m(ParallelModGrad pid=1734367)[0m INFO:root:	task: 2	loss: 0.60591000	acc: 0.956
[2m[36m(ParallelModGrad pid=1734367)[0m INFO:root:	task: 3	loss: 0.62927440	acc: 0.954
[2m[36m(ParallelModGrad pid=1734367)[0m INFO:root:	task: avg	loss: 0.62584009	acc: 0.939
[2m[36m(ParallelModGrad pid=1734367)[0m INFO:root:epochs: 24, training task: 3
[2m[36m(ParallelModGrad pid=1734367)[0m INFO:root:	task: 0	loss: 0.63801368	acc: 0.887
[2m[36m(ParallelModGrad pid=1734367)[0m INFO:root:	task: 1	loss: 0.62392607	acc: 0.969
[2m[36m(ParallelModGrad pid=1734367)[0m INFO:root:	task: 2	loss: 0.60096316	acc: 0.955
[2m[36m(ParallelModGrad pid=1734367)[0m INFO:root:	task: 3	loss: 0.62791778	acc: 0.956
[2m[36m(ParallelModGrad pid=1734367)[0m INFO:root:	task: avg	loss: 0.62270517	acc: 0.942
[2m[36m(ParallelModGrad pid=1734367)[0m INFO:root:epochs: 25, training task: 3
[2m[36m(ParallelModGrad pid=1734367)[0m INFO:root:	task: 0	loss: 0.63701195	acc: 0.898
[2m[36m(ParallelModGrad pid=1734367)[0m INFO:root:	task: 1	loss: 0.61875143	acc: 0.972
[2m[36m(ParallelModGrad pid=1734367)[0m INFO:root:	task: 2	loss: 0.59732271	acc: 0.950
[2m[36m(ParallelModGrad pid=1734367)[0m INFO:root:	task: 3	loss: 0.62177288	acc: 0.957
[2m[36m(ParallelModGrad pid=1734367)[0m INFO:root:	task: avg	loss: 0.61871474	acc: 0.944
[2m[36m(ParallelModGrad pid=1734367)[0m INFO:root:epochs: 26, training task: 3
[2m[36m(ParallelModGrad pid=1734367)[0m INFO:root:	task: 0	loss: 0.63110444	acc: 0.898
[2m[36m(ParallelModGrad pid=1734367)[0m INFO:root:	task: 1	loss: 0.61455900	acc: 0.972
[2m[36m(ParallelModGrad pid=1734367)[0m INFO:root:	task: 2	loss: 0.59218107	acc: 0.957
[2m[36m(ParallelModGrad pid=1734367)[0m INFO:root:	task: 3	loss: 0.61529039	acc: 0.958
[2m[36m(ParallelModGrad pid=1734367)[0m INFO:root:	task: avg	loss: 0.61328373	acc: 0.946
[2m[36m(ParallelModGrad pid=1734367)[0m INFO:root:epochs: 27, training task: 3
[2m[36m(ParallelModGrad pid=1734367)[0m INFO:root:	task: 0	loss: 0.63029830	acc: 0.886
[2m[36m(ParallelModGrad pid=1734367)[0m INFO:root:	task: 1	loss: 0.60806966	acc: 0.972
[2m[36m(ParallelModGrad pid=1734367)[0m INFO:root:	task: 2	loss: 0.59559119	acc: 0.957
[2m[36m(ParallelModGrad pid=1734367)[0m INFO:root:	task: 3	loss: 0.61613574	acc: 0.959
[2m[36m(ParallelModGrad pid=1734367)[0m INFO:root:	task: avg	loss: 0.61252372	acc: 0.944
[2m[36m(ParallelModGrad pid=1734367)[0m INFO:root:epochs: 28, training task: 3
[2m[36m(ParallelModGrad pid=1734367)[0m INFO:root:	task: 0	loss: 0.62857335	acc: 0.906
[2m[36m(ParallelModGrad pid=1734367)[0m INFO:root:	task: 1	loss: 0.60731228	acc: 0.972
[2m[36m(ParallelModGrad pid=1734367)[0m INFO:root:	task: 2	loss: 0.58536979	acc: 0.957
[2m[36m(ParallelModGrad pid=1734367)[0m INFO:root:	task: 3	loss: 0.61255807	acc: 0.961
[2m[36m(ParallelModGrad pid=1734367)[0m INFO:root:	task: avg	loss: 0.60845337	acc: 0.949
[2m[36m(ParallelModGrad pid=1734367)[0m INFO:root:epochs: 29, training task: 3
[2m[36m(ParallelModGrad pid=1734367)[0m INFO:root:	task: 0	loss: 0.62356935	acc: 0.900
[2m[36m(ParallelModGrad pid=1734367)[0m INFO:root:	task: 1	loss: 0.60177818	acc: 0.966
[2m[36m(ParallelModGrad pid=1734367)[0m INFO:root:	task: 2	loss: 0.57898867	acc: 0.957
[2m[36m(ParallelModGrad pid=1734367)[0m INFO:root:	task: 3	loss: 0.60503418	acc: 0.964
[2m[36m(ParallelModGrad pid=1734367)[0m INFO:root:	task: avg	loss: 0.60234260	acc: 0.947
[2m[36m(ParallelModGrad pid=1734367)[0m INFO:root:epochs: 30, training task: 3
[2m[36m(ParallelModGrad pid=1734367)[0m INFO:root:	task: 0	loss: 0.62438178	acc: 0.893
[2m[36m(ParallelModGrad pid=1734367)[0m INFO:root:	task: 1	loss: 0.59541692	acc: 0.972
[2m[36m(ParallelModGrad pid=1734367)[0m INFO:root:	task: 2	loss: 0.58326977	acc: 0.954
[2m[36m(ParallelModGrad pid=1734367)[0m INFO:root:	task: 3	loss: 0.60506509	acc: 0.965
[2m[36m(ParallelModGrad pid=1734367)[0m INFO:root:	task: avg	loss: 0.60203339	acc: 0.946
[2m[36m(ParallelModGrad pid=1734367)[0m INFO:root:epochs: 31, training task: 3
[2m[36m(ParallelModGrad pid=1734367)[0m INFO:root:	task: 0	loss: 0.61684952	acc: 0.904
[2m[36m(ParallelModGrad pid=1734367)[0m INFO:root:	task: 1	loss: 0.59129289	acc: 0.976
[2m[36m(ParallelModGrad pid=1734367)[0m INFO:root:	task: 2	loss: 0.57707659	acc: 0.956
[2m[36m(ParallelModGrad pid=1734367)[0m INFO:root:	task: 3	loss: 0.59745375	acc: 0.962
[2m[36m(ParallelModGrad pid=1734367)[0m INFO:root:	task: avg	loss: 0.59566819	acc: 0.950
[2m[36m(ParallelModGrad pid=1734367)[0m INFO:root:epochs: 32, training task: 3
[2m[36m(ParallelModGrad pid=1734367)[0m INFO:root:	task: 0	loss: 0.61440552	acc: 0.902
[2m[36m(ParallelModGrad pid=1734367)[0m INFO:root:	task: 1	loss: 0.58899094	acc: 0.973
[2m[36m(ParallelModGrad pid=1734367)[0m INFO:root:	task: 2	loss: 0.57009543	acc: 0.956
[2m[36m(ParallelModGrad pid=1734367)[0m INFO:root:	task: 3	loss: 0.59267102	acc: 0.963
[2m[36m(ParallelModGrad pid=1734367)[0m INFO:root:	task: avg	loss: 0.59154073	acc: 0.949
[2m[36m(ParallelModGrad pid=1734367)[0m INFO:root:epochs: 33, training task: 3
[2m[36m(ParallelModGrad pid=1734367)[0m INFO:root:	task: 0	loss: 0.61217918	acc: 0.903
[2m[36m(ParallelModGrad pid=1734367)[0m INFO:root:	task: 1	loss: 0.58205872	acc: 0.974
[2m[36m(ParallelModGrad pid=1734367)[0m INFO:root:	task: 2	loss: 0.56928308	acc: 0.956
[2m[36m(ParallelModGrad pid=1734367)[0m INFO:root:	task: 3	loss: 0.59107347	acc: 0.965
[2m[36m(ParallelModGrad pid=1734367)[0m INFO:root:	task: avg	loss: 0.58864861	acc: 0.950
[2m[36m(ParallelModGrad pid=1734367)[0m INFO:root:epochs: 34, training task: 3
[2m[36m(ParallelModGrad pid=1734367)[0m INFO:root:	task: 0	loss: 0.60983938	acc: 0.909
[2m[36m(ParallelModGrad pid=1734367)[0m INFO:root:	task: 1	loss: 0.57807350	acc: 0.972
[2m[36m(ParallelModGrad pid=1734367)[0m INFO:root:	task: 2	loss: 0.56514837	acc: 0.956
[2m[36m(ParallelModGrad pid=1734367)[0m INFO:root:	task: 3	loss: 0.58562009	acc: 0.967
[2m[36m(ParallelModGrad pid=1734367)[0m INFO:root:	task: avg	loss: 0.58467033	acc: 0.951
[2m[36m(ParallelModGrad pid=1734367)[0m INFO:root:epochs: 35, training task: 3
[2m[36m(ParallelModGrad pid=1734367)[0m INFO:root:	task: 0	loss: 0.60219482	acc: 0.912
[2m[36m(ParallelModGrad pid=1734367)[0m INFO:root:	task: 1	loss: 0.57617827	acc: 0.974
[2m[36m(ParallelModGrad pid=1734367)[0m INFO:root:	task: 2	loss: 0.56173168	acc: 0.956
[2m[36m(ParallelModGrad pid=1734367)[0m INFO:root:	task: 3	loss: 0.57835163	acc: 0.966
[2m[36m(ParallelModGrad pid=1734367)[0m INFO:root:	task: avg	loss: 0.57961410	acc: 0.952
[2m[36m(ParallelModGrad pid=1734367)[0m INFO:root:epochs: 36, training task: 3
[2m[36m(ParallelModGrad pid=1734367)[0m INFO:root:	task: 0	loss: 0.59701157	acc: 0.915
[2m[36m(ParallelModGrad pid=1734367)[0m INFO:root:	task: 1	loss: 0.57222287	acc: 0.971
[2m[36m(ParallelModGrad pid=1734367)[0m INFO:root:	task: 2	loss: 0.56046360	acc: 0.953
[2m[36m(ParallelModGrad pid=1734367)[0m INFO:root:	task: 3	loss: 0.58032690	acc: 0.968
[2m[36m(ParallelModGrad pid=1734367)[0m INFO:root:	task: avg	loss: 0.57750623	acc: 0.952
[2m[36m(ParallelModGrad pid=1734367)[0m INFO:root:epochs: 37, training task: 3
[2m[36m(ParallelModGrad pid=1734367)[0m INFO:root:	task: 0	loss: 0.59458176	acc: 0.917
[2m[36m(ParallelModGrad pid=1734367)[0m INFO:root:	task: 1	loss: 0.57109981	acc: 0.966
[2m[36m(ParallelModGrad pid=1734367)[0m INFO:root:	task: 2	loss: 0.55840112	acc: 0.952
[2m[36m(ParallelModGrad pid=1734367)[0m INFO:root:	task: 3	loss: 0.57512980	acc: 0.971
[2m[36m(ParallelModGrad pid=1734367)[0m INFO:root:	task: avg	loss: 0.57480312	acc: 0.952
[2m[36m(ParallelModGrad pid=1734367)[0m INFO:root:epochs: 38, training task: 3
[2m[36m(ParallelModGrad pid=1734367)[0m INFO:root:	task: 0	loss: 0.59293970	acc: 0.915
[2m[36m(ParallelModGrad pid=1734367)[0m INFO:root:	task: 1	loss: 0.56260815	acc: 0.973
[2m[36m(ParallelModGrad pid=1734367)[0m INFO:root:	task: 2	loss: 0.55246823	acc: 0.955
[2m[36m(ParallelModGrad pid=1734367)[0m INFO:root:	task: 3	loss: 0.56634059	acc: 0.969
[2m[36m(ParallelModGrad pid=1734367)[0m INFO:root:	task: avg	loss: 0.56858917	acc: 0.953
[2m[36m(ParallelModGrad pid=1734367)[0m INFO:root:epochs: 39, training task: 3
[2m[36m(ParallelModGrad pid=1734367)[0m INFO:root:	task: 0	loss: 0.59060242	acc: 0.915
[2m[36m(ParallelModGrad pid=1734367)[0m INFO:root:	task: 1	loss: 0.56263410	acc: 0.972
[2m[36m(ParallelModGrad pid=1734367)[0m INFO:root:	task: 2	loss: 0.55268375	acc: 0.954
[2m[36m(ParallelModGrad pid=1734367)[0m INFO:root:	task: 3	loss: 0.56079044	acc: 0.972
[2m[36m(ParallelModGrad pid=1734367)[0m INFO:root:	task: avg	loss: 0.56667768	acc: 0.954
[2m[36m(ParallelModGrad pid=1734367)[0m INFO:root:epochs: 40, training task: 3
[2m[36m(ParallelModGrad pid=1734367)[0m INFO:root:	task: 0	loss: 0.58625224	acc: 0.911
[2m[36m(ParallelModGrad pid=1734367)[0m INFO:root:	task: 1	loss: 0.55481809	acc: 0.976
[2m[36m(ParallelModGrad pid=1734367)[0m INFO:root:	task: 2	loss: 0.55117045	acc: 0.952
[2m[36m(ParallelModGrad pid=1734367)[0m INFO:root:	task: 3	loss: 0.55731919	acc: 0.972
[2m[36m(ParallelModGrad pid=1734367)[0m INFO:root:	task: avg	loss: 0.56238999	acc: 0.953
[2m[36m(ParallelModGrad pid=1734367)[0m INFO:root:epochs: 41, training task: 3
[2m[36m(ParallelModGrad pid=1734367)[0m INFO:root:	task: 0	loss: 0.58747394	acc: 0.908
[2m[36m(ParallelModGrad pid=1734367)[0m INFO:root:	task: 1	loss: 0.55561306	acc: 0.973
[2m[36m(ParallelModGrad pid=1734367)[0m INFO:root:	task: 2	loss: 0.53900860	acc: 0.955
[2m[36m(ParallelModGrad pid=1734367)[0m INFO:root:	task: 3	loss: 0.55528436	acc: 0.972
[2m[36m(ParallelModGrad pid=1734367)[0m INFO:root:	task: avg	loss: 0.55934499	acc: 0.952
[2m[36m(ParallelModGrad pid=1734367)[0m INFO:root:epochs: 42, training task: 3
[2m[36m(ParallelModGrad pid=1734367)[0m INFO:root:	task: 0	loss: 0.58530436	acc: 0.911
[2m[36m(ParallelModGrad pid=1734367)[0m INFO:root:	task: 1	loss: 0.55389779	acc: 0.965
[2m[36m(ParallelModGrad pid=1734367)[0m INFO:root:	task: 2	loss: 0.53502377	acc: 0.955
[2m[36m(ParallelModGrad pid=1734367)[0m INFO:root:	task: 3	loss: 0.55332689	acc: 0.972
[2m[36m(ParallelModGrad pid=1734367)[0m INFO:root:	task: avg	loss: 0.55688820	acc: 0.951
[2m[36m(ParallelModGrad pid=1734367)[0m INFO:root:epochs: 43, training task: 3
[2m[36m(ParallelModGrad pid=1734367)[0m INFO:root:	task: 0	loss: 0.57825281	acc: 0.915
[2m[36m(ParallelModGrad pid=1734367)[0m INFO:root:	task: 1	loss: 0.54367684	acc: 0.981
[2m[36m(ParallelModGrad pid=1734367)[0m INFO:root:	task: 2	loss: 0.53472300	acc: 0.953
[2m[36m(ParallelModGrad pid=1734367)[0m INFO:root:	task: 3	loss: 0.55266438	acc: 0.970
[2m[36m(ParallelModGrad pid=1734367)[0m INFO:root:	task: avg	loss: 0.55232926	acc: 0.955
[2m[36m(ParallelModGrad pid=1734367)[0m INFO:root:epochs: 44, training task: 3
[2m[36m(ParallelModGrad pid=1734367)[0m INFO:root:	task: 0	loss: 0.57354840	acc: 0.912
[2m[36m(ParallelModGrad pid=1734367)[0m INFO:root:	task: 1	loss: 0.54931271	acc: 0.968
[2m[36m(ParallelModGrad pid=1734367)[0m INFO:root:	task: 2	loss: 0.53076831	acc: 0.956
[2m[36m(ParallelModGrad pid=1734367)[0m INFO:root:	task: 3	loss: 0.53970949	acc: 0.970
[2m[36m(ParallelModGrad pid=1734367)[0m INFO:root:	task: avg	loss: 0.54833473	acc: 0.952
[2m[36m(ParallelModGrad pid=1734367)[0m INFO:root:epochs: 45, training task: 3
[2m[36m(ParallelModGrad pid=1734367)[0m INFO:root:	task: 0	loss: 0.58032381	acc: 0.909
[2m[36m(ParallelModGrad pid=1734367)[0m INFO:root:	task: 1	loss: 0.54267685	acc: 0.971
[2m[36m(ParallelModGrad pid=1734367)[0m INFO:root:	task: 2	loss: 0.53114411	acc: 0.954
[2m[36m(ParallelModGrad pid=1734367)[0m INFO:root:	task: 3	loss: 0.54876511	acc: 0.971
[2m[36m(ParallelModGrad pid=1734367)[0m INFO:root:	task: avg	loss: 0.55072747	acc: 0.951
[2m[36m(ParallelModGrad pid=1734367)[0m INFO:root:epochs: 46, training task: 3
[2m[36m(ParallelModGrad pid=1734367)[0m INFO:root:	task: 0	loss: 0.56886508	acc: 0.903
[2m[36m(ParallelModGrad pid=1734367)[0m INFO:root:	task: 1	loss: 0.53594493	acc: 0.973
[2m[36m(ParallelModGrad pid=1734367)[0m INFO:root:	task: 2	loss: 0.52623078	acc: 0.955
[2m[36m(ParallelModGrad pid=1734367)[0m INFO:root:	task: 3	loss: 0.54106555	acc: 0.972
[2m[36m(ParallelModGrad pid=1734367)[0m INFO:root:	task: avg	loss: 0.54302659	acc: 0.951
[2m[36m(ParallelModGrad pid=1734367)[0m INFO:root:epochs: 47, training task: 3
[2m[36m(ParallelModGrad pid=1734367)[0m INFO:root:	task: 0	loss: 0.56712791	acc: 0.916
[2m[36m(ParallelModGrad pid=1734367)[0m INFO:root:	task: 1	loss: 0.53366754	acc: 0.979
[2m[36m(ParallelModGrad pid=1734367)[0m INFO:root:	task: 2	loss: 0.52051658	acc: 0.957
[2m[36m(ParallelModGrad pid=1734367)[0m INFO:root:	task: 3	loss: 0.52636908	acc: 0.974
[2m[36m(ParallelModGrad pid=1734367)[0m INFO:root:	task: avg	loss: 0.53692028	acc: 0.957
[2m[36m(ParallelModGrad pid=1734367)[0m INFO:root:epochs: 48, training task: 3
[2m[36m(ParallelModGrad pid=1734367)[0m INFO:root:	task: 0	loss: 0.56526662	acc: 0.907
[2m[36m(ParallelModGrad pid=1734367)[0m INFO:root:	task: 1	loss: 0.53039265	acc: 0.974
[2m[36m(ParallelModGrad pid=1734367)[0m INFO:root:	task: 2	loss: 0.52490683	acc: 0.953
[2m[36m(ParallelModGrad pid=1734367)[0m INFO:root:	task: 3	loss: 0.53276786	acc: 0.972
[2m[36m(ParallelModGrad pid=1734367)[0m INFO:root:	task: avg	loss: 0.53833349	acc: 0.951
[2m[36m(ParallelModGrad pid=1734367)[0m INFO:root:epochs: 49, training task: 3
[2m[36m(ParallelModGrad pid=1734367)[0m INFO:root:	task: 0	loss: 0.55709344	acc: 0.908
[2m[36m(ParallelModGrad pid=1734367)[0m INFO:root:	task: 1	loss: 0.52726233	acc: 0.974
[2m[36m(ParallelModGrad pid=1734367)[0m INFO:root:	task: 2	loss: 0.52099493	acc: 0.950
[2m[36m(ParallelModGrad pid=1734367)[0m INFO:root:	task: 3	loss: 0.52579467	acc: 0.972
[2m[36m(ParallelModGrad pid=1734367)[0m INFO:root:	task: avg	loss: 0.53278634	acc: 0.951
[2m[36m(ParallelModGrad pid=1734367)[0m INFO:root:epochs: 50, training task: 3
[2m[36m(ParallelModGrad pid=1734367)[0m INFO:root:	task: 0	loss: 0.55800396	acc: 0.907
[2m[36m(ParallelModGrad pid=1734367)[0m INFO:root:	task: 1	loss: 0.52098376	acc: 0.975
[2m[36m(ParallelModGrad pid=1734367)[0m INFO:root:	task: 2	loss: 0.50952872	acc: 0.956
[2m[36m(ParallelModGrad pid=1734367)[0m INFO:root:	task: 3	loss: 0.51679559	acc: 0.970
[2m[36m(ParallelModGrad pid=1734367)[0m INFO:root:	task: avg	loss: 0.52632801	acc: 0.952
[2m[36m(ParallelModGrad pid=1734367)[0m INFO:root:epochs: 51, training task: 3
[2m[36m(ParallelModGrad pid=1734367)[0m INFO:root:	task: 0	loss: 0.55739892	acc: 0.905
[2m[36m(ParallelModGrad pid=1734367)[0m INFO:root:	task: 1	loss: 0.52126851	acc: 0.962
[2m[36m(ParallelModGrad pid=1734367)[0m INFO:root:	task: 2	loss: 0.51003599	acc: 0.957
[2m[36m(ParallelModGrad pid=1734367)[0m INFO:root:	task: 3	loss: 0.51612106	acc: 0.973
[2m[36m(ParallelModGrad pid=1734367)[0m INFO:root:	task: avg	loss: 0.52620612	acc: 0.949
[2m[36m(ParallelModGrad pid=1734367)[0m INFO:root:epochs: 52, training task: 3
[2m[36m(ParallelModGrad pid=1734367)[0m INFO:root:	task: 0	loss: 0.55660378	acc: 0.909
[2m[36m(ParallelModGrad pid=1734367)[0m INFO:root:	task: 1	loss: 0.51499125	acc: 0.972
[2m[36m(ParallelModGrad pid=1734367)[0m INFO:root:	task: 2	loss: 0.51548525	acc: 0.958
[2m[36m(ParallelModGrad pid=1734367)[0m INFO:root:	task: 3	loss: 0.51311579	acc: 0.972
[2m[36m(ParallelModGrad pid=1734367)[0m INFO:root:	task: avg	loss: 0.52504901	acc: 0.953
[2m[36m(ParallelModGrad pid=1734367)[0m INFO:root:epochs: 53, training task: 3
[2m[36m(ParallelModGrad pid=1734367)[0m INFO:root:	task: 0	loss: 0.55108349	acc: 0.913
[2m[36m(ParallelModGrad pid=1734367)[0m INFO:root:	task: 1	loss: 0.51814960	acc: 0.961
[2m[36m(ParallelModGrad pid=1734367)[0m INFO:root:	task: 2	loss: 0.51049327	acc: 0.951
[2m[36m(ParallelModGrad pid=1734367)[0m INFO:root:	task: 3	loss: 0.50875830	acc: 0.972
[2m[36m(ParallelModGrad pid=1734367)[0m INFO:root:	task: avg	loss: 0.52212116	acc: 0.949
[2m[36m(ParallelModGrad pid=1734367)[0m INFO:root:epochs: 54, training task: 3
[2m[36m(ParallelModGrad pid=1734367)[0m INFO:root:	task: 0	loss: 0.54341221	acc: 0.913
[2m[36m(ParallelModGrad pid=1734367)[0m INFO:root:	task: 1	loss: 0.51193297	acc: 0.961
[2m[36m(ParallelModGrad pid=1734367)[0m INFO:root:	task: 2	loss: 0.50720307	acc: 0.950
[2m[36m(ParallelModGrad pid=1734367)[0m INFO:root:	task: 3	loss: 0.50277386	acc: 0.972
[2m[36m(ParallelModGrad pid=1734367)[0m INFO:root:	task: avg	loss: 0.51633053	acc: 0.949
[2m[36m(ParallelModGrad pid=1734367)[0m INFO:root:epochs: 55, training task: 3
[2m[36m(ParallelModGrad pid=1734367)[0m INFO:root:	task: 0	loss: 0.54549299	acc: 0.912
[2m[36m(ParallelModGrad pid=1734367)[0m INFO:root:	task: 1	loss: 0.50970676	acc: 0.961
[2m[36m(ParallelModGrad pid=1734367)[0m INFO:root:	task: 2	loss: 0.50613677	acc: 0.954
[2m[36m(ParallelModGrad pid=1734367)[0m INFO:root:	task: 3	loss: 0.50684231	acc: 0.973
[2m[36m(ParallelModGrad pid=1734367)[0m INFO:root:	task: avg	loss: 0.51704471	acc: 0.950
[2m[36m(ParallelModGrad pid=1734367)[0m INFO:root:epochs: 56, training task: 3
[2m[36m(ParallelModGrad pid=1734367)[0m INFO:root:	task: 0	loss: 0.54142827	acc: 0.907
[2m[36m(ParallelModGrad pid=1734367)[0m INFO:root:	task: 1	loss: 0.49766304	acc: 0.978
[2m[36m(ParallelModGrad pid=1734367)[0m INFO:root:	task: 2	loss: 0.49597029	acc: 0.956
[2m[36m(ParallelModGrad pid=1734367)[0m INFO:root:	task: 3	loss: 0.50348134	acc: 0.973
[2m[36m(ParallelModGrad pid=1734367)[0m INFO:root:	task: avg	loss: 0.50963573	acc: 0.954
[2m[36m(ParallelModGrad pid=1734367)[0m INFO:root:epochs: 57, training task: 3
[2m[36m(ParallelModGrad pid=1734367)[0m INFO:root:	task: 0	loss: 0.53860118	acc: 0.912
[2m[36m(ParallelModGrad pid=1734367)[0m INFO:root:	task: 1	loss: 0.50261142	acc: 0.967
[2m[36m(ParallelModGrad pid=1734367)[0m INFO:root:	task: 2	loss: 0.49050877	acc: 0.959
[2m[36m(ParallelModGrad pid=1734367)[0m INFO:root:	task: 3	loss: 0.50119474	acc: 0.972
[2m[36m(ParallelModGrad pid=1734367)[0m INFO:root:	task: avg	loss: 0.50822903	acc: 0.952
[2m[36m(ParallelModGrad pid=1734367)[0m INFO:root:epochs: 58, training task: 3
[2m[36m(ParallelModGrad pid=1734367)[0m INFO:root:	task: 0	loss: 0.53549251	acc: 0.918
[2m[36m(ParallelModGrad pid=1734367)[0m INFO:root:	task: 1	loss: 0.49755847	acc: 0.961
[2m[36m(ParallelModGrad pid=1734367)[0m INFO:root:	task: 2	loss: 0.48835866	acc: 0.958
[2m[36m(ParallelModGrad pid=1734367)[0m INFO:root:	task: 3	loss: 0.49276066	acc: 0.973
[2m[36m(ParallelModGrad pid=1734367)[0m INFO:root:	task: avg	loss: 0.50354258	acc: 0.953
[2m[36m(ParallelModGrad pid=1734367)[0m INFO:root:epochs: 59, training task: 3
[2m[36m(ParallelModGrad pid=1734367)[0m INFO:root:	task: 0	loss: 0.52406285	acc: 0.923
[2m[36m(ParallelModGrad pid=1734367)[0m INFO:root:	task: 1	loss: 0.49103124	acc: 0.969
[2m[36m(ParallelModGrad pid=1734367)[0m INFO:root:	task: 2	loss: 0.48507321	acc: 0.957
[2m[36m(ParallelModGrad pid=1734367)[0m INFO:root:	task: 3	loss: 0.49050830	acc: 0.976
[2m[36m(ParallelModGrad pid=1734367)[0m INFO:root:	task: avg	loss: 0.49766890	acc: 0.956
[2m[36m(ParallelModGrad pid=1734367)[0m INFO:root:epochs: 60, training task: 3
[2m[36m(ParallelModGrad pid=1734367)[0m INFO:root:	task: 0	loss: 0.52424748	acc: 0.923
[2m[36m(ParallelModGrad pid=1734367)[0m INFO:root:	task: 1	loss: 0.48991812	acc: 0.976
[2m[36m(ParallelModGrad pid=1734367)[0m INFO:root:	task: 2	loss: 0.49056717	acc: 0.954
[2m[36m(ParallelModGrad pid=1734367)[0m INFO:root:	task: 3	loss: 0.48727364	acc: 0.977
[2m[36m(ParallelModGrad pid=1734367)[0m INFO:root:	task: avg	loss: 0.49800160	acc: 0.958
[2m[36m(ParallelModGrad pid=1734367)[0m INFO:root:epochs: 61, training task: 3
[2m[36m(ParallelModGrad pid=1734367)[0m INFO:root:	task: 0	loss: 0.52119612	acc: 0.916
[2m[36m(ParallelModGrad pid=1734367)[0m INFO:root:	task: 1	loss: 0.48466676	acc: 0.975
[2m[36m(ParallelModGrad pid=1734367)[0m INFO:root:	task: 2	loss: 0.48458895	acc: 0.956
[2m[36m(ParallelModGrad pid=1734367)[0m INFO:root:	task: 3	loss: 0.47723320	acc: 0.976
[2m[36m(ParallelModGrad pid=1734367)[0m INFO:root:	task: avg	loss: 0.49192126	acc: 0.956
[2m[36m(ParallelModGrad pid=1734367)[0m INFO:root:epochs: 62, training task: 3
[2m[36m(ParallelModGrad pid=1734367)[0m INFO:root:	task: 0	loss: 0.51786349	acc: 0.912
[2m[36m(ParallelModGrad pid=1734367)[0m INFO:root:	task: 1	loss: 0.48623984	acc: 0.958
[2m[36m(ParallelModGrad pid=1734367)[0m INFO:root:	task: 2	loss: 0.47760465	acc: 0.953
[2m[36m(ParallelModGrad pid=1734367)[0m INFO:root:	task: 3	loss: 0.47325270	acc: 0.976
[2m[36m(ParallelModGrad pid=1734367)[0m INFO:root:	task: avg	loss: 0.48874017	acc: 0.950
[2m[36m(ParallelModGrad pid=1734367)[0m INFO:root:epochs: 63, training task: 3
[2m[36m(ParallelModGrad pid=1734367)[0m INFO:root:	task: 0	loss: 0.51881114	acc: 0.919
[2m[36m(ParallelModGrad pid=1734367)[0m INFO:root:	task: 1	loss: 0.48363414	acc: 0.963
[2m[36m(ParallelModGrad pid=1734367)[0m INFO:root:	task: 2	loss: 0.47298281	acc: 0.956
[2m[36m(ParallelModGrad pid=1734367)[0m INFO:root:	task: 3	loss: 0.47792374	acc: 0.976
[2m[36m(ParallelModGrad pid=1734367)[0m INFO:root:	task: avg	loss: 0.48833796	acc: 0.954
[2m[36m(ParallelModGrad pid=1734367)[0m INFO:root:epochs: 64, training task: 3
[2m[36m(ParallelModGrad pid=1734367)[0m INFO:root:	task: 0	loss: 0.51376172	acc: 0.922
[2m[36m(ParallelModGrad pid=1734367)[0m INFO:root:	task: 1	loss: 0.47683737	acc: 0.978
[2m[36m(ParallelModGrad pid=1734367)[0m INFO:root:	task: 2	loss: 0.46889793	acc: 0.959
[2m[36m(ParallelModGrad pid=1734367)[0m INFO:root:	task: 3	loss: 0.47018231	acc: 0.977
[2m[36m(ParallelModGrad pid=1734367)[0m INFO:root:	task: avg	loss: 0.48241983	acc: 0.959
[2m[36m(ParallelModGrad pid=1734367)[0m INFO:root:epochs: 65, training task: 3
[2m[36m(ParallelModGrad pid=1734367)[0m INFO:root:	task: 0	loss: 0.50632468	acc: 0.926
[2m[36m(ParallelModGrad pid=1734367)[0m INFO:root:	task: 1	loss: 0.48161786	acc: 0.973
[2m[36m(ParallelModGrad pid=1734367)[0m INFO:root:	task: 2	loss: 0.46595390	acc: 0.960
[2m[36m(ParallelModGrad pid=1734367)[0m INFO:root:	task: 3	loss: 0.46293582	acc: 0.978
[2m[36m(ParallelModGrad pid=1734367)[0m INFO:root:	task: avg	loss: 0.47920807	acc: 0.959
[2m[36m(ParallelModGrad pid=1734367)[0m INFO:root:epochs: 66, training task: 3
[2m[36m(ParallelModGrad pid=1734367)[0m INFO:root:	task: 0	loss: 0.50722143	acc: 0.924
[2m[36m(ParallelModGrad pid=1734367)[0m INFO:root:	task: 1	loss: 0.47409625	acc: 0.976
[2m[36m(ParallelModGrad pid=1734367)[0m INFO:root:	task: 2	loss: 0.46936597	acc: 0.956
[2m[36m(ParallelModGrad pid=1734367)[0m INFO:root:	task: 3	loss: 0.46083159	acc: 0.976
[2m[36m(ParallelModGrad pid=1734367)[0m INFO:root:	task: avg	loss: 0.47787881	acc: 0.958
[2m[36m(ParallelModGrad pid=1734367)[0m INFO:root:epochs: 67, training task: 3
[2m[36m(ParallelModGrad pid=1734367)[0m INFO:root:	task: 0	loss: 0.49758390	acc: 0.925
[2m[36m(ParallelModGrad pid=1734367)[0m INFO:root:	task: 1	loss: 0.47162352	acc: 0.977
[2m[36m(ParallelModGrad pid=1734367)[0m INFO:root:	task: 2	loss: 0.46634976	acc: 0.955
[2m[36m(ParallelModGrad pid=1734367)[0m INFO:root:	task: 3	loss: 0.46371797	acc: 0.975
[2m[36m(ParallelModGrad pid=1734367)[0m INFO:root:	task: avg	loss: 0.47481879	acc: 0.958
[2m[36m(ParallelModGrad pid=1734367)[0m INFO:root:epochs: 68, training task: 3
[2m[36m(ParallelModGrad pid=1734367)[0m INFO:root:	task: 0	loss: 0.49575860	acc: 0.927
[2m[36m(ParallelModGrad pid=1734367)[0m INFO:root:	task: 1	loss: 0.47255335	acc: 0.966
[2m[36m(ParallelModGrad pid=1734367)[0m INFO:root:	task: 2	loss: 0.46830277	acc: 0.951
[2m[36m(ParallelModGrad pid=1734367)[0m INFO:root:	task: 3	loss: 0.46253281	acc: 0.976
[2m[36m(ParallelModGrad pid=1734367)[0m INFO:root:	task: avg	loss: 0.47478688	acc: 0.955
[2m[36m(ParallelModGrad pid=1734367)[0m INFO:root:epochs: 69, training task: 3
[2m[36m(ParallelModGrad pid=1734367)[0m INFO:root:	task: 0	loss: 0.49118920	acc: 0.925
[2m[36m(ParallelModGrad pid=1734367)[0m INFO:root:	task: 1	loss: 0.46994940	acc: 0.957
[2m[36m(ParallelModGrad pid=1734367)[0m INFO:root:	task: 2	loss: 0.46753352	acc: 0.951
[2m[36m(ParallelModGrad pid=1734367)[0m INFO:root:	task: 3	loss: 0.45698969	acc: 0.978
[2m[36m(ParallelModGrad pid=1734367)[0m INFO:root:	task: avg	loss: 0.47141545	acc: 0.953
[2m[36m(ParallelModGrad pid=1734367)[0m INFO:root:epochs: 70, training task: 3
[2m[36m(ParallelModGrad pid=1734367)[0m INFO:root:	task: 0	loss: 0.49153924	acc: 0.924
[2m[36m(ParallelModGrad pid=1734367)[0m INFO:root:	task: 1	loss: 0.45919221	acc: 0.963
[2m[36m(ParallelModGrad pid=1734367)[0m INFO:root:	task: 2	loss: 0.45364412	acc: 0.958
[2m[36m(ParallelModGrad pid=1734367)[0m INFO:root:	task: 3	loss: 0.45509302	acc: 0.978
[2m[36m(ParallelModGrad pid=1734367)[0m INFO:root:	task: avg	loss: 0.46486715	acc: 0.956
[2m[36m(ParallelModGrad pid=1734367)[0m INFO:root:epochs: 71, training task: 3
[2m[36m(ParallelModGrad pid=1734367)[0m INFO:root:	task: 0	loss: 0.49181989	acc: 0.925
[2m[36m(ParallelModGrad pid=1734367)[0m INFO:root:	task: 1	loss: 0.45614713	acc: 0.972
[2m[36m(ParallelModGrad pid=1734367)[0m INFO:root:	task: 2	loss: 0.45299125	acc: 0.957
[2m[36m(ParallelModGrad pid=1734367)[0m INFO:root:	task: 3	loss: 0.46112409	acc: 0.976
[2m[36m(ParallelModGrad pid=1734367)[0m INFO:root:	task: avg	loss: 0.46552059	acc: 0.958
[2m[36m(ParallelModGrad pid=1734367)[0m INFO:root:epochs: 72, training task: 3
[2m[36m(ParallelModGrad pid=1734367)[0m INFO:root:	task: 0	loss: 0.49633129	acc: 0.916
[2m[36m(ParallelModGrad pid=1734367)[0m INFO:root:	task: 1	loss: 0.45395700	acc: 0.971
[2m[36m(ParallelModGrad pid=1734367)[0m INFO:root:	task: 2	loss: 0.45003681	acc: 0.957
[2m[36m(ParallelModGrad pid=1734367)[0m INFO:root:	task: 3	loss: 0.45098471	acc: 0.979
[2m[36m(ParallelModGrad pid=1734367)[0m INFO:root:	task: avg	loss: 0.46282745	acc: 0.956
[2m[36m(ParallelModGrad pid=1734367)[0m INFO:root:epochs: 73, training task: 3
[2m[36m(ParallelModGrad pid=1734367)[0m INFO:root:	task: 0	loss: 0.48266475	acc: 0.920
[2m[36m(ParallelModGrad pid=1734367)[0m INFO:root:	task: 1	loss: 0.45399377	acc: 0.963
[2m[36m(ParallelModGrad pid=1734367)[0m INFO:root:	task: 2	loss: 0.44955117	acc: 0.959
[2m[36m(ParallelModGrad pid=1734367)[0m INFO:root:	task: 3	loss: 0.43962125	acc: 0.977
[2m[36m(ParallelModGrad pid=1734367)[0m INFO:root:	task: avg	loss: 0.45645773	acc: 0.955
[2m[36m(ParallelModGrad pid=1734367)[0m INFO:root:epochs: 74, training task: 3
[2m[36m(ParallelModGrad pid=1734367)[0m INFO:root:	task: 0	loss: 0.48327924	acc: 0.921
[2m[36m(ParallelModGrad pid=1734367)[0m INFO:root:	task: 1	loss: 0.44534977	acc: 0.966
[2m[36m(ParallelModGrad pid=1734367)[0m INFO:root:	task: 2	loss: 0.44885966	acc: 0.959
[2m[36m(ParallelModGrad pid=1734367)[0m INFO:root:	task: 3	loss: 0.44846796	acc: 0.979
[2m[36m(ParallelModGrad pid=1734367)[0m INFO:root:	task: avg	loss: 0.45648916	acc: 0.956
[2m[36m(ParallelModGrad pid=1734367)[0m INFO:root:epochs: 75, training task: 3
[2m[36m(ParallelModGrad pid=1734367)[0m INFO:root:	task: 0	loss: 0.48291743	acc: 0.927
[2m[36m(ParallelModGrad pid=1734367)[0m INFO:root:	task: 1	loss: 0.43620622	acc: 0.974
[2m[36m(ParallelModGrad pid=1734367)[0m INFO:root:	task: 2	loss: 0.44002288	acc: 0.958
[2m[36m(ParallelModGrad pid=1734367)[0m INFO:root:	task: 3	loss: 0.44247619	acc: 0.980
[2m[36m(ParallelModGrad pid=1734367)[0m INFO:root:	task: avg	loss: 0.45040568	acc: 0.960
[2m[36m(ParallelModGrad pid=1734367)[0m INFO:root:epochs: 76, training task: 3
[2m[36m(ParallelModGrad pid=1734367)[0m INFO:root:	task: 0	loss: 0.47239507	acc: 0.927
[2m[36m(ParallelModGrad pid=1734367)[0m INFO:root:	task: 1	loss: 0.44962073	acc: 0.968
[2m[36m(ParallelModGrad pid=1734367)[0m INFO:root:	task: 2	loss: 0.43583490	acc: 0.958
[2m[36m(ParallelModGrad pid=1734367)[0m INFO:root:	task: 3	loss: 0.42556375	acc: 0.981
[2m[36m(ParallelModGrad pid=1734367)[0m INFO:root:	task: avg	loss: 0.44585361	acc: 0.959
[2m[36m(ParallelModGrad pid=1734367)[0m INFO:root:epochs: 77, training task: 3
[2m[36m(ParallelModGrad pid=1734367)[0m INFO:root:	task: 0	loss: 0.47017229	acc: 0.921
[2m[36m(ParallelModGrad pid=1734367)[0m INFO:root:	task: 1	loss: 0.44532092	acc: 0.965
[2m[36m(ParallelModGrad pid=1734367)[0m INFO:root:	task: 2	loss: 0.43588981	acc: 0.957
[2m[36m(ParallelModGrad pid=1734367)[0m INFO:root:	task: 3	loss: 0.42554185	acc: 0.979
[2m[36m(ParallelModGrad pid=1734367)[0m INFO:root:	task: avg	loss: 0.44423122	acc: 0.956
[2m[36m(ParallelModGrad pid=1734367)[0m INFO:root:epochs: 78, training task: 3
[2m[36m(ParallelModGrad pid=1734367)[0m INFO:root:	task: 0	loss: 0.47593558	acc: 0.925
[2m[36m(ParallelModGrad pid=1734367)[0m INFO:root:	task: 1	loss: 0.42816429	acc: 0.974
[2m[36m(ParallelModGrad pid=1734367)[0m INFO:root:	task: 2	loss: 0.43817800	acc: 0.958
[2m[36m(ParallelModGrad pid=1734367)[0m INFO:root:	task: 3	loss: 0.42450752	acc: 0.980
[2m[36m(ParallelModGrad pid=1734367)[0m INFO:root:	task: avg	loss: 0.44169635	acc: 0.959
[2m[36m(ParallelModGrad pid=1734367)[0m INFO:root:epochs: 79, training task: 3
[2m[36m(ParallelModGrad pid=1734367)[0m INFO:root:	task: 0	loss: 0.46651914	acc: 0.924
[2m[36m(ParallelModGrad pid=1734367)[0m INFO:root:	task: 1	loss: 0.42220801	acc: 0.980
[2m[36m(ParallelModGrad pid=1734367)[0m INFO:root:	task: 2	loss: 0.43381975	acc: 0.957
[2m[36m(ParallelModGrad pid=1734367)[0m INFO:root:	task: 3	loss: 0.42091251	acc: 0.983
[2m[36m(ParallelModGrad pid=1734367)[0m INFO:root:	task: avg	loss: 0.43586485	acc: 0.961
[2m[36m(ParallelModGrad pid=1734367)[0m INFO:root:epochs: 80, training task: 3
[2m[36m(ParallelModGrad pid=1734367)[0m INFO:root:	task: 0	loss: 0.46494497	acc: 0.928
[2m[36m(ParallelModGrad pid=1734367)[0m INFO:root:	task: 1	loss: 0.42779935	acc: 0.977
[2m[36m(ParallelModGrad pid=1734367)[0m INFO:root:	task: 2	loss: 0.42840663	acc: 0.959
[2m[36m(ParallelModGrad pid=1734367)[0m INFO:root:	task: 3	loss: 0.41568850	acc: 0.981
[2m[36m(ParallelModGrad pid=1734367)[0m INFO:root:	task: avg	loss: 0.43420986	acc: 0.961
[2m[36m(ParallelModGrad pid=1734367)[0m INFO:root:epochs: 81, training task: 3
[2m[36m(ParallelModGrad pid=1734367)[0m INFO:root:	task: 0	loss: 0.46365303	acc: 0.929
[2m[36m(ParallelModGrad pid=1734367)[0m INFO:root:	task: 1	loss: 0.42448658	acc: 0.975
[2m[36m(ParallelModGrad pid=1734367)[0m INFO:root:	task: 2	loss: 0.42600571	acc: 0.962
[2m[36m(ParallelModGrad pid=1734367)[0m INFO:root:	task: 3	loss: 0.41332677	acc: 0.980
[2m[36m(ParallelModGrad pid=1734367)[0m INFO:root:	task: avg	loss: 0.43186802	acc: 0.961
[2m[36m(ParallelModGrad pid=1734367)[0m INFO:root:epochs: 82, training task: 3
[2m[36m(ParallelModGrad pid=1734367)[0m INFO:root:	task: 0	loss: 0.45523264	acc: 0.927
[2m[36m(ParallelModGrad pid=1734367)[0m INFO:root:	task: 1	loss: 0.42147320	acc: 0.976
[2m[36m(ParallelModGrad pid=1734367)[0m INFO:root:	task: 2	loss: 0.42362097	acc: 0.959
[2m[36m(ParallelModGrad pid=1734367)[0m INFO:root:	task: 3	loss: 0.42065496	acc: 0.978
[2m[36m(ParallelModGrad pid=1734367)[0m INFO:root:	task: avg	loss: 0.43024544	acc: 0.960
[2m[36m(ParallelModGrad pid=1734367)[0m INFO:root:epochs: 83, training task: 3
[2m[36m(ParallelModGrad pid=1734367)[0m INFO:root:	task: 0	loss: 0.46090012	acc: 0.931
[2m[36m(ParallelModGrad pid=1734367)[0m INFO:root:	task: 1	loss: 0.41182178	acc: 0.980
[2m[36m(ParallelModGrad pid=1734367)[0m INFO:root:	task: 2	loss: 0.42970974	acc: 0.953
[2m[36m(ParallelModGrad pid=1734367)[0m INFO:root:	task: 3	loss: 0.42539818	acc: 0.978
[2m[36m(ParallelModGrad pid=1734367)[0m INFO:root:	task: avg	loss: 0.43195746	acc: 0.960
[2m[36m(ParallelModGrad pid=1734367)[0m INFO:root:epochs: 84, training task: 3
[2m[36m(ParallelModGrad pid=1734367)[0m INFO:root:	task: 0	loss: 0.45325019	acc: 0.931
[2m[36m(ParallelModGrad pid=1734367)[0m INFO:root:	task: 1	loss: 0.41340343	acc: 0.977
[2m[36m(ParallelModGrad pid=1734367)[0m INFO:root:	task: 2	loss: 0.42192437	acc: 0.958
[2m[36m(ParallelModGrad pid=1734367)[0m INFO:root:	task: 3	loss: 0.41428865	acc: 0.978
[2m[36m(ParallelModGrad pid=1734367)[0m INFO:root:	task: avg	loss: 0.42571666	acc: 0.961
[2m[36m(ParallelModGrad pid=1734367)[0m INFO:root:epochs: 85, training task: 3
[2m[36m(ParallelModGrad pid=1734367)[0m INFO:root:	task: 0	loss: 0.45204284	acc: 0.927
[2m[36m(ParallelModGrad pid=1734367)[0m INFO:root:	task: 1	loss: 0.41107738	acc: 0.980
[2m[36m(ParallelModGrad pid=1734367)[0m INFO:root:	task: 2	loss: 0.41377735	acc: 0.962
[2m[36m(ParallelModGrad pid=1734367)[0m INFO:root:	task: 3	loss: 0.41435027	acc: 0.979
[2m[36m(ParallelModGrad pid=1734367)[0m INFO:root:	task: avg	loss: 0.42281196	acc: 0.962
[2m[36m(ParallelModGrad pid=1734367)[0m INFO:root:epochs: 86, training task: 3
[2m[36m(ParallelModGrad pid=1734367)[0m INFO:root:	task: 0	loss: 0.45256224	acc: 0.926
[2m[36m(ParallelModGrad pid=1734367)[0m INFO:root:	task: 1	loss: 0.40675827	acc: 0.977
[2m[36m(ParallelModGrad pid=1734367)[0m INFO:root:	task: 2	loss: 0.40997039	acc: 0.960
[2m[36m(ParallelModGrad pid=1734367)[0m INFO:root:	task: 3	loss: 0.40788315	acc: 0.979
[2m[36m(ParallelModGrad pid=1734367)[0m INFO:root:	task: avg	loss: 0.41929351	acc: 0.961
[2m[36m(ParallelModGrad pid=1734367)[0m INFO:root:epochs: 87, training task: 3
[2m[36m(ParallelModGrad pid=1734367)[0m INFO:root:	task: 0	loss: 0.44998900	acc: 0.923
[2m[36m(ParallelModGrad pid=1734367)[0m INFO:root:	task: 1	loss: 0.40296381	acc: 0.975
[2m[36m(ParallelModGrad pid=1734367)[0m INFO:root:	task: 2	loss: 0.40928792	acc: 0.958
[2m[36m(ParallelModGrad pid=1734367)[0m INFO:root:	task: 3	loss: 0.40542132	acc: 0.975
[2m[36m(ParallelModGrad pid=1734367)[0m INFO:root:	task: avg	loss: 0.41691551	acc: 0.958
[2m[36m(ParallelModGrad pid=1734367)[0m INFO:root:epochs: 88, training task: 3
[2m[36m(ParallelModGrad pid=1734367)[0m INFO:root:	task: 0	loss: 0.44822545	acc: 0.925
[2m[36m(ParallelModGrad pid=1734367)[0m INFO:root:	task: 1	loss: 0.40172628	acc: 0.974
[2m[36m(ParallelModGrad pid=1734367)[0m INFO:root:	task: 2	loss: 0.41408313	acc: 0.956
[2m[36m(ParallelModGrad pid=1734367)[0m INFO:root:	task: 3	loss: 0.40430883	acc: 0.978
[2m[36m(ParallelModGrad pid=1734367)[0m INFO:root:	task: avg	loss: 0.41708592	acc: 0.958
[2m[36m(ParallelModGrad pid=1734367)[0m INFO:root:epochs: 89, training task: 3
[2m[36m(ParallelModGrad pid=1734367)[0m INFO:root:	task: 0	loss: 0.44959287	acc: 0.921
[2m[36m(ParallelModGrad pid=1734367)[0m INFO:root:	task: 1	loss: 0.40617549	acc: 0.977
[2m[36m(ParallelModGrad pid=1734367)[0m INFO:root:	task: 2	loss: 0.41024119	acc: 0.957
[2m[36m(ParallelModGrad pid=1734367)[0m INFO:root:	task: 3	loss: 0.40015443	acc: 0.978
[2m[36m(ParallelModGrad pid=1734367)[0m INFO:root:	task: avg	loss: 0.41654100	acc: 0.958
[2m[36m(ParallelModGrad pid=1734367)[0m INFO:root:epochs: 90, training task: 3
[2m[36m(ParallelModGrad pid=1734367)[0m INFO:root:	task: 0	loss: 0.43935928	acc: 0.926
[2m[36m(ParallelModGrad pid=1734367)[0m INFO:root:	task: 1	loss: 0.39611581	acc: 0.984
[2m[36m(ParallelModGrad pid=1734367)[0m INFO:root:	task: 2	loss: 0.40140887	acc: 0.959
[2m[36m(ParallelModGrad pid=1734367)[0m INFO:root:	task: 3	loss: 0.39105390	acc: 0.978
[2m[36m(ParallelModGrad pid=1734367)[0m INFO:root:	task: avg	loss: 0.40698447	acc: 0.962
[2m[36m(ParallelModGrad pid=1734367)[0m INFO:root:epochs: 91, training task: 3
[2m[36m(ParallelModGrad pid=1734367)[0m INFO:root:	task: 0	loss: 0.44236604	acc: 0.930
[2m[36m(ParallelModGrad pid=1734367)[0m INFO:root:	task: 1	loss: 0.39307306	acc: 0.977
[2m[36m(ParallelModGrad pid=1734367)[0m INFO:root:	task: 2	loss: 0.40888081	acc: 0.957
[2m[36m(ParallelModGrad pid=1734367)[0m INFO:root:	task: 3	loss: 0.39269965	acc: 0.976
[2m[36m(ParallelModGrad pid=1734367)[0m INFO:root:	task: avg	loss: 0.40925489	acc: 0.960
[2m[36m(ParallelModGrad pid=1734367)[0m INFO:root:epochs: 92, training task: 3
[2m[36m(ParallelModGrad pid=1734367)[0m INFO:root:	task: 0	loss: 0.43432731	acc: 0.931
[2m[36m(ParallelModGrad pid=1734367)[0m INFO:root:	task: 1	loss: 0.39019122	acc: 0.975
[2m[36m(ParallelModGrad pid=1734367)[0m INFO:root:	task: 2	loss: 0.40275891	acc: 0.960
[2m[36m(ParallelModGrad pid=1734367)[0m INFO:root:	task: 3	loss: 0.39243625	acc: 0.981
[2m[36m(ParallelModGrad pid=1734367)[0m INFO:root:	task: avg	loss: 0.40492842	acc: 0.962
[2m[36m(ParallelModGrad pid=1734367)[0m INFO:root:epochs: 93, training task: 3
[2m[36m(ParallelModGrad pid=1734367)[0m INFO:root:	task: 0	loss: 0.43527146	acc: 0.930
[2m[36m(ParallelModGrad pid=1734367)[0m INFO:root:	task: 1	loss: 0.38393666	acc: 0.979
[2m[36m(ParallelModGrad pid=1734367)[0m INFO:root:	task: 2	loss: 0.40097480	acc: 0.960
[2m[36m(ParallelModGrad pid=1734367)[0m INFO:root:	task: 3	loss: 0.39030776	acc: 0.982
[2m[36m(ParallelModGrad pid=1734367)[0m INFO:root:	task: avg	loss: 0.40262267	acc: 0.963
[2m[36m(ParallelModGrad pid=1734367)[0m INFO:root:epochs: 94, training task: 3
[2m[36m(ParallelModGrad pid=1734367)[0m INFO:root:	task: 0	loss: 0.42703406	acc: 0.932
[2m[36m(ParallelModGrad pid=1734367)[0m INFO:root:	task: 1	loss: 0.38399955	acc: 0.982
[2m[36m(ParallelModGrad pid=1734367)[0m INFO:root:	task: 2	loss: 0.39598237	acc: 0.958
[2m[36m(ParallelModGrad pid=1734367)[0m INFO:root:	task: 3	loss: 0.39496437	acc: 0.973
[2m[36m(ParallelModGrad pid=1734367)[0m INFO:root:	task: avg	loss: 0.40049509	acc: 0.962
[2m[36m(ParallelModGrad pid=1734367)[0m INFO:root:epochs: 95, training task: 3
[2m[36m(ParallelModGrad pid=1734367)[0m INFO:root:	task: 0	loss: 0.43868203	acc: 0.935
[2m[36m(ParallelModGrad pid=1734367)[0m INFO:root:	task: 1	loss: 0.39187269	acc: 0.972
[2m[36m(ParallelModGrad pid=1734367)[0m INFO:root:	task: 2	loss: 0.39528312	acc: 0.958
[2m[36m(ParallelModGrad pid=1734367)[0m INFO:root:	task: 3	loss: 0.39102147	acc: 0.975
[2m[36m(ParallelModGrad pid=1734367)[0m INFO:root:	task: avg	loss: 0.40421483	acc: 0.960
[2m[36m(ParallelModGrad pid=1734367)[0m INFO:root:epochs: 96, training task: 3
[2m[36m(ParallelModGrad pid=1734367)[0m INFO:root:	task: 0	loss: 0.43841549	acc: 0.932
[2m[36m(ParallelModGrad pid=1734367)[0m INFO:root:	task: 1	loss: 0.38463038	acc: 0.981
[2m[36m(ParallelModGrad pid=1734367)[0m INFO:root:	task: 2	loss: 0.39266151	acc: 0.954
[2m[36m(ParallelModGrad pid=1734367)[0m INFO:root:	task: 3	loss: 0.37472977	acc: 0.980
[2m[36m(ParallelModGrad pid=1734367)[0m INFO:root:	task: avg	loss: 0.39760929	acc: 0.962
[2m[36m(ParallelModGrad pid=1734367)[0m INFO:root:epochs: 97, training task: 3
[2m[36m(ParallelModGrad pid=1734367)[0m INFO:root:	task: 0	loss: 0.43167428	acc: 0.930
[2m[36m(ParallelModGrad pid=1734367)[0m INFO:root:	task: 1	loss: 0.38449565	acc: 0.973
[2m[36m(ParallelModGrad pid=1734367)[0m INFO:root:	task: 2	loss: 0.39186532	acc: 0.953
[2m[36m(ParallelModGrad pid=1734367)[0m INFO:root:	task: 3	loss: 0.38124963	acc: 0.976
[2m[36m(ParallelModGrad pid=1734367)[0m INFO:root:	task: avg	loss: 0.39732122	acc: 0.958
[2m[36m(ParallelModGrad pid=1734367)[0m INFO:root:epochs: 98, training task: 3
[2m[36m(ParallelModGrad pid=1734367)[0m INFO:root:	task: 0	loss: 0.42465157	acc: 0.928
[2m[36m(ParallelModGrad pid=1734367)[0m INFO:root:	task: 1	loss: 0.38269838	acc: 0.974
[2m[36m(ParallelModGrad pid=1734367)[0m INFO:root:	task: 2	loss: 0.38524246	acc: 0.959
[2m[36m(ParallelModGrad pid=1734367)[0m INFO:root:	task: 3	loss: 0.38319903	acc: 0.976
[2m[36m(ParallelModGrad pid=1734367)[0m INFO:root:	task: avg	loss: 0.39394786	acc: 0.959
[2m[36m(ParallelModGrad pid=1734367)[0m INFO:root:epochs: 99, training task: 3
[2m[36m(ParallelModGrad pid=1734367)[0m INFO:root:	task: 0	loss: 0.41952991	acc: 0.931
[2m[36m(ParallelModGrad pid=1734367)[0m INFO:root:	task: 1	loss: 0.37943226	acc: 0.982
[2m[36m(ParallelModGrad pid=1734367)[0m INFO:root:	task: 2	loss: 0.38856316	acc: 0.956
[2m[36m(ParallelModGrad pid=1734367)[0m INFO:root:	task: 3	loss: 0.37760124	acc: 0.976
[2m[36m(ParallelModGrad pid=1734367)[0m INFO:root:	task: avg	loss: 0.39128164	acc: 0.961
[2m[36m(ParallelModGrad pid=1734367)[0m INFO:root:epochs: 100, training task: 3
[2m[36m(ParallelModGrad pid=1734367)[0m INFO:root:	task: 0	loss: 0.41602686	acc: 0.932
[2m[36m(ParallelModGrad pid=1734367)[0m INFO:root:	task: 1	loss: 0.37832063	acc: 0.981
[2m[36m(ParallelModGrad pid=1734367)[0m INFO:root:	task: 2	loss: 0.37993699	acc: 0.958
[2m[36m(ParallelModGrad pid=1734367)[0m INFO:root:	task: 3	loss: 0.37193502	acc: 0.978
[2m[36m(ParallelModGrad pid=1734367)[0m INFO:root:	task: avg	loss: 0.38655487	acc: 0.962
[2m[36m(ParallelModGrad pid=1734367)[0m INFO:root:epochs: 101, training task: 3
[2m[36m(ParallelModGrad pid=1734367)[0m INFO:root:	task: 0	loss: 0.41602686	acc: 0.932
[2m[36m(ParallelModGrad pid=1734367)[0m INFO:root:	task: 1	loss: 0.37832063	acc: 0.981
[2m[36m(ParallelModGrad pid=1734367)[0m INFO:root:	task: 2	loss: 0.37993699	acc: 0.958
[2m[36m(ParallelModGrad pid=1734367)[0m INFO:root:	task: 3	loss: 0.37193502	acc: 0.978
[2m[36m(ParallelModGrad pid=1734367)[0m INFO:root:	task: avg	loss: 0.38655487	acc: 0.962
[2m[36m(ParallelModGrad pid=1734367)[0m INFO:root:final components: 4
[2m[36m(ParallelModGrad pid=2467892)[0m INFO:root:Agent: node_id: 0, seed: 2
[2m[36m(ParallelModGrad pid=2468121)[0m INFO:root:Agent: node_id: 1, seed: 1002
[2m[36m(ParallelModGrad pid=2468736)[0m INFO:root:Agent: node_id: 2, seed: 2002
[2m[36m(ParallelModGrad pid=2469951)[0m INFO:root:Agent: node_id: 4, seed: 4002
[2m[36m(ParallelModGrad pid=2469379)[0m INFO:root:Agent: node_id: 3, seed: 3002
[2m[36m(ParallelModGrad pid=2470587)[0m INFO:root:Agent: node_id: 5, seed: 5002
[2m[36m(ParallelModGrad pid=2471495)[0m INFO:root:Agent: node_id: 7, seed: 7002
[2m[36m(ParallelModGrad pid=2471236)[0m INFO:root:Agent: node_id: 6, seed: 6002
[2m[36m(ParallelModGrad pid=2467892)[0m INFO:root:epochs: 0, training task: 0
[2m[36m(ParallelModGrad pid=2467892)[0m INFO:root:	task: 0	loss: 0.69330250	acc: 0.500
[2m[36m(ParallelModGrad pid=2467892)[0m INFO:root:	task: avg	loss: 0.69330250	acc: 0.500
[2m[36m(ParallelModGrad pid=2468736)[0m INFO:root:epochs: 0, training task: 0
[2m[36m(ParallelModGrad pid=2468736)[0m INFO:root:	task: 0	loss: 0.69783692	acc: 0.489
[2m[36m(ParallelModGrad pid=2469951)[0m INFO:root:epochs: 0, training task: 0
[2m[36m(ParallelModGrad pid=2469951)[0m INFO:root:	task: 0	loss: 0.69306576	acc: 0.513
[2m[36m(ParallelModGrad pid=2469951)[0m INFO:root:	task: avg	loss: 0.69306576	acc: 0.513
[2m[36m(ParallelModGrad pid=2471236)[0m INFO:root:epochs: 0, training task: 0
[2m[36m(ParallelModGrad pid=2471236)[0m INFO:root:	task: 0	loss: 0.69481681	acc: 0.471
[2m[36m(ParallelModGrad pid=2471236)[0m INFO:root:	task: avg	loss: 0.69481681	acc: 0.471
[2m[36m(ParallelModGrad pid=2468736)[0m INFO:root:	task: avg	loss: 0.69783692	acc: 0.489
[2m[36m(ParallelModGrad pid=2468121)[0m INFO:root:epochs: 0, training task: 0
[2m[36m(ParallelModGrad pid=2468121)[0m INFO:root:	task: 0	loss: 0.69246652	acc: 0.524
[2m[36m(ParallelModGrad pid=2468121)[0m INFO:root:	task: avg	loss: 0.69246652	acc: 0.524
[2m[36m(ParallelModGrad pid=2470587)[0m INFO:root:epochs: 0, training task: 0
[2m[36m(ParallelModGrad pid=2470587)[0m INFO:root:	task: 0	loss: 0.69844398	acc: 0.469
[2m[36m(ParallelModGrad pid=2470587)[0m INFO:root:	task: avg	loss: 0.69844398	acc: 0.469
[2m[36m(ParallelModGrad pid=2469379)[0m INFO:root:epochs: 0, training task: 0
[2m[36m(ParallelModGrad pid=2469379)[0m INFO:root:	task: 0	loss: 0.69459088	acc: 0.471
[2m[36m(ParallelModGrad pid=2469379)[0m INFO:root:	task: avg	loss: 0.69459088	acc: 0.471
[2m[36m(ParallelModGrad pid=2471495)[0m INFO:root:epochs: 0, training task: 0
[2m[36m(ParallelModGrad pid=2471495)[0m INFO:root:	task: 0	loss: 0.69336583	acc: 0.504
[2m[36m(ParallelModGrad pid=2471495)[0m INFO:root:	task: avg	loss: 0.69336583	acc: 0.504
[2m[36m(ParallelModGrad pid=2467892)[0m INFO:root:epochs: 1, training task: 0
[2m[36m(ParallelModGrad pid=2467892)[0m INFO:root:	task: 0	loss: 0.69312455	acc: 0.500
[2m[36m(ParallelModGrad pid=2467892)[0m INFO:root:	task: avg	loss: 0.69312455	acc: 0.500
[2m[36m(ParallelModGrad pid=2468121)[0m INFO:root:epochs: 1, training task: 0
[2m[36m(ParallelModGrad pid=2468121)[0m INFO:root:	task: 0	loss: 0.69231026	acc: 0.524
[2m[36m(ParallelModGrad pid=2468121)[0m INFO:root:	task: avg	loss: 0.69231026	acc: 0.524
[2m[36m(ParallelModGrad pid=2468736)[0m INFO:root:epochs: 1, training task: 0
[2m[36m(ParallelModGrad pid=2468736)[0m INFO:root:	task: 0	loss: 0.69740369	acc: 0.489
[2m[36m(ParallelModGrad pid=2468736)[0m INFO:root:	task: avg	loss: 0.69740369	acc: 0.489
[2m[36m(ParallelModGrad pid=2469951)[0m INFO:root:epochs: 1, training task: 0
[2m[36m(ParallelModGrad pid=2469951)[0m INFO:root:	task: 0	loss: 0.69329327	acc: 0.487
[2m[36m(ParallelModGrad pid=2469951)[0m INFO:root:	task: avg	loss: 0.69329327	acc: 0.487
[2m[36m(ParallelModGrad pid=2469379)[0m INFO:root:epochs: 1, training task: 0
[2m[36m(ParallelModGrad pid=2469379)[0m INFO:root:	task: 0	loss: 0.69375825	acc: 0.471
[2m[36m(ParallelModGrad pid=2469379)[0m INFO:root:	task: avg	loss: 0.69375825	acc: 0.471
[2m[36m(ParallelModGrad pid=2471495)[0m INFO:root:epochs: 1, training task: 0
[2m[36m(ParallelModGrad pid=2471495)[0m INFO:root:	task: 0	loss: 0.69331678	acc: 0.504
[2m[36m(ParallelModGrad pid=2471495)[0m INFO:root:	task: avg	loss: 0.69331678	acc: 0.504
[2m[36m(ParallelModGrad pid=2471236)[0m INFO:root:epochs: 1, training task: 0
[2m[36m(ParallelModGrad pid=2471236)[0m INFO:root:	task: 0	loss: 0.69459375	acc: 0.471
[2m[36m(ParallelModGrad pid=2471236)[0m INFO:root:	task: avg	loss: 0.69459375	acc: 0.471
[2m[36m(ParallelModGrad pid=2470587)[0m INFO:root:epochs: 1, training task: 0
[2m[36m(ParallelModGrad pid=2470587)[0m INFO:root:	task: 0	loss: 0.69656454	acc: 0.469
[2m[36m(ParallelModGrad pid=2470587)[0m INFO:root:	task: avg	loss: 0.69656454	acc: 0.469
[2m[36m(ParallelModGrad pid=2468121)[0m INFO:root:epochs: 2, training task: 0
[2m[36m(ParallelModGrad pid=2468121)[0m INFO:root:	task: 0	loss: 0.69245888	acc: 0.524
[2m[36m(ParallelModGrad pid=2468121)[0m INFO:root:	task: avg	loss: 0.69245888	acc: 0.524
[2m[36m(ParallelModGrad pid=2468736)[0m INFO:root:epochs: 2, training task: 0
[2m[36m(ParallelModGrad pid=2468736)[0m INFO:root:	task: 0	loss: 0.69776431	acc: 0.489
[2m[36m(ParallelModGrad pid=2468736)[0m INFO:root:	task: avg	loss: 0.69776431	acc: 0.489
[2m[36m(ParallelModGrad pid=2469379)[0m INFO:root:epochs: 2, training task: 0
[2m[36m(ParallelModGrad pid=2469379)[0m INFO:root:	task: 0	loss: 0.69309101	acc: 0.529
[2m[36m(ParallelModGrad pid=2469379)[0m INFO:root:	task: avg	loss: 0.69309101	acc: 0.529
[2m[36m(ParallelModGrad pid=2471495)[0m INFO:root:epochs: 2, training task: 0
[2m[36m(ParallelModGrad pid=2471495)[0m INFO:root:	task: 0	loss: 0.69350455	acc: 0.496
[2m[36m(ParallelModGrad pid=2471495)[0m INFO:root:	task: avg	loss: 0.69350455	acc: 0.496
[2m[36m(ParallelModGrad pid=2467892)[0m INFO:root:epochs: 2, training task: 0
[2m[36m(ParallelModGrad pid=2467892)[0m INFO:root:	task: 0	loss: 0.69312692	acc: 0.500
[2m[36m(ParallelModGrad pid=2467892)[0m INFO:root:	task: avg	loss: 0.69312692	acc: 0.500
[2m[36m(ParallelModGrad pid=2469951)[0m INFO:root:epochs: 2, training task: 0
[2m[36m(ParallelModGrad pid=2469951)[0m INFO:root:	task: 0	loss: 0.69364438	acc: 0.487
[2m[36m(ParallelModGrad pid=2469951)[0m INFO:root:	task: avg	loss: 0.69364438	acc: 0.487
[2m[36m(ParallelModGrad pid=2470587)[0m INFO:root:epochs: 2, training task: 0
[2m[36m(ParallelModGrad pid=2470587)[0m INFO:root:	task: 0	loss: 0.69579611	acc: 0.469
[2m[36m(ParallelModGrad pid=2470587)[0m INFO:root:	task: avg	loss: 0.69579611	acc: 0.469
[2m[36m(ParallelModGrad pid=2471236)[0m INFO:root:epochs: 2, training task: 0
[2m[36m(ParallelModGrad pid=2471236)[0m INFO:root:	task: 0	loss: 0.69389356	acc: 0.471
[2m[36m(ParallelModGrad pid=2471236)[0m INFO:root:	task: avg	loss: 0.69389356	acc: 0.471
[2m[36m(ParallelModGrad pid=2468121)[0m INFO:root:epochs: 3, training task: 0
[2m[36m(ParallelModGrad pid=2468121)[0m INFO:root:	task: 0	loss: 0.69270764	acc: 0.524
[2m[36m(ParallelModGrad pid=2468121)[0m INFO:root:	task: avg	loss: 0.69270764	acc: 0.524
[2m[36m(ParallelModGrad pid=2468736)[0m INFO:root:epochs: 3, training task: 0
[2m[36m(ParallelModGrad pid=2468736)[0m INFO:root:	task: 0	loss: 0.69793035	acc: 0.489
[2m[36m(ParallelModGrad pid=2468736)[0m INFO:root:	task: avg	loss: 0.69793035	acc: 0.489
[2m[36m(ParallelModGrad pid=2469379)[0m INFO:root:epochs: 3, training task: 0
[2m[36m(ParallelModGrad pid=2469379)[0m INFO:root:	task: 0	loss: 0.69284671	acc: 0.529
[2m[36m(ParallelModGrad pid=2469379)[0m INFO:root:	task: avg	loss: 0.69284671	acc: 0.529
[2m[36m(ParallelModGrad pid=2471495)[0m INFO:root:epochs: 3, training task: 0
[2m[36m(ParallelModGrad pid=2471495)[0m INFO:root:	task: 0	loss: 0.69380668	acc: 0.496
[2m[36m(ParallelModGrad pid=2471495)[0m INFO:root:	task: avg	loss: 0.69380668	acc: 0.496
[2m[36m(ParallelModGrad pid=2467892)[0m INFO:root:epochs: 3, training task: 0
[2m[36m(ParallelModGrad pid=2467892)[0m INFO:root:	task: 0	loss: 0.69321719	acc: 0.500
[2m[36m(ParallelModGrad pid=2467892)[0m INFO:root:	task: avg	loss: 0.69321719	acc: 0.500
[2m[36m(ParallelModGrad pid=2471236)[0m INFO:root:epochs: 3, training task: 0
[2m[36m(ParallelModGrad pid=2471236)[0m INFO:root:	task: 0	loss: 0.69329429	acc: 0.529
[2m[36m(ParallelModGrad pid=2471236)[0m INFO:root:	task: avg	loss: 0.69329429	acc: 0.529
[2m[36m(ParallelModGrad pid=2469951)[0m INFO:root:epochs: 3, training task: 0
[2m[36m(ParallelModGrad pid=2469951)[0m INFO:root:	task: 0	loss: 0.69395566	acc: 0.487
[2m[36m(ParallelModGrad pid=2469951)[0m INFO:root:	task: avg	loss: 0.69395566	acc: 0.487
[2m[36m(ParallelModGrad pid=2470587)[0m INFO:root:epochs: 3, training task: 0
[2m[36m(ParallelModGrad pid=2470587)[0m INFO:root:	task: 0	loss: 0.69536295	acc: 0.469
[2m[36m(ParallelModGrad pid=2470587)[0m INFO:root:	task: avg	loss: 0.69536295	acc: 0.469
[2m[36m(ParallelModGrad pid=2468121)[0m INFO:root:epochs: 4, training task: 0
[2m[36m(ParallelModGrad pid=2468121)[0m INFO:root:	task: 0	loss: 0.69296806	acc: 0.524
[2m[36m(ParallelModGrad pid=2468121)[0m INFO:root:	task: avg	loss: 0.69296806	acc: 0.524
[2m[36m(ParallelModGrad pid=2468736)[0m INFO:root:epochs: 4, training task: 0
[2m[36m(ParallelModGrad pid=2468736)[0m INFO:root:	task: 0	loss: 0.69829446	acc: 0.489
[2m[36m(ParallelModGrad pid=2468736)[0m INFO:root:	task: avg	loss: 0.69829446	acc: 0.489
[2m[36m(ParallelModGrad pid=2469379)[0m INFO:root:epochs: 4, training task: 0
[2m[36m(ParallelModGrad pid=2469379)[0m INFO:root:	task: 0	loss: 0.69248968	acc: 0.529
[2m[36m(ParallelModGrad pid=2469379)[0m INFO:root:	task: avg	loss: 0.69248968	acc: 0.529
[2m[36m(ParallelModGrad pid=2471495)[0m INFO:root:epochs: 4, training task: 0
[2m[36m(ParallelModGrad pid=2471495)[0m INFO:root:	task: 0	loss: 0.69411620	acc: 0.496
[2m[36m(ParallelModGrad pid=2471495)[0m INFO:root:	task: avg	loss: 0.69411620	acc: 0.496
[2m[36m(ParallelModGrad pid=2467892)[0m INFO:root:epochs: 4, training task: 0
[2m[36m(ParallelModGrad pid=2467892)[0m INFO:root:	task: 0	loss: 0.69337107	acc: 0.500
[2m[36m(ParallelModGrad pid=2467892)[0m INFO:root:	task: avg	loss: 0.69337107	acc: 0.500
[2m[36m(ParallelModGrad pid=2469951)[0m INFO:root:epochs: 4, training task: 0
[2m[36m(ParallelModGrad pid=2469951)[0m INFO:root:	task: 0	loss: 0.69399128	acc: 0.487
[2m[36m(ParallelModGrad pid=2469951)[0m INFO:root:	task: avg	loss: 0.69399128	acc: 0.487
[2m[36m(ParallelModGrad pid=2470587)[0m INFO:root:epochs: 4, training task: 0
[2m[36m(ParallelModGrad pid=2470587)[0m INFO:root:	task: 0	loss: 0.69492033	acc: 0.469
[2m[36m(ParallelModGrad pid=2470587)[0m INFO:root:	task: avg	loss: 0.69492033	acc: 0.469
[2m[36m(ParallelModGrad pid=2471236)[0m INFO:root:epochs: 4, training task: 0
[2m[36m(ParallelModGrad pid=2471236)[0m INFO:root:	task: 0	loss: 0.69288352	acc: 0.529
[2m[36m(ParallelModGrad pid=2471236)[0m INFO:root:	task: avg	loss: 0.69288352	acc: 0.529
[2m[36m(ParallelModGrad pid=2468121)[0m INFO:root:epochs: 5, training task: 0
[2m[36m(ParallelModGrad pid=2468121)[0m INFO:root:	task: 0	loss: 0.69332526	acc: 0.524
[2m[36m(ParallelModGrad pid=2468121)[0m INFO:root:	task: avg	loss: 0.69332526	acc: 0.524
[2m[36m(ParallelModGrad pid=2468736)[0m INFO:root:epochs: 5, training task: 0
[2m[36m(ParallelModGrad pid=2468736)[0m INFO:root:	task: 0	loss: 0.69828599	acc: 0.489
[2m[36m(ParallelModGrad pid=2468736)[0m INFO:root:	task: avg	loss: 0.69828599	acc: 0.489
[2m[36m(ParallelModGrad pid=2469379)[0m INFO:root:epochs: 5, training task: 0
[2m[36m(ParallelModGrad pid=2469379)[0m INFO:root:	task: 0	loss: 0.69229005	acc: 0.529
[2m[36m(ParallelModGrad pid=2469379)[0m INFO:root:	task: avg	loss: 0.69229005	acc: 0.529
[2m[36m(ParallelModGrad pid=2471495)[0m INFO:root:epochs: 5, training task: 0
[2m[36m(ParallelModGrad pid=2471495)[0m INFO:root:	task: 0	loss: 0.69453935	acc: 0.496
[2m[36m(ParallelModGrad pid=2471495)[0m INFO:root:	task: avg	loss: 0.69453935	acc: 0.496
[2m[36m(ParallelModGrad pid=2467892)[0m INFO:root:epochs: 5, training task: 0
[2m[36m(ParallelModGrad pid=2467892)[0m INFO:root:	task: 0	loss: 0.69361808	acc: 0.500
[2m[36m(ParallelModGrad pid=2467892)[0m INFO:root:	task: avg	loss: 0.69361808	acc: 0.500
[2m[36m(ParallelModGrad pid=2469951)[0m INFO:root:epochs: 5, training task: 0
[2m[36m(ParallelModGrad pid=2469951)[0m INFO:root:	task: 0	loss: 0.69415234	acc: 0.487
[2m[36m(ParallelModGrad pid=2469951)[0m INFO:root:	task: avg	loss: 0.69415234	acc: 0.487
[2m[36m(ParallelModGrad pid=2470587)[0m INFO:root:epochs: 5, training task: 0
[2m[36m(ParallelModGrad pid=2470587)[0m INFO:root:	task: 0	loss: 0.69439872	acc: 0.469
[2m[36m(ParallelModGrad pid=2470587)[0m INFO:root:	task: avg	loss: 0.69439872	acc: 0.469
[2m[36m(ParallelModGrad pid=2471236)[0m INFO:root:epochs: 5, training task: 0
[2m[36m(ParallelModGrad pid=2471236)[0m INFO:root:	task: 0	loss: 0.69250612	acc: 0.529
[2m[36m(ParallelModGrad pid=2471236)[0m INFO:root:	task: avg	loss: 0.69250612	acc: 0.529
[2m[36m(ParallelModGrad pid=2468121)[0m INFO:root:epochs: 6, training task: 0
[2m[36m(ParallelModGrad pid=2468121)[0m INFO:root:	task: 0	loss: 0.69374993	acc: 0.524
[2m[36m(ParallelModGrad pid=2468121)[0m INFO:root:	task: avg	loss: 0.69374993	acc: 0.524
[2m[36m(ParallelModGrad pid=2468736)[0m INFO:root:epochs: 6, training task: 0
[2m[36m(ParallelModGrad pid=2468736)[0m INFO:root:	task: 0	loss: 0.69826785	acc: 0.489
[2m[36m(ParallelModGrad pid=2469379)[0m INFO:root:epochs: 6, training task: 0
[2m[36m(ParallelModGrad pid=2469379)[0m INFO:root:	task: 0	loss: 0.69225127	acc: 0.529
[2m[36m(ParallelModGrad pid=2469379)[0m INFO:root:	task: avg	loss: 0.69225127	acc: 0.529
[2m[36m(ParallelModGrad pid=2471495)[0m INFO:root:epochs: 6, training task: 0
[2m[36m(ParallelModGrad pid=2471495)[0m INFO:root:	task: 0	loss: 0.69495197	acc: 0.496
[2m[36m(ParallelModGrad pid=2471495)[0m INFO:root:	task: avg	loss: 0.69495197	acc: 0.496
[2m[36m(ParallelModGrad pid=2468736)[0m INFO:root:	task: avg	loss: 0.69826785	acc: 0.489
[2m[36m(ParallelModGrad pid=2467892)[0m INFO:root:epochs: 6, training task: 0
[2m[36m(ParallelModGrad pid=2467892)[0m INFO:root:	task: 0	loss: 0.69393805	acc: 0.500
[2m[36m(ParallelModGrad pid=2467892)[0m INFO:root:	task: avg	loss: 0.69393805	acc: 0.500
[2m[36m(ParallelModGrad pid=2470587)[0m INFO:root:epochs: 6, training task: 0
[2m[36m(ParallelModGrad pid=2470587)[0m INFO:root:	task: 0	loss: 0.69390393	acc: 0.540
[2m[36m(ParallelModGrad pid=2470587)[0m INFO:root:	task: avg	loss: 0.69390393	acc: 0.540
[2m[36m(ParallelModGrad pid=2471236)[0m INFO:root:epochs: 6, training task: 0
[2m[36m(ParallelModGrad pid=2471236)[0m INFO:root:	task: 0	loss: 0.69226969	acc: 0.529
[2m[36m(ParallelModGrad pid=2471236)[0m INFO:root:	task: avg	loss: 0.69226969	acc: 0.529
[2m[36m(ParallelModGrad pid=2469951)[0m INFO:root:epochs: 6, training task: 0
[2m[36m(ParallelModGrad pid=2469951)[0m INFO:root:	task: 0	loss: 0.69426312	acc: 0.487
[2m[36m(ParallelModGrad pid=2469951)[0m INFO:root:	task: avg	loss: 0.69426312	acc: 0.487
[2m[36m(ParallelModGrad pid=2468121)[0m INFO:root:epochs: 7, training task: 0
[2m[36m(ParallelModGrad pid=2468121)[0m INFO:root:	task: 0	loss: 0.69413457	acc: 0.524
[2m[36m(ParallelModGrad pid=2468121)[0m INFO:root:	task: avg	loss: 0.69413457	acc: 0.524
[2m[36m(ParallelModGrad pid=2469379)[0m INFO:root:epochs: 7, training task: 0
[2m[36m(ParallelModGrad pid=2469379)[0m INFO:root:	task: 0	loss: 0.69208423	acc: 0.529
[2m[36m(ParallelModGrad pid=2469379)[0m INFO:root:	task: avg	loss: 0.69208423	acc: 0.529
[2m[36m(ParallelModGrad pid=2471495)[0m INFO:root:epochs: 7, training task: 0
[2m[36m(ParallelModGrad pid=2471495)[0m INFO:root:	task: 0	loss: 0.69547934	acc: 0.496
[2m[36m(ParallelModGrad pid=2471495)[0m INFO:root:	task: avg	loss: 0.69547934	acc: 0.496
[2m[36m(ParallelModGrad pid=2468736)[0m INFO:root:epochs: 7, training task: 0
[2m[36m(ParallelModGrad pid=2468736)[0m INFO:root:	task: 0	loss: 0.69814570	acc: 0.489
[2m[36m(ParallelModGrad pid=2468736)[0m INFO:root:	task: avg	loss: 0.69814570	acc: 0.489
[2m[36m(ParallelModGrad pid=2467892)[0m INFO:root:epochs: 7, training task: 0
[2m[36m(ParallelModGrad pid=2467892)[0m INFO:root:	task: 0	loss: 0.69428469	acc: 0.500
[2m[36m(ParallelModGrad pid=2467892)[0m INFO:root:	task: avg	loss: 0.69428469	acc: 0.500
[2m[36m(ParallelModGrad pid=2470587)[0m INFO:root:epochs: 7, training task: 0
[2m[36m(ParallelModGrad pid=2470587)[0m INFO:root:	task: 0	loss: 0.69363256	acc: 0.531
[2m[36m(ParallelModGrad pid=2470587)[0m INFO:root:	task: avg	loss: 0.69363256	acc: 0.531
[2m[36m(ParallelModGrad pid=2471236)[0m INFO:root:epochs: 7, training task: 0
[2m[36m(ParallelModGrad pid=2471236)[0m INFO:root:	task: 0	loss: 0.69203106	acc: 0.529
[2m[36m(ParallelModGrad pid=2471236)[0m INFO:root:	task: avg	loss: 0.69203106	acc: 0.529
[2m[36m(ParallelModGrad pid=2469951)[0m INFO:root:epochs: 7, training task: 0
[2m[36m(ParallelModGrad pid=2469951)[0m INFO:root:	task: 0	loss: 0.69435784	acc: 0.487
[2m[36m(ParallelModGrad pid=2469951)[0m INFO:root:	task: avg	loss: 0.69435784	acc: 0.487
[2m[36m(ParallelModGrad pid=2468121)[0m INFO:root:epochs: 8, training task: 0
[2m[36m(ParallelModGrad pid=2468121)[0m INFO:root:	task: 0	loss: 0.69441499	acc: 0.524
[2m[36m(ParallelModGrad pid=2468121)[0m INFO:root:	task: avg	loss: 0.69441499	acc: 0.524
[2m[36m(ParallelModGrad pid=2471495)[0m INFO:root:epochs: 8, training task: 0
[2m[36m(ParallelModGrad pid=2471495)[0m INFO:root:	task: 0	loss: 0.69609190	acc: 0.496
[2m[36m(ParallelModGrad pid=2471495)[0m INFO:root:	task: avg	loss: 0.69609190	acc: 0.496
[2m[36m(ParallelModGrad pid=2469379)[0m INFO:root:epochs: 8, training task: 0
[2m[36m(ParallelModGrad pid=2469379)[0m INFO:root:	task: 0	loss: 0.69208462	acc: 0.529
[2m[36m(ParallelModGrad pid=2469379)[0m INFO:root:	task: avg	loss: 0.69208462	acc: 0.529
[2m[36m(ParallelModGrad pid=2467892)[0m INFO:root:epochs: 8, training task: 0
[2m[36m(ParallelModGrad pid=2467892)[0m INFO:root:	task: 0	loss: 0.69474237	acc: 0.500
[2m[36m(ParallelModGrad pid=2467892)[0m INFO:root:	task: avg	loss: 0.69474237	acc: 0.500
[2m[36m(ParallelModGrad pid=2468736)[0m INFO:root:epochs: 8, training task: 0
[2m[36m(ParallelModGrad pid=2468736)[0m INFO:root:	task: 0	loss: 0.69799931	acc: 0.489
[2m[36m(ParallelModGrad pid=2468736)[0m INFO:root:	task: avg	loss: 0.69799931	acc: 0.489
[2m[36m(ParallelModGrad pid=2470587)[0m INFO:root:epochs: 8, training task: 0
[2m[36m(ParallelModGrad pid=2470587)[0m INFO:root:	task: 0	loss: 0.69330018	acc: 0.531
[2m[36m(ParallelModGrad pid=2470587)[0m INFO:root:	task: avg	loss: 0.69330018	acc: 0.531
[2m[36m(ParallelModGrad pid=2471236)[0m INFO:root:epochs: 8, training task: 0
[2m[36m(ParallelModGrad pid=2471236)[0m INFO:root:	task: 0	loss: 0.69195133	acc: 0.529
[2m[36m(ParallelModGrad pid=2471236)[0m INFO:root:	task: avg	loss: 0.69195133	acc: 0.529
[2m[36m(ParallelModGrad pid=2469951)[0m INFO:root:epochs: 8, training task: 0
[2m[36m(ParallelModGrad pid=2469951)[0m INFO:root:	task: 0	loss: 0.69446443	acc: 0.487
[2m[36m(ParallelModGrad pid=2469951)[0m INFO:root:	task: avg	loss: 0.69446443	acc: 0.487
[2m[36m(ParallelModGrad pid=2468121)[0m INFO:root:epochs: 9, training task: 0
[2m[36m(ParallelModGrad pid=2468121)[0m INFO:root:	task: 0	loss: 0.69478165	acc: 0.524
[2m[36m(ParallelModGrad pid=2468121)[0m INFO:root:	task: avg	loss: 0.69478165	acc: 0.524
[2m[36m(ParallelModGrad pid=2469379)[0m INFO:root:epochs: 9, training task: 0
[2m[36m(ParallelModGrad pid=2469379)[0m INFO:root:	task: 0	loss: 0.69213850	acc: 0.529
[2m[36m(ParallelModGrad pid=2469379)[0m INFO:root:	task: avg	loss: 0.69213850	acc: 0.529
[2m[36m(ParallelModGrad pid=2471495)[0m INFO:root:epochs: 9, training task: 0
[2m[36m(ParallelModGrad pid=2471495)[0m INFO:root:	task: 0	loss: 0.69648581	acc: 0.496
[2m[36m(ParallelModGrad pid=2471495)[0m INFO:root:	task: avg	loss: 0.69648581	acc: 0.496
[2m[36m(ParallelModGrad pid=2467892)[0m INFO:root:epochs: 9, training task: 0
[2m[36m(ParallelModGrad pid=2467892)[0m INFO:root:	task: 0	loss: 0.69526963	acc: 0.500
[2m[36m(ParallelModGrad pid=2467892)[0m INFO:root:	task: avg	loss: 0.69526963	acc: 0.500
[2m[36m(ParallelModGrad pid=2468736)[0m INFO:root:epochs: 9, training task: 0
[2m[36m(ParallelModGrad pid=2468736)[0m INFO:root:	task: 0	loss: 0.69833868	acc: 0.489
[2m[36m(ParallelModGrad pid=2468736)[0m INFO:root:	task: avg	loss: 0.69833868	acc: 0.489
[2m[36m(ParallelModGrad pid=2470587)[0m INFO:root:epochs: 9, training task: 0
[2m[36m(ParallelModGrad pid=2470587)[0m INFO:root:	task: 0	loss: 0.69293839	acc: 0.531
[2m[36m(ParallelModGrad pid=2470587)[0m INFO:root:	task: avg	loss: 0.69293839	acc: 0.531
[2m[36m(ParallelModGrad pid=2471236)[0m INFO:root:epochs: 9, training task: 0
[2m[36m(ParallelModGrad pid=2471236)[0m INFO:root:	task: 0	loss: 0.69195357	acc: 0.529
[2m[36m(ParallelModGrad pid=2471236)[0m INFO:root:	task: avg	loss: 0.69195357	acc: 0.529
[2m[36m(ParallelModGrad pid=2469951)[0m INFO:root:epochs: 9, training task: 0
[2m[36m(ParallelModGrad pid=2469951)[0m INFO:root:	task: 0	loss: 0.69461952	acc: 0.487
[2m[36m(ParallelModGrad pid=2469951)[0m INFO:root:	task: avg	loss: 0.69461952	acc: 0.487
[2m[36m(ParallelModGrad pid=2468121)[0m INFO:root:epochs: 10, training task: 0
[2m[36m(ParallelModGrad pid=2468121)[0m INFO:root:	task: 0	loss: 0.69503246	acc: 0.524
[2m[36m(ParallelModGrad pid=2468121)[0m INFO:root:	task: avg	loss: 0.69503246	acc: 0.524
[2m[36m(ParallelModGrad pid=2469379)[0m INFO:root:epochs: 10, training task: 0
[2m[36m(ParallelModGrad pid=2469379)[0m INFO:root:	task: 0	loss: 0.69209097	acc: 0.529
[2m[36m(ParallelModGrad pid=2469379)[0m INFO:root:	task: avg	loss: 0.69209097	acc: 0.529
[2m[36m(ParallelModGrad pid=2471495)[0m INFO:root:epochs: 10, training task: 0
[2m[36m(ParallelModGrad pid=2471495)[0m INFO:root:	task: 0	loss: 0.69696866	acc: 0.496
[2m[36m(ParallelModGrad pid=2471495)[0m INFO:root:	task: avg	loss: 0.69696866	acc: 0.496
[2m[36m(ParallelModGrad pid=2467892)[0m INFO:root:epochs: 10, training task: 0
[2m[36m(ParallelModGrad pid=2467892)[0m INFO:root:	task: 0	loss: 0.69570736	acc: 0.500
[2m[36m(ParallelModGrad pid=2467892)[0m INFO:root:	task: avg	loss: 0.69570736	acc: 0.500
[2m[36m(ParallelModGrad pid=2468736)[0m INFO:root:epochs: 10, training task: 0
[2m[36m(ParallelModGrad pid=2468736)[0m INFO:root:	task: 0	loss: 0.69834356	acc: 0.489
[2m[36m(ParallelModGrad pid=2468736)[0m INFO:root:	task: avg	loss: 0.69834356	acc: 0.489
[2m[36m(ParallelModGrad pid=2470587)[0m INFO:root:epochs: 10, training task: 0
[2m[36m(ParallelModGrad pid=2470587)[0m INFO:root:	task: 0	loss: 0.69265978	acc: 0.531
[2m[36m(ParallelModGrad pid=2470587)[0m INFO:root:	task: avg	loss: 0.69265978	acc: 0.531
[2m[36m(ParallelModGrad pid=2471236)[0m INFO:root:epochs: 10, training task: 0
[2m[36m(ParallelModGrad pid=2471236)[0m INFO:root:	task: 0	loss: 0.69187782	acc: 0.529
[2m[36m(ParallelModGrad pid=2471236)[0m INFO:root:	task: avg	loss: 0.69187782	acc: 0.529
[2m[36m(ParallelModGrad pid=2469951)[0m INFO:root:epochs: 10, training task: 0
[2m[36m(ParallelModGrad pid=2469951)[0m INFO:root:	task: 0	loss: 0.69459818	acc: 0.487
[2m[36m(ParallelModGrad pid=2469951)[0m INFO:root:	task: avg	loss: 0.69459818	acc: 0.487
[2m[36m(ParallelModGrad pid=2467892)[0m INFO:root:AGGREGATING MODELS...no_components 5
[2m[36m(ParallelModGrad pid=2468121)[0m INFO:root:AGGREGATING MODELS...no_components 5
[2m[36m(ParallelModGrad pid=2468736)[0m INFO:root:AGGREGATING MODELS...no_components 5
[2m[36m(ParallelModGrad pid=2469951)[0m INFO:root:AGGREGATING MODELS...no_components 5
[2m[36m(ParallelModGrad pid=2470587)[0m INFO:root:AGGREGATING MODELS...no_components 5
[2m[36m(ParallelModGrad pid=2469379)[0m INFO:root:AGGREGATING MODELS...no_components 5
[2m[36m(ParallelModGrad pid=2471495)[0m INFO:root:AGGREGATING MODELS...no_components 5
[2m[36m(ParallelModGrad pid=2471236)[0m INFO:root:AGGREGATING MODELS...no_components 5
[2m[36m(ParallelModGrad pid=2467892)[0m INFO:root:epochs: 11, training task: 0
[2m[36m(ParallelModGrad pid=2467892)[0m INFO:root:	task: 0	loss: 0.69612106	acc: 0.500
[2m[36m(ParallelModGrad pid=2467892)[0m INFO:root:	task: avg	loss: 0.69612106	acc: 0.500
[2m[36m(ParallelModGrad pid=2468121)[0m INFO:root:epochs: 11, training task: 0
[2m[36m(ParallelModGrad pid=2468121)[0m INFO:root:	task: 0	loss: 0.69523714	acc: 0.524
[2m[36m(ParallelModGrad pid=2468121)[0m INFO:root:	task: avg	loss: 0.69523714	acc: 0.524
[2m[36m(ParallelModGrad pid=2468736)[0m INFO:root:epochs: 11, training task: 0
[2m[36m(ParallelModGrad pid=2468736)[0m INFO:root:	task: 0	loss: 0.69845246	acc: 0.489
[2m[36m(ParallelModGrad pid=2468736)[0m INFO:root:	task: avg	loss: 0.69845246	acc: 0.489
[2m[36m(ParallelModGrad pid=2469951)[0m INFO:root:epochs: 11, training task: 0
[2m[36m(ParallelModGrad pid=2469951)[0m INFO:root:	task: 0	loss: 0.69448505	acc: 0.487
[2m[36m(ParallelModGrad pid=2469951)[0m INFO:root:	task: avg	loss: 0.69448505	acc: 0.487
[2m[36m(ParallelModGrad pid=2470587)[0m INFO:root:epochs: 11, training task: 0
[2m[36m(ParallelModGrad pid=2470587)[0m INFO:root:	task: 0	loss: 0.69243092	acc: 0.531
[2m[36m(ParallelModGrad pid=2470587)[0m INFO:root:	task: avg	loss: 0.69243092	acc: 0.531
[2m[36m(ParallelModGrad pid=2469379)[0m INFO:root:epochs: 11, training task: 0
[2m[36m(ParallelModGrad pid=2469379)[0m INFO:root:	task: 0	loss: 0.69220704	acc: 0.529
[2m[36m(ParallelModGrad pid=2469379)[0m INFO:root:	task: avg	loss: 0.69220704	acc: 0.529
[2m[36m(ParallelModGrad pid=2471495)[0m INFO:root:epochs: 11, training task: 0
[2m[36m(ParallelModGrad pid=2471495)[0m INFO:root:	task: 0	loss: 0.69734135	acc: 0.496
[2m[36m(ParallelModGrad pid=2471495)[0m INFO:root:	task: avg	loss: 0.69734135	acc: 0.496
[2m[36m(ParallelModGrad pid=2471236)[0m INFO:root:epochs: 11, training task: 0
[2m[36m(ParallelModGrad pid=2471236)[0m INFO:root:	task: 0	loss: 0.69180973	acc: 0.529
[2m[36m(ParallelModGrad pid=2471236)[0m INFO:root:	task: avg	loss: 0.69180973	acc: 0.529
[2m[36m(ParallelModGrad pid=2467892)[0m INFO:root:epochs: 12, training task: 0
[2m[36m(ParallelModGrad pid=2467892)[0m INFO:root:	task: 0	loss: 0.69645250	acc: 0.500
[2m[36m(ParallelModGrad pid=2467892)[0m INFO:root:	task: avg	loss: 0.69645250	acc: 0.500
[2m[36m(ParallelModGrad pid=2468736)[0m INFO:root:epochs: 12, training task: 0
[2m[36m(ParallelModGrad pid=2468736)[0m INFO:root:	task: 0	loss: 0.69837468	acc: 0.489
[2m[36m(ParallelModGrad pid=2468736)[0m INFO:root:	task: avg	loss: 0.69837468	acc: 0.489
[2m[36m(ParallelModGrad pid=2470587)[0m INFO:root:epochs: 12, training task: 0
[2m[36m(ParallelModGrad pid=2470587)[0m INFO:root:	task: 0	loss: 0.69227272	acc: 0.531
[2m[36m(ParallelModGrad pid=2470587)[0m INFO:root:	task: avg	loss: 0.69227272	acc: 0.531
[2m[36m(ParallelModGrad pid=2471495)[0m INFO:root:epochs: 12, training task: 0
[2m[36m(ParallelModGrad pid=2471495)[0m INFO:root:	task: 0	loss: 0.69763724	acc: 0.496
[2m[36m(ParallelModGrad pid=2471495)[0m INFO:root:	task: avg	loss: 0.69763724	acc: 0.496
[2m[36m(ParallelModGrad pid=2471236)[0m INFO:root:epochs: 12, training task: 0
[2m[36m(ParallelModGrad pid=2471236)[0m INFO:root:	task: 0	loss: 0.69177991	acc: 0.529
[2m[36m(ParallelModGrad pid=2471236)[0m INFO:root:	task: avg	loss: 0.69177991	acc: 0.529
[2m[36m(ParallelModGrad pid=2469379)[0m INFO:root:epochs: 12, training task: 0
[2m[36m(ParallelModGrad pid=2469379)[0m INFO:root:	task: 0	loss: 0.69214411	acc: 0.529
[2m[36m(ParallelModGrad pid=2469951)[0m INFO:root:epochs: 12, training task: 0
[2m[36m(ParallelModGrad pid=2469951)[0m INFO:root:	task: 0	loss: 0.69448572	acc: 0.487
[2m[36m(ParallelModGrad pid=2469379)[0m INFO:root:	task: avg	loss: 0.69214411	acc: 0.529
[2m[36m(ParallelModGrad pid=2469951)[0m INFO:root:	task: avg	loss: 0.69448572	acc: 0.487
[2m[36m(ParallelModGrad pid=2468121)[0m INFO:root:epochs: 12, training task: 0
[2m[36m(ParallelModGrad pid=2468121)[0m INFO:root:	task: 0	loss: 0.69553095	acc: 0.524
[2m[36m(ParallelModGrad pid=2468121)[0m INFO:root:	task: avg	loss: 0.69553095	acc: 0.524
[2m[36m(ParallelModGrad pid=2467892)[0m INFO:root:epochs: 13, training task: 0
[2m[36m(ParallelModGrad pid=2467892)[0m INFO:root:	task: 0	loss: 0.69693902	acc: 0.500
[2m[36m(ParallelModGrad pid=2467892)[0m INFO:root:	task: avg	loss: 0.69693902	acc: 0.500
[2m[36m(ParallelModGrad pid=2468736)[0m INFO:root:epochs: 13, training task: 0
[2m[36m(ParallelModGrad pid=2468736)[0m INFO:root:	task: 0	loss: 0.69853702	acc: 0.489
[2m[36m(ParallelModGrad pid=2468736)[0m INFO:root:	task: avg	loss: 0.69853702	acc: 0.489
[2m[36m(ParallelModGrad pid=2469951)[0m INFO:root:epochs: 13, training task: 0
[2m[36m(ParallelModGrad pid=2469951)[0m INFO:root:	task: 0	loss: 0.69451347	acc: 0.487
[2m[36m(ParallelModGrad pid=2469951)[0m INFO:root:	task: avg	loss: 0.69451347	acc: 0.487
[2m[36m(ParallelModGrad pid=2470587)[0m INFO:root:epochs: 13, training task: 0
[2m[36m(ParallelModGrad pid=2470587)[0m INFO:root:	task: 0	loss: 0.69214892	acc: 0.531
[2m[36m(ParallelModGrad pid=2470587)[0m INFO:root:	task: avg	loss: 0.69214892	acc: 0.531
[2m[36m(ParallelModGrad pid=2471495)[0m INFO:root:epochs: 13, training task: 0
[2m[36m(ParallelModGrad pid=2471495)[0m INFO:root:	task: 0	loss: 0.69797845	acc: 0.496
[2m[36m(ParallelModGrad pid=2471495)[0m INFO:root:	task: avg	loss: 0.69797845	acc: 0.496
[2m[36m(ParallelModGrad pid=2471236)[0m INFO:root:epochs: 13, training task: 0
[2m[36m(ParallelModGrad pid=2471236)[0m INFO:root:	task: 0	loss: 0.69175219	acc: 0.529
[2m[36m(ParallelModGrad pid=2471236)[0m INFO:root:	task: avg	loss: 0.69175219	acc: 0.529
[2m[36m(ParallelModGrad pid=2469379)[0m INFO:root:epochs: 13, training task: 0
[2m[36m(ParallelModGrad pid=2469379)[0m INFO:root:	task: 0	loss: 0.69216361	acc: 0.529
[2m[36m(ParallelModGrad pid=2469379)[0m INFO:root:	task: avg	loss: 0.69216361	acc: 0.529
[2m[36m(ParallelModGrad pid=2468121)[0m INFO:root:epochs: 13, training task: 0
[2m[36m(ParallelModGrad pid=2468121)[0m INFO:root:	task: 0	loss: 0.69566765	acc: 0.524
[2m[36m(ParallelModGrad pid=2468121)[0m INFO:root:	task: avg	loss: 0.69566765	acc: 0.524
[2m[36m(ParallelModGrad pid=2467892)[0m INFO:root:epochs: 14, training task: 0
[2m[36m(ParallelModGrad pid=2467892)[0m INFO:root:	task: 0	loss: 0.69732919	acc: 0.500
[2m[36m(ParallelModGrad pid=2467892)[0m INFO:root:	task: avg	loss: 0.69732919	acc: 0.500
[2m[36m(ParallelModGrad pid=2468736)[0m INFO:root:epochs: 14, training task: 0
[2m[36m(ParallelModGrad pid=2468736)[0m INFO:root:	task: 0	loss: 0.69825318	acc: 0.489
[2m[36m(ParallelModGrad pid=2468736)[0m INFO:root:	task: avg	loss: 0.69825318	acc: 0.489
[2m[36m(ParallelModGrad pid=2469951)[0m INFO:root:epochs: 14, training task: 0
[2m[36m(ParallelModGrad pid=2469951)[0m INFO:root:	task: 0	loss: 0.69452362	acc: 0.487
[2m[36m(ParallelModGrad pid=2469951)[0m INFO:root:	task: avg	loss: 0.69452362	acc: 0.487
[2m[36m(ParallelModGrad pid=2470587)[0m INFO:root:epochs: 14, training task: 0
[2m[36m(ParallelModGrad pid=2470587)[0m INFO:root:	task: 0	loss: 0.69200041	acc: 0.531
[2m[36m(ParallelModGrad pid=2470587)[0m INFO:root:	task: avg	loss: 0.69200041	acc: 0.531
[2m[36m(ParallelModGrad pid=2471495)[0m INFO:root:epochs: 14, training task: 0
[2m[36m(ParallelModGrad pid=2471495)[0m INFO:root:	task: 0	loss: 0.69821256	acc: 0.496
[2m[36m(ParallelModGrad pid=2471495)[0m INFO:root:	task: avg	loss: 0.69821256	acc: 0.496
[2m[36m(ParallelModGrad pid=2469379)[0m INFO:root:epochs: 14, training task: 0
[2m[36m(ParallelModGrad pid=2469379)[0m INFO:root:	task: 0	loss: 0.69211027	acc: 0.529
[2m[36m(ParallelModGrad pid=2469379)[0m INFO:root:	task: avg	loss: 0.69211027	acc: 0.529
[2m[36m(ParallelModGrad pid=2471236)[0m INFO:root:epochs: 14, training task: 0
[2m[36m(ParallelModGrad pid=2471236)[0m INFO:root:	task: 0	loss: 0.69170905	acc: 0.529
[2m[36m(ParallelModGrad pid=2471236)[0m INFO:root:	task: avg	loss: 0.69170905	acc: 0.529
[2m[36m(ParallelModGrad pid=2468121)[0m INFO:root:epochs: 14, training task: 0
[2m[36m(ParallelModGrad pid=2468121)[0m INFO:root:	task: 0	loss: 0.69586487	acc: 0.524
[2m[36m(ParallelModGrad pid=2468121)[0m INFO:root:	task: avg	loss: 0.69586487	acc: 0.524
[2m[36m(ParallelModGrad pid=2467892)[0m INFO:root:epochs: 15, training task: 0
[2m[36m(ParallelModGrad pid=2467892)[0m INFO:root:	task: 0	loss: 0.69768036	acc: 0.500
[2m[36m(ParallelModGrad pid=2467892)[0m INFO:root:	task: avg	loss: 0.69768036	acc: 0.500
[2m[36m(ParallelModGrad pid=2468736)[0m INFO:root:epochs: 15, training task: 0
[2m[36m(ParallelModGrad pid=2468736)[0m INFO:root:	task: 0	loss: 0.69816094	acc: 0.489
[2m[36m(ParallelModGrad pid=2468736)[0m INFO:root:	task: avg	loss: 0.69816094	acc: 0.489
[2m[36m(ParallelModGrad pid=2469951)[0m INFO:root:epochs: 15, training task: 0
[2m[36m(ParallelModGrad pid=2469951)[0m INFO:root:	task: 0	loss: 0.69455523	acc: 0.487
[2m[36m(ParallelModGrad pid=2469951)[0m INFO:root:	task: avg	loss: 0.69455523	acc: 0.487
[2m[36m(ParallelModGrad pid=2470587)[0m INFO:root:epochs: 15, training task: 0
[2m[36m(ParallelModGrad pid=2470587)[0m INFO:root:	task: 0	loss: 0.69186141	acc: 0.531
[2m[36m(ParallelModGrad pid=2470587)[0m INFO:root:	task: avg	loss: 0.69186141	acc: 0.531
[2m[36m(ParallelModGrad pid=2469379)[0m INFO:root:epochs: 15, training task: 0
[2m[36m(ParallelModGrad pid=2469379)[0m INFO:root:	task: 0	loss: 0.69212465	acc: 0.529
[2m[36m(ParallelModGrad pid=2469379)[0m INFO:root:	task: avg	loss: 0.69212465	acc: 0.529
[2m[36m(ParallelModGrad pid=2471495)[0m INFO:root:epochs: 15, training task: 0
[2m[36m(ParallelModGrad pid=2471495)[0m INFO:root:	task: 0	loss: 0.69848625	acc: 0.496
[2m[36m(ParallelModGrad pid=2471495)[0m INFO:root:	task: avg	loss: 0.69848625	acc: 0.496
[2m[36m(ParallelModGrad pid=2471236)[0m INFO:root:epochs: 15, training task: 0
[2m[36m(ParallelModGrad pid=2471236)[0m INFO:root:	task: 0	loss: 0.69170464	acc: 0.529
[2m[36m(ParallelModGrad pid=2471236)[0m INFO:root:	task: avg	loss: 0.69170464	acc: 0.529
[2m[36m(ParallelModGrad pid=2468121)[0m INFO:root:epochs: 15, training task: 0
[2m[36m(ParallelModGrad pid=2468121)[0m INFO:root:	task: 0	loss: 0.69598215	acc: 0.524
[2m[36m(ParallelModGrad pid=2468121)[0m INFO:root:	task: avg	loss: 0.69598215	acc: 0.524
[2m[36m(ParallelModGrad pid=2467892)[0m INFO:root:epochs: 16, training task: 0
[2m[36m(ParallelModGrad pid=2467892)[0m INFO:root:	task: 0	loss: 0.69816413	acc: 0.500
[2m[36m(ParallelModGrad pid=2467892)[0m INFO:root:	task: avg	loss: 0.69816413	acc: 0.500
[2m[36m(ParallelModGrad pid=2468736)[0m INFO:root:epochs: 16, training task: 0
[2m[36m(ParallelModGrad pid=2468736)[0m INFO:root:	task: 0	loss: 0.69814827	acc: 0.489
[2m[36m(ParallelModGrad pid=2468736)[0m INFO:root:	task: avg	loss: 0.69814827	acc: 0.489
[2m[36m(ParallelModGrad pid=2469951)[0m INFO:root:epochs: 16, training task: 0
[2m[36m(ParallelModGrad pid=2469951)[0m INFO:root:	task: 0	loss: 0.69442934	acc: 0.487
[2m[36m(ParallelModGrad pid=2469951)[0m INFO:root:	task: avg	loss: 0.69442934	acc: 0.487
[2m[36m(ParallelModGrad pid=2470587)[0m INFO:root:epochs: 16, training task: 0
[2m[36m(ParallelModGrad pid=2470587)[0m INFO:root:	task: 0	loss: 0.69176388	acc: 0.531
[2m[36m(ParallelModGrad pid=2470587)[0m INFO:root:	task: avg	loss: 0.69176388	acc: 0.531
[2m[36m(ParallelModGrad pid=2469379)[0m INFO:root:epochs: 16, training task: 0
[2m[36m(ParallelModGrad pid=2469379)[0m INFO:root:	task: 0	loss: 0.69211902	acc: 0.529
[2m[36m(ParallelModGrad pid=2469379)[0m INFO:root:	task: avg	loss: 0.69211902	acc: 0.529
[2m[36m(ParallelModGrad pid=2471495)[0m INFO:root:epochs: 16, training task: 0
[2m[36m(ParallelModGrad pid=2471495)[0m INFO:root:	task: 0	loss: 0.69849376	acc: 0.496
[2m[36m(ParallelModGrad pid=2471495)[0m INFO:root:	task: avg	loss: 0.69849376	acc: 0.496
[2m[36m(ParallelModGrad pid=2471236)[0m INFO:root:epochs: 16, training task: 0
[2m[36m(ParallelModGrad pid=2471236)[0m INFO:root:	task: 0	loss: 0.69166322	acc: 0.529
[2m[36m(ParallelModGrad pid=2471236)[0m INFO:root:	task: avg	loss: 0.69166322	acc: 0.529
[2m[36m(ParallelModGrad pid=2468121)[0m INFO:root:epochs: 16, training task: 0
[2m[36m(ParallelModGrad pid=2468121)[0m INFO:root:	task: 0	loss: 0.69607268	acc: 0.524
[2m[36m(ParallelModGrad pid=2468121)[0m INFO:root:	task: avg	loss: 0.69607268	acc: 0.524
slurmstepd: error: *** JOB 130066 ON ee-a6000-1.grasp.maas CANCELLED AT 2023-10-17T21:21:36 ***
[2m[36m(ParallelModGrad pid=2467892)[0m INFO:root:epochs: 17, training task: 0
[2m[36m(ParallelModGrad pid=2467892)[0m INFO:root:	task: 0	loss: 0.69852480	acc: 0.500
[2m[36m(ParallelModGrad pid=2467892)[0m INFO:root:	task: avg	loss: 0.69852480	acc: 0.500
