/mnt/kostas-graid/sw/envs/vlongle/miniconda3/envs/shell/lib/python3.10/site-packages/hydra/_internal/defaults_list.py:251: UserWarning: In 'config': Defaults list is missing `_self_`. See https://hydra.cc/docs/1.2/upgrades/1.0_to_1.1/default_composition_order for more information
  warnings.warn(msg, UserWarning)
2023-10-17 22:50:57,666	INFO worker.py:1544 -- Started a local Ray instance. View the dashboard at [1m[32m127.0.0.1:8265 [39m[22m
[2m[36m(ParallelModGrad pid=4099283)[0m INFO:root:Agent: node_id: 69420, seed: 69420001
[2m[36m(ParallelModGrad pid=4099283)[0m INFO:root:epochs: 0, training task: 0
[2m[36m(ParallelModGrad pid=4099283)[0m INFO:root:	task: 0	loss: 0.69277460	acc: 0.500
[2m[36m(ParallelModGrad pid=4099283)[0m INFO:root:	task: avg	loss: 0.69277460	acc: 0.500
[2m[36m(ParallelModGrad pid=4099283)[0m INFO:root:epochs: 0, training task: 0
[2m[36m(ParallelModGrad pid=4099283)[0m INFO:root:	task: 0	loss: 0.69277460	acc: 0.500
[2m[36m(ParallelModGrad pid=4099283)[0m INFO:root:	task: avg	loss: 0.69277460	acc: 0.500
[2m[36m(ParallelModGrad pid=4099283)[0m INFO:root:final components: 4
[2m[36m(ParallelModGrad pid=4099283)[0m INFO:root:epochs: 0, training task: 1
[2m[36m(ParallelModGrad pid=4099283)[0m INFO:root:	task: 0	loss: 0.69277460	acc: 0.500
[2m[36m(ParallelModGrad pid=4099283)[0m INFO:root:	task: 1	loss: 0.69323964	acc: 0.500
[2m[36m(ParallelModGrad pid=4099283)[0m INFO:root:	task: avg	loss: 0.69300712	acc: 0.500
[2m[36m(ParallelModGrad pid=4099283)[0m INFO:root:epochs: 0, training task: 1
[2m[36m(ParallelModGrad pid=4099283)[0m INFO:root:	task: 0	loss: 0.69277460	acc: 0.500
[2m[36m(ParallelModGrad pid=4099283)[0m INFO:root:	task: 1	loss: 0.69323964	acc: 0.500
[2m[36m(ParallelModGrad pid=4099283)[0m INFO:root:	task: avg	loss: 0.69300712	acc: 0.500
[2m[36m(ParallelModGrad pid=4099283)[0m INFO:root:final components: 4
[2m[36m(ParallelModGrad pid=4099283)[0m INFO:root:epochs: 0, training task: 2
[2m[36m(ParallelModGrad pid=4099283)[0m INFO:root:	task: 0	loss: 0.69277460	acc: 0.500
[2m[36m(ParallelModGrad pid=4099283)[0m INFO:root:	task: 1	loss: 0.69323964	acc: 0.500
[2m[36m(ParallelModGrad pid=4099283)[0m INFO:root:	task: 2	loss: 0.69335104	acc: 0.500
[2m[36m(ParallelModGrad pid=4099283)[0m INFO:root:	task: avg	loss: 0.69312176	acc: 0.500
[2m[36m(ParallelModGrad pid=4099283)[0m INFO:root:epochs: 0, training task: 2
[2m[36m(ParallelModGrad pid=4099283)[0m INFO:root:	task: 0	loss: 0.69277460	acc: 0.500
[2m[36m(ParallelModGrad pid=4099283)[0m INFO:root:	task: 1	loss: 0.69323964	acc: 0.500
[2m[36m(ParallelModGrad pid=4099283)[0m INFO:root:	task: 2	loss: 0.69335104	acc: 0.500
[2m[36m(ParallelModGrad pid=4099283)[0m INFO:root:	task: avg	loss: 0.69312176	acc: 0.500
[2m[36m(ParallelModGrad pid=4099283)[0m INFO:root:final components: 4
[2m[36m(ParallelModGrad pid=4099283)[0m INFO:root:epochs: 0, training task: 3
[2m[36m(ParallelModGrad pid=4099283)[0m INFO:root:	task: 0	loss: 0.69277460	acc: 0.500
[2m[36m(ParallelModGrad pid=4099283)[0m INFO:root:	task: 1	loss: 0.69323964	acc: 0.500
[2m[36m(ParallelModGrad pid=4099283)[0m INFO:root:	task: 2	loss: 0.69335104	acc: 0.500
[2m[36m(ParallelModGrad pid=4099283)[0m INFO:root:	task: 3	loss: 0.69319321	acc: 0.500
[2m[36m(ParallelModGrad pid=4099283)[0m INFO:root:	task: avg	loss: 0.69313962	acc: 0.500
[2m[36m(ParallelModGrad pid=4099283)[0m INFO:root:epochs: 1, training task: 3
[2m[36m(ParallelModGrad pid=4099283)[0m INFO:root:	task: 0	loss: 0.69229188	acc: 0.587
[2m[36m(ParallelModGrad pid=4099283)[0m INFO:root:	task: 1	loss: 0.69310189	acc: 0.500
[2m[36m(ParallelModGrad pid=4099283)[0m INFO:root:	task: 2	loss: 0.69341380	acc: 0.468
[2m[36m(ParallelModGrad pid=4099283)[0m INFO:root:	task: 3	loss: 0.69318604	acc: 0.500
[2m[36m(ParallelModGrad pid=4099283)[0m INFO:root:	task: avg	loss: 0.69299840	acc: 0.514
[2m[36m(ParallelModGrad pid=4099283)[0m INFO:root:epochs: 2, training task: 3
[2m[36m(ParallelModGrad pid=4099283)[0m INFO:root:	task: 0	loss: 0.69111382	acc: 0.780
[2m[36m(ParallelModGrad pid=4099283)[0m INFO:root:	task: 1	loss: 0.69260383	acc: 0.500
[2m[36m(ParallelModGrad pid=4099283)[0m INFO:root:	task: 2	loss: 0.69352539	acc: 0.470
[2m[36m(ParallelModGrad pid=4099283)[0m INFO:root:	task: 3	loss: 0.69283524	acc: 0.500
[2m[36m(ParallelModGrad pid=4099283)[0m INFO:root:	task: avg	loss: 0.69251957	acc: 0.563
[2m[36m(ParallelModGrad pid=4099283)[0m INFO:root:epochs: 3, training task: 3
[2m[36m(ParallelModGrad pid=4099283)[0m INFO:root:	task: 0	loss: 0.68863696	acc: 0.814
[2m[36m(ParallelModGrad pid=4099283)[0m INFO:root:	task: 1	loss: 0.69173223	acc: 0.500
[2m[36m(ParallelModGrad pid=4099283)[0m INFO:root:	task: 2	loss: 0.69370335	acc: 0.490
[2m[36m(ParallelModGrad pid=4099283)[0m INFO:root:	task: 3	loss: 0.69242175	acc: 0.500
[2m[36m(ParallelModGrad pid=4099283)[0m INFO:root:	task: avg	loss: 0.69162357	acc: 0.576
[2m[36m(ParallelModGrad pid=4099283)[0m INFO:root:epochs: 4, training task: 3
[2m[36m(ParallelModGrad pid=4099283)[0m INFO:root:	task: 0	loss: 0.68445853	acc: 0.860
[2m[36m(ParallelModGrad pid=4099283)[0m INFO:root:	task: 1	loss: 0.69107001	acc: 0.500
[2m[36m(ParallelModGrad pid=4099283)[0m INFO:root:	task: 2	loss: 0.69394301	acc: 0.496
[2m[36m(ParallelModGrad pid=4099283)[0m INFO:root:	task: 3	loss: 0.69112211	acc: 0.500
[2m[36m(ParallelModGrad pid=4099283)[0m INFO:root:	task: avg	loss: 0.69014841	acc: 0.589
[2m[36m(ParallelModGrad pid=4099283)[0m INFO:root:epochs: 5, training task: 3
[2m[36m(ParallelModGrad pid=4099283)[0m INFO:root:	task: 0	loss: 0.68445853	acc: 0.860
[2m[36m(ParallelModGrad pid=4099283)[0m INFO:root:	task: 1	loss: 0.69107001	acc: 0.500
[2m[36m(ParallelModGrad pid=4099283)[0m INFO:root:	task: 2	loss: 0.69394301	acc: 0.496
[2m[36m(ParallelModGrad pid=4099283)[0m INFO:root:	task: 3	loss: 0.69112211	acc: 0.500
[2m[36m(ParallelModGrad pid=4099283)[0m INFO:root:	task: avg	loss: 0.69014841	acc: 0.589
[2m[36m(ParallelModGrad pid=4099283)[0m INFO:root:final components: 4
[2m[36m(ParallelModGrad pid=4126703)[0m INFO:root:Agent: node_id: 0, seed: 1
[2m[36m(ParallelModGrad pid=4126704)[0m INFO:root:Agent: node_id: 1, seed: 1001
[2m[36m(ParallelModGrad pid=4126703)[0m INFO:root:epochs: 0, training task: 0
[2m[36m(ParallelModGrad pid=4126703)[0m INFO:root:	task: 0	loss: 0.69341745	acc: 0.500
[2m[36m(ParallelModGrad pid=4126703)[0m INFO:root:	task: avg	loss: 0.69341745	acc: 0.500
[2m[36m(ParallelModGrad pid=4126704)[0m INFO:root:epochs: 0, training task: 0
[2m[36m(ParallelModGrad pid=4126704)[0m INFO:root:	task: 0	loss: 0.69310697	acc: 0.500
[2m[36m(ParallelModGrad pid=4126704)[0m INFO:root:	task: avg	loss: 0.69310697	acc: 0.500
[2m[36m(ParallelModGrad pid=4126703)[0m INFO:root:epochs: 1, training task: 0
[2m[36m(ParallelModGrad pid=4126703)[0m INFO:root:	task: 0	loss: 0.69345351	acc: 0.500
[2m[36m(ParallelModGrad pid=4126703)[0m INFO:root:	task: avg	loss: 0.69345351	acc: 0.500
[2m[36m(ParallelModGrad pid=4126704)[0m INFO:root:epochs: 1, training task: 0
[2m[36m(ParallelModGrad pid=4126704)[0m INFO:root:	task: 0	loss: 0.69319489	acc: 0.589
[2m[36m(ParallelModGrad pid=4126704)[0m INFO:root:	task: avg	loss: 0.69319489	acc: 0.589
[2m[36m(ParallelModGrad pid=4126703)[0m INFO:root:AGGREGATING MODELS...no_components 5
[2m[36m(ParallelModGrad pid=4126704)[0m INFO:root:AGGREGATING MODELS...no_components 5
[2m[36m(ParallelModGrad pid=4126703)[0m INFO:root:epochs: 2, training task: 0
[2m[36m(ParallelModGrad pid=4126703)[0m INFO:root:	task: 0	loss: 0.69334953	acc: 0.500
[2m[36m(ParallelModGrad pid=4126703)[0m INFO:root:	task: avg	loss: 0.69334953	acc: 0.500
[2m[36m(ParallelModGrad pid=4126704)[0m INFO:root:epochs: 2, training task: 0
[2m[36m(ParallelModGrad pid=4126704)[0m INFO:root:	task: 0	loss: 0.69317056	acc: 0.500
[2m[36m(ParallelModGrad pid=4126704)[0m INFO:root:	task: avg	loss: 0.69317056	acc: 0.500
[2m[36m(ParallelModGrad pid=4126703)[0m INFO:root:AGGREGATING MODELS...no_components 5
[2m[36m(ParallelModGrad pid=4126704)[0m INFO:root:AGGREGATING MODELS...no_components 5
[2m[36m(ParallelModGrad pid=4126703)[0m INFO:root:epochs: 3, training task: 0
[2m[36m(ParallelModGrad pid=4126703)[0m INFO:root:	task: 0	loss: 0.69324494	acc: 0.500
[2m[36m(ParallelModGrad pid=4126703)[0m INFO:root:	task: avg	loss: 0.69324494	acc: 0.500
[2m[36m(ParallelModGrad pid=4126703)[0m INFO:root:AGGREGATING MODELS...no_components 5
[2m[36m(ParallelModGrad pid=4126704)[0m INFO:root:epochs: 3, training task: 0
[2m[36m(ParallelModGrad pid=4126704)[0m INFO:root:	task: 0	loss: 0.69327753	acc: 0.500
[2m[36m(ParallelModGrad pid=4126704)[0m INFO:root:	task: avg	loss: 0.69327753	acc: 0.500
[2m[36m(ParallelModGrad pid=4126704)[0m INFO:root:AGGREGATING MODELS...no_components 5
[2m[36m(ParallelModGrad pid=4126703)[0m INFO:root:epochs: 4, training task: 0
[2m[36m(ParallelModGrad pid=4126703)[0m INFO:root:	task: 0	loss: 0.69323164	acc: 0.500
[2m[36m(ParallelModGrad pid=4126703)[0m INFO:root:	task: avg	loss: 0.69323164	acc: 0.500
[2m[36m(ParallelModGrad pid=4126704)[0m INFO:root:epochs: 4, training task: 0
[2m[36m(ParallelModGrad pid=4126704)[0m INFO:root:	task: 0	loss: 0.69324472	acc: 0.500
[2m[36m(ParallelModGrad pid=4126704)[0m INFO:root:	task: avg	loss: 0.69324472	acc: 0.500
[2m[36m(ParallelModGrad pid=4126703)[0m INFO:root:candidate 4: W/update: 0.53, WO/update: 0.53, improv 0.0
[2m[36m(ParallelModGrad pid=4126703)[0m INFO:root:Not keeping any new modules. Total: 4
[2m[36m(ParallelModGrad pid=4126704)[0m INFO:root:candidate 4: W/update: 0.49, WO/update: 0.49, improv 0.0
[2m[36m(ParallelModGrad pid=4126704)[0m INFO:root:Not keeping any new modules. Total: 4
[2m[36m(ParallelModGrad pid=4126703)[0m INFO:root:epochs: 5, training task: 0
[2m[36m(ParallelModGrad pid=4126703)[0m INFO:root:	task: 0	loss: 0.69324709	acc: 0.500
[2m[36m(ParallelModGrad pid=4126703)[0m INFO:root:	task: avg	loss: 0.69324709	acc: 0.500
[2m[36m(ParallelModGrad pid=4126704)[0m INFO:root:epochs: 5, training task: 0
[2m[36m(ParallelModGrad pid=4126704)[0m INFO:root:	task: 0	loss: 0.69311765	acc: 0.500
[2m[36m(ParallelModGrad pid=4126704)[0m INFO:root:	task: avg	loss: 0.69311765	acc: 0.500
[2m[36m(ParallelModGrad pid=4126703)[0m INFO:root:final components: 4
[2m[36m(ParallelModGrad pid=4126704)[0m INFO:root:final components: 4
[2m[36m(ParallelModGrad pid=4126703)[0m INFO:root:AGGREGATING MODELS...no_components 4
[2m[36m(ParallelModGrad pid=4126704)[0m INFO:root:AGGREGATING MODELS...no_components 4
[2m[36m(ParallelModGrad pid=4126704)[0m INFO:root:epochs: 0, training task: 1
[2m[36m(ParallelModGrad pid=4126704)[0m INFO:root:	task: 0	loss: 0.69319990	acc: 0.500
[2m[36m(ParallelModGrad pid=4126704)[0m INFO:root:	task: 1	loss: 0.69659245	acc: 0.500
[2m[36m(ParallelModGrad pid=4126704)[0m INFO:root:	task: avg	loss: 0.69489617	acc: 0.500
[2m[36m(ParallelModGrad pid=4126703)[0m INFO:root:epochs: 0, training task: 1
[2m[36m(ParallelModGrad pid=4126703)[0m INFO:root:	task: 0	loss: 0.69318938	acc: 0.500
[2m[36m(ParallelModGrad pid=4126703)[0m INFO:root:	task: 1	loss: 0.69312402	acc: 0.500
[2m[36m(ParallelModGrad pid=4126703)[0m INFO:root:	task: avg	loss: 0.69315670	acc: 0.500
[2m[36m(ParallelModGrad pid=4126704)[0m INFO:root:epochs: 1, training task: 1
[2m[36m(ParallelModGrad pid=4126704)[0m INFO:root:	task: 0	loss: 0.69319990	acc: 0.500
[2m[36m(ParallelModGrad pid=4126704)[0m INFO:root:	task: 1	loss: 0.69605380	acc: 0.500
[2m[36m(ParallelModGrad pid=4126704)[0m INFO:root:	task: avg	loss: 0.69462685	acc: 0.500
[2m[36m(ParallelModGrad pid=4126703)[0m INFO:root:epochs: 1, training task: 1
[2m[36m(ParallelModGrad pid=4126703)[0m INFO:root:	task: 0	loss: 0.69318938	acc: 0.500
[2m[36m(ParallelModGrad pid=4126703)[0m INFO:root:	task: 1	loss: 0.69338855	acc: 0.500
[2m[36m(ParallelModGrad pid=4126703)[0m INFO:root:	task: avg	loss: 0.69328896	acc: 0.500
[2m[36m(ParallelModGrad pid=4126703)[0m INFO:root:AGGREGATING MODELS...no_components 5
[2m[36m(ParallelModGrad pid=4126704)[0m INFO:root:AGGREGATING MODELS...no_components 5
[2m[36m(ParallelModGrad pid=4126703)[0m INFO:root:epochs: 2, training task: 1
[2m[36m(ParallelModGrad pid=4126703)[0m INFO:root:	task: 0	loss: 0.69314749	acc: 0.500
[2m[36m(ParallelModGrad pid=4126703)[0m INFO:root:	task: 1	loss: 0.69338636	acc: 0.500
[2m[36m(ParallelModGrad pid=4126703)[0m INFO:root:	task: avg	loss: 0.69326693	acc: 0.500
[2m[36m(ParallelModGrad pid=4126703)[0m INFO:root:AGGREGATING MODELS...no_components 5
[2m[36m(ParallelModGrad pid=4126704)[0m INFO:root:epochs: 2, training task: 1
[2m[36m(ParallelModGrad pid=4126704)[0m INFO:root:	task: 0	loss: 0.69325748	acc: 0.500
[2m[36m(ParallelModGrad pid=4126704)[0m INFO:root:	task: 1	loss: 0.69599818	acc: 0.500
[2m[36m(ParallelModGrad pid=4126704)[0m INFO:root:	task: avg	loss: 0.69462783	acc: 0.500
[2m[36m(ParallelModGrad pid=4126704)[0m INFO:root:AGGREGATING MODELS...no_components 5
[2m[36m(ParallelModGrad pid=4126703)[0m INFO:root:epochs: 3, training task: 1
[2m[36m(ParallelModGrad pid=4126703)[0m INFO:root:	task: 0	loss: 0.69311839	acc: 0.500
[2m[36m(ParallelModGrad pid=4126703)[0m INFO:root:	task: 1	loss: 0.69349422	acc: 0.500
[2m[36m(ParallelModGrad pid=4126703)[0m INFO:root:	task: avg	loss: 0.69330630	acc: 0.500
[2m[36m(ParallelModGrad pid=4126703)[0m INFO:root:AGGREGATING MODELS...no_components 5
[2m[36m(ParallelModGrad pid=4126704)[0m INFO:root:epochs: 3, training task: 1
[2m[36m(ParallelModGrad pid=4126704)[0m INFO:root:	task: 0	loss: 0.69332795	acc: 0.500
[2m[36m(ParallelModGrad pid=4126704)[0m INFO:root:	task: 1	loss: 0.69601135	acc: 0.500
[2m[36m(ParallelModGrad pid=4126704)[0m INFO:root:	task: avg	loss: 0.69466965	acc: 0.500
[2m[36m(ParallelModGrad pid=4126704)[0m INFO:root:AGGREGATING MODELS...no_components 5
[2m[36m(ParallelModGrad pid=4126703)[0m INFO:root:epochs: 4, training task: 1
[2m[36m(ParallelModGrad pid=4126703)[0m INFO:root:	task: 0	loss: 0.69303912	acc: 0.500
[2m[36m(ParallelModGrad pid=4126703)[0m INFO:root:	task: 1	loss: 0.69350117	acc: 0.500
[2m[36m(ParallelModGrad pid=4126703)[0m INFO:root:	task: avg	loss: 0.69327015	acc: 0.500
[2m[36m(ParallelModGrad pid=4126704)[0m INFO:root:epochs: 4, training task: 1
[2m[36m(ParallelModGrad pid=4126704)[0m INFO:root:	task: 0	loss: 0.69335873	acc: 0.500
[2m[36m(ParallelModGrad pid=4126704)[0m INFO:root:	task: 1	loss: 0.69605059	acc: 0.500
[2m[36m(ParallelModGrad pid=4126704)[0m INFO:root:	task: avg	loss: 0.69470466	acc: 0.500
[2m[36m(ParallelModGrad pid=4126703)[0m INFO:root:candidate 4: W/update: 0.47, WO/update: 0.47, improv 0.0
[2m[36m(ParallelModGrad pid=4126703)[0m INFO:root:Not keeping any new modules. Total: 4
[2m[36m(ParallelModGrad pid=4126704)[0m INFO:root:candidate 4: W/update: 0.58, WO/update: 0.58, improv 0.0
[2m[36m(ParallelModGrad pid=4126704)[0m INFO:root:Not keeping any new modules. Total: 4
[2m[36m(ParallelModGrad pid=4126703)[0m INFO:root:epochs: 5, training task: 1
[2m[36m(ParallelModGrad pid=4126703)[0m INFO:root:	task: 0	loss: 0.69303912	acc: 0.500
[2m[36m(ParallelModGrad pid=4126703)[0m INFO:root:	task: 1	loss: 0.69335096	acc: 0.500
[2m[36m(ParallelModGrad pid=4126703)[0m INFO:root:	task: avg	loss: 0.69319504	acc: 0.500
[2m[36m(ParallelModGrad pid=4126704)[0m INFO:root:epochs: 5, training task: 1
[2m[36m(ParallelModGrad pid=4126704)[0m INFO:root:	task: 0	loss: 0.69335873	acc: 0.500
[2m[36m(ParallelModGrad pid=4126704)[0m INFO:root:	task: 1	loss: 0.69603875	acc: 0.500
[2m[36m(ParallelModGrad pid=4126704)[0m INFO:root:	task: avg	loss: 0.69469874	acc: 0.500
[2m[36m(ParallelModGrad pid=4126703)[0m INFO:root:final components: 4
[2m[36m(ParallelModGrad pid=4126704)[0m INFO:root:final components: 4
[2m[36m(ParallelModGrad pid=4126703)[0m INFO:root:AGGREGATING MODELS...no_components 4
[2m[36m(ParallelModGrad pid=4126704)[0m INFO:root:AGGREGATING MODELS...no_components 4
[2m[36m(ParallelModGrad pid=4126703)[0m INFO:root:epochs: 0, training task: 2
[2m[36m(ParallelModGrad pid=4126703)[0m INFO:root:	task: 0	loss: 0.69305485	acc: 0.500
[2m[36m(ParallelModGrad pid=4126703)[0m INFO:root:	task: 1	loss: 0.69345005	acc: 0.500
[2m[36m(ParallelModGrad pid=4126703)[0m INFO:root:	task: 2	loss: 0.69389951	acc: 0.500
[2m[36m(ParallelModGrad pid=4126703)[0m INFO:root:	task: avg	loss: 0.69346813	acc: 0.500
[2m[36m(ParallelModGrad pid=4126704)[0m INFO:root:epochs: 0, training task: 2
[2m[36m(ParallelModGrad pid=4126704)[0m INFO:root:	task: 0	loss: 0.69346755	acc: 0.500
[2m[36m(ParallelModGrad pid=4126704)[0m INFO:root:	task: 1	loss: 0.69576766	acc: 0.500
[2m[36m(ParallelModGrad pid=4126704)[0m INFO:root:	task: 2	loss: 0.69357562	acc: 0.500
[2m[36m(ParallelModGrad pid=4126704)[0m INFO:root:	task: avg	loss: 0.69427028	acc: 0.500
[2m[36m(ParallelModGrad pid=4126703)[0m INFO:root:epochs: 1, training task: 2
[2m[36m(ParallelModGrad pid=4126703)[0m INFO:root:	task: 0	loss: 0.69305485	acc: 0.500
[2m[36m(ParallelModGrad pid=4126703)[0m INFO:root:	task: 1	loss: 0.69345005	acc: 0.500
[2m[36m(ParallelModGrad pid=4126703)[0m INFO:root:	task: 2	loss: 0.69443523	acc: 0.500
[2m[36m(ParallelModGrad pid=4126703)[0m INFO:root:	task: avg	loss: 0.69364671	acc: 0.500
[2m[36m(ParallelModGrad pid=4126703)[0m INFO:root:AGGREGATING MODELS...no_components 5
[2m[36m(ParallelModGrad pid=4126704)[0m INFO:root:epochs: 1, training task: 2
[2m[36m(ParallelModGrad pid=4126704)[0m INFO:root:	task: 0	loss: 0.69346755	acc: 0.500
[2m[36m(ParallelModGrad pid=4126704)[0m INFO:root:	task: 1	loss: 0.69576766	acc: 0.500
[2m[36m(ParallelModGrad pid=4126704)[0m INFO:root:	task: 2	loss: 0.69334743	acc: 0.500
[2m[36m(ParallelModGrad pid=4126704)[0m INFO:root:	task: avg	loss: 0.69419421	acc: 0.500
[2m[36m(ParallelModGrad pid=4126704)[0m INFO:root:AGGREGATING MODELS...no_components 5
[2m[36m(ParallelModGrad pid=4126703)[0m INFO:root:epochs: 2, training task: 2
[2m[36m(ParallelModGrad pid=4126703)[0m INFO:root:	task: 0	loss: 0.69304254	acc: 0.500
[2m[36m(ParallelModGrad pid=4126703)[0m INFO:root:	task: 1	loss: 0.69355156	acc: 0.500
[2m[36m(ParallelModGrad pid=4126703)[0m INFO:root:	task: 2	loss: 0.69489403	acc: 0.500
[2m[36m(ParallelModGrad pid=4126703)[0m INFO:root:	task: avg	loss: 0.69382938	acc: 0.500
[2m[36m(ParallelModGrad pid=4126703)[0m INFO:root:AGGREGATING MODELS...no_components 5
[2m[36m(ParallelModGrad pid=4126704)[0m INFO:root:epochs: 2, training task: 2
[2m[36m(ParallelModGrad pid=4126704)[0m INFO:root:	task: 0	loss: 0.69357092	acc: 0.500
[2m[36m(ParallelModGrad pid=4126704)[0m INFO:root:	task: 1	loss: 0.69559202	acc: 0.500
[2m[36m(ParallelModGrad pid=4126704)[0m INFO:root:	task: 2	loss: 0.69326039	acc: 0.500
[2m[36m(ParallelModGrad pid=4126704)[0m INFO:root:	task: avg	loss: 0.69414111	acc: 0.500
[2m[36m(ParallelModGrad pid=4126704)[0m INFO:root:AGGREGATING MODELS...no_components 5
[2m[36m(ParallelModGrad pid=4126703)[0m INFO:root:epochs: 3, training task: 2
[2m[36m(ParallelModGrad pid=4126703)[0m INFO:root:	task: 0	loss: 0.69303278	acc: 0.519
[2m[36m(ParallelModGrad pid=4126703)[0m INFO:root:	task: 1	loss: 0.69366569	acc: 0.500
[2m[36m(ParallelModGrad pid=4126703)[0m INFO:root:	task: 2	loss: 0.69542081	acc: 0.500
[2m[36m(ParallelModGrad pid=4126703)[0m INFO:root:	task: avg	loss: 0.69403976	acc: 0.506
[2m[36m(ParallelModGrad pid=4126703)[0m INFO:root:AGGREGATING MODELS...no_components 5
[2m[36m(ParallelModGrad pid=4126704)[0m INFO:root:epochs: 3, training task: 2
[2m[36m(ParallelModGrad pid=4126704)[0m INFO:root:	task: 0	loss: 0.69368692	acc: 0.500
[2m[36m(ParallelModGrad pid=4126704)[0m INFO:root:	task: 1	loss: 0.69543842	acc: 0.500
[2m[36m(ParallelModGrad pid=4126704)[0m INFO:root:	task: 2	loss: 0.69318555	acc: 0.500
[2m[36m(ParallelModGrad pid=4126704)[0m INFO:root:	task: avg	loss: 0.69410363	acc: 0.500
[2m[36m(ParallelModGrad pid=4126704)[0m INFO:root:AGGREGATING MODELS...no_components 5
[2m[36m(ParallelModGrad pid=4126703)[0m INFO:root:epochs: 4, training task: 2
[2m[36m(ParallelModGrad pid=4126703)[0m INFO:root:	task: 0	loss: 0.69298769	acc: 0.538
[2m[36m(ParallelModGrad pid=4126703)[0m INFO:root:	task: 1	loss: 0.69384499	acc: 0.500
[2m[36m(ParallelModGrad pid=4126703)[0m INFO:root:	task: 2	loss: 0.69542602	acc: 0.500
[2m[36m(ParallelModGrad pid=4126703)[0m INFO:root:	task: avg	loss: 0.69408623	acc: 0.513
[2m[36m(ParallelModGrad pid=4126704)[0m INFO:root:epochs: 4, training task: 2
[2m[36m(ParallelModGrad pid=4126704)[0m INFO:root:	task: 0	loss: 0.69381582	acc: 0.500
[2m[36m(ParallelModGrad pid=4126704)[0m INFO:root:	task: 1	loss: 0.69537219	acc: 0.500
[2m[36m(ParallelModGrad pid=4126704)[0m INFO:root:	task: 2	loss: 0.69317661	acc: 0.500
[2m[36m(ParallelModGrad pid=4126704)[0m INFO:root:	task: avg	loss: 0.69412154	acc: 0.500
[2m[36m(ParallelModGrad pid=4126703)[0m INFO:root:candidate 4: W/update: 0.44, WO/update: 0.44, improv 0.0
[2m[36m(ParallelModGrad pid=4126703)[0m INFO:root:Not keeping any new modules. Total: 4
[2m[36m(ParallelModGrad pid=4126704)[0m INFO:root:candidate 4: W/update: 0.42, WO/update: 0.42, improv 0.0
[2m[36m(ParallelModGrad pid=4126704)[0m INFO:root:Not keeping any new modules. Total: 4
[2m[36m(ParallelModGrad pid=4126703)[0m INFO:root:epochs: 5, training task: 2
[2m[36m(ParallelModGrad pid=4126703)[0m INFO:root:	task: 0	loss: 0.69298769	acc: 0.538
[2m[36m(ParallelModGrad pid=4126703)[0m INFO:root:	task: 1	loss: 0.69384499	acc: 0.500
[2m[36m(ParallelModGrad pid=4126703)[0m INFO:root:	task: 2	loss: 0.69562949	acc: 0.500
[2m[36m(ParallelModGrad pid=4126703)[0m INFO:root:	task: avg	loss: 0.69415406	acc: 0.513
[2m[36m(ParallelModGrad pid=4126704)[0m INFO:root:epochs: 5, training task: 2
[2m[36m(ParallelModGrad pid=4126704)[0m INFO:root:	task: 0	loss: 0.69381582	acc: 0.500
[2m[36m(ParallelModGrad pid=4126704)[0m INFO:root:	task: 1	loss: 0.69537219	acc: 0.500
[2m[36m(ParallelModGrad pid=4126704)[0m INFO:root:	task: 2	loss: 0.69317799	acc: 0.500
[2m[36m(ParallelModGrad pid=4126704)[0m INFO:root:	task: avg	loss: 0.69412200	acc: 0.500
[2m[36m(ParallelModGrad pid=4126703)[0m INFO:root:final components: 4
[2m[36m(ParallelModGrad pid=4126704)[0m INFO:root:final components: 4
[2m[36m(ParallelModGrad pid=4126703)[0m INFO:root:AGGREGATING MODELS...no_components 4
[2m[36m(ParallelModGrad pid=4126704)[0m INFO:root:AGGREGATING MODELS...no_components 4
[2m[36m(ParallelModGrad pid=4126703)[0m INFO:root:epochs: 0, training task: 3
[2m[36m(ParallelModGrad pid=4126703)[0m INFO:root:	task: 0	loss: 0.69302042	acc: 0.503
[2m[36m(ParallelModGrad pid=4126703)[0m INFO:root:	task: 1	loss: 0.69396168	acc: 0.500
[2m[36m(ParallelModGrad pid=4126703)[0m INFO:root:	task: 2	loss: 0.69586423	acc: 0.500
[2m[36m(ParallelModGrad pid=4126703)[0m INFO:root:	task: 3	loss: 0.69334070	acc: 0.500
[2m[36m(ParallelModGrad pid=4126703)[0m INFO:root:	task: avg	loss: 0.69404676	acc: 0.501
[2m[36m(ParallelModGrad pid=4126704)[0m INFO:root:epochs: 0, training task: 3
[2m[36m(ParallelModGrad pid=4126704)[0m INFO:root:	task: 0	loss: 0.69396112	acc: 0.500
[2m[36m(ParallelModGrad pid=4126704)[0m INFO:root:	task: 1	loss: 0.69528946	acc: 0.500
[2m[36m(ParallelModGrad pid=4126704)[0m INFO:root:	task: 2	loss: 0.69317915	acc: 0.500
[2m[36m(ParallelModGrad pid=4126704)[0m INFO:root:	task: 3	loss: 0.69295223	acc: 0.500
[2m[36m(ParallelModGrad pid=4126704)[0m INFO:root:	task: avg	loss: 0.69384549	acc: 0.500
[2m[36m(ParallelModGrad pid=4126703)[0m INFO:root:epochs: 1, training task: 3
[2m[36m(ParallelModGrad pid=4126703)[0m INFO:root:	task: 0	loss: 0.69302042	acc: 0.503
[2m[36m(ParallelModGrad pid=4126703)[0m INFO:root:	task: 1	loss: 0.69396168	acc: 0.500
[2m[36m(ParallelModGrad pid=4126703)[0m INFO:root:	task: 2	loss: 0.69586423	acc: 0.500
[2m[36m(ParallelModGrad pid=4126703)[0m INFO:root:	task: 3	loss: 0.69322059	acc: 0.500
[2m[36m(ParallelModGrad pid=4126703)[0m INFO:root:	task: avg	loss: 0.69401673	acc: 0.501
[2m[36m(ParallelModGrad pid=4126703)[0m INFO:root:AGGREGATING MODELS...no_components 5
[2m[36m(ParallelModGrad pid=4126704)[0m INFO:root:epochs: 1, training task: 3
[2m[36m(ParallelModGrad pid=4126704)[0m INFO:root:	task: 0	loss: 0.69396112	acc: 0.500
[2m[36m(ParallelModGrad pid=4126704)[0m INFO:root:	task: 1	loss: 0.69528946	acc: 0.500
[2m[36m(ParallelModGrad pid=4126704)[0m INFO:root:	task: 2	loss: 0.69317915	acc: 0.500
[2m[36m(ParallelModGrad pid=4126704)[0m INFO:root:	task: 3	loss: 0.69341980	acc: 0.500
[2m[36m(ParallelModGrad pid=4126704)[0m INFO:root:	task: avg	loss: 0.69396238	acc: 0.500
[2m[36m(ParallelModGrad pid=4126704)[0m INFO:root:AGGREGATING MODELS...no_components 5
[2m[36m(ParallelModGrad pid=4126703)[0m INFO:root:epochs: 2, training task: 3
[2m[36m(ParallelModGrad pid=4126703)[0m INFO:root:	task: 0	loss: 0.69301338	acc: 0.614
[2m[36m(ParallelModGrad pid=4126703)[0m INFO:root:	task: 1	loss: 0.69412859	acc: 0.500
[2m[36m(ParallelModGrad pid=4126703)[0m INFO:root:	task: 2	loss: 0.69613650	acc: 0.500
[2m[36m(ParallelModGrad pid=4126703)[0m INFO:root:	task: 3	loss: 0.69329834	acc: 0.500
[2m[36m(ParallelModGrad pid=4126703)[0m INFO:root:	task: avg	loss: 0.69414420	acc: 0.528
[2m[36m(ParallelModGrad pid=4126704)[0m INFO:root:epochs: 2, training task: 3
[2m[36m(ParallelModGrad pid=4126704)[0m INFO:root:	task: 0	loss: 0.69412604	acc: 0.500
[2m[36m(ParallelModGrad pid=4126704)[0m INFO:root:	task: 1	loss: 0.69517031	acc: 0.500
[2m[36m(ParallelModGrad pid=4126704)[0m INFO:root:	task: 2	loss: 0.69319689	acc: 0.500
[2m[36m(ParallelModGrad pid=4126704)[0m INFO:root:	task: 3	loss: 0.69331571	acc: 0.500
[2m[36m(ParallelModGrad pid=4126704)[0m INFO:root:	task: avg	loss: 0.69395224	acc: 0.500
[2m[36m(ParallelModGrad pid=4126703)[0m INFO:root:AGGREGATING MODELS...no_components 5
[2m[36m(ParallelModGrad pid=4126704)[0m INFO:root:AGGREGATING MODELS...no_components 5
[2m[36m(ParallelModGrad pid=4126703)[0m INFO:root:epochs: 3, training task: 3
[2m[36m(ParallelModGrad pid=4126703)[0m INFO:root:	task: 0	loss: 0.69300723	acc: 0.559
[2m[36m(ParallelModGrad pid=4126703)[0m INFO:root:	task: 1	loss: 0.69430893	acc: 0.500
[2m[36m(ParallelModGrad pid=4126703)[0m INFO:root:	task: 2	loss: 0.69642164	acc: 0.500
[2m[36m(ParallelModGrad pid=4126703)[0m INFO:root:	task: 3	loss: 0.69335824	acc: 0.500
[2m[36m(ParallelModGrad pid=4126703)[0m INFO:root:	task: avg	loss: 0.69427401	acc: 0.515
[2m[36m(ParallelModGrad pid=4126704)[0m INFO:root:epochs: 3, training task: 3
[2m[36m(ParallelModGrad pid=4126704)[0m INFO:root:	task: 0	loss: 0.69430407	acc: 0.500
[2m[36m(ParallelModGrad pid=4126704)[0m INFO:root:	task: 1	loss: 0.69506316	acc: 0.500
[2m[36m(ParallelModGrad pid=4126704)[0m INFO:root:	task: 2	loss: 0.69322800	acc: 0.500
[2m[36m(ParallelModGrad pid=4126704)[0m INFO:root:	task: 3	loss: 0.69324151	acc: 0.500
[2m[36m(ParallelModGrad pid=4126704)[0m INFO:root:	task: avg	loss: 0.69395918	acc: 0.500
[2m[36m(ParallelModGrad pid=4126703)[0m INFO:root:AGGREGATING MODELS...no_components 5
[2m[36m(ParallelModGrad pid=4126704)[0m INFO:root:AGGREGATING MODELS...no_components 5
[2m[36m(ParallelModGrad pid=4126703)[0m INFO:root:epochs: 4, training task: 3
[2m[36m(ParallelModGrad pid=4126703)[0m INFO:root:	task: 0	loss: 0.69301151	acc: 0.520
[2m[36m(ParallelModGrad pid=4126703)[0m INFO:root:	task: 1	loss: 0.69442117	acc: 0.500
[2m[36m(ParallelModGrad pid=4126703)[0m INFO:root:	task: 2	loss: 0.69693044	acc: 0.500
[2m[36m(ParallelModGrad pid=4126703)[0m INFO:root:	task: 3	loss: 0.69342950	acc: 0.500
[2m[36m(ParallelModGrad pid=4126703)[0m INFO:root:	task: avg	loss: 0.69444816	acc: 0.505
[2m[36m(ParallelModGrad pid=4126704)[0m INFO:root:epochs: 4, training task: 3
[2m[36m(ParallelModGrad pid=4126704)[0m INFO:root:	task: 0	loss: 0.69414973	acc: 0.500
[2m[36m(ParallelModGrad pid=4126704)[0m INFO:root:	task: 1	loss: 0.69479879	acc: 0.500
[2m[36m(ParallelModGrad pid=4126704)[0m INFO:root:	task: 2	loss: 0.69322757	acc: 0.500
[2m[36m(ParallelModGrad pid=4126704)[0m INFO:root:	task: 3	loss: 0.69267107	acc: 0.500
[2m[36m(ParallelModGrad pid=4126704)[0m INFO:root:	task: avg	loss: 0.69371179	acc: 0.500
[2m[36m(ParallelModGrad pid=4126703)[0m INFO:root:candidate 4: W/update: 0.54, WO/update: 0.54, improv 0.0
[2m[36m(ParallelModGrad pid=4126703)[0m INFO:root:Not keeping any new modules. Total: 4
[2m[36m(ParallelModGrad pid=4126704)[0m INFO:root:candidate 4: W/update: 0.57, WO/update: 0.57, improv 0.0
[2m[36m(ParallelModGrad pid=4126704)[0m INFO:root:Not keeping any new modules. Total: 4
[2m[36m(ParallelModGrad pid=4126703)[0m INFO:root:epochs: 5, training task: 3
[2m[36m(ParallelModGrad pid=4126703)[0m INFO:root:	task: 0	loss: 0.69301151	acc: 0.520
[2m[36m(ParallelModGrad pid=4126703)[0m INFO:root:	task: 1	loss: 0.69442117	acc: 0.500
[2m[36m(ParallelModGrad pid=4126703)[0m INFO:root:	task: 2	loss: 0.69693044	acc: 0.500
[2m[36m(ParallelModGrad pid=4126703)[0m INFO:root:	task: 3	loss: 0.69350523	acc: 0.500
[2m[36m(ParallelModGrad pid=4126703)[0m INFO:root:	task: avg	loss: 0.69446709	acc: 0.505
[2m[36m(ParallelModGrad pid=4126704)[0m INFO:root:epochs: 5, training task: 3
[2m[36m(ParallelModGrad pid=4126704)[0m INFO:root:	task: 0	loss: 0.69414973	acc: 0.500
[2m[36m(ParallelModGrad pid=4126704)[0m INFO:root:	task: 1	loss: 0.69479879	acc: 0.500
[2m[36m(ParallelModGrad pid=4126704)[0m INFO:root:	task: 2	loss: 0.69322757	acc: 0.500
[2m[36m(ParallelModGrad pid=4126704)[0m INFO:root:	task: 3	loss: 0.69203085	acc: 0.500
[2m[36m(ParallelModGrad pid=4126704)[0m INFO:root:	task: avg	loss: 0.69355173	acc: 0.500
[2m[36m(ParallelModGrad pid=4126703)[0m INFO:root:final components: 4
[2m[36m(ParallelModGrad pid=4126704)[0m INFO:root:final components: 4
[2m[36m(ParallelModGrad pid=4126703)[0m INFO:root:AGGREGATING MODELS...no_components 4
[2m[36m(ParallelModGrad pid=4126704)[0m INFO:root:AGGREGATING MODELS...no_components 4
[2m[36m(ParallelModGrad pid=4126703)[0m INFO:root:epochs: 0, training task: 4
[2m[36m(ParallelModGrad pid=4126703)[0m INFO:root:	task: 0	loss: 0.69306719	acc: 0.513
[2m[36m(ParallelModGrad pid=4126703)[0m INFO:root:	task: 1	loss: 0.69453644	acc: 0.500
[2m[36m(ParallelModGrad pid=4126703)[0m INFO:root:	task: 2	loss: 0.69721474	acc: 0.500
[2m[36m(ParallelModGrad pid=4126703)[0m INFO:root:	task: 3	loss: 0.69334338	acc: 0.500
[2m[36m(ParallelModGrad pid=4126703)[0m INFO:root:	task: 4	loss: 0.69363737	acc: 0.412
[2m[36m(ParallelModGrad pid=4126703)[0m INFO:root:	task: avg	loss: 0.69435982	acc: 0.485
[2m[36m(ParallelModGrad pid=4126704)[0m INFO:root:epochs: 0, training task: 4
[2m[36m(ParallelModGrad pid=4126704)[0m INFO:root:	task: 0	loss: 0.69454256	acc: 0.500
[2m[36m(ParallelModGrad pid=4126704)[0m INFO:root:	task: 1	loss: 0.69459127	acc: 0.500
[2m[36m(ParallelModGrad pid=4126704)[0m INFO:root:	task: 2	loss: 0.69337402	acc: 0.500
[2m[36m(ParallelModGrad pid=4126704)[0m INFO:root:	task: 3	loss: 0.69229878	acc: 0.500
[2m[36m(ParallelModGrad pid=4126704)[0m INFO:root:	task: 4	loss: 0.69284784	acc: 0.500
[2m[36m(ParallelModGrad pid=4126704)[0m INFO:root:	task: avg	loss: 0.69353089	acc: 0.500
[2m[36m(ParallelModGrad pid=4126703)[0m INFO:root:epochs: 1, training task: 4
[2m[36m(ParallelModGrad pid=4126703)[0m INFO:root:	task: 0	loss: 0.69306719	acc: 0.513
[2m[36m(ParallelModGrad pid=4126703)[0m INFO:root:	task: 1	loss: 0.69453644	acc: 0.500
[2m[36m(ParallelModGrad pid=4126703)[0m INFO:root:	task: 2	loss: 0.69721474	acc: 0.500
[2m[36m(ParallelModGrad pid=4126703)[0m INFO:root:	task: 3	loss: 0.69334338	acc: 0.500
[2m[36m(ParallelModGrad pid=4126703)[0m INFO:root:	task: 4	loss: 0.69338302	acc: 0.500
[2m[36m(ParallelModGrad pid=4126703)[0m INFO:root:	task: avg	loss: 0.69430895	acc: 0.503
[2m[36m(ParallelModGrad pid=4126703)[0m INFO:root:AGGREGATING MODELS...no_components 5
[2m[36m(ParallelModGrad pid=4126704)[0m INFO:root:epochs: 1, training task: 4
[2m[36m(ParallelModGrad pid=4126704)[0m INFO:root:	task: 0	loss: 0.69454256	acc: 0.500
[2m[36m(ParallelModGrad pid=4126704)[0m INFO:root:	task: 1	loss: 0.69459127	acc: 0.500
[2m[36m(ParallelModGrad pid=4126704)[0m INFO:root:	task: 2	loss: 0.69337402	acc: 0.500
[2m[36m(ParallelModGrad pid=4126704)[0m INFO:root:	task: 3	loss: 0.69229878	acc: 0.500
[2m[36m(ParallelModGrad pid=4126704)[0m INFO:root:	task: 4	loss: 0.69296673	acc: 0.500
[2m[36m(ParallelModGrad pid=4126704)[0m INFO:root:	task: avg	loss: 0.69355467	acc: 0.500
[2m[36m(ParallelModGrad pid=4126704)[0m INFO:root:AGGREGATING MODELS...no_components 5
[2m[36m(ParallelModGrad pid=4126703)[0m INFO:root:epochs: 2, training task: 4
[2m[36m(ParallelModGrad pid=4126703)[0m INFO:root:	task: 0	loss: 0.69307421	acc: 0.502
[2m[36m(ParallelModGrad pid=4126703)[0m INFO:root:	task: 1	loss: 0.69475275	acc: 0.500
[2m[36m(ParallelModGrad pid=4126703)[0m INFO:root:	task: 2	loss: 0.69742937	acc: 0.500
[2m[36m(ParallelModGrad pid=4126703)[0m INFO:root:	task: 3	loss: 0.69327162	acc: 0.500
[2m[36m(ParallelModGrad pid=4126703)[0m INFO:root:	task: 4	loss: 0.69345149	acc: 0.500
[2m[36m(ParallelModGrad pid=4126703)[0m INFO:root:	task: avg	loss: 0.69439589	acc: 0.500
[2m[36m(ParallelModGrad pid=4126703)[0m INFO:root:AGGREGATING MODELS...no_components 5
[2m[36m(ParallelModGrad pid=4126704)[0m INFO:root:epochs: 2, training task: 4
[2m[36m(ParallelModGrad pid=4126704)[0m INFO:root:	task: 0	loss: 0.69468048	acc: 0.500
[2m[36m(ParallelModGrad pid=4126704)[0m INFO:root:	task: 1	loss: 0.69455135	acc: 0.500
[2m[36m(ParallelModGrad pid=4126704)[0m INFO:root:	task: 2	loss: 0.69344428	acc: 0.500
[2m[36m(ParallelModGrad pid=4126704)[0m INFO:root:	task: 3	loss: 0.69241662	acc: 0.500
[2m[36m(ParallelModGrad pid=4126704)[0m INFO:root:	task: 4	loss: 0.69297691	acc: 0.500
[2m[36m(ParallelModGrad pid=4126704)[0m INFO:root:	task: avg	loss: 0.69361393	acc: 0.500
[2m[36m(ParallelModGrad pid=4126704)[0m INFO:root:AGGREGATING MODELS...no_components 5
[2m[36m(ParallelModGrad pid=4126703)[0m INFO:root:epochs: 3, training task: 4
[2m[36m(ParallelModGrad pid=4126703)[0m INFO:root:	task: 0	loss: 0.69308215	acc: 0.495
[2m[36m(ParallelModGrad pid=4126703)[0m INFO:root:	task: 1	loss: 0.69498261	acc: 0.500
[2m[36m(ParallelModGrad pid=4126703)[0m INFO:root:	task: 2	loss: 0.69763941	acc: 0.500
[2m[36m(ParallelModGrad pid=4126703)[0m INFO:root:	task: 3	loss: 0.69320673	acc: 0.500
[2m[36m(ParallelModGrad pid=4126703)[0m INFO:root:	task: 4	loss: 0.69361102	acc: 0.500
[2m[36m(ParallelModGrad pid=4126703)[0m INFO:root:	task: avg	loss: 0.69450439	acc: 0.499
[2m[36m(ParallelModGrad pid=4126704)[0m INFO:root:epochs: 3, training task: 4
[2m[36m(ParallelModGrad pid=4126704)[0m INFO:root:	task: 0	loss: 0.69482684	acc: 0.500
[2m[36m(ParallelModGrad pid=4126704)[0m INFO:root:	task: 1	loss: 0.69443874	acc: 0.500
[2m[36m(ParallelModGrad pid=4126704)[0m INFO:root:	task: 2	loss: 0.69352734	acc: 0.500
[2m[36m(ParallelModGrad pid=4126704)[0m INFO:root:	task: 3	loss: 0.69254807	acc: 0.500
[2m[36m(ParallelModGrad pid=4126704)[0m INFO:root:	task: 4	loss: 0.69313467	acc: 0.500
[2m[36m(ParallelModGrad pid=4126704)[0m INFO:root:	task: avg	loss: 0.69369513	acc: 0.500
[2m[36m(ParallelModGrad pid=4126703)[0m INFO:root:AGGREGATING MODELS...no_components 5
[2m[36m(ParallelModGrad pid=4126704)[0m INFO:root:AGGREGATING MODELS...no_components 5
[2m[36m(ParallelModGrad pid=4126703)[0m INFO:root:epochs: 4, training task: 4
[2m[36m(ParallelModGrad pid=4126703)[0m INFO:root:	task: 0	loss: 0.69331194	acc: 0.458
[2m[36m(ParallelModGrad pid=4126703)[0m INFO:root:	task: 1	loss: 0.69492016	acc: 0.500
[2m[36m(ParallelModGrad pid=4126703)[0m INFO:root:	task: 2	loss: 0.69821616	acc: 0.500
[2m[36m(ParallelModGrad pid=4126703)[0m INFO:root:	task: 3	loss: 0.69319962	acc: 0.500
[2m[36m(ParallelModGrad pid=4126703)[0m INFO:root:	task: 4	loss: 0.69372321	acc: 0.500
[2m[36m(ParallelModGrad pid=4126703)[0m INFO:root:	task: avg	loss: 0.69467422	acc: 0.491
[2m[36m(ParallelModGrad pid=4126704)[0m INFO:root:epochs: 4, training task: 4
[2m[36m(ParallelModGrad pid=4126704)[0m INFO:root:	task: 0	loss: 0.69442541	acc: 0.500
[2m[36m(ParallelModGrad pid=4126704)[0m INFO:root:	task: 1	loss: 0.69339341	acc: 0.500
[2m[36m(ParallelModGrad pid=4126704)[0m INFO:root:	task: 2	loss: 0.69358566	acc: 0.500
[2m[36m(ParallelModGrad pid=4126704)[0m INFO:root:	task: 3	loss: 0.69110745	acc: 0.500
[2m[36m(ParallelModGrad pid=4126704)[0m INFO:root:	task: 4	loss: 0.69264317	acc: 0.500
[2m[36m(ParallelModGrad pid=4126704)[0m INFO:root:	task: avg	loss: 0.69303102	acc: 0.500
[2m[36m(ParallelModGrad pid=4126703)[0m INFO:root:candidate 4: W/update: 0.49, WO/update: 0.49, improv 0.0
[2m[36m(ParallelModGrad pid=4126703)[0m INFO:root:Not keeping any new modules. Total: 4
[2m[36m(ParallelModGrad pid=4126704)[0m INFO:root:candidate 4: W/update: 0.49, WO/update: 0.49, improv 0.0
[2m[36m(ParallelModGrad pid=4126704)[0m INFO:root:Not keeping any new modules. Total: 4
[2m[36m(ParallelModGrad pid=4126703)[0m INFO:root:epochs: 5, training task: 4
[2m[36m(ParallelModGrad pid=4126703)[0m INFO:root:	task: 0	loss: 0.69331194	acc: 0.458
[2m[36m(ParallelModGrad pid=4126703)[0m INFO:root:	task: 1	loss: 0.69492016	acc: 0.500
[2m[36m(ParallelModGrad pid=4126703)[0m INFO:root:	task: 2	loss: 0.69821616	acc: 0.500
[2m[36m(ParallelModGrad pid=4126703)[0m INFO:root:	task: 3	loss: 0.69319962	acc: 0.500
[2m[36m(ParallelModGrad pid=4126703)[0m INFO:root:	task: 4	loss: 0.69405825	acc: 0.500
[2m[36m(ParallelModGrad pid=4126703)[0m INFO:root:	task: avg	loss: 0.69474123	acc: 0.491
[2m[36m(ParallelModGrad pid=4126704)[0m INFO:root:epochs: 5, training task: 4
[2m[36m(ParallelModGrad pid=4126704)[0m INFO:root:	task: 0	loss: 0.69442541	acc: 0.500
[2m[36m(ParallelModGrad pid=4126704)[0m INFO:root:	task: 1	loss: 0.69339341	acc: 0.500
[2m[36m(ParallelModGrad pid=4126704)[0m INFO:root:	task: 2	loss: 0.69358566	acc: 0.500
[2m[36m(ParallelModGrad pid=4126704)[0m INFO:root:	task: 3	loss: 0.69110745	acc: 0.500
[2m[36m(ParallelModGrad pid=4126704)[0m INFO:root:	task: 4	loss: 0.69200222	acc: 0.500
[2m[36m(ParallelModGrad pid=4126704)[0m INFO:root:	task: avg	loss: 0.69290283	acc: 0.500
[2m[36m(ParallelModGrad pid=4126704)[0m INFO:root:final components: 4
[2m[36m(ParallelModGrad pid=4126703)[0m INFO:root:final components: 4
[2m[36m(ParallelModGrad pid=4126703)[0m INFO:root:AGGREGATING MODELS...no_components 4
[2m[36m(ParallelModGrad pid=4126704)[0m INFO:root:AGGREGATING MODELS...no_components 4
[2m[36m(ParallelModGrad pid=4126703)[0m INFO:root:epochs: 0, training task: 5
[2m[36m(ParallelModGrad pid=4126703)[0m INFO:root:	task: 0	loss: 0.69332709	acc: 0.472
[2m[36m(ParallelModGrad pid=4126703)[0m INFO:root:	task: 1	loss: 0.69514304	acc: 0.500
[2m[36m(ParallelModGrad pid=4126703)[0m INFO:root:	task: 2	loss: 0.69841241	acc: 0.500
[2m[36m(ParallelModGrad pid=4126703)[0m INFO:root:	task: 3	loss: 0.69299130	acc: 0.500
[2m[36m(ParallelModGrad pid=4126703)[0m INFO:root:	task: 4	loss: 0.69449260	acc: 0.500
[2m[36m(ParallelModGrad pid=4126703)[0m INFO:root:	task: 5	loss: 0.69392772	acc: 0.500
[2m[36m(ParallelModGrad pid=4126703)[0m INFO:root:	task: avg	loss: 0.69471569	acc: 0.495
[2m[36m(ParallelModGrad pid=4126704)[0m INFO:root:epochs: 0, training task: 5
[2m[36m(ParallelModGrad pid=4126704)[0m INFO:root:	task: 0	loss: 0.69474085	acc: 0.500
[2m[36m(ParallelModGrad pid=4126704)[0m INFO:root:	task: 1	loss: 0.69334501	acc: 0.500
[2m[36m(ParallelModGrad pid=4126704)[0m INFO:root:	task: 2	loss: 0.69372314	acc: 0.500
[2m[36m(ParallelModGrad pid=4126704)[0m INFO:root:	task: 3	loss: 0.69168053	acc: 0.500
[2m[36m(ParallelModGrad pid=4126704)[0m INFO:root:	task: 4	loss: 0.69242642	acc: 0.500
[2m[36m(ParallelModGrad pid=4126704)[0m INFO:root:	task: 5	loss: 0.69595686	acc: 0.500
[2m[36m(ParallelModGrad pid=4126704)[0m INFO:root:	task: avg	loss: 0.69364547	acc: 0.500
[2m[36m(ParallelModGrad pid=4126703)[0m INFO:root:epochs: 1, training task: 5
[2m[36m(ParallelModGrad pid=4126703)[0m INFO:root:	task: 0	loss: 0.69332709	acc: 0.472
[2m[36m(ParallelModGrad pid=4126703)[0m INFO:root:	task: 1	loss: 0.69514304	acc: 0.500
[2m[36m(ParallelModGrad pid=4126703)[0m INFO:root:	task: 2	loss: 0.69841241	acc: 0.500
[2m[36m(ParallelModGrad pid=4126703)[0m INFO:root:	task: 3	loss: 0.69299130	acc: 0.500
[2m[36m(ParallelModGrad pid=4126703)[0m INFO:root:	task: 4	loss: 0.69449260	acc: 0.500
[2m[36m(ParallelModGrad pid=4126703)[0m INFO:root:	task: 5	loss: 0.69353856	acc: 0.500
[2m[36m(ParallelModGrad pid=4126703)[0m INFO:root:	task: avg	loss: 0.69465083	acc: 0.495
[2m[36m(ParallelModGrad pid=4126704)[0m INFO:root:epochs: 1, training task: 5
[2m[36m(ParallelModGrad pid=4126704)[0m INFO:root:	task: 0	loss: 0.69474085	acc: 0.500
[2m[36m(ParallelModGrad pid=4126704)[0m INFO:root:	task: 1	loss: 0.69334501	acc: 0.500
[2m[36m(ParallelModGrad pid=4126704)[0m INFO:root:	task: 2	loss: 0.69372314	acc: 0.500
[2m[36m(ParallelModGrad pid=4126704)[0m INFO:root:	task: 3	loss: 0.69168053	acc: 0.500
[2m[36m(ParallelModGrad pid=4126704)[0m INFO:root:	task: 4	loss: 0.69242642	acc: 0.500
[2m[36m(ParallelModGrad pid=4126704)[0m INFO:root:	task: 5	loss: 0.69511958	acc: 0.500
[2m[36m(ParallelModGrad pid=4126704)[0m INFO:root:	task: avg	loss: 0.69350592	acc: 0.500
[2m[36m(ParallelModGrad pid=4126703)[0m INFO:root:AGGREGATING MODELS...no_components 5
[2m[36m(ParallelModGrad pid=4126704)[0m INFO:root:AGGREGATING MODELS...no_components 5
[2m[36m(ParallelModGrad pid=4126703)[0m INFO:root:epochs: 2, training task: 5
[2m[36m(ParallelModGrad pid=4126703)[0m INFO:root:	task: 0	loss: 0.69330797	acc: 0.468
[2m[36m(ParallelModGrad pid=4126703)[0m INFO:root:	task: 1	loss: 0.69540179	acc: 0.500
[2m[36m(ParallelModGrad pid=4126703)[0m INFO:root:	task: 2	loss: 0.69840676	acc: 0.500
[2m[36m(ParallelModGrad pid=4126703)[0m INFO:root:	task: 3	loss: 0.69284921	acc: 0.500
[2m[36m(ParallelModGrad pid=4126703)[0m INFO:root:	task: 4	loss: 0.69461877	acc: 0.500
[2m[36m(ParallelModGrad pid=4126703)[0m INFO:root:	task: 5	loss: 0.69342663	acc: 0.500
[2m[36m(ParallelModGrad pid=4126703)[0m INFO:root:	task: avg	loss: 0.69466852	acc: 0.495
[2m[36m(ParallelModGrad pid=4126703)[0m INFO:root:AGGREGATING MODELS...no_components 5
[2m[36m(ParallelModGrad pid=4126704)[0m INFO:root:epochs: 2, training task: 5
[2m[36m(ParallelModGrad pid=4126704)[0m INFO:root:	task: 0	loss: 0.69469645	acc: 0.500
[2m[36m(ParallelModGrad pid=4126704)[0m INFO:root:	task: 1	loss: 0.69308208	acc: 0.500
[2m[36m(ParallelModGrad pid=4126704)[0m INFO:root:	task: 2	loss: 0.69373495	acc: 0.500
[2m[36m(ParallelModGrad pid=4126704)[0m INFO:root:	task: 3	loss: 0.69180527	acc: 0.500
[2m[36m(ParallelModGrad pid=4126704)[0m INFO:root:	task: 4	loss: 0.69255956	acc: 0.500
[2m[36m(ParallelModGrad pid=4126704)[0m INFO:root:	task: 5	loss: 0.69475890	acc: 0.500
[2m[36m(ParallelModGrad pid=4126704)[0m INFO:root:	task: avg	loss: 0.69343953	acc: 0.500
[2m[36m(ParallelModGrad pid=4126704)[0m INFO:root:AGGREGATING MODELS...no_components 5
[2m[36m(ParallelModGrad pid=4126703)[0m INFO:root:epochs: 3, training task: 5
[2m[36m(ParallelModGrad pid=4126703)[0m INFO:root:	task: 0	loss: 0.69329255	acc: 0.465
[2m[36m(ParallelModGrad pid=4126703)[0m INFO:root:	task: 1	loss: 0.69567439	acc: 0.500
[2m[36m(ParallelModGrad pid=4126703)[0m INFO:root:	task: 2	loss: 0.69840627	acc: 0.500
[2m[36m(ParallelModGrad pid=4126703)[0m INFO:root:	task: 3	loss: 0.69271241	acc: 0.649
[2m[36m(ParallelModGrad pid=4126703)[0m INFO:root:	task: 4	loss: 0.69475821	acc: 0.500
[2m[36m(ParallelModGrad pid=4126703)[0m INFO:root:	task: 5	loss: 0.69336565	acc: 0.500
[2m[36m(ParallelModGrad pid=4126703)[0m INFO:root:	task: avg	loss: 0.69470158	acc: 0.519
[2m[36m(ParallelModGrad pid=4126703)[0m INFO:root:AGGREGATING MODELS...no_components 5
[2m[36m(ParallelModGrad pid=4126704)[0m INFO:root:epochs: 3, training task: 5
[2m[36m(ParallelModGrad pid=4126704)[0m INFO:root:	task: 0	loss: 0.69465724	acc: 0.500
[2m[36m(ParallelModGrad pid=4126704)[0m INFO:root:	task: 1	loss: 0.69283894	acc: 0.500
[2m[36m(ParallelModGrad pid=4126704)[0m INFO:root:	task: 2	loss: 0.69375359	acc: 0.500
[2m[36m(ParallelModGrad pid=4126704)[0m INFO:root:	task: 3	loss: 0.69193594	acc: 0.500
[2m[36m(ParallelModGrad pid=4126704)[0m INFO:root:	task: 4	loss: 0.69270638	acc: 0.500
[2m[36m(ParallelModGrad pid=4126704)[0m INFO:root:	task: 5	loss: 0.69445599	acc: 0.500
[2m[36m(ParallelModGrad pid=4126704)[0m INFO:root:	task: avg	loss: 0.69339135	acc: 0.500
[2m[36m(ParallelModGrad pid=4126704)[0m INFO:root:AGGREGATING MODELS...no_components 5
[2m[36m(ParallelModGrad pid=4126703)[0m INFO:root:epochs: 4, training task: 5
[2m[36m(ParallelModGrad pid=4126703)[0m INFO:root:	task: 0	loss: 0.69360513	acc: 0.442
[2m[36m(ParallelModGrad pid=4126703)[0m INFO:root:	task: 1	loss: 0.69593640	acc: 0.500
[2m[36m(ParallelModGrad pid=4126703)[0m INFO:root:	task: 2	loss: 0.69882978	acc: 0.500
[2m[36m(ParallelModGrad pid=4126703)[0m INFO:root:	task: 3	loss: 0.69214896	acc: 0.500
[2m[36m(ParallelModGrad pid=4126703)[0m INFO:root:	task: 4	loss: 0.69530334	acc: 0.500
[2m[36m(ParallelModGrad pid=4126703)[0m INFO:root:	task: 5	loss: 0.69339190	acc: 0.500
[2m[36m(ParallelModGrad pid=4126703)[0m INFO:root:	task: avg	loss: 0.69486925	acc: 0.490
[2m[36m(ParallelModGrad pid=4126704)[0m INFO:root:epochs: 4, training task: 5
[2m[36m(ParallelModGrad pid=4126704)[0m INFO:root:	task: 0	loss: 0.69364755	acc: 0.500
[2m[36m(ParallelModGrad pid=4126704)[0m INFO:root:	task: 1	loss: 0.69053114	acc: 0.500
[2m[36m(ParallelModGrad pid=4126704)[0m INFO:root:	task: 2	loss: 0.69381888	acc: 0.500
[2m[36m(ParallelModGrad pid=4126704)[0m INFO:root:	task: 3	loss: 0.69002272	acc: 0.500
[2m[36m(ParallelModGrad pid=4126704)[0m INFO:root:	task: 4	loss: 0.69161336	acc: 0.500
[2m[36m(ParallelModGrad pid=4126704)[0m INFO:root:	task: 5	loss: 0.69437233	acc: 0.500
[2m[36m(ParallelModGrad pid=4126704)[0m INFO:root:	task: avg	loss: 0.69233433	acc: 0.500
[2m[36m(ParallelModGrad pid=4126703)[0m INFO:root:candidate 4: W/update: 0.6, WO/update: 0.39, improv 0.5384615384615383
[2m[36m(ParallelModGrad pid=4126703)[0m INFO:root:Keeping new module 4. Total: 5
[2m[36m(ParallelModGrad pid=4126704)[0m INFO:root:candidate 4: W/update: 0.66, WO/update: 0.66, improv 0.0
[2m[36m(ParallelModGrad pid=4126704)[0m INFO:root:Not keeping any new modules. Total: 4
[2m[36m(ParallelModGrad pid=4126704)[0m INFO:root:epochs: 5, training task: 5
[2m[36m(ParallelModGrad pid=4126704)[0m INFO:root:	task: 0	loss: 0.69364755	acc: 0.500
[2m[36m(ParallelModGrad pid=4126704)[0m INFO:root:	task: 1	loss: 0.69053114	acc: 0.500
[2m[36m(ParallelModGrad pid=4126704)[0m INFO:root:	task: 2	loss: 0.69381888	acc: 0.500
[2m[36m(ParallelModGrad pid=4126704)[0m INFO:root:	task: 3	loss: 0.69002272	acc: 0.500
[2m[36m(ParallelModGrad pid=4126704)[0m INFO:root:	task: 4	loss: 0.69161336	acc: 0.500
[2m[36m(ParallelModGrad pid=4126704)[0m INFO:root:	task: 5	loss: 0.69402826	acc: 0.500
[2m[36m(ParallelModGrad pid=4126704)[0m INFO:root:	task: avg	loss: 0.69227699	acc: 0.500
[2m[36m(ParallelModGrad pid=4126703)[0m INFO:root:epochs: 5, training task: 5
[2m[36m(ParallelModGrad pid=4126703)[0m INFO:root:	task: 0	loss: 0.69360513	acc: 0.442
[2m[36m(ParallelModGrad pid=4126703)[0m INFO:root:	task: 1	loss: 0.69593640	acc: 0.500
[2m[36m(ParallelModGrad pid=4126703)[0m INFO:root:	task: 2	loss: 0.69882978	acc: 0.500
[2m[36m(ParallelModGrad pid=4126703)[0m INFO:root:	task: 3	loss: 0.69214896	acc: 0.500
[2m[36m(ParallelModGrad pid=4126703)[0m INFO:root:	task: 4	loss: 0.69530334	acc: 0.500
[2m[36m(ParallelModGrad pid=4126703)[0m INFO:root:	task: 5	loss: 0.69329523	acc: 0.500
[2m[36m(ParallelModGrad pid=4126703)[0m INFO:root:	task: avg	loss: 0.69485314	acc: 0.490
[2m[36m(ParallelModGrad pid=4126704)[0m INFO:root:final components: 4
[2m[36m(ParallelModGrad pid=4126703)[0m INFO:root:final components: 5
[2m[36m(ParallelModGrad pid=4126703)[0m INFO:root:AGGREGATING MODELS...no_components 5
[2m[36m(ParallelModGrad pid=4126704)[0m INFO:root:AGGREGATING MODELS...no_components 4
[2m[36m(ParallelModGrad pid=4126703)[0m INFO:root:AGGREGATING MODELS...no_components 5
[2m[36m(ParallelModGrad pid=4126704)[0m INFO:root:AGGREGATING MODELS...no_components 4
[2m[36m(ParallelModGrad pid=4126703)[0m INFO:root:AGGREGATING MODELS...no_components 5
[2m[36m(ParallelModGrad pid=4126704)[0m INFO:root:AGGREGATING MODELS...no_components 4
[2m[36m(ParallelModGrad pid=4126703)[0m INFO:root:AGGREGATING MODELS...no_components 5
[2m[36m(ParallelModGrad pid=4126704)[0m INFO:root:AGGREGATING MODELS...no_components 4
Error executing job with overrides: ['algo=modular', 'seed=1', 'parallel=True', 'agent.batch_size=64', 'num_agents=2', 'dataset=kmnist', 'dataset.num_trains_per_class=64', 'dataset.num_vals_per_class=50', 'dataset.remap_labels=True', 'dataset.with_replacement=True', 'dataset.num_tasks=10', 'net=mlp', 'net.depth=4', 'num_init_tasks=4', 'net.dropout=0.0', 'train.num_epochs=4', 'train.component_update_freq=4', 'train.init_num_epochs=4', 'train.init_component_update_freq=4', 'train.save_freq=1', 'agent.use_contrastive=True', 'agent.memory_size=32', 'root_save_dir=experiment_results/fedavg/', 'sharing_strategy=grad_sharing', 'sharing_strategy.comm_freq=1', 'train=modular', 'job_name=kmnist_modular_numtrain_64_contrastive']
[2m[36m(ParallelModGrad pid=4126703)[0m INFO:root:AGGREGATING MODELS...no_components 5
[2m[36m(ParallelModGrad pid=4126704)[0m INFO:root:AGGREGATING MODELS...no_components 4
Traceback (most recent call last):
  File "/home/vlongle/learning-hive/experiments/run.py", line 41, in main
    fleet.train_and_comm(task_id)
  File "/home/vlongle/learning-hive/src/shell/fleet/fleet.py", line 325, in train_and_comm
    self.communicate(task_id if not final else task_id + 1,
  File "/home/vlongle/learning-hive/src/shell/fleet/fleet.py", line 343, in communicate
    ray.get([agent.process_communicate.remote(task_id, communication_round)
  File "/mnt/kostas-graid/sw/envs/vlongle/miniconda3/envs/shell/lib/python3.10/site-packages/ray/_private/client_mode_hook.py", line 105, in wrapper
    return func(*args, **kwargs)
  File "/mnt/kostas-graid/sw/envs/vlongle/miniconda3/envs/shell/lib/python3.10/site-packages/ray/_private/worker.py", line 2380, in get
    raise value.as_instanceof_cause()
ray.exceptions.RayTaskError(AssertionError): [36mray::ParallelModGrad.process_communicate()[39m (pid=4126703, ip=192.168.141.69, repr=<shell.fleet.grad.modgrad.ParallelModGrad object at 0x7ef7768eb1f0>)
  File "/home/vlongle/learning-hive/src/shell/fleet/grad/modgrad.py", line 61, in process_communicate
    self.reoptimize_past_structures(task_id, communication_round)
  File "/home/vlongle/learning-hive/src/shell/fleet/grad/modgrad.py", line 70, in reoptimize_past_structures
    assert len(self.agent.memory_loaders.values()) == task_id, f"task_id: {task_id}, len(self.agent.memory_loaders.values()): {len(self.agent.memory_loaders.values())}"
AssertionError: task_id: 7, len(self.agent.memory_loaders.values()): 6

Set the environment variable HYDRA_FULL_ERROR=1 for a complete stack trace.
