{'train': {'component_update_freq': 4, 'num_epochs': 4, 'init_component_update_freq': 4, 'init_num_epochs': 4, 'save_freq': 1}, 'dataset': {'dataset_name': 'mnist', 'num_tasks': 10, 'num_classes_per_task': 2, 'with_replacement': True, 'num_trains_per_class': 64, 'num_vals_per_class': 50, 'remap_labels': True}, 'net': {'name': 'mlp', 'depth': 4, 'layer_size': 64, 'dropout': 0.0}, 'sharing_strategy': {'name': 'gradient', 'num_coms_per_round': 1, 'comm_freq': 1, 'mu': 1.0}, 'seed': 2, 'algo': 'modular', 'job_name': 'mnist_modular_numtrain_64_contrastive', 'num_agents': 2, 'root_save_dir': 'experiment_results/fedavg/', 'parallel': True, 'num_init_tasks': 4, 'agent': {'save_dir': '${root_save_dir}/${job_name}/${dataset.dataset_name}/${algo}/seed_${seed}', 'batch_size': 64, 'memory_size': 32, 'improvement_threshold': 0.05, 'use_contrastive': True}}
[2023-10-17 22:50:54,346][root][INFO] - Class sequence: [3 9 5 0 5 1 8 6 4 5 5 3 0 9 7 6 6 3 6 3]
[2023-10-17 22:50:54,366][root][INFO] - task 0 :(128, 1, 28, 28)
[2023-10-17 22:50:54,416][root][INFO] - task 1 :(128, 1, 28, 28)
[2023-10-17 22:50:54,438][root][INFO] - task 2 :(128, 1, 28, 28)
[2023-10-17 22:50:54,459][root][INFO] - task 3 :(128, 1, 28, 28)
[2023-10-17 22:50:54,478][root][INFO] - task 4 :(128, 1, 28, 28)
[2023-10-17 22:50:54,498][root][INFO] - task 5 :(128, 1, 28, 28)
[2023-10-17 22:50:54,518][root][INFO] - task 6 :(128, 1, 28, 28)
[2023-10-17 22:50:54,539][root][INFO] - task 7 :(128, 1, 28, 28)
[2023-10-17 22:50:54,560][root][INFO] - task 8 :(128, 1, 28, 28)
[2023-10-17 22:50:54,581][root][INFO] - task 9 :(128, 1, 28, 28)
[2023-10-17 22:50:54,686][root][INFO] - Class sequence: [0 5 3 0 7 9 4 6 7 6 3 0 7 3 5 4 4 1 3 9]
[2023-10-17 22:50:54,702][root][INFO] - task 0 :(128, 1, 28, 28)
[2023-10-17 22:50:54,723][root][INFO] - task 1 :(128, 1, 28, 28)
[2023-10-17 22:50:54,743][root][INFO] - task 2 :(128, 1, 28, 28)
[2023-10-17 22:50:54,764][root][INFO] - task 3 :(128, 1, 28, 28)
[2023-10-17 22:50:54,784][root][INFO] - task 4 :(128, 1, 28, 28)
[2023-10-17 22:50:54,806][root][INFO] - task 5 :(128, 1, 28, 28)
[2023-10-17 22:50:54,827][root][INFO] - task 6 :(128, 1, 28, 28)
[2023-10-17 22:50:54,846][root][INFO] - task 7 :(128, 1, 28, 28)
[2023-10-17 22:50:54,867][root][INFO] - task 8 :(128, 1, 28, 28)
[2023-10-17 22:50:54,887][root][INFO] - task 9 :(128, 1, 28, 28)
i_size 28
num_classes 2
net_cfg {'name': 'mlp', 'depth': 4, 'layer_size': 64, 'dropout': 0.0, 'i_size': 28, 'num_classes': 2, 'num_tasks': 10, 'num_init_tasks': 4, 'use_contrastive': True}
<class 'shell.learners.er_dynamic.CompositionalDynamicER'>
[2023-10-17 22:50:54,991][root][INFO] - Class sequence: [4 7 3 1 0 1 2 3 8 4 2 3 8 6 8 2 2 1 9 1]
[2023-10-17 22:50:55,008][root][INFO] - task 0 :(128, 1, 28, 28)
[2023-10-17 22:50:55,030][root][INFO] - task 1 :(128, 1, 28, 28)
[2023-10-17 22:50:55,050][root][INFO] - task 2 :(128, 1, 28, 28)
[2023-10-17 22:50:55,070][root][INFO] - task 3 :(128, 1, 28, 28)
[2023-10-17 22:50:55,090][root][INFO] - task 4 :(128, 1, 28, 28)
[2023-10-17 22:50:55,112][root][INFO] - task 5 :(128, 1, 28, 28)
[2023-10-17 22:50:55,132][root][INFO] - task 6 :(128, 1, 28, 28)
[2023-10-17 22:50:55,153][root][INFO] - task 7 :(128, 1, 28, 28)
[2023-10-17 22:50:55,181][root][INFO] - task 8 :(128, 1, 28, 28)
[2023-10-17 22:50:55,201][root][INFO] - task 9 :(128, 1, 28, 28)
[2023-10-17 22:51:10,120][root][INFO] - Joint training on task 0 ...
[2023-10-17 22:51:15,391][root][INFO] - Joint training on task 1 ...
[2023-10-17 22:51:16,307][root][INFO] - Joint training on task 2 ...
[2023-10-17 22:51:17,564][root][INFO] - Joint training on task 3 ...
[2023-10-17 22:51:26,697][root][INFO] - DONE TRAINING THE JOINT AGENT...
[2023-10-17 22:51:26,697][root][INFO] - No. gpus per agent: 1.0
[2023-10-17 22:51:30,743][root][INFO] - Created fleet with 2 agents
[2023-10-17 22:51:30,743][root][INFO] - Adding neighbors...
[2023-10-17 22:51:30,864][root][INFO] - Fleet initialized
[2023-10-17 22:51:30,866][root][INFO] - READY TO TRAIN INDIVIDUAL AGENTS...
[2m[36m(ParallelModGrad pid=3741591)[0m node 0 is processing at round 0 for task 0
[2m[36m(ParallelModGrad pid=3741607)[0m node 1 is processing at round 0 for task 0
[2m[36m(ParallelModGrad pid=3741591)[0m node 0 is processing at round 1 for task 0
[2m[36m(ParallelModGrad pid=3741607)[0m node 1 is processing at round 1 for task 0
[2m[36m(ParallelModGrad pid=3741591)[0m node 0 is processing at round 2 for task 0
[2m[36m(ParallelModGrad pid=3741607)[0m node 1 is processing at round 2 for task 0
[2m[36m(ParallelModGrad pid=3741591)[0m node 0 is processing at round 3 for task 1
[2m[36m(ParallelModGrad pid=3741607)[0m node 1 is processing at round 3 for task 1
[2m[36m(ParallelModGrad pid=3741591)[0m node 0 is processing at round 0 for task 1
[2m[36m(ParallelModGrad pid=3741607)[0m node 1 is processing at round 0 for task 1
[2m[36m(ParallelModGrad pid=3741591)[0m node 0 is processing at round 1 for task 1
[2m[36m(ParallelModGrad pid=3741607)[0m node 1 is processing at round 1 for task 1
[2m[36m(ParallelModGrad pid=3741591)[0m node 0 is processing at round 2 for task 1
[2m[36m(ParallelModGrad pid=3741607)[0m node 1 is processing at round 2 for task 1
[2m[36m(ParallelModGrad pid=3741591)[0m node 0 is processing at round 3 for task 2
[2m[36m(ParallelModGrad pid=3741607)[0m node 1 is processing at round 3 for task 2
[2m[36m(ParallelModGrad pid=3741591)[0m node 0 is processing at round 0 for task 2
[2m[36m(ParallelModGrad pid=3741607)[0m node 1 is processing at round 0 for task 2
[2m[36m(ParallelModGrad pid=3741591)[0m node 0 is processing at round 1 for task 2
[2m[36m(ParallelModGrad pid=3741607)[0m node 1 is processing at round 1 for task 2
[2m[36m(ParallelModGrad pid=3741591)[0m node 0 is processing at round 2 for task 2
[2m[36m(ParallelModGrad pid=3741607)[0m node 1 is processing at round 2 for task 2
[2m[36m(ParallelModGrad pid=3741591)[0m node 0 is processing at round 3 for task 3
[2m[36m(ParallelModGrad pid=3741607)[0m node 1 is processing at round 3 for task 3
[2m[36m(ParallelModGrad pid=3741591)[0m node 0 is processing at round 0 for task 3
[2m[36m(ParallelModGrad pid=3741607)[0m node 1 is processing at round 0 for task 3
[2m[36m(ParallelModGrad pid=3741591)[0m node 0 is processing at round 1 for task 3
[2m[36m(ParallelModGrad pid=3741607)[0m node 1 is processing at round 1 for task 3
[2m[36m(ParallelModGrad pid=3741591)[0m node 0 is processing at round 2 for task 3
[2m[36m(ParallelModGrad pid=3741607)[0m node 1 is processing at round 2 for task 3
[2m[36m(ParallelModGrad pid=3741591)[0m node 0 is processing at round 3 for task 4
[2m[36m(ParallelModGrad pid=3741607)[0m node 1 is processing at round 3 for task 4
[2m[36m(ParallelModGrad pid=3741591)[0m node 0 is processing at round 0 for task 4
[2m[36m(ParallelModGrad pid=3741607)[0m node 1 is processing at round 0 for task 4
[2m[36m(ParallelModGrad pid=3741591)[0m node 0 is processing at round 1 for task 4
[2m[36m(ParallelModGrad pid=3741607)[0m node 1 is processing at round 1 for task 4
[2m[36m(ParallelModGrad pid=3741591)[0m node 0 is processing at round 2 for task 4
[2m[36m(ParallelModGrad pid=3741607)[0m node 1 is processing at round 2 for task 4
[2m[36m(ParallelModGrad pid=3741591)[0m node 0 is processing at round 3 for task 5
[2m[36m(ParallelModGrad pid=3741607)[0m node 1 is processing at round 3 for task 5
[2m[36m(ParallelModGrad pid=3741591)[0m node 0 is processing at round 0 for task 5
[2m[36m(ParallelModGrad pid=3741607)[0m node 1 is processing at round 0 for task 5
[2m[36m(ParallelModGrad pid=3741591)[0m node 0 is processing at round 1 for task 5
[2m[36m(ParallelModGrad pid=3741607)[0m node 1 is processing at round 1 for task 5
[2m[36m(ParallelModGrad pid=3741591)[0m node 0 is processing at round 2 for task 5
[2m[36m(ParallelModGrad pid=3741607)[0m node 1 is processing at round 2 for task 5
[2m[36m(ParallelModGrad pid=3741591)[0m node 0 is processing at round 3 for task 6
[2m[36m(ParallelModGrad pid=3741607)[0m node 1 is processing at round 3 for task 6
[2m[36m(ParallelModGrad pid=3741591)[0m node 0 is processing at round 0 for task 6
[2m[36m(ParallelModGrad pid=3741607)[0m node 1 is processing at round 0 for task 6
[2m[36m(ParallelModGrad pid=3741591)[0m node 0 is processing at round 1 for task 6
[2m[36m(ParallelModGrad pid=3741607)[0m node 1 is processing at round 1 for task 6
[2m[36m(ParallelModGrad pid=3741591)[0m node 0 is processing at round 2 for task 6
[2m[36m(ParallelModGrad pid=3741607)[0m node 1 is processing at round 2 for task 6
[2m[36m(ParallelModGrad pid=3741591)[0m node 0 is processing at round 3 for task 7
[2m[36m(ParallelModGrad pid=3741607)[0m node 1 is processing at round 3 for task 7
{'algo': 'modular', 'seed': 2, 'parallel': True, 'agent.batch_size': 64, 'num_agents': 2, 'dataset': 'mnist', 'dataset.num_trains_per_class': 64, 'dataset.num_vals_per_class': 50, 'dataset.remap_labels': True, 'dataset.with_replacement': True, 'dataset.num_tasks': 10, 'net': 'mlp', 'net.depth': 4, 'num_init_tasks': 4, 'net.dropout': 0.0, 'train.num_epochs': 4, 'train.component_update_freq': 4, 'train.init_num_epochs': 4, 'train.init_component_update_freq': 4, 'train.save_freq': 1, 'agent.use_contrastive': True, 'agent.memory_size': 32, 'root_save_dir': 'experiment_results/fedavg/', 'sharing_strategy': 'grad_sharing', 'sharing_strategy.comm_freq': 1}
No. of experiments: 1
Experiment runs took 0:01:37.384588
