{'train': {'component_update_freq': 100, 'num_epochs': 100, 'init_component_update_freq': 100, 'init_num_epochs': 100, 'save_freq': 1}, 'dataset': {'dataset_name': 'kmnist', 'num_tasks': 10, 'num_classes_per_task': 2, 'with_replacement': True, 'num_trains_per_class': 64, 'num_vals_per_class': 50, 'remap_labels': True}, 'net': {'name': 'mlp', 'depth': 4, 'layer_size': 64, 'dropout': 0.0}, 'sharing_strategy': {'name': 'gradient', 'num_coms_per_round': 1, 'comm_freq': 10, 'mu': 1.0}, 'seed': 1, 'algo': 'modular', 'job_name': 'kmnist_modular_numtrain_64_contrastive', 'num_agents': 8, 'root_save_dir': 'experiment_results/fedavg/', 'parallel': True, 'num_init_tasks': 4, 'agent': {'save_dir': '${root_save_dir}/${job_name}/${dataset.dataset_name}/${algo}/seed_${seed}', 'batch_size': 64, 'memory_size': 32, 'improvement_threshold': 0.05, 'use_contrastive': True}}
[2023-10-17 21:17:39,241][root][INFO] - Class sequence: [6 4 1 4 5 6 6 2 2 7 9 7 1 6 4 9 8 5 4 1]
[2023-10-17 21:17:39,260][root][INFO] - task 0 :(128, 1, 28, 28)
[2023-10-17 21:17:39,306][root][INFO] - task 1 :(128, 1, 28, 28)
[2023-10-17 21:17:39,327][root][INFO] - task 2 :(128, 1, 28, 28)
[2023-10-17 21:17:39,347][root][INFO] - task 3 :(128, 1, 28, 28)
[2023-10-17 21:17:39,369][root][INFO] - task 4 :(128, 1, 28, 28)
[2023-10-17 21:17:39,390][root][INFO] - task 5 :(128, 1, 28, 28)
[2023-10-17 21:17:39,410][root][INFO] - task 6 :(128, 1, 28, 28)
[2023-10-17 21:17:39,431][root][INFO] - task 7 :(128, 1, 28, 28)
[2023-10-17 21:17:39,451][root][INFO] - task 8 :(128, 1, 28, 28)
[2023-10-17 21:17:39,472][root][INFO] - task 9 :(128, 1, 28, 28)
[2023-10-17 21:17:39,773][root][INFO] - Class sequence: [6 5 5 7 5 1 3 7 0 2 4 8 7 3 3 7 4 5 2 0]
[2023-10-17 21:17:39,790][root][INFO] - task 0 :(128, 1, 28, 28)
[2023-10-17 21:17:39,814][root][INFO] - task 1 :(128, 1, 28, 28)
[2023-10-17 21:17:39,834][root][INFO] - task 2 :(128, 1, 28, 28)
[2023-10-17 21:17:39,857][root][INFO] - task 3 :(128, 1, 28, 28)
[2023-10-17 21:17:39,877][root][INFO] - task 4 :(128, 1, 28, 28)
[2023-10-17 21:17:39,898][root][INFO] - task 5 :(128, 1, 28, 28)
[2023-10-17 21:17:39,919][root][INFO] - task 6 :(128, 1, 28, 28)
[2023-10-17 21:17:39,941][root][INFO] - task 7 :(128, 1, 28, 28)
[2023-10-17 21:17:39,961][root][INFO] - task 8 :(128, 1, 28, 28)
[2023-10-17 21:17:39,981][root][INFO] - task 9 :(128, 1, 28, 28)
[2023-10-17 21:17:40,283][root][INFO] - Class sequence: [5 4 2 3 6 2 0 5 9 4 8 4 1 7 2 5 5 3 9 6]
[2023-10-17 21:17:40,301][root][INFO] - task 0 :(128, 1, 28, 28)
[2023-10-17 21:17:40,322][root][INFO] - task 1 :(128, 1, 28, 28)
[2023-10-17 21:17:40,342][root][INFO] - task 2 :(128, 1, 28, 28)
[2023-10-17 21:17:40,362][root][INFO] - task 3 :(128, 1, 28, 28)
[2023-10-17 21:17:40,383][root][INFO] - task 4 :(128, 1, 28, 28)
[2023-10-17 21:17:40,403][root][INFO] - task 5 :(128, 1, 28, 28)
[2023-10-17 21:17:40,429][root][INFO] - task 6 :(128, 1, 28, 28)
[2023-10-17 21:17:40,449][root][INFO] - task 7 :(128, 1, 28, 28)
[2023-10-17 21:17:40,468][root][INFO] - task 8 :(128, 1, 28, 28)
[2023-10-17 21:17:40,488][root][INFO] - task 9 :(128, 1, 28, 28)
[2023-10-17 21:17:40,791][root][INFO] - Class sequence: [6 9 8 3 9 7 6 3 0 2 8 6 3 8 5 7 1 4 0 2]
[2023-10-17 21:17:40,808][root][INFO] - task 0 :(128, 1, 28, 28)
[2023-10-17 21:17:40,828][root][INFO] - task 1 :(128, 1, 28, 28)
[2023-10-17 21:17:40,855][root][INFO] - task 2 :(128, 1, 28, 28)
[2023-10-17 21:17:40,876][root][INFO] - task 3 :(128, 1, 28, 28)
[2023-10-17 21:17:40,896][root][INFO] - task 4 :(128, 1, 28, 28)
[2023-10-17 21:17:40,916][root][INFO] - task 5 :(128, 1, 28, 28)
[2023-10-17 21:17:40,936][root][INFO] - task 6 :(128, 1, 28, 28)
[2023-10-17 21:17:40,956][root][INFO] - task 7 :(128, 1, 28, 28)
[2023-10-17 21:17:40,976][root][INFO] - task 8 :(128, 1, 28, 28)
[2023-10-17 21:17:40,996][root][INFO] - task 9 :(128, 1, 28, 28)
[2023-10-17 21:17:41,299][root][INFO] - Class sequence: [9 2 7 6 8 4 8 5 3 9 0 6 6 9 3 9 7 0 1 4]
[2023-10-17 21:17:41,315][root][INFO] - task 0 :(128, 1, 28, 28)
[2023-10-17 21:17:41,334][root][INFO] - task 1 :(128, 1, 28, 28)
[2023-10-17 21:17:41,354][root][INFO] - task 2 :(128, 1, 28, 28)
[2023-10-17 21:17:41,375][root][INFO] - task 3 :(128, 1, 28, 28)
[2023-10-17 21:17:41,394][root][INFO] - task 4 :(128, 1, 28, 28)
[2023-10-17 21:17:41,414][root][INFO] - task 5 :(128, 1, 28, 28)
[2023-10-17 21:17:41,434][root][INFO] - task 6 :(128, 1, 28, 28)
[2023-10-17 21:17:41,455][root][INFO] - task 7 :(128, 1, 28, 28)
[2023-10-17 21:17:41,474][root][INFO] - task 8 :(128, 1, 28, 28)
[2023-10-17 21:17:41,494][root][INFO] - task 9 :(128, 1, 28, 28)
[2023-10-17 21:17:41,796][root][INFO] - Class sequence: [1 2 4 6 1 7 8 7 5 7 6 8 0 5 0 5 6 1 5 2]
[2023-10-17 21:17:41,813][root][INFO] - task 0 :(128, 1, 28, 28)
[2023-10-17 21:17:41,834][root][INFO] - task 1 :(128, 1, 28, 28)
[2023-10-17 21:17:41,858][root][INFO] - task 2 :(128, 1, 28, 28)
[2023-10-17 21:17:41,877][root][INFO] - task 3 :(128, 1, 28, 28)
[2023-10-17 21:17:41,897][root][INFO] - task 4 :(128, 1, 28, 28)
[2023-10-17 21:17:41,923][root][INFO] - task 5 :(128, 1, 28, 28)
[2023-10-17 21:17:41,942][root][INFO] - task 6 :(128, 1, 28, 28)
[2023-10-17 21:17:41,962][root][INFO] - task 7 :(128, 1, 28, 28)
[2023-10-17 21:17:41,982][root][INFO] - task 8 :(128, 1, 28, 28)
[2023-10-17 21:17:42,003][root][INFO] - task 9 :(128, 1, 28, 28)
[2023-10-17 21:17:42,305][root][INFO] - Class sequence: [2 9 0 6 4 1 1 4 9 7 7 5 9 2 2 7 8 9 8 0]
[2023-10-17 21:17:42,321][root][INFO] - task 0 :(128, 1, 28, 28)
[2023-10-17 21:17:42,340][root][INFO] - task 1 :(128, 1, 28, 28)
[2023-10-17 21:17:42,360][root][INFO] - task 2 :(128, 1, 28, 28)
[2023-10-17 21:17:42,380][root][INFO] - task 3 :(128, 1, 28, 28)
[2023-10-17 21:17:42,399][root][INFO] - task 4 :(128, 1, 28, 28)
[2023-10-17 21:17:42,419][root][INFO] - task 5 :(128, 1, 28, 28)
[2023-10-17 21:17:42,439][root][INFO] - task 6 :(128, 1, 28, 28)
[2023-10-17 21:17:42,459][root][INFO] - task 7 :(128, 1, 28, 28)
[2023-10-17 21:17:42,477][root][INFO] - task 8 :(128, 1, 28, 28)
[2023-10-17 21:17:42,496][root][INFO] - task 9 :(128, 1, 28, 28)
[2023-10-17 21:17:42,803][root][INFO] - Class sequence: [2 7 2 4 0 8 5 9 1 9 7 4 4 9 4 8 7 1 0 5]
[2023-10-17 21:17:42,820][root][INFO] - task 0 :(128, 1, 28, 28)
[2023-10-17 21:17:42,841][root][INFO] - task 1 :(128, 1, 28, 28)
[2023-10-17 21:17:42,859][root][INFO] - task 2 :(128, 1, 28, 28)
[2023-10-17 21:17:42,880][root][INFO] - task 3 :(128, 1, 28, 28)
[2023-10-17 21:17:42,899][root][INFO] - task 4 :(128, 1, 28, 28)
[2023-10-17 21:17:42,919][root][INFO] - task 5 :(128, 1, 28, 28)
[2023-10-17 21:17:42,939][root][INFO] - task 6 :(128, 1, 28, 28)
[2023-10-17 21:17:42,959][root][INFO] - task 7 :(128, 1, 28, 28)
[2023-10-17 21:17:42,978][root][INFO] - task 8 :(128, 1, 28, 28)
[2023-10-17 21:17:42,999][root][INFO] - task 9 :(128, 1, 28, 28)
i_size 28
num_classes 2
net_cfg {'name': 'mlp', 'depth': 4, 'layer_size': 64, 'dropout': 0.0, 'i_size': 28, 'num_classes': 2, 'num_tasks': 10, 'num_init_tasks': 4, 'use_contrastive': True}
<class 'shell.learners.er_dynamic.CompositionalDynamicER'>
[2023-10-17 21:17:43,304][root][INFO] - Class sequence: [6 5 8 5 7 8 1 5 1 7 9 5 2 0 1 8 4 2 2 1]
[2023-10-17 21:17:43,320][root][INFO] - task 0 :(128, 1, 28, 28)
[2023-10-17 21:17:43,343][root][INFO] - task 1 :(128, 1, 28, 28)
[2023-10-17 21:17:43,362][root][INFO] - task 2 :(128, 1, 28, 28)
[2023-10-17 21:17:43,382][root][INFO] - task 3 :(128, 1, 28, 28)
[2023-10-17 21:17:43,401][root][INFO] - task 4 :(128, 1, 28, 28)
[2023-10-17 21:17:43,421][root][INFO] - task 5 :(128, 1, 28, 28)
[2023-10-17 21:17:43,441][root][INFO] - task 6 :(128, 1, 28, 28)
[2023-10-17 21:17:43,460][root][INFO] - task 7 :(128, 1, 28, 28)
[2023-10-17 21:17:43,479][root][INFO] - task 8 :(128, 1, 28, 28)
[2023-10-17 21:17:43,498][root][INFO] - task 9 :(128, 1, 28, 28)
[2023-10-17 21:17:58,195][root][INFO] - Joint training on task 0 ...
[2023-10-17 21:18:03,360][root][INFO] - Joint training on task 1 ...
[2023-10-17 21:18:04,262][root][INFO] - Joint training on task 2 ...
[2023-10-17 21:18:05,582][root][INFO] - Joint training on task 3 ...
[2023-10-17 21:20:15,132][root][INFO] - DONE TRAINING THE JOINT AGENT...
[2023-10-17 21:20:15,133][root][INFO] - No. gpus per agent: 0.25
[2023-10-17 21:20:21,385][root][INFO] - Created fleet with 8 agents
[2023-10-17 21:20:21,386][root][INFO] - Adding neighbors...
[2023-10-17 21:20:21,474][root][INFO] - Fleet initialized
[2023-10-17 21:20:21,482][root][INFO] - READY TO TRAIN INDIVIDUAL AGENTS...
