{'train': {'component_update_freq': 100, 'num_epochs': 100, 'init_component_update_freq': 100, 'init_num_epochs': 100, 'save_freq': 1}, 'dataset': {'dataset_name': 'kmnist', 'num_tasks': 10, 'num_classes_per_task': 2, 'with_replacement': True, 'num_trains_per_class': 64, 'num_vals_per_class': 50, 'remap_labels': True}, 'net': {'name': 'mlp', 'depth': 4, 'layer_size': 64, 'dropout': 0.0}, 'sharing_strategy': {'name': 'gradient', 'num_coms_per_round': 1, 'comm_freq': 10, 'mu': 1.0}, 'seed': 2, 'algo': 'modular', 'job_name': 'kmnist_modular_numtrain_64_contrastive', 'num_agents': 2, 'root_save_dir': 'experiment_results/fedavg/', 'parallel': True, 'num_init_tasks': 4, 'agent': {'save_dir': '${root_save_dir}/${job_name}/${dataset.dataset_name}/${algo}/seed_${seed}', 'batch_size': 64, 'memory_size': 32, 'improvement_threshold': 0.05, 'use_contrastive': True}}
[2023-10-17 23:09:58,685][root][INFO] - Class sequence: [3 9 5 0 5 1 8 6 4 5 5 3 0 9 7 6 6 3 6 3]
[2023-10-17 23:09:58,704][root][INFO] - task 0 :(128, 1, 28, 28)
[2023-10-17 23:09:58,764][root][INFO] - task 1 :(128, 1, 28, 28)
[2023-10-17 23:09:58,813][root][INFO] - task 2 :(128, 1, 28, 28)
[2023-10-17 23:09:58,837][root][INFO] - task 3 :(128, 1, 28, 28)
[2023-10-17 23:09:58,866][root][INFO] - task 4 :(128, 1, 28, 28)
[2023-10-17 23:09:58,888][root][INFO] - task 5 :(128, 1, 28, 28)
[2023-10-17 23:09:58,916][root][INFO] - task 6 :(128, 1, 28, 28)
[2023-10-17 23:09:58,940][root][INFO] - task 7 :(128, 1, 28, 28)
[2023-10-17 23:09:58,969][root][INFO] - task 8 :(128, 1, 28, 28)
[2023-10-17 23:09:58,997][root][INFO] - task 9 :(128, 1, 28, 28)
[2023-10-17 23:09:59,309][root][INFO] - Class sequence: [0 5 3 0 7 9 4 6 7 6 3 0 7 3 5 4 4 1 3 9]
[2023-10-17 23:09:59,327][root][INFO] - task 0 :(128, 1, 28, 28)
[2023-10-17 23:09:59,349][root][INFO] - task 1 :(128, 1, 28, 28)
[2023-10-17 23:09:59,376][root][INFO] - task 2 :(128, 1, 28, 28)
[2023-10-17 23:09:59,401][root][INFO] - task 3 :(128, 1, 28, 28)
[2023-10-17 23:09:59,427][root][INFO] - task 4 :(128, 1, 28, 28)
[2023-10-17 23:09:59,454][root][INFO] - task 5 :(128, 1, 28, 28)
[2023-10-17 23:09:59,480][root][INFO] - task 6 :(128, 1, 28, 28)
[2023-10-17 23:09:59,500][root][INFO] - task 7 :(128, 1, 28, 28)
[2023-10-17 23:09:59,527][root][INFO] - task 8 :(128, 1, 28, 28)
[2023-10-17 23:09:59,553][root][INFO] - task 9 :(128, 1, 28, 28)
i_size 28
num_classes 2
net_cfg {'name': 'mlp', 'depth': 4, 'layer_size': 64, 'dropout': 0.0, 'i_size': 28, 'num_classes': 2, 'num_tasks': 10, 'num_init_tasks': 4, 'use_contrastive': True}
<class 'shell.learners.er_dynamic.CompositionalDynamicER'>
[2023-10-17 23:09:59,866][root][INFO] - Class sequence: [4 7 3 1 0 1 2 3 8 4 2 3 8 6 8 2 2 1 9 1]
[2023-10-17 23:09:59,884][root][INFO] - task 0 :(128, 1, 28, 28)
[2023-10-17 23:09:59,914][root][INFO] - task 1 :(128, 1, 28, 28)
[2023-10-17 23:09:59,937][root][INFO] - task 2 :(128, 1, 28, 28)
[2023-10-17 23:09:59,960][root][INFO] - task 3 :(128, 1, 28, 28)
[2023-10-17 23:09:59,988][root][INFO] - task 4 :(128, 1, 28, 28)
[2023-10-17 23:10:00,015][root][INFO] - task 5 :(128, 1, 28, 28)
[2023-10-17 23:10:00,041][root][INFO] - task 6 :(128, 1, 28, 28)
[2023-10-17 23:10:00,069][root][INFO] - task 7 :(128, 1, 28, 28)
[2023-10-17 23:10:00,097][root][INFO] - task 8 :(128, 1, 28, 28)
[2023-10-17 23:10:00,124][root][INFO] - task 9 :(128, 1, 28, 28)
[2023-10-17 23:10:15,148][root][INFO] - Joint training on task 0 ...
[2023-10-17 23:10:20,592][root][INFO] - Joint training on task 1 ...
[2023-10-17 23:10:21,682][root][INFO] - Joint training on task 2 ...
[2023-10-17 23:10:23,300][root][INFO] - Joint training on task 3 ...
[2023-10-17 23:12:50,948][root][INFO] - DONE TRAINING THE JOINT AGENT...
[2023-10-17 23:12:50,949][root][INFO] - No. gpus per agent: 1.0
[2023-10-17 23:12:55,255][root][INFO] - Created fleet with 2 agents
[2023-10-17 23:12:55,256][root][INFO] - Adding neighbors...
[2023-10-17 23:12:55,259][root][INFO] - Fleet initialized
[2023-10-17 23:12:55,261][root][INFO] - READY TO TRAIN INDIVIDUAL AGENTS...
[2m[36m(ParallelModGrad pid=3090856)[0m node 0 is processing at round 0 for task 0
[2m[36m(ParallelModGrad pid=3091590)[0m node 1 is processing at round 0 for task 0
[2m[36m(ParallelModGrad pid=3090856)[0m node 0 is processing at round 1 for task 0
[2m[36m(ParallelModGrad pid=3091590)[0m node 1 is processing at round 1 for task 0
[2m[36m(ParallelModGrad pid=3090856)[0m node 0 is processing at round 2 for task 0
[2m[36m(ParallelModGrad pid=3091590)[0m node 1 is processing at round 2 for task 0
[2m[36m(ParallelModGrad pid=3090856)[0m node 0 is processing at round 3 for task 0
[2m[36m(ParallelModGrad pid=3091590)[0m node 1 is processing at round 3 for task 0
[2m[36m(ParallelModGrad pid=3090856)[0m node 0 is processing at round 4 for task 0
[2m[36m(ParallelModGrad pid=3091590)[0m node 1 is processing at round 4 for task 0
[2m[36m(ParallelModGrad pid=3090856)[0m node 0 is processing at round 5 for task 0
[2m[36m(ParallelModGrad pid=3091590)[0m node 1 is processing at round 5 for task 0
[2m[36m(ParallelModGrad pid=3090856)[0m node 0 is processing at round 6 for task 0
[2m[36m(ParallelModGrad pid=3091590)[0m node 1 is processing at round 6 for task 0
[2m[36m(ParallelModGrad pid=3090856)[0m node 0 is processing at round 7 for task 0
[2m[36m(ParallelModGrad pid=3091590)[0m node 1 is processing at round 7 for task 0
[2m[36m(ParallelModGrad pid=3090856)[0m node 0 is processing at round 8 for task 0
[2m[36m(ParallelModGrad pid=3091590)[0m node 1 is processing at round 8 for task 0
[2m[36m(ParallelModGrad pid=3090856)[0m node 0 is processing at round 9 for task 1
[2m[36m(ParallelModGrad pid=3091590)[0m node 1 is processing at round 9 for task 1
[2m[36m(ParallelModGrad pid=3090856)[0m node 0 is processing at round 0 for task 1
[2m[36m(ParallelModGrad pid=3091590)[0m node 1 is processing at round 0 for task 1
[2m[36m(ParallelModGrad pid=3090856)[0m node 0 is processing at round 1 for task 1
[2m[36m(ParallelModGrad pid=3091590)[0m node 1 is processing at round 1 for task 1
[2m[36m(ParallelModGrad pid=3090856)[0m node 0 is processing at round 2 for task 1
[2m[36m(ParallelModGrad pid=3091590)[0m node 1 is processing at round 2 for task 1
[2m[36m(ParallelModGrad pid=3090856)[0m node 0 is processing at round 3 for task 1
[2m[36m(ParallelModGrad pid=3091590)[0m node 1 is processing at round 3 for task 1
[2m[36m(ParallelModGrad pid=3090856)[0m node 0 is processing at round 4 for task 1
[2m[36m(ParallelModGrad pid=3091590)[0m node 1 is processing at round 4 for task 1
[2m[36m(ParallelModGrad pid=3090856)[0m node 0 is processing at round 5 for task 1
[2m[36m(ParallelModGrad pid=3091590)[0m node 1 is processing at round 5 for task 1
[2m[36m(ParallelModGrad pid=3090856)[0m node 0 is processing at round 6 for task 1
[2m[36m(ParallelModGrad pid=3091590)[0m node 1 is processing at round 6 for task 1
[2m[36m(ParallelModGrad pid=3090856)[0m node 0 is processing at round 7 for task 1
[2m[36m(ParallelModGrad pid=3091590)[0m node 1 is processing at round 7 for task 1
[2m[36m(ParallelModGrad pid=3090856)[0m node 0 is processing at round 8 for task 1
[2m[36m(ParallelModGrad pid=3091590)[0m node 1 is processing at round 8 for task 1
[2m[36m(ParallelModGrad pid=3090856)[0m node 0 is processing at round 9 for task 2
[2m[36m(ParallelModGrad pid=3091590)[0m node 1 is processing at round 9 for task 2
[2m[36m(ParallelModGrad pid=3090856)[0m node 0 is processing at round 0 for task 2
[2m[36m(ParallelModGrad pid=3091590)[0m node 1 is processing at round 0 for task 2
[2m[36m(ParallelModGrad pid=3090856)[0m node 0 is processing at round 1 for task 2
[2m[36m(ParallelModGrad pid=3091590)[0m node 1 is processing at round 1 for task 2
[2m[36m(ParallelModGrad pid=3090856)[0m node 0 is processing at round 2 for task 2
[2m[36m(ParallelModGrad pid=3091590)[0m node 1 is processing at round 2 for task 2
[2m[36m(ParallelModGrad pid=3090856)[0m node 0 is processing at round 3 for task 2
[2m[36m(ParallelModGrad pid=3091590)[0m node 1 is processing at round 3 for task 2
[2m[36m(ParallelModGrad pid=3090856)[0m node 0 is processing at round 4 for task 2
[2m[36m(ParallelModGrad pid=3091590)[0m node 1 is processing at round 4 for task 2
[2m[36m(ParallelModGrad pid=3090856)[0m node 0 is processing at round 5 for task 2
[2m[36m(ParallelModGrad pid=3091590)[0m node 1 is processing at round 5 for task 2
[2m[36m(ParallelModGrad pid=3090856)[0m node 0 is processing at round 6 for task 2
[2m[36m(ParallelModGrad pid=3091590)[0m node 1 is processing at round 6 for task 2
[2m[36m(ParallelModGrad pid=3090856)[0m node 0 is processing at round 7 for task 2
[2m[36m(ParallelModGrad pid=3091590)[0m node 1 is processing at round 7 for task 2
[2m[36m(ParallelModGrad pid=3090856)[0m node 0 is processing at round 8 for task 2
[2m[36m(ParallelModGrad pid=3091590)[0m node 1 is processing at round 8 for task 2
[2m[36m(ParallelModGrad pid=3090856)[0m node 0 is processing at round 9 for task 3
[2m[36m(ParallelModGrad pid=3091590)[0m node 1 is processing at round 9 for task 3
[2m[36m(ParallelModGrad pid=3090856)[0m node 0 is processing at round 0 for task 3
[2m[36m(ParallelModGrad pid=3091590)[0m node 1 is processing at round 0 for task 3
[2m[36m(ParallelModGrad pid=3090856)[0m node 0 is processing at round 1 for task 3
[2m[36m(ParallelModGrad pid=3091590)[0m node 1 is processing at round 1 for task 3
[2m[36m(ParallelModGrad pid=3090856)[0m node 0 is processing at round 2 for task 3
[2m[36m(ParallelModGrad pid=3091590)[0m node 1 is processing at round 2 for task 3
[2m[36m(ParallelModGrad pid=3090856)[0m node 0 is processing at round 3 for task 3
[2m[36m(ParallelModGrad pid=3091590)[0m node 1 is processing at round 3 for task 3
[2m[36m(ParallelModGrad pid=3090856)[0m node 0 is processing at round 4 for task 3
[2m[36m(ParallelModGrad pid=3091590)[0m node 1 is processing at round 4 for task 3
[2m[36m(ParallelModGrad pid=3090856)[0m node 0 is processing at round 5 for task 3
[2m[36m(ParallelModGrad pid=3091590)[0m node 1 is processing at round 5 for task 3
[2m[36m(ParallelModGrad pid=3090856)[0m node 0 is processing at round 6 for task 3
[2m[36m(ParallelModGrad pid=3091590)[0m node 1 is processing at round 6 for task 3
[2m[36m(ParallelModGrad pid=3090856)[0m node 0 is processing at round 7 for task 3
[2m[36m(ParallelModGrad pid=3091590)[0m node 1 is processing at round 7 for task 3
[2m[36m(ParallelModGrad pid=3090856)[0m node 0 is processing at round 8 for task 3
[2m[36m(ParallelModGrad pid=3091590)[0m node 1 is processing at round 8 for task 3
[2m[36m(ParallelModGrad pid=3090856)[0m node 0 is processing at round 9 for task 4
[2m[36m(ParallelModGrad pid=3091590)[0m node 1 is processing at round 9 for task 4
[2m[36m(ParallelModGrad pid=3090856)[0m node 0 is processing at round 0 for task 4
[2m[36m(ParallelModGrad pid=3091590)[0m node 1 is processing at round 0 for task 4
[2m[36m(ParallelModGrad pid=3090856)[0m node 0 is processing at round 1 for task 4
[2m[36m(ParallelModGrad pid=3091590)[0m node 1 is processing at round 1 for task 4
[2m[36m(ParallelModGrad pid=3090856)[0m node 0 is processing at round 2 for task 4
[2m[36m(ParallelModGrad pid=3091590)[0m node 1 is processing at round 2 for task 4
[2m[36m(ParallelModGrad pid=3090856)[0m node 0 is processing at round 3 for task 4
[2m[36m(ParallelModGrad pid=3091590)[0m node 1 is processing at round 3 for task 4
[2m[36m(ParallelModGrad pid=3090856)[0m node 0 is processing at round 4 for task 4
[2m[36m(ParallelModGrad pid=3091590)[0m node 1 is processing at round 4 for task 4
[2m[36m(ParallelModGrad pid=3090856)[0m node 0 is processing at round 5 for task 4
[2m[36m(ParallelModGrad pid=3091590)[0m node 1 is processing at round 5 for task 4
[2m[36m(ParallelModGrad pid=3090856)[0m node 0 is processing at round 6 for task 4
[2m[36m(ParallelModGrad pid=3091590)[0m node 1 is processing at round 6 for task 4
[2m[36m(ParallelModGrad pid=3090856)[0m node 0 is processing at round 7 for task 4
