{'train': {'component_update_freq': 100, 'num_epochs': 100, 'init_component_update_freq': 100, 'init_num_epochs': 100, 'save_freq': 1}, 'dataset': {'dataset_name': 'mnist', 'num_tasks': 10, 'num_classes_per_task': 2, 'with_replacement': True, 'num_trains_per_class': 64, 'num_vals_per_class': 50, 'remap_labels': True}, 'net': {'name': 'mlp', 'depth': 4, 'layer_size': 64, 'dropout': 0.0}, 'sharing_strategy': {'name': 'gradient', 'num_coms_per_round': 1, 'comm_freq': 10, 'mu': 1.0}, 'seed': 2, 'algo': 'modular', 'job_name': 'mnist_modular_numtrain_64_contrastive', 'num_agents': 8, 'root_save_dir': 'experiment_results/fedavg/', 'parallel': True, 'num_init_tasks': 4, 'agent': {'save_dir': '${root_save_dir}/${job_name}/${dataset.dataset_name}/${algo}/seed_${seed}', 'batch_size': 64, 'memory_size': 32, 'improvement_threshold': 0.05, 'use_contrastive': True}}
[2023-10-17 21:27:55,501][root][INFO] - Class sequence: [3 9 5 0 5 1 8 6 4 5 5 3 0 9 7 6 6 3 6 3]
[2023-10-17 21:27:55,522][root][INFO] - task 0 :(128, 1, 28, 28)
[2023-10-17 21:27:55,573][root][INFO] - task 1 :(128, 1, 28, 28)
[2023-10-17 21:27:55,602][root][INFO] - task 2 :(128, 1, 28, 28)
[2023-10-17 21:27:55,624][root][INFO] - task 3 :(128, 1, 28, 28)
[2023-10-17 21:27:55,644][root][INFO] - task 4 :(128, 1, 28, 28)
[2023-10-17 21:27:55,664][root][INFO] - task 5 :(128, 1, 28, 28)
[2023-10-17 21:27:55,684][root][INFO] - task 6 :(128, 1, 28, 28)
[2023-10-17 21:27:55,705][root][INFO] - task 7 :(128, 1, 28, 28)
[2023-10-17 21:27:55,734][root][INFO] - task 8 :(128, 1, 28, 28)
[2023-10-17 21:27:55,757][root][INFO] - task 9 :(128, 1, 28, 28)
[2023-10-17 21:27:55,863][root][INFO] - Class sequence: [0 5 3 0 7 9 4 6 7 6 3 0 7 3 5 4 4 1 3 9]
[2023-10-17 21:27:55,881][root][INFO] - task 0 :(128, 1, 28, 28)
[2023-10-17 21:27:55,901][root][INFO] - task 1 :(128, 1, 28, 28)
[2023-10-17 21:27:55,929][root][INFO] - task 2 :(128, 1, 28, 28)
[2023-10-17 21:27:55,949][root][INFO] - task 3 :(128, 1, 28, 28)
[2023-10-17 21:27:55,970][root][INFO] - task 4 :(128, 1, 28, 28)
[2023-10-17 21:27:55,998][root][INFO] - task 5 :(128, 1, 28, 28)
[2023-10-17 21:27:56,025][root][INFO] - task 6 :(128, 1, 28, 28)
[2023-10-17 21:27:56,050][root][INFO] - task 7 :(128, 1, 28, 28)
[2023-10-17 21:27:56,074][root][INFO] - task 8 :(128, 1, 28, 28)
[2023-10-17 21:27:56,101][root][INFO] - task 9 :(128, 1, 28, 28)
[2023-10-17 21:27:56,210][root][INFO] - Class sequence: [4 7 3 1 0 1 2 3 8 4 2 3 8 6 8 2 2 1 9 1]
[2023-10-17 21:27:56,229][root][INFO] - task 0 :(128, 1, 28, 28)
[2023-10-17 21:27:56,256][root][INFO] - task 1 :(128, 1, 28, 28)
[2023-10-17 21:27:56,282][root][INFO] - task 2 :(128, 1, 28, 28)
[2023-10-17 21:27:56,305][root][INFO] - task 3 :(128, 1, 28, 28)
[2023-10-17 21:27:56,334][root][INFO] - task 4 :(128, 1, 28, 28)
[2023-10-17 21:27:56,362][root][INFO] - task 5 :(128, 1, 28, 28)
[2023-10-17 21:27:56,394][root][INFO] - task 6 :(128, 1, 28, 28)
[2023-10-17 21:27:56,418][root][INFO] - task 7 :(128, 1, 28, 28)
[2023-10-17 21:27:56,450][root][INFO] - task 8 :(128, 1, 28, 28)
[2023-10-17 21:27:56,477][root][INFO] - task 9 :(128, 1, 28, 28)
[2023-10-17 21:27:56,586][root][INFO] - Class sequence: [3 1 7 2 4 0 7 8 9 6 6 0 2 4 8 4 5 9 6 1]
[2023-10-17 21:27:56,605][root][INFO] - task 0 :(128, 1, 28, 28)
[2023-10-17 21:27:56,633][root][INFO] - task 1 :(128, 1, 28, 28)
[2023-10-17 21:27:56,659][root][INFO] - task 2 :(128, 1, 28, 28)
[2023-10-17 21:27:56,681][root][INFO] - task 3 :(128, 1, 28, 28)
[2023-10-17 21:27:56,715][root][INFO] - task 4 :(128, 1, 28, 28)
[2023-10-17 21:27:56,742][root][INFO] - task 5 :(128, 1, 28, 28)
[2023-10-17 21:27:56,768][root][INFO] - task 6 :(128, 1, 28, 28)
[2023-10-17 21:27:56,796][root][INFO] - task 7 :(128, 1, 28, 28)
[2023-10-17 21:27:56,822][root][INFO] - task 8 :(128, 1, 28, 28)
[2023-10-17 21:27:56,846][root][INFO] - task 9 :(128, 1, 28, 28)
[2023-10-17 21:27:56,954][root][INFO] - Class sequence: [7 8 9 7 4 1 5 3 3 8 0 8 8 6 5 6 3 0 3 6]
[2023-10-17 21:27:56,972][root][INFO] - task 0 :(128, 1, 28, 28)
[2023-10-17 21:27:56,996][root][INFO] - task 1 :(128, 1, 28, 28)
[2023-10-17 21:27:57,024][root][INFO] - task 2 :(128, 1, 28, 28)
[2023-10-17 21:27:57,050][root][INFO] - task 3 :(128, 1, 28, 28)
[2023-10-17 21:27:57,077][root][INFO] - task 4 :(128, 1, 28, 28)
[2023-10-17 21:27:57,103][root][INFO] - task 5 :(128, 1, 28, 28)
[2023-10-17 21:27:57,128][root][INFO] - task 6 :(128, 1, 28, 28)
[2023-10-17 21:27:57,147][root][INFO] - task 7 :(128, 1, 28, 28)
[2023-10-17 21:27:57,174][root][INFO] - task 8 :(128, 1, 28, 28)
[2023-10-17 21:27:57,201][root][INFO] - task 9 :(128, 1, 28, 28)
[2023-10-17 21:27:57,314][root][INFO] - Class sequence: [5 9 6 0 1 4 7 2 5 4 5 4 6 4 7 8 9 3 5 1]
[2023-10-17 21:27:57,333][root][INFO] - task 0 :(128, 1, 28, 28)
[2023-10-17 21:27:57,352][root][INFO] - task 1 :(128, 1, 28, 28)
[2023-10-17 21:27:57,382][root][INFO] - task 2 :(128, 1, 28, 28)
[2023-10-17 21:27:57,407][root][INFO] - task 3 :(128, 1, 28, 28)
[2023-10-17 21:27:57,427][root][INFO] - task 4 :(128, 1, 28, 28)
[2023-10-17 21:27:57,453][root][INFO] - task 5 :(128, 1, 28, 28)
[2023-10-17 21:27:57,473][root][INFO] - task 6 :(128, 1, 28, 28)
[2023-10-17 21:27:57,496][root][INFO] - task 7 :(128, 1, 28, 28)
[2023-10-17 21:27:57,522][root][INFO] - task 8 :(128, 1, 28, 28)
[2023-10-17 21:27:57,546][root][INFO] - task 9 :(128, 1, 28, 28)
[2023-10-17 21:27:57,656][root][INFO] - Class sequence: [1 9 6 3 8 5 2 3 0 7 7 0 4 3 0 9 3 7 9 4]
[2023-10-17 21:27:57,675][root][INFO] - task 0 :(128, 1, 28, 28)
[2023-10-17 21:27:57,695][root][INFO] - task 1 :(128, 1, 28, 28)
[2023-10-17 21:27:57,718][root][INFO] - task 2 :(128, 1, 28, 28)
[2023-10-17 21:27:57,751][root][INFO] - task 3 :(128, 1, 28, 28)
[2023-10-17 21:27:57,779][root][INFO] - task 4 :(128, 1, 28, 28)
[2023-10-17 21:27:57,802][root][INFO] - task 5 :(128, 1, 28, 28)
[2023-10-17 21:27:57,835][root][INFO] - task 6 :(128, 1, 28, 28)
[2023-10-17 21:27:57,854][root][INFO] - task 7 :(128, 1, 28, 28)
[2023-10-17 21:27:57,883][root][INFO] - task 8 :(128, 1, 28, 28)
[2023-10-17 21:27:57,903][root][INFO] - task 9 :(128, 1, 28, 28)
[2023-10-17 21:27:58,016][root][INFO] - Class sequence: [7 3 7 3 4 3 9 6 1 2 2 3 0 8 2 1 0 5 5 6]
[2023-10-17 21:27:58,036][root][INFO] - task 0 :(128, 1, 28, 28)
[2023-10-17 21:27:58,058][root][INFO] - task 1 :(128, 1, 28, 28)
[2023-10-17 21:27:58,088][root][INFO] - task 2 :(128, 1, 28, 28)
[2023-10-17 21:27:58,115][root][INFO] - task 3 :(128, 1, 28, 28)
[2023-10-17 21:27:58,143][root][INFO] - task 4 :(128, 1, 28, 28)
[2023-10-17 21:27:58,171][root][INFO] - task 5 :(128, 1, 28, 28)
[2023-10-17 21:27:58,201][root][INFO] - task 6 :(128, 1, 28, 28)
[2023-10-17 21:27:58,230][root][INFO] - task 7 :(128, 1, 28, 28)
[2023-10-17 21:27:58,257][root][INFO] - task 8 :(128, 1, 28, 28)
[2023-10-17 21:27:58,284][root][INFO] - task 9 :(128, 1, 28, 28)
i_size 28
num_classes 2
net_cfg {'name': 'mlp', 'depth': 4, 'layer_size': 64, 'dropout': 0.0, 'i_size': 28, 'num_classes': 2, 'num_tasks': 10, 'num_init_tasks': 4, 'use_contrastive': True}
<class 'shell.learners.er_dynamic.CompositionalDynamicER'>
[2023-10-17 21:27:58,399][root][INFO] - Class sequence: [3 8 3 0 2 7 2 5 2 4 8 3 3 4 1 8 6 2 2 5]
[2023-10-17 21:27:58,418][root][INFO] - task 0 :(128, 1, 28, 28)
[2023-10-17 21:27:58,446][root][INFO] - task 1 :(128, 1, 28, 28)
[2023-10-17 21:27:58,473][root][INFO] - task 2 :(128, 1, 28, 28)
[2023-10-17 21:27:58,500][root][INFO] - task 3 :(128, 1, 28, 28)
[2023-10-17 21:27:58,528][root][INFO] - task 4 :(128, 1, 28, 28)
[2023-10-17 21:27:58,554][root][INFO] - task 5 :(128, 1, 28, 28)
[2023-10-17 21:27:58,574][root][INFO] - task 6 :(128, 1, 28, 28)
[2023-10-17 21:27:58,598][root][INFO] - task 7 :(128, 1, 28, 28)
[2023-10-17 21:27:58,621][root][INFO] - task 8 :(128, 1, 28, 28)
[2023-10-17 21:27:58,646][root][INFO] - task 9 :(128, 1, 28, 28)
[2023-10-17 21:28:15,409][root][INFO] - Joint training on task 0 ...
[2023-10-17 21:28:20,895][root][INFO] - Joint training on task 1 ...
[2023-10-17 21:28:21,872][root][INFO] - Joint training on task 2 ...
[2023-10-17 21:28:23,203][root][INFO] - Joint training on task 3 ...
[2023-10-17 21:30:45,545][root][INFO] - DONE TRAINING THE JOINT AGENT...
[2023-10-17 21:30:45,546][root][INFO] - No. gpus per agent: 0.25
[2023-10-17 21:30:50,362][root][INFO] - Created fleet with 8 agents
[2023-10-17 21:30:50,363][root][INFO] - Adding neighbors...
[2023-10-17 21:30:51,085][root][INFO] - Fleet initialized
[2023-10-17 21:30:51,093][root][INFO] - READY TO TRAIN INDIVIDUAL AGENTS...
[2m[36m(ParallelModGrad pid=2273145)[0m node 0 is processing at round 0 for task 0
[2m[36m(ParallelModGrad pid=2274722)[0m node 1 is processing at round 0 for task 0
[2m[36m(ParallelModGrad pid=2275212)[0m node 2 is processing at round 0 for task 0
[2m[36m(ParallelModGrad pid=2276253)[0m node 3 is processing at round 0 for task 0
[2m[36m(ParallelModGrad pid=2277551)[0m node 4 is processing at round 0 for task 0
[2m[36m(ParallelModGrad pid=2277833)[0m node 5 is processing at round 0 for task 0
[2m[36m(ParallelModGrad pid=2278529)[0m node 6 is processing at round 0 for task 0
[2m[36m(ParallelModGrad pid=2280205)[0m node 7 is processing at round 0 for task 0
[2m[36m(ParallelModGrad pid=2273145)[0m node 0 is processing at round 1 for task 0
[2m[36m(ParallelModGrad pid=2274722)[0m node 1 is processing at round 1 for task 0
[2m[36m(ParallelModGrad pid=2275212)[0m node 2 is processing at round 1 for task 0
[2m[36m(ParallelModGrad pid=2276253)[0m node 3 is processing at round 1 for task 0
[2m[36m(ParallelModGrad pid=2277551)[0m node 4 is processing at round 1 for task 0
[2m[36m(ParallelModGrad pid=2277833)[0m node 5 is processing at round 1 for task 0
[2m[36m(ParallelModGrad pid=2278529)[0m node 6 is processing at round 1 for task 0
[2m[36m(ParallelModGrad pid=2280205)[0m node 7 is processing at round 1 for task 0
[2m[36m(ParallelModGrad pid=2273145)[0m node 0 is processing at round 2 for task 0
[2m[36m(ParallelModGrad pid=2274722)[0m node 1 is processing at round 2 for task 0
[2m[36m(ParallelModGrad pid=2275212)[0m node 2 is processing at round 2 for task 0
[2m[36m(ParallelModGrad pid=2276253)[0m node 3 is processing at round 2 for task 0
[2m[36m(ParallelModGrad pid=2277551)[0m node 4 is processing at round 2 for task 0
[2m[36m(ParallelModGrad pid=2277833)[0m node 5 is processing at round 2 for task 0
[2m[36m(ParallelModGrad pid=2278529)[0m node 6 is processing at round 2 for task 0
[2m[36m(ParallelModGrad pid=2280205)[0m node 7 is processing at round 2 for task 0
[2m[36m(ParallelModGrad pid=2273145)[0m node 0 is processing at round 3 for task 0
[2m[36m(ParallelModGrad pid=2274722)[0m node 1 is processing at round 3 for task 0
[2m[36m(ParallelModGrad pid=2275212)[0m node 2 is processing at round 3 for task 0
[2m[36m(ParallelModGrad pid=2276253)[0m node 3 is processing at round 3 for task 0
[2m[36m(ParallelModGrad pid=2277551)[0m node 4 is processing at round 3 for task 0
[2m[36m(ParallelModGrad pid=2277833)[0m node 5 is processing at round 3 for task 0
[2m[36m(ParallelModGrad pid=2278529)[0m node 6 is processing at round 3 for task 0
[2m[36m(ParallelModGrad pid=2280205)[0m node 7 is processing at round 3 for task 0
[2m[36m(ParallelModGrad pid=2273145)[0m node 0 is processing at round 4 for task 0
[2m[36m(ParallelModGrad pid=2274722)[0m node 1 is processing at round 4 for task 0
[2m[36m(ParallelModGrad pid=2275212)[0m node 2 is processing at round 4 for task 0
[2m[36m(ParallelModGrad pid=2276253)[0m node 3 is processing at round 4 for task 0
[2m[36m(ParallelModGrad pid=2277551)[0m node 4 is processing at round 4 for task 0
[2m[36m(ParallelModGrad pid=2277833)[0m node 5 is processing at round 4 for task 0
[2m[36m(ParallelModGrad pid=2278529)[0m node 6 is processing at round 4 for task 0
[2m[36m(ParallelModGrad pid=2280205)[0m node 7 is processing at round 4 for task 0
[2m[36m(ParallelModGrad pid=2273145)[0m node 0 is processing at round 5 for task 0
[2m[36m(ParallelModGrad pid=2274722)[0m node 1 is processing at round 5 for task 0
[2m[36m(ParallelModGrad pid=2275212)[0m node 2 is processing at round 5 for task 0
[2m[36m(ParallelModGrad pid=2276253)[0m node 3 is processing at round 5 for task 0
[2m[36m(ParallelModGrad pid=2277551)[0m node 4 is processing at round 5 for task 0
[2m[36m(ParallelModGrad pid=2277833)[0m node 5 is processing at round 5 for task 0
[2m[36m(ParallelModGrad pid=2278529)[0m node 6 is processing at round 5 for task 0
[2m[36m(ParallelModGrad pid=2280205)[0m node 7 is processing at round 5 for task 0
[2m[36m(ParallelModGrad pid=2273145)[0m node 0 is processing at round 6 for task 0
[2m[36m(ParallelModGrad pid=2274722)[0m node 1 is processing at round 6 for task 0
[2m[36m(ParallelModGrad pid=2275212)[0m node 2 is processing at round 6 for task 0
[2m[36m(ParallelModGrad pid=2276253)[0m node 3 is processing at round 6 for task 0
[2m[36m(ParallelModGrad pid=2277551)[0m node 4 is processing at round 6 for task 0
[2m[36m(ParallelModGrad pid=2277833)[0m node 5 is processing at round 6 for task 0
[2m[36m(ParallelModGrad pid=2278529)[0m node 6 is processing at round 6 for task 0
[2m[36m(ParallelModGrad pid=2280205)[0m node 7 is processing at round 6 for task 0
[2m[36m(ParallelModGrad pid=2273145)[0m node 0 is processing at round 7 for task 0
[2m[36m(ParallelModGrad pid=2274722)[0m node 1 is processing at round 7 for task 0
[2m[36m(ParallelModGrad pid=2275212)[0m node 2 is processing at round 7 for task 0
[2m[36m(ParallelModGrad pid=2276253)[0m node 3 is processing at round 7 for task 0
[2m[36m(ParallelModGrad pid=2277551)[0m node 4 is processing at round 7 for task 0
[2m[36m(ParallelModGrad pid=2277833)[0m node 5 is processing at round 7 for task 0
[2m[36m(ParallelModGrad pid=2278529)[0m node 6 is processing at round 7 for task 0
[2m[36m(ParallelModGrad pid=2280205)[0m node 7 is processing at round 7 for task 0
[2m[36m(ParallelModGrad pid=2273145)[0m node 0 is processing at round 8 for task 0
[2m[36m(ParallelModGrad pid=2274722)[0m node 1 is processing at round 8 for task 0
[2m[36m(ParallelModGrad pid=2275212)[0m node 2 is processing at round 8 for task 0
[2m[36m(ParallelModGrad pid=2276253)[0m node 3 is processing at round 8 for task 0
[2m[36m(ParallelModGrad pid=2277551)[0m node 4 is processing at round 8 for task 0
[2m[36m(ParallelModGrad pid=2277833)[0m node 5 is processing at round 8 for task 0
[2m[36m(ParallelModGrad pid=2278529)[0m node 6 is processing at round 8 for task 0
[2m[36m(ParallelModGrad pid=2280205)[0m node 7 is processing at round 8 for task 0
[2m[36m(ParallelModGrad pid=2273145)[0m node 0 is processing at round 9 for task 0
[2m[36m(ParallelModGrad pid=2274722)[0m node 1 is processing at round 9 for task 0
[2m[36m(ParallelModGrad pid=2275212)[0m node 2 is processing at round 9 for task 0
[2m[36m(ParallelModGrad pid=2276253)[0m node 3 is processing at round 9 for task 0
[2m[36m(ParallelModGrad pid=2277551)[0m node 4 is processing at round 9 for task 0
[2m[36m(ParallelModGrad pid=2277833)[0m node 5 is processing at round 9 for task 0
[2m[36m(ParallelModGrad pid=2278529)[0m node 6 is processing at round 9 for task 0
[2m[36m(ParallelModGrad pid=2280205)[0m node 7 is processing at round 9 for task 0
{'algo': 'modular', 'seed': 2, 'parallel': True, 'agent.batch_size': 64, 'num_agents': 8, 'dataset': 'mnist', 'dataset.num_trains_per_class': 64, 'dataset.num_vals_per_class': 50, 'dataset.remap_labels': True, 'dataset.with_replacement': True, 'dataset.num_tasks': 10, 'net': 'mlp', 'net.depth': 4, 'num_init_tasks': 4, 'net.dropout': 0.0, 'train.num_epochs': 100, 'train.component_update_freq': 100, 'train.init_num_epochs': 100, 'train.init_component_update_freq': 100, 'train.save_freq': 1, 'agent.use_contrastive': True, 'agent.memory_size': 32, 'root_save_dir': 'experiment_results/fedavg/', 'sharing_strategy': 'grad_sharing', 'sharing_strategy.comm_freq': 10}
No. of experiments: 1
Experiment runs took 0:05:23.301743
