{'train': {'component_update_freq': 100, 'num_epochs': 100, 'init_component_update_freq': 100, 'init_num_epochs': 100, 'save_freq': 1}, 'dataset': {'dataset_name': 'mnist', 'num_tasks': 10, 'num_classes_per_task': 2, 'with_replacement': True, 'num_trains_per_class': 64, 'num_vals_per_class': 50, 'remap_labels': True}, 'net': {'name': 'mlp', 'depth': 4, 'layer_size': 64, 'dropout': 0.0}, 'sharing_strategy': {'name': 'gradient', 'num_coms_per_round': 1, 'comm_freq': 10, 'mu': 1.0}, 'seed': 2, 'algo': 'modular', 'job_name': 'mnist_modular_numtrain_64_contrastive', 'num_agents': 8, 'root_save_dir': 'experiment_results/fedavg/', 'parallel': True, 'num_init_tasks': 4, 'agent': {'save_dir': '${root_save_dir}/${job_name}/${dataset.dataset_name}/${algo}/seed_${seed}', 'batch_size': 64, 'memory_size': 32, 'improvement_threshold': 0.05, 'use_contrastive': True}}
[2023-10-17 21:18:20,588][root][INFO] - Class sequence: [3 9 5 0 5 1 8 6 4 5 5 3 0 9 7 6 6 3 6 3]
[2023-10-17 21:18:20,607][root][INFO] - task 0 :(128, 1, 28, 28)
[2023-10-17 21:18:20,655][root][INFO] - task 1 :(128, 1, 28, 28)
[2023-10-17 21:18:20,675][root][INFO] - task 2 :(128, 1, 28, 28)
[2023-10-17 21:18:20,695][root][INFO] - task 3 :(128, 1, 28, 28)
[2023-10-17 21:18:20,713][root][INFO] - task 4 :(128, 1, 28, 28)
[2023-10-17 21:18:20,733][root][INFO] - task 5 :(128, 1, 28, 28)
[2023-10-17 21:18:20,751][root][INFO] - task 6 :(128, 1, 28, 28)
[2023-10-17 21:18:20,771][root][INFO] - task 7 :(128, 1, 28, 28)
[2023-10-17 21:18:20,791][root][INFO] - task 8 :(128, 1, 28, 28)
[2023-10-17 21:18:20,811][root][INFO] - task 9 :(128, 1, 28, 28)
[2023-10-17 21:18:20,913][root][INFO] - Class sequence: [0 5 3 0 7 9 4 6 7 6 3 0 7 3 5 4 4 1 3 9]
[2023-10-17 21:18:20,929][root][INFO] - task 0 :(128, 1, 28, 28)
[2023-10-17 21:18:20,950][root][INFO] - task 1 :(128, 1, 28, 28)
[2023-10-17 21:18:20,971][root][INFO] - task 2 :(128, 1, 28, 28)
[2023-10-17 21:18:20,991][root][INFO] - task 3 :(128, 1, 28, 28)
[2023-10-17 21:18:21,011][root][INFO] - task 4 :(128, 1, 28, 28)
[2023-10-17 21:18:21,032][root][INFO] - task 5 :(128, 1, 28, 28)
[2023-10-17 21:18:21,053][root][INFO] - task 6 :(128, 1, 28, 28)
[2023-10-17 21:18:21,071][root][INFO] - task 7 :(128, 1, 28, 28)
[2023-10-17 21:18:21,093][root][INFO] - task 8 :(128, 1, 28, 28)
[2023-10-17 21:18:21,113][root][INFO] - task 9 :(128, 1, 28, 28)
[2023-10-17 21:18:21,215][root][INFO] - Class sequence: [4 7 3 1 0 1 2 3 8 4 2 3 8 6 8 2 2 1 9 1]
[2023-10-17 21:18:21,233][root][INFO] - task 0 :(128, 1, 28, 28)
[2023-10-17 21:18:21,254][root][INFO] - task 1 :(128, 1, 28, 28)
[2023-10-17 21:18:21,275][root][INFO] - task 2 :(128, 1, 28, 28)
[2023-10-17 21:18:21,295][root][INFO] - task 3 :(128, 1, 28, 28)
[2023-10-17 21:18:21,315][root][INFO] - task 4 :(128, 1, 28, 28)
[2023-10-17 21:18:21,336][root][INFO] - task 5 :(128, 1, 28, 28)
[2023-10-17 21:18:21,356][root][INFO] - task 6 :(128, 1, 28, 28)
[2023-10-17 21:18:21,377][root][INFO] - task 7 :(128, 1, 28, 28)
[2023-10-17 21:18:21,397][root][INFO] - task 8 :(128, 1, 28, 28)
[2023-10-17 21:18:21,421][root][INFO] - task 9 :(128, 1, 28, 28)
[2023-10-17 21:18:21,523][root][INFO] - Class sequence: [3 1 7 2 4 0 7 8 9 6 6 0 2 4 8 4 5 9 6 1]
[2023-10-17 21:18:21,542][root][INFO] - task 0 :(128, 1, 28, 28)
[2023-10-17 21:18:21,563][root][INFO] - task 1 :(128, 1, 28, 28)
[2023-10-17 21:18:21,583][root][INFO] - task 2 :(128, 1, 28, 28)
[2023-10-17 21:18:21,603][root][INFO] - task 3 :(128, 1, 28, 28)
[2023-10-17 21:18:21,623][root][INFO] - task 4 :(128, 1, 28, 28)
[2023-10-17 21:18:21,643][root][INFO] - task 5 :(128, 1, 28, 28)
[2023-10-17 21:18:21,663][root][INFO] - task 6 :(128, 1, 28, 28)
[2023-10-17 21:18:21,683][root][INFO] - task 7 :(128, 1, 28, 28)
[2023-10-17 21:18:21,703][root][INFO] - task 8 :(128, 1, 28, 28)
[2023-10-17 21:18:21,724][root][INFO] - task 9 :(128, 1, 28, 28)
[2023-10-17 21:18:21,832][root][INFO] - Class sequence: [7 8 9 7 4 1 5 3 3 8 0 8 8 6 5 6 3 0 3 6]
[2023-10-17 21:18:21,850][root][INFO] - task 0 :(128, 1, 28, 28)
[2023-10-17 21:18:21,870][root][INFO] - task 1 :(128, 1, 28, 28)
[2023-10-17 21:18:21,891][root][INFO] - task 2 :(128, 1, 28, 28)
[2023-10-17 21:18:21,910][root][INFO] - task 3 :(128, 1, 28, 28)
[2023-10-17 21:18:21,931][root][INFO] - task 4 :(128, 1, 28, 28)
[2023-10-17 21:18:21,950][root][INFO] - task 5 :(128, 1, 28, 28)
[2023-10-17 21:18:21,970][root][INFO] - task 6 :(128, 1, 28, 28)
[2023-10-17 21:18:21,989][root][INFO] - task 7 :(128, 1, 28, 28)
[2023-10-17 21:18:22,010][root][INFO] - task 8 :(128, 1, 28, 28)
[2023-10-17 21:18:22,030][root][INFO] - task 9 :(128, 1, 28, 28)
[2023-10-17 21:18:22,132][root][INFO] - Class sequence: [5 9 6 0 1 4 7 2 5 4 5 4 6 4 7 8 9 3 5 1]
[2023-10-17 21:18:22,149][root][INFO] - task 0 :(128, 1, 28, 28)
[2023-10-17 21:18:22,168][root][INFO] - task 1 :(128, 1, 28, 28)
[2023-10-17 21:18:22,190][root][INFO] - task 2 :(128, 1, 28, 28)
[2023-10-17 21:18:22,212][root][INFO] - task 3 :(128, 1, 28, 28)
[2023-10-17 21:18:22,237][root][INFO] - task 4 :(128, 1, 28, 28)
[2023-10-17 21:18:22,255][root][INFO] - task 5 :(128, 1, 28, 28)
[2023-10-17 21:18:22,274][root][INFO] - task 6 :(128, 1, 28, 28)
[2023-10-17 21:18:22,294][root][INFO] - task 7 :(128, 1, 28, 28)
[2023-10-17 21:18:22,316][root][INFO] - task 8 :(128, 1, 28, 28)
[2023-10-17 21:18:22,337][root][INFO] - task 9 :(128, 1, 28, 28)
[2023-10-17 21:18:22,438][root][INFO] - Class sequence: [1 9 6 3 8 5 2 3 0 7 7 0 4 3 0 9 3 7 9 4]
[2023-10-17 21:18:22,456][root][INFO] - task 0 :(128, 1, 28, 28)
[2023-10-17 21:18:22,476][root][INFO] - task 1 :(128, 1, 28, 28)
[2023-10-17 21:18:22,543][root][INFO] - task 2 :(128, 1, 28, 28)
[2023-10-17 21:18:22,570][root][INFO] - task 3 :(128, 1, 28, 28)
[2023-10-17 21:18:22,589][root][INFO] - task 4 :(128, 1, 28, 28)
[2023-10-17 21:18:22,609][root][INFO] - task 5 :(128, 1, 28, 28)
[2023-10-17 21:18:22,630][root][INFO] - task 6 :(128, 1, 28, 28)
[2023-10-17 21:18:22,648][root][INFO] - task 7 :(128, 1, 28, 28)
[2023-10-17 21:18:22,669][root][INFO] - task 8 :(128, 1, 28, 28)
[2023-10-17 21:18:22,688][root][INFO] - task 9 :(128, 1, 28, 28)
[2023-10-17 21:18:22,788][root][INFO] - Class sequence: [7 3 7 3 4 3 9 6 1 2 2 3 0 8 2 1 0 5 5 6]
[2023-10-17 21:18:22,806][root][INFO] - task 0 :(128, 1, 28, 28)
[2023-10-17 21:18:22,827][root][INFO] - task 1 :(128, 1, 28, 28)
[2023-10-17 21:18:22,846][root][INFO] - task 2 :(128, 1, 28, 28)
[2023-10-17 21:18:22,866][root][INFO] - task 3 :(128, 1, 28, 28)
[2023-10-17 21:18:22,886][root][INFO] - task 4 :(128, 1, 28, 28)
[2023-10-17 21:18:22,906][root][INFO] - task 5 :(128, 1, 28, 28)
[2023-10-17 21:18:22,925][root][INFO] - task 6 :(128, 1, 28, 28)
[2023-10-17 21:18:22,945][root][INFO] - task 7 :(128, 1, 28, 28)
[2023-10-17 21:18:22,964][root][INFO] - task 8 :(128, 1, 28, 28)
[2023-10-17 21:18:22,989][root][INFO] - task 9 :(128, 1, 28, 28)
i_size 28
num_classes 2
net_cfg {'name': 'mlp', 'depth': 4, 'layer_size': 64, 'dropout': 0.0, 'i_size': 28, 'num_classes': 2, 'num_tasks': 10, 'num_init_tasks': 4, 'use_contrastive': True}
<class 'shell.learners.er_dynamic.CompositionalDynamicER'>
[2023-10-17 21:18:23,092][root][INFO] - Class sequence: [3 8 3 0 2 7 2 5 2 4 8 3 3 4 1 8 6 2 2 5]
[2023-10-17 21:18:23,110][root][INFO] - task 0 :(128, 1, 28, 28)
[2023-10-17 21:18:23,131][root][INFO] - task 1 :(128, 1, 28, 28)
[2023-10-17 21:18:23,157][root][INFO] - task 2 :(128, 1, 28, 28)
[2023-10-17 21:18:23,176][root][INFO] - task 3 :(128, 1, 28, 28)
[2023-10-17 21:18:23,196][root][INFO] - task 4 :(128, 1, 28, 28)
[2023-10-17 21:18:23,216][root][INFO] - task 5 :(128, 1, 28, 28)
[2023-10-17 21:18:23,236][root][INFO] - task 6 :(128, 1, 28, 28)
[2023-10-17 21:18:23,256][root][INFO] - task 7 :(128, 1, 28, 28)
[2023-10-17 21:18:23,277][root][INFO] - task 8 :(128, 1, 28, 28)
[2023-10-17 21:18:23,297][root][INFO] - task 9 :(128, 1, 28, 28)
[2023-10-17 21:18:38,335][root][INFO] - Joint training on task 0 ...
[2023-10-17 21:18:44,430][root][INFO] - Joint training on task 1 ...
[2023-10-17 21:18:45,428][root][INFO] - Joint training on task 2 ...
[2023-10-17 21:18:46,899][root][INFO] - Joint training on task 3 ...
[2023-10-17 21:21:08,433][root][INFO] - DONE TRAINING THE JOINT AGENT...
[2023-10-17 21:21:08,434][root][INFO] - No. gpus per agent: 0.25
[2023-10-17 21:21:13,607][root][INFO] - Created fleet with 8 agents
[2023-10-17 21:21:13,608][root][INFO] - Adding neighbors...
[2023-10-17 21:21:13,935][root][INFO] - Fleet initialized
[2023-10-17 21:21:13,942][root][INFO] - READY TO TRAIN INDIVIDUAL AGENTS...
