{'train': {'component_update_freq': 100, 'num_epochs': 100, 'init_component_update_freq': 100, 'init_num_epochs': 100, 'save_freq': 1}, 'dataset': {'dataset_name': 'mnist', 'num_tasks': 10, 'num_classes_per_task': 2, 'with_replacement': True, 'num_trains_per_class': 64, 'num_vals_per_class': 50, 'remap_labels': True}, 'net': {'name': 'mlp', 'depth': 4, 'layer_size': 64, 'dropout': 0.0}, 'sharing_strategy': {'name': 'gradient', 'num_coms_per_round': 1, 'comm_freq': 10, 'mu': 1.0}, 'seed': 1, 'algo': 'modular', 'job_name': 'mnist_modular_numtrain_64_contrastive', 'num_agents': 8, 'root_save_dir': 'experiment_results/fedavg/', 'parallel': True, 'num_init_tasks': 4, 'agent': {'save_dir': '${root_save_dir}/${job_name}/${dataset.dataset_name}/${algo}/seed_${seed}', 'batch_size': 64, 'memory_size': 32, 'improvement_threshold': 0.05, 'use_contrastive': True}}
[2023-10-17 21:22:30,042][root][INFO] - Class sequence: [6 4 1 4 5 6 6 2 2 7 9 7 1 6 4 9 8 5 4 1]
[2023-10-17 21:22:30,061][root][INFO] - task 0 :(128, 1, 28, 28)
[2023-10-17 21:22:30,109][root][INFO] - task 1 :(128, 1, 28, 28)
[2023-10-17 21:22:30,129][root][INFO] - task 2 :(128, 1, 28, 28)
[2023-10-17 21:22:30,150][root][INFO] - task 3 :(128, 1, 28, 28)
[2023-10-17 21:22:30,171][root][INFO] - task 4 :(128, 1, 28, 28)
[2023-10-17 21:22:30,192][root][INFO] - task 5 :(128, 1, 28, 28)
[2023-10-17 21:22:30,214][root][INFO] - task 6 :(128, 1, 28, 28)
[2023-10-17 21:22:30,234][root][INFO] - task 7 :(128, 1, 28, 28)
[2023-10-17 21:22:30,254][root][INFO] - task 8 :(128, 1, 28, 28)
[2023-10-17 21:22:30,275][root][INFO] - task 9 :(128, 1, 28, 28)
[2023-10-17 21:22:30,378][root][INFO] - Class sequence: [6 5 5 7 5 1 3 7 0 2 4 8 7 3 3 7 4 5 2 0]
[2023-10-17 21:22:30,395][root][INFO] - task 0 :(128, 1, 28, 28)
[2023-10-17 21:22:30,415][root][INFO] - task 1 :(128, 1, 28, 28)
[2023-10-17 21:22:30,435][root][INFO] - task 2 :(128, 1, 28, 28)
[2023-10-17 21:22:30,457][root][INFO] - task 3 :(128, 1, 28, 28)
[2023-10-17 21:22:30,476][root][INFO] - task 4 :(128, 1, 28, 28)
[2023-10-17 21:22:30,496][root][INFO] - task 5 :(128, 1, 28, 28)
[2023-10-17 21:22:30,517][root][INFO] - task 6 :(128, 1, 28, 28)
[2023-10-17 21:22:30,543][root][INFO] - task 7 :(128, 1, 28, 28)
[2023-10-17 21:22:30,561][root][INFO] - task 8 :(128, 1, 28, 28)
[2023-10-17 21:22:30,583][root][INFO] - task 9 :(128, 1, 28, 28)
[2023-10-17 21:22:30,699][root][INFO] - Class sequence: [5 4 2 3 6 2 0 5 9 4 8 4 1 7 2 5 5 3 9 6]
[2023-10-17 21:22:30,715][root][INFO] - task 0 :(128, 1, 28, 28)
[2023-10-17 21:22:30,736][root][INFO] - task 1 :(128, 1, 28, 28)
[2023-10-17 21:22:30,756][root][INFO] - task 2 :(128, 1, 28, 28)
[2023-10-17 21:22:30,775][root][INFO] - task 3 :(128, 1, 28, 28)
[2023-10-17 21:22:30,796][root][INFO] - task 4 :(128, 1, 28, 28)
[2023-10-17 21:22:30,825][root][INFO] - task 5 :(128, 1, 28, 28)
[2023-10-17 21:22:30,850][root][INFO] - task 6 :(128, 1, 28, 28)
[2023-10-17 21:22:30,870][root][INFO] - task 7 :(128, 1, 28, 28)
[2023-10-17 21:22:30,890][root][INFO] - task 8 :(128, 1, 28, 28)
[2023-10-17 21:22:30,910][root][INFO] - task 9 :(128, 1, 28, 28)
[2023-10-17 21:22:31,012][root][INFO] - Class sequence: [6 9 8 3 9 7 6 3 0 2 8 6 3 8 5 7 1 4 0 2]
[2023-10-17 21:22:31,030][root][INFO] - task 0 :(128, 1, 28, 28)
[2023-10-17 21:22:31,050][root][INFO] - task 1 :(128, 1, 28, 28)
[2023-10-17 21:22:31,070][root][INFO] - task 2 :(128, 1, 28, 28)
[2023-10-17 21:22:31,090][root][INFO] - task 3 :(128, 1, 28, 28)
[2023-10-17 21:22:31,109][root][INFO] - task 4 :(128, 1, 28, 28)
[2023-10-17 21:22:31,129][root][INFO] - task 5 :(128, 1, 28, 28)
[2023-10-17 21:22:31,151][root][INFO] - task 6 :(128, 1, 28, 28)
[2023-10-17 21:22:31,169][root][INFO] - task 7 :(128, 1, 28, 28)
[2023-10-17 21:22:31,203][root][INFO] - task 8 :(128, 1, 28, 28)
[2023-10-17 21:22:31,223][root][INFO] - task 9 :(128, 1, 28, 28)
[2023-10-17 21:22:31,326][root][INFO] - Class sequence: [9 2 7 6 8 4 8 5 3 9 0 6 6 9 3 9 7 0 1 4]
[2023-10-17 21:22:31,343][root][INFO] - task 0 :(128, 1, 28, 28)
[2023-10-17 21:22:31,363][root][INFO] - task 1 :(128, 1, 28, 28)
[2023-10-17 21:22:31,383][root][INFO] - task 2 :(128, 1, 28, 28)
[2023-10-17 21:22:31,409][root][INFO] - task 3 :(128, 1, 28, 28)
[2023-10-17 21:22:31,429][root][INFO] - task 4 :(128, 1, 28, 28)
[2023-10-17 21:22:31,449][root][INFO] - task 5 :(128, 1, 28, 28)
[2023-10-17 21:22:31,469][root][INFO] - task 6 :(128, 1, 28, 28)
[2023-10-17 21:22:31,489][root][INFO] - task 7 :(128, 1, 28, 28)
[2023-10-17 21:22:31,510][root][INFO] - task 8 :(128, 1, 28, 28)
[2023-10-17 21:22:31,530][root][INFO] - task 9 :(128, 1, 28, 28)
[2023-10-17 21:22:31,632][root][INFO] - Class sequence: [1 2 4 6 1 7 8 7 5 7 6 8 0 5 0 5 6 1 5 2]
[2023-10-17 21:22:31,650][root][INFO] - task 0 :(128, 1, 28, 28)
[2023-10-17 21:22:31,670][root][INFO] - task 1 :(128, 1, 28, 28)
[2023-10-17 21:22:31,691][root][INFO] - task 2 :(128, 1, 28, 28)
[2023-10-17 21:22:31,720][root][INFO] - task 3 :(128, 1, 28, 28)
[2023-10-17 21:22:31,740][root][INFO] - task 4 :(128, 1, 28, 28)
[2023-10-17 21:22:31,760][root][INFO] - task 5 :(128, 1, 28, 28)
[2023-10-17 21:22:31,779][root][INFO] - task 6 :(128, 1, 28, 28)
[2023-10-17 21:22:31,798][root][INFO] - task 7 :(128, 1, 28, 28)
[2023-10-17 21:22:31,820][root][INFO] - task 8 :(128, 1, 28, 28)
[2023-10-17 21:22:31,839][root][INFO] - task 9 :(128, 1, 28, 28)
[2023-10-17 21:22:31,943][root][INFO] - Class sequence: [2 9 0 6 4 1 1 4 9 7 7 5 9 2 2 7 8 9 8 0]
[2023-10-17 21:22:31,960][root][INFO] - task 0 :(128, 1, 28, 28)
[2023-10-17 21:22:31,980][root][INFO] - task 1 :(128, 1, 28, 28)
[2023-10-17 21:22:32,002][root][INFO] - task 2 :(128, 1, 28, 28)
[2023-10-17 21:22:32,028][root][INFO] - task 3 :(128, 1, 28, 28)
[2023-10-17 21:22:32,047][root][INFO] - task 4 :(128, 1, 28, 28)
[2023-10-17 21:22:32,066][root][INFO] - task 5 :(128, 1, 28, 28)
[2023-10-17 21:22:32,086][root][INFO] - task 6 :(128, 1, 28, 28)
[2023-10-17 21:22:32,106][root][INFO] - task 7 :(128, 1, 28, 28)
[2023-10-17 21:22:32,132][root][INFO] - task 8 :(128, 1, 28, 28)
[2023-10-17 21:22:32,151][root][INFO] - task 9 :(128, 1, 28, 28)
[2023-10-17 21:22:32,254][root][INFO] - Class sequence: [2 7 2 4 0 8 5 9 1 9 7 4 4 9 4 8 7 1 0 5]
[2023-10-17 21:22:32,273][root][INFO] - task 0 :(128, 1, 28, 28)
[2023-10-17 21:22:32,292][root][INFO] - task 1 :(128, 1, 28, 28)
[2023-10-17 21:22:32,318][root][INFO] - task 2 :(128, 1, 28, 28)
[2023-10-17 21:22:32,339][root][INFO] - task 3 :(128, 1, 28, 28)
[2023-10-17 21:22:32,359][root][INFO] - task 4 :(128, 1, 28, 28)
[2023-10-17 21:22:32,380][root][INFO] - task 5 :(128, 1, 28, 28)
[2023-10-17 21:22:32,401][root][INFO] - task 6 :(128, 1, 28, 28)
[2023-10-17 21:22:32,421][root][INFO] - task 7 :(128, 1, 28, 28)
[2023-10-17 21:22:32,442][root][INFO] - task 8 :(128, 1, 28, 28)
[2023-10-17 21:22:32,462][root][INFO] - task 9 :(128, 1, 28, 28)
i_size 28
num_classes 2
net_cfg {'name': 'mlp', 'depth': 4, 'layer_size': 64, 'dropout': 0.0, 'i_size': 28, 'num_classes': 2, 'num_tasks': 10, 'num_init_tasks': 4, 'use_contrastive': True}
<class 'shell.learners.er_dynamic.CompositionalDynamicER'>
[2023-10-17 21:22:32,565][root][INFO] - Class sequence: [6 5 8 5 7 8 1 5 1 7 9 5 2 0 1 8 4 2 2 1]
[2023-10-17 21:22:32,581][root][INFO] - task 0 :(128, 1, 28, 28)
[2023-10-17 21:22:32,599][root][INFO] - task 1 :(128, 1, 28, 28)
[2023-10-17 21:22:32,619][root][INFO] - task 2 :(128, 1, 28, 28)
[2023-10-17 21:22:32,640][root][INFO] - task 3 :(128, 1, 28, 28)
[2023-10-17 21:22:32,660][root][INFO] - task 4 :(128, 1, 28, 28)
[2023-10-17 21:22:32,679][root][INFO] - task 5 :(128, 1, 28, 28)
[2023-10-17 21:22:32,699][root][INFO] - task 6 :(128, 1, 28, 28)
[2023-10-17 21:22:32,726][root][INFO] - task 7 :(128, 1, 28, 28)
[2023-10-17 21:22:32,745][root][INFO] - task 8 :(128, 1, 28, 28)
[2023-10-17 21:22:32,765][root][INFO] - task 9 :(128, 1, 28, 28)
[2023-10-17 21:22:47,615][root][INFO] - Joint training on task 0 ...
[2023-10-17 21:22:52,987][root][INFO] - Joint training on task 1 ...
[2023-10-17 21:22:53,967][root][INFO] - Joint training on task 2 ...
[2023-10-17 21:22:55,408][root][INFO] - Joint training on task 3 ...
