{'train': {'component_update_freq': 100, 'num_epochs': 100, 'init_component_update_freq': 100, 'init_num_epochs': 100, 'save_freq': 1}, 'dataset': {'dataset_name': 'fashionmnist', 'num_tasks': 10, 'num_classes_per_task': 2, 'with_replacement': True, 'num_trains_per_class': 64, 'num_vals_per_class': 50, 'remap_labels': True}, 'net': {'name': 'mlp', 'depth': 4, 'layer_size': 64, 'dropout': 0.0}, 'sharing_strategy': {'name': 'gradient', 'num_coms_per_round': 1, 'comm_freq': 10, 'mu': 1.0}, 'seed': 1, 'algo': 'modular', 'job_name': 'fashionmnist_modular_numtrain_64_contrastive', 'num_agents': 8, 'root_save_dir': 'experiment_results/fedavg/', 'parallel': True, 'num_init_tasks': 4, 'agent': {'save_dir': '${root_save_dir}/${job_name}/${dataset.dataset_name}/${algo}/seed_${seed}', 'batch_size': 64, 'memory_size': 32, 'improvement_threshold': 0.05, 'use_contrastive': True}}
[2023-10-17 23:56:05,284][root][INFO] - Class sequence: [6 4 1 4 5 6 6 2 2 7 9 7 1 6 4 9 8 5 4 1]
[2023-10-17 23:56:05,303][root][INFO] - task 0 :(128, 1, 28, 28)
[2023-10-17 23:56:05,353][root][INFO] - task 1 :(128, 1, 28, 28)
[2023-10-17 23:56:05,380][root][INFO] - task 2 :(128, 1, 28, 28)
[2023-10-17 23:56:05,405][root][INFO] - task 3 :(128, 1, 28, 28)
[2023-10-17 23:56:05,435][root][INFO] - task 4 :(128, 1, 28, 28)
[2023-10-17 23:56:05,461][root][INFO] - task 5 :(128, 1, 28, 28)
[2023-10-17 23:56:05,482][root][INFO] - task 6 :(128, 1, 28, 28)
[2023-10-17 23:56:05,502][root][INFO] - task 7 :(128, 1, 28, 28)
[2023-10-17 23:56:05,537][root][INFO] - task 8 :(128, 1, 28, 28)
[2023-10-17 23:56:05,556][root][INFO] - task 9 :(128, 1, 28, 28)
[2023-10-17 23:56:05,663][root][INFO] - Class sequence: [6 5 5 7 5 1 3 7 0 2 4 8 7 3 3 7 4 5 2 0]
[2023-10-17 23:56:05,681][root][INFO] - task 0 :(128, 1, 28, 28)
[2023-10-17 23:56:05,701][root][INFO] - task 1 :(128, 1, 28, 28)
[2023-10-17 23:56:05,727][root][INFO] - task 2 :(128, 1, 28, 28)
[2023-10-17 23:56:05,748][root][INFO] - task 3 :(128, 1, 28, 28)
[2023-10-17 23:56:05,775][root][INFO] - task 4 :(128, 1, 28, 28)
[2023-10-17 23:56:05,883][root][INFO] - task 5 :(128, 1, 28, 28)
[2023-10-17 23:56:05,909][root][INFO] - task 6 :(128, 1, 28, 28)
[2023-10-17 23:56:05,936][root][INFO] - task 7 :(128, 1, 28, 28)
[2023-10-17 23:56:05,963][root][INFO] - task 8 :(128, 1, 28, 28)
[2023-10-17 23:56:05,995][root][INFO] - task 9 :(128, 1, 28, 28)
[2023-10-17 23:56:06,103][root][INFO] - Class sequence: [5 4 2 3 6 2 0 5 9 4 8 4 1 7 2 5 5 3 9 6]
[2023-10-17 23:56:06,121][root][INFO] - task 0 :(128, 1, 28, 28)
[2023-10-17 23:56:06,141][root][INFO] - task 1 :(128, 1, 28, 28)
[2023-10-17 23:56:06,169][root][INFO] - task 2 :(128, 1, 28, 28)
[2023-10-17 23:56:06,199][root][INFO] - task 3 :(128, 1, 28, 28)
[2023-10-17 23:56:06,224][root][INFO] - task 4 :(128, 1, 28, 28)
[2023-10-17 23:56:06,251][root][INFO] - task 5 :(128, 1, 28, 28)
[2023-10-17 23:56:06,274][root][INFO] - task 6 :(128, 1, 28, 28)
[2023-10-17 23:56:06,302][root][INFO] - task 7 :(128, 1, 28, 28)
[2023-10-17 23:56:06,329][root][INFO] - task 8 :(128, 1, 28, 28)
[2023-10-17 23:56:06,357][root][INFO] - task 9 :(128, 1, 28, 28)
[2023-10-17 23:56:06,463][root][INFO] - Class sequence: [6 9 8 3 9 7 6 3 0 2 8 6 3 8 5 7 1 4 0 2]
[2023-10-17 23:56:06,481][root][INFO] - task 0 :(128, 1, 28, 28)
[2023-10-17 23:56:06,503][root][INFO] - task 1 :(128, 1, 28, 28)
[2023-10-17 23:56:06,530][root][INFO] - task 2 :(128, 1, 28, 28)
[2023-10-17 23:56:06,558][root][INFO] - task 3 :(128, 1, 28, 28)
[2023-10-17 23:56:06,589][root][INFO] - task 4 :(128, 1, 28, 28)
[2023-10-17 23:56:06,615][root][INFO] - task 5 :(128, 1, 28, 28)
[2023-10-17 23:56:06,638][root][INFO] - task 6 :(128, 1, 28, 28)
[2023-10-17 23:56:06,665][root][INFO] - task 7 :(128, 1, 28, 28)
[2023-10-17 23:56:06,692][root][INFO] - task 8 :(128, 1, 28, 28)
[2023-10-17 23:56:06,718][root][INFO] - task 9 :(128, 1, 28, 28)
[2023-10-17 23:56:06,828][root][INFO] - Class sequence: [9 2 7 6 8 4 8 5 3 9 0 6 6 9 3 9 7 0 1 4]
[2023-10-17 23:56:06,846][root][INFO] - task 0 :(128, 1, 28, 28)
[2023-10-17 23:56:06,866][root][INFO] - task 1 :(128, 1, 28, 28)
[2023-10-17 23:56:06,894][root][INFO] - task 2 :(128, 1, 28, 28)
[2023-10-17 23:56:06,921][root][INFO] - task 3 :(128, 1, 28, 28)
[2023-10-17 23:56:06,946][root][INFO] - task 4 :(128, 1, 28, 28)
[2023-10-17 23:56:06,969][root][INFO] - task 5 :(128, 1, 28, 28)
[2023-10-17 23:56:06,997][root][INFO] - task 6 :(128, 1, 28, 28)
[2023-10-17 23:56:07,025][root][INFO] - task 7 :(128, 1, 28, 28)
[2023-10-17 23:56:07,053][root][INFO] - task 8 :(128, 1, 28, 28)
[2023-10-17 23:56:07,080][root][INFO] - task 9 :(128, 1, 28, 28)
[2023-10-17 23:56:07,183][root][INFO] - Class sequence: [1 2 4 6 1 7 8 7 5 7 6 8 0 5 0 5 6 1 5 2]
[2023-10-17 23:56:07,201][root][INFO] - task 0 :(128, 1, 28, 28)
[2023-10-17 23:56:07,224][root][INFO] - task 1 :(128, 1, 28, 28)
[2023-10-17 23:56:07,244][root][INFO] - task 2 :(128, 1, 28, 28)
[2023-10-17 23:56:07,264][root][INFO] - task 3 :(128, 1, 28, 28)
[2023-10-17 23:56:07,291][root][INFO] - task 4 :(128, 1, 28, 28)
[2023-10-17 23:56:07,317][root][INFO] - task 5 :(128, 1, 28, 28)
[2023-10-17 23:56:07,343][root][INFO] - task 6 :(128, 1, 28, 28)
[2023-10-17 23:56:07,375][root][INFO] - task 7 :(128, 1, 28, 28)
[2023-10-17 23:56:07,402][root][INFO] - task 8 :(128, 1, 28, 28)
[2023-10-17 23:56:07,422][root][INFO] - task 9 :(128, 1, 28, 28)
[2023-10-17 23:56:07,531][root][INFO] - Class sequence: [2 9 0 6 4 1 1 4 9 7 7 5 9 2 2 7 8 9 8 0]
[2023-10-17 23:56:07,549][root][INFO] - task 0 :(128, 1, 28, 28)
[2023-10-17 23:56:07,569][root][INFO] - task 1 :(128, 1, 28, 28)
[2023-10-17 23:56:07,596][root][INFO] - task 2 :(128, 1, 28, 28)
[2023-10-17 23:56:07,620][root][INFO] - task 3 :(128, 1, 28, 28)
[2023-10-17 23:56:07,644][root][INFO] - task 4 :(128, 1, 28, 28)
[2023-10-17 23:56:07,670][root][INFO] - task 5 :(128, 1, 28, 28)
[2023-10-17 23:56:07,694][root][INFO] - task 6 :(128, 1, 28, 28)
[2023-10-17 23:56:07,721][root][INFO] - task 7 :(128, 1, 28, 28)
[2023-10-17 23:56:07,744][root][INFO] - task 8 :(128, 1, 28, 28)
[2023-10-17 23:56:07,770][root][INFO] - task 9 :(128, 1, 28, 28)
[2023-10-17 23:56:07,878][root][INFO] - Class sequence: [2 7 2 4 0 8 5 9 1 9 7 4 4 9 4 8 7 1 0 5]
[2023-10-17 23:56:07,896][root][INFO] - task 0 :(128, 1, 28, 28)
[2023-10-17 23:56:07,920][root][INFO] - task 1 :(128, 1, 28, 28)
[2023-10-17 23:56:07,946][root][INFO] - task 2 :(128, 1, 28, 28)
[2023-10-17 23:56:07,973][root][INFO] - task 3 :(128, 1, 28, 28)
[2023-10-17 23:56:07,996][root][INFO] - task 4 :(128, 1, 28, 28)
[2023-10-17 23:56:08,022][root][INFO] - task 5 :(128, 1, 28, 28)
[2023-10-17 23:56:08,048][root][INFO] - task 6 :(128, 1, 28, 28)
[2023-10-17 23:56:08,075][root][INFO] - task 7 :(128, 1, 28, 28)
[2023-10-17 23:56:08,102][root][INFO] - task 8 :(128, 1, 28, 28)
[2023-10-17 23:56:08,129][root][INFO] - task 9 :(128, 1, 28, 28)
i_size 28
num_classes 2
net_cfg {'name': 'mlp', 'depth': 4, 'layer_size': 64, 'dropout': 0.0, 'i_size': 28, 'num_classes': 2, 'num_tasks': 10, 'num_init_tasks': 4, 'use_contrastive': True}
<class 'shell.learners.er_dynamic.CompositionalDynamicER'>
[2023-10-17 23:56:08,242][root][INFO] - Class sequence: [6 5 8 5 7 8 1 5 1 7 9 5 2 0 1 8 4 2 2 1]
[2023-10-17 23:56:08,261][root][INFO] - task 0 :(128, 1, 28, 28)
[2023-10-17 23:56:08,282][root][INFO] - task 1 :(128, 1, 28, 28)
[2023-10-17 23:56:08,308][root][INFO] - task 2 :(128, 1, 28, 28)
[2023-10-17 23:56:08,329][root][INFO] - task 3 :(128, 1, 28, 28)
[2023-10-17 23:56:08,356][root][INFO] - task 4 :(128, 1, 28, 28)
[2023-10-17 23:56:08,382][root][INFO] - task 5 :(128, 1, 28, 28)
[2023-10-17 23:56:08,409][root][INFO] - task 6 :(128, 1, 28, 28)
[2023-10-17 23:56:08,436][root][INFO] - task 7 :(128, 1, 28, 28)
[2023-10-17 23:56:08,460][root][INFO] - task 8 :(128, 1, 28, 28)
[2023-10-17 23:56:08,486][root][INFO] - task 9 :(128, 1, 28, 28)
[2023-10-17 23:56:23,426][root][INFO] - Joint training on task 0 ...
[2023-10-17 23:56:28,887][root][INFO] - Joint training on task 1 ...
[2023-10-17 23:56:30,130][root][INFO] - Joint training on task 2 ...
[2023-10-17 23:56:31,586][root][INFO] - Joint training on task 3 ...
[2023-10-17 23:59:02,152][root][INFO] - DONE TRAINING THE JOINT AGENT...
[2023-10-17 23:59:02,153][root][INFO] - No. gpus per agent: 0.25
[2023-10-17 23:59:08,231][root][INFO] - Created fleet with 8 agents
[2023-10-17 23:59:08,232][root][INFO] - Adding neighbors...
[2023-10-17 23:59:08,414][root][INFO] - Fleet initialized
[2023-10-17 23:59:08,423][root][INFO] - READY TO TRAIN INDIVIDUAL AGENTS...
[2m[36m(ParallelModGrad pid=3572515)[0m node 0 is processing at round 0 for task 0
[2m[36m(ParallelModGrad pid=3572516)[0m node 1 is processing at round 0 for task 0
[2m[36m(ParallelModGrad pid=3572518)[0m node 3 is processing at round 0 for task 0
[2m[36m(ParallelModGrad pid=3572517)[0m node 2 is processing at round 0 for task 0
[2m[36m(ParallelModGrad pid=3572597)[0m node 4 is processing at round 0 for task 0
[2m[36m(ParallelModGrad pid=3572601)[0m node 5 is processing at round 0 for task 0
[2m[36m(ParallelModGrad pid=3572602)[0m node 6 is processing at round 0 for task 0
[2m[36m(ParallelModGrad pid=3572603)[0m node 7 is processing at round 0 for task 0
[2m[36m(ParallelModGrad pid=3572515)[0m node 0 is processing at round 1 for task 0
[2m[36m(ParallelModGrad pid=3572516)[0m node 1 is processing at round 1 for task 0
[2m[36m(ParallelModGrad pid=3572518)[0m node 3 is processing at round 1 for task 0
[2m[36m(ParallelModGrad pid=3572517)[0m node 2 is processing at round 1 for task 0
[2m[36m(ParallelModGrad pid=3572597)[0m node 4 is processing at round 1 for task 0
[2m[36m(ParallelModGrad pid=3572601)[0m node 5 is processing at round 1 for task 0
[2m[36m(ParallelModGrad pid=3572602)[0m node 6 is processing at round 1 for task 0
[2m[36m(ParallelModGrad pid=3572603)[0m node 7 is processing at round 1 for task 0
[2m[36m(ParallelModGrad pid=3572515)[0m node 0 is processing at round 2 for task 0
[2m[36m(ParallelModGrad pid=3572516)[0m node 1 is processing at round 2 for task 0
[2m[36m(ParallelModGrad pid=3572518)[0m node 3 is processing at round 2 for task 0
[2m[36m(ParallelModGrad pid=3572517)[0m node 2 is processing at round 2 for task 0
[2m[36m(ParallelModGrad pid=3572597)[0m node 4 is processing at round 2 for task 0
[2m[36m(ParallelModGrad pid=3572601)[0m node 5 is processing at round 2 for task 0
[2m[36m(ParallelModGrad pid=3572602)[0m node 6 is processing at round 2 for task 0
[2m[36m(ParallelModGrad pid=3572603)[0m node 7 is processing at round 2 for task 0
[2m[36m(ParallelModGrad pid=3572515)[0m node 0 is processing at round 3 for task 0
[2m[36m(ParallelModGrad pid=3572516)[0m node 1 is processing at round 3 for task 0
[2m[36m(ParallelModGrad pid=3572518)[0m node 3 is processing at round 3 for task 0
[2m[36m(ParallelModGrad pid=3572517)[0m node 2 is processing at round 3 for task 0
[2m[36m(ParallelModGrad pid=3572597)[0m node 4 is processing at round 3 for task 0
[2m[36m(ParallelModGrad pid=3572601)[0m node 5 is processing at round 3 for task 0
[2m[36m(ParallelModGrad pid=3572602)[0m node 6 is processing at round 3 for task 0
[2m[36m(ParallelModGrad pid=3572603)[0m node 7 is processing at round 3 for task 0
[2m[36m(ParallelModGrad pid=3572515)[0m node 0 is processing at round 4 for task 0
[2m[36m(ParallelModGrad pid=3572516)[0m node 1 is processing at round 4 for task 0
[2m[36m(ParallelModGrad pid=3572518)[0m node 3 is processing at round 4 for task 0
[2m[36m(ParallelModGrad pid=3572517)[0m node 2 is processing at round 4 for task 0
[2m[36m(ParallelModGrad pid=3572597)[0m node 4 is processing at round 4 for task 0
[2m[36m(ParallelModGrad pid=3572601)[0m node 5 is processing at round 4 for task 0
[2m[36m(ParallelModGrad pid=3572602)[0m node 6 is processing at round 4 for task 0
[2m[36m(ParallelModGrad pid=3572603)[0m node 7 is processing at round 4 for task 0
[2m[36m(ParallelModGrad pid=3572515)[0m node 0 is processing at round 5 for task 0
[2m[36m(ParallelModGrad pid=3572516)[0m node 1 is processing at round 5 for task 0
[2m[36m(ParallelModGrad pid=3572518)[0m node 3 is processing at round 5 for task 0
[2m[36m(ParallelModGrad pid=3572517)[0m node 2 is processing at round 5 for task 0
[2m[36m(ParallelModGrad pid=3572597)[0m node 4 is processing at round 5 for task 0
[2m[36m(ParallelModGrad pid=3572601)[0m node 5 is processing at round 5 for task 0
[2m[36m(ParallelModGrad pid=3572602)[0m node 6 is processing at round 5 for task 0
[2m[36m(ParallelModGrad pid=3572603)[0m node 7 is processing at round 5 for task 0
[2m[36m(ParallelModGrad pid=3572515)[0m node 0 is processing at round 6 for task 0
[2m[36m(ParallelModGrad pid=3572516)[0m node 1 is processing at round 6 for task 0
[2m[36m(ParallelModGrad pid=3572518)[0m node 3 is processing at round 6 for task 0
[2m[36m(ParallelModGrad pid=3572517)[0m node 2 is processing at round 6 for task 0
[2m[36m(ParallelModGrad pid=3572597)[0m node 4 is processing at round 6 for task 0
[2m[36m(ParallelModGrad pid=3572601)[0m node 5 is processing at round 6 for task 0
[2m[36m(ParallelModGrad pid=3572602)[0m node 6 is processing at round 6 for task 0
[2m[36m(ParallelModGrad pid=3572603)[0m node 7 is processing at round 6 for task 0
[2m[36m(ParallelModGrad pid=3572515)[0m node 0 is processing at round 7 for task 0
[2m[36m(ParallelModGrad pid=3572516)[0m node 1 is processing at round 7 for task 0
[2m[36m(ParallelModGrad pid=3572518)[0m node 3 is processing at round 7 for task 0
[2m[36m(ParallelModGrad pid=3572517)[0m node 2 is processing at round 7 for task 0
[2m[36m(ParallelModGrad pid=3572597)[0m node 4 is processing at round 7 for task 0
[2m[36m(ParallelModGrad pid=3572601)[0m node 5 is processing at round 7 for task 0
[2m[36m(ParallelModGrad pid=3572602)[0m node 6 is processing at round 7 for task 0
[2m[36m(ParallelModGrad pid=3572603)[0m node 7 is processing at round 7 for task 0
[2m[36m(ParallelModGrad pid=3572515)[0m node 0 is processing at round 8 for task 0
[2m[36m(ParallelModGrad pid=3572516)[0m node 1 is processing at round 8 for task 0
[2m[36m(ParallelModGrad pid=3572518)[0m node 3 is processing at round 8 for task 0
[2m[36m(ParallelModGrad pid=3572517)[0m node 2 is processing at round 8 for task 0
[2m[36m(ParallelModGrad pid=3572597)[0m node 4 is processing at round 8 for task 0
[2m[36m(ParallelModGrad pid=3572601)[0m node 5 is processing at round 8 for task 0
[2m[36m(ParallelModGrad pid=3572602)[0m node 6 is processing at round 8 for task 0
[2m[36m(ParallelModGrad pid=3572603)[0m node 7 is processing at round 8 for task 0
[2m[36m(ParallelModGrad pid=3572515)[0m node 0 is processing at round 9 for task 1
[2m[36m(ParallelModGrad pid=3572516)[0m node 1 is processing at round 9 for task 1
[2m[36m(ParallelModGrad pid=3572518)[0m node 3 is processing at round 9 for task 1
[2m[36m(ParallelModGrad pid=3572517)[0m node 2 is processing at round 9 for task 1
[2m[36m(ParallelModGrad pid=3572597)[0m node 4 is processing at round 9 for task 1
[2m[36m(ParallelModGrad pid=3572601)[0m node 5 is processing at round 9 for task 1
[2m[36m(ParallelModGrad pid=3572602)[0m node 6 is processing at round 9 for task 1
[2m[36m(ParallelModGrad pid=3572603)[0m node 7 is processing at round 9 for task 1
[2m[36m(ParallelModGrad pid=3572515)[0m node 0 is processing at round 0 for task 1
[2m[36m(ParallelModGrad pid=3572516)[0m node 1 is processing at round 0 for task 1
[2m[36m(ParallelModGrad pid=3572518)[0m node 3 is processing at round 0 for task 1
[2m[36m(ParallelModGrad pid=3572517)[0m node 2 is processing at round 0 for task 1
[2m[36m(ParallelModGrad pid=3572597)[0m node 4 is processing at round 0 for task 1
[2m[36m(ParallelModGrad pid=3572601)[0m node 5 is processing at round 0 for task 1
[2m[36m(ParallelModGrad pid=3572602)[0m node 6 is processing at round 0 for task 1
[2m[36m(ParallelModGrad pid=3572603)[0m node 7 is processing at round 0 for task 1
[2m[36m(ParallelModGrad pid=3572515)[0m node 0 is processing at round 1 for task 1
[2m[36m(ParallelModGrad pid=3572516)[0m node 1 is processing at round 1 for task 1
[2m[36m(ParallelModGrad pid=3572518)[0m node 3 is processing at round 1 for task 1
[2m[36m(ParallelModGrad pid=3572517)[0m node 2 is processing at round 1 for task 1
[2m[36m(ParallelModGrad pid=3572597)[0m node 4 is processing at round 1 for task 1
[2m[36m(ParallelModGrad pid=3572601)[0m node 5 is processing at round 1 for task 1
[2m[36m(ParallelModGrad pid=3572602)[0m node 6 is processing at round 1 for task 1
[2m[36m(ParallelModGrad pid=3572603)[0m node 7 is processing at round 1 for task 1
[2m[36m(ParallelModGrad pid=3572515)[0m node 0 is processing at round 2 for task 1
[2m[36m(ParallelModGrad pid=3572516)[0m node 1 is processing at round 2 for task 1
[2m[36m(ParallelModGrad pid=3572518)[0m node 3 is processing at round 2 for task 1
[2m[36m(ParallelModGrad pid=3572517)[0m node 2 is processing at round 2 for task 1
[2m[36m(ParallelModGrad pid=3572597)[0m node 4 is processing at round 2 for task 1
[2m[36m(ParallelModGrad pid=3572601)[0m node 5 is processing at round 2 for task 1
[2m[36m(ParallelModGrad pid=3572602)[0m node 6 is processing at round 2 for task 1
[2m[36m(ParallelModGrad pid=3572603)[0m node 7 is processing at round 2 for task 1
[2m[36m(ParallelModGrad pid=3572515)[0m node 0 is processing at round 3 for task 1
[2m[36m(ParallelModGrad pid=3572516)[0m node 1 is processing at round 3 for task 1
[2m[36m(ParallelModGrad pid=3572518)[0m node 3 is processing at round 3 for task 1
[2m[36m(ParallelModGrad pid=3572517)[0m node 2 is processing at round 3 for task 1
[2m[36m(ParallelModGrad pid=3572597)[0m node 4 is processing at round 3 for task 1
[2m[36m(ParallelModGrad pid=3572601)[0m node 5 is processing at round 3 for task 1
[2m[36m(ParallelModGrad pid=3572602)[0m node 6 is processing at round 3 for task 1
[2m[36m(ParallelModGrad pid=3572603)[0m node 7 is processing at round 3 for task 1
[2m[36m(ParallelModGrad pid=3572515)[0m node 0 is processing at round 4 for task 1
[2m[36m(ParallelModGrad pid=3572516)[0m node 1 is processing at round 4 for task 1
[2m[36m(ParallelModGrad pid=3572518)[0m node 3 is processing at round 4 for task 1
[2m[36m(ParallelModGrad pid=3572517)[0m node 2 is processing at round 4 for task 1
[2m[36m(ParallelModGrad pid=3572597)[0m node 4 is processing at round 4 for task 1
[2m[36m(ParallelModGrad pid=3572601)[0m node 5 is processing at round 4 for task 1
[2m[36m(ParallelModGrad pid=3572602)[0m node 6 is processing at round 4 for task 1
[2m[36m(ParallelModGrad pid=3572603)[0m node 7 is processing at round 4 for task 1
[2m[36m(ParallelModGrad pid=3572515)[0m node 0 is processing at round 5 for task 1
[2m[36m(ParallelModGrad pid=3572516)[0m node 1 is processing at round 5 for task 1
[2m[36m(ParallelModGrad pid=3572518)[0m node 3 is processing at round 5 for task 1
[2m[36m(ParallelModGrad pid=3572517)[0m node 2 is processing at round 5 for task 1
[2m[36m(ParallelModGrad pid=3572597)[0m node 4 is processing at round 5 for task 1
[2m[36m(ParallelModGrad pid=3572601)[0m node 5 is processing at round 5 for task 1
[2m[36m(ParallelModGrad pid=3572602)[0m node 6 is processing at round 5 for task 1
[2m[36m(ParallelModGrad pid=3572603)[0m node 7 is processing at round 5 for task 1
[2m[36m(ParallelModGrad pid=3572515)[0m node 0 is processing at round 6 for task 1
[2m[36m(ParallelModGrad pid=3572516)[0m node 1 is processing at round 6 for task 1
[2m[36m(ParallelModGrad pid=3572518)[0m node 3 is processing at round 6 for task 1
[2m[36m(ParallelModGrad pid=3572517)[0m node 2 is processing at round 6 for task 1
[2m[36m(ParallelModGrad pid=3572597)[0m node 4 is processing at round 6 for task 1
[2m[36m(ParallelModGrad pid=3572601)[0m node 5 is processing at round 6 for task 1
[2m[36m(ParallelModGrad pid=3572602)[0m node 6 is processing at round 6 for task 1
[2m[36m(ParallelModGrad pid=3572603)[0m node 7 is processing at round 6 for task 1
[2m[36m(ParallelModGrad pid=3572515)[0m node 0 is processing at round 7 for task 1
[2m[36m(ParallelModGrad pid=3572516)[0m node 1 is processing at round 7 for task 1
[2m[36m(ParallelModGrad pid=3572518)[0m node 3 is processing at round 7 for task 1
[2m[36m(ParallelModGrad pid=3572517)[0m node 2 is processing at round 7 for task 1
[2m[36m(ParallelModGrad pid=3572597)[0m node 4 is processing at round 7 for task 1
[2m[36m(ParallelModGrad pid=3572601)[0m node 5 is processing at round 7 for task 1
[2m[36m(ParallelModGrad pid=3572602)[0m node 6 is processing at round 7 for task 1
[2m[36m(ParallelModGrad pid=3572603)[0m node 7 is processing at round 7 for task 1
[2m[36m(ParallelModGrad pid=3572515)[0m node 0 is processing at round 8 for task 1
[2m[36m(ParallelModGrad pid=3572516)[0m node 1 is processing at round 8 for task 1
[2m[36m(ParallelModGrad pid=3572518)[0m node 3 is processing at round 8 for task 1
[2m[36m(ParallelModGrad pid=3572517)[0m node 2 is processing at round 8 for task 1
[2m[36m(ParallelModGrad pid=3572597)[0m node 4 is processing at round 8 for task 1
[2m[36m(ParallelModGrad pid=3572601)[0m node 5 is processing at round 8 for task 1
[2m[36m(ParallelModGrad pid=3572602)[0m node 6 is processing at round 8 for task 1
[2m[36m(ParallelModGrad pid=3572603)[0m node 7 is processing at round 8 for task 1
[2m[36m(ParallelModGrad pid=3572515)[0m node 0 is processing at round 9 for task 2
[2m[36m(ParallelModGrad pid=3572516)[0m node 1 is processing at round 9 for task 2
[2m[36m(ParallelModGrad pid=3572518)[0m node 3 is processing at round 9 for task 2
[2m[36m(ParallelModGrad pid=3572517)[0m node 2 is processing at round 9 for task 2
[2m[36m(ParallelModGrad pid=3572597)[0m node 4 is processing at round 9 for task 2
[2m[36m(ParallelModGrad pid=3572601)[0m node 5 is processing at round 9 for task 2
[2m[36m(ParallelModGrad pid=3572602)[0m node 6 is processing at round 9 for task 2
[2m[36m(ParallelModGrad pid=3572603)[0m node 7 is processing at round 9 for task 2
[2m[36m(ParallelModGrad pid=3572515)[0m node 0 is processing at round 0 for task 2
[2m[36m(ParallelModGrad pid=3572516)[0m node 1 is processing at round 0 for task 2
[2m[36m(ParallelModGrad pid=3572518)[0m node 3 is processing at round 0 for task 2
[2m[36m(ParallelModGrad pid=3572517)[0m node 2 is processing at round 0 for task 2
[2m[36m(ParallelModGrad pid=3572597)[0m node 4 is processing at round 0 for task 2
[2m[36m(ParallelModGrad pid=3572601)[0m node 5 is processing at round 0 for task 2
[2m[36m(ParallelModGrad pid=3572602)[0m node 6 is processing at round 0 for task 2
[2m[36m(ParallelModGrad pid=3572603)[0m node 7 is processing at round 0 for task 2
[2m[36m(ParallelModGrad pid=3572515)[0m node 0 is processing at round 1 for task 2
[2m[36m(ParallelModGrad pid=3572516)[0m node 1 is processing at round 1 for task 2
[2m[36m(ParallelModGrad pid=3572518)[0m node 3 is processing at round 1 for task 2
[2m[36m(ParallelModGrad pid=3572517)[0m node 2 is processing at round 1 for task 2
[2m[36m(ParallelModGrad pid=3572597)[0m node 4 is processing at round 1 for task 2
[2m[36m(ParallelModGrad pid=3572601)[0m node 5 is processing at round 1 for task 2
[2m[36m(ParallelModGrad pid=3572602)[0m node 6 is processing at round 1 for task 2
[2m[36m(ParallelModGrad pid=3572603)[0m node 7 is processing at round 1 for task 2
[2m[36m(ParallelModGrad pid=3572515)[0m node 0 is processing at round 2 for task 2
[2m[36m(ParallelModGrad pid=3572516)[0m node 1 is processing at round 2 for task 2
[2m[36m(ParallelModGrad pid=3572518)[0m node 3 is processing at round 2 for task 2
[2m[36m(ParallelModGrad pid=3572517)[0m node 2 is processing at round 2 for task 2
[2m[36m(ParallelModGrad pid=3572597)[0m node 4 is processing at round 2 for task 2
[2m[36m(ParallelModGrad pid=3572601)[0m node 5 is processing at round 2 for task 2
[2m[36m(ParallelModGrad pid=3572602)[0m node 6 is processing at round 2 for task 2
[2m[36m(ParallelModGrad pid=3572603)[0m node 7 is processing at round 2 for task 2
[2m[36m(ParallelModGrad pid=3572515)[0m node 0 is processing at round 3 for task 2
[2m[36m(ParallelModGrad pid=3572516)[0m node 1 is processing at round 3 for task 2
[2m[36m(ParallelModGrad pid=3572518)[0m node 3 is processing at round 3 for task 2
[2m[36m(ParallelModGrad pid=3572517)[0m node 2 is processing at round 3 for task 2
[2m[36m(ParallelModGrad pid=3572597)[0m node 4 is processing at round 3 for task 2
[2m[36m(ParallelModGrad pid=3572601)[0m node 5 is processing at round 3 for task 2
[2m[36m(ParallelModGrad pid=3572602)[0m node 6 is processing at round 3 for task 2
[2m[36m(ParallelModGrad pid=3572603)[0m node 7 is processing at round 3 for task 2
[2m[36m(ParallelModGrad pid=3572515)[0m node 0 is processing at round 4 for task 2
[2m[36m(ParallelModGrad pid=3572516)[0m node 1 is processing at round 4 for task 2
[2m[36m(ParallelModGrad pid=3572518)[0m node 3 is processing at round 4 for task 2
[2m[36m(ParallelModGrad pid=3572517)[0m node 2 is processing at round 4 for task 2
[2m[36m(ParallelModGrad pid=3572597)[0m node 4 is processing at round 4 for task 2
[2m[36m(ParallelModGrad pid=3572601)[0m node 5 is processing at round 4 for task 2
[2m[36m(ParallelModGrad pid=3572602)[0m node 6 is processing at round 4 for task 2
[2m[36m(ParallelModGrad pid=3572603)[0m node 7 is processing at round 4 for task 2
[2m[36m(ParallelModGrad pid=3572515)[0m node 0 is processing at round 5 for task 2
[2m[36m(ParallelModGrad pid=3572516)[0m node 1 is processing at round 5 for task 2
[2m[36m(ParallelModGrad pid=3572518)[0m node 3 is processing at round 5 for task 2
[2m[36m(ParallelModGrad pid=3572517)[0m node 2 is processing at round 5 for task 2
[2m[36m(ParallelModGrad pid=3572597)[0m node 4 is processing at round 5 for task 2
[2m[36m(ParallelModGrad pid=3572601)[0m node 5 is processing at round 5 for task 2
[2m[36m(ParallelModGrad pid=3572602)[0m node 6 is processing at round 5 for task 2
[2m[36m(ParallelModGrad pid=3572603)[0m node 7 is processing at round 5 for task 2
[2m[36m(ParallelModGrad pid=3572515)[0m node 0 is processing at round 6 for task 2
[2m[36m(ParallelModGrad pid=3572516)[0m node 1 is processing at round 6 for task 2
[2m[36m(ParallelModGrad pid=3572518)[0m node 3 is processing at round 6 for task 2
[2m[36m(ParallelModGrad pid=3572517)[0m node 2 is processing at round 6 for task 2
[2m[36m(ParallelModGrad pid=3572597)[0m node 4 is processing at round 6 for task 2
[2m[36m(ParallelModGrad pid=3572601)[0m node 5 is processing at round 6 for task 2
[2m[36m(ParallelModGrad pid=3572602)[0m node 6 is processing at round 6 for task 2
[2m[36m(ParallelModGrad pid=3572603)[0m node 7 is processing at round 6 for task 2
[2m[36m(ParallelModGrad pid=3572515)[0m node 0 is processing at round 7 for task 2
[2m[36m(ParallelModGrad pid=3572516)[0m node 1 is processing at round 7 for task 2
[2m[36m(ParallelModGrad pid=3572518)[0m node 3 is processing at round 7 for task 2
[2m[36m(ParallelModGrad pid=3572517)[0m node 2 is processing at round 7 for task 2
[2m[36m(ParallelModGrad pid=3572597)[0m node 4 is processing at round 7 for task 2
[2m[36m(ParallelModGrad pid=3572601)[0m node 5 is processing at round 7 for task 2
[2m[36m(ParallelModGrad pid=3572602)[0m node 6 is processing at round 7 for task 2
[2m[36m(ParallelModGrad pid=3572603)[0m node 7 is processing at round 7 for task 2
[2m[36m(ParallelModGrad pid=3572515)[0m node 0 is processing at round 8 for task 2
[2m[36m(ParallelModGrad pid=3572516)[0m node 1 is processing at round 8 for task 2
[2m[36m(ParallelModGrad pid=3572518)[0m node 3 is processing at round 8 for task 2
[2m[36m(ParallelModGrad pid=3572517)[0m node 2 is processing at round 8 for task 2
[2m[36m(ParallelModGrad pid=3572597)[0m node 4 is processing at round 8 for task 2
[2m[36m(ParallelModGrad pid=3572601)[0m node 5 is processing at round 8 for task 2
[2m[36m(ParallelModGrad pid=3572602)[0m node 6 is processing at round 8 for task 2
[2m[36m(ParallelModGrad pid=3572603)[0m node 7 is processing at round 8 for task 2
[2m[36m(ParallelModGrad pid=3572515)[0m node 0 is processing at round 9 for task 3
[2m[36m(ParallelModGrad pid=3572516)[0m node 1 is processing at round 9 for task 3
[2m[36m(ParallelModGrad pid=3572518)[0m node 3 is processing at round 9 for task 3
[2m[36m(ParallelModGrad pid=3572517)[0m node 2 is processing at round 9 for task 3
[2m[36m(ParallelModGrad pid=3572597)[0m node 4 is processing at round 9 for task 3
[2m[36m(ParallelModGrad pid=3572601)[0m node 5 is processing at round 9 for task 3
[2m[36m(ParallelModGrad pid=3572602)[0m node 6 is processing at round 9 for task 3
[2m[36m(ParallelModGrad pid=3572603)[0m node 7 is processing at round 9 for task 3
[2m[36m(ParallelModGrad pid=3572515)[0m node 0 is processing at round 0 for task 3
[2m[36m(ParallelModGrad pid=3572516)[0m node 1 is processing at round 0 for task 3
[2m[36m(ParallelModGrad pid=3572518)[0m node 3 is processing at round 0 for task 3
[2m[36m(ParallelModGrad pid=3572517)[0m node 2 is processing at round 0 for task 3
[2m[36m(ParallelModGrad pid=3572597)[0m node 4 is processing at round 0 for task 3
[2m[36m(ParallelModGrad pid=3572601)[0m node 5 is processing at round 0 for task 3
[2m[36m(ParallelModGrad pid=3572602)[0m node 6 is processing at round 0 for task 3
[2m[36m(ParallelModGrad pid=3572603)[0m node 7 is processing at round 0 for task 3
[2m[36m(ParallelModGrad pid=3572515)[0m node 0 is processing at round 1 for task 3
[2m[36m(ParallelModGrad pid=3572516)[0m node 1 is processing at round 1 for task 3
[2m[36m(ParallelModGrad pid=3572518)[0m node 3 is processing at round 1 for task 3
[2m[36m(ParallelModGrad pid=3572517)[0m node 2 is processing at round 1 for task 3
[2m[36m(ParallelModGrad pid=3572597)[0m node 4 is processing at round 1 for task 3
[2m[36m(ParallelModGrad pid=3572601)[0m node 5 is processing at round 1 for task 3
[2m[36m(ParallelModGrad pid=3572602)[0m node 6 is processing at round 1 for task 3
[2m[36m(ParallelModGrad pid=3572603)[0m node 7 is processing at round 1 for task 3
[2m[36m(ParallelModGrad pid=3572515)[0m node 0 is processing at round 2 for task 3
[2m[36m(ParallelModGrad pid=3572516)[0m node 1 is processing at round 2 for task 3
[2m[36m(ParallelModGrad pid=3572518)[0m node 3 is processing at round 2 for task 3
[2m[36m(ParallelModGrad pid=3572517)[0m node 2 is processing at round 2 for task 3
[2m[36m(ParallelModGrad pid=3572597)[0m node 4 is processing at round 2 for task 3
[2m[36m(ParallelModGrad pid=3572601)[0m node 5 is processing at round 2 for task 3
[2m[36m(ParallelModGrad pid=3572602)[0m node 6 is processing at round 2 for task 3
[2m[36m(ParallelModGrad pid=3572603)[0m node 7 is processing at round 2 for task 3
[2m[36m(ParallelModGrad pid=3572515)[0m node 0 is processing at round 3 for task 3
[2m[36m(ParallelModGrad pid=3572516)[0m node 1 is processing at round 3 for task 3
[2m[36m(ParallelModGrad pid=3572518)[0m node 3 is processing at round 3 for task 3
[2m[36m(ParallelModGrad pid=3572517)[0m node 2 is processing at round 3 for task 3
[2m[36m(ParallelModGrad pid=3572597)[0m node 4 is processing at round 3 for task 3
[2m[36m(ParallelModGrad pid=3572601)[0m node 5 is processing at round 3 for task 3
[2m[36m(ParallelModGrad pid=3572602)[0m node 6 is processing at round 3 for task 3
[2m[36m(ParallelModGrad pid=3572603)[0m node 7 is processing at round 3 for task 3
[2m[36m(ParallelModGrad pid=3572515)[0m node 0 is processing at round 4 for task 3
[2m[36m(ParallelModGrad pid=3572516)[0m node 1 is processing at round 4 for task 3
[2m[36m(ParallelModGrad pid=3572518)[0m node 3 is processing at round 4 for task 3
[2m[36m(ParallelModGrad pid=3572517)[0m node 2 is processing at round 4 for task 3
[2m[36m(ParallelModGrad pid=3572597)[0m node 4 is processing at round 4 for task 3
[2m[36m(ParallelModGrad pid=3572601)[0m node 5 is processing at round 4 for task 3
[2m[36m(ParallelModGrad pid=3572602)[0m node 6 is processing at round 4 for task 3
[2m[36m(ParallelModGrad pid=3572603)[0m node 7 is processing at round 4 for task 3
[2m[36m(ParallelModGrad pid=3572515)[0m node 0 is processing at round 5 for task 3
[2m[36m(ParallelModGrad pid=3572516)[0m node 1 is processing at round 5 for task 3
[2m[36m(ParallelModGrad pid=3572518)[0m node 3 is processing at round 5 for task 3
[2m[36m(ParallelModGrad pid=3572517)[0m node 2 is processing at round 5 for task 3
[2m[36m(ParallelModGrad pid=3572597)[0m node 4 is processing at round 5 for task 3
[2m[36m(ParallelModGrad pid=3572601)[0m node 5 is processing at round 5 for task 3
[2m[36m(ParallelModGrad pid=3572602)[0m node 6 is processing at round 5 for task 3
[2m[36m(ParallelModGrad pid=3572603)[0m node 7 is processing at round 5 for task 3
[2m[36m(ParallelModGrad pid=3572515)[0m node 0 is processing at round 6 for task 3
[2m[36m(ParallelModGrad pid=3572516)[0m node 1 is processing at round 6 for task 3
[2m[36m(ParallelModGrad pid=3572518)[0m node 3 is processing at round 6 for task 3
[2m[36m(ParallelModGrad pid=3572517)[0m node 2 is processing at round 6 for task 3
[2m[36m(ParallelModGrad pid=3572597)[0m node 4 is processing at round 6 for task 3
[2m[36m(ParallelModGrad pid=3572601)[0m node 5 is processing at round 6 for task 3
[2m[36m(ParallelModGrad pid=3572602)[0m node 6 is processing at round 6 for task 3
[2m[36m(ParallelModGrad pid=3572603)[0m node 7 is processing at round 6 for task 3
[2m[36m(ParallelModGrad pid=3572515)[0m node 0 is processing at round 7 for task 3
[2m[36m(ParallelModGrad pid=3572516)[0m node 1 is processing at round 7 for task 3
[2m[36m(ParallelModGrad pid=3572518)[0m node 3 is processing at round 7 for task 3
[2m[36m(ParallelModGrad pid=3572517)[0m node 2 is processing at round 7 for task 3
[2m[36m(ParallelModGrad pid=3572597)[0m node 4 is processing at round 7 for task 3
[2m[36m(ParallelModGrad pid=3572601)[0m node 5 is processing at round 7 for task 3
[2m[36m(ParallelModGrad pid=3572602)[0m node 6 is processing at round 7 for task 3
[2m[36m(ParallelModGrad pid=3572603)[0m node 7 is processing at round 7 for task 3
[2m[36m(ParallelModGrad pid=3572515)[0m node 0 is processing at round 8 for task 3
[2m[36m(ParallelModGrad pid=3572516)[0m node 1 is processing at round 8 for task 3
[2m[36m(ParallelModGrad pid=3572518)[0m node 3 is processing at round 8 for task 3
[2m[36m(ParallelModGrad pid=3572517)[0m node 2 is processing at round 8 for task 3
[2m[36m(ParallelModGrad pid=3572597)[0m node 4 is processing at round 8 for task 3
[2m[36m(ParallelModGrad pid=3572601)[0m node 5 is processing at round 8 for task 3
[2m[36m(ParallelModGrad pid=3572602)[0m node 6 is processing at round 8 for task 3
[2m[36m(ParallelModGrad pid=3572603)[0m node 7 is processing at round 8 for task 3
[2m[36m(ParallelModGrad pid=3572515)[0m node 0 is processing at round 9 for task 4
[2m[36m(ParallelModGrad pid=3572516)[0m node 1 is processing at round 9 for task 4
[2m[36m(ParallelModGrad pid=3572518)[0m node 3 is processing at round 9 for task 4
[2m[36m(ParallelModGrad pid=3572517)[0m node 2 is processing at round 9 for task 4
[2m[36m(ParallelModGrad pid=3572597)[0m node 4 is processing at round 9 for task 4
[2m[36m(ParallelModGrad pid=3572601)[0m node 5 is processing at round 9 for task 4
[2m[36m(ParallelModGrad pid=3572602)[0m node 6 is processing at round 9 for task 4
[2m[36m(ParallelModGrad pid=3572603)[0m node 7 is processing at round 9 for task 4
[2m[36m(ParallelModGrad pid=3572515)[0m node 0 is processing at round 0 for task 4
[2m[36m(ParallelModGrad pid=3572516)[0m node 1 is processing at round 0 for task 4
[2m[36m(ParallelModGrad pid=3572518)[0m node 3 is processing at round 0 for task 4
[2m[36m(ParallelModGrad pid=3572517)[0m node 2 is processing at round 0 for task 4
[2m[36m(ParallelModGrad pid=3572597)[0m node 4 is processing at round 0 for task 4
[2m[36m(ParallelModGrad pid=3572601)[0m node 5 is processing at round 0 for task 4
[2m[36m(ParallelModGrad pid=3572602)[0m node 6 is processing at round 0 for task 4
[2m[36m(ParallelModGrad pid=3572603)[0m node 7 is processing at round 0 for task 4
[2m[36m(ParallelModGrad pid=3572515)[0m node 0 is processing at round 1 for task 4
[2m[36m(ParallelModGrad pid=3572516)[0m node 1 is processing at round 1 for task 4
[2m[36m(ParallelModGrad pid=3572518)[0m node 3 is processing at round 1 for task 4
[2m[36m(ParallelModGrad pid=3572517)[0m node 2 is processing at round 1 for task 4
[2m[36m(ParallelModGrad pid=3572597)[0m node 4 is processing at round 1 for task 4
[2m[36m(ParallelModGrad pid=3572601)[0m node 5 is processing at round 1 for task 4
[2m[36m(ParallelModGrad pid=3572602)[0m node 6 is processing at round 1 for task 4
[2m[36m(ParallelModGrad pid=3572603)[0m node 7 is processing at round 1 for task 4
[2m[36m(ParallelModGrad pid=3572515)[0m node 0 is processing at round 2 for task 4
[2m[36m(ParallelModGrad pid=3572516)[0m node 1 is processing at round 2 for task 4
[2m[36m(ParallelModGrad pid=3572518)[0m node 3 is processing at round 2 for task 4
[2m[36m(ParallelModGrad pid=3572517)[0m node 2 is processing at round 2 for task 4
[2m[36m(ParallelModGrad pid=3572597)[0m node 4 is processing at round 2 for task 4
[2m[36m(ParallelModGrad pid=3572601)[0m node 5 is processing at round 2 for task 4
[2m[36m(ParallelModGrad pid=3572602)[0m node 6 is processing at round 2 for task 4
[2m[36m(ParallelModGrad pid=3572603)[0m node 7 is processing at round 2 for task 4
[2m[36m(ParallelModGrad pid=3572515)[0m node 0 is processing at round 3 for task 4
[2m[36m(ParallelModGrad pid=3572516)[0m node 1 is processing at round 3 for task 4
[2m[36m(ParallelModGrad pid=3572518)[0m node 3 is processing at round 3 for task 4
[2m[36m(ParallelModGrad pid=3572517)[0m node 2 is processing at round 3 for task 4
[2m[36m(ParallelModGrad pid=3572597)[0m node 4 is processing at round 3 for task 4
[2m[36m(ParallelModGrad pid=3572601)[0m node 5 is processing at round 3 for task 4
[2m[36m(ParallelModGrad pid=3572602)[0m node 6 is processing at round 3 for task 4
[2m[36m(ParallelModGrad pid=3572603)[0m node 7 is processing at round 3 for task 4
[2m[36m(ParallelModGrad pid=3572515)[0m node 0 is processing at round 4 for task 4
[2m[36m(ParallelModGrad pid=3572516)[0m node 1 is processing at round 4 for task 4
[2m[36m(ParallelModGrad pid=3572518)[0m node 3 is processing at round 4 for task 4
[2m[36m(ParallelModGrad pid=3572517)[0m node 2 is processing at round 4 for task 4
[2m[36m(ParallelModGrad pid=3572597)[0m node 4 is processing at round 4 for task 4
[2m[36m(ParallelModGrad pid=3572601)[0m node 5 is processing at round 4 for task 4
[2m[36m(ParallelModGrad pid=3572602)[0m node 6 is processing at round 4 for task 4
[2m[36m(ParallelModGrad pid=3572603)[0m node 7 is processing at round 4 for task 4
[2m[36m(ParallelModGrad pid=3572515)[0m node 0 is processing at round 5 for task 4
[2m[36m(ParallelModGrad pid=3572516)[0m node 1 is processing at round 5 for task 4
[2m[36m(ParallelModGrad pid=3572518)[0m node 3 is processing at round 5 for task 4
[2m[36m(ParallelModGrad pid=3572517)[0m node 2 is processing at round 5 for task 4
[2m[36m(ParallelModGrad pid=3572597)[0m node 4 is processing at round 5 for task 4
[2m[36m(ParallelModGrad pid=3572601)[0m node 5 is processing at round 5 for task 4
[2m[36m(ParallelModGrad pid=3572602)[0m node 6 is processing at round 5 for task 4
[2m[36m(ParallelModGrad pid=3572603)[0m node 7 is processing at round 5 for task 4
[2m[36m(ParallelModGrad pid=3572515)[0m node 0 is processing at round 6 for task 4
[2m[36m(ParallelModGrad pid=3572516)[0m node 1 is processing at round 6 for task 4
[2m[36m(ParallelModGrad pid=3572518)[0m node 3 is processing at round 6 for task 4
[2m[36m(ParallelModGrad pid=3572517)[0m node 2 is processing at round 6 for task 4
[2m[36m(ParallelModGrad pid=3572597)[0m node 4 is processing at round 6 for task 4
[2m[36m(ParallelModGrad pid=3572601)[0m node 5 is processing at round 6 for task 4
[2m[36m(ParallelModGrad pid=3572602)[0m node 6 is processing at round 6 for task 4
[2m[36m(ParallelModGrad pid=3572603)[0m node 7 is processing at round 6 for task 4
[2m[36m(ParallelModGrad pid=3572515)[0m node 0 is processing at round 7 for task 4
[2m[36m(ParallelModGrad pid=3572516)[0m node 1 is processing at round 7 for task 4
[2m[36m(ParallelModGrad pid=3572518)[0m node 3 is processing at round 7 for task 4
[2m[36m(ParallelModGrad pid=3572517)[0m node 2 is processing at round 7 for task 4
[2m[36m(ParallelModGrad pid=3572597)[0m node 4 is processing at round 7 for task 4
[2m[36m(ParallelModGrad pid=3572601)[0m node 5 is processing at round 7 for task 4
[2m[36m(ParallelModGrad pid=3572602)[0m node 6 is processing at round 7 for task 4
[2m[36m(ParallelModGrad pid=3572603)[0m node 7 is processing at round 7 for task 4
[2m[36m(ParallelModGrad pid=3572515)[0m node 0 is processing at round 8 for task 4
[2m[36m(ParallelModGrad pid=3572516)[0m node 1 is processing at round 8 for task 4
[2m[36m(ParallelModGrad pid=3572518)[0m node 3 is processing at round 8 for task 4
[2m[36m(ParallelModGrad pid=3572517)[0m node 2 is processing at round 8 for task 4
[2m[36m(ParallelModGrad pid=3572597)[0m node 4 is processing at round 8 for task 4
[2m[36m(ParallelModGrad pid=3572601)[0m node 5 is processing at round 8 for task 4
[2m[36m(ParallelModGrad pid=3572602)[0m node 6 is processing at round 8 for task 4
[2m[36m(ParallelModGrad pid=3572603)[0m node 7 is processing at round 8 for task 4
[2m[36m(ParallelModGrad pid=3572515)[0m node 0 is processing at round 9 for task 5
[2m[36m(ParallelModGrad pid=3572516)[0m node 1 is processing at round 9 for task 5
[2m[36m(ParallelModGrad pid=3572518)[0m node 3 is processing at round 9 for task 5
[2m[36m(ParallelModGrad pid=3572517)[0m node 2 is processing at round 9 for task 5
[2m[36m(ParallelModGrad pid=3572597)[0m node 4 is processing at round 9 for task 5
[2m[36m(ParallelModGrad pid=3572601)[0m node 5 is processing at round 9 for task 5
[2m[36m(ParallelModGrad pid=3572602)[0m node 6 is processing at round 9 for task 5
[2m[36m(ParallelModGrad pid=3572603)[0m node 7 is processing at round 9 for task 5
[2m[36m(ParallelModGrad pid=3572515)[0m node 0 is processing at round 0 for task 5
[2m[36m(ParallelModGrad pid=3572516)[0m node 1 is processing at round 0 for task 5
[2m[36m(ParallelModGrad pid=3572518)[0m node 3 is processing at round 0 for task 5
[2m[36m(ParallelModGrad pid=3572517)[0m node 2 is processing at round 0 for task 5
[2m[36m(ParallelModGrad pid=3572597)[0m node 4 is processing at round 0 for task 5
[2m[36m(ParallelModGrad pid=3572601)[0m node 5 is processing at round 0 for task 5
[2m[36m(ParallelModGrad pid=3572602)[0m node 6 is processing at round 0 for task 5
[2m[36m(ParallelModGrad pid=3572603)[0m node 7 is processing at round 0 for task 5
[2m[36m(ParallelModGrad pid=3572515)[0m node 0 is processing at round 1 for task 5
[2m[36m(ParallelModGrad pid=3572516)[0m node 1 is processing at round 1 for task 5
[2m[36m(ParallelModGrad pid=3572518)[0m node 3 is processing at round 1 for task 5
[2m[36m(ParallelModGrad pid=3572517)[0m node 2 is processing at round 1 for task 5
[2m[36m(ParallelModGrad pid=3572597)[0m node 4 is processing at round 1 for task 5
[2m[36m(ParallelModGrad pid=3572601)[0m node 5 is processing at round 1 for task 5
[2m[36m(ParallelModGrad pid=3572602)[0m node 6 is processing at round 1 for task 5
[2m[36m(ParallelModGrad pid=3572603)[0m node 7 is processing at round 1 for task 5
[2m[36m(ParallelModGrad pid=3572515)[0m node 0 is processing at round 2 for task 5
[2m[36m(ParallelModGrad pid=3572516)[0m node 1 is processing at round 2 for task 5
[2m[36m(ParallelModGrad pid=3572518)[0m node 3 is processing at round 2 for task 5
[2m[36m(ParallelModGrad pid=3572517)[0m node 2 is processing at round 2 for task 5
[2m[36m(ParallelModGrad pid=3572597)[0m node 4 is processing at round 2 for task 5
[2m[36m(ParallelModGrad pid=3572601)[0m node 5 is processing at round 2 for task 5
[2m[36m(ParallelModGrad pid=3572602)[0m node 6 is processing at round 2 for task 5
[2m[36m(ParallelModGrad pid=3572603)[0m node 7 is processing at round 2 for task 5
[2m[36m(ParallelModGrad pid=3572515)[0m node 0 is processing at round 3 for task 5
[2m[36m(ParallelModGrad pid=3572516)[0m node 1 is processing at round 3 for task 5
[2m[36m(ParallelModGrad pid=3572518)[0m node 3 is processing at round 3 for task 5
[2m[36m(ParallelModGrad pid=3572517)[0m node 2 is processing at round 3 for task 5
[2m[36m(ParallelModGrad pid=3572597)[0m node 4 is processing at round 3 for task 5
[2m[36m(ParallelModGrad pid=3572601)[0m node 5 is processing at round 3 for task 5
[2m[36m(ParallelModGrad pid=3572602)[0m node 6 is processing at round 3 for task 5
[2m[36m(ParallelModGrad pid=3572603)[0m node 7 is processing at round 3 for task 5
[2m[36m(ParallelModGrad pid=3572515)[0m node 0 is processing at round 4 for task 5
[2m[36m(ParallelModGrad pid=3572516)[0m node 1 is processing at round 4 for task 5
[2m[36m(ParallelModGrad pid=3572518)[0m node 3 is processing at round 4 for task 5
[2m[36m(ParallelModGrad pid=3572517)[0m node 2 is processing at round 4 for task 5
[2m[36m(ParallelModGrad pid=3572597)[0m node 4 is processing at round 4 for task 5
[2m[36m(ParallelModGrad pid=3572601)[0m node 5 is processing at round 4 for task 5
[2m[36m(ParallelModGrad pid=3572602)[0m node 6 is processing at round 4 for task 5
[2m[36m(ParallelModGrad pid=3572603)[0m node 7 is processing at round 4 for task 5
[2m[36m(ParallelModGrad pid=3572515)[0m node 0 is processing at round 5 for task 5
[2m[36m(ParallelModGrad pid=3572516)[0m node 1 is processing at round 5 for task 5
[2m[36m(ParallelModGrad pid=3572518)[0m node 3 is processing at round 5 for task 5
[2m[36m(ParallelModGrad pid=3572517)[0m node 2 is processing at round 5 for task 5
[2m[36m(ParallelModGrad pid=3572597)[0m node 4 is processing at round 5 for task 5
[2m[36m(ParallelModGrad pid=3572601)[0m node 5 is processing at round 5 for task 5
[2m[36m(ParallelModGrad pid=3572602)[0m node 6 is processing at round 5 for task 5
[2m[36m(ParallelModGrad pid=3572603)[0m node 7 is processing at round 5 for task 5
[2m[36m(ParallelModGrad pid=3572515)[0m node 0 is processing at round 6 for task 5
[2m[36m(ParallelModGrad pid=3572516)[0m node 1 is processing at round 6 for task 5
[2m[36m(ParallelModGrad pid=3572518)[0m node 3 is processing at round 6 for task 5
[2m[36m(ParallelModGrad pid=3572517)[0m node 2 is processing at round 6 for task 5
[2m[36m(ParallelModGrad pid=3572597)[0m node 4 is processing at round 6 for task 5
[2m[36m(ParallelModGrad pid=3572601)[0m node 5 is processing at round 6 for task 5
[2m[36m(ParallelModGrad pid=3572602)[0m node 6 is processing at round 6 for task 5
[2m[36m(ParallelModGrad pid=3572603)[0m node 7 is processing at round 6 for task 5
[2m[36m(ParallelModGrad pid=3572515)[0m node 0 is processing at round 7 for task 5
[2m[36m(ParallelModGrad pid=3572516)[0m node 1 is processing at round 7 for task 5
[2m[36m(ParallelModGrad pid=3572518)[0m node 3 is processing at round 7 for task 5
[2m[36m(ParallelModGrad pid=3572517)[0m node 2 is processing at round 7 for task 5
[2m[36m(ParallelModGrad pid=3572597)[0m node 4 is processing at round 7 for task 5
[2m[36m(ParallelModGrad pid=3572601)[0m node 5 is processing at round 7 for task 5
[2m[36m(ParallelModGrad pid=3572602)[0m node 6 is processing at round 7 for task 5
[2m[36m(ParallelModGrad pid=3572603)[0m node 7 is processing at round 7 for task 5
[2m[36m(ParallelModGrad pid=3572515)[0m node 0 is processing at round 8 for task 5
[2m[36m(ParallelModGrad pid=3572516)[0m node 1 is processing at round 8 for task 5
[2m[36m(ParallelModGrad pid=3572518)[0m node 3 is processing at round 8 for task 5
[2m[36m(ParallelModGrad pid=3572517)[0m node 2 is processing at round 8 for task 5
[2m[36m(ParallelModGrad pid=3572597)[0m node 4 is processing at round 8 for task 5
[2m[36m(ParallelModGrad pid=3572601)[0m node 5 is processing at round 8 for task 5
[2m[36m(ParallelModGrad pid=3572602)[0m node 6 is processing at round 8 for task 5
[2m[36m(ParallelModGrad pid=3572603)[0m node 7 is processing at round 8 for task 5
[2m[36m(ParallelModGrad pid=3572515)[0m node 0 is processing at round 9 for task 6
[2m[36m(ParallelModGrad pid=3572516)[0m node 1 is processing at round 9 for task 6
[2m[36m(ParallelModGrad pid=3572518)[0m node 3 is processing at round 9 for task 6
[2m[36m(ParallelModGrad pid=3572517)[0m node 2 is processing at round 9 for task 6
[2m[36m(ParallelModGrad pid=3572597)[0m node 4 is processing at round 9 for task 6
[2m[36m(ParallelModGrad pid=3572601)[0m node 5 is processing at round 9 for task 6
[2m[36m(ParallelModGrad pid=3572602)[0m node 6 is processing at round 9 for task 6
[2m[36m(ParallelModGrad pid=3572603)[0m node 7 is processing at round 9 for task 6
[2m[36m(ParallelModGrad pid=3572515)[0m node 0 is processing at round 0 for task 6
[2m[36m(ParallelModGrad pid=3572516)[0m node 1 is processing at round 0 for task 6
[2m[36m(ParallelModGrad pid=3572518)[0m node 3 is processing at round 0 for task 6
[2m[36m(ParallelModGrad pid=3572517)[0m node 2 is processing at round 0 for task 6
[2m[36m(ParallelModGrad pid=3572597)[0m node 4 is processing at round 0 for task 6
[2m[36m(ParallelModGrad pid=3572601)[0m node 5 is processing at round 0 for task 6
[2m[36m(ParallelModGrad pid=3572602)[0m node 6 is processing at round 0 for task 6
[2m[36m(ParallelModGrad pid=3572603)[0m node 7 is processing at round 0 for task 6
[2m[36m(ParallelModGrad pid=3572515)[0m node 0 is processing at round 1 for task 6
[2m[36m(ParallelModGrad pid=3572516)[0m node 1 is processing at round 1 for task 6
[2m[36m(ParallelModGrad pid=3572518)[0m node 3 is processing at round 1 for task 6
[2m[36m(ParallelModGrad pid=3572517)[0m node 2 is processing at round 1 for task 6
[2m[36m(ParallelModGrad pid=3572597)[0m node 4 is processing at round 1 for task 6
[2m[36m(ParallelModGrad pid=3572601)[0m node 5 is processing at round 1 for task 6
[2m[36m(ParallelModGrad pid=3572602)[0m node 6 is processing at round 1 for task 6
[2m[36m(ParallelModGrad pid=3572603)[0m node 7 is processing at round 1 for task 6
[2m[36m(ParallelModGrad pid=3572515)[0m node 0 is processing at round 2 for task 6
[2m[36m(ParallelModGrad pid=3572516)[0m node 1 is processing at round 2 for task 6
[2m[36m(ParallelModGrad pid=3572518)[0m node 3 is processing at round 2 for task 6
[2m[36m(ParallelModGrad pid=3572517)[0m node 2 is processing at round 2 for task 6
[2m[36m(ParallelModGrad pid=3572597)[0m node 4 is processing at round 2 for task 6
[2m[36m(ParallelModGrad pid=3572601)[0m node 5 is processing at round 2 for task 6
[2m[36m(ParallelModGrad pid=3572602)[0m node 6 is processing at round 2 for task 6
[2m[36m(ParallelModGrad pid=3572603)[0m node 7 is processing at round 2 for task 6
[2m[36m(ParallelModGrad pid=3572515)[0m node 0 is processing at round 3 for task 6
[2m[36m(ParallelModGrad pid=3572516)[0m node 1 is processing at round 3 for task 6
[2m[36m(ParallelModGrad pid=3572518)[0m node 3 is processing at round 3 for task 6
[2m[36m(ParallelModGrad pid=3572517)[0m node 2 is processing at round 3 for task 6
[2m[36m(ParallelModGrad pid=3572597)[0m node 4 is processing at round 3 for task 6
[2m[36m(ParallelModGrad pid=3572601)[0m node 5 is processing at round 3 for task 6
[2m[36m(ParallelModGrad pid=3572602)[0m node 6 is processing at round 3 for task 6
[2m[36m(ParallelModGrad pid=3572603)[0m node 7 is processing at round 3 for task 6
[2m[36m(ParallelModGrad pid=3572515)[0m node 0 is processing at round 4 for task 6
[2m[36m(ParallelModGrad pid=3572516)[0m node 1 is processing at round 4 for task 6
[2m[36m(ParallelModGrad pid=3572518)[0m node 3 is processing at round 4 for task 6
[2m[36m(ParallelModGrad pid=3572517)[0m node 2 is processing at round 4 for task 6
[2m[36m(ParallelModGrad pid=3572597)[0m node 4 is processing at round 4 for task 6
[2m[36m(ParallelModGrad pid=3572601)[0m node 5 is processing at round 4 for task 6
[2m[36m(ParallelModGrad pid=3572602)[0m node 6 is processing at round 4 for task 6
[2m[36m(ParallelModGrad pid=3572603)[0m node 7 is processing at round 4 for task 6
[2m[36m(ParallelModGrad pid=3572515)[0m node 0 is processing at round 5 for task 6
[2m[36m(ParallelModGrad pid=3572516)[0m node 1 is processing at round 5 for task 6
[2m[36m(ParallelModGrad pid=3572518)[0m node 3 is processing at round 5 for task 6
[2m[36m(ParallelModGrad pid=3572517)[0m node 2 is processing at round 5 for task 6
[2m[36m(ParallelModGrad pid=3572597)[0m node 4 is processing at round 5 for task 6
[2m[36m(ParallelModGrad pid=3572601)[0m node 5 is processing at round 5 for task 6
[2m[36m(ParallelModGrad pid=3572602)[0m node 6 is processing at round 5 for task 6
[2m[36m(ParallelModGrad pid=3572603)[0m node 7 is processing at round 5 for task 6
[2m[36m(ParallelModGrad pid=3572515)[0m node 0 is processing at round 6 for task 6
[2m[36m(ParallelModGrad pid=3572516)[0m node 1 is processing at round 6 for task 6
[2m[36m(ParallelModGrad pid=3572518)[0m node 3 is processing at round 6 for task 6
[2m[36m(ParallelModGrad pid=3572517)[0m node 2 is processing at round 6 for task 6
[2m[36m(ParallelModGrad pid=3572597)[0m node 4 is processing at round 6 for task 6
[2m[36m(ParallelModGrad pid=3572601)[0m node 5 is processing at round 6 for task 6
[2m[36m(ParallelModGrad pid=3572602)[0m node 6 is processing at round 6 for task 6
[2m[36m(ParallelModGrad pid=3572603)[0m node 7 is processing at round 6 for task 6
[2m[36m(ParallelModGrad pid=3572515)[0m node 0 is processing at round 7 for task 6
[2m[36m(ParallelModGrad pid=3572516)[0m node 1 is processing at round 7 for task 6
[2m[36m(ParallelModGrad pid=3572518)[0m node 3 is processing at round 7 for task 6
[2m[36m(ParallelModGrad pid=3572517)[0m node 2 is processing at round 7 for task 6
[2m[36m(ParallelModGrad pid=3572597)[0m node 4 is processing at round 7 for task 6
[2m[36m(ParallelModGrad pid=3572601)[0m node 5 is processing at round 7 for task 6
[2m[36m(ParallelModGrad pid=3572602)[0m node 6 is processing at round 7 for task 6
[2m[36m(ParallelModGrad pid=3572603)[0m node 7 is processing at round 7 for task 6
[2m[36m(ParallelModGrad pid=3572515)[0m node 0 is processing at round 8 for task 6
[2m[36m(ParallelModGrad pid=3572516)[0m node 1 is processing at round 8 for task 6
[2m[36m(ParallelModGrad pid=3572518)[0m node 3 is processing at round 8 for task 6
[2m[36m(ParallelModGrad pid=3572517)[0m node 2 is processing at round 8 for task 6
[2m[36m(ParallelModGrad pid=3572597)[0m node 4 is processing at round 8 for task 6
[2m[36m(ParallelModGrad pid=3572601)[0m node 5 is processing at round 8 for task 6
[2m[36m(ParallelModGrad pid=3572602)[0m node 6 is processing at round 8 for task 6
[2m[36m(ParallelModGrad pid=3572603)[0m node 7 is processing at round 8 for task 6
[2m[36m(ParallelModGrad pid=3572515)[0m node 0 is processing at round 9 for task 7
[2m[36m(ParallelModGrad pid=3572516)[0m node 1 is processing at round 9 for task 7
[2m[36m(ParallelModGrad pid=3572518)[0m node 3 is processing at round 9 for task 7
[2m[36m(ParallelModGrad pid=3572517)[0m node 2 is processing at round 9 for task 7
[2m[36m(ParallelModGrad pid=3572597)[0m node 4 is processing at round 9 for task 7
[2m[36m(ParallelModGrad pid=3572601)[0m node 5 is processing at round 9 for task 7
[2m[36m(ParallelModGrad pid=3572602)[0m node 6 is processing at round 9 for task 7
[2m[36m(ParallelModGrad pid=3572603)[0m node 7 is processing at round 9 for task 7
{'algo': 'modular', 'seed': 1, 'parallel': True, 'agent.batch_size': 64, 'num_agents': 8, 'dataset': 'fashionmnist', 'dataset.num_trains_per_class': 64, 'dataset.num_vals_per_class': 50, 'dataset.remap_labels': True, 'dataset.with_replacement': True, 'dataset.num_tasks': 10, 'net': 'mlp', 'net.depth': 4, 'num_init_tasks': 4, 'net.dropout': 0.0, 'train.num_epochs': 100, 'train.component_update_freq': 100, 'train.init_num_epochs': 100, 'train.init_component_update_freq': 100, 'train.save_freq': 1, 'agent.use_contrastive': True, 'agent.memory_size': 32, 'root_save_dir': 'experiment_results/fedavg/', 'sharing_strategy': 'grad_sharing', 'sharing_strategy.comm_freq': 10}
No. of experiments: 1
Experiment runs took 0:22:24.683009
