{'train': {'component_update_freq': 100, 'num_epochs': 100, 'init_component_update_freq': 100, 'init_num_epochs': 100, 'save_freq': 1}, 'dataset': {'dataset_name': 'fashionmnist', 'num_tasks': 10, 'num_classes_per_task': 2, 'with_replacement': True, 'num_trains_per_class': 64, 'num_vals_per_class': 50, 'remap_labels': True}, 'net': {'name': 'mlp', 'depth': 4, 'layer_size': 64, 'dropout': 0.0}, 'sharing_strategy': {'name': 'gradient', 'num_coms_per_round': 1, 'comm_freq': 10, 'mu': 1.0}, 'seed': 0, 'algo': 'modular', 'job_name': 'fashionmnist_modular_numtrain_64_contrastive', 'num_agents': 8, 'root_save_dir': 'experiment_results/fedavg/', 'parallel': True, 'num_init_tasks': 4, 'agent': {'save_dir': '${root_save_dir}/${job_name}/${dataset.dataset_name}/${algo}/seed_${seed}', 'batch_size': 64, 'memory_size': 32, 'improvement_threshold': 0.05, 'use_contrastive': True}}
[2023-10-17 21:13:01,274][root][INFO] - Class sequence: [5 0 4 3 4 6 4 3 8 0 1 0 5 9 6 4 9 0 3 0]
[2023-10-17 21:13:01,294][root][INFO] - task 0 :(128, 1, 28, 28)
[2023-10-17 21:13:01,345][root][INFO] - task 1 :(128, 1, 28, 28)
[2023-10-17 21:13:01,365][root][INFO] - task 2 :(128, 1, 28, 28)
[2023-10-17 21:13:01,386][root][INFO] - task 3 :(128, 1, 28, 28)
[2023-10-17 21:13:01,404][root][INFO] - task 4 :(128, 1, 28, 28)
[2023-10-17 21:13:01,425][root][INFO] - task 5 :(128, 1, 28, 28)
[2023-10-17 21:13:01,445][root][INFO] - task 6 :(128, 1, 28, 28)
[2023-10-17 21:13:01,466][root][INFO] - task 7 :(128, 1, 28, 28)
[2023-10-17 21:13:01,485][root][INFO] - task 8 :(128, 1, 28, 28)
[2023-10-17 21:13:01,506][root][INFO] - task 9 :(128, 1, 28, 28)
[2023-10-17 21:13:01,610][root][INFO] - Class sequence: [4 7 5 7 6 0 3 0 5 0 3 6 2 7 6 7 6 1 0 5]
[2023-10-17 21:13:01,627][root][INFO] - task 0 :(128, 1, 28, 28)
[2023-10-17 21:13:01,648][root][INFO] - task 1 :(128, 1, 28, 28)
[2023-10-17 21:13:01,670][root][INFO] - task 2 :(128, 1, 28, 28)
[2023-10-17 21:13:01,691][root][INFO] - task 3 :(128, 1, 28, 28)
[2023-10-17 21:13:01,712][root][INFO] - task 4 :(128, 1, 28, 28)
[2023-10-17 21:13:01,733][root][INFO] - task 5 :(128, 1, 28, 28)
[2023-10-17 21:13:01,753][root][INFO] - task 6 :(128, 1, 28, 28)
[2023-10-17 21:13:01,773][root][INFO] - task 7 :(128, 1, 28, 28)
[2023-10-17 21:13:01,794][root][INFO] - task 8 :(128, 1, 28, 28)
[2023-10-17 21:13:01,850][root][INFO] - task 9 :(128, 1, 28, 28)
[2023-10-17 21:13:01,966][root][INFO] - Class sequence: [6 7 7 8 4 1 1 8 6 1 6 4 5 7 8 0 2 3 0 3]
[2023-10-17 21:13:01,983][root][INFO] - task 0 :(128, 1, 28, 28)
[2023-10-17 21:13:02,009][root][INFO] - task 1 :(128, 1, 28, 28)
[2023-10-17 21:13:02,029][root][INFO] - task 2 :(128, 1, 28, 28)
[2023-10-17 21:13:02,050][root][INFO] - task 3 :(128, 1, 28, 28)
[2023-10-17 21:13:02,071][root][INFO] - task 4 :(128, 1, 28, 28)
[2023-10-17 21:13:02,092][root][INFO] - task 5 :(128, 1, 28, 28)
[2023-10-17 21:13:02,113][root][INFO] - task 6 :(128, 1, 28, 28)
[2023-10-17 21:13:02,134][root][INFO] - task 7 :(128, 1, 28, 28)
[2023-10-17 21:13:02,158][root][INFO] - task 8 :(128, 1, 28, 28)
[2023-10-17 21:13:02,180][root][INFO] - task 9 :(128, 1, 28, 28)
[2023-10-17 21:13:02,288][root][INFO] - Class sequence: [2 8 0 3 7 4 3 4 4 5 9 3 0 6 9 1 3 1 7 9]
[2023-10-17 21:13:02,306][root][INFO] - task 0 :(128, 1, 28, 28)
[2023-10-17 21:13:02,328][root][INFO] - task 1 :(128, 1, 28, 28)
[2023-10-17 21:13:02,348][root][INFO] - task 2 :(128, 1, 28, 28)
[2023-10-17 21:13:02,368][root][INFO] - task 3 :(128, 1, 28, 28)
[2023-10-17 21:13:02,388][root][INFO] - task 4 :(128, 1, 28, 28)
[2023-10-17 21:13:02,410][root][INFO] - task 5 :(128, 1, 28, 28)
[2023-10-17 21:13:02,431][root][INFO] - task 6 :(128, 1, 28, 28)
[2023-10-17 21:13:02,451][root][INFO] - task 7 :(128, 1, 28, 28)
[2023-10-17 21:13:02,472][root][INFO] - task 8 :(128, 1, 28, 28)
[2023-10-17 21:13:02,493][root][INFO] - task 9 :(128, 1, 28, 28)
[2023-10-17 21:13:02,600][root][INFO] - Class sequence: [0 3 0 2 9 7 0 9 2 1 7 6 8 6 1 8 6 4 9 8]
[2023-10-17 21:13:02,618][root][INFO] - task 0 :(128, 1, 28, 28)
[2023-10-17 21:13:02,639][root][INFO] - task 1 :(128, 1, 28, 28)
[2023-10-17 21:13:02,662][root][INFO] - task 2 :(128, 1, 28, 28)
[2023-10-17 21:13:02,683][root][INFO] - task 3 :(128, 1, 28, 28)
[2023-10-17 21:13:02,703][root][INFO] - task 4 :(128, 1, 28, 28)
[2023-10-17 21:13:02,725][root][INFO] - task 5 :(128, 1, 28, 28)
[2023-10-17 21:13:02,746][root][INFO] - task 6 :(128, 1, 28, 28)
[2023-10-17 21:13:02,768][root][INFO] - task 7 :(128, 1, 28, 28)
[2023-10-17 21:13:02,789][root][INFO] - task 8 :(128, 1, 28, 28)
[2023-10-17 21:13:02,810][root][INFO] - task 9 :(128, 1, 28, 28)
[2023-10-17 21:13:02,916][root][INFO] - Class sequence: [8 4 6 3 3 1 1 6 4 9 3 2 2 9 6 0 5 9 7 2]
[2023-10-17 21:13:02,935][root][INFO] - task 0 :(128, 1, 28, 28)
[2023-10-17 21:13:02,956][root][INFO] - task 1 :(128, 1, 28, 28)
[2023-10-17 21:13:02,977][root][INFO] - task 2 :(128, 1, 28, 28)
[2023-10-17 21:13:02,998][root][INFO] - task 3 :(128, 1, 28, 28)
[2023-10-17 21:13:03,020][root][INFO] - task 4 :(128, 1, 28, 28)
[2023-10-17 21:13:03,041][root][INFO] - task 5 :(128, 1, 28, 28)
[2023-10-17 21:13:03,061][root][INFO] - task 6 :(128, 1, 28, 28)
[2023-10-17 21:13:03,082][root][INFO] - task 7 :(128, 1, 28, 28)
[2023-10-17 21:13:03,105][root][INFO] - task 8 :(128, 1, 28, 28)
[2023-10-17 21:13:03,127][root][INFO] - task 9 :(128, 1, 28, 28)
[2023-10-17 21:13:03,235][root][INFO] - Class sequence: [7 5 8 4 6 9 8 3 4 6 1 3 3 1 4 1 9 2 6 2]
[2023-10-17 21:13:03,253][root][INFO] - task 0 :(128, 1, 28, 28)
[2023-10-17 21:13:03,274][root][INFO] - task 1 :(128, 1, 28, 28)
[2023-10-17 21:13:03,295][root][INFO] - task 2 :(128, 1, 28, 28)
[2023-10-17 21:13:03,317][root][INFO] - task 3 :(128, 1, 28, 28)
[2023-10-17 21:13:03,343][root][INFO] - task 4 :(128, 1, 28, 28)
[2023-10-17 21:13:03,363][root][INFO] - task 5 :(128, 1, 28, 28)
[2023-10-17 21:13:03,383][root][INFO] - task 6 :(128, 1, 28, 28)
[2023-10-17 21:13:03,404][root][INFO] - task 7 :(128, 1, 28, 28)
[2023-10-17 21:13:03,425][root][INFO] - task 8 :(128, 1, 28, 28)
[2023-10-17 21:13:03,445][root][INFO] - task 9 :(128, 1, 28, 28)
[2023-10-17 21:13:03,551][root][INFO] - Class sequence: [5 1 8 3 9 6 5 9 5 0 7 2 7 8 6 1 6 0 0 6]
[2023-10-17 21:13:03,570][root][INFO] - task 0 :(128, 1, 28, 28)
[2023-10-17 21:13:03,591][root][INFO] - task 1 :(128, 1, 28, 28)
[2023-10-17 21:13:03,612][root][INFO] - task 2 :(128, 1, 28, 28)
[2023-10-17 21:13:03,637][root][INFO] - task 3 :(128, 1, 28, 28)
[2023-10-17 21:13:03,658][root][INFO] - task 4 :(128, 1, 28, 28)
[2023-10-17 21:13:03,679][root][INFO] - task 5 :(128, 1, 28, 28)
[2023-10-17 21:13:03,699][root][INFO] - task 6 :(128, 1, 28, 28)
[2023-10-17 21:13:03,721][root][INFO] - task 7 :(128, 1, 28, 28)
[2023-10-17 21:13:03,742][root][INFO] - task 8 :(128, 1, 28, 28)
[2023-10-17 21:13:03,764][root][INFO] - task 9 :(128, 1, 28, 28)
i_size 28
num_classes 2
net_cfg {'name': 'mlp', 'depth': 4, 'layer_size': 64, 'dropout': 0.0, 'i_size': 28, 'num_classes': 2, 'num_tasks': 10, 'num_init_tasks': 4, 'use_contrastive': True}
<class 'shell.learners.er_dynamic.CompositionalDynamicER'>
[2023-10-17 21:13:03,873][root][INFO] - Class sequence: [7 0 8 4 8 3 3 9 6 4 3 2 4 6 7 4 9 0 3 1]
[2023-10-17 21:13:03,890][root][INFO] - task 0 :(128, 1, 28, 28)
[2023-10-17 21:13:03,910][root][INFO] - task 1 :(128, 1, 28, 28)
[2023-10-17 21:13:03,930][root][INFO] - task 2 :(128, 1, 28, 28)
[2023-10-17 21:13:03,953][root][INFO] - task 3 :(128, 1, 28, 28)
[2023-10-17 21:13:03,972][root][INFO] - task 4 :(128, 1, 28, 28)
[2023-10-17 21:13:03,992][root][INFO] - task 5 :(128, 1, 28, 28)
[2023-10-17 21:13:04,012][root][INFO] - task 6 :(128, 1, 28, 28)
[2023-10-17 21:13:04,033][root][INFO] - task 7 :(128, 1, 28, 28)
[2023-10-17 21:13:04,052][root][INFO] - task 8 :(128, 1, 28, 28)
[2023-10-17 21:13:04,072][root][INFO] - task 9 :(128, 1, 28, 28)
[2023-10-17 21:13:19,048][root][INFO] - Joint training on task 0 ...
[2023-10-17 21:13:24,014][root][INFO] - Joint training on task 1 ...
[2023-10-17 21:13:24,919][root][INFO] - Joint training on task 2 ...
[2023-10-17 21:13:26,356][root][INFO] - Joint training on task 3 ...
[2023-10-17 21:15:43,472][root][INFO] - DONE TRAINING THE JOINT AGENT...
[2023-10-17 21:15:43,472][root][INFO] - No. gpus per agent: 0.25
[2023-10-17 21:15:48,820][root][INFO] - Created fleet with 8 agents
[2023-10-17 21:15:48,820][root][INFO] - Adding neighbors...
[2023-10-17 21:15:49,052][root][INFO] - Fleet initialized
[2023-10-17 21:15:49,060][root][INFO] - READY TO TRAIN INDIVIDUAL AGENTS...
[2m[36m(ParallelModGrad pid=3805576)[0m node 0 is processing at round 0 for task 0
[2m[36m(ParallelModGrad pid=3805633)[0m node 1 is processing at round 0 for task 0
[2m[36m(ParallelModGrad pid=3805663)[0m node 2 is processing at round 0 for task 0
[2m[36m(ParallelModGrad pid=3805948)[0m node 3 is processing at round 0 for task 0
[2m[36m(ParallelModGrad pid=3806035)[0m node 4 is processing at round 0 for task 0
[2m[36m(ParallelModGrad pid=3806232)[0m node 5 is processing at round 0 for task 0
[2m[36m(ParallelModGrad pid=3806515)[0m node 6 is processing at round 0 for task 0
[2m[36m(ParallelModGrad pid=3806758)[0m node 7 is processing at round 0 for task 0
[2m[36m(ParallelModGrad pid=3805576)[0m node 0 is processing at round 1 for task 0
[2m[36m(ParallelModGrad pid=3805633)[0m node 1 is processing at round 1 for task 0
[2m[36m(ParallelModGrad pid=3805663)[0m node 2 is processing at round 1 for task 0
[2m[36m(ParallelModGrad pid=3805948)[0m node 3 is processing at round 1 for task 0
[2m[36m(ParallelModGrad pid=3806035)[0m node 4 is processing at round 1 for task 0
[2m[36m(ParallelModGrad pid=3806232)[0m node 5 is processing at round 1 for task 0
[2m[36m(ParallelModGrad pid=3806515)[0m node 6 is processing at round 1 for task 0
[2m[36m(ParallelModGrad pid=3806758)[0m node 7 is processing at round 1 for task 0
[2m[36m(ParallelModGrad pid=3805576)[0m node 0 is processing at round 2 for task 0
[2m[36m(ParallelModGrad pid=3805633)[0m node 1 is processing at round 2 for task 0
[2m[36m(ParallelModGrad pid=3805663)[0m node 2 is processing at round 2 for task 0
[2m[36m(ParallelModGrad pid=3805948)[0m node 3 is processing at round 2 for task 0
[2m[36m(ParallelModGrad pid=3806035)[0m node 4 is processing at round 2 for task 0
[2m[36m(ParallelModGrad pid=3806232)[0m node 5 is processing at round 2 for task 0
[2m[36m(ParallelModGrad pid=3806515)[0m node 6 is processing at round 2 for task 0
[2m[36m(ParallelModGrad pid=3806758)[0m node 7 is processing at round 2 for task 0
[2m[36m(ParallelModGrad pid=3805576)[0m node 0 is processing at round 3 for task 0
[2m[36m(ParallelModGrad pid=3805633)[0m node 1 is processing at round 3 for task 0
[2m[36m(ParallelModGrad pid=3805663)[0m node 2 is processing at round 3 for task 0
[2m[36m(ParallelModGrad pid=3805948)[0m node 3 is processing at round 3 for task 0
[2m[36m(ParallelModGrad pid=3806035)[0m node 4 is processing at round 3 for task 0
[2m[36m(ParallelModGrad pid=3806232)[0m node 5 is processing at round 3 for task 0
[2m[36m(ParallelModGrad pid=3806515)[0m node 6 is processing at round 3 for task 0
[2m[36m(ParallelModGrad pid=3806758)[0m node 7 is processing at round 3 for task 0
[2m[36m(ParallelModGrad pid=3805576)[0m node 0 is processing at round 4 for task 0
[2m[36m(ParallelModGrad pid=3805633)[0m node 1 is processing at round 4 for task 0
[2m[36m(ParallelModGrad pid=3805663)[0m node 2 is processing at round 4 for task 0
[2m[36m(ParallelModGrad pid=3805948)[0m node 3 is processing at round 4 for task 0
[2m[36m(ParallelModGrad pid=3806035)[0m node 4 is processing at round 4 for task 0
[2m[36m(ParallelModGrad pid=3806232)[0m node 5 is processing at round 4 for task 0
[2m[36m(ParallelModGrad pid=3806515)[0m node 6 is processing at round 4 for task 0
[2m[36m(ParallelModGrad pid=3806758)[0m node 7 is processing at round 4 for task 0
[2m[36m(ParallelModGrad pid=3805576)[0m node 0 is processing at round 5 for task 0
[2m[36m(ParallelModGrad pid=3805633)[0m node 1 is processing at round 5 for task 0
[2m[36m(ParallelModGrad pid=3805663)[0m node 2 is processing at round 5 for task 0
[2m[36m(ParallelModGrad pid=3805948)[0m node 3 is processing at round 5 for task 0
[2m[36m(ParallelModGrad pid=3806035)[0m node 4 is processing at round 5 for task 0
[2m[36m(ParallelModGrad pid=3806232)[0m node 5 is processing at round 5 for task 0
[2m[36m(ParallelModGrad pid=3806515)[0m node 6 is processing at round 5 for task 0
[2m[36m(ParallelModGrad pid=3806758)[0m node 7 is processing at round 5 for task 0
[2m[36m(ParallelModGrad pid=3805576)[0m node 0 is processing at round 6 for task 0
[2m[36m(ParallelModGrad pid=3805633)[0m node 1 is processing at round 6 for task 0
[2m[36m(ParallelModGrad pid=3805663)[0m node 2 is processing at round 6 for task 0
[2m[36m(ParallelModGrad pid=3805948)[0m node 3 is processing at round 6 for task 0
[2m[36m(ParallelModGrad pid=3806035)[0m node 4 is processing at round 6 for task 0
[2m[36m(ParallelModGrad pid=3806232)[0m node 5 is processing at round 6 for task 0
[2m[36m(ParallelModGrad pid=3806515)[0m node 6 is processing at round 6 for task 0
[2m[36m(ParallelModGrad pid=3806758)[0m node 7 is processing at round 6 for task 0
[2m[36m(ParallelModGrad pid=3805576)[0m node 0 is processing at round 7 for task 0
[2m[36m(ParallelModGrad pid=3805633)[0m node 1 is processing at round 7 for task 0
[2m[36m(ParallelModGrad pid=3805663)[0m node 2 is processing at round 7 for task 0
[2m[36m(ParallelModGrad pid=3805948)[0m node 3 is processing at round 7 for task 0
[2m[36m(ParallelModGrad pid=3806035)[0m node 4 is processing at round 7 for task 0
[2m[36m(ParallelModGrad pid=3806232)[0m node 5 is processing at round 7 for task 0
[2m[36m(ParallelModGrad pid=3806515)[0m node 6 is processing at round 7 for task 0
[2m[36m(ParallelModGrad pid=3806758)[0m node 7 is processing at round 7 for task 0
[2m[36m(ParallelModGrad pid=3805576)[0m node 0 is processing at round 8 for task 0
[2m[36m(ParallelModGrad pid=3805633)[0m node 1 is processing at round 8 for task 0
[2m[36m(ParallelModGrad pid=3805663)[0m node 2 is processing at round 8 for task 0
[2m[36m(ParallelModGrad pid=3805948)[0m node 3 is processing at round 8 for task 0
[2m[36m(ParallelModGrad pid=3806035)[0m node 4 is processing at round 8 for task 0
[2m[36m(ParallelModGrad pid=3806232)[0m node 5 is processing at round 8 for task 0
[2m[36m(ParallelModGrad pid=3806515)[0m node 6 is processing at round 8 for task 0
[2m[36m(ParallelModGrad pid=3806758)[0m node 7 is processing at round 8 for task 0
[2m[36m(ParallelModGrad pid=3805576)[0m node 0 is processing at round 9 for task 0
[2m[36m(ParallelModGrad pid=3805633)[0m node 1 is processing at round 9 for task 0
[2m[36m(ParallelModGrad pid=3805663)[0m node 2 is processing at round 9 for task 0
[2m[36m(ParallelModGrad pid=3805948)[0m node 3 is processing at round 9 for task 0
[2m[36m(ParallelModGrad pid=3806035)[0m node 4 is processing at round 9 for task 0
[2m[36m(ParallelModGrad pid=3806232)[0m node 5 is processing at round 9 for task 0
[2m[36m(ParallelModGrad pid=3806515)[0m node 6 is processing at round 9 for task 0
[2m[36m(ParallelModGrad pid=3806758)[0m node 7 is processing at round 9 for task 0
{'algo': 'modular', 'seed': 0, 'parallel': True, 'agent.batch_size': 64, 'num_agents': 8, 'dataset': 'fashionmnist', 'dataset.num_trains_per_class': 64, 'dataset.num_vals_per_class': 50, 'dataset.remap_labels': True, 'dataset.with_replacement': True, 'dataset.num_tasks': 10, 'net': 'mlp', 'net.depth': 4, 'num_init_tasks': 4, 'net.dropout': 0.0, 'train.num_epochs': 100, 'train.component_update_freq': 100, 'train.init_num_epochs': 100, 'train.init_component_update_freq': 100, 'train.save_freq': 1, 'agent.use_contrastive': True, 'agent.memory_size': 32, 'root_save_dir': 'experiment_results/fedavg/', 'sharing_strategy': 'grad_sharing', 'sharing_strategy.comm_freq': 10}
No. of experiments: 1
Experiment runs took 0:05:13.332585
