{'train': {'component_update_freq': 100, 'num_epochs': 100, 'init_component_update_freq': 100, 'init_num_epochs': 100, 'save_freq': 1}, 'dataset': {'dataset_name': 'fashionmnist', 'num_tasks': 10, 'num_classes_per_task': 2, 'with_replacement': True, 'num_trains_per_class': 64, 'num_vals_per_class': 50, 'remap_labels': True}, 'net': {'name': 'mlp', 'depth': 4, 'layer_size': 64, 'dropout': 0.0}, 'sharing_strategy': {'name': 'gradient', 'num_coms_per_round': 1, 'comm_freq': 10, 'mu': 1.0}, 'seed': 2, 'algo': 'modular', 'job_name': 'fashionmnist_modular_numtrain_64_contrastive', 'num_agents': 2, 'root_save_dir': 'experiment_results/fedavg/', 'parallel': True, 'num_init_tasks': 4, 'agent': {'save_dir': '${root_save_dir}/${job_name}/${dataset.dataset_name}/${algo}/seed_${seed}', 'batch_size': 64, 'memory_size': 32, 'improvement_threshold': 0.05, 'use_contrastive': True}}
[2023-10-17 23:24:44,526][root][INFO] - Class sequence: [3 9 5 0 5 1 8 6 4 5 5 3 0 9 7 6 6 3 6 3]
[2023-10-17 23:24:44,545][root][INFO] - task 0 :(128, 1, 28, 28)
[2023-10-17 23:24:44,590][root][INFO] - task 1 :(128, 1, 28, 28)
[2023-10-17 23:24:44,618][root][INFO] - task 2 :(128, 1, 28, 28)
[2023-10-17 23:24:44,639][root][INFO] - task 3 :(128, 1, 28, 28)
[2023-10-17 23:24:44,659][root][INFO] - task 4 :(128, 1, 28, 28)
[2023-10-17 23:24:44,679][root][INFO] - task 5 :(128, 1, 28, 28)
[2023-10-17 23:24:44,698][root][INFO] - task 6 :(128, 1, 28, 28)
[2023-10-17 23:24:44,718][root][INFO] - task 7 :(128, 1, 28, 28)
[2023-10-17 23:24:44,739][root][INFO] - task 8 :(128, 1, 28, 28)
[2023-10-17 23:24:44,760][root][INFO] - task 9 :(128, 1, 28, 28)
[2023-10-17 23:24:44,861][root][INFO] - Class sequence: [0 5 3 0 7 9 4 6 7 6 3 0 7 3 5 4 4 1 3 9]
[2023-10-17 23:24:44,879][root][INFO] - task 0 :(128, 1, 28, 28)
[2023-10-17 23:24:44,898][root][INFO] - task 1 :(128, 1, 28, 28)
[2023-10-17 23:24:44,918][root][INFO] - task 2 :(128, 1, 28, 28)
[2023-10-17 23:24:44,938][root][INFO] - task 3 :(128, 1, 28, 28)
[2023-10-17 23:24:44,957][root][INFO] - task 4 :(128, 1, 28, 28)
[2023-10-17 23:24:44,976][root][INFO] - task 5 :(128, 1, 28, 28)
[2023-10-17 23:24:44,997][root][INFO] - task 6 :(128, 1, 28, 28)
[2023-10-17 23:24:45,016][root][INFO] - task 7 :(128, 1, 28, 28)
[2023-10-17 23:24:45,037][root][INFO] - task 8 :(128, 1, 28, 28)
[2023-10-17 23:24:45,056][root][INFO] - task 9 :(128, 1, 28, 28)
i_size 28
num_classes 2
net_cfg {'name': 'mlp', 'depth': 4, 'layer_size': 64, 'dropout': 0.0, 'i_size': 28, 'num_classes': 2, 'num_tasks': 10, 'num_init_tasks': 4, 'use_contrastive': True}
<class 'shell.learners.er_dynamic.CompositionalDynamicER'>
[2023-10-17 23:24:45,160][root][INFO] - Class sequence: [4 7 3 1 0 1 2 3 8 4 2 3 8 6 8 2 2 1 9 1]
[2023-10-17 23:24:45,177][root][INFO] - task 0 :(128, 1, 28, 28)
[2023-10-17 23:24:45,196][root][INFO] - task 1 :(128, 1, 28, 28)
[2023-10-17 23:24:45,216][root][INFO] - task 2 :(128, 1, 28, 28)
[2023-10-17 23:24:45,237][root][INFO] - task 3 :(128, 1, 28, 28)
[2023-10-17 23:24:45,257][root][INFO] - task 4 :(128, 1, 28, 28)
[2023-10-17 23:24:45,276][root][INFO] - task 5 :(128, 1, 28, 28)
[2023-10-17 23:24:45,303][root][INFO] - task 6 :(128, 1, 28, 28)
[2023-10-17 23:24:45,322][root][INFO] - task 7 :(128, 1, 28, 28)
[2023-10-17 23:24:45,341][root][INFO] - task 8 :(128, 1, 28, 28)
[2023-10-17 23:24:45,360][root][INFO] - task 9 :(128, 1, 28, 28)
[2023-10-17 23:24:59,998][root][INFO] - Joint training on task 0 ...
[2023-10-17 23:25:05,021][root][INFO] - Joint training on task 1 ...
[2023-10-17 23:25:06,163][root][INFO] - Joint training on task 2 ...
[2023-10-17 23:25:07,547][root][INFO] - Joint training on task 3 ...
