{'train': {'component_update_freq': 100, 'num_epochs': 100, 'init_component_update_freq': 100, 'init_num_epochs': 100, 'save_freq': 1}, 'dataset': {'dataset_name': 'fashionmnist', 'num_tasks': 10, 'num_classes_per_task': 2, 'with_replacement': True, 'num_trains_per_class': 64, 'num_vals_per_class': 50, 'remap_labels': True}, 'net': {'name': 'mlp', 'depth': 4, 'layer_size': 64, 'dropout': 0.0}, 'sharing_strategy': {'name': 'gradient', 'num_coms_per_round': 1, 'comm_freq': 10, 'mu': 1.0}, 'seed': 0, 'algo': 'modular', 'job_name': 'fashionmnist_modular_numtrain_64_contrastive', 'num_agents': 8, 'root_save_dir': 'experiment_results/fedavg/', 'parallel': True, 'num_init_tasks': 4, 'agent': {'save_dir': '${root_save_dir}/${job_name}/${dataset.dataset_name}/${algo}/seed_${seed}', 'batch_size': 64, 'memory_size': 32, 'improvement_threshold': 0.05, 'use_contrastive': True}}
[2023-10-17 21:22:29,712][root][INFO] - Class sequence: [5 0 4 3 4 6 4 3 8 0 1 0 5 9 6 4 9 0 3 0]
[2023-10-17 21:22:29,731][root][INFO] - task 0 :(128, 1, 28, 28)
[2023-10-17 21:22:29,777][root][INFO] - task 1 :(128, 1, 28, 28)
[2023-10-17 21:22:29,796][root][INFO] - task 2 :(128, 1, 28, 28)
[2023-10-17 21:22:29,817][root][INFO] - task 3 :(128, 1, 28, 28)
[2023-10-17 21:22:29,835][root][INFO] - task 4 :(128, 1, 28, 28)
[2023-10-17 21:22:29,855][root][INFO] - task 5 :(128, 1, 28, 28)
[2023-10-17 21:22:29,875][root][INFO] - task 6 :(128, 1, 28, 28)
[2023-10-17 21:22:29,895][root][INFO] - task 7 :(128, 1, 28, 28)
[2023-10-17 21:22:29,914][root][INFO] - task 8 :(128, 1, 28, 28)
[2023-10-17 21:22:29,934][root][INFO] - task 9 :(128, 1, 28, 28)
[2023-10-17 21:22:30,036][root][INFO] - Class sequence: [4 7 5 7 6 0 3 0 5 0 3 6 2 7 6 7 6 1 0 5]
[2023-10-17 21:22:30,054][root][INFO] - task 0 :(128, 1, 28, 28)
[2023-10-17 21:22:30,073][root][INFO] - task 1 :(128, 1, 28, 28)
[2023-10-17 21:22:30,094][root][INFO] - task 2 :(128, 1, 28, 28)
[2023-10-17 21:22:30,115][root][INFO] - task 3 :(128, 1, 28, 28)
[2023-10-17 21:22:30,136][root][INFO] - task 4 :(128, 1, 28, 28)
[2023-10-17 21:22:30,157][root][INFO] - task 5 :(128, 1, 28, 28)
[2023-10-17 21:22:30,177][root][INFO] - task 6 :(128, 1, 28, 28)
[2023-10-17 21:22:30,197][root][INFO] - task 7 :(128, 1, 28, 28)
[2023-10-17 21:22:30,218][root][INFO] - task 8 :(128, 1, 28, 28)
[2023-10-17 21:22:30,239][root][INFO] - task 9 :(128, 1, 28, 28)
[2023-10-17 21:22:30,345][root][INFO] - Class sequence: [6 7 7 8 4 1 1 8 6 1 6 4 5 7 8 0 2 3 0 3]
[2023-10-17 21:22:30,363][root][INFO] - task 0 :(128, 1, 28, 28)
[2023-10-17 21:22:30,383][root][INFO] - task 1 :(128, 1, 28, 28)
[2023-10-17 21:22:30,403][root][INFO] - task 2 :(128, 1, 28, 28)
[2023-10-17 21:22:30,424][root][INFO] - task 3 :(128, 1, 28, 28)
[2023-10-17 21:22:30,444][root][INFO] - task 4 :(128, 1, 28, 28)
[2023-10-17 21:22:30,464][root][INFO] - task 5 :(128, 1, 28, 28)
[2023-10-17 21:22:30,484][root][INFO] - task 6 :(128, 1, 28, 28)
[2023-10-17 21:22:30,504][root][INFO] - task 7 :(128, 1, 28, 28)
[2023-10-17 21:22:30,524][root][INFO] - task 8 :(128, 1, 28, 28)
[2023-10-17 21:22:30,548][root][INFO] - task 9 :(128, 1, 28, 28)
[2023-10-17 21:22:30,654][root][INFO] - Class sequence: [2 8 0 3 7 4 3 4 4 5 9 3 0 6 9 1 3 1 7 9]
[2023-10-17 21:22:30,672][root][INFO] - task 0 :(128, 1, 28, 28)
[2023-10-17 21:22:30,692][root][INFO] - task 1 :(128, 1, 28, 28)
[2023-10-17 21:22:30,716][root][INFO] - task 2 :(128, 1, 28, 28)
[2023-10-17 21:22:30,736][root][INFO] - task 3 :(128, 1, 28, 28)
[2023-10-17 21:22:30,756][root][INFO] - task 4 :(128, 1, 28, 28)
[2023-10-17 21:22:30,778][root][INFO] - task 5 :(128, 1, 28, 28)
[2023-10-17 21:22:30,805][root][INFO] - task 6 :(128, 1, 28, 28)
[2023-10-17 21:22:30,831][root][INFO] - task 7 :(128, 1, 28, 28)
[2023-10-17 21:22:30,851][root][INFO] - task 8 :(128, 1, 28, 28)
[2023-10-17 21:22:30,872][root][INFO] - task 9 :(128, 1, 28, 28)
[2023-10-17 21:22:30,976][root][INFO] - Class sequence: [0 3 0 2 9 7 0 9 2 1 7 6 8 6 1 8 6 4 9 8]
[2023-10-17 21:22:30,992][root][INFO] - task 0 :(128, 1, 28, 28)
[2023-10-17 21:22:31,012][root][INFO] - task 1 :(128, 1, 28, 28)
[2023-10-17 21:22:31,036][root][INFO] - task 2 :(128, 1, 28, 28)
[2023-10-17 21:22:31,056][root][INFO] - task 3 :(128, 1, 28, 28)
[2023-10-17 21:22:31,075][root][INFO] - task 4 :(128, 1, 28, 28)
[2023-10-17 21:22:31,100][root][INFO] - task 5 :(128, 1, 28, 28)
[2023-10-17 21:22:31,120][root][INFO] - task 6 :(128, 1, 28, 28)
[2023-10-17 21:22:31,141][root][INFO] - task 7 :(128, 1, 28, 28)
[2023-10-17 21:22:31,161][root][INFO] - task 8 :(128, 1, 28, 28)
[2023-10-17 21:22:31,192][root][INFO] - task 9 :(128, 1, 28, 28)
[2023-10-17 21:22:31,295][root][INFO] - Class sequence: [8 4 6 3 3 1 1 6 4 9 3 2 2 9 6 0 5 9 7 2]
[2023-10-17 21:22:31,314][root][INFO] - task 0 :(128, 1, 28, 28)
[2023-10-17 21:22:31,334][root][INFO] - task 1 :(128, 1, 28, 28)
[2023-10-17 21:22:31,355][root][INFO] - task 2 :(128, 1, 28, 28)
[2023-10-17 21:22:31,376][root][INFO] - task 3 :(128, 1, 28, 28)
[2023-10-17 21:22:31,397][root][INFO] - task 4 :(128, 1, 28, 28)
[2023-10-17 21:22:31,418][root][INFO] - task 5 :(128, 1, 28, 28)
[2023-10-17 21:22:31,437][root][INFO] - task 6 :(128, 1, 28, 28)
[2023-10-17 21:22:31,457][root][INFO] - task 7 :(128, 1, 28, 28)
[2023-10-17 21:22:31,478][root][INFO] - task 8 :(128, 1, 28, 28)
[2023-10-17 21:22:31,499][root][INFO] - task 9 :(128, 1, 28, 28)
[2023-10-17 21:22:31,607][root][INFO] - Class sequence: [7 5 8 4 6 9 8 3 4 6 1 3 3 1 4 1 9 2 6 2]
[2023-10-17 21:22:31,624][root][INFO] - task 0 :(128, 1, 28, 28)
[2023-10-17 21:22:31,644][root][INFO] - task 1 :(128, 1, 28, 28)
[2023-10-17 21:22:31,665][root][INFO] - task 2 :(128, 1, 28, 28)
[2023-10-17 21:22:31,686][root][INFO] - task 3 :(128, 1, 28, 28)
[2023-10-17 21:22:31,712][root][INFO] - task 4 :(128, 1, 28, 28)
[2023-10-17 21:22:31,732][root][INFO] - task 5 :(128, 1, 28, 28)
[2023-10-17 21:22:31,753][root][INFO] - task 6 :(128, 1, 28, 28)
[2023-10-17 21:22:31,774][root][INFO] - task 7 :(128, 1, 28, 28)
[2023-10-17 21:22:31,795][root][INFO] - task 8 :(128, 1, 28, 28)
[2023-10-17 21:22:31,815][root][INFO] - task 9 :(128, 1, 28, 28)
[2023-10-17 21:22:31,918][root][INFO] - Class sequence: [5 1 8 3 9 6 5 9 5 0 7 2 7 8 6 1 6 0 0 6]
[2023-10-17 21:22:31,936][root][INFO] - task 0 :(128, 1, 28, 28)
[2023-10-17 21:22:31,958][root][INFO] - task 1 :(128, 1, 28, 28)
[2023-10-17 21:22:31,978][root][INFO] - task 2 :(128, 1, 28, 28)
[2023-10-17 21:22:31,998][root][INFO] - task 3 :(128, 1, 28, 28)
[2023-10-17 21:22:32,025][root][INFO] - task 4 :(128, 1, 28, 28)
[2023-10-17 21:22:32,046][root][INFO] - task 5 :(128, 1, 28, 28)
[2023-10-17 21:22:32,065][root][INFO] - task 6 :(128, 1, 28, 28)
[2023-10-17 21:22:32,086][root][INFO] - task 7 :(128, 1, 28, 28)
[2023-10-17 21:22:32,106][root][INFO] - task 8 :(128, 1, 28, 28)
[2023-10-17 21:22:32,126][root][INFO] - task 9 :(128, 1, 28, 28)
i_size 28
num_classes 2
net_cfg {'name': 'mlp', 'depth': 4, 'layer_size': 64, 'dropout': 0.0, 'i_size': 28, 'num_classes': 2, 'num_tasks': 10, 'num_init_tasks': 4, 'use_contrastive': True}
<class 'shell.learners.er_dynamic.CompositionalDynamicER'>
[2023-10-17 21:22:32,232][root][INFO] - Class sequence: [7 0 8 4 8 3 3 9 6 4 3 2 4 6 7 4 9 0 3 1]
[2023-10-17 21:22:32,249][root][INFO] - task 0 :(128, 1, 28, 28)
[2023-10-17 21:22:32,269][root][INFO] - task 1 :(128, 1, 28, 28)
[2023-10-17 21:22:32,290][root][INFO] - task 2 :(128, 1, 28, 28)
[2023-10-17 21:22:32,318][root][INFO] - task 3 :(128, 1, 28, 28)
[2023-10-17 21:22:32,337][root][INFO] - task 4 :(128, 1, 28, 28)
[2023-10-17 21:22:32,358][root][INFO] - task 5 :(128, 1, 28, 28)
[2023-10-17 21:22:32,378][root][INFO] - task 6 :(128, 1, 28, 28)
[2023-10-17 21:22:32,400][root][INFO] - task 7 :(128, 1, 28, 28)
[2023-10-17 21:22:32,418][root][INFO] - task 8 :(128, 1, 28, 28)
[2023-10-17 21:22:32,439][root][INFO] - task 9 :(128, 1, 28, 28)
[2023-10-17 21:22:47,610][root][INFO] - Joint training on task 0 ...
[2023-10-17 21:22:52,717][root][INFO] - Joint training on task 1 ...
[2023-10-17 21:22:53,680][root][INFO] - Joint training on task 2 ...
[2023-10-17 21:22:55,149][root][INFO] - Joint training on task 3 ...
