/mnt/kostas-graid/sw/envs/vlongle/miniconda3/envs/shell/lib/python3.10/site-packages/hydra/_internal/defaults_list.py:251: UserWarning: In 'config': Defaults list is missing `_self_`. See https://hydra.cc/docs/1.2/upgrades/1.0_to_1.1/default_composition_order for more information
  warnings.warn(msg, UserWarning)
{'train': {'component_update_freq': 100, 'num_epochs': 100, 'init_component_update_freq': 100, 'init_num_epochs': 100, 'save_freq': 1}, 'dataset': {'dataset_name': 'kmnist', 'num_tasks': 10, 'num_classes_per_task': 2, 'with_replacement': True, 'num_trains_per_class': 64, 'num_vals_per_class': 50, 'remap_labels': True}, 'net': {'name': 'mlp', 'depth': 4, 'layer_size': 64, 'dropout': 0.0}, 'sharing_strategy': {'name': 'fedprox', 'num_coms_per_round': 1, 'comm_freq': 10, 'mu': 0.0}, 'seed': 0, 'algo': 'monolithic', 'job_name': 'kmnist_monolithic_numtrain_64_contrastive', 'num_agents': 8, 'root_save_dir': 'experiment_results/fedprox_0.0/', 'parallel': True, 'num_init_tasks': 4, 'agent': {'save_dir': '${root_save_dir}/${job_name}/${dataset.dataset_name}/${algo}/seed_${seed}', 'batch_size': 64, 'memory_size': 32, 'improvement_threshold': 0.05, 'use_contrastive': True}}
[2023-10-16 14:34:35,765][root][INFO] - Class sequence: [5 0 4 3 4 6 4 3 8 0 1 0 5 9 6 4 9 0 3 0]
[2023-10-16 14:34:35,785][root][INFO] - task 0 :(128, 1, 28, 28)
[2023-10-16 14:34:35,814][root][INFO] - task 1 :(128, 1, 28, 28)
[2023-10-16 14:34:35,835][root][INFO] - task 2 :(128, 1, 28, 28)
[2023-10-16 14:34:35,856][root][INFO] - task 3 :(128, 1, 28, 28)
[2023-10-16 14:34:35,874][root][INFO] - task 4 :(128, 1, 28, 28)
[2023-10-16 14:34:35,894][root][INFO] - task 5 :(128, 1, 28, 28)
[2023-10-16 14:34:35,916][root][INFO] - task 6 :(128, 1, 28, 28)
[2023-10-16 14:34:35,936][root][INFO] - task 7 :(128, 1, 28, 28)
[2023-10-16 14:34:35,955][root][INFO] - task 8 :(128, 1, 28, 28)
[2023-10-16 14:34:35,976][root][INFO] - task 9 :(128, 1, 28, 28)
[2023-10-16 14:34:36,284][root][INFO] - Class sequence: [4 7 5 7 6 0 3 0 5 0 3 6 2 7 6 7 6 1 0 5]
[2023-10-16 14:34:36,301][root][INFO] - task 0 :(128, 1, 28, 28)
[2023-10-16 14:34:36,322][root][INFO] - task 1 :(128, 1, 28, 28)
[2023-10-16 14:34:36,342][root][INFO] - task 2 :(128, 1, 28, 28)
[2023-10-16 14:34:36,363][root][INFO] - task 3 :(128, 1, 28, 28)
[2023-10-16 14:34:36,390][root][INFO] - task 4 :(128, 1, 28, 28)
[2023-10-16 14:34:36,410][root][INFO] - task 5 :(128, 1, 28, 28)
[2023-10-16 14:34:36,432][root][INFO] - task 6 :(128, 1, 28, 28)
[2023-10-16 14:34:36,451][root][INFO] - task 7 :(128, 1, 28, 28)
[2023-10-16 14:34:36,471][root][INFO] - task 8 :(128, 1, 28, 28)
[2023-10-16 14:34:36,498][root][INFO] - task 9 :(128, 1, 28, 28)
[2023-10-16 14:34:36,802][root][INFO] - Class sequence: [6 7 7 8 4 1 1 8 6 1 6 4 5 7 8 0 2 3 0 3]
[2023-10-16 14:34:36,819][root][INFO] - task 0 :(128, 1, 28, 28)
[2023-10-16 14:34:36,839][root][INFO] - task 1 :(128, 1, 28, 28)
[2023-10-16 14:34:36,865][root][INFO] - task 2 :(128, 1, 28, 28)
[2023-10-16 14:34:36,886][root][INFO] - task 3 :(128, 1, 28, 28)
[2023-10-16 14:34:36,905][root][INFO] - task 4 :(128, 1, 28, 28)
[2023-10-16 14:34:36,932][root][INFO] - task 5 :(128, 1, 28, 28)
[2023-10-16 14:34:36,969][root][INFO] - task 6 :(128, 1, 28, 28)
[2023-10-16 14:34:36,989][root][INFO] - task 7 :(128, 1, 28, 28)
[2023-10-16 14:34:37,009][root][INFO] - task 8 :(128, 1, 28, 28)
[2023-10-16 14:34:37,029][root][INFO] - task 9 :(128, 1, 28, 28)
[2023-10-16 14:34:37,333][root][INFO] - Class sequence: [2 8 0 3 7 4 3 4 4 5 9 3 0 6 9 1 3 1 7 9]
[2023-10-16 14:34:37,351][root][INFO] - task 0 :(128, 1, 28, 28)
[2023-10-16 14:34:37,372][root][INFO] - task 1 :(128, 1, 28, 28)
[2023-10-16 14:34:37,392][root][INFO] - task 2 :(128, 1, 28, 28)
[2023-10-16 14:34:37,418][root][INFO] - task 3 :(128, 1, 28, 28)
[2023-10-16 14:34:37,438][root][INFO] - task 4 :(128, 1, 28, 28)
[2023-10-16 14:34:37,459][root][INFO] - task 5 :(128, 1, 28, 28)
[2023-10-16 14:34:37,480][root][INFO] - task 6 :(128, 1, 28, 28)
[2023-10-16 14:34:37,499][root][INFO] - task 7 :(128, 1, 28, 28)
[2023-10-16 14:34:37,519][root][INFO] - task 8 :(128, 1, 28, 28)
[2023-10-16 14:34:37,539][root][INFO] - task 9 :(128, 1, 28, 28)
[2023-10-16 14:34:37,843][root][INFO] - Class sequence: [0 3 0 2 9 7 0 9 2 1 7 6 8 6 1 8 6 4 9 8]
[2023-10-16 14:34:37,861][root][INFO] - task 0 :(128, 1, 28, 28)
[2023-10-16 14:34:37,884][root][INFO] - task 1 :(128, 1, 28, 28)
[2023-10-16 14:34:37,904][root][INFO] - task 2 :(128, 1, 28, 28)
[2023-10-16 14:34:37,924][root][INFO] - task 3 :(128, 1, 28, 28)
[2023-10-16 14:34:37,943][root][INFO] - task 4 :(128, 1, 28, 28)
[2023-10-16 14:34:37,964][root][INFO] - task 5 :(128, 1, 28, 28)
[2023-10-16 14:34:37,984][root][INFO] - task 6 :(128, 1, 28, 28)
[2023-10-16 14:34:38,035][root][INFO] - task 7 :(128, 1, 28, 28)
[2023-10-16 14:34:38,090][root][INFO] - task 8 :(128, 1, 28, 28)
[2023-10-16 14:34:38,116][root][INFO] - task 9 :(128, 1, 28, 28)
[2023-10-16 14:34:38,418][root][INFO] - Class sequence: [8 4 6 3 3 1 1 6 4 9 3 2 2 9 6 0 5 9 7 2]
[2023-10-16 14:34:38,436][root][INFO] - task 0 :(128, 1, 28, 28)
[2023-10-16 14:34:38,457][root][INFO] - task 1 :(128, 1, 28, 28)
[2023-10-16 14:34:38,476][root][INFO] - task 2 :(128, 1, 28, 28)
[2023-10-16 14:34:38,496][root][INFO] - task 3 :(128, 1, 28, 28)
[2023-10-16 14:34:38,516][root][INFO] - task 4 :(128, 1, 28, 28)
[2023-10-16 14:34:38,535][root][INFO] - task 5 :(128, 1, 28, 28)
[2023-10-16 14:34:38,554][root][INFO] - task 6 :(128, 1, 28, 28)
[2023-10-16 14:34:38,574][root][INFO] - task 7 :(128, 1, 28, 28)
[2023-10-16 14:34:38,597][root][INFO] - task 8 :(128, 1, 28, 28)
[2023-10-16 14:34:38,617][root][INFO] - task 9 :(128, 1, 28, 28)
[2023-10-16 14:34:38,917][root][INFO] - Class sequence: [7 5 8 4 6 9 8 3 4 6 1 3 3 1 4 1 9 2 6 2]
[2023-10-16 14:34:38,934][root][INFO] - task 0 :(128, 1, 28, 28)
[2023-10-16 14:34:38,954][root][INFO] - task 1 :(128, 1, 28, 28)
[2023-10-16 14:34:38,975][root][INFO] - task 2 :(128, 1, 28, 28)
[2023-10-16 14:34:38,994][root][INFO] - task 3 :(128, 1, 28, 28)
[2023-10-16 14:34:39,014][root][INFO] - task 4 :(128, 1, 28, 28)
[2023-10-16 14:34:39,033][root][INFO] - task 5 :(128, 1, 28, 28)
[2023-10-16 14:34:39,053][root][INFO] - task 6 :(128, 1, 28, 28)
[2023-10-16 14:34:39,071][root][INFO] - task 7 :(128, 1, 28, 28)
[2023-10-16 14:34:39,091][root][INFO] - task 8 :(128, 1, 28, 28)
[2023-10-16 14:34:39,111][root][INFO] - task 9 :(128, 1, 28, 28)
[2023-10-16 14:34:39,413][root][INFO] - Class sequence: [5 1 8 3 9 6 5 9 5 0 7 2 7 8 6 1 6 0 0 6]
[2023-10-16 14:34:39,431][root][INFO] - task 0 :(128, 1, 28, 28)
[2023-10-16 14:34:39,453][root][INFO] - task 1 :(128, 1, 28, 28)
[2023-10-16 14:34:39,473][root][INFO] - task 2 :(128, 1, 28, 28)
[2023-10-16 14:34:39,494][root][INFO] - task 3 :(128, 1, 28, 28)
[2023-10-16 14:34:39,560][root][INFO] - task 4 :(128, 1, 28, 28)
[2023-10-16 14:34:39,582][root][INFO] - task 5 :(128, 1, 28, 28)
[2023-10-16 14:34:39,608][root][INFO] - task 6 :(128, 1, 28, 28)
[2023-10-16 14:34:39,630][root][INFO] - task 7 :(128, 1, 28, 28)
[2023-10-16 14:34:39,652][root][INFO] - task 8 :(128, 1, 28, 28)
[2023-10-16 14:34:39,672][root][INFO] - task 9 :(128, 1, 28, 28)
i_size 28
num_classes 2
net_cfg {'name': 'mlp', 'depth': 4, 'layer_size': 64, 'dropout': 0.0, 'i_size': 28, 'num_classes': 2, 'num_tasks': 10, 'num_init_tasks': 4, 'use_contrastive': True}
<class 'shell.learners.er_nocomponents.NoComponentsER'>
[2023-10-16 14:34:39,983][root][INFO] - Class sequence: [7 0 8 4 8 3 3 9 6 4 3 2 4 6 7 4 9 0 3 1]
[2023-10-16 14:34:40,001][root][INFO] - task 0 :(128, 1, 28, 28)
[2023-10-16 14:34:40,023][root][INFO] - task 1 :(128, 1, 28, 28)
[2023-10-16 14:34:40,043][root][INFO] - task 2 :(128, 1, 28, 28)
[2023-10-16 14:34:40,063][root][INFO] - task 3 :(128, 1, 28, 28)
[2023-10-16 14:34:40,083][root][INFO] - task 4 :(128, 1, 28, 28)
[2023-10-16 14:34:40,103][root][INFO] - task 5 :(128, 1, 28, 28)
[2023-10-16 14:34:40,124][root][INFO] - task 6 :(128, 1, 28, 28)
[2023-10-16 14:34:40,143][root][INFO] - task 7 :(128, 1, 28, 28)
[2023-10-16 14:34:40,162][root][INFO] - task 8 :(128, 1, 28, 28)
[2023-10-16 14:34:40,183][root][INFO] - task 9 :(128, 1, 28, 28)
2023-10-16 14:34:43,870	INFO worker.py:1544 -- Started a local Ray instance. View the dashboard at [1m[32m127.0.0.1:8267 [39m[22m
[2023-10-16 14:34:56,489][root][INFO] - Joint training on task 0 ...
[2m[36m(ParallelFedProxAgent pid=298648)[0m INFO:root:Agent: node_id: 69420, seed: 69420000
[2m[36m(ParallelFedProxAgent pid=298648)[0m INFO:root:epochs: 0, training task: 0
[2m[36m(ParallelFedProxAgent pid=298648)[0m INFO:root:	task: 0	loss: 0.69413779	acc: 0.500
[2m[36m(ParallelFedProxAgent pid=298648)[0m INFO:root:	task: avg	loss: 0.69413779	acc: 0.500
[2m[36m(ParallelFedProxAgent pid=298648)[0m INFO:root:epochs: 0, training task: 0
[2m[36m(ParallelFedProxAgent pid=298648)[0m INFO:root:	task: 0	loss: 0.69413779	acc: 0.500
[2m[36m(ParallelFedProxAgent pid=298648)[0m INFO:root:	task: avg	loss: 0.69413779	acc: 0.500
[2023-10-16 14:35:01,419][root][INFO] - Joint training on task 1 ...
[2m[36m(ParallelFedProxAgent pid=298648)[0m INFO:root:epochs: 0, training task: 1
[2m[36m(ParallelFedProxAgent pid=298648)[0m INFO:root:	task: 0	loss: 0.69413779	acc: 0.500
[2m[36m(ParallelFedProxAgent pid=298648)[0m INFO:root:	task: 1	loss: 0.69382490	acc: 0.500
[2m[36m(ParallelFedProxAgent pid=298648)[0m INFO:root:	task: avg	loss: 0.69398135	acc: 0.500
[2m[36m(ParallelFedProxAgent pid=298648)[0m INFO:root:epochs: 0, training task: 1
[2m[36m(ParallelFedProxAgent pid=298648)[0m INFO:root:	task: 0	loss: 0.69413779	acc: 0.500
[2m[36m(ParallelFedProxAgent pid=298648)[0m INFO:root:	task: 1	loss: 0.69382490	acc: 0.500
[2m[36m(ParallelFedProxAgent pid=298648)[0m INFO:root:	task: avg	loss: 0.69398135	acc: 0.500
[2023-10-16 14:35:02,200][root][INFO] - Joint training on task 2 ...
[2m[36m(ParallelFedProxAgent pid=298648)[0m INFO:root:epochs: 0, training task: 2
[2m[36m(ParallelFedProxAgent pid=298648)[0m INFO:root:	task: 0	loss: 0.69413779	acc: 0.500
[2m[36m(ParallelFedProxAgent pid=298648)[0m INFO:root:	task: 1	loss: 0.69382490	acc: 0.500
[2m[36m(ParallelFedProxAgent pid=298648)[0m INFO:root:	task: 2	loss: 0.69501164	acc: 0.500
[2m[36m(ParallelFedProxAgent pid=298648)[0m INFO:root:	task: avg	loss: 0.69432478	acc: 0.500
[2m[36m(ParallelFedProxAgent pid=298648)[0m INFO:root:epochs: 0, training task: 2
[2m[36m(ParallelFedProxAgent pid=298648)[0m INFO:root:	task: 0	loss: 0.69413779	acc: 0.500
[2m[36m(ParallelFedProxAgent pid=298648)[0m INFO:root:	task: 1	loss: 0.69382490	acc: 0.500
[2m[36m(ParallelFedProxAgent pid=298648)[0m INFO:root:	task: 2	loss: 0.69501164	acc: 0.500
[2m[36m(ParallelFedProxAgent pid=298648)[0m INFO:root:	task: avg	loss: 0.69432478	acc: 0.500
[2023-10-16 14:35:03,228][root][INFO] - Joint training on task 3 ...
[2m[36m(ParallelFedProxAgent pid=298648)[0m INFO:root:epochs: 0, training task: 3
[2m[36m(ParallelFedProxAgent pid=298648)[0m INFO:root:	task: 0	loss: 0.69413779	acc: 0.500
[2m[36m(ParallelFedProxAgent pid=298648)[0m INFO:root:	task: 1	loss: 0.69382490	acc: 0.500
[2m[36m(ParallelFedProxAgent pid=298648)[0m INFO:root:	task: 2	loss: 0.69501164	acc: 0.500
[2m[36m(ParallelFedProxAgent pid=298648)[0m INFO:root:	task: 3	loss: 0.69401270	acc: 0.500
[2m[36m(ParallelFedProxAgent pid=298648)[0m INFO:root:	task: avg	loss: 0.69424676	acc: 0.500
[2m[36m(ParallelFedProxAgent pid=298648)[0m INFO:root:epochs: 1, training task: 3
[2m[36m(ParallelFedProxAgent pid=298648)[0m INFO:root:	task: 0	loss: 0.69347303	acc: 0.500
[2m[36m(ParallelFedProxAgent pid=298648)[0m INFO:root:	task: 1	loss: 0.69392387	acc: 0.500
[2m[36m(ParallelFedProxAgent pid=298648)[0m INFO:root:	task: 2	loss: 0.69607598	acc: 0.500
[2m[36m(ParallelFedProxAgent pid=298648)[0m INFO:root:	task: 3	loss: 0.69368252	acc: 0.500
[2m[36m(ParallelFedProxAgent pid=298648)[0m INFO:root:	task: avg	loss: 0.69428885	acc: 0.500
[2m[36m(ParallelFedProxAgent pid=298648)[0m INFO:root:epochs: 2, training task: 3
[2m[36m(ParallelFedProxAgent pid=298648)[0m INFO:root:	task: 0	loss: 0.69273111	acc: 0.500
[2m[36m(ParallelFedProxAgent pid=298648)[0m INFO:root:	task: 1	loss: 0.69373872	acc: 0.500
[2m[36m(ParallelFedProxAgent pid=298648)[0m INFO:root:	task: 2	loss: 0.69858680	acc: 0.500
[2m[36m(ParallelFedProxAgent pid=298648)[0m INFO:root:	task: 3	loss: 0.69272643	acc: 0.500
[2m[36m(ParallelFedProxAgent pid=298648)[0m INFO:root:	task: avg	loss: 0.69444576	acc: 0.500
[2m[36m(ParallelFedProxAgent pid=298648)[0m INFO:root:epochs: 3, training task: 3
[2m[36m(ParallelFedProxAgent pid=298648)[0m INFO:root:	task: 0	loss: 0.69217847	acc: 0.500
[2m[36m(ParallelFedProxAgent pid=298648)[0m INFO:root:	task: 1	loss: 0.69306114	acc: 0.500
[2m[36m(ParallelFedProxAgent pid=298648)[0m INFO:root:	task: 2	loss: 0.70271494	acc: 0.500
[2m[36m(ParallelFedProxAgent pid=298648)[0m INFO:root:	task: 3	loss: 0.69094099	acc: 0.500
[2m[36m(ParallelFedProxAgent pid=298648)[0m INFO:root:	task: avg	loss: 0.69472389	acc: 0.500
[2m[36m(ParallelFedProxAgent pid=298648)[0m INFO:root:epochs: 4, training task: 3
[2m[36m(ParallelFedProxAgent pid=298648)[0m INFO:root:	task: 0	loss: 0.69186408	acc: 0.500
[2m[36m(ParallelFedProxAgent pid=298648)[0m INFO:root:	task: 1	loss: 0.69274728	acc: 0.500
[2m[36m(ParallelFedProxAgent pid=298648)[0m INFO:root:	task: 2	loss: 0.70229488	acc: 0.500
[2m[36m(ParallelFedProxAgent pid=298648)[0m INFO:root:	task: 3	loss: 0.68977156	acc: 0.500
[2m[36m(ParallelFedProxAgent pid=298648)[0m INFO:root:	task: avg	loss: 0.69416945	acc: 0.500
[2m[36m(ParallelFedProxAgent pid=298648)[0m INFO:root:epochs: 5, training task: 3
[2m[36m(ParallelFedProxAgent pid=298648)[0m INFO:root:	task: 0	loss: 0.69053098	acc: 0.509
[2m[36m(ParallelFedProxAgent pid=298648)[0m INFO:root:	task: 1	loss: 0.69296011	acc: 0.500
[2m[36m(ParallelFedProxAgent pid=298648)[0m INFO:root:	task: 2	loss: 0.70129485	acc: 0.500
[2m[36m(ParallelFedProxAgent pid=298648)[0m INFO:root:	task: 3	loss: 0.68848302	acc: 0.597
[2m[36m(ParallelFedProxAgent pid=298648)[0m INFO:root:	task: avg	loss: 0.69331724	acc: 0.526
[2m[36m(ParallelFedProxAgent pid=298648)[0m INFO:root:epochs: 6, training task: 3
[2m[36m(ParallelFedProxAgent pid=298648)[0m INFO:root:	task: 0	loss: 0.68908085	acc: 0.621
[2m[36m(ParallelFedProxAgent pid=298648)[0m INFO:root:	task: 1	loss: 0.69240043	acc: 0.500
[2m[36m(ParallelFedProxAgent pid=298648)[0m INFO:root:	task: 2	loss: 0.69992639	acc: 0.500
[2m[36m(ParallelFedProxAgent pid=298648)[0m INFO:root:	task: 3	loss: 0.68656500	acc: 0.773
[2m[36m(ParallelFedProxAgent pid=298648)[0m INFO:root:	task: avg	loss: 0.69199317	acc: 0.599
[2m[36m(ParallelFedProxAgent pid=298648)[0m INFO:root:epochs: 7, training task: 3
[2m[36m(ParallelFedProxAgent pid=298648)[0m INFO:root:	task: 0	loss: 0.68768798	acc: 0.693
[2m[36m(ParallelFedProxAgent pid=298648)[0m INFO:root:	task: 1	loss: 0.69196069	acc: 0.500
[2m[36m(ParallelFedProxAgent pid=298648)[0m INFO:root:	task: 2	loss: 0.69916605	acc: 0.500
[2m[36m(ParallelFedProxAgent pid=298648)[0m INFO:root:	task: 3	loss: 0.68434874	acc: 0.782
[2m[36m(ParallelFedProxAgent pid=298648)[0m INFO:root:	task: avg	loss: 0.69079086	acc: 0.619
[2m[36m(ParallelFedProxAgent pid=298648)[0m INFO:root:epochs: 8, training task: 3
[2m[36m(ParallelFedProxAgent pid=298648)[0m INFO:root:	task: 0	loss: 0.68661146	acc: 0.749
[2m[36m(ParallelFedProxAgent pid=298648)[0m INFO:root:	task: 1	loss: 0.69036175	acc: 0.500
[2m[36m(ParallelFedProxAgent pid=298648)[0m INFO:root:	task: 2	loss: 0.69808270	acc: 0.500
[2m[36m(ParallelFedProxAgent pid=298648)[0m INFO:root:	task: 3	loss: 0.68272280	acc: 0.767
[2m[36m(ParallelFedProxAgent pid=298648)[0m INFO:root:	task: avg	loss: 0.68944468	acc: 0.629
[2m[36m(ParallelFedProxAgent pid=298648)[0m INFO:root:epochs: 9, training task: 3
[2m[36m(ParallelFedProxAgent pid=298648)[0m INFO:root:	task: 0	loss: 0.68484164	acc: 0.792
[2m[36m(ParallelFedProxAgent pid=298648)[0m INFO:root:	task: 1	loss: 0.68815966	acc: 0.501
[2m[36m(ParallelFedProxAgent pid=298648)[0m INFO:root:	task: 2	loss: 0.69658959	acc: 0.500
[2m[36m(ParallelFedProxAgent pid=298648)[0m INFO:root:	task: 3	loss: 0.68081785	acc: 0.766
[2m[36m(ParallelFedProxAgent pid=298648)[0m INFO:root:	task: avg	loss: 0.68760218	acc: 0.640
[2m[36m(ParallelFedProxAgent pid=298648)[0m INFO:root:epochs: 10, training task: 3
[2m[36m(ParallelFedProxAgent pid=298648)[0m INFO:root:	task: 0	loss: 0.68314621	acc: 0.818
[2m[36m(ParallelFedProxAgent pid=298648)[0m INFO:root:	task: 1	loss: 0.68621594	acc: 0.509
[2m[36m(ParallelFedProxAgent pid=298648)[0m INFO:root:	task: 2	loss: 0.69469525	acc: 0.500
[2m[36m(ParallelFedProxAgent pid=298648)[0m INFO:root:	task: 3	loss: 0.67842537	acc: 0.763
[2m[36m(ParallelFedProxAgent pid=298648)[0m INFO:root:	task: avg	loss: 0.68562069	acc: 0.647
[2m[36m(ParallelFedProxAgent pid=298648)[0m INFO:root:epochs: 11, training task: 3
[2m[36m(ParallelFedProxAgent pid=298648)[0m INFO:root:	task: 0	loss: 0.68159312	acc: 0.832
[2m[36m(ParallelFedProxAgent pid=298648)[0m INFO:root:	task: 1	loss: 0.68338161	acc: 0.526
[2m[36m(ParallelFedProxAgent pid=298648)[0m INFO:root:	task: 2	loss: 0.69238422	acc: 0.500
[2m[36m(ParallelFedProxAgent pid=298648)[0m INFO:root:	task: 3	loss: 0.67637025	acc: 0.708
[2m[36m(ParallelFedProxAgent pid=298648)[0m INFO:root:	task: avg	loss: 0.68343230	acc: 0.641
[2m[36m(ParallelFedProxAgent pid=298648)[0m INFO:root:epochs: 12, training task: 3
[2m[36m(ParallelFedProxAgent pid=298648)[0m INFO:root:	task: 0	loss: 0.67980756	acc: 0.822
[2m[36m(ParallelFedProxAgent pid=298648)[0m INFO:root:	task: 1	loss: 0.68171154	acc: 0.530
[2m[36m(ParallelFedProxAgent pid=298648)[0m INFO:root:	task: 2	loss: 0.68976832	acc: 0.500
[2m[36m(ParallelFedProxAgent pid=298648)[0m INFO:root:	task: 3	loss: 0.67327359	acc: 0.756
[2m[36m(ParallelFedProxAgent pid=298648)[0m INFO:root:	task: avg	loss: 0.68114025	acc: 0.652
[2m[36m(ParallelFedProxAgent pid=298648)[0m INFO:root:epochs: 13, training task: 3
[2m[36m(ParallelFedProxAgent pid=298648)[0m INFO:root:	task: 0	loss: 0.67660352	acc: 0.836
[2m[36m(ParallelFedProxAgent pid=298648)[0m INFO:root:	task: 1	loss: 0.67859112	acc: 0.545
[2m[36m(ParallelFedProxAgent pid=298648)[0m INFO:root:	task: 2	loss: 0.68729297	acc: 0.500
[2m[36m(ParallelFedProxAgent pid=298648)[0m INFO:root:	task: 3	loss: 0.67163424	acc: 0.701
[2m[36m(ParallelFedProxAgent pid=298648)[0m INFO:root:	task: avg	loss: 0.67853046	acc: 0.645
[2m[36m(ParallelFedProxAgent pid=298648)[0m INFO:root:epochs: 14, training task: 3
[2m[36m(ParallelFedProxAgent pid=298648)[0m INFO:root:	task: 0	loss: 0.67609897	acc: 0.823
[2m[36m(ParallelFedProxAgent pid=298648)[0m INFO:root:	task: 1	loss: 0.67515986	acc: 0.574
[2m[36m(ParallelFedProxAgent pid=298648)[0m INFO:root:	task: 2	loss: 0.68464038	acc: 0.500
[2m[36m(ParallelFedProxAgent pid=298648)[0m INFO:root:	task: 3	loss: 0.66899609	acc: 0.720
[2m[36m(ParallelFedProxAgent pid=298648)[0m INFO:root:	task: avg	loss: 0.67622382	acc: 0.654
[2m[36m(ParallelFedProxAgent pid=298648)[0m INFO:root:epochs: 15, training task: 3
[2m[36m(ParallelFedProxAgent pid=298648)[0m INFO:root:	task: 0	loss: 0.67326306	acc: 0.830
[2m[36m(ParallelFedProxAgent pid=298648)[0m INFO:root:	task: 1	loss: 0.67284075	acc: 0.589
[2m[36m(ParallelFedProxAgent pid=298648)[0m INFO:root:	task: 2	loss: 0.68149164	acc: 0.500
[2m[36m(ParallelFedProxAgent pid=298648)[0m INFO:root:	task: 3	loss: 0.66731686	acc: 0.704
[2m[36m(ParallelFedProxAgent pid=298648)[0m INFO:root:	task: avg	loss: 0.67372808	acc: 0.655
[2m[36m(ParallelFedProxAgent pid=298648)[0m INFO:root:epochs: 16, training task: 3
[2m[36m(ParallelFedProxAgent pid=298648)[0m INFO:root:	task: 0	loss: 0.66927776	acc: 0.848
[2m[36m(ParallelFedProxAgent pid=298648)[0m INFO:root:	task: 1	loss: 0.66980581	acc: 0.616
[2m[36m(ParallelFedProxAgent pid=298648)[0m INFO:root:	task: 2	loss: 0.67845614	acc: 0.500
[2m[36m(ParallelFedProxAgent pid=298648)[0m INFO:root:	task: 3	loss: 0.66470379	acc: 0.710
[2m[36m(ParallelFedProxAgent pid=298648)[0m INFO:root:	task: avg	loss: 0.67056087	acc: 0.668
[2m[36m(ParallelFedProxAgent pid=298648)[0m INFO:root:epochs: 17, training task: 3
[2m[36m(ParallelFedProxAgent pid=298648)[0m INFO:root:	task: 0	loss: 0.66764864	acc: 0.849
[2m[36m(ParallelFedProxAgent pid=298648)[0m INFO:root:	task: 1	loss: 0.66632811	acc: 0.647
[2m[36m(ParallelFedProxAgent pid=298648)[0m INFO:root:	task: 2	loss: 0.67579724	acc: 0.500
[2m[36m(ParallelFedProxAgent pid=298648)[0m INFO:root:	task: 3	loss: 0.66368098	acc: 0.697
[2m[36m(ParallelFedProxAgent pid=298648)[0m INFO:root:	task: avg	loss: 0.66836374	acc: 0.673
[2m[36m(ParallelFedProxAgent pid=298648)[0m INFO:root:epochs: 18, training task: 3
[2m[36m(ParallelFedProxAgent pid=298648)[0m INFO:root:	task: 0	loss: 0.66672974	acc: 0.845
[2m[36m(ParallelFedProxAgent pid=298648)[0m INFO:root:	task: 1	loss: 0.66626319	acc: 0.628
[2m[36m(ParallelFedProxAgent pid=298648)[0m INFO:root:	task: 2	loss: 0.67158284	acc: 0.500
[2m[36m(ParallelFedProxAgent pid=298648)[0m INFO:root:	task: 3	loss: 0.65793016	acc: 0.727
[2m[36m(ParallelFedProxAgent pid=298648)[0m INFO:root:	task: avg	loss: 0.66562648	acc: 0.675
[2m[36m(ParallelFedProxAgent pid=298648)[0m INFO:root:epochs: 19, training task: 3
[2m[36m(ParallelFedProxAgent pid=298648)[0m INFO:root:	task: 0	loss: 0.66419132	acc: 0.833
[2m[36m(ParallelFedProxAgent pid=298648)[0m INFO:root:	task: 1	loss: 0.66150506	acc: 0.668
[2m[36m(ParallelFedProxAgent pid=298648)[0m INFO:root:	task: 2	loss: 0.66833269	acc: 0.500
[2m[36m(ParallelFedProxAgent pid=298648)[0m INFO:root:	task: 3	loss: 0.65577830	acc: 0.725
[2m[36m(ParallelFedProxAgent pid=298648)[0m INFO:root:	task: avg	loss: 0.66245184	acc: 0.682
[2m[36m(ParallelFedProxAgent pid=298648)[0m INFO:root:epochs: 20, training task: 3
[2m[36m(ParallelFedProxAgent pid=298648)[0m INFO:root:	task: 0	loss: 0.66250743	acc: 0.837
[2m[36m(ParallelFedProxAgent pid=298648)[0m INFO:root:	task: 1	loss: 0.65930618	acc: 0.685
[2m[36m(ParallelFedProxAgent pid=298648)[0m INFO:root:	task: 2	loss: 0.66587299	acc: 0.500
[2m[36m(ParallelFedProxAgent pid=298648)[0m INFO:root:	task: 3	loss: 0.65465627	acc: 0.709
[2m[36m(ParallelFedProxAgent pid=298648)[0m INFO:root:	task: avg	loss: 0.66058571	acc: 0.683
[2m[36m(ParallelFedProxAgent pid=298648)[0m INFO:root:epochs: 21, training task: 3
[2m[36m(ParallelFedProxAgent pid=298648)[0m INFO:root:	task: 0	loss: 0.66007092	acc: 0.842
[2m[36m(ParallelFedProxAgent pid=298648)[0m INFO:root:	task: 1	loss: 0.65669019	acc: 0.694
[2m[36m(ParallelFedProxAgent pid=298648)[0m INFO:root:	task: 2	loss: 0.66235953	acc: 0.500
[2m[36m(ParallelFedProxAgent pid=298648)[0m INFO:root:	task: 3	loss: 0.65241377	acc: 0.710
[2m[36m(ParallelFedProxAgent pid=298648)[0m INFO:root:	task: avg	loss: 0.65788360	acc: 0.686
[2m[36m(ParallelFedProxAgent pid=298648)[0m INFO:root:epochs: 22, training task: 3
[2m[36m(ParallelFedProxAgent pid=298648)[0m INFO:root:	task: 0	loss: 0.65730461	acc: 0.834
[2m[36m(ParallelFedProxAgent pid=298648)[0m INFO:root:	task: 1	loss: 0.65135340	acc: 0.724
[2m[36m(ParallelFedProxAgent pid=298648)[0m INFO:root:	task: 2	loss: 0.65809078	acc: 0.500
[2m[36m(ParallelFedProxAgent pid=298648)[0m INFO:root:	task: 3	loss: 0.64891265	acc: 0.717
[2m[36m(ParallelFedProxAgent pid=298648)[0m INFO:root:	task: avg	loss: 0.65391536	acc: 0.694
[2m[36m(ParallelFedProxAgent pid=298648)[0m INFO:root:epochs: 23, training task: 3
[2m[36m(ParallelFedProxAgent pid=298648)[0m INFO:root:	task: 0	loss: 0.65281762	acc: 0.849
[2m[36m(ParallelFedProxAgent pid=298648)[0m INFO:root:	task: 1	loss: 0.65029559	acc: 0.716
[2m[36m(ParallelFedProxAgent pid=298648)[0m INFO:root:	task: 2	loss: 0.65589838	acc: 0.500
[2m[36m(ParallelFedProxAgent pid=298648)[0m INFO:root:	task: 3	loss: 0.64750594	acc: 0.724
[2m[36m(ParallelFedProxAgent pid=298648)[0m INFO:root:	task: avg	loss: 0.65162938	acc: 0.697
[2m[36m(ParallelFedProxAgent pid=298648)[0m INFO:root:epochs: 24, training task: 3
[2m[36m(ParallelFedProxAgent pid=298648)[0m INFO:root:	task: 0	loss: 0.65228107	acc: 0.851
[2m[36m(ParallelFedProxAgent pid=298648)[0m INFO:root:	task: 1	loss: 0.64905394	acc: 0.717
[2m[36m(ParallelFedProxAgent pid=298648)[0m INFO:root:	task: 2	loss: 0.65194756	acc: 0.500
[2m[36m(ParallelFedProxAgent pid=298648)[0m INFO:root:	task: 3	loss: 0.64178778	acc: 0.737
[2m[36m(ParallelFedProxAgent pid=298648)[0m INFO:root:	task: avg	loss: 0.64876759	acc: 0.701
[2m[36m(ParallelFedProxAgent pid=298648)[0m INFO:root:epochs: 25, training task: 3
[2m[36m(ParallelFedProxAgent pid=298648)[0m INFO:root:	task: 0	loss: 0.65117390	acc: 0.839
[2m[36m(ParallelFedProxAgent pid=298648)[0m INFO:root:	task: 1	loss: 0.64517542	acc: 0.741
[2m[36m(ParallelFedProxAgent pid=298648)[0m INFO:root:	task: 2	loss: 0.64956701	acc: 0.507
[2m[36m(ParallelFedProxAgent pid=298648)[0m INFO:root:	task: 3	loss: 0.64039233	acc: 0.716
[2m[36m(ParallelFedProxAgent pid=298648)[0m INFO:root:	task: avg	loss: 0.64657717	acc: 0.701
[2m[36m(ParallelFedProxAgent pid=298648)[0m INFO:root:epochs: 26, training task: 3
[2m[36m(ParallelFedProxAgent pid=298648)[0m INFO:root:	task: 0	loss: 0.65010809	acc: 0.836
[2m[36m(ParallelFedProxAgent pid=298648)[0m INFO:root:	task: 1	loss: 0.64144251	acc: 0.734
[2m[36m(ParallelFedProxAgent pid=298648)[0m INFO:root:	task: 2	loss: 0.64409509	acc: 0.595
[2m[36m(ParallelFedProxAgent pid=298648)[0m INFO:root:	task: 3	loss: 0.63478202	acc: 0.763
[2m[36m(ParallelFedProxAgent pid=298648)[0m INFO:root:	task: avg	loss: 0.64260693	acc: 0.732
[2m[36m(ParallelFedProxAgent pid=298648)[0m INFO:root:epochs: 27, training task: 3
[2m[36m(ParallelFedProxAgent pid=298648)[0m INFO:root:	task: 0	loss: 0.64719862	acc: 0.841
[2m[36m(ParallelFedProxAgent pid=298648)[0m INFO:root:	task: 1	loss: 0.63661868	acc: 0.750
[2m[36m(ParallelFedProxAgent pid=298648)[0m INFO:root:	task: 2	loss: 0.64109233	acc: 0.614
[2m[36m(ParallelFedProxAgent pid=298648)[0m INFO:root:	task: 3	loss: 0.63432555	acc: 0.741
[2m[36m(ParallelFedProxAgent pid=298648)[0m INFO:root:	task: avg	loss: 0.63980880	acc: 0.736
[2m[36m(ParallelFedProxAgent pid=298648)[0m INFO:root:epochs: 28, training task: 3
[2m[36m(ParallelFedProxAgent pid=298648)[0m INFO:root:	task: 0	loss: 0.64390502	acc: 0.840
[2m[36m(ParallelFedProxAgent pid=298648)[0m INFO:root:	task: 1	loss: 0.63400464	acc: 0.761
[2m[36m(ParallelFedProxAgent pid=298648)[0m INFO:root:	task: 2	loss: 0.63728372	acc: 0.649
[2m[36m(ParallelFedProxAgent pid=298648)[0m INFO:root:	task: 3	loss: 0.63012378	acc: 0.737
[2m[36m(ParallelFedProxAgent pid=298648)[0m INFO:root:	task: avg	loss: 0.63632929	acc: 0.747
[2m[36m(ParallelFedProxAgent pid=298648)[0m INFO:root:epochs: 29, training task: 3
[2m[36m(ParallelFedProxAgent pid=298648)[0m INFO:root:	task: 0	loss: 0.64190491	acc: 0.844
[2m[36m(ParallelFedProxAgent pid=298648)[0m INFO:root:	task: 1	loss: 0.63326713	acc: 0.753
[2m[36m(ParallelFedProxAgent pid=298648)[0m INFO:root:	task: 2	loss: 0.63572338	acc: 0.693
[2m[36m(ParallelFedProxAgent pid=298648)[0m INFO:root:	task: 3	loss: 0.62871255	acc: 0.766
[2m[36m(ParallelFedProxAgent pid=298648)[0m INFO:root:	task: avg	loss: 0.63490199	acc: 0.764
[2m[36m(ParallelFedProxAgent pid=298648)[0m INFO:root:epochs: 30, training task: 3
[2m[36m(ParallelFedProxAgent pid=298648)[0m INFO:root:	task: 0	loss: 0.64112671	acc: 0.839
[2m[36m(ParallelFedProxAgent pid=298648)[0m INFO:root:	task: 1	loss: 0.63106296	acc: 0.764
[2m[36m(ParallelFedProxAgent pid=298648)[0m INFO:root:	task: 2	loss: 0.63319352	acc: 0.693
[2m[36m(ParallelFedProxAgent pid=298648)[0m INFO:root:	task: 3	loss: 0.62993743	acc: 0.732
[2m[36m(ParallelFedProxAgent pid=298648)[0m INFO:root:	task: avg	loss: 0.63383015	acc: 0.757
[2m[36m(ParallelFedProxAgent pid=298648)[0m INFO:root:epochs: 31, training task: 3
[2m[36m(ParallelFedProxAgent pid=298648)[0m INFO:root:	task: 0	loss: 0.63794714	acc: 0.841
[2m[36m(ParallelFedProxAgent pid=298648)[0m INFO:root:	task: 1	loss: 0.62753433	acc: 0.767
[2m[36m(ParallelFedProxAgent pid=298648)[0m INFO:root:	task: 2	loss: 0.62655632	acc: 0.722
[2m[36m(ParallelFedProxAgent pid=298648)[0m INFO:root:	task: 3	loss: 0.62127896	acc: 0.759
[2m[36m(ParallelFedProxAgent pid=298648)[0m INFO:root:	task: avg	loss: 0.62832919	acc: 0.772
[2m[36m(ParallelFedProxAgent pid=298648)[0m INFO:root:epochs: 32, training task: 3
[2m[36m(ParallelFedProxAgent pid=298648)[0m INFO:root:	task: 0	loss: 0.63481273	acc: 0.834
[2m[36m(ParallelFedProxAgent pid=298648)[0m INFO:root:	task: 1	loss: 0.62535982	acc: 0.778
[2m[36m(ParallelFedProxAgent pid=298648)[0m INFO:root:	task: 2	loss: 0.62666270	acc: 0.718
[2m[36m(ParallelFedProxAgent pid=298648)[0m INFO:root:	task: 3	loss: 0.62365575	acc: 0.751
[2m[36m(ParallelFedProxAgent pid=298648)[0m INFO:root:	task: avg	loss: 0.62762275	acc: 0.770
[2m[36m(ParallelFedProxAgent pid=298648)[0m INFO:root:epochs: 33, training task: 3
[2m[36m(ParallelFedProxAgent pid=298648)[0m INFO:root:	task: 0	loss: 0.63537122	acc: 0.843
[2m[36m(ParallelFedProxAgent pid=298648)[0m INFO:root:	task: 1	loss: 0.62087946	acc: 0.771
[2m[36m(ParallelFedProxAgent pid=298648)[0m INFO:root:	task: 2	loss: 0.62104453	acc: 0.753
[2m[36m(ParallelFedProxAgent pid=298648)[0m INFO:root:	task: 3	loss: 0.61800105	acc: 0.775
[2m[36m(ParallelFedProxAgent pid=298648)[0m INFO:root:	task: avg	loss: 0.62382407	acc: 0.786
[2m[36m(ParallelFedProxAgent pid=298648)[0m INFO:root:epochs: 34, training task: 3
[2m[36m(ParallelFedProxAgent pid=298648)[0m INFO:root:	task: 0	loss: 0.63013268	acc: 0.846
[2m[36m(ParallelFedProxAgent pid=298648)[0m INFO:root:	task: 1	loss: 0.61510936	acc: 0.796
[2m[36m(ParallelFedProxAgent pid=298648)[0m INFO:root:	task: 2	loss: 0.61893077	acc: 0.750
[2m[36m(ParallelFedProxAgent pid=298648)[0m INFO:root:	task: 3	loss: 0.62179787	acc: 0.734
[2m[36m(ParallelFedProxAgent pid=298648)[0m INFO:root:	task: avg	loss: 0.62149267	acc: 0.781
[2m[36m(ParallelFedProxAgent pid=298648)[0m INFO:root:epochs: 35, training task: 3
[2m[36m(ParallelFedProxAgent pid=298648)[0m INFO:root:	task: 0	loss: 0.63111004	acc: 0.832
[2m[36m(ParallelFedProxAgent pid=298648)[0m INFO:root:	task: 1	loss: 0.61714227	acc: 0.774
[2m[36m(ParallelFedProxAgent pid=298648)[0m INFO:root:	task: 2	loss: 0.61390891	acc: 0.766
[2m[36m(ParallelFedProxAgent pid=298648)[0m INFO:root:	task: 3	loss: 0.61131287	acc: 0.773
[2m[36m(ParallelFedProxAgent pid=298648)[0m INFO:root:	task: avg	loss: 0.61836852	acc: 0.786
[2m[36m(ParallelFedProxAgent pid=298648)[0m INFO:root:epochs: 36, training task: 3
[2m[36m(ParallelFedProxAgent pid=298648)[0m INFO:root:	task: 0	loss: 0.62569166	acc: 0.835
[2m[36m(ParallelFedProxAgent pid=298648)[0m INFO:root:	task: 1	loss: 0.61330984	acc: 0.782
[2m[36m(ParallelFedProxAgent pid=298648)[0m INFO:root:	task: 2	loss: 0.61043186	acc: 0.755
[2m[36m(ParallelFedProxAgent pid=298648)[0m INFO:root:	task: 3	loss: 0.60713666	acc: 0.764
[2m[36m(ParallelFedProxAgent pid=298648)[0m INFO:root:	task: avg	loss: 0.61414250	acc: 0.784
[2m[36m(ParallelFedProxAgent pid=298648)[0m INFO:root:epochs: 37, training task: 3
[2m[36m(ParallelFedProxAgent pid=298648)[0m INFO:root:	task: 0	loss: 0.62273950	acc: 0.846
[2m[36m(ParallelFedProxAgent pid=298648)[0m INFO:root:	task: 1	loss: 0.61309248	acc: 0.778
[2m[36m(ParallelFedProxAgent pid=298648)[0m INFO:root:	task: 2	loss: 0.60665896	acc: 0.779
[2m[36m(ParallelFedProxAgent pid=298648)[0m INFO:root:	task: 3	loss: 0.60349086	acc: 0.786
[2m[36m(ParallelFedProxAgent pid=298648)[0m INFO:root:	task: avg	loss: 0.61149545	acc: 0.797
[2m[36m(ParallelFedProxAgent pid=298648)[0m INFO:root:epochs: 38, training task: 3
[2m[36m(ParallelFedProxAgent pid=298648)[0m INFO:root:	task: 0	loss: 0.62154451	acc: 0.829
[2m[36m(ParallelFedProxAgent pid=298648)[0m INFO:root:	task: 1	loss: 0.60700245	acc: 0.811
[2m[36m(ParallelFedProxAgent pid=298648)[0m INFO:root:	task: 2	loss: 0.60866003	acc: 0.750
[2m[36m(ParallelFedProxAgent pid=298648)[0m INFO:root:	task: 3	loss: 0.61085045	acc: 0.734
[2m[36m(ParallelFedProxAgent pid=298648)[0m INFO:root:	task: avg	loss: 0.61201436	acc: 0.781
[2m[36m(ParallelFedProxAgent pid=298648)[0m INFO:root:epochs: 39, training task: 3
[2m[36m(ParallelFedProxAgent pid=298648)[0m INFO:root:	task: 0	loss: 0.62041065	acc: 0.853
[2m[36m(ParallelFedProxAgent pid=298648)[0m INFO:root:	task: 1	loss: 0.60724262	acc: 0.783
[2m[36m(ParallelFedProxAgent pid=298648)[0m INFO:root:	task: 2	loss: 0.60253999	acc: 0.798
[2m[36m(ParallelFedProxAgent pid=298648)[0m INFO:root:	task: 3	loss: 0.60135444	acc: 0.797
[2m[36m(ParallelFedProxAgent pid=298648)[0m INFO:root:	task: avg	loss: 0.60788692	acc: 0.808
[2m[36m(ParallelFedProxAgent pid=298648)[0m INFO:root:epochs: 40, training task: 3
[2m[36m(ParallelFedProxAgent pid=298648)[0m INFO:root:	task: 0	loss: 0.61623957	acc: 0.850
[2m[36m(ParallelFedProxAgent pid=298648)[0m INFO:root:	task: 1	loss: 0.60076199	acc: 0.793
[2m[36m(ParallelFedProxAgent pid=298648)[0m INFO:root:	task: 2	loss: 0.59895619	acc: 0.771
[2m[36m(ParallelFedProxAgent pid=298648)[0m INFO:root:	task: 3	loss: 0.59964227	acc: 0.760
[2m[36m(ParallelFedProxAgent pid=298648)[0m INFO:root:	task: avg	loss: 0.60390001	acc: 0.794
[2m[36m(ParallelFedProxAgent pid=298648)[0m INFO:root:epochs: 41, training task: 3
[2m[36m(ParallelFedProxAgent pid=298648)[0m INFO:root:	task: 0	loss: 0.61661553	acc: 0.854
[2m[36m(ParallelFedProxAgent pid=298648)[0m INFO:root:	task: 1	loss: 0.59868936	acc: 0.779
[2m[36m(ParallelFedProxAgent pid=298648)[0m INFO:root:	task: 2	loss: 0.58924922	acc: 0.827
[2m[36m(ParallelFedProxAgent pid=298648)[0m INFO:root:	task: 3	loss: 0.58658971	acc: 0.816
[2m[36m(ParallelFedProxAgent pid=298648)[0m INFO:root:	task: avg	loss: 0.59778595	acc: 0.819
[2m[36m(ParallelFedProxAgent pid=298648)[0m INFO:root:epochs: 42, training task: 3
[2m[36m(ParallelFedProxAgent pid=298648)[0m INFO:root:	task: 0	loss: 0.61686109	acc: 0.836
[2m[36m(ParallelFedProxAgent pid=298648)[0m INFO:root:	task: 1	loss: 0.59651127	acc: 0.803
[2m[36m(ParallelFedProxAgent pid=298648)[0m INFO:root:	task: 2	loss: 0.59024549	acc: 0.803
[2m[36m(ParallelFedProxAgent pid=298648)[0m INFO:root:	task: 3	loss: 0.58896955	acc: 0.795
[2m[36m(ParallelFedProxAgent pid=298648)[0m INFO:root:	task: avg	loss: 0.59814685	acc: 0.809
[2m[36m(ParallelFedProxAgent pid=298648)[0m INFO:root:epochs: 43, training task: 3
[2m[36m(ParallelFedProxAgent pid=298648)[0m INFO:root:	task: 0	loss: 0.61224435	acc: 0.843
[2m[36m(ParallelFedProxAgent pid=298648)[0m INFO:root:	task: 1	loss: 0.59192688	acc: 0.805
[2m[36m(ParallelFedProxAgent pid=298648)[0m INFO:root:	task: 2	loss: 0.58772830	acc: 0.815
[2m[36m(ParallelFedProxAgent pid=298648)[0m INFO:root:	task: 3	loss: 0.58797612	acc: 0.798
[2m[36m(ParallelFedProxAgent pid=298648)[0m INFO:root:	task: avg	loss: 0.59496891	acc: 0.815
[2m[36m(ParallelFedProxAgent pid=298648)[0m INFO:root:epochs: 44, training task: 3
[2m[36m(ParallelFedProxAgent pid=298648)[0m INFO:root:	task: 0	loss: 0.60863857	acc: 0.852
[2m[36m(ParallelFedProxAgent pid=298648)[0m INFO:root:	task: 1	loss: 0.58987483	acc: 0.810
[2m[36m(ParallelFedProxAgent pid=298648)[0m INFO:root:	task: 2	loss: 0.58792370	acc: 0.819
[2m[36m(ParallelFedProxAgent pid=298648)[0m INFO:root:	task: 3	loss: 0.59069243	acc: 0.784
[2m[36m(ParallelFedProxAgent pid=298648)[0m INFO:root:	task: avg	loss: 0.59428238	acc: 0.816
[2m[36m(ParallelFedProxAgent pid=298648)[0m INFO:root:epochs: 45, training task: 3
[2m[36m(ParallelFedProxAgent pid=298648)[0m INFO:root:	task: 0	loss: 0.60436444	acc: 0.854
[2m[36m(ParallelFedProxAgent pid=298648)[0m INFO:root:	task: 1	loss: 0.58973027	acc: 0.803
[2m[36m(ParallelFedProxAgent pid=298648)[0m INFO:root:	task: 2	loss: 0.58443694	acc: 0.825
[2m[36m(ParallelFedProxAgent pid=298648)[0m INFO:root:	task: 3	loss: 0.58606529	acc: 0.802
[2m[36m(ParallelFedProxAgent pid=298648)[0m INFO:root:	task: avg	loss: 0.59114924	acc: 0.821
[2m[36m(ParallelFedProxAgent pid=298648)[0m INFO:root:epochs: 46, training task: 3
[2m[36m(ParallelFedProxAgent pid=298648)[0m INFO:root:	task: 0	loss: 0.59818124	acc: 0.854
[2m[36m(ParallelFedProxAgent pid=298648)[0m INFO:root:	task: 1	loss: 0.59020682	acc: 0.809
[2m[36m(ParallelFedProxAgent pid=298648)[0m INFO:root:	task: 2	loss: 0.58816034	acc: 0.790
[2m[36m(ParallelFedProxAgent pid=298648)[0m INFO:root:	task: 3	loss: 0.59159015	acc: 0.768
[2m[36m(ParallelFedProxAgent pid=298648)[0m INFO:root:	task: avg	loss: 0.59203464	acc: 0.806
[2m[36m(ParallelFedProxAgent pid=298648)[0m INFO:root:epochs: 47, training task: 3
[2m[36m(ParallelFedProxAgent pid=298648)[0m INFO:root:	task: 0	loss: 0.59781266	acc: 0.855
[2m[36m(ParallelFedProxAgent pid=298648)[0m INFO:root:	task: 1	loss: 0.59062609	acc: 0.785
[2m[36m(ParallelFedProxAgent pid=298648)[0m INFO:root:	task: 2	loss: 0.57691573	acc: 0.825
[2m[36m(ParallelFedProxAgent pid=298648)[0m INFO:root:	task: 3	loss: 0.57528011	acc: 0.813
[2m[36m(ParallelFedProxAgent pid=298648)[0m INFO:root:	task: avg	loss: 0.58515865	acc: 0.819
[2m[36m(ParallelFedProxAgent pid=298648)[0m INFO:root:epochs: 48, training task: 3
[2m[36m(ParallelFedProxAgent pid=298648)[0m INFO:root:	task: 0	loss: 0.59890255	acc: 0.855
[2m[36m(ParallelFedProxAgent pid=298648)[0m INFO:root:	task: 1	loss: 0.59001815	acc: 0.799
[2m[36m(ParallelFedProxAgent pid=298648)[0m INFO:root:	task: 2	loss: 0.58049378	acc: 0.811
[2m[36m(ParallelFedProxAgent pid=298648)[0m INFO:root:	task: 3	loss: 0.58207877	acc: 0.794
[2m[36m(ParallelFedProxAgent pid=298648)[0m INFO:root:	task: avg	loss: 0.58787331	acc: 0.815
[2m[36m(ParallelFedProxAgent pid=298648)[0m INFO:root:epochs: 49, training task: 3
[2m[36m(ParallelFedProxAgent pid=298648)[0m INFO:root:	task: 0	loss: 0.59791113	acc: 0.850
[2m[36m(ParallelFedProxAgent pid=298648)[0m INFO:root:	task: 1	loss: 0.58420327	acc: 0.799
[2m[36m(ParallelFedProxAgent pid=298648)[0m INFO:root:	task: 2	loss: 0.57406281	acc: 0.825
[2m[36m(ParallelFedProxAgent pid=298648)[0m INFO:root:	task: 3	loss: 0.58036433	acc: 0.788
[2m[36m(ParallelFedProxAgent pid=298648)[0m INFO:root:	task: avg	loss: 0.58413538	acc: 0.816
[2m[36m(ParallelFedProxAgent pid=298648)[0m INFO:root:epochs: 50, training task: 3
[2m[36m(ParallelFedProxAgent pid=298648)[0m INFO:root:	task: 0	loss: 0.59399044	acc: 0.852
[2m[36m(ParallelFedProxAgent pid=298648)[0m INFO:root:	task: 1	loss: 0.58035271	acc: 0.798
[2m[36m(ParallelFedProxAgent pid=298648)[0m INFO:root:	task: 2	loss: 0.57059758	acc: 0.827
[2m[36m(ParallelFedProxAgent pid=298648)[0m INFO:root:	task: 3	loss: 0.57469000	acc: 0.803
[2m[36m(ParallelFedProxAgent pid=298648)[0m INFO:root:	task: avg	loss: 0.57990768	acc: 0.820
[2m[36m(ParallelFedProxAgent pid=298648)[0m INFO:root:epochs: 51, training task: 3
[2m[36m(ParallelFedProxAgent pid=298648)[0m INFO:root:	task: 0	loss: 0.59456968	acc: 0.846
[2m[36m(ParallelFedProxAgent pid=298648)[0m INFO:root:	task: 1	loss: 0.58107234	acc: 0.808
[2m[36m(ParallelFedProxAgent pid=298648)[0m INFO:root:	task: 2	loss: 0.57178405	acc: 0.826
[2m[36m(ParallelFedProxAgent pid=298648)[0m INFO:root:	task: 3	loss: 0.57684661	acc: 0.792
[2m[36m(ParallelFedProxAgent pid=298648)[0m INFO:root:	task: avg	loss: 0.58106817	acc: 0.818
[2m[36m(ParallelFedProxAgent pid=298648)[0m INFO:root:epochs: 52, training task: 3
[2m[36m(ParallelFedProxAgent pid=298648)[0m INFO:root:	task: 0	loss: 0.59200251	acc: 0.845
[2m[36m(ParallelFedProxAgent pid=298648)[0m INFO:root:	task: 1	loss: 0.57487383	acc: 0.807
[2m[36m(ParallelFedProxAgent pid=298648)[0m INFO:root:	task: 2	loss: 0.56429541	acc: 0.841
[2m[36m(ParallelFedProxAgent pid=298648)[0m INFO:root:	task: 3	loss: 0.57095162	acc: 0.808
[2m[36m(ParallelFedProxAgent pid=298648)[0m INFO:root:	task: avg	loss: 0.57553084	acc: 0.825
[2m[36m(ParallelFedProxAgent pid=298648)[0m INFO:root:epochs: 53, training task: 3
[2m[36m(ParallelFedProxAgent pid=298648)[0m INFO:root:	task: 0	loss: 0.59044595	acc: 0.843
[2m[36m(ParallelFedProxAgent pid=298648)[0m INFO:root:	task: 1	loss: 0.57098468	acc: 0.811
[2m[36m(ParallelFedProxAgent pid=298648)[0m INFO:root:	task: 2	loss: 0.55833022	acc: 0.841
[2m[36m(ParallelFedProxAgent pid=298648)[0m INFO:root:	task: 3	loss: 0.56544545	acc: 0.803
[2m[36m(ParallelFedProxAgent pid=298648)[0m INFO:root:	task: avg	loss: 0.57130157	acc: 0.825
[2m[36m(ParallelFedProxAgent pid=298648)[0m INFO:root:epochs: 54, training task: 3
[2m[36m(ParallelFedProxAgent pid=298648)[0m INFO:root:	task: 0	loss: 0.59026257	acc: 0.846
[2m[36m(ParallelFedProxAgent pid=298648)[0m INFO:root:	task: 1	loss: 0.57747850	acc: 0.791
[2m[36m(ParallelFedProxAgent pid=298648)[0m INFO:root:	task: 2	loss: 0.55704767	acc: 0.843
[2m[36m(ParallelFedProxAgent pid=298648)[0m INFO:root:	task: 3	loss: 0.55935614	acc: 0.827
[2m[36m(ParallelFedProxAgent pid=298648)[0m INFO:root:	task: avg	loss: 0.57103622	acc: 0.827
[2m[36m(ParallelFedProxAgent pid=298648)[0m INFO:root:epochs: 55, training task: 3
[2m[36m(ParallelFedProxAgent pid=298648)[0m INFO:root:	task: 0	loss: 0.58757074	acc: 0.851
[2m[36m(ParallelFedProxAgent pid=298648)[0m INFO:root:	task: 1	loss: 0.57863398	acc: 0.800
[2m[36m(ParallelFedProxAgent pid=298648)[0m INFO:root:	task: 2	loss: 0.55722326	acc: 0.833
[2m[36m(ParallelFedProxAgent pid=298648)[0m INFO:root:	task: 3	loss: 0.55892562	acc: 0.815
[2m[36m(ParallelFedProxAgent pid=298648)[0m INFO:root:	task: avg	loss: 0.57058840	acc: 0.825
[2m[36m(ParallelFedProxAgent pid=298648)[0m INFO:root:epochs: 56, training task: 3
[2m[36m(ParallelFedProxAgent pid=298648)[0m INFO:root:	task: 0	loss: 0.58008924	acc: 0.854
[2m[36m(ParallelFedProxAgent pid=298648)[0m INFO:root:	task: 1	loss: 0.56610597	acc: 0.811
[2m[36m(ParallelFedProxAgent pid=298648)[0m INFO:root:	task: 2	loss: 0.55554634	acc: 0.835
[2m[36m(ParallelFedProxAgent pid=298648)[0m INFO:root:	task: 3	loss: 0.56493479	acc: 0.796
[2m[36m(ParallelFedProxAgent pid=298648)[0m INFO:root:	task: avg	loss: 0.56666909	acc: 0.824
[2m[36m(ParallelFedProxAgent pid=298648)[0m INFO:root:epochs: 57, training task: 3
[2m[36m(ParallelFedProxAgent pid=298648)[0m INFO:root:	task: 0	loss: 0.58089365	acc: 0.858
[2m[36m(ParallelFedProxAgent pid=298648)[0m INFO:root:	task: 1	loss: 0.56548306	acc: 0.804
[2m[36m(ParallelFedProxAgent pid=298648)[0m INFO:root:	task: 2	loss: 0.55291471	acc: 0.860
[2m[36m(ParallelFedProxAgent pid=298648)[0m INFO:root:	task: 3	loss: 0.56160987	acc: 0.820
[2m[36m(ParallelFedProxAgent pid=298648)[0m INFO:root:	task: avg	loss: 0.56522532	acc: 0.836
[2m[36m(ParallelFedProxAgent pid=298648)[0m INFO:root:epochs: 58, training task: 3
[2m[36m(ParallelFedProxAgent pid=298648)[0m INFO:root:	task: 0	loss: 0.58086858	acc: 0.849
[2m[36m(ParallelFedProxAgent pid=298648)[0m INFO:root:	task: 1	loss: 0.55753460	acc: 0.826
[2m[36m(ParallelFedProxAgent pid=298648)[0m INFO:root:	task: 2	loss: 0.55161246	acc: 0.830
[2m[36m(ParallelFedProxAgent pid=298648)[0m INFO:root:	task: 3	loss: 0.56189658	acc: 0.795
[2m[36m(ParallelFedProxAgent pid=298648)[0m INFO:root:	task: avg	loss: 0.56297806	acc: 0.825
[2m[36m(ParallelFedProxAgent pid=298648)[0m INFO:root:epochs: 59, training task: 3
[2m[36m(ParallelFedProxAgent pid=298648)[0m INFO:root:	task: 0	loss: 0.57335316	acc: 0.856
[2m[36m(ParallelFedProxAgent pid=298648)[0m INFO:root:	task: 1	loss: 0.55929573	acc: 0.811
[2m[36m(ParallelFedProxAgent pid=298648)[0m INFO:root:	task: 2	loss: 0.54393627	acc: 0.850
[2m[36m(ParallelFedProxAgent pid=298648)[0m INFO:root:	task: 3	loss: 0.54814806	acc: 0.830
[2m[36m(ParallelFedProxAgent pid=298648)[0m INFO:root:	task: avg	loss: 0.55618331	acc: 0.837
[2m[36m(ParallelFedProxAgent pid=298648)[0m INFO:root:epochs: 60, training task: 3
[2m[36m(ParallelFedProxAgent pid=298648)[0m INFO:root:	task: 0	loss: 0.57161240	acc: 0.855
[2m[36m(ParallelFedProxAgent pid=298648)[0m INFO:root:	task: 1	loss: 0.55454444	acc: 0.817
[2m[36m(ParallelFedProxAgent pid=298648)[0m INFO:root:	task: 2	loss: 0.54540794	acc: 0.843
[2m[36m(ParallelFedProxAgent pid=298648)[0m INFO:root:	task: 3	loss: 0.55493740	acc: 0.806
[2m[36m(ParallelFedProxAgent pid=298648)[0m INFO:root:	task: avg	loss: 0.55662554	acc: 0.830
[2m[36m(ParallelFedProxAgent pid=298648)[0m INFO:root:epochs: 61, training task: 3
[2m[36m(ParallelFedProxAgent pid=298648)[0m INFO:root:	task: 0	loss: 0.57167492	acc: 0.848
[2m[36m(ParallelFedProxAgent pid=298648)[0m INFO:root:	task: 1	loss: 0.55654172	acc: 0.798
[2m[36m(ParallelFedProxAgent pid=298648)[0m INFO:root:	task: 2	loss: 0.53587744	acc: 0.857
[2m[36m(ParallelFedProxAgent pid=298648)[0m INFO:root:	task: 3	loss: 0.54100383	acc: 0.840
[2m[36m(ParallelFedProxAgent pid=298648)[0m INFO:root:	task: avg	loss: 0.55127448	acc: 0.836
[2m[36m(ParallelFedProxAgent pid=298648)[0m INFO:root:epochs: 62, training task: 3
[2m[36m(ParallelFedProxAgent pid=298648)[0m INFO:root:	task: 0	loss: 0.57492181	acc: 0.842
[2m[36m(ParallelFedProxAgent pid=298648)[0m INFO:root:	task: 1	loss: 0.55866131	acc: 0.787
[2m[36m(ParallelFedProxAgent pid=298648)[0m INFO:root:	task: 2	loss: 0.53557101	acc: 0.859
[2m[36m(ParallelFedProxAgent pid=298648)[0m INFO:root:	task: 3	loss: 0.54113905	acc: 0.839
[2m[36m(ParallelFedProxAgent pid=298648)[0m INFO:root:	task: avg	loss: 0.55257330	acc: 0.831
[2m[36m(ParallelFedProxAgent pid=298648)[0m INFO:root:epochs: 63, training task: 3
[2m[36m(ParallelFedProxAgent pid=298648)[0m INFO:root:	task: 0	loss: 0.57494523	acc: 0.843
[2m[36m(ParallelFedProxAgent pid=298648)[0m INFO:root:	task: 1	loss: 0.55817051	acc: 0.795
[2m[36m(ParallelFedProxAgent pid=298648)[0m INFO:root:	task: 2	loss: 0.53971238	acc: 0.844
[2m[36m(ParallelFedProxAgent pid=298648)[0m INFO:root:	task: 3	loss: 0.54660215	acc: 0.815
[2m[36m(ParallelFedProxAgent pid=298648)[0m INFO:root:	task: avg	loss: 0.55485757	acc: 0.824
[2m[36m(ParallelFedProxAgent pid=298648)[0m INFO:root:epochs: 64, training task: 3
[2m[36m(ParallelFedProxAgent pid=298648)[0m INFO:root:	task: 0	loss: 0.56956466	acc: 0.841
[2m[36m(ParallelFedProxAgent pid=298648)[0m INFO:root:	task: 1	loss: 0.55599842	acc: 0.795
[2m[36m(ParallelFedProxAgent pid=298648)[0m INFO:root:	task: 2	loss: 0.53043446	acc: 0.861
[2m[36m(ParallelFedProxAgent pid=298648)[0m INFO:root:	task: 3	loss: 0.53820288	acc: 0.831
[2m[36m(ParallelFedProxAgent pid=298648)[0m INFO:root:	task: avg	loss: 0.54855011	acc: 0.832
[2m[36m(ParallelFedProxAgent pid=298648)[0m INFO:root:epochs: 65, training task: 3
[2m[36m(ParallelFedProxAgent pid=298648)[0m INFO:root:	task: 0	loss: 0.56446415	acc: 0.845
[2m[36m(ParallelFedProxAgent pid=298648)[0m INFO:root:	task: 1	loss: 0.55110519	acc: 0.807
[2m[36m(ParallelFedProxAgent pid=298648)[0m INFO:root:	task: 2	loss: 0.53013168	acc: 0.855
[2m[36m(ParallelFedProxAgent pid=298648)[0m INFO:root:	task: 3	loss: 0.54566076	acc: 0.816
[2m[36m(ParallelFedProxAgent pid=298648)[0m INFO:root:	task: avg	loss: 0.54784044	acc: 0.831
[2m[36m(ParallelFedProxAgent pid=298648)[0m INFO:root:epochs: 66, training task: 3
[2m[36m(ParallelFedProxAgent pid=298648)[0m INFO:root:	task: 0	loss: 0.56643822	acc: 0.846
[2m[36m(ParallelFedProxAgent pid=298648)[0m INFO:root:	task: 1	loss: 0.54966596	acc: 0.811
[2m[36m(ParallelFedProxAgent pid=298648)[0m INFO:root:	task: 2	loss: 0.52945202	acc: 0.855
[2m[36m(ParallelFedProxAgent pid=298648)[0m INFO:root:	task: 3	loss: 0.54293782	acc: 0.818
[2m[36m(ParallelFedProxAgent pid=298648)[0m INFO:root:	task: avg	loss: 0.54712351	acc: 0.832
[2m[36m(ParallelFedProxAgent pid=298648)[0m INFO:root:epochs: 67, training task: 3
[2m[36m(ParallelFedProxAgent pid=298648)[0m INFO:root:	task: 0	loss: 0.56048460	acc: 0.849
[2m[36m(ParallelFedProxAgent pid=298648)[0m INFO:root:	task: 1	loss: 0.54414716	acc: 0.806
[2m[36m(ParallelFedProxAgent pid=298648)[0m INFO:root:	task: 2	loss: 0.52258994	acc: 0.858
[2m[36m(ParallelFedProxAgent pid=298648)[0m INFO:root:	task: 3	loss: 0.53156208	acc: 0.833
[2m[36m(ParallelFedProxAgent pid=298648)[0m INFO:root:	task: avg	loss: 0.53969594	acc: 0.837
[2m[36m(ParallelFedProxAgent pid=298648)[0m INFO:root:epochs: 68, training task: 3
[2m[36m(ParallelFedProxAgent pid=298648)[0m INFO:root:	task: 0	loss: 0.55719098	acc: 0.843
[2m[36m(ParallelFedProxAgent pid=298648)[0m INFO:root:	task: 1	loss: 0.54411902	acc: 0.802
[2m[36m(ParallelFedProxAgent pid=298648)[0m INFO:root:	task: 2	loss: 0.52400157	acc: 0.844
[2m[36m(ParallelFedProxAgent pid=298648)[0m INFO:root:	task: 3	loss: 0.53108808	acc: 0.825
[2m[36m(ParallelFedProxAgent pid=298648)[0m INFO:root:	task: avg	loss: 0.53909991	acc: 0.829
[2m[36m(ParallelFedProxAgent pid=298648)[0m INFO:root:epochs: 69, training task: 3
[2m[36m(ParallelFedProxAgent pid=298648)[0m INFO:root:	task: 0	loss: 0.56080816	acc: 0.838
[2m[36m(ParallelFedProxAgent pid=298648)[0m INFO:root:	task: 1	loss: 0.54684883	acc: 0.798
[2m[36m(ParallelFedProxAgent pid=298648)[0m INFO:root:	task: 2	loss: 0.51639429	acc: 0.857
[2m[36m(ParallelFedProxAgent pid=298648)[0m INFO:root:	task: 3	loss: 0.52276197	acc: 0.842
[2m[36m(ParallelFedProxAgent pid=298648)[0m INFO:root:	task: avg	loss: 0.53670331	acc: 0.833
[2m[36m(ParallelFedProxAgent pid=298648)[0m INFO:root:epochs: 70, training task: 3
[2m[36m(ParallelFedProxAgent pid=298648)[0m INFO:root:	task: 0	loss: 0.55203217	acc: 0.846
[2m[36m(ParallelFedProxAgent pid=298648)[0m INFO:root:	task: 1	loss: 0.53297778	acc: 0.817
[2m[36m(ParallelFedProxAgent pid=298648)[0m INFO:root:	task: 2	loss: 0.51016639	acc: 0.854
[2m[36m(ParallelFedProxAgent pid=298648)[0m INFO:root:	task: 3	loss: 0.52995107	acc: 0.817
[2m[36m(ParallelFedProxAgent pid=298648)[0m INFO:root:	task: avg	loss: 0.53128185	acc: 0.833
[2m[36m(ParallelFedProxAgent pid=298648)[0m INFO:root:epochs: 71, training task: 3
[2m[36m(ParallelFedProxAgent pid=298648)[0m INFO:root:	task: 0	loss: 0.54978308	acc: 0.860
[2m[36m(ParallelFedProxAgent pid=298648)[0m INFO:root:	task: 1	loss: 0.53529125	acc: 0.807
[2m[36m(ParallelFedProxAgent pid=298648)[0m INFO:root:	task: 2	loss: 0.50471851	acc: 0.886
[2m[36m(ParallelFedProxAgent pid=298648)[0m INFO:root:	task: 3	loss: 0.52521751	acc: 0.839
[2m[36m(ParallelFedProxAgent pid=298648)[0m INFO:root:	task: avg	loss: 0.52875259	acc: 0.848
[2m[36m(ParallelFedProxAgent pid=298648)[0m INFO:root:epochs: 72, training task: 3
[2m[36m(ParallelFedProxAgent pid=298648)[0m INFO:root:	task: 0	loss: 0.54489240	acc: 0.862
[2m[36m(ParallelFedProxAgent pid=298648)[0m INFO:root:	task: 1	loss: 0.52848817	acc: 0.820
[2m[36m(ParallelFedProxAgent pid=298648)[0m INFO:root:	task: 2	loss: 0.50720660	acc: 0.876
[2m[36m(ParallelFedProxAgent pid=298648)[0m INFO:root:	task: 3	loss: 0.52915754	acc: 0.823
[2m[36m(ParallelFedProxAgent pid=298648)[0m INFO:root:	task: avg	loss: 0.52743618	acc: 0.845
[2m[36m(ParallelFedProxAgent pid=298648)[0m INFO:root:epochs: 73, training task: 3
[2m[36m(ParallelFedProxAgent pid=298648)[0m INFO:root:	task: 0	loss: 0.54168127	acc: 0.862
[2m[36m(ParallelFedProxAgent pid=298648)[0m INFO:root:	task: 1	loss: 0.53060934	acc: 0.819
[2m[36m(ParallelFedProxAgent pid=298648)[0m INFO:root:	task: 2	loss: 0.51260771	acc: 0.861
[2m[36m(ParallelFedProxAgent pid=298648)[0m INFO:root:	task: 3	loss: 0.53161637	acc: 0.819
[2m[36m(ParallelFedProxAgent pid=298648)[0m INFO:root:	task: avg	loss: 0.52912867	acc: 0.840
[2m[36m(ParallelFedProxAgent pid=298648)[0m INFO:root:epochs: 74, training task: 3
[2m[36m(ParallelFedProxAgent pid=298648)[0m INFO:root:	task: 0	loss: 0.54418807	acc: 0.855
[2m[36m(ParallelFedProxAgent pid=298648)[0m INFO:root:	task: 1	loss: 0.52838624	acc: 0.810
[2m[36m(ParallelFedProxAgent pid=298648)[0m INFO:root:	task: 2	loss: 0.51298841	acc: 0.845
[2m[36m(ParallelFedProxAgent pid=298648)[0m INFO:root:	task: 3	loss: 0.53181700	acc: 0.807
[2m[36m(ParallelFedProxAgent pid=298648)[0m INFO:root:	task: avg	loss: 0.52934493	acc: 0.830
[2m[36m(ParallelFedProxAgent pid=298648)[0m INFO:root:epochs: 75, training task: 3
[2m[36m(ParallelFedProxAgent pid=298648)[0m INFO:root:	task: 0	loss: 0.55096592	acc: 0.848
[2m[36m(ParallelFedProxAgent pid=298648)[0m INFO:root:	task: 1	loss: 0.53295847	acc: 0.812
[2m[36m(ParallelFedProxAgent pid=298648)[0m INFO:root:	task: 2	loss: 0.50155820	acc: 0.865
[2m[36m(ParallelFedProxAgent pid=298648)[0m INFO:root:	task: 3	loss: 0.51529413	acc: 0.838
[2m[36m(ParallelFedProxAgent pid=298648)[0m INFO:root:	task: avg	loss: 0.52519418	acc: 0.841
[2m[36m(ParallelFedProxAgent pid=298648)[0m INFO:root:epochs: 76, training task: 3
[2m[36m(ParallelFedProxAgent pid=298648)[0m INFO:root:	task: 0	loss: 0.54004510	acc: 0.856
[2m[36m(ParallelFedProxAgent pid=298648)[0m INFO:root:	task: 1	loss: 0.52672194	acc: 0.817
[2m[36m(ParallelFedProxAgent pid=298648)[0m INFO:root:	task: 2	loss: 0.50505236	acc: 0.850
[2m[36m(ParallelFedProxAgent pid=298648)[0m INFO:root:	task: 3	loss: 0.52418485	acc: 0.808
[2m[36m(ParallelFedProxAgent pid=298648)[0m INFO:root:	task: avg	loss: 0.52400107	acc: 0.833
[2m[36m(ParallelFedProxAgent pid=298648)[0m INFO:root:epochs: 77, training task: 3
[2m[36m(ParallelFedProxAgent pid=298648)[0m INFO:root:	task: 0	loss: 0.53603701	acc: 0.853
[2m[36m(ParallelFedProxAgent pid=298648)[0m INFO:root:	task: 1	loss: 0.53028230	acc: 0.804
[2m[36m(ParallelFedProxAgent pid=298648)[0m INFO:root:	task: 2	loss: 0.49705193	acc: 0.873
[2m[36m(ParallelFedProxAgent pid=298648)[0m INFO:root:	task: 3	loss: 0.50816598	acc: 0.849
[2m[36m(ParallelFedProxAgent pid=298648)[0m INFO:root:	task: avg	loss: 0.51788430	acc: 0.845
[2m[36m(ParallelFedProxAgent pid=298648)[0m INFO:root:epochs: 78, training task: 3
[2m[36m(ParallelFedProxAgent pid=298648)[0m INFO:root:	task: 0	loss: 0.53730157	acc: 0.855
[2m[36m(ParallelFedProxAgent pid=298648)[0m INFO:root:	task: 1	loss: 0.52506465	acc: 0.815
[2m[36m(ParallelFedProxAgent pid=298648)[0m INFO:root:	task: 2	loss: 0.49974311	acc: 0.853
[2m[36m(ParallelFedProxAgent pid=298648)[0m INFO:root:	task: 3	loss: 0.52006512	acc: 0.820
[2m[36m(ParallelFedProxAgent pid=298648)[0m INFO:root:	task: avg	loss: 0.52054361	acc: 0.835
[2m[36m(ParallelFedProxAgent pid=298648)[0m INFO:root:epochs: 79, training task: 3
[2m[36m(ParallelFedProxAgent pid=298648)[0m INFO:root:	task: 0	loss: 0.53937831	acc: 0.857
[2m[36m(ParallelFedProxAgent pid=298648)[0m INFO:root:	task: 1	loss: 0.52828711	acc: 0.804
[2m[36m(ParallelFedProxAgent pid=298648)[0m INFO:root:	task: 2	loss: 0.48985000	acc: 0.862
[2m[36m(ParallelFedProxAgent pid=298648)[0m INFO:root:	task: 3	loss: 0.50132969	acc: 0.850
[2m[36m(ParallelFedProxAgent pid=298648)[0m INFO:root:	task: avg	loss: 0.51471128	acc: 0.843
[2m[36m(ParallelFedProxAgent pid=298648)[0m INFO:root:epochs: 80, training task: 3
[2m[36m(ParallelFedProxAgent pid=298648)[0m INFO:root:	task: 0	loss: 0.53287559	acc: 0.859
[2m[36m(ParallelFedProxAgent pid=298648)[0m INFO:root:	task: 1	loss: 0.52102937	acc: 0.817
[2m[36m(ParallelFedProxAgent pid=298648)[0m INFO:root:	task: 2	loss: 0.48868511	acc: 0.867
[2m[36m(ParallelFedProxAgent pid=298648)[0m INFO:root:	task: 3	loss: 0.50621669	acc: 0.851
[2m[36m(ParallelFedProxAgent pid=298648)[0m INFO:root:	task: avg	loss: 0.51220169	acc: 0.848
[2m[36m(ParallelFedProxAgent pid=298648)[0m INFO:root:epochs: 81, training task: 3
[2m[36m(ParallelFedProxAgent pid=298648)[0m INFO:root:	task: 0	loss: 0.53615373	acc: 0.853
[2m[36m(ParallelFedProxAgent pid=298648)[0m INFO:root:	task: 1	loss: 0.51586309	acc: 0.824
[2m[36m(ParallelFedProxAgent pid=298648)[0m INFO:root:	task: 2	loss: 0.48883060	acc: 0.873
[2m[36m(ParallelFedProxAgent pid=298648)[0m INFO:root:	task: 3	loss: 0.51187564	acc: 0.839
[2m[36m(ParallelFedProxAgent pid=298648)[0m INFO:root:	task: avg	loss: 0.51318077	acc: 0.847
[2m[36m(ParallelFedProxAgent pid=298648)[0m INFO:root:epochs: 82, training task: 3
[2m[36m(ParallelFedProxAgent pid=298648)[0m INFO:root:	task: 0	loss: 0.52718509	acc: 0.861
[2m[36m(ParallelFedProxAgent pid=298648)[0m INFO:root:	task: 1	loss: 0.51673567	acc: 0.820
[2m[36m(ParallelFedProxAgent pid=298648)[0m INFO:root:	task: 2	loss: 0.48894448	acc: 0.862
[2m[36m(ParallelFedProxAgent pid=298648)[0m INFO:root:	task: 3	loss: 0.51002894	acc: 0.832
[2m[36m(ParallelFedProxAgent pid=298648)[0m INFO:root:	task: avg	loss: 0.51072355	acc: 0.843
[2m[36m(ParallelFedProxAgent pid=298648)[0m INFO:root:epochs: 83, training task: 3
[2m[36m(ParallelFedProxAgent pid=298648)[0m INFO:root:	task: 0	loss: 0.53322213	acc: 0.851
[2m[36m(ParallelFedProxAgent pid=298648)[0m INFO:root:	task: 1	loss: 0.52345378	acc: 0.806
[2m[36m(ParallelFedProxAgent pid=298648)[0m INFO:root:	task: 2	loss: 0.48562937	acc: 0.881
[2m[36m(ParallelFedProxAgent pid=298648)[0m INFO:root:	task: 3	loss: 0.49910790	acc: 0.863
[2m[36m(ParallelFedProxAgent pid=298648)[0m INFO:root:	task: avg	loss: 0.51035329	acc: 0.850
[2m[36m(ParallelFedProxAgent pid=298648)[0m INFO:root:epochs: 84, training task: 3
[2m[36m(ParallelFedProxAgent pid=298648)[0m INFO:root:	task: 0	loss: 0.53231072	acc: 0.849
[2m[36m(ParallelFedProxAgent pid=298648)[0m INFO:root:	task: 1	loss: 0.51714102	acc: 0.829
[2m[36m(ParallelFedProxAgent pid=298648)[0m INFO:root:	task: 2	loss: 0.49425816	acc: 0.850
[2m[36m(ParallelFedProxAgent pid=298648)[0m INFO:root:	task: 3	loss: 0.51771902	acc: 0.816
[2m[36m(ParallelFedProxAgent pid=298648)[0m INFO:root:	task: avg	loss: 0.51535723	acc: 0.836
[2m[36m(ParallelFedProxAgent pid=298648)[0m INFO:root:epochs: 85, training task: 3
[2m[36m(ParallelFedProxAgent pid=298648)[0m INFO:root:	task: 0	loss: 0.54077857	acc: 0.832
[2m[36m(ParallelFedProxAgent pid=298648)[0m INFO:root:	task: 1	loss: 0.52505536	acc: 0.797
[2m[36m(ParallelFedProxAgent pid=298648)[0m INFO:root:	task: 2	loss: 0.47744586	acc: 0.876
[2m[36m(ParallelFedProxAgent pid=298648)[0m INFO:root:	task: 3	loss: 0.48348807	acc: 0.874
[2m[36m(ParallelFedProxAgent pid=298648)[0m INFO:root:	task: avg	loss: 0.50669196	acc: 0.845
[2m[36m(ParallelFedProxAgent pid=298648)[0m INFO:root:epochs: 86, training task: 3
[2m[36m(ParallelFedProxAgent pid=298648)[0m INFO:root:	task: 0	loss: 0.52514583	acc: 0.851
[2m[36m(ParallelFedProxAgent pid=298648)[0m INFO:root:	task: 1	loss: 0.51788730	acc: 0.812
[2m[36m(ParallelFedProxAgent pid=298648)[0m INFO:root:	task: 2	loss: 0.48099328	acc: 0.869
[2m[36m(ParallelFedProxAgent pid=298648)[0m INFO:root:	task: 3	loss: 0.49355077	acc: 0.849
[2m[36m(ParallelFedProxAgent pid=298648)[0m INFO:root:	task: avg	loss: 0.50439429	acc: 0.845
[2m[36m(ParallelFedProxAgent pid=298648)[0m INFO:root:epochs: 87, training task: 3
[2m[36m(ParallelFedProxAgent pid=298648)[0m INFO:root:	task: 0	loss: 0.51569037	acc: 0.859
[2m[36m(ParallelFedProxAgent pid=298648)[0m INFO:root:	task: 1	loss: 0.51738200	acc: 0.810
[2m[36m(ParallelFedProxAgent pid=298648)[0m INFO:root:	task: 2	loss: 0.48024700	acc: 0.882
[2m[36m(ParallelFedProxAgent pid=298648)[0m INFO:root:	task: 3	loss: 0.49712826	acc: 0.854
[2m[36m(ParallelFedProxAgent pid=298648)[0m INFO:root:	task: avg	loss: 0.50261191	acc: 0.851
[2m[36m(ParallelFedProxAgent pid=298648)[0m INFO:root:epochs: 88, training task: 3
[2m[36m(ParallelFedProxAgent pid=298648)[0m INFO:root:	task: 0	loss: 0.51911901	acc: 0.853
[2m[36m(ParallelFedProxAgent pid=298648)[0m INFO:root:	task: 1	loss: 0.50318891	acc: 0.824
[2m[36m(ParallelFedProxAgent pid=298648)[0m INFO:root:	task: 2	loss: 0.47839082	acc: 0.868
[2m[36m(ParallelFedProxAgent pid=298648)[0m INFO:root:	task: 3	loss: 0.50640710	acc: 0.828
[2m[36m(ParallelFedProxAgent pid=298648)[0m INFO:root:	task: avg	loss: 0.50177646	acc: 0.843
[2m[36m(ParallelFedProxAgent pid=298648)[0m INFO:root:epochs: 89, training task: 3
[2m[36m(ParallelFedProxAgent pid=298648)[0m INFO:root:	task: 0	loss: 0.51432907	acc: 0.854
[2m[36m(ParallelFedProxAgent pid=298648)[0m INFO:root:	task: 1	loss: 0.51241646	acc: 0.804
[2m[36m(ParallelFedProxAgent pid=298648)[0m INFO:root:	task: 2	loss: 0.47615744	acc: 0.872
[2m[36m(ParallelFedProxAgent pid=298648)[0m INFO:root:	task: 3	loss: 0.49295110	acc: 0.848
[2m[36m(ParallelFedProxAgent pid=298648)[0m INFO:root:	task: avg	loss: 0.49896352	acc: 0.844
[2m[36m(ParallelFedProxAgent pid=298648)[0m INFO:root:epochs: 90, training task: 3
[2m[36m(ParallelFedProxAgent pid=298648)[0m INFO:root:	task: 0	loss: 0.51432835	acc: 0.853
[2m[36m(ParallelFedProxAgent pid=298648)[0m INFO:root:	task: 1	loss: 0.51426765	acc: 0.803
[2m[36m(ParallelFedProxAgent pid=298648)[0m INFO:root:	task: 2	loss: 0.47780993	acc: 0.873
[2m[36m(ParallelFedProxAgent pid=298648)[0m INFO:root:	task: 3	loss: 0.49835462	acc: 0.835
[2m[36m(ParallelFedProxAgent pid=298648)[0m INFO:root:	task: avg	loss: 0.50119014	acc: 0.841
[2m[36m(ParallelFedProxAgent pid=298648)[0m INFO:root:epochs: 91, training task: 3
[2m[36m(ParallelFedProxAgent pid=298648)[0m INFO:root:	task: 0	loss: 0.51381404	acc: 0.851
[2m[36m(ParallelFedProxAgent pid=298648)[0m INFO:root:	task: 1	loss: 0.51437371	acc: 0.802
[2m[36m(ParallelFedProxAgent pid=298648)[0m INFO:root:	task: 2	loss: 0.47025379	acc: 0.875
[2m[36m(ParallelFedProxAgent pid=298648)[0m INFO:root:	task: 3	loss: 0.49302504	acc: 0.832
[2m[36m(ParallelFedProxAgent pid=298648)[0m INFO:root:	task: avg	loss: 0.49786665	acc: 0.840
slurmstepd: error: *** STEP 129752.0 ON ee-a6000-1.grasp.maas CANCELLED AT 2023-10-16T14:36:43 ***
slurmstepd: error: *** JOB 129752 ON ee-a6000-1.grasp.maas CANCELLED AT 2023-10-16T14:36:43 ***
