{'train': {'component_update_freq': 100, 'num_epochs': 100, 'init_component_update_freq': 100, 'init_num_epochs': 100, 'save_freq': 1}, 'dataset': {'dataset_name': 'mnist', 'num_tasks': 10, 'num_classes_per_task': 2, 'with_replacement': True, 'num_trains_per_class': 64, 'num_vals_per_class': 50, 'remap_labels': True}, 'net': {'name': 'mlp', 'depth': 4, 'layer_size': 64, 'dropout': 0.0}, 'sharing_strategy': {'name': 'gradient', 'num_coms_per_round': 1, 'comm_freq': 10, 'mu': 1.0}, 'seed': 0, 'algo': 'modular', 'job_name': 'mnist_modular_numtrain_64_contrastive', 'num_agents': 8, 'root_save_dir': 'experiment_results/fedavg/', 'parallel': True, 'num_init_tasks': 4, 'agent': {'save_dir': '${root_save_dir}/${job_name}/${dataset.dataset_name}/${algo}/seed_${seed}', 'batch_size': 64, 'memory_size': 32, 'improvement_threshold': 0.05, 'use_contrastive': True}}
[2023-10-17 21:22:30,358][root][INFO] - Class sequence: [5 0 4 3 4 6 4 3 8 0 1 0 5 9 6 4 9 0 3 0]
[2023-10-17 21:22:30,377][root][INFO] - task 0 :(128, 1, 28, 28)
[2023-10-17 21:22:30,421][root][INFO] - task 1 :(128, 1, 28, 28)
[2023-10-17 21:22:30,442][root][INFO] - task 2 :(128, 1, 28, 28)
[2023-10-17 21:22:30,463][root][INFO] - task 3 :(128, 1, 28, 28)
[2023-10-17 21:22:30,481][root][INFO] - task 4 :(128, 1, 28, 28)
[2023-10-17 21:22:30,502][root][INFO] - task 5 :(128, 1, 28, 28)
[2023-10-17 21:22:30,521][root][INFO] - task 6 :(128, 1, 28, 28)
[2023-10-17 21:22:30,541][root][INFO] - task 7 :(128, 1, 28, 28)
[2023-10-17 21:22:30,560][root][INFO] - task 8 :(128, 1, 28, 28)
[2023-10-17 21:22:30,580][root][INFO] - task 9 :(128, 1, 28, 28)
[2023-10-17 21:22:30,678][root][INFO] - Class sequence: [4 7 5 7 6 0 3 0 5 0 3 6 2 7 6 7 6 1 0 5]
[2023-10-17 21:22:30,696][root][INFO] - task 0 :(128, 1, 28, 28)
[2023-10-17 21:22:30,715][root][INFO] - task 1 :(128, 1, 28, 28)
[2023-10-17 21:22:30,735][root][INFO] - task 2 :(128, 1, 28, 28)
[2023-10-17 21:22:30,756][root][INFO] - task 3 :(128, 1, 28, 28)
[2023-10-17 21:22:30,775][root][INFO] - task 4 :(128, 1, 28, 28)
[2023-10-17 21:22:30,796][root][INFO] - task 5 :(128, 1, 28, 28)
[2023-10-17 21:22:30,817][root][INFO] - task 6 :(128, 1, 28, 28)
[2023-10-17 21:22:30,844][root][INFO] - task 7 :(128, 1, 28, 28)
[2023-10-17 21:22:30,872][root][INFO] - task 8 :(128, 1, 28, 28)
[2023-10-17 21:22:30,894][root][INFO] - task 9 :(128, 1, 28, 28)
[2023-10-17 21:22:30,993][root][INFO] - Class sequence: [6 7 7 8 4 1 1 8 6 1 6 4 5 7 8 0 2 3 0 3]
[2023-10-17 21:22:31,010][root][INFO] - task 0 :(128, 1, 28, 28)
[2023-10-17 21:22:31,030][root][INFO] - task 1 :(128, 1, 28, 28)
[2023-10-17 21:22:31,051][root][INFO] - task 2 :(128, 1, 28, 28)
[2023-10-17 21:22:31,072][root][INFO] - task 3 :(128, 1, 28, 28)
[2023-10-17 21:22:31,099][root][INFO] - task 4 :(128, 1, 28, 28)
[2023-10-17 21:22:31,119][root][INFO] - task 5 :(128, 1, 28, 28)
[2023-10-17 21:22:31,138][root][INFO] - task 6 :(128, 1, 28, 28)
[2023-10-17 21:22:31,166][root][INFO] - task 7 :(128, 1, 28, 28)
[2023-10-17 21:22:31,189][root][INFO] - task 8 :(128, 1, 28, 28)
[2023-10-17 21:22:31,210][root][INFO] - task 9 :(128, 1, 28, 28)
[2023-10-17 21:22:31,308][root][INFO] - Class sequence: [2 8 0 3 7 4 3 4 4 5 9 3 0 6 9 1 3 1 7 9]
[2023-10-17 21:22:31,325][root][INFO] - task 0 :(128, 1, 28, 28)
[2023-10-17 21:22:31,345][root][INFO] - task 1 :(128, 1, 28, 28)
[2023-10-17 21:22:31,370][root][INFO] - task 2 :(128, 1, 28, 28)
[2023-10-17 21:22:31,394][root][INFO] - task 3 :(128, 1, 28, 28)
[2023-10-17 21:22:31,413][root][INFO] - task 4 :(128, 1, 28, 28)
[2023-10-17 21:22:31,438][root][INFO] - task 5 :(128, 1, 28, 28)
[2023-10-17 21:22:31,462][root][INFO] - task 6 :(128, 1, 28, 28)
[2023-10-17 21:22:31,482][root][INFO] - task 7 :(128, 1, 28, 28)
[2023-10-17 21:22:31,504][root][INFO] - task 8 :(128, 1, 28, 28)
[2023-10-17 21:22:31,525][root][INFO] - task 9 :(128, 1, 28, 28)
[2023-10-17 21:22:31,628][root][INFO] - Class sequence: [0 3 0 2 9 7 0 9 2 1 7 6 8 6 1 8 6 4 9 8]
[2023-10-17 21:22:31,646][root][INFO] - task 0 :(128, 1, 28, 28)
[2023-10-17 21:22:31,665][root][INFO] - task 1 :(128, 1, 28, 28)
[2023-10-17 21:22:31,686][root][INFO] - task 2 :(128, 1, 28, 28)
[2023-10-17 21:22:31,709][root][INFO] - task 3 :(128, 1, 28, 28)
[2023-10-17 21:22:31,729][root][INFO] - task 4 :(128, 1, 28, 28)
[2023-10-17 21:22:31,754][root][INFO] - task 5 :(128, 1, 28, 28)
[2023-10-17 21:22:31,774][root][INFO] - task 6 :(128, 1, 28, 28)
[2023-10-17 21:22:31,799][root][INFO] - task 7 :(128, 1, 28, 28)
[2023-10-17 21:22:31,822][root][INFO] - task 8 :(128, 1, 28, 28)
[2023-10-17 21:22:31,842][root][INFO] - task 9 :(128, 1, 28, 28)
[2023-10-17 21:22:31,946][root][INFO] - Class sequence: [8 4 6 3 3 1 1 6 4 9 3 2 2 9 6 0 5 9 7 2]
[2023-10-17 21:22:31,963][root][INFO] - task 0 :(128, 1, 28, 28)
[2023-10-17 21:22:31,984][root][INFO] - task 1 :(128, 1, 28, 28)
[2023-10-17 21:22:32,006][root][INFO] - task 2 :(128, 1, 28, 28)
[2023-10-17 21:22:32,028][root][INFO] - task 3 :(128, 1, 28, 28)
[2023-10-17 21:22:32,048][root][INFO] - task 4 :(128, 1, 28, 28)
[2023-10-17 21:22:32,068][root][INFO] - task 5 :(128, 1, 28, 28)
[2023-10-17 21:22:32,093][root][INFO] - task 6 :(128, 1, 28, 28)
[2023-10-17 21:22:32,113][root][INFO] - task 7 :(128, 1, 28, 28)
[2023-10-17 21:22:32,132][root][INFO] - task 8 :(128, 1, 28, 28)
[2023-10-17 21:22:32,153][root][INFO] - task 9 :(128, 1, 28, 28)
[2023-10-17 21:22:32,259][root][INFO] - Class sequence: [7 5 8 4 6 9 8 3 4 6 1 3 3 1 4 1 9 2 6 2]
[2023-10-17 21:22:32,276][root][INFO] - task 0 :(128, 1, 28, 28)
[2023-10-17 21:22:32,296][root][INFO] - task 1 :(128, 1, 28, 28)
[2023-10-17 21:22:32,315][root][INFO] - task 2 :(128, 1, 28, 28)
[2023-10-17 21:22:32,339][root][INFO] - task 3 :(128, 1, 28, 28)
[2023-10-17 21:22:32,358][root][INFO] - task 4 :(128, 1, 28, 28)
[2023-10-17 21:22:32,385][root][INFO] - task 5 :(128, 1, 28, 28)
[2023-10-17 21:22:32,406][root][INFO] - task 6 :(128, 1, 28, 28)
[2023-10-17 21:22:32,427][root][INFO] - task 7 :(128, 1, 28, 28)
[2023-10-17 21:22:32,446][root][INFO] - task 8 :(128, 1, 28, 28)
[2023-10-17 21:22:32,470][root][INFO] - task 9 :(128, 1, 28, 28)
[2023-10-17 21:22:32,576][root][INFO] - Class sequence: [5 1 8 3 9 6 5 9 5 0 7 2 7 8 6 1 6 0 0 6]
[2023-10-17 21:22:32,594][root][INFO] - task 0 :(128, 1, 28, 28)
[2023-10-17 21:22:32,614][root][INFO] - task 1 :(128, 1, 28, 28)
[2023-10-17 21:22:32,638][root][INFO] - task 2 :(128, 1, 28, 28)
[2023-10-17 21:22:32,661][root][INFO] - task 3 :(128, 1, 28, 28)
[2023-10-17 21:22:32,681][root][INFO] - task 4 :(128, 1, 28, 28)
[2023-10-17 21:22:32,708][root][INFO] - task 5 :(128, 1, 28, 28)
[2023-10-17 21:22:32,729][root][INFO] - task 6 :(128, 1, 28, 28)
[2023-10-17 21:22:32,763][root][INFO] - task 7 :(128, 1, 28, 28)
[2023-10-17 21:22:32,782][root][INFO] - task 8 :(128, 1, 28, 28)
[2023-10-17 21:22:32,808][root][INFO] - task 9 :(128, 1, 28, 28)
i_size 28
num_classes 2
net_cfg {'name': 'mlp', 'depth': 4, 'layer_size': 64, 'dropout': 0.0, 'i_size': 28, 'num_classes': 2, 'num_tasks': 10, 'num_init_tasks': 4, 'use_contrastive': True}
<class 'shell.learners.er_dynamic.CompositionalDynamicER'>
[2023-10-17 21:22:32,910][root][INFO] - Class sequence: [7 0 8 4 8 3 3 9 6 4 3 2 4 6 7 4 9 0 3 1]
[2023-10-17 21:22:32,928][root][INFO] - task 0 :(128, 1, 28, 28)
[2023-10-17 21:22:32,948][root][INFO] - task 1 :(128, 1, 28, 28)
[2023-10-17 21:22:32,968][root][INFO] - task 2 :(128, 1, 28, 28)
[2023-10-17 21:22:32,994][root][INFO] - task 3 :(128, 1, 28, 28)
[2023-10-17 21:22:33,013][root][INFO] - task 4 :(128, 1, 28, 28)
[2023-10-17 21:22:33,033][root][INFO] - task 5 :(128, 1, 28, 28)
[2023-10-17 21:22:33,053][root][INFO] - task 6 :(128, 1, 28, 28)
[2023-10-17 21:22:33,073][root][INFO] - task 7 :(128, 1, 28, 28)
[2023-10-17 21:22:33,091][root][INFO] - task 8 :(128, 1, 28, 28)
[2023-10-17 21:22:33,118][root][INFO] - task 9 :(128, 1, 28, 28)
[2023-10-17 21:22:47,591][root][INFO] - Joint training on task 0 ...
[2023-10-17 21:22:52,379][root][INFO] - Joint training on task 1 ...
[2023-10-17 21:22:53,368][root][INFO] - Joint training on task 2 ...
[2023-10-17 21:22:54,596][root][INFO] - Joint training on task 3 ...
