{'train': {'component_update_freq': 100, 'num_epochs': 100, 'init_component_update_freq': 100, 'init_num_epochs': 100, 'save_freq': 1}, 'dataset': {'dataset_name': 'kmnist', 'num_tasks': 10, 'num_classes_per_task': 2, 'with_replacement': True, 'num_trains_per_class': 64, 'num_vals_per_class': 50, 'remap_labels': True}, 'net': {'name': 'mlp', 'depth': 4, 'layer_size': 64, 'dropout': 0.0}, 'sharing_strategy': {'name': 'gradient', 'num_coms_per_round': 1, 'comm_freq': 10, 'mu': 1.0}, 'seed': 0, 'algo': 'modular', 'job_name': 'kmnist_modular_numtrain_64_contrastive', 'num_agents': 8, 'root_save_dir': 'experiment_results/fedavg/', 'parallel': True, 'num_init_tasks': 4, 'agent': {'save_dir': '${root_save_dir}/${job_name}/${dataset.dataset_name}/${algo}/seed_${seed}', 'batch_size': 64, 'memory_size': 32, 'improvement_threshold': 0.05, 'use_contrastive': True}}
[2023-10-17 21:13:01,487][root][INFO] - Class sequence: [5 0 4 3 4 6 4 3 8 0 1 0 5 9 6 4 9 0 3 0]
[2023-10-17 21:13:01,507][root][INFO] - task 0 :(128, 1, 28, 28)
[2023-10-17 21:13:01,553][root][INFO] - task 1 :(128, 1, 28, 28)
[2023-10-17 21:13:01,574][root][INFO] - task 2 :(128, 1, 28, 28)
[2023-10-17 21:13:01,595][root][INFO] - task 3 :(128, 1, 28, 28)
[2023-10-17 21:13:01,621][root][INFO] - task 4 :(128, 1, 28, 28)
[2023-10-17 21:13:01,641][root][INFO] - task 5 :(128, 1, 28, 28)
[2023-10-17 21:13:01,662][root][INFO] - task 6 :(128, 1, 28, 28)
[2023-10-17 21:13:01,683][root][INFO] - task 7 :(128, 1, 28, 28)
[2023-10-17 21:13:01,701][root][INFO] - task 8 :(128, 1, 28, 28)
[2023-10-17 21:13:01,725][root][INFO] - task 9 :(128, 1, 28, 28)
[2023-10-17 21:13:02,031][root][INFO] - Class sequence: [4 7 5 7 6 0 3 0 5 0 3 6 2 7 6 7 6 1 0 5]
[2023-10-17 21:13:02,049][root][INFO] - task 0 :(128, 1, 28, 28)
[2023-10-17 21:13:02,070][root][INFO] - task 1 :(128, 1, 28, 28)
[2023-10-17 21:13:02,090][root][INFO] - task 2 :(128, 1, 28, 28)
[2023-10-17 21:13:02,111][root][INFO] - task 3 :(128, 1, 28, 28)
[2023-10-17 21:13:02,132][root][INFO] - task 4 :(128, 1, 28, 28)
[2023-10-17 21:13:02,158][root][INFO] - task 5 :(128, 1, 28, 28)
[2023-10-17 21:13:02,180][root][INFO] - task 6 :(128, 1, 28, 28)
[2023-10-17 21:13:02,199][root][INFO] - task 7 :(128, 1, 28, 28)
[2023-10-17 21:13:02,220][root][INFO] - task 8 :(128, 1, 28, 28)
[2023-10-17 21:13:02,240][root][INFO] - task 9 :(128, 1, 28, 28)
[2023-10-17 21:13:02,545][root][INFO] - Class sequence: [6 7 7 8 4 1 1 8 6 1 6 4 5 7 8 0 2 3 0 3]
[2023-10-17 21:13:02,562][root][INFO] - task 0 :(128, 1, 28, 28)
[2023-10-17 21:13:02,582][root][INFO] - task 1 :(128, 1, 28, 28)
[2023-10-17 21:13:02,602][root][INFO] - task 2 :(128, 1, 28, 28)
[2023-10-17 21:13:02,623][root][INFO] - task 3 :(128, 1, 28, 28)
[2023-10-17 21:13:02,643][root][INFO] - task 4 :(128, 1, 28, 28)
[2023-10-17 21:13:02,669][root][INFO] - task 5 :(128, 1, 28, 28)
[2023-10-17 21:13:02,690][root][INFO] - task 6 :(128, 1, 28, 28)
[2023-10-17 21:13:02,711][root][INFO] - task 7 :(128, 1, 28, 28)
[2023-10-17 21:13:02,731][root][INFO] - task 8 :(128, 1, 28, 28)
[2023-10-17 21:13:02,778][root][INFO] - task 9 :(128, 1, 28, 28)
[2023-10-17 21:13:03,082][root][INFO] - Class sequence: [2 8 0 3 7 4 3 4 4 5 9 3 0 6 9 1 3 1 7 9]
[2023-10-17 21:13:03,100][root][INFO] - task 0 :(128, 1, 28, 28)
[2023-10-17 21:13:03,121][root][INFO] - task 1 :(128, 1, 28, 28)
[2023-10-17 21:13:03,141][root][INFO] - task 2 :(128, 1, 28, 28)
[2023-10-17 21:13:03,161][root][INFO] - task 3 :(128, 1, 28, 28)
[2023-10-17 21:13:03,182][root][INFO] - task 4 :(128, 1, 28, 28)
[2023-10-17 21:13:03,202][root][INFO] - task 5 :(128, 1, 28, 28)
[2023-10-17 21:13:03,223][root][INFO] - task 6 :(128, 1, 28, 28)
[2023-10-17 21:13:03,242][root][INFO] - task 7 :(128, 1, 28, 28)
[2023-10-17 21:13:03,263][root][INFO] - task 8 :(128, 1, 28, 28)
[2023-10-17 21:13:03,283][root][INFO] - task 9 :(128, 1, 28, 28)
[2023-10-17 21:13:03,594][root][INFO] - Class sequence: [0 3 0 2 9 7 0 9 2 1 7 6 8 6 1 8 6 4 9 8]
[2023-10-17 21:13:03,612][root][INFO] - task 0 :(128, 1, 28, 28)
[2023-10-17 21:13:03,631][root][INFO] - task 1 :(128, 1, 28, 28)
[2023-10-17 21:13:03,652][root][INFO] - task 2 :(128, 1, 28, 28)
[2023-10-17 21:13:03,671][root][INFO] - task 3 :(128, 1, 28, 28)
[2023-10-17 21:13:03,691][root][INFO] - task 4 :(128, 1, 28, 28)
[2023-10-17 21:13:03,712][root][INFO] - task 5 :(128, 1, 28, 28)
[2023-10-17 21:13:03,732][root][INFO] - task 6 :(128, 1, 28, 28)
[2023-10-17 21:13:03,753][root][INFO] - task 7 :(128, 1, 28, 28)
[2023-10-17 21:13:03,773][root][INFO] - task 8 :(128, 1, 28, 28)
[2023-10-17 21:13:03,793][root][INFO] - task 9 :(128, 1, 28, 28)
[2023-10-17 21:13:04,095][root][INFO] - Class sequence: [8 4 6 3 3 1 1 6 4 9 3 2 2 9 6 0 5 9 7 2]
[2023-10-17 21:13:04,113][root][INFO] - task 0 :(128, 1, 28, 28)
[2023-10-17 21:13:04,137][root][INFO] - task 1 :(128, 1, 28, 28)
[2023-10-17 21:13:04,159][root][INFO] - task 2 :(128, 1, 28, 28)
[2023-10-17 21:13:04,179][root][INFO] - task 3 :(128, 1, 28, 28)
[2023-10-17 21:13:04,199][root][INFO] - task 4 :(128, 1, 28, 28)
[2023-10-17 21:13:04,218][root][INFO] - task 5 :(128, 1, 28, 28)
[2023-10-17 21:13:04,237][root][INFO] - task 6 :(128, 1, 28, 28)
[2023-10-17 21:13:04,257][root][INFO] - task 7 :(128, 1, 28, 28)
[2023-10-17 21:13:04,277][root][INFO] - task 8 :(128, 1, 28, 28)
[2023-10-17 21:13:04,297][root][INFO] - task 9 :(128, 1, 28, 28)
[2023-10-17 21:13:04,599][root][INFO] - Class sequence: [7 5 8 4 6 9 8 3 4 6 1 3 3 1 4 1 9 2 6 2]
[2023-10-17 21:13:04,617][root][INFO] - task 0 :(128, 1, 28, 28)
[2023-10-17 21:13:04,641][root][INFO] - task 1 :(128, 1, 28, 28)
[2023-10-17 21:13:04,661][root][INFO] - task 2 :(128, 1, 28, 28)
[2023-10-17 21:13:04,680][root][INFO] - task 3 :(128, 1, 28, 28)
[2023-10-17 21:13:04,704][root][INFO] - task 4 :(128, 1, 28, 28)
[2023-10-17 21:13:04,723][root][INFO] - task 5 :(128, 1, 28, 28)
[2023-10-17 21:13:04,742][root][INFO] - task 6 :(128, 1, 28, 28)
[2023-10-17 21:13:04,761][root][INFO] - task 7 :(128, 1, 28, 28)
[2023-10-17 21:13:04,781][root][INFO] - task 8 :(128, 1, 28, 28)
[2023-10-17 21:13:04,801][root][INFO] - task 9 :(128, 1, 28, 28)
[2023-10-17 21:13:05,105][root][INFO] - Class sequence: [5 1 8 3 9 6 5 9 5 0 7 2 7 8 6 1 6 0 0 6]
[2023-10-17 21:13:05,148][root][INFO] - task 0 :(128, 1, 28, 28)
[2023-10-17 21:13:05,167][root][INFO] - task 1 :(128, 1, 28, 28)
[2023-10-17 21:13:05,187][root][INFO] - task 2 :(128, 1, 28, 28)
[2023-10-17 21:13:05,207][root][INFO] - task 3 :(128, 1, 28, 28)
[2023-10-17 21:13:05,226][root][INFO] - task 4 :(128, 1, 28, 28)
[2023-10-17 21:13:05,246][root][INFO] - task 5 :(128, 1, 28, 28)
[2023-10-17 21:13:05,265][root][INFO] - task 6 :(128, 1, 28, 28)
[2023-10-17 21:13:05,286][root][INFO] - task 7 :(128, 1, 28, 28)
[2023-10-17 21:13:05,304][root][INFO] - task 8 :(128, 1, 28, 28)
[2023-10-17 21:13:05,324][root][INFO] - task 9 :(128, 1, 28, 28)
i_size 28
num_classes 2
net_cfg {'name': 'mlp', 'depth': 4, 'layer_size': 64, 'dropout': 0.0, 'i_size': 28, 'num_classes': 2, 'num_tasks': 10, 'num_init_tasks': 4, 'use_contrastive': True}
<class 'shell.learners.er_dynamic.CompositionalDynamicER'>
[2023-10-17 21:13:05,627][root][INFO] - Class sequence: [7 0 8 4 8 3 3 9 6 4 3 2 4 6 7 4 9 0 3 1]
[2023-10-17 21:13:05,645][root][INFO] - task 0 :(128, 1, 28, 28)
[2023-10-17 21:13:05,665][root][INFO] - task 1 :(128, 1, 28, 28)
[2023-10-17 21:13:05,684][root][INFO] - task 2 :(128, 1, 28, 28)
[2023-10-17 21:13:05,708][root][INFO] - task 3 :(128, 1, 28, 28)
[2023-10-17 21:13:05,728][root][INFO] - task 4 :(128, 1, 28, 28)
[2023-10-17 21:13:05,747][root][INFO] - task 5 :(128, 1, 28, 28)
[2023-10-17 21:13:05,767][root][INFO] - task 6 :(128, 1, 28, 28)
[2023-10-17 21:13:05,786][root][INFO] - task 7 :(128, 1, 28, 28)
[2023-10-17 21:13:05,805][root][INFO] - task 8 :(128, 1, 28, 28)
[2023-10-17 21:13:05,825][root][INFO] - task 9 :(128, 1, 28, 28)
[2023-10-17 21:13:21,643][root][INFO] - Joint training on task 0 ...
[2023-10-17 21:13:26,559][root][INFO] - Joint training on task 1 ...
[2023-10-17 21:13:27,443][root][INFO] - Joint training on task 2 ...
[2023-10-17 21:13:28,782][root][INFO] - Joint training on task 3 ...
[2023-10-17 21:15:48,919][root][INFO] - DONE TRAINING THE JOINT AGENT...
[2023-10-17 21:15:48,920][root][INFO] - No. gpus per agent: 0.25
[2023-10-17 21:15:53,562][root][INFO] - Created fleet with 8 agents
[2023-10-17 21:15:53,562][root][INFO] - Adding neighbors...
[2023-10-17 21:15:54,691][root][INFO] - Fleet initialized
[2023-10-17 21:15:54,699][root][INFO] - READY TO TRAIN INDIVIDUAL AGENTS...
[2m[36m(ParallelModGrad pid=3814313)[0m node 0 is processing at round 0 for task 0
[2m[36m(ParallelModGrad pid=3815254)[0m node 1 is processing at round 0 for task 0
[2m[36m(ParallelModGrad pid=3815379)[0m node 2 is processing at round 0 for task 0
[2m[36m(ParallelModGrad pid=3816278)[0m node 5 is processing at round 0 for task 0
[2m[36m(ParallelModGrad pid=3815475)[0m node 3 is processing at round 0 for task 0
[2m[36m(ParallelModGrad pid=3816716)[0m node 6 is processing at round 0 for task 0
[2m[36m(ParallelModGrad pid=3815955)[0m node 4 is processing at round 0 for task 0
[2m[36m(ParallelModGrad pid=3817521)[0m node 7 is processing at round 0 for task 0
[2m[36m(ParallelModGrad pid=3814313)[0m node 0 is processing at round 1 for task 0
[2m[36m(ParallelModGrad pid=3815254)[0m node 1 is processing at round 1 for task 0
[2m[36m(ParallelModGrad pid=3815379)[0m node 2 is processing at round 1 for task 0
[2m[36m(ParallelModGrad pid=3816278)[0m node 5 is processing at round 1 for task 0
[2m[36m(ParallelModGrad pid=3815475)[0m node 3 is processing at round 1 for task 0
[2m[36m(ParallelModGrad pid=3816716)[0m node 6 is processing at round 1 for task 0
[2m[36m(ParallelModGrad pid=3815955)[0m node 4 is processing at round 1 for task 0
[2m[36m(ParallelModGrad pid=3817521)[0m node 7 is processing at round 1 for task 0
[2m[36m(ParallelModGrad pid=3814313)[0m node 0 is processing at round 2 for task 0
[2m[36m(ParallelModGrad pid=3815254)[0m node 1 is processing at round 2 for task 0
[2m[36m(ParallelModGrad pid=3815379)[0m node 2 is processing at round 2 for task 0
[2m[36m(ParallelModGrad pid=3816278)[0m node 5 is processing at round 2 for task 0
[2m[36m(ParallelModGrad pid=3815475)[0m node 3 is processing at round 2 for task 0
[2m[36m(ParallelModGrad pid=3816716)[0m node 6 is processing at round 2 for task 0
[2m[36m(ParallelModGrad pid=3815955)[0m node 4 is processing at round 2 for task 0
[2m[36m(ParallelModGrad pid=3817521)[0m node 7 is processing at round 2 for task 0
[2m[36m(ParallelModGrad pid=3814313)[0m node 0 is processing at round 3 for task 0
[2m[36m(ParallelModGrad pid=3815254)[0m node 1 is processing at round 3 for task 0
[2m[36m(ParallelModGrad pid=3815379)[0m node 2 is processing at round 3 for task 0
[2m[36m(ParallelModGrad pid=3816278)[0m node 5 is processing at round 3 for task 0
[2m[36m(ParallelModGrad pid=3815475)[0m node 3 is processing at round 3 for task 0
[2m[36m(ParallelModGrad pid=3816716)[0m node 6 is processing at round 3 for task 0
[2m[36m(ParallelModGrad pid=3815955)[0m node 4 is processing at round 3 for task 0
[2m[36m(ParallelModGrad pid=3817521)[0m node 7 is processing at round 3 for task 0
[2m[36m(ParallelModGrad pid=3814313)[0m node 0 is processing at round 4 for task 0
[2m[36m(ParallelModGrad pid=3815254)[0m node 1 is processing at round 4 for task 0
[2m[36m(ParallelModGrad pid=3815379)[0m node 2 is processing at round 4 for task 0
[2m[36m(ParallelModGrad pid=3816278)[0m node 5 is processing at round 4 for task 0
[2m[36m(ParallelModGrad pid=3815475)[0m node 3 is processing at round 4 for task 0
[2m[36m(ParallelModGrad pid=3816716)[0m node 6 is processing at round 4 for task 0
[2m[36m(ParallelModGrad pid=3815955)[0m node 4 is processing at round 4 for task 0
[2m[36m(ParallelModGrad pid=3817521)[0m node 7 is processing at round 4 for task 0
[2m[36m(ParallelModGrad pid=3814313)[0m node 0 is processing at round 5 for task 0
[2m[36m(ParallelModGrad pid=3815254)[0m node 1 is processing at round 5 for task 0
[2m[36m(ParallelModGrad pid=3815379)[0m node 2 is processing at round 5 for task 0
[2m[36m(ParallelModGrad pid=3816278)[0m node 5 is processing at round 5 for task 0
[2m[36m(ParallelModGrad pid=3815475)[0m node 3 is processing at round 5 for task 0
[2m[36m(ParallelModGrad pid=3816716)[0m node 6 is processing at round 5 for task 0
[2m[36m(ParallelModGrad pid=3815955)[0m node 4 is processing at round 5 for task 0
[2m[36m(ParallelModGrad pid=3817521)[0m node 7 is processing at round 5 for task 0
[2m[36m(ParallelModGrad pid=3814313)[0m node 0 is processing at round 6 for task 0
[2m[36m(ParallelModGrad pid=3815254)[0m node 1 is processing at round 6 for task 0
[2m[36m(ParallelModGrad pid=3815379)[0m node 2 is processing at round 6 for task 0
[2m[36m(ParallelModGrad pid=3816278)[0m node 5 is processing at round 6 for task 0
[2m[36m(ParallelModGrad pid=3815475)[0m node 3 is processing at round 6 for task 0
[2m[36m(ParallelModGrad pid=3816716)[0m node 6 is processing at round 6 for task 0
[2m[36m(ParallelModGrad pid=3815955)[0m node 4 is processing at round 6 for task 0
[2m[36m(ParallelModGrad pid=3817521)[0m node 7 is processing at round 6 for task 0
[2m[36m(ParallelModGrad pid=3814313)[0m node 0 is processing at round 7 for task 0
[2m[36m(ParallelModGrad pid=3815254)[0m node 1 is processing at round 7 for task 0
[2m[36m(ParallelModGrad pid=3815379)[0m node 2 is processing at round 7 for task 0
[2m[36m(ParallelModGrad pid=3816278)[0m node 5 is processing at round 7 for task 0
[2m[36m(ParallelModGrad pid=3815475)[0m node 3 is processing at round 7 for task 0
[2m[36m(ParallelModGrad pid=3816716)[0m node 6 is processing at round 7 for task 0
[2m[36m(ParallelModGrad pid=3815955)[0m node 4 is processing at round 7 for task 0
[2m[36m(ParallelModGrad pid=3817521)[0m node 7 is processing at round 7 for task 0
[2m[36m(ParallelModGrad pid=3814313)[0m node 0 is processing at round 8 for task 0
[2m[36m(ParallelModGrad pid=3815254)[0m node 1 is processing at round 8 for task 0
[2m[36m(ParallelModGrad pid=3815379)[0m node 2 is processing at round 8 for task 0
[2m[36m(ParallelModGrad pid=3816278)[0m node 5 is processing at round 8 for task 0
[2m[36m(ParallelModGrad pid=3815475)[0m node 3 is processing at round 8 for task 0
[2m[36m(ParallelModGrad pid=3816716)[0m node 6 is processing at round 8 for task 0
[2m[36m(ParallelModGrad pid=3815955)[0m node 4 is processing at round 8 for task 0
[2m[36m(ParallelModGrad pid=3817521)[0m node 7 is processing at round 8 for task 0
[2m[36m(ParallelModGrad pid=3814313)[0m node 0 is processing at round 9 for task 0
[2m[36m(ParallelModGrad pid=3815254)[0m node 1 is processing at round 9 for task 0
[2m[36m(ParallelModGrad pid=3815379)[0m node 2 is processing at round 9 for task 0
[2m[36m(ParallelModGrad pid=3816278)[0m node 5 is processing at round 9 for task 0
[2m[36m(ParallelModGrad pid=3815475)[0m node 3 is processing at round 9 for task 0
[2m[36m(ParallelModGrad pid=3816716)[0m node 6 is processing at round 9 for task 0
[2m[36m(ParallelModGrad pid=3815955)[0m node 4 is processing at round 9 for task 0
[2m[36m(ParallelModGrad pid=3817521)[0m node 7 is processing at round 9 for task 0
{'algo': 'modular', 'seed': 0, 'parallel': True, 'agent.batch_size': 64, 'num_agents': 8, 'dataset': 'kmnist', 'dataset.num_trains_per_class': 64, 'dataset.num_vals_per_class': 50, 'dataset.remap_labels': True, 'dataset.with_replacement': True, 'dataset.num_tasks': 10, 'net': 'mlp', 'net.depth': 4, 'num_init_tasks': 4, 'net.dropout': 0.0, 'train.num_epochs': 100, 'train.component_update_freq': 100, 'train.init_num_epochs': 100, 'train.init_component_update_freq': 100, 'train.save_freq': 1, 'agent.use_contrastive': True, 'agent.memory_size': 32, 'root_save_dir': 'experiment_results/fedavg/', 'sharing_strategy': 'grad_sharing', 'sharing_strategy.comm_freq': 10}
No. of experiments: 1
Experiment runs took 0:05:21.954869
