/mnt/kostas-graid/sw/envs/vlongle/miniconda3/envs/shell/lib/python3.10/site-packages/hydra/_internal/defaults_list.py:251: UserWarning: In 'config': Defaults list is missing `_self_`. See https://hydra.cc/docs/1.2/upgrades/1.0_to_1.1/default_composition_order for more information
  warnings.warn(msg, UserWarning)
{'train': {'component_update_freq': 100, 'num_epochs': 100, 'init_component_update_freq': 100, 'init_num_epochs': 100, 'save_freq': 20}, 'dataset': {'dataset_name': 'mnist', 'num_tasks': 10, 'num_classes_per_task': 2, 'with_replacement': True, 'num_trains_per_class': 64, 'num_vals_per_class': 50, 'remap_labels': True}, 'net': {'name': 'mlp', 'depth': 4, 'layer_size': 64, 'dropout': 0.0}, 'sharing_strategy': {'name': 'recv_data', 'num_coms_per_round': 2, 'num_queries': 10, 'num_data_neighbors': 10, 'num_filter_neighbors': 10, 'scorer': 'cross_entropy', 'query_score_threshold': 0.0, 'shared_memory_size': 100000, 'comm_freq': 1}, 'seed': 0, 'algo': 'monolithic', 'job_name': 'mnist_monolithic_numtrain_64_contrastive', 'num_agents': 8, 'root_save_dir': 'experiment_results/recv_results', 'parallel': True, 'num_init_tasks': 4, 'agent': {'save_dir': '${root_save_dir}/${job_name}/${dataset.dataset_name}/${algo}/seed_${seed}', 'batch_size': 64, 'memory_size': 32, 'improvement_threshold': 0.05, 'use_contrastive': True}}
[2023-10-12 00:01:12,450][root][INFO] - Class sequence: [5 0 4 3 4 6 4 3 8 0 1 0 5 9 6 4 9 0 3 0]
[2023-10-12 00:01:12,470][root][INFO] - task 0 :(128, 1, 28, 28)
[2023-10-12 00:01:12,540][root][INFO] - task 1 :(128, 1, 28, 28)
[2023-10-12 00:01:12,571][root][INFO] - task 2 :(128, 1, 28, 28)
[2023-10-12 00:01:12,601][root][INFO] - task 3 :(128, 1, 28, 28)
[2023-10-12 00:01:12,627][root][INFO] - task 4 :(128, 1, 28, 28)
[2023-10-12 00:01:12,660][root][INFO] - task 5 :(128, 1, 28, 28)
[2023-10-12 00:01:12,688][root][INFO] - task 6 :(128, 1, 28, 28)
[2023-10-12 00:01:12,712][root][INFO] - task 7 :(128, 1, 28, 28)
[2023-10-12 00:01:12,739][root][INFO] - task 8 :(128, 1, 28, 28)
[2023-10-12 00:01:12,772][root][INFO] - task 9 :(128, 1, 28, 28)
[2023-10-12 00:01:12,882][root][INFO] - Class sequence: [4 7 5 7 6 0 3 0 5 0 3 6 2 7 6 7 6 1 0 5]
[2023-10-12 00:01:12,902][root][INFO] - task 0 :(128, 1, 28, 28)
[2023-10-12 00:01:12,923][root][INFO] - task 1 :(128, 1, 28, 28)
[2023-10-12 00:01:12,948][root][INFO] - task 2 :(128, 1, 28, 28)
[2023-10-12 00:01:12,981][root][INFO] - task 3 :(128, 1, 28, 28)
[2023-10-12 00:01:13,007][root][INFO] - task 4 :(128, 1, 28, 28)
[2023-10-12 00:01:13,031][root][INFO] - task 5 :(128, 1, 28, 28)
[2023-10-12 00:01:13,057][root][INFO] - task 6 :(128, 1, 28, 28)
[2023-10-12 00:01:13,081][root][INFO] - task 7 :(128, 1, 28, 28)
[2023-10-12 00:01:13,108][root][INFO] - task 8 :(128, 1, 28, 28)
[2023-10-12 00:01:13,130][root][INFO] - task 9 :(128, 1, 28, 28)
[2023-10-12 00:01:13,239][root][INFO] - Class sequence: [6 7 7 8 4 1 1 8 6 1 6 4 5 7 8 0 2 3 0 3]
[2023-10-12 00:01:13,258][root][INFO] - task 0 :(128, 1, 28, 28)
[2023-10-12 00:01:13,281][root][INFO] - task 1 :(128, 1, 28, 28)
[2023-10-12 00:01:13,308][root][INFO] - task 2 :(128, 1, 28, 28)
[2023-10-12 00:01:13,331][root][INFO] - task 3 :(128, 1, 28, 28)
[2023-10-12 00:01:13,361][root][INFO] - task 4 :(128, 1, 28, 28)
[2023-10-12 00:01:13,384][root][INFO] - task 5 :(128, 1, 28, 28)
[2023-10-12 00:01:13,411][root][INFO] - task 6 :(128, 1, 28, 28)
[2023-10-12 00:01:13,438][root][INFO] - task 7 :(128, 1, 28, 28)
[2023-10-12 00:01:13,469][root][INFO] - task 8 :(128, 1, 28, 28)
[2023-10-12 00:01:13,492][root][INFO] - task 9 :(128, 1, 28, 28)
[2023-10-12 00:01:13,608][root][INFO] - Class sequence: [2 8 0 3 7 4 3 4 4 5 9 3 0 6 9 1 3 1 7 9]
[2023-10-12 00:01:13,625][root][INFO] - task 0 :(128, 1, 28, 28)
[2023-10-12 00:01:13,645][root][INFO] - task 1 :(128, 1, 28, 28)
[2023-10-12 00:01:13,672][root][INFO] - task 2 :(128, 1, 28, 28)
[2023-10-12 00:01:13,701][root][INFO] - task 3 :(128, 1, 28, 28)
[2023-10-12 00:01:13,720][root][INFO] - task 4 :(128, 1, 28, 28)
[2023-10-12 00:01:13,740][root][INFO] - task 5 :(128, 1, 28, 28)
[2023-10-12 00:01:13,760][root][INFO] - task 6 :(128, 1, 28, 28)
[2023-10-12 00:01:13,787][root][INFO] - task 7 :(128, 1, 28, 28)
[2023-10-12 00:01:13,814][root][INFO] - task 8 :(128, 1, 28, 28)
[2023-10-12 00:01:13,840][root][INFO] - task 9 :(128, 1, 28, 28)
[2023-10-12 00:01:13,950][root][INFO] - Class sequence: [0 3 0 2 9 7 0 9 2 1 7 6 8 6 1 8 6 4 9 8]
[2023-10-12 00:01:13,968][root][INFO] - task 0 :(128, 1, 28, 28)
[2023-10-12 00:01:13,995][root][INFO] - task 1 :(128, 1, 28, 28)
[2023-10-12 00:01:14,022][root][INFO] - task 2 :(128, 1, 28, 28)
[2023-10-12 00:01:14,048][root][INFO] - task 3 :(128, 1, 28, 28)
[2023-10-12 00:01:14,096][root][INFO] - task 4 :(128, 1, 28, 28)
[2023-10-12 00:01:14,120][root][INFO] - task 5 :(128, 1, 28, 28)
[2023-10-12 00:01:14,144][root][INFO] - task 6 :(128, 1, 28, 28)
[2023-10-12 00:01:14,168][root][INFO] - task 7 :(128, 1, 28, 28)
[2023-10-12 00:01:14,189][root][INFO] - task 8 :(128, 1, 28, 28)
[2023-10-12 00:01:14,221][root][INFO] - task 9 :(128, 1, 28, 28)
[2023-10-12 00:01:14,340][root][INFO] - Class sequence: [8 4 6 3 3 1 1 6 4 9 3 2 2 9 6 0 5 9 7 2]
[2023-10-12 00:01:14,359][root][INFO] - task 0 :(128, 1, 28, 28)
[2023-10-12 00:01:14,387][root][INFO] - task 1 :(128, 1, 28, 28)
[2023-10-12 00:01:14,413][root][INFO] - task 2 :(128, 1, 28, 28)
[2023-10-12 00:01:14,443][root][INFO] - task 3 :(128, 1, 28, 28)
[2023-10-12 00:01:14,465][root][INFO] - task 4 :(128, 1, 28, 28)
[2023-10-12 00:01:14,500][root][INFO] - task 5 :(128, 1, 28, 28)
[2023-10-12 00:01:14,531][root][INFO] - task 6 :(128, 1, 28, 28)
[2023-10-12 00:01:14,555][root][INFO] - task 7 :(128, 1, 28, 28)
[2023-10-12 00:01:14,579][root][INFO] - task 8 :(128, 1, 28, 28)
[2023-10-12 00:01:14,604][root][INFO] - task 9 :(128, 1, 28, 28)
[2023-10-12 00:01:14,715][root][INFO] - Class sequence: [7 5 8 4 6 9 8 3 4 6 1 3 3 1 4 1 9 2 6 2]
[2023-10-12 00:01:14,732][root][INFO] - task 0 :(128, 1, 28, 28)
[2023-10-12 00:01:14,759][root][INFO] - task 1 :(128, 1, 28, 28)
[2023-10-12 00:01:14,791][root][INFO] - task 2 :(128, 1, 28, 28)
[2023-10-12 00:01:14,820][root][INFO] - task 3 :(128, 1, 28, 28)
[2023-10-12 00:01:14,846][root][INFO] - task 4 :(128, 1, 28, 28)
[2023-10-12 00:01:14,875][root][INFO] - task 5 :(128, 1, 28, 28)
[2023-10-12 00:01:14,903][root][INFO] - task 6 :(128, 1, 28, 28)
[2023-10-12 00:01:14,960][root][INFO] - task 7 :(128, 1, 28, 28)
[2023-10-12 00:01:15,011][root][INFO] - task 8 :(128, 1, 28, 28)
[2023-10-12 00:01:15,063][root][INFO] - task 9 :(128, 1, 28, 28)
[2023-10-12 00:01:15,189][root][INFO] - Class sequence: [5 1 8 3 9 6 5 9 5 0 7 2 7 8 6 1 6 0 0 6]
[2023-10-12 00:01:15,208][root][INFO] - task 0 :(128, 1, 28, 28)
[2023-10-12 00:01:15,229][root][INFO] - task 1 :(128, 1, 28, 28)
[2023-10-12 00:01:15,254][root][INFO] - task 2 :(128, 1, 28, 28)
[2023-10-12 00:01:15,279][root][INFO] - task 3 :(128, 1, 28, 28)
[2023-10-12 00:01:15,303][root][INFO] - task 4 :(128, 1, 28, 28)
[2023-10-12 00:01:15,332][root][INFO] - task 5 :(128, 1, 28, 28)
[2023-10-12 00:01:15,357][root][INFO] - task 6 :(128, 1, 28, 28)
[2023-10-12 00:01:15,378][root][INFO] - task 7 :(128, 1, 28, 28)
[2023-10-12 00:01:15,404][root][INFO] - task 8 :(128, 1, 28, 28)
[2023-10-12 00:01:15,427][root][INFO] - task 9 :(128, 1, 28, 28)
i_size 28
num_classes 2
net_cfg {'name': 'mlp', 'depth': 4, 'layer_size': 64, 'dropout': 0.0, 'i_size': 28, 'num_classes': 2, 'num_tasks': 10, 'num_init_tasks': 4, 'use_contrastive': True}
<class 'shell.learners.er_nocomponents.NoComponentsER'>
[2023-10-12 00:01:15,455][root][INFO] - No. gpus per agent: 0.25
Error executing job with overrides: ['algo=monolithic', 'seed=0', 'parallel=True', 'num_agents=8', 'dataset=mnist', 'dataset.num_trains_per_class=64', 'dataset.num_vals_per_class=50', 'dataset.remap_labels=True', 'dataset.with_replacement=True', 'dataset.num_tasks=10', 'net=mlp', 'net.depth=4', 'num_init_tasks=4', 'net.dropout=0.0', 'train.num_epochs=100', 'train.init_num_epochs=100', 'train.component_update_freq=100', 'train.init_component_update_freq=100', 'train.save_freq=20', 'root_save_dir=experiment_results/recv_results', 'agent.use_contrastive=True', 'agent.memory_size=32', 'sharing_strategy=recv_data', 'agent.batch_size=64', 'train=monolithic', 'job_name=mnist_monolithic_numtrain_64_contrastive']
Traceback (most recent call last):
  File "/home/vlongle/learning-hive/experiments/run.py", line 33, in main
    fleet = FleetCls(graph, cfg.seed, datasets, cfg.sharing_strategy, AgentCls, NetCls=NetCls,
  File "/home/vlongle/learning-hive/src/shell/fleet/fleet.py", line 253, in __init__
    self.create_agents(seed, datasets, AgentCls, NetCls, LearnerCls,
  File "/home/vlongle/learning-hive/src/shell/fleet/fleet.py", line 264, in create_agents
    self.agents = [
  File "/home/vlongle/learning-hive/src/shell/fleet/fleet.py", line 265, in <listcomp>
    AgentCls.options(num_gpus=self.num_gpus_per_agent).remote(node_id, seed, datasets[node_id], NetCls,
AttributeError: type object 'ParallelRecvDataAgent' has no attribute 'options'

Set the environment variable HYDRA_FULL_ERROR=1 for a complete stack trace.
{'algo': ['monolithic'], 'seed': 0, 'parallel': True, 'num_agents': 8, 'dataset': 'mnist', 'dataset.num_trains_per_class': 64, 'dataset.num_vals_per_class': 50, 'dataset.remap_labels': True, 'dataset.with_replacement': True, 'dataset.num_tasks': 10, 'net': 'mlp', 'net.depth': 4, 'num_init_tasks': 4, 'net.dropout': 0.0, 'train.num_epochs': 100, 'train.init_num_epochs': 100, 'train.component_update_freq': 100, 'train.init_component_update_freq': 100, 'train.save_freq': 20, 'root_save_dir': 'experiment_results/recv_results', 'agent.use_contrastive': True, 'agent.memory_size': 32, 'sharing_strategy': 'recv_data', 'agent.batch_size': 64}
No. of experiments: 1
Experiment runs took 0:00:08.685350
