{'train': {'component_update_freq': 100, 'num_epochs': 100, 'init_component_update_freq': 100, 'init_num_epochs': 100, 'save_freq': 1}, 'dataset': {'dataset_name': 'mnist', 'num_tasks': 10, 'num_classes_per_task': 2, 'with_replacement': True, 'num_trains_per_class': 64, 'num_vals_per_class': 50, 'remap_labels': True}, 'net': {'name': 'mlp', 'depth': 4, 'layer_size': 64, 'dropout': 0.0}, 'sharing_strategy': {'name': 'gradient', 'num_coms_per_round': 1, 'comm_freq': 10, 'mu': 1.0}, 'seed': 2, 'algo': 'modular', 'job_name': 'mnist_modular_numtrain_64_contrastive', 'num_agents': 2, 'root_save_dir': 'experiment_results/fedavg/', 'parallel': True, 'num_init_tasks': 4, 'agent': {'save_dir': '${root_save_dir}/${job_name}/${dataset.dataset_name}/${algo}/seed_${seed}', 'batch_size': 64, 'memory_size': 32, 'improvement_threshold': 0.05, 'use_contrastive': True}}
[2023-10-17 23:09:53,017][root][INFO] - Class sequence: [3 9 5 0 5 1 8 6 4 5 5 3 0 9 7 6 6 3 6 3]
[2023-10-17 23:09:53,036][root][INFO] - task 0 :(128, 1, 28, 28)
[2023-10-17 23:09:53,085][root][INFO] - task 1 :(128, 1, 28, 28)
[2023-10-17 23:09:53,129][root][INFO] - task 2 :(128, 1, 28, 28)
[2023-10-17 23:09:53,149][root][INFO] - task 3 :(128, 1, 28, 28)
[2023-10-17 23:09:53,167][root][INFO] - task 4 :(128, 1, 28, 28)
[2023-10-17 23:09:53,187][root][INFO] - task 5 :(128, 1, 28, 28)
[2023-10-17 23:09:53,206][root][INFO] - task 6 :(128, 1, 28, 28)
[2023-10-17 23:09:53,226][root][INFO] - task 7 :(128, 1, 28, 28)
[2023-10-17 23:09:53,246][root][INFO] - task 8 :(128, 1, 28, 28)
[2023-10-17 23:09:53,268][root][INFO] - task 9 :(128, 1, 28, 28)
[2023-10-17 23:09:53,370][root][INFO] - Class sequence: [0 5 3 0 7 9 4 6 7 6 3 0 7 3 5 4 4 1 3 9]
[2023-10-17 23:09:53,387][root][INFO] - task 0 :(128, 1, 28, 28)
[2023-10-17 23:09:53,407][root][INFO] - task 1 :(128, 1, 28, 28)
[2023-10-17 23:09:53,428][root][INFO] - task 2 :(128, 1, 28, 28)
[2023-10-17 23:09:53,448][root][INFO] - task 3 :(128, 1, 28, 28)
[2023-10-17 23:09:53,468][root][INFO] - task 4 :(128, 1, 28, 28)
[2023-10-17 23:09:53,490][root][INFO] - task 5 :(128, 1, 28, 28)
[2023-10-17 23:09:53,510][root][INFO] - task 6 :(128, 1, 28, 28)
[2023-10-17 23:09:53,529][root][INFO] - task 7 :(128, 1, 28, 28)
[2023-10-17 23:09:53,550][root][INFO] - task 8 :(128, 1, 28, 28)
[2023-10-17 23:09:53,570][root][INFO] - task 9 :(128, 1, 28, 28)
i_size 28
num_classes 2
net_cfg {'name': 'mlp', 'depth': 4, 'layer_size': 64, 'dropout': 0.0, 'i_size': 28, 'num_classes': 2, 'num_tasks': 10, 'num_init_tasks': 4, 'use_contrastive': True}
<class 'shell.learners.er_dynamic.CompositionalDynamicER'>
[2023-10-17 23:09:53,710][root][INFO] - Class sequence: [4 7 3 1 0 1 2 3 8 4 2 3 8 6 8 2 2 1 9 1]
[2023-10-17 23:09:53,728][root][INFO] - task 0 :(128, 1, 28, 28)
[2023-10-17 23:09:53,779][root][INFO] - task 1 :(128, 1, 28, 28)
[2023-10-17 23:09:53,805][root][INFO] - task 2 :(128, 1, 28, 28)
[2023-10-17 23:09:53,825][root][INFO] - task 3 :(128, 1, 28, 28)
[2023-10-17 23:09:53,845][root][INFO] - task 4 :(128, 1, 28, 28)
[2023-10-17 23:09:53,865][root][INFO] - task 5 :(128, 1, 28, 28)
[2023-10-17 23:09:53,891][root][INFO] - task 6 :(128, 1, 28, 28)
[2023-10-17 23:09:53,912][root][INFO] - task 7 :(128, 1, 28, 28)
[2023-10-17 23:09:53,932][root][INFO] - task 8 :(128, 1, 28, 28)
[2023-10-17 23:09:53,952][root][INFO] - task 9 :(128, 1, 28, 28)
[2023-10-17 23:10:08,679][root][INFO] - Joint training on task 0 ...
[2023-10-17 23:10:14,790][root][INFO] - Joint training on task 1 ...
[2023-10-17 23:10:15,738][root][INFO] - Joint training on task 2 ...
[2023-10-17 23:10:17,149][root][INFO] - Joint training on task 3 ...
[2023-10-17 23:12:40,180][root][INFO] - DONE TRAINING THE JOINT AGENT...
[2023-10-17 23:12:40,181][root][INFO] - No. gpus per agent: 1.0
[2023-10-17 23:12:44,340][root][INFO] - Created fleet with 2 agents
[2023-10-17 23:12:44,340][root][INFO] - Adding neighbors...
[2023-10-17 23:12:44,441][root][INFO] - Fleet initialized
[2023-10-17 23:12:44,443][root][INFO] - READY TO TRAIN INDIVIDUAL AGENTS...
[2m[36m(ParallelModGrad pid=3040401)[0m node 0 is processing at round 0 for task 0
[2m[36m(ParallelModGrad pid=3040683)[0m node 1 is processing at round 0 for task 0
[2m[36m(ParallelModGrad pid=3040401)[0m node 0 is processing at round 1 for task 0
[2m[36m(ParallelModGrad pid=3040683)[0m node 1 is processing at round 1 for task 0
[2m[36m(ParallelModGrad pid=3040401)[0m node 0 is processing at round 2 for task 0
[2m[36m(ParallelModGrad pid=3040683)[0m node 1 is processing at round 2 for task 0
[2m[36m(ParallelModGrad pid=3040401)[0m node 0 is processing at round 3 for task 0
[2m[36m(ParallelModGrad pid=3040683)[0m node 1 is processing at round 3 for task 0
[2m[36m(ParallelModGrad pid=3040401)[0m node 0 is processing at round 4 for task 0
[2m[36m(ParallelModGrad pid=3040683)[0m node 1 is processing at round 4 for task 0
[2m[36m(ParallelModGrad pid=3040401)[0m node 0 is processing at round 5 for task 0
[2m[36m(ParallelModGrad pid=3040683)[0m node 1 is processing at round 5 for task 0
[2m[36m(ParallelModGrad pid=3040401)[0m node 0 is processing at round 6 for task 0
[2m[36m(ParallelModGrad pid=3040683)[0m node 1 is processing at round 6 for task 0
[2m[36m(ParallelModGrad pid=3040401)[0m node 0 is processing at round 7 for task 0
[2m[36m(ParallelModGrad pid=3040683)[0m node 1 is processing at round 7 for task 0
[2m[36m(ParallelModGrad pid=3040401)[0m node 0 is processing at round 8 for task 0
[2m[36m(ParallelModGrad pid=3040683)[0m node 1 is processing at round 8 for task 0
[2m[36m(ParallelModGrad pid=3040401)[0m node 0 is processing at round 9 for task 1
[2m[36m(ParallelModGrad pid=3040683)[0m node 1 is processing at round 9 for task 1
[2m[36m(ParallelModGrad pid=3040401)[0m node 0 is processing at round 0 for task 1
[2m[36m(ParallelModGrad pid=3040683)[0m node 1 is processing at round 0 for task 1
[2m[36m(ParallelModGrad pid=3040401)[0m node 0 is processing at round 1 for task 1
[2m[36m(ParallelModGrad pid=3040683)[0m node 1 is processing at round 1 for task 1
[2m[36m(ParallelModGrad pid=3040401)[0m node 0 is processing at round 2 for task 1
[2m[36m(ParallelModGrad pid=3040683)[0m node 1 is processing at round 2 for task 1
[2m[36m(ParallelModGrad pid=3040401)[0m node 0 is processing at round 3 for task 1
[2m[36m(ParallelModGrad pid=3040683)[0m node 1 is processing at round 3 for task 1
[2m[36m(ParallelModGrad pid=3040401)[0m node 0 is processing at round 4 for task 1
[2m[36m(ParallelModGrad pid=3040683)[0m node 1 is processing at round 4 for task 1
[2m[36m(ParallelModGrad pid=3040401)[0m node 0 is processing at round 5 for task 1
[2m[36m(ParallelModGrad pid=3040683)[0m node 1 is processing at round 5 for task 1
[2m[36m(ParallelModGrad pid=3040401)[0m node 0 is processing at round 6 for task 1
[2m[36m(ParallelModGrad pid=3040683)[0m node 1 is processing at round 6 for task 1
[2m[36m(ParallelModGrad pid=3040401)[0m node 0 is processing at round 7 for task 1
[2m[36m(ParallelModGrad pid=3040683)[0m node 1 is processing at round 7 for task 1
[2m[36m(ParallelModGrad pid=3040401)[0m node 0 is processing at round 8 for task 1
[2m[36m(ParallelModGrad pid=3040683)[0m node 1 is processing at round 8 for task 1
[2m[36m(ParallelModGrad pid=3040401)[0m node 0 is processing at round 9 for task 2
[2m[36m(ParallelModGrad pid=3040683)[0m node 1 is processing at round 9 for task 2
[2m[36m(ParallelModGrad pid=3040401)[0m node 0 is processing at round 0 for task 2
[2m[36m(ParallelModGrad pid=3040683)[0m node 1 is processing at round 0 for task 2
[2m[36m(ParallelModGrad pid=3040401)[0m node 0 is processing at round 1 for task 2
[2m[36m(ParallelModGrad pid=3040683)[0m node 1 is processing at round 1 for task 2
[2m[36m(ParallelModGrad pid=3040401)[0m node 0 is processing at round 2 for task 2
[2m[36m(ParallelModGrad pid=3040683)[0m node 1 is processing at round 2 for task 2
[2m[36m(ParallelModGrad pid=3040401)[0m node 0 is processing at round 3 for task 2
[2m[36m(ParallelModGrad pid=3040683)[0m node 1 is processing at round 3 for task 2
[2m[36m(ParallelModGrad pid=3040401)[0m node 0 is processing at round 4 for task 2
[2m[36m(ParallelModGrad pid=3040683)[0m node 1 is processing at round 4 for task 2
[2m[36m(ParallelModGrad pid=3040401)[0m node 0 is processing at round 5 for task 2
[2m[36m(ParallelModGrad pid=3040683)[0m node 1 is processing at round 5 for task 2
[2m[36m(ParallelModGrad pid=3040401)[0m node 0 is processing at round 6 for task 2
[2m[36m(ParallelModGrad pid=3040683)[0m node 1 is processing at round 6 for task 2
[2m[36m(ParallelModGrad pid=3040401)[0m node 0 is processing at round 7 for task 2
[2m[36m(ParallelModGrad pid=3040683)[0m node 1 is processing at round 7 for task 2
[2m[36m(ParallelModGrad pid=3040401)[0m node 0 is processing at round 8 for task 2
[2m[36m(ParallelModGrad pid=3040683)[0m node 1 is processing at round 8 for task 2
[2m[36m(ParallelModGrad pid=3040401)[0m node 0 is processing at round 9 for task 3
[2m[36m(ParallelModGrad pid=3040683)[0m node 1 is processing at round 9 for task 3
[2m[36m(ParallelModGrad pid=3040401)[0m node 0 is processing at round 0 for task 3
[2m[36m(ParallelModGrad pid=3040683)[0m node 1 is processing at round 0 for task 3
[2m[36m(ParallelModGrad pid=3040401)[0m node 0 is processing at round 1 for task 3
[2m[36m(ParallelModGrad pid=3040683)[0m node 1 is processing at round 1 for task 3
[2m[36m(ParallelModGrad pid=3040401)[0m node 0 is processing at round 2 for task 3
[2m[36m(ParallelModGrad pid=3040683)[0m node 1 is processing at round 2 for task 3
[2m[36m(ParallelModGrad pid=3040401)[0m node 0 is processing at round 3 for task 3
[2m[36m(ParallelModGrad pid=3040683)[0m node 1 is processing at round 3 for task 3
[2m[36m(ParallelModGrad pid=3040401)[0m node 0 is processing at round 4 for task 3
[2m[36m(ParallelModGrad pid=3040683)[0m node 1 is processing at round 4 for task 3
[2m[36m(ParallelModGrad pid=3040401)[0m node 0 is processing at round 5 for task 3
[2m[36m(ParallelModGrad pid=3040683)[0m node 1 is processing at round 5 for task 3
[2m[36m(ParallelModGrad pid=3040401)[0m node 0 is processing at round 6 for task 3
[2m[36m(ParallelModGrad pid=3040683)[0m node 1 is processing at round 6 for task 3
[2m[36m(ParallelModGrad pid=3040401)[0m node 0 is processing at round 7 for task 3
[2m[36m(ParallelModGrad pid=3040683)[0m node 1 is processing at round 7 for task 3
[2m[36m(ParallelModGrad pid=3040401)[0m node 0 is processing at round 8 for task 3
[2m[36m(ParallelModGrad pid=3040683)[0m node 1 is processing at round 8 for task 3
[2m[36m(ParallelModGrad pid=3040401)[0m node 0 is processing at round 9 for task 4
[2m[36m(ParallelModGrad pid=3040683)[0m node 1 is processing at round 9 for task 4
[2m[36m(ParallelModGrad pid=3040401)[0m node 0 is processing at round 0 for task 4
[2m[36m(ParallelModGrad pid=3040683)[0m node 1 is processing at round 0 for task 4
[2m[36m(ParallelModGrad pid=3040401)[0m node 0 is processing at round 1 for task 4
[2m[36m(ParallelModGrad pid=3040683)[0m node 1 is processing at round 1 for task 4
[2m[36m(ParallelModGrad pid=3040401)[0m node 0 is processing at round 2 for task 4
[2m[36m(ParallelModGrad pid=3040683)[0m node 1 is processing at round 2 for task 4
[2m[36m(ParallelModGrad pid=3040401)[0m node 0 is processing at round 3 for task 4
[2m[36m(ParallelModGrad pid=3040683)[0m node 1 is processing at round 3 for task 4
[2m[36m(ParallelModGrad pid=3040401)[0m node 0 is processing at round 4 for task 4
[2m[36m(ParallelModGrad pid=3040683)[0m node 1 is processing at round 4 for task 4
[2m[36m(ParallelModGrad pid=3040401)[0m node 0 is processing at round 5 for task 4
[2m[36m(ParallelModGrad pid=3040683)[0m node 1 is processing at round 5 for task 4
[2m[36m(ParallelModGrad pid=3040401)[0m node 0 is processing at round 6 for task 4
[2m[36m(ParallelModGrad pid=3040683)[0m node 1 is processing at round 6 for task 4
[2m[36m(ParallelModGrad pid=3040401)[0m node 0 is processing at round 7 for task 4
