/mnt/kostas-graid/sw/envs/vlongle/miniconda3/envs/shell/lib/python3.10/site-packages/hydra/_internal/defaults_list.py:251: UserWarning: In 'config': Defaults list is missing `_self_`. See https://hydra.cc/docs/1.2/upgrades/1.0_to_1.1/default_composition_order for more information
  warnings.warn(msg, UserWarning)
{'train': {'component_update_freq': 100, 'num_epochs': 100, 'init_component_update_freq': 100, 'init_num_epochs': 100, 'save_freq': 20}, 'dataset': {'dataset_name': 'fashionmnist', 'num_tasks': 10, 'num_classes_per_task': 2, 'with_replacement': True, 'num_trains_per_class': 64, 'num_vals_per_class': 50, 'remap_labels': True}, 'net': {'name': 'mlp', 'depth': 4, 'layer_size': 64, 'dropout': 0.0}, 'sharing_strategy': {'name': 'recv_data', 'num_coms_per_round': 2, 'num_queries': 10, 'num_data_neighbors': 10, 'num_filter_neighbors': 10, 'scorer': 'cross_entropy', 'query_score_threshold': 0.0, 'shared_memory_size': 100000, 'comm_freq': 1}, 'seed': 0, 'algo': 'monolithic', 'job_name': 'fashionmnist_monolithic_numtrain_64_contrastive', 'num_agents': 8, 'root_save_dir': 'experiment_results/recv_results', 'parallel': True, 'num_init_tasks': 4, 'agent': {'save_dir': '${root_save_dir}/${job_name}/${dataset.dataset_name}/${algo}/seed_${seed}', 'batch_size': 64, 'memory_size': 32, 'improvement_threshold': 0.05, 'use_contrastive': True}}
[2023-10-11 23:59:43,447][root][INFO] - Class sequence: [5 0 4 3 4 6 4 3 8 0 1 0 5 9 6 4 9 0 3 0]
[2023-10-11 23:59:43,467][root][INFO] - task 0 :(128, 1, 28, 28)
[2023-10-11 23:59:43,518][root][INFO] - task 1 :(128, 1, 28, 28)
[2023-10-11 23:59:43,547][root][INFO] - task 2 :(128, 1, 28, 28)
[2023-10-11 23:59:43,580][root][INFO] - task 3 :(128, 1, 28, 28)
[2023-10-11 23:59:43,599][root][INFO] - task 4 :(128, 1, 28, 28)
[2023-10-11 23:59:43,630][root][INFO] - task 5 :(128, 1, 28, 28)
[2023-10-11 23:59:43,658][root][INFO] - task 6 :(128, 1, 28, 28)
[2023-10-11 23:59:43,685][root][INFO] - task 7 :(128, 1, 28, 28)
[2023-10-11 23:59:43,711][root][INFO] - task 8 :(128, 1, 28, 28)
[2023-10-11 23:59:43,735][root][INFO] - task 9 :(128, 1, 28, 28)
[2023-10-11 23:59:43,851][root][INFO] - Class sequence: [4 7 5 7 6 0 3 0 5 0 3 6 2 7 6 7 6 1 0 5]
[2023-10-11 23:59:43,869][root][INFO] - task 0 :(128, 1, 28, 28)
[2023-10-11 23:59:43,891][root][INFO] - task 1 :(128, 1, 28, 28)
[2023-10-11 23:59:43,918][root][INFO] - task 2 :(128, 1, 28, 28)
[2023-10-11 23:59:43,944][root][INFO] - task 3 :(128, 1, 28, 28)
[2023-10-11 23:59:43,972][root][INFO] - task 4 :(128, 1, 28, 28)
[2023-10-11 23:59:44,000][root][INFO] - task 5 :(128, 1, 28, 28)
[2023-10-11 23:59:44,025][root][INFO] - task 6 :(128, 1, 28, 28)
[2023-10-11 23:59:44,047][root][INFO] - task 7 :(128, 1, 28, 28)
[2023-10-11 23:59:44,075][root][INFO] - task 8 :(128, 1, 28, 28)
[2023-10-11 23:59:44,100][root][INFO] - task 9 :(128, 1, 28, 28)
[2023-10-11 23:59:44,217][root][INFO] - Class sequence: [6 7 7 8 4 1 1 8 6 1 6 4 5 7 8 0 2 3 0 3]
[2023-10-11 23:59:44,235][root][INFO] - task 0 :(128, 1, 28, 28)
[2023-10-11 23:59:44,256][root][INFO] - task 1 :(128, 1, 28, 28)
[2023-10-11 23:59:44,284][root][INFO] - task 2 :(128, 1, 28, 28)
[2023-10-11 23:59:44,311][root][INFO] - task 3 :(128, 1, 28, 28)
[2023-10-11 23:59:44,336][root][INFO] - task 4 :(128, 1, 28, 28)
[2023-10-11 23:59:44,362][root][INFO] - task 5 :(128, 1, 28, 28)
[2023-10-11 23:59:44,395][root][INFO] - task 6 :(128, 1, 28, 28)
[2023-10-11 23:59:44,420][root][INFO] - task 7 :(128, 1, 28, 28)
[2023-10-11 23:59:44,448][root][INFO] - task 8 :(128, 1, 28, 28)
[2023-10-11 23:59:44,476][root][INFO] - task 9 :(128, 1, 28, 28)
[2023-10-11 23:59:44,588][root][INFO] - Class sequence: [2 8 0 3 7 4 3 4 4 5 9 3 0 6 9 1 3 1 7 9]
[2023-10-11 23:59:44,606][root][INFO] - task 0 :(128, 1, 28, 28)
[2023-10-11 23:59:44,635][root][INFO] - task 1 :(128, 1, 28, 28)
[2023-10-11 23:59:44,661][root][INFO] - task 2 :(128, 1, 28, 28)
[2023-10-11 23:59:44,688][root][INFO] - task 3 :(128, 1, 28, 28)
[2023-10-11 23:59:44,715][root][INFO] - task 4 :(128, 1, 28, 28)
[2023-10-11 23:59:44,743][root][INFO] - task 5 :(128, 1, 28, 28)
[2023-10-11 23:59:44,769][root][INFO] - task 6 :(128, 1, 28, 28)
[2023-10-11 23:59:44,796][root][INFO] - task 7 :(128, 1, 28, 28)
[2023-10-11 23:59:44,824][root][INFO] - task 8 :(128, 1, 28, 28)
[2023-10-11 23:59:44,853][root][INFO] - task 9 :(128, 1, 28, 28)
[2023-10-11 23:59:44,968][root][INFO] - Class sequence: [0 3 0 2 9 7 0 9 2 1 7 6 8 6 1 8 6 4 9 8]
[2023-10-11 23:59:44,986][root][INFO] - task 0 :(128, 1, 28, 28)
[2023-10-11 23:59:45,012][root][INFO] - task 1 :(128, 1, 28, 28)
[2023-10-11 23:59:45,039][root][INFO] - task 2 :(128, 1, 28, 28)
[2023-10-11 23:59:45,066][root][INFO] - task 3 :(128, 1, 28, 28)
[2023-10-11 23:59:45,092][root][INFO] - task 4 :(128, 1, 28, 28)
[2023-10-11 23:59:45,127][root][INFO] - task 5 :(128, 1, 28, 28)
[2023-10-11 23:59:45,154][root][INFO] - task 6 :(128, 1, 28, 28)
[2023-10-11 23:59:45,175][root][INFO] - task 7 :(128, 1, 28, 28)
[2023-10-11 23:59:45,204][root][INFO] - task 8 :(128, 1, 28, 28)
[2023-10-11 23:59:45,225][root][INFO] - task 9 :(128, 1, 28, 28)
[2023-10-11 23:59:45,348][root][INFO] - Class sequence: [8 4 6 3 3 1 1 6 4 9 3 2 2 9 6 0 5 9 7 2]
[2023-10-11 23:59:45,368][root][INFO] - task 0 :(128, 1, 28, 28)
[2023-10-11 23:59:45,398][root][INFO] - task 1 :(128, 1, 28, 28)
[2023-10-11 23:59:45,427][root][INFO] - task 2 :(128, 1, 28, 28)
[2023-10-11 23:59:45,449][root][INFO] - task 3 :(128, 1, 28, 28)
[2023-10-11 23:59:45,477][root][INFO] - task 4 :(128, 1, 28, 28)
[2023-10-11 23:59:45,501][root][INFO] - task 5 :(128, 1, 28, 28)
[2023-10-11 23:59:45,528][root][INFO] - task 6 :(128, 1, 28, 28)
[2023-10-11 23:59:45,556][root][INFO] - task 7 :(128, 1, 28, 28)
[2023-10-11 23:59:45,588][root][INFO] - task 8 :(128, 1, 28, 28)
[2023-10-11 23:59:45,620][root][INFO] - task 9 :(128, 1, 28, 28)
[2023-10-11 23:59:45,741][root][INFO] - Class sequence: [7 5 8 4 6 9 8 3 4 6 1 3 3 1 4 1 9 2 6 2]
[2023-10-11 23:59:45,758][root][INFO] - task 0 :(128, 1, 28, 28)
[2023-10-11 23:59:45,787][root][INFO] - task 1 :(128, 1, 28, 28)
[2023-10-11 23:59:45,813][root][INFO] - task 2 :(128, 1, 28, 28)
[2023-10-11 23:59:45,842][root][INFO] - task 3 :(128, 1, 28, 28)
[2023-10-11 23:59:45,868][root][INFO] - task 4 :(128, 1, 28, 28)
[2023-10-11 23:59:45,895][root][INFO] - task 5 :(128, 1, 28, 28)
[2023-10-11 23:59:45,922][root][INFO] - task 6 :(128, 1, 28, 28)
[2023-10-11 23:59:45,943][root][INFO] - task 7 :(128, 1, 28, 28)
[2023-10-11 23:59:45,971][root][INFO] - task 8 :(128, 1, 28, 28)
[2023-10-11 23:59:45,995][root][INFO] - task 9 :(128, 1, 28, 28)
[2023-10-11 23:59:46,109][root][INFO] - Class sequence: [5 1 8 3 9 6 5 9 5 0 7 2 7 8 6 1 6 0 0 6]
[2023-10-11 23:59:46,128][root][INFO] - task 0 :(128, 1, 28, 28)
[2023-10-11 23:59:46,156][root][INFO] - task 1 :(128, 1, 28, 28)
[2023-10-11 23:59:46,179][root][INFO] - task 2 :(128, 1, 28, 28)
[2023-10-11 23:59:46,208][root][INFO] - task 3 :(128, 1, 28, 28)
[2023-10-11 23:59:46,233][root][INFO] - task 4 :(128, 1, 28, 28)
[2023-10-11 23:59:46,261][root][INFO] - task 5 :(128, 1, 28, 28)
[2023-10-11 23:59:46,287][root][INFO] - task 6 :(128, 1, 28, 28)
[2023-10-11 23:59:46,313][root][INFO] - task 7 :(128, 1, 28, 28)
[2023-10-11 23:59:46,340][root][INFO] - task 8 :(128, 1, 28, 28)
[2023-10-11 23:59:46,368][root][INFO] - task 9 :(128, 1, 28, 28)
i_size 28
num_classes 2
net_cfg {'name': 'mlp', 'depth': 4, 'layer_size': 64, 'dropout': 0.0, 'i_size': 28, 'num_classes': 2, 'num_tasks': 10, 'num_init_tasks': 4, 'use_contrastive': True}
<class 'shell.learners.er_nocomponents.NoComponentsER'>
[2023-10-11 23:59:46,403][root][INFO] - No. gpus per agent: 0.25
Error executing job with overrides: ['algo=monolithic', 'seed=0', 'parallel=True', 'num_agents=8', 'dataset=fashionmnist', 'dataset.num_trains_per_class=64', 'dataset.num_vals_per_class=50', 'dataset.remap_labels=True', 'dataset.with_replacement=True', 'dataset.num_tasks=10', 'net=mlp', 'net.depth=4', 'num_init_tasks=4', 'net.dropout=0.0', 'train.num_epochs=100', 'train.init_num_epochs=100', 'train.component_update_freq=100', 'train.init_component_update_freq=100', 'train.save_freq=20', 'root_save_dir=experiment_results/recv_results', 'agent.use_contrastive=True', 'agent.memory_size=32', 'sharing_strategy=recv_data', 'agent.batch_size=64', 'train=monolithic', 'job_name=fashionmnist_monolithic_numtrain_64_contrastive']
Traceback (most recent call last):
  File "/home/vlongle/learning-hive/experiments/run.py", line 33, in main
    fleet = FleetCls(graph, cfg.seed, datasets, cfg.sharing_strategy, AgentCls, NetCls=NetCls,
  File "/home/vlongle/learning-hive/src/shell/fleet/fleet.py", line 253, in __init__
    self.create_agents(seed, datasets, AgentCls, NetCls, LearnerCls,
  File "/home/vlongle/learning-hive/src/shell/fleet/fleet.py", line 264, in create_agents
    self.agents = [
  File "/home/vlongle/learning-hive/src/shell/fleet/fleet.py", line 265, in <listcomp>
    AgentCls.options(num_gpus=self.num_gpus_per_agent).remote(node_id, seed, datasets[node_id], NetCls,
AttributeError: type object 'ParallelRecvDataAgent' has no attribute 'options'

Set the environment variable HYDRA_FULL_ERROR=1 for a complete stack trace.
{'algo': ['monolithic'], 'seed': 0, 'parallel': True, 'num_agents': 8, 'dataset': 'fashionmnist', 'dataset.num_trains_per_class': 64, 'dataset.num_vals_per_class': 50, 'dataset.remap_labels': True, 'dataset.with_replacement': True, 'dataset.num_tasks': 10, 'net': 'mlp', 'net.depth': 4, 'num_init_tasks': 4, 'net.dropout': 0.0, 'train.num_epochs': 100, 'train.init_num_epochs': 100, 'train.component_update_freq': 100, 'train.init_component_update_freq': 100, 'train.save_freq': 20, 'root_save_dir': 'experiment_results/recv_results', 'agent.use_contrastive': True, 'agent.memory_size': 32, 'sharing_strategy': 'recv_data', 'agent.batch_size': 64}
No. of experiments: 1
Experiment runs took 0:00:09.024707
