/mnt/kostas-graid/sw/envs/vlongle/miniconda3/envs/shell/lib/python3.10/site-packages/hydra/_internal/defaults_list.py:251: UserWarning: In 'config': Defaults list is missing `_self_`. See https://hydra.cc/docs/1.2/upgrades/1.0_to_1.1/default_composition_order for more information
  warnings.warn(msg, UserWarning)
{'train': {'component_update_freq': 100, 'num_epochs': 100, 'init_component_update_freq': 100, 'init_num_epochs': 100, 'save_freq': 20}, 'dataset': {'dataset_name': 'kmnist', 'num_tasks': 10, 'num_classes_per_task': 2, 'with_replacement': True, 'num_trains_per_class': 64, 'num_vals_per_class': 50, 'remap_labels': True}, 'net': {'name': 'mlp', 'depth': 4, 'layer_size': 64, 'dropout': 0.0}, 'sharing_strategy': {'name': 'recv_data', 'num_coms_per_round': 2, 'num_queries': 10, 'num_data_neighbors': 10, 'num_filter_neighbors': 10, 'scorer': 'cross_entropy', 'query_score_threshold': 0.0, 'shared_memory_size': 100000, 'comm_freq': 1}, 'seed': 0, 'algo': 'monolithic', 'job_name': 'kmnist_monolithic_numtrain_64_contrastive', 'num_agents': 8, 'root_save_dir': 'experiment_results/recv_results', 'parallel': True, 'num_init_tasks': 4, 'agent': {'save_dir': '${root_save_dir}/${job_name}/${dataset.dataset_name}/${algo}/seed_${seed}', 'batch_size': 64, 'memory_size': 32, 'improvement_threshold': 0.05, 'use_contrastive': True}}
[2023-10-12 00:01:26,609][root][INFO] - Class sequence: [5 0 4 3 4 6 4 3 8 0 1 0 5 9 6 4 9 0 3 0]
[2023-10-12 00:01:26,629][root][INFO] - task 0 :(128, 1, 28, 28)
[2023-10-12 00:01:26,681][root][INFO] - task 1 :(128, 1, 28, 28)
[2023-10-12 00:01:26,704][root][INFO] - task 2 :(128, 1, 28, 28)
[2023-10-12 00:01:26,724][root][INFO] - task 3 :(128, 1, 28, 28)
[2023-10-12 00:01:26,749][root][INFO] - task 4 :(128, 1, 28, 28)
[2023-10-12 00:01:26,769][root][INFO] - task 5 :(128, 1, 28, 28)
[2023-10-12 00:01:26,797][root][INFO] - task 6 :(128, 1, 28, 28)
[2023-10-12 00:01:26,819][root][INFO] - task 7 :(128, 1, 28, 28)
[2023-10-12 00:01:26,843][root][INFO] - task 8 :(128, 1, 28, 28)
[2023-10-12 00:01:26,871][root][INFO] - task 9 :(128, 1, 28, 28)
[2023-10-12 00:01:27,189][root][INFO] - Class sequence: [4 7 5 7 6 0 3 0 5 0 3 6 2 7 6 7 6 1 0 5]
[2023-10-12 00:01:27,208][root][INFO] - task 0 :(128, 1, 28, 28)
[2023-10-12 00:01:27,237][root][INFO] - task 1 :(128, 1, 28, 28)
[2023-10-12 00:01:27,266][root][INFO] - task 2 :(128, 1, 28, 28)
[2023-10-12 00:01:27,288][root][INFO] - task 3 :(128, 1, 28, 28)
[2023-10-12 00:01:27,312][root][INFO] - task 4 :(128, 1, 28, 28)
[2023-10-12 00:01:27,340][root][INFO] - task 5 :(128, 1, 28, 28)
[2023-10-12 00:01:27,370][root][INFO] - task 6 :(128, 1, 28, 28)
[2023-10-12 00:01:27,395][root][INFO] - task 7 :(128, 1, 28, 28)
[2023-10-12 00:01:27,420][root][INFO] - task 8 :(128, 1, 28, 28)
[2023-10-12 00:01:27,444][root][INFO] - task 9 :(128, 1, 28, 28)
[2023-10-12 00:01:27,759][root][INFO] - Class sequence: [6 7 7 8 4 1 1 8 6 1 6 4 5 7 8 0 2 3 0 3]
[2023-10-12 00:01:27,777][root][INFO] - task 0 :(128, 1, 28, 28)
[2023-10-12 00:01:27,797][root][INFO] - task 1 :(128, 1, 28, 28)
[2023-10-12 00:01:27,823][root][INFO] - task 2 :(128, 1, 28, 28)
[2023-10-12 00:01:27,847][root][INFO] - task 3 :(128, 1, 28, 28)
[2023-10-12 00:01:27,871][root][INFO] - task 4 :(128, 1, 28, 28)
[2023-10-12 00:01:27,896][root][INFO] - task 5 :(128, 1, 28, 28)
[2023-10-12 00:01:27,921][root][INFO] - task 6 :(128, 1, 28, 28)
[2023-10-12 00:01:27,947][root][INFO] - task 7 :(128, 1, 28, 28)
[2023-10-12 00:01:27,970][root][INFO] - task 8 :(128, 1, 28, 28)
[2023-10-12 00:01:27,996][root][INFO] - task 9 :(128, 1, 28, 28)
[2023-10-12 00:01:28,311][root][INFO] - Class sequence: [2 8 0 3 7 4 3 4 4 5 9 3 0 6 9 1 3 1 7 9]
[2023-10-12 00:01:28,329][root][INFO] - task 0 :(128, 1, 28, 28)
[2023-10-12 00:01:28,353][root][INFO] - task 1 :(128, 1, 28, 28)
[2023-10-12 00:01:28,379][root][INFO] - task 2 :(128, 1, 28, 28)
[2023-10-12 00:01:28,403][root][INFO] - task 3 :(128, 1, 28, 28)
[2023-10-12 00:01:28,427][root][INFO] - task 4 :(128, 1, 28, 28)
[2023-10-12 00:01:28,448][root][INFO] - task 5 :(128, 1, 28, 28)
[2023-10-12 00:01:28,472][root][INFO] - task 6 :(128, 1, 28, 28)
[2023-10-12 00:01:28,494][root][INFO] - task 7 :(128, 1, 28, 28)
[2023-10-12 00:01:28,519][root][INFO] - task 8 :(128, 1, 28, 28)
[2023-10-12 00:01:28,542][root][INFO] - task 9 :(128, 1, 28, 28)
[2023-10-12 00:01:28,856][root][INFO] - Class sequence: [0 3 0 2 9 7 0 9 2 1 7 6 8 6 1 8 6 4 9 8]
[2023-10-12 00:01:28,874][root][INFO] - task 0 :(128, 1, 28, 28)
[2023-10-12 00:01:28,895][root][INFO] - task 1 :(128, 1, 28, 28)
[2023-10-12 00:01:28,920][root][INFO] - task 2 :(128, 1, 28, 28)
[2023-10-12 00:01:28,960][root][INFO] - task 3 :(128, 1, 28, 28)
[2023-10-12 00:01:28,986][root][INFO] - task 4 :(128, 1, 28, 28)
[2023-10-12 00:01:29,011][root][INFO] - task 5 :(128, 1, 28, 28)
[2023-10-12 00:01:29,043][root][INFO] - task 6 :(128, 1, 28, 28)
[2023-10-12 00:01:29,071][root][INFO] - task 7 :(128, 1, 28, 28)
[2023-10-12 00:01:29,098][root][INFO] - task 8 :(128, 1, 28, 28)
[2023-10-12 00:01:29,139][root][INFO] - task 9 :(128, 1, 28, 28)
[2023-10-12 00:01:29,453][root][INFO] - Class sequence: [8 4 6 3 3 1 1 6 4 9 3 2 2 9 6 0 5 9 7 2]
[2023-10-12 00:01:29,471][root][INFO] - task 0 :(128, 1, 28, 28)
[2023-10-12 00:01:29,496][root][INFO] - task 1 :(128, 1, 28, 28)
[2023-10-12 00:01:29,523][root][INFO] - task 2 :(128, 1, 28, 28)
[2023-10-12 00:01:29,548][root][INFO] - task 3 :(128, 1, 28, 28)
[2023-10-12 00:01:29,575][root][INFO] - task 4 :(128, 1, 28, 28)
[2023-10-12 00:01:29,603][root][INFO] - task 5 :(128, 1, 28, 28)
[2023-10-12 00:01:29,630][root][INFO] - task 6 :(128, 1, 28, 28)
[2023-10-12 00:01:29,652][root][INFO] - task 7 :(128, 1, 28, 28)
[2023-10-12 00:01:29,680][root][INFO] - task 8 :(128, 1, 28, 28)
[2023-10-12 00:01:29,703][root][INFO] - task 9 :(128, 1, 28, 28)
[2023-10-12 00:01:30,016][root][INFO] - Class sequence: [7 5 8 4 6 9 8 3 4 6 1 3 3 1 4 1 9 2 6 2]
[2023-10-12 00:01:30,034][root][INFO] - task 0 :(128, 1, 28, 28)
[2023-10-12 00:01:30,055][root][INFO] - task 1 :(128, 1, 28, 28)
[2023-10-12 00:01:30,081][root][INFO] - task 2 :(128, 1, 28, 28)
[2023-10-12 00:01:30,104][root][INFO] - task 3 :(128, 1, 28, 28)
[2023-10-12 00:01:30,127][root][INFO] - task 4 :(128, 1, 28, 28)
[2023-10-12 00:01:30,151][root][INFO] - task 5 :(128, 1, 28, 28)
[2023-10-12 00:01:30,175][root][INFO] - task 6 :(128, 1, 28, 28)
[2023-10-12 00:01:30,196][root][INFO] - task 7 :(128, 1, 28, 28)
[2023-10-12 00:01:30,224][root][INFO] - task 8 :(128, 1, 28, 28)
[2023-10-12 00:01:30,248][root][INFO] - task 9 :(128, 1, 28, 28)
[2023-10-12 00:01:30,558][root][INFO] - Class sequence: [5 1 8 3 9 6 5 9 5 0 7 2 7 8 6 1 6 0 0 6]
[2023-10-12 00:01:30,577][root][INFO] - task 0 :(128, 1, 28, 28)
[2023-10-12 00:01:30,598][root][INFO] - task 1 :(128, 1, 28, 28)
[2023-10-12 00:01:30,623][root][INFO] - task 2 :(128, 1, 28, 28)
[2023-10-12 00:01:30,649][root][INFO] - task 3 :(128, 1, 28, 28)
[2023-10-12 00:01:30,670][root][INFO] - task 4 :(128, 1, 28, 28)
[2023-10-12 00:01:30,701][root][INFO] - task 5 :(128, 1, 28, 28)
[2023-10-12 00:01:30,727][root][INFO] - task 6 :(128, 1, 28, 28)
[2023-10-12 00:01:30,753][root][INFO] - task 7 :(128, 1, 28, 28)
[2023-10-12 00:01:30,774][root][INFO] - task 8 :(128, 1, 28, 28)
[2023-10-12 00:01:30,799][root][INFO] - task 9 :(128, 1, 28, 28)
i_size 28
num_classes 2
net_cfg {'name': 'mlp', 'depth': 4, 'layer_size': 64, 'dropout': 0.0, 'i_size': 28, 'num_classes': 2, 'num_tasks': 10, 'num_init_tasks': 4, 'use_contrastive': True}
<class 'shell.learners.er_nocomponents.NoComponentsER'>
[2023-10-12 00:01:30,827][root][INFO] - No. gpus per agent: 0.25
Error executing job with overrides: ['algo=monolithic', 'seed=0', 'parallel=True', 'num_agents=8', 'dataset=kmnist', 'dataset.num_trains_per_class=64', 'dataset.num_vals_per_class=50', 'dataset.remap_labels=True', 'dataset.with_replacement=True', 'dataset.num_tasks=10', 'net=mlp', 'net.depth=4', 'num_init_tasks=4', 'net.dropout=0.0', 'train.num_epochs=100', 'train.init_num_epochs=100', 'train.component_update_freq=100', 'train.init_component_update_freq=100', 'train.save_freq=20', 'root_save_dir=experiment_results/recv_results', 'agent.use_contrastive=True', 'agent.memory_size=32', 'sharing_strategy=recv_data', 'agent.batch_size=64', 'train=monolithic', 'job_name=kmnist_monolithic_numtrain_64_contrastive']
Traceback (most recent call last):
  File "/home/vlongle/learning-hive/experiments/run.py", line 33, in main
    fleet = FleetCls(graph, cfg.seed, datasets, cfg.sharing_strategy, AgentCls, NetCls=NetCls,
  File "/home/vlongle/learning-hive/src/shell/fleet/fleet.py", line 253, in __init__
    self.create_agents(seed, datasets, AgentCls, NetCls, LearnerCls,
  File "/home/vlongle/learning-hive/src/shell/fleet/fleet.py", line 264, in create_agents
    self.agents = [
  File "/home/vlongle/learning-hive/src/shell/fleet/fleet.py", line 265, in <listcomp>
    AgentCls.options(num_gpus=self.num_gpus_per_agent).remote(node_id, seed, datasets[node_id], NetCls,
AttributeError: type object 'ParallelRecvDataAgent' has no attribute 'options'

Set the environment variable HYDRA_FULL_ERROR=1 for a complete stack trace.
{'algo': ['monolithic'], 'seed': 0, 'parallel': True, 'num_agents': 8, 'dataset': 'kmnist', 'dataset.num_trains_per_class': 64, 'dataset.num_vals_per_class': 50, 'dataset.remap_labels': True, 'dataset.with_replacement': True, 'dataset.num_tasks': 10, 'net': 'mlp', 'net.depth': 4, 'num_init_tasks': 4, 'net.dropout': 0.0, 'train.num_epochs': 100, 'train.init_num_epochs': 100, 'train.component_update_freq': 100, 'train.init_component_update_freq': 100, 'train.save_freq': 20, 'root_save_dir': 'experiment_results/recv_results', 'agent.use_contrastive': True, 'agent.memory_size': 32, 'sharing_strategy': 'recv_data', 'agent.batch_size': 64}
No. of experiments: 1
Experiment runs took 0:00:09.995698
