{'train': {'component_update_freq': 100, 'num_epochs': 100, 'init_component_update_freq': 100, 'init_num_epochs': 100, 'save_freq': 1}, 'dataset': {'dataset_name': 'fashionmnist', 'num_tasks': 10, 'num_classes_per_task': 2, 'with_replacement': True, 'num_trains_per_class': 64, 'num_vals_per_class': 50, 'remap_labels': True}, 'net': {'name': 'mlp', 'depth': 4, 'layer_size': 64, 'dropout': 0.0}, 'sharing_strategy': {'name': 'gradient', 'num_coms_per_round': 1, 'comm_freq': 10, 'mu': 1.0}, 'seed': 0, 'algo': 'modular', 'job_name': 'fashionmnist_modular_numtrain_64_contrastive', 'num_agents': 8, 'root_save_dir': 'experiment_results/fedavg/', 'parallel': True, 'num_init_tasks': 4, 'agent': {'save_dir': '${root_save_dir}/${job_name}/${dataset.dataset_name}/${algo}/seed_${seed}', 'batch_size': 64, 'memory_size': 32, 'improvement_threshold': 0.05, 'use_contrastive': True}}
[2023-10-17 23:27:15,883][root][INFO] - Class sequence: [5 0 4 3 4 6 4 3 8 0 1 0 5 9 6 4 9 0 3 0]
[2023-10-17 23:27:15,903][root][INFO] - task 0 :(128, 1, 28, 28)
[2023-10-17 23:27:15,932][root][INFO] - task 1 :(128, 1, 28, 28)
[2023-10-17 23:27:15,952][root][INFO] - task 2 :(128, 1, 28, 28)
[2023-10-17 23:27:15,973][root][INFO] - task 3 :(128, 1, 28, 28)
[2023-10-17 23:27:15,992][root][INFO] - task 4 :(128, 1, 28, 28)
[2023-10-17 23:27:16,013][root][INFO] - task 5 :(128, 1, 28, 28)
[2023-10-17 23:27:16,033][root][INFO] - task 6 :(128, 1, 28, 28)
[2023-10-17 23:27:16,053][root][INFO] - task 7 :(128, 1, 28, 28)
[2023-10-17 23:27:16,072][root][INFO] - task 8 :(128, 1, 28, 28)
[2023-10-17 23:27:16,093][root][INFO] - task 9 :(128, 1, 28, 28)
[2023-10-17 23:27:16,203][root][INFO] - Class sequence: [4 7 5 7 6 0 3 0 5 0 3 6 2 7 6 7 6 1 0 5]
[2023-10-17 23:27:16,220][root][INFO] - task 0 :(128, 1, 28, 28)
[2023-10-17 23:27:16,240][root][INFO] - task 1 :(128, 1, 28, 28)
[2023-10-17 23:27:16,262][root][INFO] - task 2 :(128, 1, 28, 28)
[2023-10-17 23:27:16,283][root][INFO] - task 3 :(128, 1, 28, 28)
[2023-10-17 23:27:16,304][root][INFO] - task 4 :(128, 1, 28, 28)
[2023-10-17 23:27:16,329][root][INFO] - task 5 :(128, 1, 28, 28)
[2023-10-17 23:27:16,349][root][INFO] - task 6 :(128, 1, 28, 28)
[2023-10-17 23:27:16,369][root][INFO] - task 7 :(128, 1, 28, 28)
[2023-10-17 23:27:16,390][root][INFO] - task 8 :(128, 1, 28, 28)
[2023-10-17 23:27:16,411][root][INFO] - task 9 :(128, 1, 28, 28)
[2023-10-17 23:27:16,514][root][INFO] - Class sequence: [6 7 7 8 4 1 1 8 6 1 6 4 5 7 8 0 2 3 0 3]
[2023-10-17 23:27:16,532][root][INFO] - task 0 :(128, 1, 28, 28)
[2023-10-17 23:27:16,551][root][INFO] - task 1 :(128, 1, 28, 28)
[2023-10-17 23:27:16,571][root][INFO] - task 2 :(128, 1, 28, 28)
[2023-10-17 23:27:16,591][root][INFO] - task 3 :(128, 1, 28, 28)
[2023-10-17 23:27:16,615][root][INFO] - task 4 :(128, 1, 28, 28)
[2023-10-17 23:27:16,635][root][INFO] - task 5 :(128, 1, 28, 28)
[2023-10-17 23:27:16,655][root][INFO] - task 6 :(128, 1, 28, 28)
[2023-10-17 23:27:16,675][root][INFO] - task 7 :(128, 1, 28, 28)
[2023-10-17 23:27:16,696][root][INFO] - task 8 :(128, 1, 28, 28)
[2023-10-17 23:27:16,718][root][INFO] - task 9 :(128, 1, 28, 28)
[2023-10-17 23:27:16,823][root][INFO] - Class sequence: [2 8 0 3 7 4 3 4 4 5 9 3 0 6 9 1 3 1 7 9]
[2023-10-17 23:27:16,840][root][INFO] - task 0 :(128, 1, 28, 28)
[2023-10-17 23:27:16,861][root][INFO] - task 1 :(128, 1, 28, 28)
[2023-10-17 23:27:16,881][root][INFO] - task 2 :(128, 1, 28, 28)
[2023-10-17 23:27:16,901][root][INFO] - task 3 :(128, 1, 28, 28)
[2023-10-17 23:27:16,921][root][INFO] - task 4 :(128, 1, 28, 28)
[2023-10-17 23:27:16,942][root][INFO] - task 5 :(128, 1, 28, 28)
[2023-10-17 23:27:16,964][root][INFO] - task 6 :(128, 1, 28, 28)
[2023-10-17 23:27:16,983][root][INFO] - task 7 :(128, 1, 28, 28)
[2023-10-17 23:27:17,003][root][INFO] - task 8 :(128, 1, 28, 28)
[2023-10-17 23:27:17,024][root][INFO] - task 9 :(128, 1, 28, 28)
[2023-10-17 23:27:17,126][root][INFO] - Class sequence: [0 3 0 2 9 7 0 9 2 1 7 6 8 6 1 8 6 4 9 8]
[2023-10-17 23:27:17,143][root][INFO] - task 0 :(128, 1, 28, 28)
[2023-10-17 23:27:17,163][root][INFO] - task 1 :(128, 1, 28, 28)
[2023-10-17 23:27:17,183][root][INFO] - task 2 :(128, 1, 28, 28)
[2023-10-17 23:27:17,203][root][INFO] - task 3 :(128, 1, 28, 28)
[2023-10-17 23:27:17,222][root][INFO] - task 4 :(128, 1, 28, 28)
[2023-10-17 23:27:17,242][root][INFO] - task 5 :(128, 1, 28, 28)
[2023-10-17 23:27:17,263][root][INFO] - task 6 :(128, 1, 28, 28)
[2023-10-17 23:27:17,283][root][INFO] - task 7 :(128, 1, 28, 28)
[2023-10-17 23:27:17,304][root][INFO] - task 8 :(128, 1, 28, 28)
[2023-10-17 23:27:17,325][root][INFO] - task 9 :(128, 1, 28, 28)
[2023-10-17 23:27:17,429][root][INFO] - Class sequence: [8 4 6 3 3 1 1 6 4 9 3 2 2 9 6 0 5 9 7 2]
[2023-10-17 23:27:17,447][root][INFO] - task 0 :(128, 1, 28, 28)
[2023-10-17 23:27:17,468][root][INFO] - task 1 :(128, 1, 28, 28)
[2023-10-17 23:27:17,489][root][INFO] - task 2 :(128, 1, 28, 28)
[2023-10-17 23:27:17,509][root][INFO] - task 3 :(128, 1, 28, 28)
[2023-10-17 23:27:17,530][root][INFO] - task 4 :(128, 1, 28, 28)
[2023-10-17 23:27:17,550][root][INFO] - task 5 :(128, 1, 28, 28)
[2023-10-17 23:27:17,569][root][INFO] - task 6 :(128, 1, 28, 28)
[2023-10-17 23:27:17,590][root][INFO] - task 7 :(128, 1, 28, 28)
[2023-10-17 23:27:17,611][root][INFO] - task 8 :(128, 1, 28, 28)
[2023-10-17 23:27:17,631][root][INFO] - task 9 :(128, 1, 28, 28)
[2023-10-17 23:27:17,734][root][INFO] - Class sequence: [7 5 8 4 6 9 8 3 4 6 1 3 3 1 4 1 9 2 6 2]
[2023-10-17 23:27:17,752][root][INFO] - task 0 :(128, 1, 28, 28)
[2023-10-17 23:27:17,772][root][INFO] - task 1 :(128, 1, 28, 28)
[2023-10-17 23:27:17,794][root][INFO] - task 2 :(128, 1, 28, 28)
[2023-10-17 23:27:17,816][root][INFO] - task 3 :(128, 1, 28, 28)
[2023-10-17 23:27:17,848][root][INFO] - task 4 :(128, 1, 28, 28)
[2023-10-17 23:27:17,868][root][INFO] - task 5 :(128, 1, 28, 28)
[2023-10-17 23:27:17,889][root][INFO] - task 6 :(128, 1, 28, 28)
[2023-10-17 23:27:17,910][root][INFO] - task 7 :(128, 1, 28, 28)
[2023-10-17 23:27:17,931][root][INFO] - task 8 :(128, 1, 28, 28)
[2023-10-17 23:27:17,951][root][INFO] - task 9 :(128, 1, 28, 28)
[2023-10-17 23:27:18,055][root][INFO] - Class sequence: [5 1 8 3 9 6 5 9 5 0 7 2 7 8 6 1 6 0 0 6]
[2023-10-17 23:27:18,073][root][INFO] - task 0 :(128, 1, 28, 28)
[2023-10-17 23:27:18,094][root][INFO] - task 1 :(128, 1, 28, 28)
[2023-10-17 23:27:18,114][root][INFO] - task 2 :(128, 1, 28, 28)
[2023-10-17 23:27:18,134][root][INFO] - task 3 :(128, 1, 28, 28)
[2023-10-17 23:27:18,161][root][INFO] - task 4 :(128, 1, 28, 28)
[2023-10-17 23:27:18,183][root][INFO] - task 5 :(128, 1, 28, 28)
[2023-10-17 23:27:18,202][root][INFO] - task 6 :(128, 1, 28, 28)
[2023-10-17 23:27:18,222][root][INFO] - task 7 :(128, 1, 28, 28)
[2023-10-17 23:27:18,242][root][INFO] - task 8 :(128, 1, 28, 28)
[2023-10-17 23:27:18,264][root][INFO] - task 9 :(128, 1, 28, 28)
i_size 28
num_classes 2
net_cfg {'name': 'mlp', 'depth': 4, 'layer_size': 64, 'dropout': 0.0, 'i_size': 28, 'num_classes': 2, 'num_tasks': 10, 'num_init_tasks': 4, 'use_contrastive': True}
<class 'shell.learners.er_dynamic.CompositionalDynamicER'>
[2023-10-17 23:27:18,370][root][INFO] - Class sequence: [7 0 8 4 8 3 3 9 6 4 3 2 4 6 7 4 9 0 3 1]
[2023-10-17 23:27:18,388][root][INFO] - task 0 :(128, 1, 28, 28)
[2023-10-17 23:27:18,409][root][INFO] - task 1 :(128, 1, 28, 28)
[2023-10-17 23:27:18,430][root][INFO] - task 2 :(128, 1, 28, 28)
[2023-10-17 23:27:18,454][root][INFO] - task 3 :(128, 1, 28, 28)
[2023-10-17 23:27:18,474][root][INFO] - task 4 :(128, 1, 28, 28)
[2023-10-17 23:27:18,494][root][INFO] - task 5 :(128, 1, 28, 28)
[2023-10-17 23:27:18,515][root][INFO] - task 6 :(128, 1, 28, 28)
[2023-10-17 23:27:18,536][root][INFO] - task 7 :(128, 1, 28, 28)
[2023-10-17 23:27:18,555][root][INFO] - task 8 :(128, 1, 28, 28)
[2023-10-17 23:27:18,575][root][INFO] - task 9 :(128, 1, 28, 28)
[2023-10-17 23:27:33,730][root][INFO] - Joint training on task 0 ...
[2023-10-17 23:27:39,015][root][INFO] - Joint training on task 1 ...
[2023-10-17 23:27:40,008][root][INFO] - Joint training on task 2 ...
[2023-10-17 23:27:41,445][root][INFO] - Joint training on task 3 ...
[2023-10-17 23:29:58,230][root][INFO] - DONE TRAINING THE JOINT AGENT...
[2023-10-17 23:29:58,230][root][INFO] - No. gpus per agent: 0.25
[2023-10-17 23:30:03,362][root][INFO] - Created fleet with 8 agents
[2023-10-17 23:30:03,362][root][INFO] - Adding neighbors...
[2023-10-17 23:30:04,368][root][INFO] - Fleet initialized
[2023-10-17 23:30:04,381][root][INFO] - READY TO TRAIN INDIVIDUAL AGENTS...
[2m[36m(ParallelModGrad pid=1007919)[0m node 0 is processing at round 0 for task 0
[2m[36m(ParallelModGrad pid=1008197)[0m node 1 is processing at round 0 for task 0
[2m[36m(ParallelModGrad pid=1008203)[0m node 2 is processing at round 0 for task 0
[2m[36m(ParallelModGrad pid=1008485)[0m node 3 is processing at round 0 for task 0
[2m[36m(ParallelModGrad pid=1008768)[0m node 4 is processing at round 0 for task 0
[2m[36m(ParallelModGrad pid=1008907)[0m node 5 is processing at round 0 for task 0
[2m[36m(ParallelModGrad pid=1009572)[0m node 6 is processing at round 0 for task 0
[2m[36m(ParallelModGrad pid=1010182)[0m node 7 is processing at round 0 for task 0
[2m[36m(ParallelModGrad pid=1007919)[0m node 0 is processing at round 1 for task 0
[2m[36m(ParallelModGrad pid=1008197)[0m node 1 is processing at round 1 for task 0
[2m[36m(ParallelModGrad pid=1008203)[0m node 2 is processing at round 1 for task 0
[2m[36m(ParallelModGrad pid=1008485)[0m node 3 is processing at round 1 for task 0
[2m[36m(ParallelModGrad pid=1008768)[0m node 4 is processing at round 1 for task 0
[2m[36m(ParallelModGrad pid=1008907)[0m node 5 is processing at round 1 for task 0
[2m[36m(ParallelModGrad pid=1009572)[0m node 6 is processing at round 1 for task 0
[2m[36m(ParallelModGrad pid=1010182)[0m node 7 is processing at round 1 for task 0
[2m[36m(ParallelModGrad pid=1007919)[0m node 0 is processing at round 2 for task 0
[2m[36m(ParallelModGrad pid=1008197)[0m node 1 is processing at round 2 for task 0
[2m[36m(ParallelModGrad pid=1008203)[0m node 2 is processing at round 2 for task 0
[2m[36m(ParallelModGrad pid=1008485)[0m node 3 is processing at round 2 for task 0
[2m[36m(ParallelModGrad pid=1008768)[0m node 4 is processing at round 2 for task 0
[2m[36m(ParallelModGrad pid=1008907)[0m node 5 is processing at round 2 for task 0
[2m[36m(ParallelModGrad pid=1009572)[0m node 6 is processing at round 2 for task 0
[2m[36m(ParallelModGrad pid=1010182)[0m node 7 is processing at round 2 for task 0
[2m[36m(ParallelModGrad pid=1007919)[0m node 0 is processing at round 3 for task 0
[2m[36m(ParallelModGrad pid=1008197)[0m node 1 is processing at round 3 for task 0
[2m[36m(ParallelModGrad pid=1008203)[0m node 2 is processing at round 3 for task 0
[2m[36m(ParallelModGrad pid=1008485)[0m node 3 is processing at round 3 for task 0
[2m[36m(ParallelModGrad pid=1008768)[0m node 4 is processing at round 3 for task 0
[2m[36m(ParallelModGrad pid=1008907)[0m node 5 is processing at round 3 for task 0
[2m[36m(ParallelModGrad pid=1009572)[0m node 6 is processing at round 3 for task 0
[2m[36m(ParallelModGrad pid=1010182)[0m node 7 is processing at round 3 for task 0
[2m[36m(ParallelModGrad pid=1007919)[0m node 0 is processing at round 4 for task 0
[2m[36m(ParallelModGrad pid=1008197)[0m node 1 is processing at round 4 for task 0
[2m[36m(ParallelModGrad pid=1008203)[0m node 2 is processing at round 4 for task 0
[2m[36m(ParallelModGrad pid=1008485)[0m node 3 is processing at round 4 for task 0
[2m[36m(ParallelModGrad pid=1008768)[0m node 4 is processing at round 4 for task 0
[2m[36m(ParallelModGrad pid=1008907)[0m node 5 is processing at round 4 for task 0
[2m[36m(ParallelModGrad pid=1009572)[0m node 6 is processing at round 4 for task 0
[2m[36m(ParallelModGrad pid=1010182)[0m node 7 is processing at round 4 for task 0
[2m[36m(ParallelModGrad pid=1007919)[0m node 0 is processing at round 5 for task 0
[2m[36m(ParallelModGrad pid=1008197)[0m node 1 is processing at round 5 for task 0
[2m[36m(ParallelModGrad pid=1008203)[0m node 2 is processing at round 5 for task 0
[2m[36m(ParallelModGrad pid=1008485)[0m node 3 is processing at round 5 for task 0
[2m[36m(ParallelModGrad pid=1008768)[0m node 4 is processing at round 5 for task 0
[2m[36m(ParallelModGrad pid=1008907)[0m node 5 is processing at round 5 for task 0
[2m[36m(ParallelModGrad pid=1009572)[0m node 6 is processing at round 5 for task 0
[2m[36m(ParallelModGrad pid=1010182)[0m node 7 is processing at round 5 for task 0
[2m[36m(ParallelModGrad pid=1007919)[0m node 0 is processing at round 6 for task 0
[2m[36m(ParallelModGrad pid=1008197)[0m node 1 is processing at round 6 for task 0
[2m[36m(ParallelModGrad pid=1008203)[0m node 2 is processing at round 6 for task 0
[2m[36m(ParallelModGrad pid=1008485)[0m node 3 is processing at round 6 for task 0
[2m[36m(ParallelModGrad pid=1008768)[0m node 4 is processing at round 6 for task 0
[2m[36m(ParallelModGrad pid=1008907)[0m node 5 is processing at round 6 for task 0
[2m[36m(ParallelModGrad pid=1009572)[0m node 6 is processing at round 6 for task 0
[2m[36m(ParallelModGrad pid=1010182)[0m node 7 is processing at round 6 for task 0
[2m[36m(ParallelModGrad pid=1007919)[0m node 0 is processing at round 7 for task 0
[2m[36m(ParallelModGrad pid=1008197)[0m node 1 is processing at round 7 for task 0
[2m[36m(ParallelModGrad pid=1008203)[0m node 2 is processing at round 7 for task 0
[2m[36m(ParallelModGrad pid=1008485)[0m node 3 is processing at round 7 for task 0
[2m[36m(ParallelModGrad pid=1008768)[0m node 4 is processing at round 7 for task 0
[2m[36m(ParallelModGrad pid=1008907)[0m node 5 is processing at round 7 for task 0
[2m[36m(ParallelModGrad pid=1009572)[0m node 6 is processing at round 7 for task 0
[2m[36m(ParallelModGrad pid=1010182)[0m node 7 is processing at round 7 for task 0
[2m[36m(ParallelModGrad pid=1007919)[0m node 0 is processing at round 8 for task 0
[2m[36m(ParallelModGrad pid=1008197)[0m node 1 is processing at round 8 for task 0
[2m[36m(ParallelModGrad pid=1008203)[0m node 2 is processing at round 8 for task 0
[2m[36m(ParallelModGrad pid=1008485)[0m node 3 is processing at round 8 for task 0
[2m[36m(ParallelModGrad pid=1008768)[0m node 4 is processing at round 8 for task 0
[2m[36m(ParallelModGrad pid=1008907)[0m node 5 is processing at round 8 for task 0
[2m[36m(ParallelModGrad pid=1009572)[0m node 6 is processing at round 8 for task 0
[2m[36m(ParallelModGrad pid=1010182)[0m node 7 is processing at round 8 for task 0
[2m[36m(ParallelModGrad pid=1007919)[0m node 0 is processing at round 9 for task 1
[2m[36m(ParallelModGrad pid=1008197)[0m node 1 is processing at round 9 for task 1
[2m[36m(ParallelModGrad pid=1008203)[0m node 2 is processing at round 9 for task 1
[2m[36m(ParallelModGrad pid=1008485)[0m node 3 is processing at round 9 for task 1
[2m[36m(ParallelModGrad pid=1008768)[0m node 4 is processing at round 9 for task 1
[2m[36m(ParallelModGrad pid=1008907)[0m node 5 is processing at round 9 for task 1
[2m[36m(ParallelModGrad pid=1009572)[0m node 6 is processing at round 9 for task 1
[2m[36m(ParallelModGrad pid=1010182)[0m node 7 is processing at round 9 for task 1
[2m[36m(ParallelModGrad pid=1007919)[0m node 0 is processing at round 0 for task 1
[2m[36m(ParallelModGrad pid=1008197)[0m node 1 is processing at round 0 for task 1
[2m[36m(ParallelModGrad pid=1008203)[0m node 2 is processing at round 0 for task 1
[2m[36m(ParallelModGrad pid=1008485)[0m node 3 is processing at round 0 for task 1
[2m[36m(ParallelModGrad pid=1008768)[0m node 4 is processing at round 0 for task 1
[2m[36m(ParallelModGrad pid=1008907)[0m node 5 is processing at round 0 for task 1
[2m[36m(ParallelModGrad pid=1009572)[0m node 6 is processing at round 0 for task 1
[2m[36m(ParallelModGrad pid=1010182)[0m node 7 is processing at round 0 for task 1
[2m[36m(ParallelModGrad pid=1007919)[0m node 0 is processing at round 1 for task 1
[2m[36m(ParallelModGrad pid=1008197)[0m node 1 is processing at round 1 for task 1
[2m[36m(ParallelModGrad pid=1008203)[0m node 2 is processing at round 1 for task 1
[2m[36m(ParallelModGrad pid=1008485)[0m node 3 is processing at round 1 for task 1
[2m[36m(ParallelModGrad pid=1008768)[0m node 4 is processing at round 1 for task 1
[2m[36m(ParallelModGrad pid=1008907)[0m node 5 is processing at round 1 for task 1
[2m[36m(ParallelModGrad pid=1009572)[0m node 6 is processing at round 1 for task 1
[2m[36m(ParallelModGrad pid=1010182)[0m node 7 is processing at round 1 for task 1
[2m[36m(ParallelModGrad pid=1007919)[0m node 0 is processing at round 2 for task 1
[2m[36m(ParallelModGrad pid=1008197)[0m node 1 is processing at round 2 for task 1
[2m[36m(ParallelModGrad pid=1008203)[0m node 2 is processing at round 2 for task 1
[2m[36m(ParallelModGrad pid=1008485)[0m node 3 is processing at round 2 for task 1
[2m[36m(ParallelModGrad pid=1008768)[0m node 4 is processing at round 2 for task 1
[2m[36m(ParallelModGrad pid=1008907)[0m node 5 is processing at round 2 for task 1
[2m[36m(ParallelModGrad pid=1009572)[0m node 6 is processing at round 2 for task 1
[2m[36m(ParallelModGrad pid=1010182)[0m node 7 is processing at round 2 for task 1
[2m[36m(ParallelModGrad pid=1007919)[0m node 0 is processing at round 3 for task 1
[2m[36m(ParallelModGrad pid=1008197)[0m node 1 is processing at round 3 for task 1
[2m[36m(ParallelModGrad pid=1008203)[0m node 2 is processing at round 3 for task 1
[2m[36m(ParallelModGrad pid=1008485)[0m node 3 is processing at round 3 for task 1
[2m[36m(ParallelModGrad pid=1008768)[0m node 4 is processing at round 3 for task 1
[2m[36m(ParallelModGrad pid=1008907)[0m node 5 is processing at round 3 for task 1
[2m[36m(ParallelModGrad pid=1009572)[0m node 6 is processing at round 3 for task 1
[2m[36m(ParallelModGrad pid=1010182)[0m node 7 is processing at round 3 for task 1
[2m[36m(ParallelModGrad pid=1007919)[0m node 0 is processing at round 4 for task 1
[2m[36m(ParallelModGrad pid=1008197)[0m node 1 is processing at round 4 for task 1
[2m[36m(ParallelModGrad pid=1008203)[0m node 2 is processing at round 4 for task 1
[2m[36m(ParallelModGrad pid=1008485)[0m node 3 is processing at round 4 for task 1
[2m[36m(ParallelModGrad pid=1008768)[0m node 4 is processing at round 4 for task 1
[2m[36m(ParallelModGrad pid=1008907)[0m node 5 is processing at round 4 for task 1
[2m[36m(ParallelModGrad pid=1009572)[0m node 6 is processing at round 4 for task 1
[2m[36m(ParallelModGrad pid=1010182)[0m node 7 is processing at round 4 for task 1
[2m[36m(ParallelModGrad pid=1007919)[0m node 0 is processing at round 5 for task 1
[2m[36m(ParallelModGrad pid=1008197)[0m node 1 is processing at round 5 for task 1
[2m[36m(ParallelModGrad pid=1008203)[0m node 2 is processing at round 5 for task 1
[2m[36m(ParallelModGrad pid=1008485)[0m node 3 is processing at round 5 for task 1
[2m[36m(ParallelModGrad pid=1008768)[0m node 4 is processing at round 5 for task 1
[2m[36m(ParallelModGrad pid=1008907)[0m node 5 is processing at round 5 for task 1
[2m[36m(ParallelModGrad pid=1009572)[0m node 6 is processing at round 5 for task 1
[2m[36m(ParallelModGrad pid=1010182)[0m node 7 is processing at round 5 for task 1
[2m[36m(ParallelModGrad pid=1007919)[0m node 0 is processing at round 6 for task 1
[2m[36m(ParallelModGrad pid=1008197)[0m node 1 is processing at round 6 for task 1
[2m[36m(ParallelModGrad pid=1008203)[0m node 2 is processing at round 6 for task 1
[2m[36m(ParallelModGrad pid=1008485)[0m node 3 is processing at round 6 for task 1
[2m[36m(ParallelModGrad pid=1008768)[0m node 4 is processing at round 6 for task 1
[2m[36m(ParallelModGrad pid=1008907)[0m node 5 is processing at round 6 for task 1
[2m[36m(ParallelModGrad pid=1009572)[0m node 6 is processing at round 6 for task 1
[2m[36m(ParallelModGrad pid=1010182)[0m node 7 is processing at round 6 for task 1
[2m[36m(ParallelModGrad pid=1007919)[0m node 0 is processing at round 7 for task 1
[2m[36m(ParallelModGrad pid=1008197)[0m node 1 is processing at round 7 for task 1
[2m[36m(ParallelModGrad pid=1008203)[0m node 2 is processing at round 7 for task 1
[2m[36m(ParallelModGrad pid=1008485)[0m node 3 is processing at round 7 for task 1
[2m[36m(ParallelModGrad pid=1008768)[0m node 4 is processing at round 7 for task 1
[2m[36m(ParallelModGrad pid=1008907)[0m node 5 is processing at round 7 for task 1
[2m[36m(ParallelModGrad pid=1009572)[0m node 6 is processing at round 7 for task 1
[2m[36m(ParallelModGrad pid=1010182)[0m node 7 is processing at round 7 for task 1
[2m[36m(ParallelModGrad pid=1007919)[0m node 0 is processing at round 8 for task 1
[2m[36m(ParallelModGrad pid=1008197)[0m node 1 is processing at round 8 for task 1
[2m[36m(ParallelModGrad pid=1008203)[0m node 2 is processing at round 8 for task 1
[2m[36m(ParallelModGrad pid=1008485)[0m node 3 is processing at round 8 for task 1
[2m[36m(ParallelModGrad pid=1008768)[0m node 4 is processing at round 8 for task 1
[2m[36m(ParallelModGrad pid=1008907)[0m node 5 is processing at round 8 for task 1
[2m[36m(ParallelModGrad pid=1009572)[0m node 6 is processing at round 8 for task 1
[2m[36m(ParallelModGrad pid=1010182)[0m node 7 is processing at round 8 for task 1
[2m[36m(ParallelModGrad pid=1007919)[0m node 0 is processing at round 9 for task 2
[2m[36m(ParallelModGrad pid=1008197)[0m node 1 is processing at round 9 for task 2
[2m[36m(ParallelModGrad pid=1008203)[0m node 2 is processing at round 9 for task 2
[2m[36m(ParallelModGrad pid=1008485)[0m node 3 is processing at round 9 for task 2
[2m[36m(ParallelModGrad pid=1008768)[0m node 4 is processing at round 9 for task 2
[2m[36m(ParallelModGrad pid=1008907)[0m node 5 is processing at round 9 for task 2
[2m[36m(ParallelModGrad pid=1009572)[0m node 6 is processing at round 9 for task 2
[2m[36m(ParallelModGrad pid=1010182)[0m node 7 is processing at round 9 for task 2
[2m[36m(ParallelModGrad pid=1007919)[0m node 0 is processing at round 0 for task 2
[2m[36m(ParallelModGrad pid=1008197)[0m node 1 is processing at round 0 for task 2
[2m[36m(ParallelModGrad pid=1008203)[0m node 2 is processing at round 0 for task 2
[2m[36m(ParallelModGrad pid=1008485)[0m node 3 is processing at round 0 for task 2
[2m[36m(ParallelModGrad pid=1008768)[0m node 4 is processing at round 0 for task 2
[2m[36m(ParallelModGrad pid=1008907)[0m node 5 is processing at round 0 for task 2
[2m[36m(ParallelModGrad pid=1009572)[0m node 6 is processing at round 0 for task 2
[2m[36m(ParallelModGrad pid=1010182)[0m node 7 is processing at round 0 for task 2
[2m[36m(ParallelModGrad pid=1007919)[0m node 0 is processing at round 1 for task 2
[2m[36m(ParallelModGrad pid=1008197)[0m node 1 is processing at round 1 for task 2
[2m[36m(ParallelModGrad pid=1008203)[0m node 2 is processing at round 1 for task 2
[2m[36m(ParallelModGrad pid=1008485)[0m node 3 is processing at round 1 for task 2
[2m[36m(ParallelModGrad pid=1008768)[0m node 4 is processing at round 1 for task 2
[2m[36m(ParallelModGrad pid=1008907)[0m node 5 is processing at round 1 for task 2
[2m[36m(ParallelModGrad pid=1009572)[0m node 6 is processing at round 1 for task 2
[2m[36m(ParallelModGrad pid=1010182)[0m node 7 is processing at round 1 for task 2
[2m[36m(ParallelModGrad pid=1007919)[0m node 0 is processing at round 2 for task 2
[2m[36m(ParallelModGrad pid=1008197)[0m node 1 is processing at round 2 for task 2
[2m[36m(ParallelModGrad pid=1008203)[0m node 2 is processing at round 2 for task 2
[2m[36m(ParallelModGrad pid=1008485)[0m node 3 is processing at round 2 for task 2
[2m[36m(ParallelModGrad pid=1008768)[0m node 4 is processing at round 2 for task 2
[2m[36m(ParallelModGrad pid=1008907)[0m node 5 is processing at round 2 for task 2
[2m[36m(ParallelModGrad pid=1009572)[0m node 6 is processing at round 2 for task 2
[2m[36m(ParallelModGrad pid=1010182)[0m node 7 is processing at round 2 for task 2
[2m[36m(ParallelModGrad pid=1007919)[0m node 0 is processing at round 3 for task 2
[2m[36m(ParallelModGrad pid=1008197)[0m node 1 is processing at round 3 for task 2
[2m[36m(ParallelModGrad pid=1008203)[0m node 2 is processing at round 3 for task 2
[2m[36m(ParallelModGrad pid=1008485)[0m node 3 is processing at round 3 for task 2
[2m[36m(ParallelModGrad pid=1008768)[0m node 4 is processing at round 3 for task 2
[2m[36m(ParallelModGrad pid=1008907)[0m node 5 is processing at round 3 for task 2
[2m[36m(ParallelModGrad pid=1009572)[0m node 6 is processing at round 3 for task 2
[2m[36m(ParallelModGrad pid=1010182)[0m node 7 is processing at round 3 for task 2
[2m[36m(ParallelModGrad pid=1007919)[0m node 0 is processing at round 4 for task 2
[2m[36m(ParallelModGrad pid=1008197)[0m node 1 is processing at round 4 for task 2
[2m[36m(ParallelModGrad pid=1008203)[0m node 2 is processing at round 4 for task 2
[2m[36m(ParallelModGrad pid=1008485)[0m node 3 is processing at round 4 for task 2
[2m[36m(ParallelModGrad pid=1008768)[0m node 4 is processing at round 4 for task 2
[2m[36m(ParallelModGrad pid=1008907)[0m node 5 is processing at round 4 for task 2
[2m[36m(ParallelModGrad pid=1009572)[0m node 6 is processing at round 4 for task 2
[2m[36m(ParallelModGrad pid=1010182)[0m node 7 is processing at round 4 for task 2
[2m[36m(ParallelModGrad pid=1007919)[0m node 0 is processing at round 5 for task 2
[2m[36m(ParallelModGrad pid=1008197)[0m node 1 is processing at round 5 for task 2
[2m[36m(ParallelModGrad pid=1008203)[0m node 2 is processing at round 5 for task 2
[2m[36m(ParallelModGrad pid=1008485)[0m node 3 is processing at round 5 for task 2
[2m[36m(ParallelModGrad pid=1008768)[0m node 4 is processing at round 5 for task 2
[2m[36m(ParallelModGrad pid=1008907)[0m node 5 is processing at round 5 for task 2
[2m[36m(ParallelModGrad pid=1009572)[0m node 6 is processing at round 5 for task 2
[2m[36m(ParallelModGrad pid=1010182)[0m node 7 is processing at round 5 for task 2
[2m[36m(ParallelModGrad pid=1007919)[0m node 0 is processing at round 6 for task 2
[2m[36m(ParallelModGrad pid=1008197)[0m node 1 is processing at round 6 for task 2
[2m[36m(ParallelModGrad pid=1008203)[0m node 2 is processing at round 6 for task 2
[2m[36m(ParallelModGrad pid=1008485)[0m node 3 is processing at round 6 for task 2
[2m[36m(ParallelModGrad pid=1008768)[0m node 4 is processing at round 6 for task 2
[2m[36m(ParallelModGrad pid=1008907)[0m node 5 is processing at round 6 for task 2
[2m[36m(ParallelModGrad pid=1009572)[0m node 6 is processing at round 6 for task 2
[2m[36m(ParallelModGrad pid=1010182)[0m node 7 is processing at round 6 for task 2
[2m[36m(ParallelModGrad pid=1007919)[0m node 0 is processing at round 7 for task 2
[2m[36m(ParallelModGrad pid=1008197)[0m node 1 is processing at round 7 for task 2
[2m[36m(ParallelModGrad pid=1008203)[0m node 2 is processing at round 7 for task 2
[2m[36m(ParallelModGrad pid=1008485)[0m node 3 is processing at round 7 for task 2
[2m[36m(ParallelModGrad pid=1008768)[0m node 4 is processing at round 7 for task 2
[2m[36m(ParallelModGrad pid=1008907)[0m node 5 is processing at round 7 for task 2
[2m[36m(ParallelModGrad pid=1009572)[0m node 6 is processing at round 7 for task 2
[2m[36m(ParallelModGrad pid=1010182)[0m node 7 is processing at round 7 for task 2
[2m[36m(ParallelModGrad pid=1007919)[0m node 0 is processing at round 8 for task 2
[2m[36m(ParallelModGrad pid=1008197)[0m node 1 is processing at round 8 for task 2
[2m[36m(ParallelModGrad pid=1008203)[0m node 2 is processing at round 8 for task 2
[2m[36m(ParallelModGrad pid=1008485)[0m node 3 is processing at round 8 for task 2
[2m[36m(ParallelModGrad pid=1008768)[0m node 4 is processing at round 8 for task 2
[2m[36m(ParallelModGrad pid=1008907)[0m node 5 is processing at round 8 for task 2
[2m[36m(ParallelModGrad pid=1009572)[0m node 6 is processing at round 8 for task 2
[2m[36m(ParallelModGrad pid=1010182)[0m node 7 is processing at round 8 for task 2
[2m[36m(ParallelModGrad pid=1007919)[0m node 0 is processing at round 9 for task 3
[2m[36m(ParallelModGrad pid=1008197)[0m node 1 is processing at round 9 for task 3
[2m[36m(ParallelModGrad pid=1008203)[0m node 2 is processing at round 9 for task 3
[2m[36m(ParallelModGrad pid=1008485)[0m node 3 is processing at round 9 for task 3
[2m[36m(ParallelModGrad pid=1008768)[0m node 4 is processing at round 9 for task 3
[2m[36m(ParallelModGrad pid=1008907)[0m node 5 is processing at round 9 for task 3
[2m[36m(ParallelModGrad pid=1009572)[0m node 6 is processing at round 9 for task 3
[2m[36m(ParallelModGrad pid=1010182)[0m node 7 is processing at round 9 for task 3
[2m[36m(ParallelModGrad pid=1007919)[0m node 0 is processing at round 0 for task 3
[2m[36m(ParallelModGrad pid=1008197)[0m node 1 is processing at round 0 for task 3
[2m[36m(ParallelModGrad pid=1008203)[0m node 2 is processing at round 0 for task 3
[2m[36m(ParallelModGrad pid=1008485)[0m node 3 is processing at round 0 for task 3
[2m[36m(ParallelModGrad pid=1008768)[0m node 4 is processing at round 0 for task 3
[2m[36m(ParallelModGrad pid=1008907)[0m node 5 is processing at round 0 for task 3
[2m[36m(ParallelModGrad pid=1009572)[0m node 6 is processing at round 0 for task 3
[2m[36m(ParallelModGrad pid=1010182)[0m node 7 is processing at round 0 for task 3
[2m[36m(ParallelModGrad pid=1007919)[0m node 0 is processing at round 1 for task 3
[2m[36m(ParallelModGrad pid=1008197)[0m node 1 is processing at round 1 for task 3
[2m[36m(ParallelModGrad pid=1008203)[0m node 2 is processing at round 1 for task 3
[2m[36m(ParallelModGrad pid=1008485)[0m node 3 is processing at round 1 for task 3
[2m[36m(ParallelModGrad pid=1008768)[0m node 4 is processing at round 1 for task 3
[2m[36m(ParallelModGrad pid=1008907)[0m node 5 is processing at round 1 for task 3
[2m[36m(ParallelModGrad pid=1009572)[0m node 6 is processing at round 1 for task 3
[2m[36m(ParallelModGrad pid=1010182)[0m node 7 is processing at round 1 for task 3
[2m[36m(ParallelModGrad pid=1007919)[0m node 0 is processing at round 2 for task 3
[2m[36m(ParallelModGrad pid=1008197)[0m node 1 is processing at round 2 for task 3
[2m[36m(ParallelModGrad pid=1008203)[0m node 2 is processing at round 2 for task 3
[2m[36m(ParallelModGrad pid=1008485)[0m node 3 is processing at round 2 for task 3
[2m[36m(ParallelModGrad pid=1008768)[0m node 4 is processing at round 2 for task 3
[2m[36m(ParallelModGrad pid=1008907)[0m node 5 is processing at round 2 for task 3
[2m[36m(ParallelModGrad pid=1009572)[0m node 6 is processing at round 2 for task 3
[2m[36m(ParallelModGrad pid=1010182)[0m node 7 is processing at round 2 for task 3
[2m[36m(ParallelModGrad pid=1007919)[0m node 0 is processing at round 3 for task 3
[2m[36m(ParallelModGrad pid=1008197)[0m node 1 is processing at round 3 for task 3
[2m[36m(ParallelModGrad pid=1008203)[0m node 2 is processing at round 3 for task 3
[2m[36m(ParallelModGrad pid=1008485)[0m node 3 is processing at round 3 for task 3
[2m[36m(ParallelModGrad pid=1008768)[0m node 4 is processing at round 3 for task 3
[2m[36m(ParallelModGrad pid=1008907)[0m node 5 is processing at round 3 for task 3
[2m[36m(ParallelModGrad pid=1009572)[0m node 6 is processing at round 3 for task 3
[2m[36m(ParallelModGrad pid=1010182)[0m node 7 is processing at round 3 for task 3
[2m[36m(ParallelModGrad pid=1007919)[0m node 0 is processing at round 4 for task 3
[2m[36m(ParallelModGrad pid=1008197)[0m node 1 is processing at round 4 for task 3
[2m[36m(ParallelModGrad pid=1008203)[0m node 2 is processing at round 4 for task 3
[2m[36m(ParallelModGrad pid=1008485)[0m node 3 is processing at round 4 for task 3
[2m[36m(ParallelModGrad pid=1008768)[0m node 4 is processing at round 4 for task 3
[2m[36m(ParallelModGrad pid=1008907)[0m node 5 is processing at round 4 for task 3
[2m[36m(ParallelModGrad pid=1009572)[0m node 6 is processing at round 4 for task 3
[2m[36m(ParallelModGrad pid=1010182)[0m node 7 is processing at round 4 for task 3
[2m[36m(ParallelModGrad pid=1007919)[0m node 0 is processing at round 5 for task 3
[2m[36m(ParallelModGrad pid=1008197)[0m node 1 is processing at round 5 for task 3
[2m[36m(ParallelModGrad pid=1008203)[0m node 2 is processing at round 5 for task 3
[2m[36m(ParallelModGrad pid=1008485)[0m node 3 is processing at round 5 for task 3
[2m[36m(ParallelModGrad pid=1008768)[0m node 4 is processing at round 5 for task 3
[2m[36m(ParallelModGrad pid=1008907)[0m node 5 is processing at round 5 for task 3
[2m[36m(ParallelModGrad pid=1009572)[0m node 6 is processing at round 5 for task 3
[2m[36m(ParallelModGrad pid=1010182)[0m node 7 is processing at round 5 for task 3
[2m[36m(ParallelModGrad pid=1007919)[0m node 0 is processing at round 6 for task 3
[2m[36m(ParallelModGrad pid=1008197)[0m node 1 is processing at round 6 for task 3
[2m[36m(ParallelModGrad pid=1008203)[0m node 2 is processing at round 6 for task 3
[2m[36m(ParallelModGrad pid=1008485)[0m node 3 is processing at round 6 for task 3
[2m[36m(ParallelModGrad pid=1008768)[0m node 4 is processing at round 6 for task 3
[2m[36m(ParallelModGrad pid=1008907)[0m node 5 is processing at round 6 for task 3
[2m[36m(ParallelModGrad pid=1009572)[0m node 6 is processing at round 6 for task 3
[2m[36m(ParallelModGrad pid=1010182)[0m node 7 is processing at round 6 for task 3
[2m[36m(ParallelModGrad pid=1007919)[0m node 0 is processing at round 7 for task 3
[2m[36m(ParallelModGrad pid=1008197)[0m node 1 is processing at round 7 for task 3
[2m[36m(ParallelModGrad pid=1008203)[0m node 2 is processing at round 7 for task 3
[2m[36m(ParallelModGrad pid=1008485)[0m node 3 is processing at round 7 for task 3
[2m[36m(ParallelModGrad pid=1008768)[0m node 4 is processing at round 7 for task 3
[2m[36m(ParallelModGrad pid=1008907)[0m node 5 is processing at round 7 for task 3
[2m[36m(ParallelModGrad pid=1009572)[0m node 6 is processing at round 7 for task 3
[2m[36m(ParallelModGrad pid=1010182)[0m node 7 is processing at round 7 for task 3
[2m[36m(ParallelModGrad pid=1007919)[0m node 0 is processing at round 8 for task 3
[2m[36m(ParallelModGrad pid=1008197)[0m node 1 is processing at round 8 for task 3
[2m[36m(ParallelModGrad pid=1008203)[0m node 2 is processing at round 8 for task 3
[2m[36m(ParallelModGrad pid=1008485)[0m node 3 is processing at round 8 for task 3
[2m[36m(ParallelModGrad pid=1008768)[0m node 4 is processing at round 8 for task 3
[2m[36m(ParallelModGrad pid=1008907)[0m node 5 is processing at round 8 for task 3
[2m[36m(ParallelModGrad pid=1009572)[0m node 6 is processing at round 8 for task 3
[2m[36m(ParallelModGrad pid=1010182)[0m node 7 is processing at round 8 for task 3
[2m[36m(ParallelModGrad pid=1007919)[0m node 0 is processing at round 9 for task 4
[2m[36m(ParallelModGrad pid=1008197)[0m node 1 is processing at round 9 for task 4
[2m[36m(ParallelModGrad pid=1008203)[0m node 2 is processing at round 9 for task 4
[2m[36m(ParallelModGrad pid=1008485)[0m node 3 is processing at round 9 for task 4
[2m[36m(ParallelModGrad pid=1008768)[0m node 4 is processing at round 9 for task 4
[2m[36m(ParallelModGrad pid=1008907)[0m node 5 is processing at round 9 for task 4
[2m[36m(ParallelModGrad pid=1009572)[0m node 6 is processing at round 9 for task 4
[2m[36m(ParallelModGrad pid=1010182)[0m node 7 is processing at round 9 for task 4
[2m[36m(ParallelModGrad pid=1007919)[0m node 0 is processing at round 0 for task 4
[2m[36m(ParallelModGrad pid=1008197)[0m node 1 is processing at round 0 for task 4
[2m[36m(ParallelModGrad pid=1008203)[0m node 2 is processing at round 0 for task 4
[2m[36m(ParallelModGrad pid=1008485)[0m node 3 is processing at round 0 for task 4
[2m[36m(ParallelModGrad pid=1008768)[0m node 4 is processing at round 0 for task 4
[2m[36m(ParallelModGrad pid=1008907)[0m node 5 is processing at round 0 for task 4
[2m[36m(ParallelModGrad pid=1009572)[0m node 6 is processing at round 0 for task 4
[2m[36m(ParallelModGrad pid=1010182)[0m node 7 is processing at round 0 for task 4
[2m[36m(ParallelModGrad pid=1007919)[0m node 0 is processing at round 1 for task 4
[2m[36m(ParallelModGrad pid=1008197)[0m node 1 is processing at round 1 for task 4
[2m[36m(ParallelModGrad pid=1008203)[0m node 2 is processing at round 1 for task 4
[2m[36m(ParallelModGrad pid=1008485)[0m node 3 is processing at round 1 for task 4
[2m[36m(ParallelModGrad pid=1008768)[0m node 4 is processing at round 1 for task 4
[2m[36m(ParallelModGrad pid=1008907)[0m node 5 is processing at round 1 for task 4
[2m[36m(ParallelModGrad pid=1009572)[0m node 6 is processing at round 1 for task 4
[2m[36m(ParallelModGrad pid=1010182)[0m node 7 is processing at round 1 for task 4
[2m[36m(ParallelModGrad pid=1007919)[0m node 0 is processing at round 2 for task 4
[2m[36m(ParallelModGrad pid=1008197)[0m node 1 is processing at round 2 for task 4
[2m[36m(ParallelModGrad pid=1008203)[0m node 2 is processing at round 2 for task 4
[2m[36m(ParallelModGrad pid=1008485)[0m node 3 is processing at round 2 for task 4
[2m[36m(ParallelModGrad pid=1008768)[0m node 4 is processing at round 2 for task 4
[2m[36m(ParallelModGrad pid=1008907)[0m node 5 is processing at round 2 for task 4
[2m[36m(ParallelModGrad pid=1009572)[0m node 6 is processing at round 2 for task 4
[2m[36m(ParallelModGrad pid=1010182)[0m node 7 is processing at round 2 for task 4
[2m[36m(ParallelModGrad pid=1007919)[0m node 0 is processing at round 3 for task 4
[2m[36m(ParallelModGrad pid=1008197)[0m node 1 is processing at round 3 for task 4
[2m[36m(ParallelModGrad pid=1008203)[0m node 2 is processing at round 3 for task 4
[2m[36m(ParallelModGrad pid=1008485)[0m node 3 is processing at round 3 for task 4
[2m[36m(ParallelModGrad pid=1008768)[0m node 4 is processing at round 3 for task 4
[2m[36m(ParallelModGrad pid=1008907)[0m node 5 is processing at round 3 for task 4
[2m[36m(ParallelModGrad pid=1009572)[0m node 6 is processing at round 3 for task 4
[2m[36m(ParallelModGrad pid=1010182)[0m node 7 is processing at round 3 for task 4
[2m[36m(ParallelModGrad pid=1007919)[0m node 0 is processing at round 4 for task 4
[2m[36m(ParallelModGrad pid=1008197)[0m node 1 is processing at round 4 for task 4
[2m[36m(ParallelModGrad pid=1008203)[0m node 2 is processing at round 4 for task 4
[2m[36m(ParallelModGrad pid=1008485)[0m node 3 is processing at round 4 for task 4
[2m[36m(ParallelModGrad pid=1008768)[0m node 4 is processing at round 4 for task 4
[2m[36m(ParallelModGrad pid=1008907)[0m node 5 is processing at round 4 for task 4
[2m[36m(ParallelModGrad pid=1009572)[0m node 6 is processing at round 4 for task 4
[2m[36m(ParallelModGrad pid=1010182)[0m node 7 is processing at round 4 for task 4
[2m[36m(ParallelModGrad pid=1007919)[0m node 0 is processing at round 5 for task 4
[2m[36m(ParallelModGrad pid=1008197)[0m node 1 is processing at round 5 for task 4
[2m[36m(ParallelModGrad pid=1008203)[0m node 2 is processing at round 5 for task 4
[2m[36m(ParallelModGrad pid=1008485)[0m node 3 is processing at round 5 for task 4
[2m[36m(ParallelModGrad pid=1008768)[0m node 4 is processing at round 5 for task 4
[2m[36m(ParallelModGrad pid=1008907)[0m node 5 is processing at round 5 for task 4
[2m[36m(ParallelModGrad pid=1009572)[0m node 6 is processing at round 5 for task 4
[2m[36m(ParallelModGrad pid=1010182)[0m node 7 is processing at round 5 for task 4
[2m[36m(ParallelModGrad pid=1007919)[0m node 0 is processing at round 6 for task 4
[2m[36m(ParallelModGrad pid=1008197)[0m node 1 is processing at round 6 for task 4
[2m[36m(ParallelModGrad pid=1008203)[0m node 2 is processing at round 6 for task 4
[2m[36m(ParallelModGrad pid=1008485)[0m node 3 is processing at round 6 for task 4
[2m[36m(ParallelModGrad pid=1008768)[0m node 4 is processing at round 6 for task 4
[2m[36m(ParallelModGrad pid=1008907)[0m node 5 is processing at round 6 for task 4
[2m[36m(ParallelModGrad pid=1009572)[0m node 6 is processing at round 6 for task 4
[2m[36m(ParallelModGrad pid=1010182)[0m node 7 is processing at round 6 for task 4
[2m[36m(ParallelModGrad pid=1007919)[0m node 0 is processing at round 7 for task 4
[2m[36m(ParallelModGrad pid=1008197)[0m node 1 is processing at round 7 for task 4
[2m[36m(ParallelModGrad pid=1008203)[0m node 2 is processing at round 7 for task 4
[2m[36m(ParallelModGrad pid=1008485)[0m node 3 is processing at round 7 for task 4
[2m[36m(ParallelModGrad pid=1008768)[0m node 4 is processing at round 7 for task 4
[2m[36m(ParallelModGrad pid=1008907)[0m node 5 is processing at round 7 for task 4
[2m[36m(ParallelModGrad pid=1009572)[0m node 6 is processing at round 7 for task 4
[2m[36m(ParallelModGrad pid=1010182)[0m node 7 is processing at round 7 for task 4
[2m[36m(ParallelModGrad pid=1007919)[0m node 0 is processing at round 8 for task 4
[2m[36m(ParallelModGrad pid=1008197)[0m node 1 is processing at round 8 for task 4
[2m[36m(ParallelModGrad pid=1008203)[0m node 2 is processing at round 8 for task 4
[2m[36m(ParallelModGrad pid=1008485)[0m node 3 is processing at round 8 for task 4
[2m[36m(ParallelModGrad pid=1008768)[0m node 4 is processing at round 8 for task 4
[2m[36m(ParallelModGrad pid=1008907)[0m node 5 is processing at round 8 for task 4
[2m[36m(ParallelModGrad pid=1009572)[0m node 6 is processing at round 8 for task 4
[2m[36m(ParallelModGrad pid=1010182)[0m node 7 is processing at round 8 for task 4
[2m[36m(ParallelModGrad pid=1007919)[0m node 0 is processing at round 9 for task 5
[2m[36m(ParallelModGrad pid=1008197)[0m node 1 is processing at round 9 for task 5
[2m[36m(ParallelModGrad pid=1008203)[0m node 2 is processing at round 9 for task 5
[2m[36m(ParallelModGrad pid=1008485)[0m node 3 is processing at round 9 for task 5
[2m[36m(ParallelModGrad pid=1008768)[0m node 4 is processing at round 9 for task 5
[2m[36m(ParallelModGrad pid=1008907)[0m node 5 is processing at round 9 for task 5
[2m[36m(ParallelModGrad pid=1009572)[0m node 6 is processing at round 9 for task 5
[2m[36m(ParallelModGrad pid=1010182)[0m node 7 is processing at round 9 for task 5
[2m[36m(ParallelModGrad pid=1007919)[0m node 0 is processing at round 0 for task 5
[2m[36m(ParallelModGrad pid=1008197)[0m node 1 is processing at round 0 for task 5
[2m[36m(ParallelModGrad pid=1008203)[0m node 2 is processing at round 0 for task 5
[2m[36m(ParallelModGrad pid=1008485)[0m node 3 is processing at round 0 for task 5
[2m[36m(ParallelModGrad pid=1008768)[0m node 4 is processing at round 0 for task 5
[2m[36m(ParallelModGrad pid=1008907)[0m node 5 is processing at round 0 for task 5
[2m[36m(ParallelModGrad pid=1009572)[0m node 6 is processing at round 0 for task 5
[2m[36m(ParallelModGrad pid=1010182)[0m node 7 is processing at round 0 for task 5
[2m[36m(ParallelModGrad pid=1007919)[0m node 0 is processing at round 1 for task 5
[2m[36m(ParallelModGrad pid=1008197)[0m node 1 is processing at round 1 for task 5
[2m[36m(ParallelModGrad pid=1008203)[0m node 2 is processing at round 1 for task 5
[2m[36m(ParallelModGrad pid=1008485)[0m node 3 is processing at round 1 for task 5
[2m[36m(ParallelModGrad pid=1008768)[0m node 4 is processing at round 1 for task 5
[2m[36m(ParallelModGrad pid=1008907)[0m node 5 is processing at round 1 for task 5
[2m[36m(ParallelModGrad pid=1009572)[0m node 6 is processing at round 1 for task 5
[2m[36m(ParallelModGrad pid=1010182)[0m node 7 is processing at round 1 for task 5
[2m[36m(ParallelModGrad pid=1007919)[0m node 0 is processing at round 2 for task 5
[2m[36m(ParallelModGrad pid=1008197)[0m node 1 is processing at round 2 for task 5
[2m[36m(ParallelModGrad pid=1008203)[0m node 2 is processing at round 2 for task 5
[2m[36m(ParallelModGrad pid=1008485)[0m node 3 is processing at round 2 for task 5
[2m[36m(ParallelModGrad pid=1008768)[0m node 4 is processing at round 2 for task 5
[2m[36m(ParallelModGrad pid=1008907)[0m node 5 is processing at round 2 for task 5
[2m[36m(ParallelModGrad pid=1009572)[0m node 6 is processing at round 2 for task 5
[2m[36m(ParallelModGrad pid=1010182)[0m node 7 is processing at round 2 for task 5
[2m[36m(ParallelModGrad pid=1007919)[0m node 0 is processing at round 3 for task 5
[2m[36m(ParallelModGrad pid=1008197)[0m node 1 is processing at round 3 for task 5
[2m[36m(ParallelModGrad pid=1008203)[0m node 2 is processing at round 3 for task 5
[2m[36m(ParallelModGrad pid=1008485)[0m node 3 is processing at round 3 for task 5
[2m[36m(ParallelModGrad pid=1008768)[0m node 4 is processing at round 3 for task 5
[2m[36m(ParallelModGrad pid=1008907)[0m node 5 is processing at round 3 for task 5
[2m[36m(ParallelModGrad pid=1009572)[0m node 6 is processing at round 3 for task 5
[2m[36m(ParallelModGrad pid=1010182)[0m node 7 is processing at round 3 for task 5
[2m[36m(ParallelModGrad pid=1007919)[0m node 0 is processing at round 4 for task 5
[2m[36m(ParallelModGrad pid=1008197)[0m node 1 is processing at round 4 for task 5
[2m[36m(ParallelModGrad pid=1008203)[0m node 2 is processing at round 4 for task 5
[2m[36m(ParallelModGrad pid=1008485)[0m node 3 is processing at round 4 for task 5
[2m[36m(ParallelModGrad pid=1008768)[0m node 4 is processing at round 4 for task 5
[2m[36m(ParallelModGrad pid=1008907)[0m node 5 is processing at round 4 for task 5
[2m[36m(ParallelModGrad pid=1009572)[0m node 6 is processing at round 4 for task 5
[2m[36m(ParallelModGrad pid=1010182)[0m node 7 is processing at round 4 for task 5
[2m[36m(ParallelModGrad pid=1007919)[0m node 0 is processing at round 5 for task 5
[2m[36m(ParallelModGrad pid=1008197)[0m node 1 is processing at round 5 for task 5
[2m[36m(ParallelModGrad pid=1008203)[0m node 2 is processing at round 5 for task 5
[2m[36m(ParallelModGrad pid=1008485)[0m node 3 is processing at round 5 for task 5
[2m[36m(ParallelModGrad pid=1008768)[0m node 4 is processing at round 5 for task 5
[2m[36m(ParallelModGrad pid=1008907)[0m node 5 is processing at round 5 for task 5
[2m[36m(ParallelModGrad pid=1009572)[0m node 6 is processing at round 5 for task 5
[2m[36m(ParallelModGrad pid=1010182)[0m node 7 is processing at round 5 for task 5
[2m[36m(ParallelModGrad pid=1007919)[0m node 0 is processing at round 6 for task 5
[2m[36m(ParallelModGrad pid=1008197)[0m node 1 is processing at round 6 for task 5
[2m[36m(ParallelModGrad pid=1008203)[0m node 2 is processing at round 6 for task 5
[2m[36m(ParallelModGrad pid=1008485)[0m node 3 is processing at round 6 for task 5
[2m[36m(ParallelModGrad pid=1008768)[0m node 4 is processing at round 6 for task 5
[2m[36m(ParallelModGrad pid=1008907)[0m node 5 is processing at round 6 for task 5
[2m[36m(ParallelModGrad pid=1009572)[0m node 6 is processing at round 6 for task 5
[2m[36m(ParallelModGrad pid=1010182)[0m node 7 is processing at round 6 for task 5
[2m[36m(ParallelModGrad pid=1007919)[0m node 0 is processing at round 7 for task 5
[2m[36m(ParallelModGrad pid=1008197)[0m node 1 is processing at round 7 for task 5
[2m[36m(ParallelModGrad pid=1008203)[0m node 2 is processing at round 7 for task 5
[2m[36m(ParallelModGrad pid=1008485)[0m node 3 is processing at round 7 for task 5
[2m[36m(ParallelModGrad pid=1008768)[0m node 4 is processing at round 7 for task 5
[2m[36m(ParallelModGrad pid=1008907)[0m node 5 is processing at round 7 for task 5
[2m[36m(ParallelModGrad pid=1009572)[0m node 6 is processing at round 7 for task 5
[2m[36m(ParallelModGrad pid=1010182)[0m node 7 is processing at round 7 for task 5
[2m[36m(ParallelModGrad pid=1007919)[0m node 0 is processing at round 8 for task 5
[2m[36m(ParallelModGrad pid=1008197)[0m node 1 is processing at round 8 for task 5
[2m[36m(ParallelModGrad pid=1008203)[0m node 2 is processing at round 8 for task 5
[2m[36m(ParallelModGrad pid=1008485)[0m node 3 is processing at round 8 for task 5
[2m[36m(ParallelModGrad pid=1008768)[0m node 4 is processing at round 8 for task 5
[2m[36m(ParallelModGrad pid=1008907)[0m node 5 is processing at round 8 for task 5
[2m[36m(ParallelModGrad pid=1009572)[0m node 6 is processing at round 8 for task 5
[2m[36m(ParallelModGrad pid=1010182)[0m node 7 is processing at round 8 for task 5
[2m[36m(ParallelModGrad pid=1007919)[0m node 0 is processing at round 9 for task 6
[2m[36m(ParallelModGrad pid=1008197)[0m node 1 is processing at round 9 for task 6
[2m[36m(ParallelModGrad pid=1008203)[0m node 2 is processing at round 9 for task 6
[2m[36m(ParallelModGrad pid=1008485)[0m node 3 is processing at round 9 for task 6
[2m[36m(ParallelModGrad pid=1008768)[0m node 4 is processing at round 9 for task 6
[2m[36m(ParallelModGrad pid=1008907)[0m node 5 is processing at round 9 for task 6
[2m[36m(ParallelModGrad pid=1009572)[0m node 6 is processing at round 9 for task 6
[2m[36m(ParallelModGrad pid=1010182)[0m node 7 is processing at round 9 for task 6
[2m[36m(ParallelModGrad pid=1007919)[0m node 0 is processing at round 0 for task 6
[2m[36m(ParallelModGrad pid=1008197)[0m node 1 is processing at round 0 for task 6
[2m[36m(ParallelModGrad pid=1008203)[0m node 2 is processing at round 0 for task 6
[2m[36m(ParallelModGrad pid=1008485)[0m node 3 is processing at round 0 for task 6
[2m[36m(ParallelModGrad pid=1008768)[0m node 4 is processing at round 0 for task 6
[2m[36m(ParallelModGrad pid=1008907)[0m node 5 is processing at round 0 for task 6
[2m[36m(ParallelModGrad pid=1009572)[0m node 6 is processing at round 0 for task 6
[2m[36m(ParallelModGrad pid=1010182)[0m node 7 is processing at round 0 for task 6
[2m[36m(ParallelModGrad pid=1007919)[0m node 0 is processing at round 1 for task 6
[2m[36m(ParallelModGrad pid=1008197)[0m node 1 is processing at round 1 for task 6
[2m[36m(ParallelModGrad pid=1008203)[0m node 2 is processing at round 1 for task 6
[2m[36m(ParallelModGrad pid=1008485)[0m node 3 is processing at round 1 for task 6
[2m[36m(ParallelModGrad pid=1008768)[0m node 4 is processing at round 1 for task 6
[2m[36m(ParallelModGrad pid=1008907)[0m node 5 is processing at round 1 for task 6
[2m[36m(ParallelModGrad pid=1009572)[0m node 6 is processing at round 1 for task 6
[2m[36m(ParallelModGrad pid=1010182)[0m node 7 is processing at round 1 for task 6
[2m[36m(ParallelModGrad pid=1007919)[0m node 0 is processing at round 2 for task 6
[2m[36m(ParallelModGrad pid=1008197)[0m node 1 is processing at round 2 for task 6
[2m[36m(ParallelModGrad pid=1008203)[0m node 2 is processing at round 2 for task 6
[2m[36m(ParallelModGrad pid=1008485)[0m node 3 is processing at round 2 for task 6
[2m[36m(ParallelModGrad pid=1008768)[0m node 4 is processing at round 2 for task 6
[2m[36m(ParallelModGrad pid=1008907)[0m node 5 is processing at round 2 for task 6
[2m[36m(ParallelModGrad pid=1009572)[0m node 6 is processing at round 2 for task 6
[2m[36m(ParallelModGrad pid=1010182)[0m node 7 is processing at round 2 for task 6
[2m[36m(ParallelModGrad pid=1007919)[0m node 0 is processing at round 3 for task 6
[2m[36m(ParallelModGrad pid=1008197)[0m node 1 is processing at round 3 for task 6
[2m[36m(ParallelModGrad pid=1008203)[0m node 2 is processing at round 3 for task 6
[2m[36m(ParallelModGrad pid=1008485)[0m node 3 is processing at round 3 for task 6
[2m[36m(ParallelModGrad pid=1008768)[0m node 4 is processing at round 3 for task 6
[2m[36m(ParallelModGrad pid=1008907)[0m node 5 is processing at round 3 for task 6
[2m[36m(ParallelModGrad pid=1009572)[0m node 6 is processing at round 3 for task 6
[2m[36m(ParallelModGrad pid=1010182)[0m node 7 is processing at round 3 for task 6
[2m[36m(ParallelModGrad pid=1007919)[0m node 0 is processing at round 4 for task 6
[2m[36m(ParallelModGrad pid=1008197)[0m node 1 is processing at round 4 for task 6
[2m[36m(ParallelModGrad pid=1008203)[0m node 2 is processing at round 4 for task 6
[2m[36m(ParallelModGrad pid=1008485)[0m node 3 is processing at round 4 for task 6
[2m[36m(ParallelModGrad pid=1008768)[0m node 4 is processing at round 4 for task 6
[2m[36m(ParallelModGrad pid=1008907)[0m node 5 is processing at round 4 for task 6
[2m[36m(ParallelModGrad pid=1009572)[0m node 6 is processing at round 4 for task 6
[2m[36m(ParallelModGrad pid=1010182)[0m node 7 is processing at round 4 for task 6
[2m[36m(ParallelModGrad pid=1007919)[0m node 0 is processing at round 5 for task 6
[2m[36m(ParallelModGrad pid=1008197)[0m node 1 is processing at round 5 for task 6
[2m[36m(ParallelModGrad pid=1008203)[0m node 2 is processing at round 5 for task 6
[2m[36m(ParallelModGrad pid=1008485)[0m node 3 is processing at round 5 for task 6
[2m[36m(ParallelModGrad pid=1008768)[0m node 4 is processing at round 5 for task 6
[2m[36m(ParallelModGrad pid=1008907)[0m node 5 is processing at round 5 for task 6
[2m[36m(ParallelModGrad pid=1009572)[0m node 6 is processing at round 5 for task 6
[2m[36m(ParallelModGrad pid=1010182)[0m node 7 is processing at round 5 for task 6
[2m[36m(ParallelModGrad pid=1007919)[0m node 0 is processing at round 6 for task 6
[2m[36m(ParallelModGrad pid=1008197)[0m node 1 is processing at round 6 for task 6
[2m[36m(ParallelModGrad pid=1008203)[0m node 2 is processing at round 6 for task 6
[2m[36m(ParallelModGrad pid=1008485)[0m node 3 is processing at round 6 for task 6
[2m[36m(ParallelModGrad pid=1008768)[0m node 4 is processing at round 6 for task 6
[2m[36m(ParallelModGrad pid=1008907)[0m node 5 is processing at round 6 for task 6
[2m[36m(ParallelModGrad pid=1009572)[0m node 6 is processing at round 6 for task 6
[2m[36m(ParallelModGrad pid=1010182)[0m node 7 is processing at round 6 for task 6
[2m[36m(ParallelModGrad pid=1007919)[0m node 0 is processing at round 7 for task 6
[2m[36m(ParallelModGrad pid=1008197)[0m node 1 is processing at round 7 for task 6
[2m[36m(ParallelModGrad pid=1008203)[0m node 2 is processing at round 7 for task 6
[2m[36m(ParallelModGrad pid=1008485)[0m node 3 is processing at round 7 for task 6
[2m[36m(ParallelModGrad pid=1008768)[0m node 4 is processing at round 7 for task 6
[2m[36m(ParallelModGrad pid=1008907)[0m node 5 is processing at round 7 for task 6
[2m[36m(ParallelModGrad pid=1009572)[0m node 6 is processing at round 7 for task 6
[2m[36m(ParallelModGrad pid=1010182)[0m node 7 is processing at round 7 for task 6
[2m[36m(ParallelModGrad pid=1007919)[0m node 0 is processing at round 8 for task 6
[2m[36m(ParallelModGrad pid=1008197)[0m node 1 is processing at round 8 for task 6
[2m[36m(ParallelModGrad pid=1008203)[0m node 2 is processing at round 8 for task 6
[2m[36m(ParallelModGrad pid=1008485)[0m node 3 is processing at round 8 for task 6
[2m[36m(ParallelModGrad pid=1008768)[0m node 4 is processing at round 8 for task 6
[2m[36m(ParallelModGrad pid=1008907)[0m node 5 is processing at round 8 for task 6
[2m[36m(ParallelModGrad pid=1009572)[0m node 6 is processing at round 8 for task 6
[2m[36m(ParallelModGrad pid=1010182)[0m node 7 is processing at round 8 for task 6
[2m[36m(ParallelModGrad pid=1007919)[0m node 0 is processing at round 9 for task 7
[2m[36m(ParallelModGrad pid=1008197)[0m node 1 is processing at round 9 for task 7
[2m[36m(ParallelModGrad pid=1008203)[0m node 2 is processing at round 9 for task 7
[2m[36m(ParallelModGrad pid=1008485)[0m node 3 is processing at round 9 for task 7
[2m[36m(ParallelModGrad pid=1008768)[0m node 4 is processing at round 9 for task 7
[2m[36m(ParallelModGrad pid=1008907)[0m node 5 is processing at round 9 for task 7
[2m[36m(ParallelModGrad pid=1009572)[0m node 6 is processing at round 9 for task 7
[2m[36m(ParallelModGrad pid=1010182)[0m node 7 is processing at round 9 for task 7
{'algo': 'modular', 'seed': 0, 'parallel': True, 'agent.batch_size': 64, 'num_agents': 8, 'dataset': 'fashionmnist', 'dataset.num_trains_per_class': 64, 'dataset.num_vals_per_class': 50, 'dataset.remap_labels': True, 'dataset.with_replacement': True, 'dataset.num_tasks': 10, 'net': 'mlp', 'net.depth': 4, 'num_init_tasks': 4, 'net.dropout': 0.0, 'train.num_epochs': 100, 'train.component_update_freq': 100, 'train.init_num_epochs': 100, 'train.init_component_update_freq': 100, 'train.save_freq': 1, 'agent.use_contrastive': True, 'agent.memory_size': 32, 'root_save_dir': 'experiment_results/fedavg/', 'sharing_strategy': 'grad_sharing', 'sharing_strategy.comm_freq': 10}
No. of experiments: 1
Experiment runs took 0:28:43.637761
