{'train': {'component_update_freq': 100, 'num_epochs': 100, 'init_component_update_freq': 100, 'init_num_epochs': 100, 'save_freq': 1}, 'dataset': {'dataset_name': 'kmnist', 'num_tasks': 10, 'num_classes_per_task': 2, 'with_replacement': True, 'num_trains_per_class': 64, 'num_vals_per_class': 50, 'remap_labels': True}, 'net': {'name': 'mlp', 'depth': 4, 'layer_size': 64, 'dropout': 0.0}, 'sharing_strategy': {'name': 'gradient', 'num_coms_per_round': 1, 'comm_freq': 10, 'mu': 1.0}, 'seed': 1, 'algo': 'modular', 'job_name': 'kmnist_modular_numtrain_64_contrastive', 'num_agents': 8, 'root_save_dir': 'experiment_results/fedavg/', 'parallel': True, 'num_init_tasks': 4, 'agent': {'save_dir': '${root_save_dir}/${job_name}/${dataset.dataset_name}/${algo}/seed_${seed}', 'batch_size': 64, 'memory_size': 32, 'improvement_threshold': 0.05, 'use_contrastive': True}}
[2023-10-17 23:49:56,104][root][INFO] - Class sequence: [6 4 1 4 5 6 6 2 2 7 9 7 1 6 4 9 8 5 4 1]
[2023-10-17 23:49:56,122][root][INFO] - task 0 :(128, 1, 28, 28)
[2023-10-17 23:49:56,170][root][INFO] - task 1 :(128, 1, 28, 28)
[2023-10-17 23:49:56,191][root][INFO] - task 2 :(128, 1, 28, 28)
[2023-10-17 23:49:56,212][root][INFO] - task 3 :(128, 1, 28, 28)
[2023-10-17 23:49:56,233][root][INFO] - task 4 :(128, 1, 28, 28)
[2023-10-17 23:49:56,253][root][INFO] - task 5 :(128, 1, 28, 28)
[2023-10-17 23:49:56,273][root][INFO] - task 6 :(128, 1, 28, 28)
[2023-10-17 23:49:56,293][root][INFO] - task 7 :(128, 1, 28, 28)
[2023-10-17 23:49:56,314][root][INFO] - task 8 :(128, 1, 28, 28)
[2023-10-17 23:49:56,334][root][INFO] - task 9 :(128, 1, 28, 28)
[2023-10-17 23:49:56,637][root][INFO] - Class sequence: [6 5 5 7 5 1 3 7 0 2 4 8 7 3 3 7 4 5 2 0]
[2023-10-17 23:49:56,654][root][INFO] - task 0 :(128, 1, 28, 28)
[2023-10-17 23:49:56,673][root][INFO] - task 1 :(128, 1, 28, 28)
[2023-10-17 23:49:56,698][root][INFO] - task 2 :(128, 1, 28, 28)
[2023-10-17 23:49:56,718][root][INFO] - task 3 :(128, 1, 28, 28)
[2023-10-17 23:49:56,738][root][INFO] - task 4 :(128, 1, 28, 28)
[2023-10-17 23:49:56,759][root][INFO] - task 5 :(128, 1, 28, 28)
[2023-10-17 23:49:56,780][root][INFO] - task 6 :(128, 1, 28, 28)
[2023-10-17 23:49:56,802][root][INFO] - task 7 :(128, 1, 28, 28)
[2023-10-17 23:49:56,822][root][INFO] - task 8 :(128, 1, 28, 28)
[2023-10-17 23:49:56,842][root][INFO] - task 9 :(128, 1, 28, 28)
[2023-10-17 23:49:57,145][root][INFO] - Class sequence: [5 4 2 3 6 2 0 5 9 4 8 4 1 7 2 5 5 3 9 6]
[2023-10-17 23:49:57,163][root][INFO] - task 0 :(128, 1, 28, 28)
[2023-10-17 23:49:57,183][root][INFO] - task 1 :(128, 1, 28, 28)
[2023-10-17 23:49:57,204][root][INFO] - task 2 :(128, 1, 28, 28)
[2023-10-17 23:49:57,224][root][INFO] - task 3 :(128, 1, 28, 28)
[2023-10-17 23:49:57,244][root][INFO] - task 4 :(128, 1, 28, 28)
[2023-10-17 23:49:57,265][root][INFO] - task 5 :(128, 1, 28, 28)
[2023-10-17 23:49:57,285][root][INFO] - task 6 :(128, 1, 28, 28)
[2023-10-17 23:49:57,306][root][INFO] - task 7 :(128, 1, 28, 28)
[2023-10-17 23:49:57,325][root][INFO] - task 8 :(128, 1, 28, 28)
[2023-10-17 23:49:57,346][root][INFO] - task 9 :(128, 1, 28, 28)
[2023-10-17 23:49:57,650][root][INFO] - Class sequence: [6 9 8 3 9 7 6 3 0 2 8 6 3 8 5 7 1 4 0 2]
[2023-10-17 23:49:57,667][root][INFO] - task 0 :(128, 1, 28, 28)
[2023-10-17 23:49:57,689][root][INFO] - task 1 :(128, 1, 28, 28)
[2023-10-17 23:49:57,710][root][INFO] - task 2 :(128, 1, 28, 28)
[2023-10-17 23:49:57,731][root][INFO] - task 3 :(128, 1, 28, 28)
[2023-10-17 23:49:57,751][root][INFO] - task 4 :(128, 1, 28, 28)
[2023-10-17 23:49:57,771][root][INFO] - task 5 :(128, 1, 28, 28)
[2023-10-17 23:49:57,791][root][INFO] - task 6 :(128, 1, 28, 28)
[2023-10-17 23:49:57,810][root][INFO] - task 7 :(128, 1, 28, 28)
[2023-10-17 23:49:57,830][root][INFO] - task 8 :(128, 1, 28, 28)
[2023-10-17 23:49:57,851][root][INFO] - task 9 :(128, 1, 28, 28)
[2023-10-17 23:49:58,155][root][INFO] - Class sequence: [9 2 7 6 8 4 8 5 3 9 0 6 6 9 3 9 7 0 1 4]
[2023-10-17 23:49:58,171][root][INFO] - task 0 :(128, 1, 28, 28)
[2023-10-17 23:49:58,195][root][INFO] - task 1 :(128, 1, 28, 28)
[2023-10-17 23:49:58,215][root][INFO] - task 2 :(128, 1, 28, 28)
[2023-10-17 23:49:58,236][root][INFO] - task 3 :(128, 1, 28, 28)
[2023-10-17 23:49:58,255][root][INFO] - task 4 :(128, 1, 28, 28)
[2023-10-17 23:49:58,275][root][INFO] - task 5 :(128, 1, 28, 28)
[2023-10-17 23:49:58,295][root][INFO] - task 6 :(128, 1, 28, 28)
[2023-10-17 23:49:58,316][root][INFO] - task 7 :(128, 1, 28, 28)
[2023-10-17 23:49:58,335][root][INFO] - task 8 :(128, 1, 28, 28)
[2023-10-17 23:49:58,355][root][INFO] - task 9 :(128, 1, 28, 28)
[2023-10-17 23:49:58,657][root][INFO] - Class sequence: [1 2 4 6 1 7 8 7 5 7 6 8 0 5 0 5 6 1 5 2]
[2023-10-17 23:49:58,675][root][INFO] - task 0 :(128, 1, 28, 28)
[2023-10-17 23:49:58,696][root][INFO] - task 1 :(128, 1, 28, 28)
[2023-10-17 23:49:58,715][root][INFO] - task 2 :(128, 1, 28, 28)
[2023-10-17 23:49:58,735][root][INFO] - task 3 :(128, 1, 28, 28)
[2023-10-17 23:49:58,754][root][INFO] - task 4 :(128, 1, 28, 28)
[2023-10-17 23:49:58,775][root][INFO] - task 5 :(128, 1, 28, 28)
[2023-10-17 23:49:58,798][root][INFO] - task 6 :(128, 1, 28, 28)
[2023-10-17 23:49:58,818][root][INFO] - task 7 :(128, 1, 28, 28)
[2023-10-17 23:49:58,839][root][INFO] - task 8 :(128, 1, 28, 28)
[2023-10-17 23:49:58,859][root][INFO] - task 9 :(128, 1, 28, 28)
[2023-10-17 23:49:59,162][root][INFO] - Class sequence: [2 9 0 6 4 1 1 4 9 7 7 5 9 2 2 7 8 9 8 0]
[2023-10-17 23:49:59,178][root][INFO] - task 0 :(128, 1, 28, 28)
[2023-10-17 23:49:59,199][root][INFO] - task 1 :(128, 1, 28, 28)
[2023-10-17 23:49:59,219][root][INFO] - task 2 :(128, 1, 28, 28)
[2023-10-17 23:49:59,239][root][INFO] - task 3 :(128, 1, 28, 28)
[2023-10-17 23:49:59,265][root][INFO] - task 4 :(128, 1, 28, 28)
[2023-10-17 23:49:59,284][root][INFO] - task 5 :(128, 1, 28, 28)
[2023-10-17 23:49:59,304][root][INFO] - task 6 :(128, 1, 28, 28)
[2023-10-17 23:49:59,325][root][INFO] - task 7 :(128, 1, 28, 28)
[2023-10-17 23:49:59,344][root][INFO] - task 8 :(128, 1, 28, 28)
[2023-10-17 23:49:59,364][root][INFO] - task 9 :(128, 1, 28, 28)
[2023-10-17 23:49:59,667][root][INFO] - Class sequence: [2 7 2 4 0 8 5 9 1 9 7 4 4 9 4 8 7 1 0 5]
[2023-10-17 23:49:59,685][root][INFO] - task 0 :(128, 1, 28, 28)
[2023-10-17 23:49:59,706][root][INFO] - task 1 :(128, 1, 28, 28)
[2023-10-17 23:49:59,725][root][INFO] - task 2 :(128, 1, 28, 28)
[2023-10-17 23:49:59,746][root][INFO] - task 3 :(128, 1, 28, 28)
[2023-10-17 23:49:59,771][root][INFO] - task 4 :(128, 1, 28, 28)
[2023-10-17 23:49:59,792][root][INFO] - task 5 :(128, 1, 28, 28)
[2023-10-17 23:49:59,812][root][INFO] - task 6 :(128, 1, 28, 28)
[2023-10-17 23:49:59,832][root][INFO] - task 7 :(128, 1, 28, 28)
[2023-10-17 23:49:59,852][root][INFO] - task 8 :(128, 1, 28, 28)
[2023-10-17 23:49:59,873][root][INFO] - task 9 :(128, 1, 28, 28)
i_size 28
num_classes 2
net_cfg {'name': 'mlp', 'depth': 4, 'layer_size': 64, 'dropout': 0.0, 'i_size': 28, 'num_classes': 2, 'num_tasks': 10, 'num_init_tasks': 4, 'use_contrastive': True}
<class 'shell.learners.er_dynamic.CompositionalDynamicER'>
[2023-10-17 23:50:00,179][root][INFO] - Class sequence: [6 5 8 5 7 8 1 5 1 7 9 5 2 0 1 8 4 2 2 1]
[2023-10-17 23:50:00,195][root][INFO] - task 0 :(128, 1, 28, 28)
[2023-10-17 23:50:00,215][root][INFO] - task 1 :(128, 1, 28, 28)
[2023-10-17 23:50:00,234][root][INFO] - task 2 :(128, 1, 28, 28)
[2023-10-17 23:50:00,255][root][INFO] - task 3 :(128, 1, 28, 28)
[2023-10-17 23:50:00,275][root][INFO] - task 4 :(128, 1, 28, 28)
[2023-10-17 23:50:00,295][root][INFO] - task 5 :(128, 1, 28, 28)
[2023-10-17 23:50:00,314][root][INFO] - task 6 :(128, 1, 28, 28)
[2023-10-17 23:50:00,339][root][INFO] - task 7 :(128, 1, 28, 28)
[2023-10-17 23:50:00,358][root][INFO] - task 8 :(128, 1, 28, 28)
[2023-10-17 23:50:00,377][root][INFO] - task 9 :(128, 1, 28, 28)
[2023-10-17 23:50:14,920][root][INFO] - Joint training on task 0 ...
[2023-10-17 23:50:19,865][root][INFO] - Joint training on task 1 ...
[2023-10-17 23:50:20,733][root][INFO] - Joint training on task 2 ...
[2023-10-17 23:50:22,115][root][INFO] - Joint training on task 3 ...
[2023-10-17 23:52:34,819][root][INFO] - DONE TRAINING THE JOINT AGENT...
[2023-10-17 23:52:34,819][root][INFO] - No. gpus per agent: 0.25
[2023-10-17 23:52:40,499][root][INFO] - Created fleet with 8 agents
[2023-10-17 23:52:40,499][root][INFO] - Adding neighbors...
[2023-10-17 23:52:40,698][root][INFO] - Fleet initialized
[2023-10-17 23:52:40,707][root][INFO] - READY TO TRAIN INDIVIDUAL AGENTS...
[2m[36m(ParallelModGrad pid=169298)[0m node 0 is processing at round 0 for task 0
[2m[36m(ParallelModGrad pid=169300)[0m node 2 is processing at round 0 for task 0
[2m[36m(ParallelModGrad pid=169299)[0m node 1 is processing at round 0 for task 0
[2m[36m(ParallelModGrad pid=169301)[0m node 3 is processing at round 0 for task 0
[2m[36m(ParallelModGrad pid=169303)[0m node 5 is processing at round 0 for task 0
[2m[36m(ParallelModGrad pid=169302)[0m node 4 is processing at round 0 for task 0
[2m[36m(ParallelModGrad pid=169304)[0m node 6 is processing at round 0 for task 0
[2m[36m(ParallelModGrad pid=169305)[0m node 7 is processing at round 0 for task 0
[2m[36m(ParallelModGrad pid=169298)[0m node 0 is processing at round 1 for task 0
[2m[36m(ParallelModGrad pid=169300)[0m node 2 is processing at round 1 for task 0
[2m[36m(ParallelModGrad pid=169299)[0m node 1 is processing at round 1 for task 0
[2m[36m(ParallelModGrad pid=169301)[0m node 3 is processing at round 1 for task 0
[2m[36m(ParallelModGrad pid=169303)[0m node 5 is processing at round 1 for task 0
[2m[36m(ParallelModGrad pid=169302)[0m node 4 is processing at round 1 for task 0
[2m[36m(ParallelModGrad pid=169304)[0m node 6 is processing at round 1 for task 0
[2m[36m(ParallelModGrad pid=169305)[0m node 7 is processing at round 1 for task 0
[2m[36m(ParallelModGrad pid=169298)[0m node 0 is processing at round 2 for task 0
[2m[36m(ParallelModGrad pid=169300)[0m node 2 is processing at round 2 for task 0
[2m[36m(ParallelModGrad pid=169299)[0m node 1 is processing at round 2 for task 0
[2m[36m(ParallelModGrad pid=169301)[0m node 3 is processing at round 2 for task 0
[2m[36m(ParallelModGrad pid=169303)[0m node 5 is processing at round 2 for task 0
[2m[36m(ParallelModGrad pid=169302)[0m node 4 is processing at round 2 for task 0
[2m[36m(ParallelModGrad pid=169304)[0m node 6 is processing at round 2 for task 0
[2m[36m(ParallelModGrad pid=169305)[0m node 7 is processing at round 2 for task 0
[2m[36m(ParallelModGrad pid=169298)[0m node 0 is processing at round 3 for task 0
[2m[36m(ParallelModGrad pid=169300)[0m node 2 is processing at round 3 for task 0
[2m[36m(ParallelModGrad pid=169299)[0m node 1 is processing at round 3 for task 0
[2m[36m(ParallelModGrad pid=169301)[0m node 3 is processing at round 3 for task 0
[2m[36m(ParallelModGrad pid=169303)[0m node 5 is processing at round 3 for task 0
[2m[36m(ParallelModGrad pid=169302)[0m node 4 is processing at round 3 for task 0
[2m[36m(ParallelModGrad pid=169304)[0m node 6 is processing at round 3 for task 0
[2m[36m(ParallelModGrad pid=169305)[0m node 7 is processing at round 3 for task 0
[2m[36m(ParallelModGrad pid=169298)[0m node 0 is processing at round 4 for task 0
[2m[36m(ParallelModGrad pid=169300)[0m node 2 is processing at round 4 for task 0
[2m[36m(ParallelModGrad pid=169299)[0m node 1 is processing at round 4 for task 0
[2m[36m(ParallelModGrad pid=169301)[0m node 3 is processing at round 4 for task 0
[2m[36m(ParallelModGrad pid=169303)[0m node 5 is processing at round 4 for task 0
[2m[36m(ParallelModGrad pid=169302)[0m node 4 is processing at round 4 for task 0
[2m[36m(ParallelModGrad pid=169304)[0m node 6 is processing at round 4 for task 0
[2m[36m(ParallelModGrad pid=169305)[0m node 7 is processing at round 4 for task 0
[2m[36m(ParallelModGrad pid=169298)[0m node 0 is processing at round 5 for task 0
[2m[36m(ParallelModGrad pid=169300)[0m node 2 is processing at round 5 for task 0
[2m[36m(ParallelModGrad pid=169299)[0m node 1 is processing at round 5 for task 0
[2m[36m(ParallelModGrad pid=169301)[0m node 3 is processing at round 5 for task 0
[2m[36m(ParallelModGrad pid=169303)[0m node 5 is processing at round 5 for task 0
[2m[36m(ParallelModGrad pid=169302)[0m node 4 is processing at round 5 for task 0
[2m[36m(ParallelModGrad pid=169304)[0m node 6 is processing at round 5 for task 0
[2m[36m(ParallelModGrad pid=169305)[0m node 7 is processing at round 5 for task 0
[2m[36m(ParallelModGrad pid=169298)[0m node 0 is processing at round 6 for task 0
[2m[36m(ParallelModGrad pid=169300)[0m node 2 is processing at round 6 for task 0
[2m[36m(ParallelModGrad pid=169299)[0m node 1 is processing at round 6 for task 0
[2m[36m(ParallelModGrad pid=169301)[0m node 3 is processing at round 6 for task 0
[2m[36m(ParallelModGrad pid=169303)[0m node 5 is processing at round 6 for task 0
[2m[36m(ParallelModGrad pid=169302)[0m node 4 is processing at round 6 for task 0
[2m[36m(ParallelModGrad pid=169304)[0m node 6 is processing at round 6 for task 0
[2m[36m(ParallelModGrad pid=169305)[0m node 7 is processing at round 6 for task 0
[2m[36m(ParallelModGrad pid=169298)[0m node 0 is processing at round 7 for task 0
[2m[36m(ParallelModGrad pid=169300)[0m node 2 is processing at round 7 for task 0
[2m[36m(ParallelModGrad pid=169299)[0m node 1 is processing at round 7 for task 0
[2m[36m(ParallelModGrad pid=169301)[0m node 3 is processing at round 7 for task 0
[2m[36m(ParallelModGrad pid=169303)[0m node 5 is processing at round 7 for task 0
[2m[36m(ParallelModGrad pid=169302)[0m node 4 is processing at round 7 for task 0
[2m[36m(ParallelModGrad pid=169304)[0m node 6 is processing at round 7 for task 0
[2m[36m(ParallelModGrad pid=169305)[0m node 7 is processing at round 7 for task 0
[2m[36m(ParallelModGrad pid=169298)[0m node 0 is processing at round 8 for task 0
[2m[36m(ParallelModGrad pid=169300)[0m node 2 is processing at round 8 for task 0
[2m[36m(ParallelModGrad pid=169299)[0m node 1 is processing at round 8 for task 0
[2m[36m(ParallelModGrad pid=169301)[0m node 3 is processing at round 8 for task 0
[2m[36m(ParallelModGrad pid=169303)[0m node 5 is processing at round 8 for task 0
[2m[36m(ParallelModGrad pid=169302)[0m node 4 is processing at round 8 for task 0
[2m[36m(ParallelModGrad pid=169304)[0m node 6 is processing at round 8 for task 0
[2m[36m(ParallelModGrad pid=169305)[0m node 7 is processing at round 8 for task 0
[2m[36m(ParallelModGrad pid=169298)[0m node 0 is processing at round 9 for task 1
[2m[36m(ParallelModGrad pid=169300)[0m node 2 is processing at round 9 for task 1
[2m[36m(ParallelModGrad pid=169299)[0m node 1 is processing at round 9 for task 1
[2m[36m(ParallelModGrad pid=169301)[0m node 3 is processing at round 9 for task 1
[2m[36m(ParallelModGrad pid=169303)[0m node 5 is processing at round 9 for task 1
[2m[36m(ParallelModGrad pid=169302)[0m node 4 is processing at round 9 for task 1
[2m[36m(ParallelModGrad pid=169304)[0m node 6 is processing at round 9 for task 1
[2m[36m(ParallelModGrad pid=169305)[0m node 7 is processing at round 9 for task 1
[2m[36m(ParallelModGrad pid=169298)[0m node 0 is processing at round 0 for task 1
[2m[36m(ParallelModGrad pid=169300)[0m node 2 is processing at round 0 for task 1
[2m[36m(ParallelModGrad pid=169299)[0m node 1 is processing at round 0 for task 1
[2m[36m(ParallelModGrad pid=169301)[0m node 3 is processing at round 0 for task 1
[2m[36m(ParallelModGrad pid=169303)[0m node 5 is processing at round 0 for task 1
[2m[36m(ParallelModGrad pid=169302)[0m node 4 is processing at round 0 for task 1
[2m[36m(ParallelModGrad pid=169304)[0m node 6 is processing at round 0 for task 1
[2m[36m(ParallelModGrad pid=169305)[0m node 7 is processing at round 0 for task 1
[2m[36m(ParallelModGrad pid=169298)[0m node 0 is processing at round 1 for task 1
[2m[36m(ParallelModGrad pid=169300)[0m node 2 is processing at round 1 for task 1
[2m[36m(ParallelModGrad pid=169299)[0m node 1 is processing at round 1 for task 1
[2m[36m(ParallelModGrad pid=169301)[0m node 3 is processing at round 1 for task 1
[2m[36m(ParallelModGrad pid=169303)[0m node 5 is processing at round 1 for task 1
[2m[36m(ParallelModGrad pid=169302)[0m node 4 is processing at round 1 for task 1
[2m[36m(ParallelModGrad pid=169304)[0m node 6 is processing at round 1 for task 1
[2m[36m(ParallelModGrad pid=169305)[0m node 7 is processing at round 1 for task 1
[2m[36m(ParallelModGrad pid=169298)[0m node 0 is processing at round 2 for task 1
[2m[36m(ParallelModGrad pid=169300)[0m node 2 is processing at round 2 for task 1
[2m[36m(ParallelModGrad pid=169299)[0m node 1 is processing at round 2 for task 1
[2m[36m(ParallelModGrad pid=169301)[0m node 3 is processing at round 2 for task 1
[2m[36m(ParallelModGrad pid=169303)[0m node 5 is processing at round 2 for task 1
[2m[36m(ParallelModGrad pid=169302)[0m node 4 is processing at round 2 for task 1
[2m[36m(ParallelModGrad pid=169304)[0m node 6 is processing at round 2 for task 1
[2m[36m(ParallelModGrad pid=169305)[0m node 7 is processing at round 2 for task 1
[2m[36m(ParallelModGrad pid=169298)[0m node 0 is processing at round 3 for task 1
[2m[36m(ParallelModGrad pid=169300)[0m node 2 is processing at round 3 for task 1
[2m[36m(ParallelModGrad pid=169299)[0m node 1 is processing at round 3 for task 1
[2m[36m(ParallelModGrad pid=169301)[0m node 3 is processing at round 3 for task 1
[2m[36m(ParallelModGrad pid=169303)[0m node 5 is processing at round 3 for task 1
[2m[36m(ParallelModGrad pid=169302)[0m node 4 is processing at round 3 for task 1
[2m[36m(ParallelModGrad pid=169304)[0m node 6 is processing at round 3 for task 1
[2m[36m(ParallelModGrad pid=169305)[0m node 7 is processing at round 3 for task 1
[2m[36m(ParallelModGrad pid=169298)[0m node 0 is processing at round 4 for task 1
[2m[36m(ParallelModGrad pid=169300)[0m node 2 is processing at round 4 for task 1
[2m[36m(ParallelModGrad pid=169299)[0m node 1 is processing at round 4 for task 1
[2m[36m(ParallelModGrad pid=169301)[0m node 3 is processing at round 4 for task 1
[2m[36m(ParallelModGrad pid=169303)[0m node 5 is processing at round 4 for task 1
[2m[36m(ParallelModGrad pid=169302)[0m node 4 is processing at round 4 for task 1
[2m[36m(ParallelModGrad pid=169304)[0m node 6 is processing at round 4 for task 1
[2m[36m(ParallelModGrad pid=169305)[0m node 7 is processing at round 4 for task 1
[2m[36m(ParallelModGrad pid=169298)[0m node 0 is processing at round 5 for task 1
[2m[36m(ParallelModGrad pid=169300)[0m node 2 is processing at round 5 for task 1
[2m[36m(ParallelModGrad pid=169299)[0m node 1 is processing at round 5 for task 1
[2m[36m(ParallelModGrad pid=169301)[0m node 3 is processing at round 5 for task 1
[2m[36m(ParallelModGrad pid=169303)[0m node 5 is processing at round 5 for task 1
[2m[36m(ParallelModGrad pid=169302)[0m node 4 is processing at round 5 for task 1
[2m[36m(ParallelModGrad pid=169304)[0m node 6 is processing at round 5 for task 1
[2m[36m(ParallelModGrad pid=169305)[0m node 7 is processing at round 5 for task 1
[2m[36m(ParallelModGrad pid=169298)[0m node 0 is processing at round 6 for task 1
[2m[36m(ParallelModGrad pid=169300)[0m node 2 is processing at round 6 for task 1
[2m[36m(ParallelModGrad pid=169299)[0m node 1 is processing at round 6 for task 1
[2m[36m(ParallelModGrad pid=169301)[0m node 3 is processing at round 6 for task 1
[2m[36m(ParallelModGrad pid=169303)[0m node 5 is processing at round 6 for task 1
[2m[36m(ParallelModGrad pid=169302)[0m node 4 is processing at round 6 for task 1
[2m[36m(ParallelModGrad pid=169304)[0m node 6 is processing at round 6 for task 1
[2m[36m(ParallelModGrad pid=169305)[0m node 7 is processing at round 6 for task 1
[2m[36m(ParallelModGrad pid=169298)[0m node 0 is processing at round 7 for task 1
[2m[36m(ParallelModGrad pid=169300)[0m node 2 is processing at round 7 for task 1
[2m[36m(ParallelModGrad pid=169299)[0m node 1 is processing at round 7 for task 1
[2m[36m(ParallelModGrad pid=169301)[0m node 3 is processing at round 7 for task 1
[2m[36m(ParallelModGrad pid=169303)[0m node 5 is processing at round 7 for task 1
[2m[36m(ParallelModGrad pid=169302)[0m node 4 is processing at round 7 for task 1
[2m[36m(ParallelModGrad pid=169304)[0m node 6 is processing at round 7 for task 1
[2m[36m(ParallelModGrad pid=169305)[0m node 7 is processing at round 7 for task 1
[2m[36m(ParallelModGrad pid=169298)[0m node 0 is processing at round 8 for task 1
[2m[36m(ParallelModGrad pid=169300)[0m node 2 is processing at round 8 for task 1
[2m[36m(ParallelModGrad pid=169299)[0m node 1 is processing at round 8 for task 1
[2m[36m(ParallelModGrad pid=169301)[0m node 3 is processing at round 8 for task 1
[2m[36m(ParallelModGrad pid=169303)[0m node 5 is processing at round 8 for task 1
[2m[36m(ParallelModGrad pid=169302)[0m node 4 is processing at round 8 for task 1
[2m[36m(ParallelModGrad pid=169304)[0m node 6 is processing at round 8 for task 1
[2m[36m(ParallelModGrad pid=169305)[0m node 7 is processing at round 8 for task 1
[2m[36m(ParallelModGrad pid=169298)[0m node 0 is processing at round 9 for task 2
[2m[36m(ParallelModGrad pid=169300)[0m node 2 is processing at round 9 for task 2
[2m[36m(ParallelModGrad pid=169299)[0m node 1 is processing at round 9 for task 2
[2m[36m(ParallelModGrad pid=169301)[0m node 3 is processing at round 9 for task 2
[2m[36m(ParallelModGrad pid=169303)[0m node 5 is processing at round 9 for task 2
[2m[36m(ParallelModGrad pid=169302)[0m node 4 is processing at round 9 for task 2
[2m[36m(ParallelModGrad pid=169304)[0m node 6 is processing at round 9 for task 2
[2m[36m(ParallelModGrad pid=169305)[0m node 7 is processing at round 9 for task 2
[2m[36m(ParallelModGrad pid=169298)[0m node 0 is processing at round 0 for task 2
[2m[36m(ParallelModGrad pid=169300)[0m node 2 is processing at round 0 for task 2
[2m[36m(ParallelModGrad pid=169299)[0m node 1 is processing at round 0 for task 2
[2m[36m(ParallelModGrad pid=169301)[0m node 3 is processing at round 0 for task 2
[2m[36m(ParallelModGrad pid=169303)[0m node 5 is processing at round 0 for task 2
[2m[36m(ParallelModGrad pid=169302)[0m node 4 is processing at round 0 for task 2
[2m[36m(ParallelModGrad pid=169304)[0m node 6 is processing at round 0 for task 2
[2m[36m(ParallelModGrad pid=169305)[0m node 7 is processing at round 0 for task 2
[2m[36m(ParallelModGrad pid=169298)[0m node 0 is processing at round 1 for task 2
[2m[36m(ParallelModGrad pid=169300)[0m node 2 is processing at round 1 for task 2
[2m[36m(ParallelModGrad pid=169299)[0m node 1 is processing at round 1 for task 2
[2m[36m(ParallelModGrad pid=169301)[0m node 3 is processing at round 1 for task 2
[2m[36m(ParallelModGrad pid=169303)[0m node 5 is processing at round 1 for task 2
[2m[36m(ParallelModGrad pid=169302)[0m node 4 is processing at round 1 for task 2
[2m[36m(ParallelModGrad pid=169304)[0m node 6 is processing at round 1 for task 2
[2m[36m(ParallelModGrad pid=169305)[0m node 7 is processing at round 1 for task 2
[2m[36m(ParallelModGrad pid=169298)[0m node 0 is processing at round 2 for task 2
[2m[36m(ParallelModGrad pid=169300)[0m node 2 is processing at round 2 for task 2
[2m[36m(ParallelModGrad pid=169299)[0m node 1 is processing at round 2 for task 2
[2m[36m(ParallelModGrad pid=169301)[0m node 3 is processing at round 2 for task 2
[2m[36m(ParallelModGrad pid=169303)[0m node 5 is processing at round 2 for task 2
[2m[36m(ParallelModGrad pid=169302)[0m node 4 is processing at round 2 for task 2
[2m[36m(ParallelModGrad pid=169304)[0m node 6 is processing at round 2 for task 2
[2m[36m(ParallelModGrad pid=169305)[0m node 7 is processing at round 2 for task 2
[2m[36m(ParallelModGrad pid=169298)[0m node 0 is processing at round 3 for task 2
[2m[36m(ParallelModGrad pid=169300)[0m node 2 is processing at round 3 for task 2
[2m[36m(ParallelModGrad pid=169299)[0m node 1 is processing at round 3 for task 2
[2m[36m(ParallelModGrad pid=169301)[0m node 3 is processing at round 3 for task 2
[2m[36m(ParallelModGrad pid=169303)[0m node 5 is processing at round 3 for task 2
[2m[36m(ParallelModGrad pid=169302)[0m node 4 is processing at round 3 for task 2
[2m[36m(ParallelModGrad pid=169304)[0m node 6 is processing at round 3 for task 2
[2m[36m(ParallelModGrad pid=169305)[0m node 7 is processing at round 3 for task 2
[2m[36m(ParallelModGrad pid=169298)[0m node 0 is processing at round 4 for task 2
[2m[36m(ParallelModGrad pid=169300)[0m node 2 is processing at round 4 for task 2
[2m[36m(ParallelModGrad pid=169299)[0m node 1 is processing at round 4 for task 2
[2m[36m(ParallelModGrad pid=169301)[0m node 3 is processing at round 4 for task 2
[2m[36m(ParallelModGrad pid=169303)[0m node 5 is processing at round 4 for task 2
[2m[36m(ParallelModGrad pid=169302)[0m node 4 is processing at round 4 for task 2
[2m[36m(ParallelModGrad pid=169304)[0m node 6 is processing at round 4 for task 2
[2m[36m(ParallelModGrad pid=169305)[0m node 7 is processing at round 4 for task 2
[2m[36m(ParallelModGrad pid=169298)[0m node 0 is processing at round 5 for task 2
[2m[36m(ParallelModGrad pid=169300)[0m node 2 is processing at round 5 for task 2
[2m[36m(ParallelModGrad pid=169299)[0m node 1 is processing at round 5 for task 2
[2m[36m(ParallelModGrad pid=169301)[0m node 3 is processing at round 5 for task 2
[2m[36m(ParallelModGrad pid=169303)[0m node 5 is processing at round 5 for task 2
[2m[36m(ParallelModGrad pid=169302)[0m node 4 is processing at round 5 for task 2
[2m[36m(ParallelModGrad pid=169304)[0m node 6 is processing at round 5 for task 2
[2m[36m(ParallelModGrad pid=169305)[0m node 7 is processing at round 5 for task 2
[2m[36m(ParallelModGrad pid=169298)[0m node 0 is processing at round 6 for task 2
[2m[36m(ParallelModGrad pid=169300)[0m node 2 is processing at round 6 for task 2
[2m[36m(ParallelModGrad pid=169299)[0m node 1 is processing at round 6 for task 2
[2m[36m(ParallelModGrad pid=169301)[0m node 3 is processing at round 6 for task 2
[2m[36m(ParallelModGrad pid=169303)[0m node 5 is processing at round 6 for task 2
[2m[36m(ParallelModGrad pid=169302)[0m node 4 is processing at round 6 for task 2
[2m[36m(ParallelModGrad pid=169304)[0m node 6 is processing at round 6 for task 2
[2m[36m(ParallelModGrad pid=169305)[0m node 7 is processing at round 6 for task 2
[2m[36m(ParallelModGrad pid=169298)[0m node 0 is processing at round 7 for task 2
[2m[36m(ParallelModGrad pid=169300)[0m node 2 is processing at round 7 for task 2
[2m[36m(ParallelModGrad pid=169299)[0m node 1 is processing at round 7 for task 2
[2m[36m(ParallelModGrad pid=169301)[0m node 3 is processing at round 7 for task 2
[2m[36m(ParallelModGrad pid=169303)[0m node 5 is processing at round 7 for task 2
[2m[36m(ParallelModGrad pid=169302)[0m node 4 is processing at round 7 for task 2
[2m[36m(ParallelModGrad pid=169304)[0m node 6 is processing at round 7 for task 2
[2m[36m(ParallelModGrad pid=169305)[0m node 7 is processing at round 7 for task 2
[2m[36m(ParallelModGrad pid=169298)[0m node 0 is processing at round 8 for task 2
[2m[36m(ParallelModGrad pid=169300)[0m node 2 is processing at round 8 for task 2
[2m[36m(ParallelModGrad pid=169299)[0m node 1 is processing at round 8 for task 2
[2m[36m(ParallelModGrad pid=169301)[0m node 3 is processing at round 8 for task 2
[2m[36m(ParallelModGrad pid=169303)[0m node 5 is processing at round 8 for task 2
[2m[36m(ParallelModGrad pid=169302)[0m node 4 is processing at round 8 for task 2
[2m[36m(ParallelModGrad pid=169304)[0m node 6 is processing at round 8 for task 2
[2m[36m(ParallelModGrad pid=169305)[0m node 7 is processing at round 8 for task 2
[2m[36m(ParallelModGrad pid=169298)[0m node 0 is processing at round 9 for task 3
[2m[36m(ParallelModGrad pid=169300)[0m node 2 is processing at round 9 for task 3
[2m[36m(ParallelModGrad pid=169299)[0m node 1 is processing at round 9 for task 3
[2m[36m(ParallelModGrad pid=169301)[0m node 3 is processing at round 9 for task 3
[2m[36m(ParallelModGrad pid=169303)[0m node 5 is processing at round 9 for task 3
[2m[36m(ParallelModGrad pid=169302)[0m node 4 is processing at round 9 for task 3
[2m[36m(ParallelModGrad pid=169304)[0m node 6 is processing at round 9 for task 3
[2m[36m(ParallelModGrad pid=169305)[0m node 7 is processing at round 9 for task 3
[2m[36m(ParallelModGrad pid=169298)[0m node 0 is processing at round 0 for task 3
[2m[36m(ParallelModGrad pid=169300)[0m node 2 is processing at round 0 for task 3
[2m[36m(ParallelModGrad pid=169299)[0m node 1 is processing at round 0 for task 3
[2m[36m(ParallelModGrad pid=169301)[0m node 3 is processing at round 0 for task 3
[2m[36m(ParallelModGrad pid=169303)[0m node 5 is processing at round 0 for task 3
[2m[36m(ParallelModGrad pid=169302)[0m node 4 is processing at round 0 for task 3
[2m[36m(ParallelModGrad pid=169304)[0m node 6 is processing at round 0 for task 3
[2m[36m(ParallelModGrad pid=169305)[0m node 7 is processing at round 0 for task 3
[2m[36m(ParallelModGrad pid=169298)[0m node 0 is processing at round 1 for task 3
[2m[36m(ParallelModGrad pid=169300)[0m node 2 is processing at round 1 for task 3
[2m[36m(ParallelModGrad pid=169299)[0m node 1 is processing at round 1 for task 3
[2m[36m(ParallelModGrad pid=169301)[0m node 3 is processing at round 1 for task 3
[2m[36m(ParallelModGrad pid=169303)[0m node 5 is processing at round 1 for task 3
[2m[36m(ParallelModGrad pid=169302)[0m node 4 is processing at round 1 for task 3
[2m[36m(ParallelModGrad pid=169304)[0m node 6 is processing at round 1 for task 3
[2m[36m(ParallelModGrad pid=169305)[0m node 7 is processing at round 1 for task 3
[2m[36m(ParallelModGrad pid=169298)[0m node 0 is processing at round 2 for task 3
[2m[36m(ParallelModGrad pid=169300)[0m node 2 is processing at round 2 for task 3
[2m[36m(ParallelModGrad pid=169299)[0m node 1 is processing at round 2 for task 3
[2m[36m(ParallelModGrad pid=169301)[0m node 3 is processing at round 2 for task 3
[2m[36m(ParallelModGrad pid=169303)[0m node 5 is processing at round 2 for task 3
[2m[36m(ParallelModGrad pid=169302)[0m node 4 is processing at round 2 for task 3
[2m[36m(ParallelModGrad pid=169304)[0m node 6 is processing at round 2 for task 3
[2m[36m(ParallelModGrad pid=169305)[0m node 7 is processing at round 2 for task 3
[2m[36m(ParallelModGrad pid=169298)[0m node 0 is processing at round 3 for task 3
[2m[36m(ParallelModGrad pid=169300)[0m node 2 is processing at round 3 for task 3
[2m[36m(ParallelModGrad pid=169299)[0m node 1 is processing at round 3 for task 3
[2m[36m(ParallelModGrad pid=169301)[0m node 3 is processing at round 3 for task 3
[2m[36m(ParallelModGrad pid=169303)[0m node 5 is processing at round 3 for task 3
[2m[36m(ParallelModGrad pid=169302)[0m node 4 is processing at round 3 for task 3
[2m[36m(ParallelModGrad pid=169304)[0m node 6 is processing at round 3 for task 3
[2m[36m(ParallelModGrad pid=169305)[0m node 7 is processing at round 3 for task 3
[2m[36m(ParallelModGrad pid=169298)[0m node 0 is processing at round 4 for task 3
[2m[36m(ParallelModGrad pid=169300)[0m node 2 is processing at round 4 for task 3
[2m[36m(ParallelModGrad pid=169299)[0m node 1 is processing at round 4 for task 3
[2m[36m(ParallelModGrad pid=169301)[0m node 3 is processing at round 4 for task 3
[2m[36m(ParallelModGrad pid=169303)[0m node 5 is processing at round 4 for task 3
[2m[36m(ParallelModGrad pid=169302)[0m node 4 is processing at round 4 for task 3
[2m[36m(ParallelModGrad pid=169304)[0m node 6 is processing at round 4 for task 3
[2m[36m(ParallelModGrad pid=169305)[0m node 7 is processing at round 4 for task 3
[2m[36m(ParallelModGrad pid=169298)[0m node 0 is processing at round 5 for task 3
[2m[36m(ParallelModGrad pid=169300)[0m node 2 is processing at round 5 for task 3
[2m[36m(ParallelModGrad pid=169299)[0m node 1 is processing at round 5 for task 3
[2m[36m(ParallelModGrad pid=169301)[0m node 3 is processing at round 5 for task 3
[2m[36m(ParallelModGrad pid=169303)[0m node 5 is processing at round 5 for task 3
[2m[36m(ParallelModGrad pid=169302)[0m node 4 is processing at round 5 for task 3
[2m[36m(ParallelModGrad pid=169304)[0m node 6 is processing at round 5 for task 3
[2m[36m(ParallelModGrad pid=169305)[0m node 7 is processing at round 5 for task 3
[2m[36m(ParallelModGrad pid=169298)[0m node 0 is processing at round 6 for task 3
[2m[36m(ParallelModGrad pid=169300)[0m node 2 is processing at round 6 for task 3
[2m[36m(ParallelModGrad pid=169299)[0m node 1 is processing at round 6 for task 3
[2m[36m(ParallelModGrad pid=169301)[0m node 3 is processing at round 6 for task 3
[2m[36m(ParallelModGrad pid=169303)[0m node 5 is processing at round 6 for task 3
[2m[36m(ParallelModGrad pid=169302)[0m node 4 is processing at round 6 for task 3
[2m[36m(ParallelModGrad pid=169304)[0m node 6 is processing at round 6 for task 3
[2m[36m(ParallelModGrad pid=169305)[0m node 7 is processing at round 6 for task 3
[2m[36m(ParallelModGrad pid=169298)[0m node 0 is processing at round 7 for task 3
[2m[36m(ParallelModGrad pid=169300)[0m node 2 is processing at round 7 for task 3
[2m[36m(ParallelModGrad pid=169299)[0m node 1 is processing at round 7 for task 3
[2m[36m(ParallelModGrad pid=169301)[0m node 3 is processing at round 7 for task 3
[2m[36m(ParallelModGrad pid=169303)[0m node 5 is processing at round 7 for task 3
[2m[36m(ParallelModGrad pid=169302)[0m node 4 is processing at round 7 for task 3
[2m[36m(ParallelModGrad pid=169304)[0m node 6 is processing at round 7 for task 3
[2m[36m(ParallelModGrad pid=169305)[0m node 7 is processing at round 7 for task 3
[2m[36m(ParallelModGrad pid=169298)[0m node 0 is processing at round 8 for task 3
[2m[36m(ParallelModGrad pid=169300)[0m node 2 is processing at round 8 for task 3
[2m[36m(ParallelModGrad pid=169299)[0m node 1 is processing at round 8 for task 3
[2m[36m(ParallelModGrad pid=169301)[0m node 3 is processing at round 8 for task 3
[2m[36m(ParallelModGrad pid=169303)[0m node 5 is processing at round 8 for task 3
[2m[36m(ParallelModGrad pid=169302)[0m node 4 is processing at round 8 for task 3
[2m[36m(ParallelModGrad pid=169304)[0m node 6 is processing at round 8 for task 3
[2m[36m(ParallelModGrad pid=169305)[0m node 7 is processing at round 8 for task 3
[2m[36m(ParallelModGrad pid=169298)[0m node 0 is processing at round 9 for task 4
[2m[36m(ParallelModGrad pid=169300)[0m node 2 is processing at round 9 for task 4
[2m[36m(ParallelModGrad pid=169299)[0m node 1 is processing at round 9 for task 4
[2m[36m(ParallelModGrad pid=169301)[0m node 3 is processing at round 9 for task 4
[2m[36m(ParallelModGrad pid=169303)[0m node 5 is processing at round 9 for task 4
[2m[36m(ParallelModGrad pid=169302)[0m node 4 is processing at round 9 for task 4
[2m[36m(ParallelModGrad pid=169304)[0m node 6 is processing at round 9 for task 4
[2m[36m(ParallelModGrad pid=169305)[0m node 7 is processing at round 9 for task 4
[2m[36m(ParallelModGrad pid=169298)[0m node 0 is processing at round 0 for task 4
[2m[36m(ParallelModGrad pid=169300)[0m node 2 is processing at round 0 for task 4
[2m[36m(ParallelModGrad pid=169299)[0m node 1 is processing at round 0 for task 4
[2m[36m(ParallelModGrad pid=169301)[0m node 3 is processing at round 0 for task 4
[2m[36m(ParallelModGrad pid=169303)[0m node 5 is processing at round 0 for task 4
[2m[36m(ParallelModGrad pid=169302)[0m node 4 is processing at round 0 for task 4
[2m[36m(ParallelModGrad pid=169304)[0m node 6 is processing at round 0 for task 4
[2m[36m(ParallelModGrad pid=169305)[0m node 7 is processing at round 0 for task 4
[2m[36m(ParallelModGrad pid=169298)[0m node 0 is processing at round 1 for task 4
[2m[36m(ParallelModGrad pid=169300)[0m node 2 is processing at round 1 for task 4
[2m[36m(ParallelModGrad pid=169299)[0m node 1 is processing at round 1 for task 4
[2m[36m(ParallelModGrad pid=169301)[0m node 3 is processing at round 1 for task 4
[2m[36m(ParallelModGrad pid=169303)[0m node 5 is processing at round 1 for task 4
[2m[36m(ParallelModGrad pid=169302)[0m node 4 is processing at round 1 for task 4
[2m[36m(ParallelModGrad pid=169304)[0m node 6 is processing at round 1 for task 4
[2m[36m(ParallelModGrad pid=169305)[0m node 7 is processing at round 1 for task 4
[2m[36m(ParallelModGrad pid=169298)[0m node 0 is processing at round 2 for task 4
[2m[36m(ParallelModGrad pid=169300)[0m node 2 is processing at round 2 for task 4
[2m[36m(ParallelModGrad pid=169299)[0m node 1 is processing at round 2 for task 4
[2m[36m(ParallelModGrad pid=169301)[0m node 3 is processing at round 2 for task 4
[2m[36m(ParallelModGrad pid=169303)[0m node 5 is processing at round 2 for task 4
[2m[36m(ParallelModGrad pid=169302)[0m node 4 is processing at round 2 for task 4
[2m[36m(ParallelModGrad pid=169304)[0m node 6 is processing at round 2 for task 4
[2m[36m(ParallelModGrad pid=169305)[0m node 7 is processing at round 2 for task 4
[2m[36m(ParallelModGrad pid=169298)[0m node 0 is processing at round 3 for task 4
[2m[36m(ParallelModGrad pid=169300)[0m node 2 is processing at round 3 for task 4
[2m[36m(ParallelModGrad pid=169299)[0m node 1 is processing at round 3 for task 4
[2m[36m(ParallelModGrad pid=169301)[0m node 3 is processing at round 3 for task 4
[2m[36m(ParallelModGrad pid=169303)[0m node 5 is processing at round 3 for task 4
[2m[36m(ParallelModGrad pid=169302)[0m node 4 is processing at round 3 for task 4
[2m[36m(ParallelModGrad pid=169304)[0m node 6 is processing at round 3 for task 4
[2m[36m(ParallelModGrad pid=169305)[0m node 7 is processing at round 3 for task 4
[2m[36m(ParallelModGrad pid=169298)[0m node 0 is processing at round 4 for task 4
[2m[36m(ParallelModGrad pid=169300)[0m node 2 is processing at round 4 for task 4
[2m[36m(ParallelModGrad pid=169299)[0m node 1 is processing at round 4 for task 4
[2m[36m(ParallelModGrad pid=169301)[0m node 3 is processing at round 4 for task 4
[2m[36m(ParallelModGrad pid=169303)[0m node 5 is processing at round 4 for task 4
[2m[36m(ParallelModGrad pid=169302)[0m node 4 is processing at round 4 for task 4
[2m[36m(ParallelModGrad pid=169304)[0m node 6 is processing at round 4 for task 4
[2m[36m(ParallelModGrad pid=169305)[0m node 7 is processing at round 4 for task 4
[2m[36m(ParallelModGrad pid=169298)[0m node 0 is processing at round 5 for task 4
[2m[36m(ParallelModGrad pid=169300)[0m node 2 is processing at round 5 for task 4
[2m[36m(ParallelModGrad pid=169299)[0m node 1 is processing at round 5 for task 4
[2m[36m(ParallelModGrad pid=169301)[0m node 3 is processing at round 5 for task 4
[2m[36m(ParallelModGrad pid=169303)[0m node 5 is processing at round 5 for task 4
[2m[36m(ParallelModGrad pid=169302)[0m node 4 is processing at round 5 for task 4
[2m[36m(ParallelModGrad pid=169304)[0m node 6 is processing at round 5 for task 4
[2m[36m(ParallelModGrad pid=169305)[0m node 7 is processing at round 5 for task 4
[2m[36m(ParallelModGrad pid=169298)[0m node 0 is processing at round 6 for task 4
[2m[36m(ParallelModGrad pid=169300)[0m node 2 is processing at round 6 for task 4
[2m[36m(ParallelModGrad pid=169299)[0m node 1 is processing at round 6 for task 4
[2m[36m(ParallelModGrad pid=169301)[0m node 3 is processing at round 6 for task 4
[2m[36m(ParallelModGrad pid=169303)[0m node 5 is processing at round 6 for task 4
[2m[36m(ParallelModGrad pid=169302)[0m node 4 is processing at round 6 for task 4
[2m[36m(ParallelModGrad pid=169304)[0m node 6 is processing at round 6 for task 4
[2m[36m(ParallelModGrad pid=169305)[0m node 7 is processing at round 6 for task 4
[2m[36m(ParallelModGrad pid=169298)[0m node 0 is processing at round 7 for task 4
[2m[36m(ParallelModGrad pid=169300)[0m node 2 is processing at round 7 for task 4
[2m[36m(ParallelModGrad pid=169299)[0m node 1 is processing at round 7 for task 4
[2m[36m(ParallelModGrad pid=169301)[0m node 3 is processing at round 7 for task 4
[2m[36m(ParallelModGrad pid=169303)[0m node 5 is processing at round 7 for task 4
[2m[36m(ParallelModGrad pid=169302)[0m node 4 is processing at round 7 for task 4
[2m[36m(ParallelModGrad pid=169304)[0m node 6 is processing at round 7 for task 4
[2m[36m(ParallelModGrad pid=169305)[0m node 7 is processing at round 7 for task 4
[2m[36m(ParallelModGrad pid=169298)[0m node 0 is processing at round 8 for task 4
[2m[36m(ParallelModGrad pid=169300)[0m node 2 is processing at round 8 for task 4
[2m[36m(ParallelModGrad pid=169299)[0m node 1 is processing at round 8 for task 4
[2m[36m(ParallelModGrad pid=169301)[0m node 3 is processing at round 8 for task 4
[2m[36m(ParallelModGrad pid=169303)[0m node 5 is processing at round 8 for task 4
[2m[36m(ParallelModGrad pid=169302)[0m node 4 is processing at round 8 for task 4
[2m[36m(ParallelModGrad pid=169304)[0m node 6 is processing at round 8 for task 4
[2m[36m(ParallelModGrad pid=169305)[0m node 7 is processing at round 8 for task 4
[2m[36m(ParallelModGrad pid=169298)[0m node 0 is processing at round 9 for task 5
[2m[36m(ParallelModGrad pid=169300)[0m node 2 is processing at round 9 for task 5
[2m[36m(ParallelModGrad pid=169299)[0m node 1 is processing at round 9 for task 5
[2m[36m(ParallelModGrad pid=169301)[0m node 3 is processing at round 9 for task 5
[2m[36m(ParallelModGrad pid=169303)[0m node 5 is processing at round 9 for task 5
[2m[36m(ParallelModGrad pid=169302)[0m node 4 is processing at round 9 for task 5
[2m[36m(ParallelModGrad pid=169304)[0m node 6 is processing at round 9 for task 5
[2m[36m(ParallelModGrad pid=169305)[0m node 7 is processing at round 9 for task 5
[2m[36m(ParallelModGrad pid=169298)[0m node 0 is processing at round 0 for task 5
[2m[36m(ParallelModGrad pid=169300)[0m node 2 is processing at round 0 for task 5
[2m[36m(ParallelModGrad pid=169299)[0m node 1 is processing at round 0 for task 5
[2m[36m(ParallelModGrad pid=169301)[0m node 3 is processing at round 0 for task 5
[2m[36m(ParallelModGrad pid=169303)[0m node 5 is processing at round 0 for task 5
[2m[36m(ParallelModGrad pid=169302)[0m node 4 is processing at round 0 for task 5
[2m[36m(ParallelModGrad pid=169304)[0m node 6 is processing at round 0 for task 5
[2m[36m(ParallelModGrad pid=169305)[0m node 7 is processing at round 0 for task 5
[2m[36m(ParallelModGrad pid=169298)[0m node 0 is processing at round 1 for task 5
[2m[36m(ParallelModGrad pid=169300)[0m node 2 is processing at round 1 for task 5
[2m[36m(ParallelModGrad pid=169299)[0m node 1 is processing at round 1 for task 5
[2m[36m(ParallelModGrad pid=169301)[0m node 3 is processing at round 1 for task 5
[2m[36m(ParallelModGrad pid=169303)[0m node 5 is processing at round 1 for task 5
[2m[36m(ParallelModGrad pid=169302)[0m node 4 is processing at round 1 for task 5
[2m[36m(ParallelModGrad pid=169304)[0m node 6 is processing at round 1 for task 5
[2m[36m(ParallelModGrad pid=169305)[0m node 7 is processing at round 1 for task 5
[2m[36m(ParallelModGrad pid=169298)[0m node 0 is processing at round 2 for task 5
[2m[36m(ParallelModGrad pid=169300)[0m node 2 is processing at round 2 for task 5
[2m[36m(ParallelModGrad pid=169299)[0m node 1 is processing at round 2 for task 5
[2m[36m(ParallelModGrad pid=169301)[0m node 3 is processing at round 2 for task 5
[2m[36m(ParallelModGrad pid=169303)[0m node 5 is processing at round 2 for task 5
[2m[36m(ParallelModGrad pid=169302)[0m node 4 is processing at round 2 for task 5
[2m[36m(ParallelModGrad pid=169304)[0m node 6 is processing at round 2 for task 5
[2m[36m(ParallelModGrad pid=169305)[0m node 7 is processing at round 2 for task 5
[2m[36m(ParallelModGrad pid=169298)[0m node 0 is processing at round 3 for task 5
[2m[36m(ParallelModGrad pid=169300)[0m node 2 is processing at round 3 for task 5
[2m[36m(ParallelModGrad pid=169299)[0m node 1 is processing at round 3 for task 5
[2m[36m(ParallelModGrad pid=169301)[0m node 3 is processing at round 3 for task 5
[2m[36m(ParallelModGrad pid=169303)[0m node 5 is processing at round 3 for task 5
[2m[36m(ParallelModGrad pid=169302)[0m node 4 is processing at round 3 for task 5
[2m[36m(ParallelModGrad pid=169304)[0m node 6 is processing at round 3 for task 5
[2m[36m(ParallelModGrad pid=169305)[0m node 7 is processing at round 3 for task 5
[2m[36m(ParallelModGrad pid=169298)[0m node 0 is processing at round 4 for task 5
[2m[36m(ParallelModGrad pid=169300)[0m node 2 is processing at round 4 for task 5
[2m[36m(ParallelModGrad pid=169299)[0m node 1 is processing at round 4 for task 5
[2m[36m(ParallelModGrad pid=169301)[0m node 3 is processing at round 4 for task 5
[2m[36m(ParallelModGrad pid=169303)[0m node 5 is processing at round 4 for task 5
[2m[36m(ParallelModGrad pid=169302)[0m node 4 is processing at round 4 for task 5
[2m[36m(ParallelModGrad pid=169304)[0m node 6 is processing at round 4 for task 5
[2m[36m(ParallelModGrad pid=169305)[0m node 7 is processing at round 4 for task 5
[2m[36m(ParallelModGrad pid=169298)[0m node 0 is processing at round 5 for task 5
[2m[36m(ParallelModGrad pid=169300)[0m node 2 is processing at round 5 for task 5
[2m[36m(ParallelModGrad pid=169299)[0m node 1 is processing at round 5 for task 5
[2m[36m(ParallelModGrad pid=169301)[0m node 3 is processing at round 5 for task 5
[2m[36m(ParallelModGrad pid=169303)[0m node 5 is processing at round 5 for task 5
[2m[36m(ParallelModGrad pid=169302)[0m node 4 is processing at round 5 for task 5
[2m[36m(ParallelModGrad pid=169304)[0m node 6 is processing at round 5 for task 5
[2m[36m(ParallelModGrad pid=169305)[0m node 7 is processing at round 5 for task 5
[2m[36m(ParallelModGrad pid=169298)[0m node 0 is processing at round 6 for task 5
[2m[36m(ParallelModGrad pid=169300)[0m node 2 is processing at round 6 for task 5
[2m[36m(ParallelModGrad pid=169299)[0m node 1 is processing at round 6 for task 5
[2m[36m(ParallelModGrad pid=169301)[0m node 3 is processing at round 6 for task 5
[2m[36m(ParallelModGrad pid=169303)[0m node 5 is processing at round 6 for task 5
[2m[36m(ParallelModGrad pid=169302)[0m node 4 is processing at round 6 for task 5
[2m[36m(ParallelModGrad pid=169304)[0m node 6 is processing at round 6 for task 5
[2m[36m(ParallelModGrad pid=169305)[0m node 7 is processing at round 6 for task 5
[2m[36m(ParallelModGrad pid=169298)[0m node 0 is processing at round 7 for task 5
[2m[36m(ParallelModGrad pid=169300)[0m node 2 is processing at round 7 for task 5
[2m[36m(ParallelModGrad pid=169299)[0m node 1 is processing at round 7 for task 5
[2m[36m(ParallelModGrad pid=169301)[0m node 3 is processing at round 7 for task 5
[2m[36m(ParallelModGrad pid=169303)[0m node 5 is processing at round 7 for task 5
[2m[36m(ParallelModGrad pid=169302)[0m node 4 is processing at round 7 for task 5
[2m[36m(ParallelModGrad pid=169304)[0m node 6 is processing at round 7 for task 5
[2m[36m(ParallelModGrad pid=169305)[0m node 7 is processing at round 7 for task 5
[2m[36m(ParallelModGrad pid=169298)[0m node 0 is processing at round 8 for task 5
[2m[36m(ParallelModGrad pid=169300)[0m node 2 is processing at round 8 for task 5
[2m[36m(ParallelModGrad pid=169299)[0m node 1 is processing at round 8 for task 5
[2m[36m(ParallelModGrad pid=169301)[0m node 3 is processing at round 8 for task 5
[2m[36m(ParallelModGrad pid=169303)[0m node 5 is processing at round 8 for task 5
[2m[36m(ParallelModGrad pid=169302)[0m node 4 is processing at round 8 for task 5
[2m[36m(ParallelModGrad pid=169304)[0m node 6 is processing at round 8 for task 5
[2m[36m(ParallelModGrad pid=169305)[0m node 7 is processing at round 8 for task 5
[2m[36m(ParallelModGrad pid=169298)[0m node 0 is processing at round 9 for task 6
[2m[36m(ParallelModGrad pid=169300)[0m node 2 is processing at round 9 for task 6
[2m[36m(ParallelModGrad pid=169299)[0m node 1 is processing at round 9 for task 6
[2m[36m(ParallelModGrad pid=169301)[0m node 3 is processing at round 9 for task 6
[2m[36m(ParallelModGrad pid=169303)[0m node 5 is processing at round 9 for task 6
[2m[36m(ParallelModGrad pid=169302)[0m node 4 is processing at round 9 for task 6
[2m[36m(ParallelModGrad pid=169304)[0m node 6 is processing at round 9 for task 6
[2m[36m(ParallelModGrad pid=169305)[0m node 7 is processing at round 9 for task 6
[2m[36m(ParallelModGrad pid=169298)[0m node 0 is processing at round 0 for task 6
[2m[36m(ParallelModGrad pid=169300)[0m node 2 is processing at round 0 for task 6
[2m[36m(ParallelModGrad pid=169299)[0m node 1 is processing at round 0 for task 6
[2m[36m(ParallelModGrad pid=169301)[0m node 3 is processing at round 0 for task 6
[2m[36m(ParallelModGrad pid=169303)[0m node 5 is processing at round 0 for task 6
[2m[36m(ParallelModGrad pid=169302)[0m node 4 is processing at round 0 for task 6
[2m[36m(ParallelModGrad pid=169304)[0m node 6 is processing at round 0 for task 6
[2m[36m(ParallelModGrad pid=169305)[0m node 7 is processing at round 0 for task 6
[2m[36m(ParallelModGrad pid=169298)[0m node 0 is processing at round 1 for task 6
[2m[36m(ParallelModGrad pid=169300)[0m node 2 is processing at round 1 for task 6
[2m[36m(ParallelModGrad pid=169299)[0m node 1 is processing at round 1 for task 6
[2m[36m(ParallelModGrad pid=169301)[0m node 3 is processing at round 1 for task 6
[2m[36m(ParallelModGrad pid=169303)[0m node 5 is processing at round 1 for task 6
[2m[36m(ParallelModGrad pid=169302)[0m node 4 is processing at round 1 for task 6
[2m[36m(ParallelModGrad pid=169304)[0m node 6 is processing at round 1 for task 6
[2m[36m(ParallelModGrad pid=169305)[0m node 7 is processing at round 1 for task 6
[2m[36m(ParallelModGrad pid=169298)[0m node 0 is processing at round 2 for task 6
[2m[36m(ParallelModGrad pid=169300)[0m node 2 is processing at round 2 for task 6
[2m[36m(ParallelModGrad pid=169299)[0m node 1 is processing at round 2 for task 6
[2m[36m(ParallelModGrad pid=169301)[0m node 3 is processing at round 2 for task 6
[2m[36m(ParallelModGrad pid=169303)[0m node 5 is processing at round 2 for task 6
[2m[36m(ParallelModGrad pid=169302)[0m node 4 is processing at round 2 for task 6
[2m[36m(ParallelModGrad pid=169304)[0m node 6 is processing at round 2 for task 6
[2m[36m(ParallelModGrad pid=169305)[0m node 7 is processing at round 2 for task 6
[2m[36m(ParallelModGrad pid=169298)[0m node 0 is processing at round 3 for task 6
[2m[36m(ParallelModGrad pid=169300)[0m node 2 is processing at round 3 for task 6
[2m[36m(ParallelModGrad pid=169299)[0m node 1 is processing at round 3 for task 6
[2m[36m(ParallelModGrad pid=169301)[0m node 3 is processing at round 3 for task 6
[2m[36m(ParallelModGrad pid=169303)[0m node 5 is processing at round 3 for task 6
[2m[36m(ParallelModGrad pid=169302)[0m node 4 is processing at round 3 for task 6
[2m[36m(ParallelModGrad pid=169304)[0m node 6 is processing at round 3 for task 6
[2m[36m(ParallelModGrad pid=169305)[0m node 7 is processing at round 3 for task 6
[2m[36m(ParallelModGrad pid=169298)[0m node 0 is processing at round 4 for task 6
[2m[36m(ParallelModGrad pid=169300)[0m node 2 is processing at round 4 for task 6
[2m[36m(ParallelModGrad pid=169299)[0m node 1 is processing at round 4 for task 6
[2m[36m(ParallelModGrad pid=169301)[0m node 3 is processing at round 4 for task 6
[2m[36m(ParallelModGrad pid=169303)[0m node 5 is processing at round 4 for task 6
[2m[36m(ParallelModGrad pid=169302)[0m node 4 is processing at round 4 for task 6
[2m[36m(ParallelModGrad pid=169304)[0m node 6 is processing at round 4 for task 6
[2m[36m(ParallelModGrad pid=169305)[0m node 7 is processing at round 4 for task 6
[2m[36m(ParallelModGrad pid=169298)[0m node 0 is processing at round 5 for task 6
[2m[36m(ParallelModGrad pid=169300)[0m node 2 is processing at round 5 for task 6
[2m[36m(ParallelModGrad pid=169299)[0m node 1 is processing at round 5 for task 6
[2m[36m(ParallelModGrad pid=169301)[0m node 3 is processing at round 5 for task 6
[2m[36m(ParallelModGrad pid=169303)[0m node 5 is processing at round 5 for task 6
[2m[36m(ParallelModGrad pid=169302)[0m node 4 is processing at round 5 for task 6
[2m[36m(ParallelModGrad pid=169304)[0m node 6 is processing at round 5 for task 6
[2m[36m(ParallelModGrad pid=169305)[0m node 7 is processing at round 5 for task 6
[2m[36m(ParallelModGrad pid=169298)[0m node 0 is processing at round 6 for task 6
[2m[36m(ParallelModGrad pid=169300)[0m node 2 is processing at round 6 for task 6
[2m[36m(ParallelModGrad pid=169299)[0m node 1 is processing at round 6 for task 6
[2m[36m(ParallelModGrad pid=169301)[0m node 3 is processing at round 6 for task 6
[2m[36m(ParallelModGrad pid=169303)[0m node 5 is processing at round 6 for task 6
[2m[36m(ParallelModGrad pid=169302)[0m node 4 is processing at round 6 for task 6
[2m[36m(ParallelModGrad pid=169304)[0m node 6 is processing at round 6 for task 6
[2m[36m(ParallelModGrad pid=169305)[0m node 7 is processing at round 6 for task 6
[2m[36m(ParallelModGrad pid=169298)[0m node 0 is processing at round 7 for task 6
[2m[36m(ParallelModGrad pid=169300)[0m node 2 is processing at round 7 for task 6
[2m[36m(ParallelModGrad pid=169299)[0m node 1 is processing at round 7 for task 6
[2m[36m(ParallelModGrad pid=169301)[0m node 3 is processing at round 7 for task 6
[2m[36m(ParallelModGrad pid=169303)[0m node 5 is processing at round 7 for task 6
[2m[36m(ParallelModGrad pid=169302)[0m node 4 is processing at round 7 for task 6
[2m[36m(ParallelModGrad pid=169304)[0m node 6 is processing at round 7 for task 6
[2m[36m(ParallelModGrad pid=169305)[0m node 7 is processing at round 7 for task 6
[2m[36m(ParallelModGrad pid=169298)[0m node 0 is processing at round 8 for task 6
[2m[36m(ParallelModGrad pid=169300)[0m node 2 is processing at round 8 for task 6
[2m[36m(ParallelModGrad pid=169299)[0m node 1 is processing at round 8 for task 6
[2m[36m(ParallelModGrad pid=169301)[0m node 3 is processing at round 8 for task 6
[2m[36m(ParallelModGrad pid=169303)[0m node 5 is processing at round 8 for task 6
[2m[36m(ParallelModGrad pid=169302)[0m node 4 is processing at round 8 for task 6
[2m[36m(ParallelModGrad pid=169304)[0m node 6 is processing at round 8 for task 6
[2m[36m(ParallelModGrad pid=169305)[0m node 7 is processing at round 8 for task 6
[2m[36m(ParallelModGrad pid=169298)[0m node 0 is processing at round 9 for task 7
[2m[36m(ParallelModGrad pid=169300)[0m node 2 is processing at round 9 for task 7
[2m[36m(ParallelModGrad pid=169299)[0m node 1 is processing at round 9 for task 7
[2m[36m(ParallelModGrad pid=169301)[0m node 3 is processing at round 9 for task 7
[2m[36m(ParallelModGrad pid=169303)[0m node 5 is processing at round 9 for task 7
[2m[36m(ParallelModGrad pid=169302)[0m node 4 is processing at round 9 for task 7
[2m[36m(ParallelModGrad pid=169304)[0m node 6 is processing at round 9 for task 7
[2m[36m(ParallelModGrad pid=169305)[0m node 7 is processing at round 9 for task 7
{'algo': 'modular', 'seed': 1, 'parallel': True, 'agent.batch_size': 64, 'num_agents': 8, 'dataset': 'kmnist', 'dataset.num_trains_per_class': 64, 'dataset.num_vals_per_class': 50, 'dataset.remap_labels': True, 'dataset.with_replacement': True, 'dataset.num_tasks': 10, 'net': 'mlp', 'net.depth': 4, 'num_init_tasks': 4, 'net.dropout': 0.0, 'train.num_epochs': 100, 'train.component_update_freq': 100, 'train.init_num_epochs': 100, 'train.init_component_update_freq': 100, 'train.save_freq': 1, 'agent.use_contrastive': True, 'agent.memory_size': 32, 'root_save_dir': 'experiment_results/fedavg/', 'sharing_strategy': 'grad_sharing', 'sharing_strategy.comm_freq': 10}
No. of experiments: 1
Experiment runs took 0:21:48.098266
