/mnt/kostas-graid/sw/envs/vlongle/miniconda3/envs/shell/lib/python3.10/site-packages/hydra/_internal/defaults_list.py:251: UserWarning: In 'config': Defaults list is missing `_self_`. See https://hydra.cc/docs/1.2/upgrades/1.0_to_1.1/default_composition_order for more information
  warnings.warn(msg, UserWarning)
{'train': {'component_update_freq': 100, 'num_epochs': 100, 'init_component_update_freq': 100, 'init_num_epochs': 100, 'save_freq': 1}, 'dataset': {'dataset_name': 'fashionmnist', 'num_tasks': 10, 'num_classes_per_task': 2, 'with_replacement': True, 'num_trains_per_class': 64, 'num_vals_per_class': 50, 'remap_labels': True}, 'net': {'name': 'mlp', 'depth': 4, 'layer_size': 64, 'dropout': 0.0}, 'sharing_strategy': {'name': 'fedprox', 'num_coms_per_round': 1, 'comm_freq': 10, 'mu': 0.0}, 'seed': 0, 'algo': 'monolithic', 'job_name': 'fashionmnist_monolithic_numtrain_64_contrastive', 'num_agents': 8, 'root_save_dir': 'experiment_results/fedprox_0.0/', 'parallel': True, 'num_init_tasks': 4, 'agent': {'save_dir': '${root_save_dir}/${job_name}/${dataset.dataset_name}/${algo}/seed_${seed}', 'batch_size': 64, 'memory_size': 32, 'improvement_threshold': 0.05, 'use_contrastive': True}}
[2023-10-16 14:34:35,538][root][INFO] - Class sequence: [5 0 4 3 4 6 4 3 8 0 1 0 5 9 6 4 9 0 3 0]
[2023-10-16 14:34:35,558][root][INFO] - task 0 :(128, 1, 28, 28)
[2023-10-16 14:34:35,603][root][INFO] - task 1 :(128, 1, 28, 28)
[2023-10-16 14:34:35,623][root][INFO] - task 2 :(128, 1, 28, 28)
[2023-10-16 14:34:35,644][root][INFO] - task 3 :(128, 1, 28, 28)
[2023-10-16 14:34:35,663][root][INFO] - task 4 :(128, 1, 28, 28)
[2023-10-16 14:34:35,683][root][INFO] - task 5 :(128, 1, 28, 28)
[2023-10-16 14:34:35,704][root][INFO] - task 6 :(128, 1, 28, 28)
[2023-10-16 14:34:35,724][root][INFO] - task 7 :(128, 1, 28, 28)
[2023-10-16 14:34:35,743][root][INFO] - task 8 :(128, 1, 28, 28)
[2023-10-16 14:34:35,764][root][INFO] - task 9 :(128, 1, 28, 28)
[2023-10-16 14:34:35,868][root][INFO] - Class sequence: [4 7 5 7 6 0 3 0 5 0 3 6 2 7 6 7 6 1 0 5]
[2023-10-16 14:34:35,886][root][INFO] - task 0 :(128, 1, 28, 28)
[2023-10-16 14:34:35,906][root][INFO] - task 1 :(128, 1, 28, 28)
[2023-10-16 14:34:35,927][root][INFO] - task 2 :(128, 1, 28, 28)
[2023-10-16 14:34:35,948][root][INFO] - task 3 :(128, 1, 28, 28)
[2023-10-16 14:34:35,969][root][INFO] - task 4 :(128, 1, 28, 28)
[2023-10-16 14:34:35,990][root][INFO] - task 5 :(128, 1, 28, 28)
[2023-10-16 14:34:36,010][root][INFO] - task 6 :(128, 1, 28, 28)
[2023-10-16 14:34:36,029][root][INFO] - task 7 :(128, 1, 28, 28)
[2023-10-16 14:34:36,049][root][INFO] - task 8 :(128, 1, 28, 28)
[2023-10-16 14:34:36,070][root][INFO] - task 9 :(128, 1, 28, 28)
[2023-10-16 14:34:36,172][root][INFO] - Class sequence: [6 7 7 8 4 1 1 8 6 1 6 4 5 7 8 0 2 3 0 3]
[2023-10-16 14:34:36,189][root][INFO] - task 0 :(128, 1, 28, 28)
[2023-10-16 14:34:36,209][root][INFO] - task 1 :(128, 1, 28, 28)
[2023-10-16 14:34:36,230][root][INFO] - task 2 :(128, 1, 28, 28)
[2023-10-16 14:34:36,254][root][INFO] - task 3 :(128, 1, 28, 28)
[2023-10-16 14:34:36,275][root][INFO] - task 4 :(128, 1, 28, 28)
[2023-10-16 14:34:36,295][root][INFO] - task 5 :(128, 1, 28, 28)
[2023-10-16 14:34:36,322][root][INFO] - task 6 :(128, 1, 28, 28)
[2023-10-16 14:34:36,342][root][INFO] - task 7 :(128, 1, 28, 28)
[2023-10-16 14:34:36,362][root][INFO] - task 8 :(128, 1, 28, 28)
[2023-10-16 14:34:36,388][root][INFO] - task 9 :(128, 1, 28, 28)
[2023-10-16 14:34:36,493][root][INFO] - Class sequence: [2 8 0 3 7 4 3 4 4 5 9 3 0 6 9 1 3 1 7 9]
[2023-10-16 14:34:36,511][root][INFO] - task 0 :(128, 1, 28, 28)
[2023-10-16 14:34:36,532][root][INFO] - task 1 :(128, 1, 28, 28)
[2023-10-16 14:34:36,551][root][INFO] - task 2 :(128, 1, 28, 28)
[2023-10-16 14:34:36,571][root][INFO] - task 3 :(128, 1, 28, 28)
[2023-10-16 14:34:36,591][root][INFO] - task 4 :(128, 1, 28, 28)
[2023-10-16 14:34:36,611][root][INFO] - task 5 :(128, 1, 28, 28)
[2023-10-16 14:34:36,637][root][INFO] - task 6 :(128, 1, 28, 28)
[2023-10-16 14:34:36,657][root][INFO] - task 7 :(128, 1, 28, 28)
[2023-10-16 14:34:36,676][root][INFO] - task 8 :(128, 1, 28, 28)
[2023-10-16 14:34:36,697][root][INFO] - task 9 :(128, 1, 28, 28)
[2023-10-16 14:34:36,800][root][INFO] - Class sequence: [0 3 0 2 9 7 0 9 2 1 7 6 8 6 1 8 6 4 9 8]
[2023-10-16 14:34:36,817][root][INFO] - task 0 :(128, 1, 28, 28)
[2023-10-16 14:34:36,838][root][INFO] - task 1 :(128, 1, 28, 28)
[2023-10-16 14:34:36,890][root][INFO] - task 2 :(128, 1, 28, 28)
[2023-10-16 14:34:36,940][root][INFO] - task 3 :(128, 1, 28, 28)
[2023-10-16 14:34:36,972][root][INFO] - task 4 :(128, 1, 28, 28)
[2023-10-16 14:34:36,992][root][INFO] - task 5 :(128, 1, 28, 28)
[2023-10-16 14:34:37,012][root][INFO] - task 6 :(128, 1, 28, 28)
[2023-10-16 14:34:37,032][root][INFO] - task 7 :(128, 1, 28, 28)
[2023-10-16 14:34:37,083][root][INFO] - task 8 :(128, 1, 28, 28)
[2023-10-16 14:34:37,102][root][INFO] - task 9 :(128, 1, 28, 28)
[2023-10-16 14:34:37,205][root][INFO] - Class sequence: [8 4 6 3 3 1 1 6 4 9 3 2 2 9 6 0 5 9 7 2]
[2023-10-16 14:34:37,222][root][INFO] - task 0 :(128, 1, 28, 28)
[2023-10-16 14:34:37,242][root][INFO] - task 1 :(128, 1, 28, 28)
[2023-10-16 14:34:37,263][root][INFO] - task 2 :(128, 1, 28, 28)
[2023-10-16 14:34:37,284][root][INFO] - task 3 :(128, 1, 28, 28)
[2023-10-16 14:34:37,304][root][INFO] - task 4 :(128, 1, 28, 28)
[2023-10-16 14:34:37,325][root][INFO] - task 5 :(128, 1, 28, 28)
[2023-10-16 14:34:37,344][root][INFO] - task 6 :(128, 1, 28, 28)
[2023-10-16 14:34:37,365][root][INFO] - task 7 :(128, 1, 28, 28)
[2023-10-16 14:34:37,386][root][INFO] - task 8 :(128, 1, 28, 28)
[2023-10-16 14:34:37,407][root][INFO] - task 9 :(128, 1, 28, 28)
[2023-10-16 14:34:37,511][root][INFO] - Class sequence: [7 5 8 4 6 9 8 3 4 6 1 3 3 1 4 1 9 2 6 2]
[2023-10-16 14:34:37,528][root][INFO] - task 0 :(128, 1, 28, 28)
[2023-10-16 14:34:37,549][root][INFO] - task 1 :(128, 1, 28, 28)
[2023-10-16 14:34:37,569][root][INFO] - task 2 :(128, 1, 28, 28)
[2023-10-16 14:34:37,600][root][INFO] - task 3 :(128, 1, 28, 28)
[2023-10-16 14:34:37,625][root][INFO] - task 4 :(128, 1, 28, 28)
[2023-10-16 14:34:37,645][root][INFO] - task 5 :(128, 1, 28, 28)
[2023-10-16 14:34:37,665][root][INFO] - task 6 :(128, 1, 28, 28)
[2023-10-16 14:34:37,692][root][INFO] - task 7 :(128, 1, 28, 28)
[2023-10-16 14:34:37,718][root][INFO] - task 8 :(128, 1, 28, 28)
[2023-10-16 14:34:37,738][root][INFO] - task 9 :(128, 1, 28, 28)
[2023-10-16 14:34:37,841][root][INFO] - Class sequence: [5 1 8 3 9 6 5 9 5 0 7 2 7 8 6 1 6 0 0 6]
[2023-10-16 14:34:37,859][root][INFO] - task 0 :(128, 1, 28, 28)
[2023-10-16 14:34:37,880][root][INFO] - task 1 :(128, 1, 28, 28)
[2023-10-16 14:34:37,900][root][INFO] - task 2 :(128, 1, 28, 28)
[2023-10-16 14:34:37,921][root][INFO] - task 3 :(128, 1, 28, 28)
[2023-10-16 14:34:37,942][root][INFO] - task 4 :(128, 1, 28, 28)
[2023-10-16 14:34:37,964][root][INFO] - task 5 :(128, 1, 28, 28)
[2023-10-16 14:34:37,983][root][INFO] - task 6 :(128, 1, 28, 28)
[2023-10-16 14:34:38,003][root][INFO] - task 7 :(128, 1, 28, 28)
[2023-10-16 14:34:38,030][root][INFO] - task 8 :(128, 1, 28, 28)
[2023-10-16 14:34:38,050][root][INFO] - task 9 :(128, 1, 28, 28)
i_size 28
num_classes 2
net_cfg {'name': 'mlp', 'depth': 4, 'layer_size': 64, 'dropout': 0.0, 'i_size': 28, 'num_classes': 2, 'num_tasks': 10, 'num_init_tasks': 4, 'use_contrastive': True}
<class 'shell.learners.er_nocomponents.NoComponentsER'>
[2023-10-16 14:34:38,155][root][INFO] - Class sequence: [7 0 8 4 8 3 3 9 6 4 3 2 4 6 7 4 9 0 3 1]
[2023-10-16 14:34:38,172][root][INFO] - task 0 :(128, 1, 28, 28)
[2023-10-16 14:34:38,192][root][INFO] - task 1 :(128, 1, 28, 28)
[2023-10-16 14:34:38,212][root][INFO] - task 2 :(128, 1, 28, 28)
[2023-10-16 14:34:38,233][root][INFO] - task 3 :(128, 1, 28, 28)
[2023-10-16 14:34:38,252][root][INFO] - task 4 :(128, 1, 28, 28)
[2023-10-16 14:34:38,272][root][INFO] - task 5 :(128, 1, 28, 28)
[2023-10-16 14:34:38,291][root][INFO] - task 6 :(128, 1, 28, 28)
[2023-10-16 14:34:38,312][root][INFO] - task 7 :(128, 1, 28, 28)
[2023-10-16 14:34:38,330][root][INFO] - task 8 :(128, 1, 28, 28)
[2023-10-16 14:34:38,350][root][INFO] - task 9 :(128, 1, 28, 28)
2023-10-16 14:34:40,644	INFO worker.py:1544 -- Started a local Ray instance. View the dashboard at [1m[32m127.0.0.1:8266 [39m[22m
[2023-10-16 14:34:53,290][root][INFO] - Joint training on task 0 ...
[2m[36m(ParallelFedProxAgent pid=260088)[0m INFO:root:Agent: node_id: 69420, seed: 69420000
[2m[36m(ParallelFedProxAgent pid=260088)[0m INFO:root:epochs: 0, training task: 0
[2m[36m(ParallelFedProxAgent pid=260088)[0m INFO:root:	task: 0	loss: 0.69390179	acc: 0.500
[2m[36m(ParallelFedProxAgent pid=260088)[0m INFO:root:	task: avg	loss: 0.69390179	acc: 0.500
[2m[36m(ParallelFedProxAgent pid=260088)[0m INFO:root:epochs: 0, training task: 0
[2m[36m(ParallelFedProxAgent pid=260088)[0m INFO:root:	task: 0	loss: 0.69390179	acc: 0.500
[2m[36m(ParallelFedProxAgent pid=260088)[0m INFO:root:	task: avg	loss: 0.69390179	acc: 0.500
[2023-10-16 14:34:58,562][root][INFO] - Joint training on task 1 ...
[2m[36m(ParallelFedProxAgent pid=260088)[0m INFO:root:epochs: 0, training task: 1
[2m[36m(ParallelFedProxAgent pid=260088)[0m INFO:root:	task: 0	loss: 0.69390179	acc: 0.500
[2m[36m(ParallelFedProxAgent pid=260088)[0m INFO:root:	task: 1	loss: 0.69363091	acc: 0.500
[2m[36m(ParallelFedProxAgent pid=260088)[0m INFO:root:	task: avg	loss: 0.69376635	acc: 0.500
[2m[36m(ParallelFedProxAgent pid=260088)[0m INFO:root:epochs: 0, training task: 1
[2m[36m(ParallelFedProxAgent pid=260088)[0m INFO:root:	task: 0	loss: 0.69390179	acc: 0.500
[2m[36m(ParallelFedProxAgent pid=260088)[0m INFO:root:	task: 1	loss: 0.69363091	acc: 0.500
[2m[36m(ParallelFedProxAgent pid=260088)[0m INFO:root:	task: avg	loss: 0.69376635	acc: 0.500
[2023-10-16 14:34:59,350][root][INFO] - Joint training on task 2 ...
[2m[36m(ParallelFedProxAgent pid=260088)[0m INFO:root:epochs: 0, training task: 2
[2m[36m(ParallelFedProxAgent pid=260088)[0m INFO:root:	task: 0	loss: 0.69390179	acc: 0.500
[2m[36m(ParallelFedProxAgent pid=260088)[0m INFO:root:	task: 1	loss: 0.69363091	acc: 0.500
[2m[36m(ParallelFedProxAgent pid=260088)[0m INFO:root:	task: 2	loss: 0.69426283	acc: 0.500
[2m[36m(ParallelFedProxAgent pid=260088)[0m INFO:root:	task: avg	loss: 0.69393184	acc: 0.500
[2m[36m(ParallelFedProxAgent pid=260088)[0m INFO:root:epochs: 0, training task: 2
[2m[36m(ParallelFedProxAgent pid=260088)[0m INFO:root:	task: 0	loss: 0.69390179	acc: 0.500
[2m[36m(ParallelFedProxAgent pid=260088)[0m INFO:root:	task: 1	loss: 0.69363091	acc: 0.500
[2m[36m(ParallelFedProxAgent pid=260088)[0m INFO:root:	task: 2	loss: 0.69426283	acc: 0.500
[2m[36m(ParallelFedProxAgent pid=260088)[0m INFO:root:	task: avg	loss: 0.69393184	acc: 0.500
[2023-10-16 14:35:00,362][root][INFO] - Joint training on task 3 ...
[2m[36m(ParallelFedProxAgent pid=260088)[0m INFO:root:epochs: 0, training task: 3
[2m[36m(ParallelFedProxAgent pid=260088)[0m INFO:root:	task: 0	loss: 0.69390179	acc: 0.500
[2m[36m(ParallelFedProxAgent pid=260088)[0m INFO:root:	task: 1	loss: 0.69363091	acc: 0.500
[2m[36m(ParallelFedProxAgent pid=260088)[0m INFO:root:	task: 2	loss: 0.69426283	acc: 0.500
[2m[36m(ParallelFedProxAgent pid=260088)[0m INFO:root:	task: 3	loss: 0.69337885	acc: 0.500
[2m[36m(ParallelFedProxAgent pid=260088)[0m INFO:root:	task: avg	loss: 0.69379359	acc: 0.500
[2m[36m(ParallelFedProxAgent pid=260088)[0m INFO:root:epochs: 1, training task: 3
[2m[36m(ParallelFedProxAgent pid=260088)[0m INFO:root:	task: 0	loss: 0.69309377	acc: 0.500
[2m[36m(ParallelFedProxAgent pid=260088)[0m INFO:root:	task: 1	loss: 0.69353295	acc: 0.500
[2m[36m(ParallelFedProxAgent pid=260088)[0m INFO:root:	task: 2	loss: 0.69188865	acc: 0.500
[2m[36m(ParallelFedProxAgent pid=260088)[0m INFO:root:	task: 3	loss: 0.69223942	acc: 0.500
[2m[36m(ParallelFedProxAgent pid=260088)[0m INFO:root:	task: avg	loss: 0.69268870	acc: 0.500
[2m[36m(ParallelFedProxAgent pid=260088)[0m INFO:root:epochs: 2, training task: 3
[2m[36m(ParallelFedProxAgent pid=260088)[0m INFO:root:	task: 0	loss: 0.69284745	acc: 0.500
[2m[36m(ParallelFedProxAgent pid=260088)[0m INFO:root:	task: 1	loss: 0.69171828	acc: 0.500
[2m[36m(ParallelFedProxAgent pid=260088)[0m INFO:root:	task: 2	loss: 0.68304219	acc: 0.500
[2m[36m(ParallelFedProxAgent pid=260088)[0m INFO:root:	task: 3	loss: 0.68918866	acc: 0.500
[2m[36m(ParallelFedProxAgent pid=260088)[0m INFO:root:	task: avg	loss: 0.68919915	acc: 0.500
[2m[36m(ParallelFedProxAgent pid=260088)[0m INFO:root:epochs: 3, training task: 3
[2m[36m(ParallelFedProxAgent pid=260088)[0m INFO:root:	task: 0	loss: 0.69149716	acc: 0.500
[2m[36m(ParallelFedProxAgent pid=260088)[0m INFO:root:	task: 1	loss: 0.68651769	acc: 0.500
[2m[36m(ParallelFedProxAgent pid=260088)[0m INFO:root:	task: 2	loss: 0.66855120	acc: 0.500
[2m[36m(ParallelFedProxAgent pid=260088)[0m INFO:root:	task: 3	loss: 0.68332931	acc: 0.500
[2m[36m(ParallelFedProxAgent pid=260088)[0m INFO:root:	task: avg	loss: 0.68247384	acc: 0.500
[2m[36m(ParallelFedProxAgent pid=260088)[0m INFO:root:epochs: 4, training task: 3
[2m[36m(ParallelFedProxAgent pid=260088)[0m INFO:root:	task: 0	loss: 0.68824981	acc: 0.500
[2m[36m(ParallelFedProxAgent pid=260088)[0m INFO:root:	task: 1	loss: 0.68491196	acc: 0.500
[2m[36m(ParallelFedProxAgent pid=260088)[0m INFO:root:	task: 2	loss: 0.66966096	acc: 0.500
[2m[36m(ParallelFedProxAgent pid=260088)[0m INFO:root:	task: 3	loss: 0.68152167	acc: 0.500
[2m[36m(ParallelFedProxAgent pid=260088)[0m INFO:root:	task: avg	loss: 0.68108610	acc: 0.500
[2m[36m(ParallelFedProxAgent pid=260088)[0m INFO:root:epochs: 5, training task: 3
[2m[36m(ParallelFedProxAgent pid=260088)[0m INFO:root:	task: 0	loss: 0.68502061	acc: 0.500
[2m[36m(ParallelFedProxAgent pid=260088)[0m INFO:root:	task: 1	loss: 0.67997310	acc: 0.503
[2m[36m(ParallelFedProxAgent pid=260088)[0m INFO:root:	task: 2	loss: 0.66344821	acc: 0.500
[2m[36m(ParallelFedProxAgent pid=260088)[0m INFO:root:	task: 3	loss: 0.67515002	acc: 0.500
[2m[36m(ParallelFedProxAgent pid=260088)[0m INFO:root:	task: avg	loss: 0.67589799	acc: 0.501
[2m[36m(ParallelFedProxAgent pid=260088)[0m INFO:root:epochs: 6, training task: 3
[2m[36m(ParallelFedProxAgent pid=260088)[0m INFO:root:	task: 0	loss: 0.68163743	acc: 0.500
[2m[36m(ParallelFedProxAgent pid=260088)[0m INFO:root:	task: 1	loss: 0.67509678	acc: 0.874
[2m[36m(ParallelFedProxAgent pid=260088)[0m INFO:root:	task: 2	loss: 0.65756934	acc: 0.500
[2m[36m(ParallelFedProxAgent pid=260088)[0m INFO:root:	task: 3	loss: 0.66996906	acc: 0.500
[2m[36m(ParallelFedProxAgent pid=260088)[0m INFO:root:	task: avg	loss: 0.67106815	acc: 0.593
[2m[36m(ParallelFedProxAgent pid=260088)[0m INFO:root:epochs: 7, training task: 3
[2m[36m(ParallelFedProxAgent pid=260088)[0m INFO:root:	task: 0	loss: 0.67822889	acc: 0.500
[2m[36m(ParallelFedProxAgent pid=260088)[0m INFO:root:	task: 1	loss: 0.67313572	acc: 0.938
[2m[36m(ParallelFedProxAgent pid=260088)[0m INFO:root:	task: 2	loss: 0.65487760	acc: 0.500
[2m[36m(ParallelFedProxAgent pid=260088)[0m INFO:root:	task: 3	loss: 0.66658012	acc: 0.500
[2m[36m(ParallelFedProxAgent pid=260088)[0m INFO:root:	task: avg	loss: 0.66820558	acc: 0.609
[2m[36m(ParallelFedProxAgent pid=260088)[0m INFO:root:epochs: 8, training task: 3
[2m[36m(ParallelFedProxAgent pid=260088)[0m INFO:root:	task: 0	loss: 0.67469090	acc: 0.500
[2m[36m(ParallelFedProxAgent pid=260088)[0m INFO:root:	task: 1	loss: 0.66744270	acc: 0.963
[2m[36m(ParallelFedProxAgent pid=260088)[0m INFO:root:	task: 2	loss: 0.64701792	acc: 0.506
[2m[36m(ParallelFedProxAgent pid=260088)[0m INFO:root:	task: 3	loss: 0.65952354	acc: 0.500
[2m[36m(ParallelFedProxAgent pid=260088)[0m INFO:root:	task: avg	loss: 0.66216876	acc: 0.617
[2m[36m(ParallelFedProxAgent pid=260088)[0m INFO:root:epochs: 9, training task: 3
[2m[36m(ParallelFedProxAgent pid=260088)[0m INFO:root:	task: 0	loss: 0.67120036	acc: 0.500
[2m[36m(ParallelFedProxAgent pid=260088)[0m INFO:root:	task: 1	loss: 0.66321016	acc: 0.973
[2m[36m(ParallelFedProxAgent pid=260088)[0m INFO:root:	task: 2	loss: 0.64214923	acc: 0.616
[2m[36m(ParallelFedProxAgent pid=260088)[0m INFO:root:	task: 3	loss: 0.65460098	acc: 0.500
[2m[36m(ParallelFedProxAgent pid=260088)[0m INFO:root:	task: avg	loss: 0.65779018	acc: 0.647
[2m[36m(ParallelFedProxAgent pid=260088)[0m INFO:root:epochs: 10, training task: 3
[2m[36m(ParallelFedProxAgent pid=260088)[0m INFO:root:	task: 0	loss: 0.66717563	acc: 0.500
[2m[36m(ParallelFedProxAgent pid=260088)[0m INFO:root:	task: 1	loss: 0.65848158	acc: 0.973
[2m[36m(ParallelFedProxAgent pid=260088)[0m INFO:root:	task: 2	loss: 0.63594067	acc: 0.778
[2m[36m(ParallelFedProxAgent pid=260088)[0m INFO:root:	task: 3	loss: 0.64957092	acc: 0.500
[2m[36m(ParallelFedProxAgent pid=260088)[0m INFO:root:	task: avg	loss: 0.65279220	acc: 0.688
[2m[36m(ParallelFedProxAgent pid=260088)[0m INFO:root:epochs: 11, training task: 3
[2m[36m(ParallelFedProxAgent pid=260088)[0m INFO:root:	task: 0	loss: 0.66184769	acc: 0.546
[2m[36m(ParallelFedProxAgent pid=260088)[0m INFO:root:	task: 1	loss: 0.65368278	acc: 0.973
[2m[36m(ParallelFedProxAgent pid=260088)[0m INFO:root:	task: 2	loss: 0.62876379	acc: 0.845
[2m[36m(ParallelFedProxAgent pid=260088)[0m INFO:root:	task: 3	loss: 0.64353050	acc: 0.792
[2m[36m(ParallelFedProxAgent pid=260088)[0m INFO:root:	task: avg	loss: 0.64695619	acc: 0.789
[2m[36m(ParallelFedProxAgent pid=260088)[0m INFO:root:epochs: 12, training task: 3
[2m[36m(ParallelFedProxAgent pid=260088)[0m INFO:root:	task: 0	loss: 0.65646108	acc: 0.790
[2m[36m(ParallelFedProxAgent pid=260088)[0m INFO:root:	task: 1	loss: 0.64898318	acc: 0.965
[2m[36m(ParallelFedProxAgent pid=260088)[0m INFO:root:	task: 2	loss: 0.62343705	acc: 0.878
[2m[36m(ParallelFedProxAgent pid=260088)[0m INFO:root:	task: 3	loss: 0.63670840	acc: 0.909
[2m[36m(ParallelFedProxAgent pid=260088)[0m INFO:root:	task: avg	loss: 0.64139743	acc: 0.886
[2m[36m(ParallelFedProxAgent pid=260088)[0m INFO:root:epochs: 13, training task: 3
[2m[36m(ParallelFedProxAgent pid=260088)[0m INFO:root:	task: 0	loss: 0.65172173	acc: 0.979
[2m[36m(ParallelFedProxAgent pid=260088)[0m INFO:root:	task: 1	loss: 0.64445094	acc: 0.972
[2m[36m(ParallelFedProxAgent pid=260088)[0m INFO:root:	task: 2	loss: 0.61671590	acc: 0.923
[2m[36m(ParallelFedProxAgent pid=260088)[0m INFO:root:	task: 3	loss: 0.63327396	acc: 0.904
[2m[36m(ParallelFedProxAgent pid=260088)[0m INFO:root:	task: avg	loss: 0.63654063	acc: 0.944
[2m[36m(ParallelFedProxAgent pid=260088)[0m INFO:root:epochs: 14, training task: 3
[2m[36m(ParallelFedProxAgent pid=260088)[0m INFO:root:	task: 0	loss: 0.64369899	acc: 0.991
[2m[36m(ParallelFedProxAgent pid=260088)[0m INFO:root:	task: 1	loss: 0.63914065	acc: 0.956
[2m[36m(ParallelFedProxAgent pid=260088)[0m INFO:root:	task: 2	loss: 0.61133237	acc: 0.885
[2m[36m(ParallelFedProxAgent pid=260088)[0m INFO:root:	task: 3	loss: 0.62203773	acc: 0.970
[2m[36m(ParallelFedProxAgent pid=260088)[0m INFO:root:	task: avg	loss: 0.62905243	acc: 0.950
[2m[36m(ParallelFedProxAgent pid=260088)[0m INFO:root:epochs: 15, training task: 3
[2m[36m(ParallelFedProxAgent pid=260088)[0m INFO:root:	task: 0	loss: 0.64076440	acc: 0.993
[2m[36m(ParallelFedProxAgent pid=260088)[0m INFO:root:	task: 1	loss: 0.63373553	acc: 0.968
[2m[36m(ParallelFedProxAgent pid=260088)[0m INFO:root:	task: 2	loss: 0.60446841	acc: 0.936
[2m[36m(ParallelFedProxAgent pid=260088)[0m INFO:root:	task: 3	loss: 0.61883381	acc: 0.959
[2m[36m(ParallelFedProxAgent pid=260088)[0m INFO:root:	task: avg	loss: 0.62445054	acc: 0.964
[2m[36m(ParallelFedProxAgent pid=260088)[0m INFO:root:epochs: 16, training task: 3
[2m[36m(ParallelFedProxAgent pid=260088)[0m INFO:root:	task: 0	loss: 0.63374005	acc: 0.993
[2m[36m(ParallelFedProxAgent pid=260088)[0m INFO:root:	task: 1	loss: 0.62792535	acc: 0.961
[2m[36m(ParallelFedProxAgent pid=260088)[0m INFO:root:	task: 2	loss: 0.59739938	acc: 0.933
[2m[36m(ParallelFedProxAgent pid=260088)[0m INFO:root:	task: 3	loss: 0.61018987	acc: 0.975
[2m[36m(ParallelFedProxAgent pid=260088)[0m INFO:root:	task: avg	loss: 0.61731366	acc: 0.965
[2m[36m(ParallelFedProxAgent pid=260088)[0m INFO:root:epochs: 17, training task: 3
[2m[36m(ParallelFedProxAgent pid=260088)[0m INFO:root:	task: 0	loss: 0.62845815	acc: 0.993
[2m[36m(ParallelFedProxAgent pid=260088)[0m INFO:root:	task: 1	loss: 0.62400388	acc: 0.956
[2m[36m(ParallelFedProxAgent pid=260088)[0m INFO:root:	task: 2	loss: 0.59345210	acc: 0.924
[2m[36m(ParallelFedProxAgent pid=260088)[0m INFO:root:	task: 3	loss: 0.60441823	acc: 0.979
[2m[36m(ParallelFedProxAgent pid=260088)[0m INFO:root:	task: avg	loss: 0.61258309	acc: 0.963
[2m[36m(ParallelFedProxAgent pid=260088)[0m INFO:root:epochs: 18, training task: 3
[2m[36m(ParallelFedProxAgent pid=260088)[0m INFO:root:	task: 0	loss: 0.62330254	acc: 0.992
[2m[36m(ParallelFedProxAgent pid=260088)[0m INFO:root:	task: 1	loss: 0.61790617	acc: 0.959
[2m[36m(ParallelFedProxAgent pid=260088)[0m INFO:root:	task: 2	loss: 0.58731943	acc: 0.935
[2m[36m(ParallelFedProxAgent pid=260088)[0m INFO:root:	task: 3	loss: 0.59851601	acc: 0.979
[2m[36m(ParallelFedProxAgent pid=260088)[0m INFO:root:	task: avg	loss: 0.60676104	acc: 0.966
[2m[36m(ParallelFedProxAgent pid=260088)[0m INFO:root:epochs: 19, training task: 3
[2m[36m(ParallelFedProxAgent pid=260088)[0m INFO:root:	task: 0	loss: 0.61725491	acc: 0.992
[2m[36m(ParallelFedProxAgent pid=260088)[0m INFO:root:	task: 1	loss: 0.61189153	acc: 0.958
[2m[36m(ParallelFedProxAgent pid=260088)[0m INFO:root:	task: 2	loss: 0.58204265	acc: 0.935
[2m[36m(ParallelFedProxAgent pid=260088)[0m INFO:root:	task: 3	loss: 0.59183158	acc: 0.983
[2m[36m(ParallelFedProxAgent pid=260088)[0m INFO:root:	task: avg	loss: 0.60075517	acc: 0.967
[2m[36m(ParallelFedProxAgent pid=260088)[0m INFO:root:epochs: 20, training task: 3
[2m[36m(ParallelFedProxAgent pid=260088)[0m INFO:root:	task: 0	loss: 0.61243739	acc: 0.990
[2m[36m(ParallelFedProxAgent pid=260088)[0m INFO:root:	task: 1	loss: 0.60636338	acc: 0.961
[2m[36m(ParallelFedProxAgent pid=260088)[0m INFO:root:	task: 2	loss: 0.57561185	acc: 0.944
[2m[36m(ParallelFedProxAgent pid=260088)[0m INFO:root:	task: 3	loss: 0.58573784	acc: 0.984
[2m[36m(ParallelFedProxAgent pid=260088)[0m INFO:root:	task: avg	loss: 0.59503761	acc: 0.969
[2m[36m(ParallelFedProxAgent pid=260088)[0m INFO:root:epochs: 21, training task: 3
[2m[36m(ParallelFedProxAgent pid=260088)[0m INFO:root:	task: 0	loss: 0.60633011	acc: 0.990
[2m[36m(ParallelFedProxAgent pid=260088)[0m INFO:root:	task: 1	loss: 0.60154356	acc: 0.957
[2m[36m(ParallelFedProxAgent pid=260088)[0m INFO:root:	task: 2	loss: 0.57022303	acc: 0.942
[2m[36m(ParallelFedProxAgent pid=260088)[0m INFO:root:	task: 3	loss: 0.57877612	acc: 0.986
[2m[36m(ParallelFedProxAgent pid=260088)[0m INFO:root:	task: avg	loss: 0.58921821	acc: 0.968
[2m[36m(ParallelFedProxAgent pid=260088)[0m INFO:root:epochs: 22, training task: 3
[2m[36m(ParallelFedProxAgent pid=260088)[0m INFO:root:	task: 0	loss: 0.60059921	acc: 0.989
[2m[36m(ParallelFedProxAgent pid=260088)[0m INFO:root:	task: 1	loss: 0.59568662	acc: 0.959
[2m[36m(ParallelFedProxAgent pid=260088)[0m INFO:root:	task: 2	loss: 0.56392215	acc: 0.946
[2m[36m(ParallelFedProxAgent pid=260088)[0m INFO:root:	task: 3	loss: 0.57275624	acc: 0.986
[2m[36m(ParallelFedProxAgent pid=260088)[0m INFO:root:	task: avg	loss: 0.58324105	acc: 0.970
[2m[36m(ParallelFedProxAgent pid=260088)[0m INFO:root:epochs: 23, training task: 3
[2m[36m(ParallelFedProxAgent pid=260088)[0m INFO:root:	task: 0	loss: 0.59547173	acc: 0.990
[2m[36m(ParallelFedProxAgent pid=260088)[0m INFO:root:	task: 1	loss: 0.59077939	acc: 0.959
[2m[36m(ParallelFedProxAgent pid=260088)[0m INFO:root:	task: 2	loss: 0.55914709	acc: 0.947
[2m[36m(ParallelFedProxAgent pid=260088)[0m INFO:root:	task: 3	loss: 0.56737225	acc: 0.986
[2m[36m(ParallelFedProxAgent pid=260088)[0m INFO:root:	task: avg	loss: 0.57819261	acc: 0.970
[2m[36m(ParallelFedProxAgent pid=260088)[0m INFO:root:epochs: 24, training task: 3
[2m[36m(ParallelFedProxAgent pid=260088)[0m INFO:root:	task: 0	loss: 0.58828498	acc: 0.990
[2m[36m(ParallelFedProxAgent pid=260088)[0m INFO:root:	task: 1	loss: 0.58450735	acc: 0.956
[2m[36m(ParallelFedProxAgent pid=260088)[0m INFO:root:	task: 2	loss: 0.55337700	acc: 0.942
[2m[36m(ParallelFedProxAgent pid=260088)[0m INFO:root:	task: 3	loss: 0.55920274	acc: 0.989
[2m[36m(ParallelFedProxAgent pid=260088)[0m INFO:root:	task: avg	loss: 0.57134302	acc: 0.969
[2m[36m(ParallelFedProxAgent pid=260088)[0m INFO:root:epochs: 25, training task: 3
[2m[36m(ParallelFedProxAgent pid=260088)[0m INFO:root:	task: 0	loss: 0.58382658	acc: 0.990
[2m[36m(ParallelFedProxAgent pid=260088)[0m INFO:root:	task: 1	loss: 0.57972062	acc: 0.958
[2m[36m(ParallelFedProxAgent pid=260088)[0m INFO:root:	task: 2	loss: 0.54854882	acc: 0.946
[2m[36m(ParallelFedProxAgent pid=260088)[0m INFO:root:	task: 3	loss: 0.55439598	acc: 0.989
[2m[36m(ParallelFedProxAgent pid=260088)[0m INFO:root:	task: avg	loss: 0.56662300	acc: 0.971
[2m[36m(ParallelFedProxAgent pid=260088)[0m INFO:root:epochs: 26, training task: 3
[2m[36m(ParallelFedProxAgent pid=260088)[0m INFO:root:	task: 0	loss: 0.57782679	acc: 0.989
[2m[36m(ParallelFedProxAgent pid=260088)[0m INFO:root:	task: 1	loss: 0.57441427	acc: 0.957
[2m[36m(ParallelFedProxAgent pid=260088)[0m INFO:root:	task: 2	loss: 0.54272612	acc: 0.948
[2m[36m(ParallelFedProxAgent pid=260088)[0m INFO:root:	task: 3	loss: 0.54784841	acc: 0.990
[2m[36m(ParallelFedProxAgent pid=260088)[0m INFO:root:	task: avg	loss: 0.56070390	acc: 0.971
[2m[36m(ParallelFedProxAgent pid=260088)[0m INFO:root:epochs: 27, training task: 3
[2m[36m(ParallelFedProxAgent pid=260088)[0m INFO:root:	task: 0	loss: 0.57280558	acc: 0.988
[2m[36m(ParallelFedProxAgent pid=260088)[0m INFO:root:	task: 1	loss: 0.56898257	acc: 0.959
[2m[36m(ParallelFedProxAgent pid=260088)[0m INFO:root:	task: 2	loss: 0.53687573	acc: 0.953
[2m[36m(ParallelFedProxAgent pid=260088)[0m INFO:root:	task: 3	loss: 0.54254255	acc: 0.990
[2m[36m(ParallelFedProxAgent pid=260088)[0m INFO:root:	task: avg	loss: 0.55530161	acc: 0.972
[2m[36m(ParallelFedProxAgent pid=260088)[0m INFO:root:epochs: 28, training task: 3
[2m[36m(ParallelFedProxAgent pid=260088)[0m INFO:root:	task: 0	loss: 0.56684268	acc: 0.988
[2m[36m(ParallelFedProxAgent pid=260088)[0m INFO:root:	task: 1	loss: 0.56399915	acc: 0.958
[2m[36m(ParallelFedProxAgent pid=260088)[0m INFO:root:	task: 2	loss: 0.53195416	acc: 0.950
[2m[36m(ParallelFedProxAgent pid=260088)[0m INFO:root:	task: 3	loss: 0.53611029	acc: 0.991
[2m[36m(ParallelFedProxAgent pid=260088)[0m INFO:root:	task: avg	loss: 0.54972657	acc: 0.971
[2m[36m(ParallelFedProxAgent pid=260088)[0m INFO:root:epochs: 29, training task: 3
[2m[36m(ParallelFedProxAgent pid=260088)[0m INFO:root:	task: 0	loss: 0.56054438	acc: 0.989
[2m[36m(ParallelFedProxAgent pid=260088)[0m INFO:root:	task: 1	loss: 0.55907243	acc: 0.956
[2m[36m(ParallelFedProxAgent pid=260088)[0m INFO:root:	task: 2	loss: 0.52733908	acc: 0.949
[2m[36m(ParallelFedProxAgent pid=260088)[0m INFO:root:	task: 3	loss: 0.52949053	acc: 0.993
[2m[36m(ParallelFedProxAgent pid=260088)[0m INFO:root:	task: avg	loss: 0.54411161	acc: 0.971
[2m[36m(ParallelFedProxAgent pid=260088)[0m INFO:root:epochs: 30, training task: 3
[2m[36m(ParallelFedProxAgent pid=260088)[0m INFO:root:	task: 0	loss: 0.55575075	acc: 0.989
[2m[36m(ParallelFedProxAgent pid=260088)[0m INFO:root:	task: 1	loss: 0.55436377	acc: 0.956
[2m[36m(ParallelFedProxAgent pid=260088)[0m INFO:root:	task: 2	loss: 0.52276318	acc: 0.950
[2m[36m(ParallelFedProxAgent pid=260088)[0m INFO:root:	task: 3	loss: 0.52459613	acc: 0.993
[2m[36m(ParallelFedProxAgent pid=260088)[0m INFO:root:	task: avg	loss: 0.53936846	acc: 0.972
[2m[36m(ParallelFedProxAgent pid=260088)[0m INFO:root:epochs: 31, training task: 3
[2m[36m(ParallelFedProxAgent pid=260088)[0m INFO:root:	task: 0	loss: 0.55034010	acc: 0.987
[2m[36m(ParallelFedProxAgent pid=260088)[0m INFO:root:	task: 1	loss: 0.54890229	acc: 0.956
[2m[36m(ParallelFedProxAgent pid=260088)[0m INFO:root:	task: 2	loss: 0.51731136	acc: 0.952
[2m[36m(ParallelFedProxAgent pid=260088)[0m INFO:root:	task: 3	loss: 0.51866290	acc: 0.992
[2m[36m(ParallelFedProxAgent pid=260088)[0m INFO:root:	task: avg	loss: 0.53380416	acc: 0.972
[2m[36m(ParallelFedProxAgent pid=260088)[0m INFO:root:epochs: 32, training task: 3
[2m[36m(ParallelFedProxAgent pid=260088)[0m INFO:root:	task: 0	loss: 0.54429404	acc: 0.987
[2m[36m(ParallelFedProxAgent pid=260088)[0m INFO:root:	task: 1	loss: 0.54300434	acc: 0.958
[2m[36m(ParallelFedProxAgent pid=260088)[0m INFO:root:	task: 2	loss: 0.51124487	acc: 0.956
[2m[36m(ParallelFedProxAgent pid=260088)[0m INFO:root:	task: 3	loss: 0.51227697	acc: 0.993
[2m[36m(ParallelFedProxAgent pid=260088)[0m INFO:root:	task: avg	loss: 0.52770506	acc: 0.973
[2m[36m(ParallelFedProxAgent pid=260088)[0m INFO:root:epochs: 33, training task: 3
[2m[36m(ParallelFedProxAgent pid=260088)[0m INFO:root:	task: 0	loss: 0.53896603	acc: 0.986
[2m[36m(ParallelFedProxAgent pid=260088)[0m INFO:root:	task: 1	loss: 0.53753159	acc: 0.959
[2m[36m(ParallelFedProxAgent pid=260088)[0m INFO:root:	task: 2	loss: 0.50613273	acc: 0.956
[2m[36m(ParallelFedProxAgent pid=260088)[0m INFO:root:	task: 3	loss: 0.50678159	acc: 0.993
[2m[36m(ParallelFedProxAgent pid=260088)[0m INFO:root:	task: avg	loss: 0.52235298	acc: 0.973
[2m[36m(ParallelFedProxAgent pid=260088)[0m INFO:root:epochs: 34, training task: 3
[2m[36m(ParallelFedProxAgent pid=260088)[0m INFO:root:	task: 0	loss: 0.53411494	acc: 0.985
[2m[36m(ParallelFedProxAgent pid=260088)[0m INFO:root:	task: 1	loss: 0.53136618	acc: 0.964
[2m[36m(ParallelFedProxAgent pid=260088)[0m INFO:root:	task: 2	loss: 0.49961523	acc: 0.963
[2m[36m(ParallelFedProxAgent pid=260088)[0m INFO:root:	task: 3	loss: 0.50150177	acc: 0.992
[2m[36m(ParallelFedProxAgent pid=260088)[0m INFO:root:	task: avg	loss: 0.51664953	acc: 0.976
[2m[36m(ParallelFedProxAgent pid=260088)[0m INFO:root:epochs: 35, training task: 3
[2m[36m(ParallelFedProxAgent pid=260088)[0m INFO:root:	task: 0	loss: 0.52797615	acc: 0.985
[2m[36m(ParallelFedProxAgent pid=260088)[0m INFO:root:	task: 1	loss: 0.52577263	acc: 0.964
[2m[36m(ParallelFedProxAgent pid=260088)[0m INFO:root:	task: 2	loss: 0.49394926	acc: 0.963
[2m[36m(ParallelFedProxAgent pid=260088)[0m INFO:root:	task: 3	loss: 0.49517429	acc: 0.993
[2m[36m(ParallelFedProxAgent pid=260088)[0m INFO:root:	task: avg	loss: 0.51071808	acc: 0.976
[2m[36m(ParallelFedProxAgent pid=260088)[0m INFO:root:epochs: 36, training task: 3
[2m[36m(ParallelFedProxAgent pid=260088)[0m INFO:root:	task: 0	loss: 0.52191423	acc: 0.987
[2m[36m(ParallelFedProxAgent pid=260088)[0m INFO:root:	task: 1	loss: 0.52247618	acc: 0.958
[2m[36m(ParallelFedProxAgent pid=260088)[0m INFO:root:	task: 2	loss: 0.49097345	acc: 0.958
[2m[36m(ParallelFedProxAgent pid=260088)[0m INFO:root:	task: 3	loss: 0.48985007	acc: 0.993
[2m[36m(ParallelFedProxAgent pid=260088)[0m INFO:root:	task: avg	loss: 0.50630349	acc: 0.974
[2m[36m(ParallelFedProxAgent pid=260088)[0m INFO:root:epochs: 37, training task: 3
[2m[36m(ParallelFedProxAgent pid=260088)[0m INFO:root:	task: 0	loss: 0.51846082	acc: 0.984
[2m[36m(ParallelFedProxAgent pid=260088)[0m INFO:root:	task: 1	loss: 0.51733957	acc: 0.965
[2m[36m(ParallelFedProxAgent pid=260088)[0m INFO:root:	task: 2	loss: 0.48433028	acc: 0.964
[2m[36m(ParallelFedProxAgent pid=260088)[0m INFO:root:	task: 3	loss: 0.48569008	acc: 0.993
[2m[36m(ParallelFedProxAgent pid=260088)[0m INFO:root:	task: avg	loss: 0.50145518	acc: 0.976
[2m[36m(ParallelFedProxAgent pid=260088)[0m INFO:root:epochs: 38, training task: 3
[2m[36m(ParallelFedProxAgent pid=260088)[0m INFO:root:	task: 0	loss: 0.50954060	acc: 0.989
[2m[36m(ParallelFedProxAgent pid=260088)[0m INFO:root:	task: 1	loss: 0.51498707	acc: 0.950
[2m[36m(ParallelFedProxAgent pid=260088)[0m INFO:root:	task: 2	loss: 0.48455167	acc: 0.948
[2m[36m(ParallelFedProxAgent pid=260088)[0m INFO:root:	task: 3	loss: 0.47840105	acc: 0.996
[2m[36m(ParallelFedProxAgent pid=260088)[0m INFO:root:	task: avg	loss: 0.49687010	acc: 0.970
[2m[36m(ParallelFedProxAgent pid=260088)[0m INFO:root:epochs: 39, training task: 3
[2m[36m(ParallelFedProxAgent pid=260088)[0m INFO:root:	task: 0	loss: 0.50778699	acc: 0.984
[2m[36m(ParallelFedProxAgent pid=260088)[0m INFO:root:	task: 1	loss: 0.50816255	acc: 0.964
[2m[36m(ParallelFedProxAgent pid=260088)[0m INFO:root:	task: 2	loss: 0.47638441	acc: 0.963
[2m[36m(ParallelFedProxAgent pid=260088)[0m INFO:root:	task: 3	loss: 0.47564060	acc: 0.993
[2m[36m(ParallelFedProxAgent pid=260088)[0m INFO:root:	task: avg	loss: 0.49199364	acc: 0.976
[2m[36m(ParallelFedProxAgent pid=260088)[0m INFO:root:epochs: 40, training task: 3
[2m[36m(ParallelFedProxAgent pid=260088)[0m INFO:root:	task: 0	loss: 0.50576408	acc: 0.982
[2m[36m(ParallelFedProxAgent pid=260088)[0m INFO:root:	task: 1	loss: 0.50379440	acc: 0.965
[2m[36m(ParallelFedProxAgent pid=260088)[0m INFO:root:	task: 2	loss: 0.47045736	acc: 0.969
[2m[36m(ParallelFedProxAgent pid=260088)[0m INFO:root:	task: 3	loss: 0.47206767	acc: 0.991
[2m[36m(ParallelFedProxAgent pid=260088)[0m INFO:root:	task: avg	loss: 0.48802087	acc: 0.977
[2m[36m(ParallelFedProxAgent pid=260088)[0m INFO:root:epochs: 41, training task: 3
[2m[36m(ParallelFedProxAgent pid=260088)[0m INFO:root:	task: 0	loss: 0.49816888	acc: 0.985
[2m[36m(ParallelFedProxAgent pid=260088)[0m INFO:root:	task: 1	loss: 0.50127672	acc: 0.962
[2m[36m(ParallelFedProxAgent pid=260088)[0m INFO:root:	task: 2	loss: 0.46925141	acc: 0.962
[2m[36m(ParallelFedProxAgent pid=260088)[0m INFO:root:	task: 3	loss: 0.46549711	acc: 0.993
[2m[36m(ParallelFedProxAgent pid=260088)[0m INFO:root:	task: avg	loss: 0.48354853	acc: 0.975
[2m[36m(ParallelFedProxAgent pid=260088)[0m INFO:root:epochs: 42, training task: 3
[2m[36m(ParallelFedProxAgent pid=260088)[0m INFO:root:	task: 0	loss: 0.49204301	acc: 0.986
[2m[36m(ParallelFedProxAgent pid=260088)[0m INFO:root:	task: 1	loss: 0.49700043	acc: 0.958
[2m[36m(ParallelFedProxAgent pid=260088)[0m INFO:root:	task: 2	loss: 0.46527367	acc: 0.959
[2m[36m(ParallelFedProxAgent pid=260088)[0m INFO:root:	task: 3	loss: 0.46022806	acc: 0.995
[2m[36m(ParallelFedProxAgent pid=260088)[0m INFO:root:	task: avg	loss: 0.47863629	acc: 0.974
[2m[36m(ParallelFedProxAgent pid=260088)[0m INFO:root:epochs: 43, training task: 3
[2m[36m(ParallelFedProxAgent pid=260088)[0m INFO:root:	task: 0	loss: 0.48720708	acc: 0.984
[2m[36m(ParallelFedProxAgent pid=260088)[0m INFO:root:	task: 1	loss: 0.49041415	acc: 0.963
[2m[36m(ParallelFedProxAgent pid=260088)[0m INFO:root:	task: 2	loss: 0.45808813	acc: 0.965
[2m[36m(ParallelFedProxAgent pid=260088)[0m INFO:root:	task: 3	loss: 0.45475778	acc: 0.994
[2m[36m(ParallelFedProxAgent pid=260088)[0m INFO:root:	task: avg	loss: 0.47261679	acc: 0.976
[2m[36m(ParallelFedProxAgent pid=260088)[0m INFO:root:epochs: 44, training task: 3
[2m[36m(ParallelFedProxAgent pid=260088)[0m INFO:root:	task: 0	loss: 0.48382050	acc: 0.984
[2m[36m(ParallelFedProxAgent pid=260088)[0m INFO:root:	task: 1	loss: 0.48658192	acc: 0.965
[2m[36m(ParallelFedProxAgent pid=260088)[0m INFO:root:	task: 2	loss: 0.45458866	acc: 0.967
[2m[36m(ParallelFedProxAgent pid=260088)[0m INFO:root:	task: 3	loss: 0.45135241	acc: 0.993
[2m[36m(ParallelFedProxAgent pid=260088)[0m INFO:root:	task: avg	loss: 0.46908587	acc: 0.977
[2m[36m(ParallelFedProxAgent pid=260088)[0m INFO:root:epochs: 45, training task: 3
[2m[36m(ParallelFedProxAgent pid=260088)[0m INFO:root:	task: 0	loss: 0.47654884	acc: 0.984
[2m[36m(ParallelFedProxAgent pid=260088)[0m INFO:root:	task: 1	loss: 0.48148372	acc: 0.962
[2m[36m(ParallelFedProxAgent pid=260088)[0m INFO:root:	task: 2	loss: 0.44987964	acc: 0.963
[2m[36m(ParallelFedProxAgent pid=260088)[0m INFO:root:	task: 3	loss: 0.44441751	acc: 0.995
[2m[36m(ParallelFedProxAgent pid=260088)[0m INFO:root:	task: avg	loss: 0.46308243	acc: 0.976
[2m[36m(ParallelFedProxAgent pid=260088)[0m INFO:root:epochs: 46, training task: 3
[2m[36m(ParallelFedProxAgent pid=260088)[0m INFO:root:	task: 0	loss: 0.47173732	acc: 0.986
[2m[36m(ParallelFedProxAgent pid=260088)[0m INFO:root:	task: 1	loss: 0.47844857	acc: 0.959
[2m[36m(ParallelFedProxAgent pid=260088)[0m INFO:root:	task: 2	loss: 0.44737487	acc: 0.961
[2m[36m(ParallelFedProxAgent pid=260088)[0m INFO:root:	task: 3	loss: 0.44002444	acc: 0.995
[2m[36m(ParallelFedProxAgent pid=260088)[0m INFO:root:	task: avg	loss: 0.45939630	acc: 0.975
[2m[36m(ParallelFedProxAgent pid=260088)[0m INFO:root:epochs: 47, training task: 3
[2m[36m(ParallelFedProxAgent pid=260088)[0m INFO:root:	task: 0	loss: 0.46723336	acc: 0.985
[2m[36m(ParallelFedProxAgent pid=260088)[0m INFO:root:	task: 1	loss: 0.47364439	acc: 0.960
[2m[36m(ParallelFedProxAgent pid=260088)[0m INFO:root:	task: 2	loss: 0.44249514	acc: 0.963
[2m[36m(ParallelFedProxAgent pid=260088)[0m INFO:root:	task: 3	loss: 0.43546757	acc: 0.995
[2m[36m(ParallelFedProxAgent pid=260088)[0m INFO:root:	task: avg	loss: 0.45471011	acc: 0.975
[2m[36m(ParallelFedProxAgent pid=260088)[0m INFO:root:epochs: 48, training task: 3
[2m[36m(ParallelFedProxAgent pid=260088)[0m INFO:root:	task: 0	loss: 0.46453121	acc: 0.983
[2m[36m(ParallelFedProxAgent pid=260088)[0m INFO:root:	task: 1	loss: 0.46825939	acc: 0.966
[2m[36m(ParallelFedProxAgent pid=260088)[0m INFO:root:	task: 2	loss: 0.43647337	acc: 0.968
[2m[36m(ParallelFedProxAgent pid=260088)[0m INFO:root:	task: 3	loss: 0.43212935	acc: 0.993
[2m[36m(ParallelFedProxAgent pid=260088)[0m INFO:root:	task: avg	loss: 0.45034833	acc: 0.977
[2m[36m(ParallelFedProxAgent pid=260088)[0m INFO:root:epochs: 49, training task: 3
[2m[36m(ParallelFedProxAgent pid=260088)[0m INFO:root:	task: 0	loss: 0.45893387	acc: 0.983
[2m[36m(ParallelFedProxAgent pid=260088)[0m INFO:root:	task: 1	loss: 0.46296113	acc: 0.966
[2m[36m(ParallelFedProxAgent pid=260088)[0m INFO:root:	task: 2	loss: 0.43132689	acc: 0.970
[2m[36m(ParallelFedProxAgent pid=260088)[0m INFO:root:	task: 3	loss: 0.42650649	acc: 0.993
[2m[36m(ParallelFedProxAgent pid=260088)[0m INFO:root:	task: avg	loss: 0.44493210	acc: 0.978
[2m[36m(ParallelFedProxAgent pid=260088)[0m INFO:root:epochs: 50, training task: 3
[2m[36m(ParallelFedProxAgent pid=260088)[0m INFO:root:	task: 0	loss: 0.45400750	acc: 0.984
[2m[36m(ParallelFedProxAgent pid=260088)[0m INFO:root:	task: 1	loss: 0.46006374	acc: 0.965
[2m[36m(ParallelFedProxAgent pid=260088)[0m INFO:root:	task: 2	loss: 0.42901730	acc: 0.965
[2m[36m(ParallelFedProxAgent pid=260088)[0m INFO:root:	task: 3	loss: 0.42195366	acc: 0.994
[2m[36m(ParallelFedProxAgent pid=260088)[0m INFO:root:	task: avg	loss: 0.44126055	acc: 0.977
[2m[36m(ParallelFedProxAgent pid=260088)[0m INFO:root:epochs: 51, training task: 3
[2m[36m(ParallelFedProxAgent pid=260088)[0m INFO:root:	task: 0	loss: 0.44720826	acc: 0.985
[2m[36m(ParallelFedProxAgent pid=260088)[0m INFO:root:	task: 1	loss: 0.45612820	acc: 0.959
[2m[36m(ParallelFedProxAgent pid=260088)[0m INFO:root:	task: 2	loss: 0.42554462	acc: 0.961
[2m[36m(ParallelFedProxAgent pid=260088)[0m INFO:root:	task: 3	loss: 0.41557213	acc: 0.995
[2m[36m(ParallelFedProxAgent pid=260088)[0m INFO:root:	task: avg	loss: 0.43611330	acc: 0.975
[2m[36m(ParallelFedProxAgent pid=260088)[0m INFO:root:epochs: 52, training task: 3
[2m[36m(ParallelFedProxAgent pid=260088)[0m INFO:root:	task: 0	loss: 0.44338523	acc: 0.985
[2m[36m(ParallelFedProxAgent pid=260088)[0m INFO:root:	task: 1	loss: 0.45267618	acc: 0.959
[2m[36m(ParallelFedProxAgent pid=260088)[0m INFO:root:	task: 2	loss: 0.42222574	acc: 0.961
[2m[36m(ParallelFedProxAgent pid=260088)[0m INFO:root:	task: 3	loss: 0.41195381	acc: 0.995
[2m[36m(ParallelFedProxAgent pid=260088)[0m INFO:root:	task: avg	loss: 0.43256024	acc: 0.975
[2m[36m(ParallelFedProxAgent pid=260088)[0m INFO:root:epochs: 53, training task: 3
[2m[36m(ParallelFedProxAgent pid=260088)[0m INFO:root:	task: 0	loss: 0.44261878	acc: 0.982
[2m[36m(ParallelFedProxAgent pid=260088)[0m INFO:root:	task: 1	loss: 0.44627201	acc: 0.966
[2m[36m(ParallelFedProxAgent pid=260088)[0m INFO:root:	task: 2	loss: 0.41511182	acc: 0.970
[2m[36m(ParallelFedProxAgent pid=260088)[0m INFO:root:	task: 3	loss: 0.41029206	acc: 0.992
[2m[36m(ParallelFedProxAgent pid=260088)[0m INFO:root:	task: avg	loss: 0.42857367	acc: 0.977
[2m[36m(ParallelFedProxAgent pid=260088)[0m INFO:root:epochs: 54, training task: 3
[2m[36m(ParallelFedProxAgent pid=260088)[0m INFO:root:	task: 0	loss: 0.43835440	acc: 0.983
[2m[36m(ParallelFedProxAgent pid=260088)[0m INFO:root:	task: 1	loss: 0.44288828	acc: 0.965
[2m[36m(ParallelFedProxAgent pid=260088)[0m INFO:root:	task: 2	loss: 0.41273323	acc: 0.969
[2m[36m(ParallelFedProxAgent pid=260088)[0m INFO:root:	task: 3	loss: 0.40652791	acc: 0.992
[2m[36m(ParallelFedProxAgent pid=260088)[0m INFO:root:	task: avg	loss: 0.42512595	acc: 0.977
[2m[36m(ParallelFedProxAgent pid=260088)[0m INFO:root:epochs: 55, training task: 3
[2m[36m(ParallelFedProxAgent pid=260088)[0m INFO:root:	task: 0	loss: 0.43163725	acc: 0.985
[2m[36m(ParallelFedProxAgent pid=260088)[0m INFO:root:	task: 1	loss: 0.44177843	acc: 0.958
[2m[36m(ParallelFedProxAgent pid=260088)[0m INFO:root:	task: 2	loss: 0.41271971	acc: 0.961
[2m[36m(ParallelFedProxAgent pid=260088)[0m INFO:root:	task: 3	loss: 0.40106207	acc: 0.995
[2m[36m(ParallelFedProxAgent pid=260088)[0m INFO:root:	task: avg	loss: 0.42179937	acc: 0.974
[2m[36m(ParallelFedProxAgent pid=260088)[0m INFO:root:epochs: 56, training task: 3
[2m[36m(ParallelFedProxAgent pid=260088)[0m INFO:root:	task: 0	loss: 0.42864077	acc: 0.983
[2m[36m(ParallelFedProxAgent pid=260088)[0m INFO:root:	task: 1	loss: 0.43612877	acc: 0.964
[2m[36m(ParallelFedProxAgent pid=260088)[0m INFO:root:	task: 2	loss: 0.40668959	acc: 0.966
[2m[36m(ParallelFedProxAgent pid=260088)[0m INFO:root:	task: 3	loss: 0.39731923	acc: 0.994
[2m[36m(ParallelFedProxAgent pid=260088)[0m INFO:root:	task: avg	loss: 0.41719459	acc: 0.976
[2m[36m(ParallelFedProxAgent pid=260088)[0m INFO:root:epochs: 57, training task: 3
[2m[36m(ParallelFedProxAgent pid=260088)[0m INFO:root:	task: 0	loss: 0.42823850	acc: 0.980
[2m[36m(ParallelFedProxAgent pid=260088)[0m INFO:root:	task: 1	loss: 0.42993975	acc: 0.968
[2m[36m(ParallelFedProxAgent pid=260088)[0m INFO:root:	task: 2	loss: 0.39987301	acc: 0.973
[2m[36m(ParallelFedProxAgent pid=260088)[0m INFO:root:	task: 3	loss: 0.39674601	acc: 0.991
[2m[36m(ParallelFedProxAgent pid=260088)[0m INFO:root:	task: avg	loss: 0.41369932	acc: 0.978
[2m[36m(ParallelFedProxAgent pid=260088)[0m INFO:root:epochs: 58, training task: 3
[2m[36m(ParallelFedProxAgent pid=260088)[0m INFO:root:	task: 0	loss: 0.42051505	acc: 0.982
[2m[36m(ParallelFedProxAgent pid=260088)[0m INFO:root:	task: 1	loss: 0.42806384	acc: 0.966
[2m[36m(ParallelFedProxAgent pid=260088)[0m INFO:root:	task: 2	loss: 0.39842271	acc: 0.969
[2m[36m(ParallelFedProxAgent pid=260088)[0m INFO:root:	task: 3	loss: 0.39061460	acc: 0.994
[2m[36m(ParallelFedProxAgent pid=260088)[0m INFO:root:	task: avg	loss: 0.40940405	acc: 0.978
[2m[36m(ParallelFedProxAgent pid=260088)[0m INFO:root:epochs: 59, training task: 3
[2m[36m(ParallelFedProxAgent pid=260088)[0m INFO:root:	task: 0	loss: 0.41359473	acc: 0.984
[2m[36m(ParallelFedProxAgent pid=260088)[0m INFO:root:	task: 1	loss: 0.42558438	acc: 0.961
[2m[36m(ParallelFedProxAgent pid=260088)[0m INFO:root:	task: 2	loss: 0.39634885	acc: 0.965
[2m[36m(ParallelFedProxAgent pid=260088)[0m INFO:root:	task: 3	loss: 0.38441386	acc: 0.996
[2m[36m(ParallelFedProxAgent pid=260088)[0m INFO:root:	task: avg	loss: 0.40498545	acc: 0.976
[2m[36m(ParallelFedProxAgent pid=260088)[0m INFO:root:epochs: 60, training task: 3
[2m[36m(ParallelFedProxAgent pid=260088)[0m INFO:root:	task: 0	loss: 0.41155563	acc: 0.984
[2m[36m(ParallelFedProxAgent pid=260088)[0m INFO:root:	task: 1	loss: 0.42173938	acc: 0.964
[2m[36m(ParallelFedProxAgent pid=260088)[0m INFO:root:	task: 2	loss: 0.39185859	acc: 0.968
[2m[36m(ParallelFedProxAgent pid=260088)[0m INFO:root:	task: 3	loss: 0.38159329	acc: 0.995
[2m[36m(ParallelFedProxAgent pid=260088)[0m INFO:root:	task: avg	loss: 0.40168672	acc: 0.978
[2m[36m(ParallelFedProxAgent pid=260088)[0m INFO:root:epochs: 61, training task: 3
[2m[36m(ParallelFedProxAgent pid=260088)[0m INFO:root:	task: 0	loss: 0.40719844	acc: 0.983
[2m[36m(ParallelFedProxAgent pid=260088)[0m INFO:root:	task: 1	loss: 0.41631001	acc: 0.965
[2m[36m(ParallelFedProxAgent pid=260088)[0m INFO:root:	task: 2	loss: 0.38608625	acc: 0.969
[2m[36m(ParallelFedProxAgent pid=260088)[0m INFO:root:	task: 3	loss: 0.37661115	acc: 0.995
[2m[36m(ParallelFedProxAgent pid=260088)[0m INFO:root:	task: avg	loss: 0.39655146	acc: 0.978
[2m[36m(ParallelFedProxAgent pid=260088)[0m INFO:root:epochs: 62, training task: 3
[2m[36m(ParallelFedProxAgent pid=260088)[0m INFO:root:	task: 0	loss: 0.40253408	acc: 0.983
[2m[36m(ParallelFedProxAgent pid=260088)[0m INFO:root:	task: 1	loss: 0.41284288	acc: 0.964
[2m[36m(ParallelFedProxAgent pid=260088)[0m INFO:root:	task: 2	loss: 0.38284365	acc: 0.969
[2m[36m(ParallelFedProxAgent pid=260088)[0m INFO:root:	task: 3	loss: 0.37206855	acc: 0.996
[2m[36m(ParallelFedProxAgent pid=260088)[0m INFO:root:	task: avg	loss: 0.39257229	acc: 0.978
[2m[36m(ParallelFedProxAgent pid=260088)[0m INFO:root:epochs: 63, training task: 3
[2m[36m(ParallelFedProxAgent pid=260088)[0m INFO:root:	task: 0	loss: 0.39921505	acc: 0.983
[2m[36m(ParallelFedProxAgent pid=260088)[0m INFO:root:	task: 1	loss: 0.40993394	acc: 0.965
[2m[36m(ParallelFedProxAgent pid=260088)[0m INFO:root:	task: 2	loss: 0.37981732	acc: 0.969
[2m[36m(ParallelFedProxAgent pid=260088)[0m INFO:root:	task: 3	loss: 0.36883506	acc: 0.995
[2m[36m(ParallelFedProxAgent pid=260088)[0m INFO:root:	task: avg	loss: 0.38945034	acc: 0.978
[2m[36m(ParallelFedProxAgent pid=260088)[0m INFO:root:epochs: 64, training task: 3
[2m[36m(ParallelFedProxAgent pid=260088)[0m INFO:root:	task: 0	loss: 0.39443066	acc: 0.984
[2m[36m(ParallelFedProxAgent pid=260088)[0m INFO:root:	task: 1	loss: 0.40637680	acc: 0.965
[2m[36m(ParallelFedProxAgent pid=260088)[0m INFO:root:	task: 2	loss: 0.37659515	acc: 0.968
[2m[36m(ParallelFedProxAgent pid=260088)[0m INFO:root:	task: 3	loss: 0.36434606	acc: 0.995
[2m[36m(ParallelFedProxAgent pid=260088)[0m INFO:root:	task: avg	loss: 0.38543717	acc: 0.978
[2m[36m(ParallelFedProxAgent pid=260088)[0m INFO:root:epochs: 65, training task: 3
[2m[36m(ParallelFedProxAgent pid=260088)[0m INFO:root:	task: 0	loss: 0.39206146	acc: 0.984
[2m[36m(ParallelFedProxAgent pid=260088)[0m INFO:root:	task: 1	loss: 0.40482772	acc: 0.965
[2m[36m(ParallelFedProxAgent pid=260088)[0m INFO:root:	task: 2	loss: 0.37569352	acc: 0.968
[2m[36m(ParallelFedProxAgent pid=260088)[0m INFO:root:	task: 3	loss: 0.36224937	acc: 0.996
[2m[36m(ParallelFedProxAgent pid=260088)[0m INFO:root:	task: avg	loss: 0.38370802	acc: 0.978
[2m[36m(ParallelFedProxAgent pid=260088)[0m INFO:root:epochs: 66, training task: 3
[2m[36m(ParallelFedProxAgent pid=260088)[0m INFO:root:	task: 0	loss: 0.38736771	acc: 0.984
[2m[36m(ParallelFedProxAgent pid=260088)[0m INFO:root:	task: 1	loss: 0.40128102	acc: 0.964
[2m[36m(ParallelFedProxAgent pid=260088)[0m INFO:root:	task: 2	loss: 0.37271143	acc: 0.966
[2m[36m(ParallelFedProxAgent pid=260088)[0m INFO:root:	task: 3	loss: 0.35766695	acc: 0.996
[2m[36m(ParallelFedProxAgent pid=260088)[0m INFO:root:	task: avg	loss: 0.37975678	acc: 0.977
[2m[36m(ParallelFedProxAgent pid=260088)[0m INFO:root:epochs: 67, training task: 3
[2m[36m(ParallelFedProxAgent pid=260088)[0m INFO:root:	task: 0	loss: 0.38207701	acc: 0.984
[2m[36m(ParallelFedProxAgent pid=260088)[0m INFO:root:	task: 1	loss: 0.39590937	acc: 0.965
[2m[36m(ParallelFedProxAgent pid=260088)[0m INFO:root:	task: 2	loss: 0.36737502	acc: 0.969
[2m[36m(ParallelFedProxAgent pid=260088)[0m INFO:root:	task: 3	loss: 0.35250540	acc: 0.996
[2m[36m(ParallelFedProxAgent pid=260088)[0m INFO:root:	task: avg	loss: 0.37446670	acc: 0.978
[2m[36m(ParallelFedProxAgent pid=260088)[0m INFO:root:epochs: 68, training task: 3
[2m[36m(ParallelFedProxAgent pid=260088)[0m INFO:root:	task: 0	loss: 0.38045159	acc: 0.983
[2m[36m(ParallelFedProxAgent pid=260088)[0m INFO:root:	task: 1	loss: 0.39282664	acc: 0.965
[2m[36m(ParallelFedProxAgent pid=260088)[0m INFO:root:	task: 2	loss: 0.36431424	acc: 0.970
[2m[36m(ParallelFedProxAgent pid=260088)[0m INFO:root:	task: 3	loss: 0.35050791	acc: 0.996
[2m[36m(ParallelFedProxAgent pid=260088)[0m INFO:root:	task: avg	loss: 0.37202509	acc: 0.978
[2m[36m(ParallelFedProxAgent pid=260088)[0m INFO:root:epochs: 69, training task: 3
[2m[36m(ParallelFedProxAgent pid=260088)[0m INFO:root:	task: 0	loss: 0.37862205	acc: 0.980
[2m[36m(ParallelFedProxAgent pid=260088)[0m INFO:root:	task: 1	loss: 0.38625035	acc: 0.967
[2m[36m(ParallelFedProxAgent pid=260088)[0m INFO:root:	task: 2	loss: 0.35812392	acc: 0.970
[2m[36m(ParallelFedProxAgent pid=260088)[0m INFO:root:	task: 3	loss: 0.34787565	acc: 0.995
[2m[36m(ParallelFedProxAgent pid=260088)[0m INFO:root:	task: avg	loss: 0.36771799	acc: 0.978
[2m[36m(ParallelFedProxAgent pid=260088)[0m INFO:root:epochs: 70, training task: 3
[2m[36m(ParallelFedProxAgent pid=260088)[0m INFO:root:	task: 0	loss: 0.37568975	acc: 0.980
[2m[36m(ParallelFedProxAgent pid=260088)[0m INFO:root:	task: 1	loss: 0.38259304	acc: 0.967
[2m[36m(ParallelFedProxAgent pid=260088)[0m INFO:root:	task: 2	loss: 0.35487241	acc: 0.970
[2m[36m(ParallelFedProxAgent pid=260088)[0m INFO:root:	task: 3	loss: 0.34494115	acc: 0.994
[2m[36m(ParallelFedProxAgent pid=260088)[0m INFO:root:	task: avg	loss: 0.36452409	acc: 0.978
[2m[36m(ParallelFedProxAgent pid=260088)[0m INFO:root:epochs: 71, training task: 3
[2m[36m(ParallelFedProxAgent pid=260088)[0m INFO:root:	task: 0	loss: 0.37041000	acc: 0.980
[2m[36m(ParallelFedProxAgent pid=260088)[0m INFO:root:	task: 1	loss: 0.37998359	acc: 0.966
[2m[36m(ParallelFedProxAgent pid=260088)[0m INFO:root:	task: 2	loss: 0.35282484	acc: 0.970
[2m[36m(ParallelFedProxAgent pid=260088)[0m INFO:root:	task: 3	loss: 0.34029839	acc: 0.995
[2m[36m(ParallelFedProxAgent pid=260088)[0m INFO:root:	task: avg	loss: 0.36087921	acc: 0.977
[2m[36m(ParallelFedProxAgent pid=260088)[0m INFO:root:epochs: 72, training task: 3
[2m[36m(ParallelFedProxAgent pid=260088)[0m INFO:root:	task: 0	loss: 0.36459124	acc: 0.983
[2m[36m(ParallelFedProxAgent pid=260088)[0m INFO:root:	task: 1	loss: 0.37723257	acc: 0.966
[2m[36m(ParallelFedProxAgent pid=260088)[0m INFO:root:	task: 2	loss: 0.35055894	acc: 0.970
[2m[36m(ParallelFedProxAgent pid=260088)[0m INFO:root:	task: 3	loss: 0.33513419	acc: 0.995
[2m[36m(ParallelFedProxAgent pid=260088)[0m INFO:root:	task: avg	loss: 0.35687924	acc: 0.978
[2m[36m(ParallelFedProxAgent pid=260088)[0m INFO:root:epochs: 73, training task: 3
[2m[36m(ParallelFedProxAgent pid=260088)[0m INFO:root:	task: 0	loss: 0.36123827	acc: 0.983
[2m[36m(ParallelFedProxAgent pid=260088)[0m INFO:root:	task: 1	loss: 0.37414753	acc: 0.965
[2m[36m(ParallelFedProxAgent pid=260088)[0m INFO:root:	task: 2	loss: 0.34754409	acc: 0.969
[2m[36m(ParallelFedProxAgent pid=260088)[0m INFO:root:	task: 3	loss: 0.33181800	acc: 0.995
[2m[36m(ParallelFedProxAgent pid=260088)[0m INFO:root:	task: avg	loss: 0.35368697	acc: 0.978
[2m[36m(ParallelFedProxAgent pid=260088)[0m INFO:root:epochs: 74, training task: 3
[2m[36m(ParallelFedProxAgent pid=260088)[0m INFO:root:	task: 0	loss: 0.35749840	acc: 0.982
[2m[36m(ParallelFedProxAgent pid=260088)[0m INFO:root:	task: 1	loss: 0.36975020	acc: 0.966
[2m[36m(ParallelFedProxAgent pid=260088)[0m INFO:root:	task: 2	loss: 0.34307130	acc: 0.970
[2m[36m(ParallelFedProxAgent pid=260088)[0m INFO:root:	task: 3	loss: 0.32775161	acc: 0.995
[2m[36m(ParallelFedProxAgent pid=260088)[0m INFO:root:	task: avg	loss: 0.34951788	acc: 0.978
[2m[36m(ParallelFedProxAgent pid=260088)[0m INFO:root:epochs: 75, training task: 3
[2m[36m(ParallelFedProxAgent pid=260088)[0m INFO:root:	task: 0	loss: 0.35506927	acc: 0.981
[2m[36m(ParallelFedProxAgent pid=260088)[0m INFO:root:	task: 1	loss: 0.36670128	acc: 0.966
[2m[36m(ParallelFedProxAgent pid=260088)[0m INFO:root:	task: 2	loss: 0.34009587	acc: 0.971
[2m[36m(ParallelFedProxAgent pid=260088)[0m INFO:root:	task: 3	loss: 0.32527681	acc: 0.995
[2m[36m(ParallelFedProxAgent pid=260088)[0m INFO:root:	task: avg	loss: 0.34678581	acc: 0.978
[2m[36m(ParallelFedProxAgent pid=260088)[0m INFO:root:epochs: 76, training task: 3
[2m[36m(ParallelFedProxAgent pid=260088)[0m INFO:root:	task: 0	loss: 0.35106595	acc: 0.981
[2m[36m(ParallelFedProxAgent pid=260088)[0m INFO:root:	task: 1	loss: 0.36313856	acc: 0.966
[2m[36m(ParallelFedProxAgent pid=260088)[0m INFO:root:	task: 2	loss: 0.33670556	acc: 0.970
[2m[36m(ParallelFedProxAgent pid=260088)[0m INFO:root:	task: 3	loss: 0.32129373	acc: 0.995
[2m[36m(ParallelFedProxAgent pid=260088)[0m INFO:root:	task: avg	loss: 0.34305095	acc: 0.978
[2m[36m(ParallelFedProxAgent pid=260088)[0m INFO:root:epochs: 77, training task: 3
[2m[36m(ParallelFedProxAgent pid=260088)[0m INFO:root:	task: 0	loss: 0.34692296	acc: 0.982
[2m[36m(ParallelFedProxAgent pid=260088)[0m INFO:root:	task: 1	loss: 0.36042103	acc: 0.966
[2m[36m(ParallelFedProxAgent pid=260088)[0m INFO:root:	task: 2	loss: 0.33406197	acc: 0.970
[2m[36m(ParallelFedProxAgent pid=260088)[0m INFO:root:	task: 3	loss: 0.31730328	acc: 0.996
[2m[36m(ParallelFedProxAgent pid=260088)[0m INFO:root:	task: avg	loss: 0.33967731	acc: 0.978
[2m[36m(ParallelFedProxAgent pid=260088)[0m INFO:root:epochs: 78, training task: 3
[2m[36m(ParallelFedProxAgent pid=260088)[0m INFO:root:	task: 0	loss: 0.34380116	acc: 0.982
[2m[36m(ParallelFedProxAgent pid=260088)[0m INFO:root:	task: 1	loss: 0.35775149	acc: 0.965
[2m[36m(ParallelFedProxAgent pid=260088)[0m INFO:root:	task: 2	loss: 0.33143118	acc: 0.970
[2m[36m(ParallelFedProxAgent pid=260088)[0m INFO:root:	task: 3	loss: 0.31412691	acc: 0.996
[2m[36m(ParallelFedProxAgent pid=260088)[0m INFO:root:	task: avg	loss: 0.33677768	acc: 0.978
[2m[36m(ParallelFedProxAgent pid=260088)[0m INFO:root:epochs: 79, training task: 3
[2m[36m(ParallelFedProxAgent pid=260088)[0m INFO:root:	task: 0	loss: 0.34105554	acc: 0.981
[2m[36m(ParallelFedProxAgent pid=260088)[0m INFO:root:	task: 1	loss: 0.35347918	acc: 0.965
[2m[36m(ParallelFedProxAgent pid=260088)[0m INFO:root:	task: 2	loss: 0.32676679	acc: 0.970
[2m[36m(ParallelFedProxAgent pid=260088)[0m INFO:root:	task: 3	loss: 0.31081573	acc: 0.997
[2m[36m(ParallelFedProxAgent pid=260088)[0m INFO:root:	task: avg	loss: 0.33302931	acc: 0.978
[2m[36m(ParallelFedProxAgent pid=260088)[0m INFO:root:epochs: 80, training task: 3
[2m[36m(ParallelFedProxAgent pid=260088)[0m INFO:root:	task: 0	loss: 0.33759073	acc: 0.981
[2m[36m(ParallelFedProxAgent pid=260088)[0m INFO:root:	task: 1	loss: 0.34995160	acc: 0.965
[2m[36m(ParallelFedProxAgent pid=260088)[0m INFO:root:	task: 2	loss: 0.32324716	acc: 0.970
[2m[36m(ParallelFedProxAgent pid=260088)[0m INFO:root:	task: 3	loss: 0.30712063	acc: 0.997
[2m[36m(ParallelFedProxAgent pid=260088)[0m INFO:root:	task: avg	loss: 0.32947753	acc: 0.978
[2m[36m(ParallelFedProxAgent pid=260088)[0m INFO:root:epochs: 81, training task: 3
[2m[36m(ParallelFedProxAgent pid=260088)[0m INFO:root:	task: 0	loss: 0.33395538	acc: 0.981
[2m[36m(ParallelFedProxAgent pid=260088)[0m INFO:root:	task: 1	loss: 0.34763329	acc: 0.965
[2m[36m(ParallelFedProxAgent pid=260088)[0m INFO:root:	task: 2	loss: 0.32136670	acc: 0.970
[2m[36m(ParallelFedProxAgent pid=260088)[0m INFO:root:	task: 3	loss: 0.30379481	acc: 0.997
[2m[36m(ParallelFedProxAgent pid=260088)[0m INFO:root:	task: avg	loss: 0.32668754	acc: 0.978
[2m[36m(ParallelFedProxAgent pid=260088)[0m INFO:root:epochs: 82, training task: 3
[2m[36m(ParallelFedProxAgent pid=260088)[0m INFO:root:	task: 0	loss: 0.32988712	acc: 0.982
[2m[36m(ParallelFedProxAgent pid=260088)[0m INFO:root:	task: 1	loss: 0.34477551	acc: 0.965
[2m[36m(ParallelFedProxAgent pid=260088)[0m INFO:root:	task: 2	loss: 0.31897437	acc: 0.970
[2m[36m(ParallelFedProxAgent pid=260088)[0m INFO:root:	task: 3	loss: 0.30019201	acc: 0.997
[2m[36m(ParallelFedProxAgent pid=260088)[0m INFO:root:	task: avg	loss: 0.32345725	acc: 0.978
[2m[36m(ParallelFedProxAgent pid=260088)[0m INFO:root:epochs: 83, training task: 3
[2m[36m(ParallelFedProxAgent pid=260088)[0m INFO:root:	task: 0	loss: 0.32690927	acc: 0.982
[2m[36m(ParallelFedProxAgent pid=260088)[0m INFO:root:	task: 1	loss: 0.34220754	acc: 0.966
[2m[36m(ParallelFedProxAgent pid=260088)[0m INFO:root:	task: 2	loss: 0.31701431	acc: 0.970
[2m[36m(ParallelFedProxAgent pid=260088)[0m INFO:root:	task: 3	loss: 0.29755602	acc: 0.997
[2m[36m(ParallelFedProxAgent pid=260088)[0m INFO:root:	task: avg	loss: 0.32092179	acc: 0.979
[2m[36m(ParallelFedProxAgent pid=260088)[0m INFO:root:epochs: 84, training task: 3
[2m[36m(ParallelFedProxAgent pid=260088)[0m INFO:root:	task: 0	loss: 0.32694104	acc: 0.980
[2m[36m(ParallelFedProxAgent pid=260088)[0m INFO:root:	task: 1	loss: 0.33847232	acc: 0.966
[2m[36m(ParallelFedProxAgent pid=260088)[0m INFO:root:	task: 2	loss: 0.31342354	acc: 0.971
[2m[36m(ParallelFedProxAgent pid=260088)[0m INFO:root:	task: 3	loss: 0.29693404	acc: 0.996
[2m[36m(ParallelFedProxAgent pid=260088)[0m INFO:root:	task: avg	loss: 0.31894273	acc: 0.978
[2m[36m(ParallelFedProxAgent pid=260088)[0m INFO:root:epochs: 85, training task: 3
[2m[36m(ParallelFedProxAgent pid=260088)[0m INFO:root:	task: 0	loss: 0.32756223	acc: 0.979
[2m[36m(ParallelFedProxAgent pid=260088)[0m INFO:root:	task: 1	loss: 0.33411665	acc: 0.968
[2m[36m(ParallelFedProxAgent pid=260088)[0m INFO:root:	task: 2	loss: 0.30903214	acc: 0.972
[2m[36m(ParallelFedProxAgent pid=260088)[0m INFO:root:	task: 3	loss: 0.29634558	acc: 0.994
[2m[36m(ParallelFedProxAgent pid=260088)[0m INFO:root:	task: avg	loss: 0.31676415	acc: 0.978
[2m[36m(ParallelFedProxAgent pid=260088)[0m INFO:root:epochs: 86, training task: 3
[2m[36m(ParallelFedProxAgent pid=260088)[0m INFO:root:	task: 0	loss: 0.32233748	acc: 0.980
[2m[36m(ParallelFedProxAgent pid=260088)[0m INFO:root:	task: 1	loss: 0.33266625	acc: 0.967
[2m[36m(ParallelFedProxAgent pid=260088)[0m INFO:root:	task: 2	loss: 0.30889831	acc: 0.971
[2m[36m(ParallelFedProxAgent pid=260088)[0m INFO:root:	task: 3	loss: 0.29217789	acc: 0.995
[2m[36m(ParallelFedProxAgent pid=260088)[0m INFO:root:	task: avg	loss: 0.31401998	acc: 0.978
[2m[36m(ParallelFedProxAgent pid=260088)[0m INFO:root:epochs: 87, training task: 3
[2m[36m(ParallelFedProxAgent pid=260088)[0m INFO:root:	task: 0	loss: 0.31973587	acc: 0.980
[2m[36m(ParallelFedProxAgent pid=260088)[0m INFO:root:	task: 1	loss: 0.33126766	acc: 0.966
[2m[36m(ParallelFedProxAgent pid=260088)[0m INFO:root:	task: 2	loss: 0.30747786	acc: 0.970
[2m[36m(ParallelFedProxAgent pid=260088)[0m INFO:root:	task: 3	loss: 0.28939559	acc: 0.995
[2m[36m(ParallelFedProxAgent pid=260088)[0m INFO:root:	task: avg	loss: 0.31196924	acc: 0.978
[2m[36m(ParallelFedProxAgent pid=260088)[0m INFO:root:epochs: 88, training task: 3
[2m[36m(ParallelFedProxAgent pid=260088)[0m INFO:root:	task: 0	loss: 0.32303400	acc: 0.978
[2m[36m(ParallelFedProxAgent pid=260088)[0m INFO:root:	task: 1	loss: 0.32744109	acc: 0.969
[2m[36m(ParallelFedProxAgent pid=260088)[0m INFO:root:	task: 2	loss: 0.30152406	acc: 0.973
[2m[36m(ParallelFedProxAgent pid=260088)[0m INFO:root:	task: 3	loss: 0.28903136	acc: 0.994
[2m[36m(ParallelFedProxAgent pid=260088)[0m INFO:root:	task: avg	loss: 0.31025763	acc: 0.978
[2m[36m(ParallelFedProxAgent pid=260088)[0m INFO:root:epochs: 89, training task: 3
[2m[36m(ParallelFedProxAgent pid=260088)[0m INFO:root:	task: 0	loss: 0.31503650	acc: 0.980
[2m[36m(ParallelFedProxAgent pid=260088)[0m INFO:root:	task: 1	loss: 0.32585996	acc: 0.966
[2m[36m(ParallelFedProxAgent pid=260088)[0m INFO:root:	task: 2	loss: 0.30112101	acc: 0.971
[2m[36m(ParallelFedProxAgent pid=260088)[0m INFO:root:	task: 3	loss: 0.28317093	acc: 0.995
[2m[36m(ParallelFedProxAgent pid=260088)[0m INFO:root:	task: avg	loss: 0.30629710	acc: 0.978
[2m[36m(ParallelFedProxAgent pid=260088)[0m INFO:root:epochs: 90, training task: 3
[2m[36m(ParallelFedProxAgent pid=260088)[0m INFO:root:	task: 0	loss: 0.30938160	acc: 0.981
[2m[36m(ParallelFedProxAgent pid=260088)[0m INFO:root:	task: 1	loss: 0.32457934	acc: 0.966
[2m[36m(ParallelFedProxAgent pid=260088)[0m INFO:root:	task: 2	loss: 0.30063611	acc: 0.970
[2m[36m(ParallelFedProxAgent pid=260088)[0m INFO:root:	task: 3	loss: 0.27888889	acc: 0.996
[2m[36m(ParallelFedProxAgent pid=260088)[0m INFO:root:	task: avg	loss: 0.30337149	acc: 0.978
[2m[36m(ParallelFedProxAgent pid=260088)[0m INFO:root:epochs: 91, training task: 3
[2m[36m(ParallelFedProxAgent pid=260088)[0m INFO:root:	task: 0	loss: 0.30609750	acc: 0.981
[2m[36m(ParallelFedProxAgent pid=260088)[0m INFO:root:	task: 1	loss: 0.32275567	acc: 0.966
[2m[36m(ParallelFedProxAgent pid=260088)[0m INFO:root:	task: 2	loss: 0.29932518	acc: 0.969
[2m[36m(ParallelFedProxAgent pid=260088)[0m INFO:root:	task: 3	loss: 0.27632081	acc: 0.997
[2m[36m(ParallelFedProxAgent pid=260088)[0m INFO:root:	task: avg	loss: 0.30112479	acc: 0.978
[2m[36m(ParallelFedProxAgent pid=260088)[0m INFO:root:epochs: 92, training task: 3
[2m[36m(ParallelFedProxAgent pid=260088)[0m INFO:root:	task: 0	loss: 0.30760072	acc: 0.980
[2m[36m(ParallelFedProxAgent pid=260088)[0m INFO:root:	task: 1	loss: 0.31754482	acc: 0.967
[2m[36m(ParallelFedProxAgent pid=260088)[0m INFO:root:	task: 2	loss: 0.29392314	acc: 0.971
[2m[36m(ParallelFedProxAgent pid=260088)[0m INFO:root:	task: 3	loss: 0.27664851	acc: 0.995
[2m[36m(ParallelFedProxAgent pid=260088)[0m INFO:root:	task: avg	loss: 0.29892930	acc: 0.978
[2m[36m(ParallelFedProxAgent pid=260088)[0m INFO:root:epochs: 93, training task: 3
[2m[36m(ParallelFedProxAgent pid=260088)[0m INFO:root:	task: 0	loss: 0.30576954	acc: 0.979
[2m[36m(ParallelFedProxAgent pid=260088)[0m INFO:root:	task: 1	loss: 0.31319820	acc: 0.969
[2m[36m(ParallelFedProxAgent pid=260088)[0m INFO:root:	task: 2	loss: 0.28981210	acc: 0.972
[2m[36m(ParallelFedProxAgent pid=260088)[0m INFO:root:	task: 3	loss: 0.27436717	acc: 0.995
[2m[36m(ParallelFedProxAgent pid=260088)[0m INFO:root:	task: avg	loss: 0.29578675	acc: 0.978
[2m[36m(ParallelFedProxAgent pid=260088)[0m INFO:root:epochs: 94, training task: 3
[2m[36m(ParallelFedProxAgent pid=260088)[0m INFO:root:	task: 0	loss: 0.30084583	acc: 0.980
[2m[36m(ParallelFedProxAgent pid=260088)[0m INFO:root:	task: 1	loss: 0.31280585	acc: 0.967
[2m[36m(ParallelFedProxAgent pid=260088)[0m INFO:root:	task: 2	loss: 0.28998960	acc: 0.971
[2m[36m(ParallelFedProxAgent pid=260088)[0m INFO:root:	task: 3	loss: 0.27069746	acc: 0.995
[2m[36m(ParallelFedProxAgent pid=260088)[0m INFO:root:	task: avg	loss: 0.29358469	acc: 0.978
[2m[36m(ParallelFedProxAgent pid=260088)[0m INFO:root:epochs: 95, training task: 3
[2m[36m(ParallelFedProxAgent pid=260088)[0m INFO:root:	task: 0	loss: 0.29606909	acc: 0.980
[2m[36m(ParallelFedProxAgent pid=260088)[0m INFO:root:	task: 1	loss: 0.31310929	acc: 0.965
[2m[36m(ParallelFedProxAgent pid=260088)[0m INFO:root:	task: 2	loss: 0.29076155	acc: 0.969
[2m[36m(ParallelFedProxAgent pid=260088)[0m INFO:root:	task: 3	loss: 0.26705392	acc: 0.997
[2m[36m(ParallelFedProxAgent pid=260088)[0m INFO:root:	task: avg	loss: 0.29174846	acc: 0.978
[2m[36m(ParallelFedProxAgent pid=260088)[0m INFO:root:epochs: 96, training task: 3
[2m[36m(ParallelFedProxAgent pid=260088)[0m INFO:root:	task: 0	loss: 0.29502065	acc: 0.980
[2m[36m(ParallelFedProxAgent pid=260088)[0m INFO:root:	task: 1	loss: 0.31019741	acc: 0.966
[2m[36m(ParallelFedProxAgent pid=260088)[0m INFO:root:	task: 2	loss: 0.28786552	acc: 0.970
[2m[36m(ParallelFedProxAgent pid=260088)[0m INFO:root:	task: 3	loss: 0.26552358	acc: 0.996
[2m[36m(ParallelFedProxAgent pid=260088)[0m INFO:root:	task: avg	loss: 0.28965179	acc: 0.978
[2m[36m(ParallelFedProxAgent pid=260088)[0m INFO:root:epochs: 97, training task: 3
[2m[36m(ParallelFedProxAgent pid=260088)[0m INFO:root:	task: 0	loss: 0.29644938	acc: 0.979
[2m[36m(ParallelFedProxAgent pid=260088)[0m INFO:root:	task: 1	loss: 0.30502402	acc: 0.968
[2m[36m(ParallelFedProxAgent pid=260088)[0m INFO:root:	task: 2	loss: 0.28230253	acc: 0.972
[2m[36m(ParallelFedProxAgent pid=260088)[0m INFO:root:	task: 3	loss: 0.26561312	acc: 0.995
[2m[36m(ParallelFedProxAgent pid=260088)[0m INFO:root:	task: avg	loss: 0.28734726	acc: 0.979
[2m[36m(ParallelFedProxAgent pid=260088)[0m INFO:root:epochs: 98, training task: 3
[2m[36m(ParallelFedProxAgent pid=260088)[0m INFO:root:	task: 0	loss: 0.29400552	acc: 0.979
[2m[36m(ParallelFedProxAgent pid=260088)[0m INFO:root:	task: 1	loss: 0.30118402	acc: 0.969
[2m[36m(ParallelFedProxAgent pid=260088)[0m INFO:root:	task: 2	loss: 0.27831447	acc: 0.971
[2m[36m(ParallelFedProxAgent pid=260088)[0m INFO:root:	task: 3	loss: 0.26295868	acc: 0.994
[2m[36m(ParallelFedProxAgent pid=260088)[0m INFO:root:	task: avg	loss: 0.28411567	acc: 0.978
[2m[36m(ParallelFedProxAgent pid=260088)[0m INFO:root:epochs: 99, training task: 3
[2m[36m(ParallelFedProxAgent pid=260088)[0m INFO:root:	task: 0	loss: 0.29015442	acc: 0.979
[2m[36m(ParallelFedProxAgent pid=260088)[0m INFO:root:	task: 1	loss: 0.29897436	acc: 0.968
[2m[36m(ParallelFedProxAgent pid=260088)[0m INFO:root:	task: 2	loss: 0.27614598	acc: 0.972
[2m[36m(ParallelFedProxAgent pid=260088)[0m INFO:root:	task: 3	loss: 0.25947352	acc: 0.995
[2m[36m(ParallelFedProxAgent pid=260088)[0m INFO:root:	task: avg	loss: 0.28118707	acc: 0.978
[2m[36m(ParallelFedProxAgent pid=260088)[0m INFO:root:epochs: 100, training task: 3
[2m[36m(ParallelFedProxAgent pid=260088)[0m INFO:root:	task: 0	loss: 0.28795224	acc: 0.980
[2m[36m(ParallelFedProxAgent pid=260088)[0m INFO:root:	task: 1	loss: 0.29808332	acc: 0.968
[2m[36m(ParallelFedProxAgent pid=260088)[0m INFO:root:	task: 2	loss: 0.27545798	acc: 0.972
[2m[36m(ParallelFedProxAgent pid=260088)[0m INFO:root:	task: 3	loss: 0.25764936	acc: 0.995
[2m[36m(ParallelFedProxAgent pid=260088)[0m INFO:root:	task: avg	loss: 0.27978573	acc: 0.979
[2m[36m(ParallelFedProxAgent pid=260088)[0m INFO:root:epochs: 101, training task: 3
[2m[36m(ParallelFedProxAgent pid=260088)[0m INFO:root:	task: 0	loss: 0.28795224	acc: 0.980
[2m[36m(ParallelFedProxAgent pid=260088)[0m INFO:root:	task: 1	loss: 0.29808332	acc: 0.968
[2m[36m(ParallelFedProxAgent pid=260088)[0m INFO:root:	task: 2	loss: 0.27545798	acc: 0.972
[2m[36m(ParallelFedProxAgent pid=260088)[0m INFO:root:	task: 3	loss: 0.25764936	acc: 0.995
[2m[36m(ParallelFedProxAgent pid=260088)[0m INFO:root:	task: avg	loss: 0.27978573	acc: 0.979
[2023-10-16 14:36:43,604][root][INFO] - DONE TRAINING THE JOINT AGENT...
[2023-10-16 14:36:43,605][root][INFO] - No. gpus per agent: 0.25
slurmstepd: error: *** STEP 129753.0 ON ee-a6000-1.grasp.maas CANCELLED AT 2023-10-16T14:36:43 ***
slurmstepd: error: *** JOB 129753 ON ee-a6000-1.grasp.maas CANCELLED AT 2023-10-16T14:36:43 ***
