{'train': {'component_update_freq': 100, 'num_epochs': 100, 'init_component_update_freq': 100, 'init_num_epochs': 100, 'save_freq': 1}, 'dataset': {'dataset_name': 'mnist', 'num_tasks': 10, 'num_classes_per_task': 2, 'with_replacement': True, 'num_trains_per_class': 64, 'num_vals_per_class': 50, 'remap_labels': True}, 'net': {'name': 'mlp', 'depth': 4, 'layer_size': 64, 'dropout': 0.0}, 'sharing_strategy': {'name': 'gradient', 'num_coms_per_round': 1, 'comm_freq': 10, 'mu': 1.0}, 'seed': 0, 'algo': 'modular', 'job_name': 'mnist_modular_numtrain_64_contrastive', 'num_agents': 8, 'root_save_dir': 'experiment_results/fedavg/', 'parallel': True, 'num_init_tasks': 4, 'agent': {'save_dir': '${root_save_dir}/${job_name}/${dataset.dataset_name}/${algo}/seed_${seed}', 'batch_size': 64, 'memory_size': 32, 'improvement_threshold': 0.05, 'use_contrastive': True}}
[2023-10-17 23:27:16,511][root][INFO] - Class sequence: [5 0 4 3 4 6 4 3 8 0 1 0 5 9 6 4 9 0 3 0]
[2023-10-17 23:27:16,530][root][INFO] - task 0 :(128, 1, 28, 28)
[2023-10-17 23:27:16,578][root][INFO] - task 1 :(128, 1, 28, 28)
[2023-10-17 23:27:16,599][root][INFO] - task 2 :(128, 1, 28, 28)
[2023-10-17 23:27:16,620][root][INFO] - task 3 :(128, 1, 28, 28)
[2023-10-17 23:27:16,638][root][INFO] - task 4 :(128, 1, 28, 28)
[2023-10-17 23:27:16,659][root][INFO] - task 5 :(128, 1, 28, 28)
[2023-10-17 23:27:16,678][root][INFO] - task 6 :(128, 1, 28, 28)
[2023-10-17 23:27:16,697][root][INFO] - task 7 :(128, 1, 28, 28)
[2023-10-17 23:27:16,716][root][INFO] - task 8 :(128, 1, 28, 28)
[2023-10-17 23:27:16,736][root][INFO] - task 9 :(128, 1, 28, 28)
[2023-10-17 23:27:16,834][root][INFO] - Class sequence: [4 7 5 7 6 0 3 0 5 0 3 6 2 7 6 7 6 1 0 5]
[2023-10-17 23:27:16,851][root][INFO] - task 0 :(128, 1, 28, 28)
[2023-10-17 23:27:16,871][root][INFO] - task 1 :(128, 1, 28, 28)
[2023-10-17 23:27:16,891][root][INFO] - task 2 :(128, 1, 28, 28)
[2023-10-17 23:27:16,910][root][INFO] - task 3 :(128, 1, 28, 28)
[2023-10-17 23:27:16,930][root][INFO] - task 4 :(128, 1, 28, 28)
[2023-10-17 23:27:16,950][root][INFO] - task 5 :(128, 1, 28, 28)
[2023-10-17 23:27:17,003][root][INFO] - task 6 :(128, 1, 28, 28)
[2023-10-17 23:27:17,029][root][INFO] - task 7 :(128, 1, 28, 28)
[2023-10-17 23:27:17,050][root][INFO] - task 8 :(128, 1, 28, 28)
[2023-10-17 23:27:17,069][root][INFO] - task 9 :(128, 1, 28, 28)
[2023-10-17 23:27:17,167][root][INFO] - Class sequence: [6 7 7 8 4 1 1 8 6 1 6 4 5 7 8 0 2 3 0 3]
[2023-10-17 23:27:17,184][root][INFO] - task 0 :(128, 1, 28, 28)
[2023-10-17 23:27:17,203][root][INFO] - task 1 :(128, 1, 28, 28)
[2023-10-17 23:27:17,224][root][INFO] - task 2 :(128, 1, 28, 28)
[2023-10-17 23:27:17,244][root][INFO] - task 3 :(128, 1, 28, 28)
[2023-10-17 23:27:17,269][root][INFO] - task 4 :(128, 1, 28, 28)
[2023-10-17 23:27:17,288][root][INFO] - task 5 :(128, 1, 28, 28)
[2023-10-17 23:27:17,307][root][INFO] - task 6 :(128, 1, 28, 28)
[2023-10-17 23:27:17,327][root][INFO] - task 7 :(128, 1, 28, 28)
[2023-10-17 23:27:17,346][root][INFO] - task 8 :(128, 1, 28, 28)
[2023-10-17 23:27:17,366][root][INFO] - task 9 :(128, 1, 28, 28)
[2023-10-17 23:27:17,465][root][INFO] - Class sequence: [2 8 0 3 7 4 3 4 4 5 9 3 0 6 9 1 3 1 7 9]
[2023-10-17 23:27:17,483][root][INFO] - task 0 :(128, 1, 28, 28)
[2023-10-17 23:27:17,508][root][INFO] - task 1 :(128, 1, 28, 28)
[2023-10-17 23:27:17,527][root][INFO] - task 2 :(128, 1, 28, 28)
[2023-10-17 23:27:17,547][root][INFO] - task 3 :(128, 1, 28, 28)
[2023-10-17 23:27:17,565][root][INFO] - task 4 :(128, 1, 28, 28)
[2023-10-17 23:27:17,585][root][INFO] - task 5 :(128, 1, 28, 28)
[2023-10-17 23:27:17,605][root][INFO] - task 6 :(128, 1, 28, 28)
[2023-10-17 23:27:17,624][root][INFO] - task 7 :(128, 1, 28, 28)
[2023-10-17 23:27:17,646][root][INFO] - task 8 :(128, 1, 28, 28)
[2023-10-17 23:27:17,667][root][INFO] - task 9 :(128, 1, 28, 28)
[2023-10-17 23:27:17,765][root][INFO] - Class sequence: [0 3 0 2 9 7 0 9 2 1 7 6 8 6 1 8 6 4 9 8]
[2023-10-17 23:27:17,782][root][INFO] - task 0 :(128, 1, 28, 28)
[2023-10-17 23:27:17,801][root][INFO] - task 1 :(128, 1, 28, 28)
[2023-10-17 23:27:17,821][root][INFO] - task 2 :(128, 1, 28, 28)
[2023-10-17 23:27:17,841][root][INFO] - task 3 :(128, 1, 28, 28)
[2023-10-17 23:27:17,861][root][INFO] - task 4 :(128, 1, 28, 28)
[2023-10-17 23:27:17,882][root][INFO] - task 5 :(128, 1, 28, 28)
[2023-10-17 23:27:17,901][root][INFO] - task 6 :(128, 1, 28, 28)
[2023-10-17 23:27:17,921][root][INFO] - task 7 :(128, 1, 28, 28)
[2023-10-17 23:27:17,940][root][INFO] - task 8 :(128, 1, 28, 28)
[2023-10-17 23:27:17,959][root][INFO] - task 9 :(128, 1, 28, 28)
[2023-10-17 23:27:18,057][root][INFO] - Class sequence: [8 4 6 3 3 1 1 6 4 9 3 2 2 9 6 0 5 9 7 2]
[2023-10-17 23:27:18,074][root][INFO] - task 0 :(128, 1, 28, 28)
[2023-10-17 23:27:18,094][root][INFO] - task 1 :(128, 1, 28, 28)
[2023-10-17 23:27:18,116][root][INFO] - task 2 :(128, 1, 28, 28)
[2023-10-17 23:27:18,144][root][INFO] - task 3 :(128, 1, 28, 28)
[2023-10-17 23:27:18,164][root][INFO] - task 4 :(128, 1, 28, 28)
[2023-10-17 23:27:18,183][root][INFO] - task 5 :(128, 1, 28, 28)
[2023-10-17 23:27:18,203][root][INFO] - task 6 :(128, 1, 28, 28)
[2023-10-17 23:27:18,222][root][INFO] - task 7 :(128, 1, 28, 28)
[2023-10-17 23:27:18,241][root][INFO] - task 8 :(128, 1, 28, 28)
[2023-10-17 23:27:18,262][root][INFO] - task 9 :(128, 1, 28, 28)
[2023-10-17 23:27:18,360][root][INFO] - Class sequence: [7 5 8 4 6 9 8 3 4 6 1 3 3 1 4 1 9 2 6 2]
[2023-10-17 23:27:18,376][root][INFO] - task 0 :(128, 1, 28, 28)
[2023-10-17 23:27:18,396][root][INFO] - task 1 :(128, 1, 28, 28)
[2023-10-17 23:27:18,416][root][INFO] - task 2 :(128, 1, 28, 28)
[2023-10-17 23:27:18,437][root][INFO] - task 3 :(128, 1, 28, 28)
[2023-10-17 23:27:18,455][root][INFO] - task 4 :(128, 1, 28, 28)
[2023-10-17 23:27:18,482][root][INFO] - task 5 :(128, 1, 28, 28)
[2023-10-17 23:27:18,503][root][INFO] - task 6 :(128, 1, 28, 28)
[2023-10-17 23:27:18,523][root][INFO] - task 7 :(128, 1, 28, 28)
[2023-10-17 23:27:18,542][root][INFO] - task 8 :(128, 1, 28, 28)
[2023-10-17 23:27:18,562][root][INFO] - task 9 :(128, 1, 28, 28)
[2023-10-17 23:27:18,661][root][INFO] - Class sequence: [5 1 8 3 9 6 5 9 5 0 7 2 7 8 6 1 6 0 0 6]
[2023-10-17 23:27:18,678][root][INFO] - task 0 :(128, 1, 28, 28)
[2023-10-17 23:27:18,703][root][INFO] - task 1 :(128, 1, 28, 28)
[2023-10-17 23:27:18,723][root][INFO] - task 2 :(128, 1, 28, 28)
[2023-10-17 23:27:18,742][root][INFO] - task 3 :(128, 1, 28, 28)
[2023-10-17 23:27:18,761][root][INFO] - task 4 :(128, 1, 28, 28)
[2023-10-17 23:27:18,783][root][INFO] - task 5 :(128, 1, 28, 28)
[2023-10-17 23:27:18,808][root][INFO] - task 6 :(128, 1, 28, 28)
[2023-10-17 23:27:18,829][root][INFO] - task 7 :(128, 1, 28, 28)
[2023-10-17 23:27:18,848][root][INFO] - task 8 :(128, 1, 28, 28)
[2023-10-17 23:27:18,867][root][INFO] - task 9 :(128, 1, 28, 28)
i_size 28
num_classes 2
net_cfg {'name': 'mlp', 'depth': 4, 'layer_size': 64, 'dropout': 0.0, 'i_size': 28, 'num_classes': 2, 'num_tasks': 10, 'num_init_tasks': 4, 'use_contrastive': True}
<class 'shell.learners.er_dynamic.CompositionalDynamicER'>
[2023-10-17 23:27:18,970][root][INFO] - Class sequence: [7 0 8 4 8 3 3 9 6 4 3 2 4 6 7 4 9 0 3 1]
[2023-10-17 23:27:18,986][root][INFO] - task 0 :(128, 1, 28, 28)
[2023-10-17 23:27:19,006][root][INFO] - task 1 :(128, 1, 28, 28)
[2023-10-17 23:27:19,026][root][INFO] - task 2 :(128, 1, 28, 28)
[2023-10-17 23:27:19,046][root][INFO] - task 3 :(128, 1, 28, 28)
[2023-10-17 23:27:19,065][root][INFO] - task 4 :(128, 1, 28, 28)
[2023-10-17 23:27:19,085][root][INFO] - task 5 :(128, 1, 28, 28)
[2023-10-17 23:27:19,105][root][INFO] - task 6 :(128, 1, 28, 28)
[2023-10-17 23:27:19,125][root][INFO] - task 7 :(128, 1, 28, 28)
[2023-10-17 23:27:19,145][root][INFO] - task 8 :(128, 1, 28, 28)
[2023-10-17 23:27:19,165][root][INFO] - task 9 :(128, 1, 28, 28)
[2023-10-17 23:27:33,739][root][INFO] - Joint training on task 0 ...
[2023-10-17 23:27:38,688][root][INFO] - Joint training on task 1 ...
[2023-10-17 23:27:39,737][root][INFO] - Joint training on task 2 ...
[2023-10-17 23:27:40,979][root][INFO] - Joint training on task 3 ...
[2023-10-17 23:29:51,106][root][INFO] - DONE TRAINING THE JOINT AGENT...
[2023-10-17 23:29:51,107][root][INFO] - No. gpus per agent: 0.25
[2023-10-17 23:29:56,924][root][INFO] - Created fleet with 8 agents
[2023-10-17 23:29:56,924][root][INFO] - Adding neighbors...
[2023-10-17 23:29:57,023][root][INFO] - Fleet initialized
[2023-10-17 23:29:57,031][root][INFO] - READY TO TRAIN INDIVIDUAL AGENTS...
[2m[36m(ParallelModGrad pid=644375)[0m node 2 is processing at round 0 for task 0
[2m[36m(ParallelModGrad pid=644373)[0m node 0 is processing at round 0 for task 0
[2m[36m(ParallelModGrad pid=644374)[0m node 1 is processing at round 0 for task 0
[2m[36m(ParallelModGrad pid=644376)[0m node 3 is processing at round 0 for task 0
[2m[36m(ParallelModGrad pid=644377)[0m node 4 is processing at round 0 for task 0
[2m[36m(ParallelModGrad pid=644379)[0m node 5 is processing at round 0 for task 0
[2m[36m(ParallelModGrad pid=644380)[0m node 6 is processing at round 0 for task 0
[2m[36m(ParallelModGrad pid=644435)[0m node 7 is processing at round 0 for task 0
[2m[36m(ParallelModGrad pid=644375)[0m node 2 is processing at round 1 for task 0
[2m[36m(ParallelModGrad pid=644373)[0m node 0 is processing at round 1 for task 0
[2m[36m(ParallelModGrad pid=644374)[0m node 1 is processing at round 1 for task 0
[2m[36m(ParallelModGrad pid=644376)[0m node 3 is processing at round 1 for task 0
[2m[36m(ParallelModGrad pid=644377)[0m node 4 is processing at round 1 for task 0
[2m[36m(ParallelModGrad pid=644379)[0m node 5 is processing at round 1 for task 0
[2m[36m(ParallelModGrad pid=644380)[0m node 6 is processing at round 1 for task 0
[2m[36m(ParallelModGrad pid=644435)[0m node 7 is processing at round 1 for task 0
[2m[36m(ParallelModGrad pid=644375)[0m node 2 is processing at round 2 for task 0
[2m[36m(ParallelModGrad pid=644373)[0m node 0 is processing at round 2 for task 0
[2m[36m(ParallelModGrad pid=644374)[0m node 1 is processing at round 2 for task 0
[2m[36m(ParallelModGrad pid=644376)[0m node 3 is processing at round 2 for task 0
[2m[36m(ParallelModGrad pid=644377)[0m node 4 is processing at round 2 for task 0
[2m[36m(ParallelModGrad pid=644379)[0m node 5 is processing at round 2 for task 0
[2m[36m(ParallelModGrad pid=644380)[0m node 6 is processing at round 2 for task 0
[2m[36m(ParallelModGrad pid=644435)[0m node 7 is processing at round 2 for task 0
[2m[36m(ParallelModGrad pid=644375)[0m node 2 is processing at round 3 for task 0
[2m[36m(ParallelModGrad pid=644373)[0m node 0 is processing at round 3 for task 0
[2m[36m(ParallelModGrad pid=644374)[0m node 1 is processing at round 3 for task 0
[2m[36m(ParallelModGrad pid=644376)[0m node 3 is processing at round 3 for task 0
[2m[36m(ParallelModGrad pid=644377)[0m node 4 is processing at round 3 for task 0
[2m[36m(ParallelModGrad pid=644379)[0m node 5 is processing at round 3 for task 0
[2m[36m(ParallelModGrad pid=644380)[0m node 6 is processing at round 3 for task 0
[2m[36m(ParallelModGrad pid=644435)[0m node 7 is processing at round 3 for task 0
[2m[36m(ParallelModGrad pid=644375)[0m node 2 is processing at round 4 for task 0
[2m[36m(ParallelModGrad pid=644373)[0m node 0 is processing at round 4 for task 0
[2m[36m(ParallelModGrad pid=644374)[0m node 1 is processing at round 4 for task 0
[2m[36m(ParallelModGrad pid=644376)[0m node 3 is processing at round 4 for task 0
[2m[36m(ParallelModGrad pid=644377)[0m node 4 is processing at round 4 for task 0
[2m[36m(ParallelModGrad pid=644379)[0m node 5 is processing at round 4 for task 0
[2m[36m(ParallelModGrad pid=644380)[0m node 6 is processing at round 4 for task 0
[2m[36m(ParallelModGrad pid=644435)[0m node 7 is processing at round 4 for task 0
[2m[36m(ParallelModGrad pid=644375)[0m node 2 is processing at round 5 for task 0
[2m[36m(ParallelModGrad pid=644373)[0m node 0 is processing at round 5 for task 0
[2m[36m(ParallelModGrad pid=644374)[0m node 1 is processing at round 5 for task 0
[2m[36m(ParallelModGrad pid=644376)[0m node 3 is processing at round 5 for task 0
[2m[36m(ParallelModGrad pid=644377)[0m node 4 is processing at round 5 for task 0
[2m[36m(ParallelModGrad pid=644379)[0m node 5 is processing at round 5 for task 0
[2m[36m(ParallelModGrad pid=644380)[0m node 6 is processing at round 5 for task 0
[2m[36m(ParallelModGrad pid=644435)[0m node 7 is processing at round 5 for task 0
[2m[36m(ParallelModGrad pid=644375)[0m node 2 is processing at round 6 for task 0
[2m[36m(ParallelModGrad pid=644373)[0m node 0 is processing at round 6 for task 0
[2m[36m(ParallelModGrad pid=644374)[0m node 1 is processing at round 6 for task 0
[2m[36m(ParallelModGrad pid=644376)[0m node 3 is processing at round 6 for task 0
[2m[36m(ParallelModGrad pid=644377)[0m node 4 is processing at round 6 for task 0
[2m[36m(ParallelModGrad pid=644379)[0m node 5 is processing at round 6 for task 0
[2m[36m(ParallelModGrad pid=644380)[0m node 6 is processing at round 6 for task 0
[2m[36m(ParallelModGrad pid=644435)[0m node 7 is processing at round 6 for task 0
[2m[36m(ParallelModGrad pid=644375)[0m node 2 is processing at round 7 for task 0
[2m[36m(ParallelModGrad pid=644373)[0m node 0 is processing at round 7 for task 0
[2m[36m(ParallelModGrad pid=644374)[0m node 1 is processing at round 7 for task 0
[2m[36m(ParallelModGrad pid=644376)[0m node 3 is processing at round 7 for task 0
[2m[36m(ParallelModGrad pid=644377)[0m node 4 is processing at round 7 for task 0
[2m[36m(ParallelModGrad pid=644379)[0m node 5 is processing at round 7 for task 0
[2m[36m(ParallelModGrad pid=644380)[0m node 6 is processing at round 7 for task 0
[2m[36m(ParallelModGrad pid=644435)[0m node 7 is processing at round 7 for task 0
[2m[36m(ParallelModGrad pid=644375)[0m node 2 is processing at round 8 for task 0
[2m[36m(ParallelModGrad pid=644373)[0m node 0 is processing at round 8 for task 0
[2m[36m(ParallelModGrad pid=644374)[0m node 1 is processing at round 8 for task 0
[2m[36m(ParallelModGrad pid=644376)[0m node 3 is processing at round 8 for task 0
[2m[36m(ParallelModGrad pid=644377)[0m node 4 is processing at round 8 for task 0
[2m[36m(ParallelModGrad pid=644379)[0m node 5 is processing at round 8 for task 0
[2m[36m(ParallelModGrad pid=644380)[0m node 6 is processing at round 8 for task 0
[2m[36m(ParallelModGrad pid=644435)[0m node 7 is processing at round 8 for task 0
[2m[36m(ParallelModGrad pid=644375)[0m node 2 is processing at round 9 for task 1
[2m[36m(ParallelModGrad pid=644373)[0m node 0 is processing at round 9 for task 1
[2m[36m(ParallelModGrad pid=644374)[0m node 1 is processing at round 9 for task 1
[2m[36m(ParallelModGrad pid=644376)[0m node 3 is processing at round 9 for task 1
[2m[36m(ParallelModGrad pid=644377)[0m node 4 is processing at round 9 for task 1
[2m[36m(ParallelModGrad pid=644379)[0m node 5 is processing at round 9 for task 1
[2m[36m(ParallelModGrad pid=644380)[0m node 6 is processing at round 9 for task 1
[2m[36m(ParallelModGrad pid=644435)[0m node 7 is processing at round 9 for task 1
[2m[36m(ParallelModGrad pid=644375)[0m node 2 is processing at round 0 for task 1
[2m[36m(ParallelModGrad pid=644373)[0m node 0 is processing at round 0 for task 1
[2m[36m(ParallelModGrad pid=644374)[0m node 1 is processing at round 0 for task 1
[2m[36m(ParallelModGrad pid=644376)[0m node 3 is processing at round 0 for task 1
[2m[36m(ParallelModGrad pid=644377)[0m node 4 is processing at round 0 for task 1
[2m[36m(ParallelModGrad pid=644379)[0m node 5 is processing at round 0 for task 1
[2m[36m(ParallelModGrad pid=644380)[0m node 6 is processing at round 0 for task 1
[2m[36m(ParallelModGrad pid=644435)[0m node 7 is processing at round 0 for task 1
[2m[36m(ParallelModGrad pid=644375)[0m node 2 is processing at round 1 for task 1
[2m[36m(ParallelModGrad pid=644373)[0m node 0 is processing at round 1 for task 1
[2m[36m(ParallelModGrad pid=644374)[0m node 1 is processing at round 1 for task 1
[2m[36m(ParallelModGrad pid=644376)[0m node 3 is processing at round 1 for task 1
[2m[36m(ParallelModGrad pid=644377)[0m node 4 is processing at round 1 for task 1
[2m[36m(ParallelModGrad pid=644379)[0m node 5 is processing at round 1 for task 1
[2m[36m(ParallelModGrad pid=644380)[0m node 6 is processing at round 1 for task 1
[2m[36m(ParallelModGrad pid=644435)[0m node 7 is processing at round 1 for task 1
[2m[36m(ParallelModGrad pid=644375)[0m node 2 is processing at round 2 for task 1
[2m[36m(ParallelModGrad pid=644373)[0m node 0 is processing at round 2 for task 1
[2m[36m(ParallelModGrad pid=644374)[0m node 1 is processing at round 2 for task 1
[2m[36m(ParallelModGrad pid=644376)[0m node 3 is processing at round 2 for task 1
[2m[36m(ParallelModGrad pid=644377)[0m node 4 is processing at round 2 for task 1
[2m[36m(ParallelModGrad pid=644379)[0m node 5 is processing at round 2 for task 1
[2m[36m(ParallelModGrad pid=644380)[0m node 6 is processing at round 2 for task 1
[2m[36m(ParallelModGrad pid=644435)[0m node 7 is processing at round 2 for task 1
[2m[36m(ParallelModGrad pid=644375)[0m node 2 is processing at round 3 for task 1
[2m[36m(ParallelModGrad pid=644373)[0m node 0 is processing at round 3 for task 1
[2m[36m(ParallelModGrad pid=644374)[0m node 1 is processing at round 3 for task 1
[2m[36m(ParallelModGrad pid=644376)[0m node 3 is processing at round 3 for task 1
[2m[36m(ParallelModGrad pid=644377)[0m node 4 is processing at round 3 for task 1
[2m[36m(ParallelModGrad pid=644379)[0m node 5 is processing at round 3 for task 1
[2m[36m(ParallelModGrad pid=644380)[0m node 6 is processing at round 3 for task 1
[2m[36m(ParallelModGrad pid=644435)[0m node 7 is processing at round 3 for task 1
[2m[36m(ParallelModGrad pid=644375)[0m node 2 is processing at round 4 for task 1
[2m[36m(ParallelModGrad pid=644373)[0m node 0 is processing at round 4 for task 1
[2m[36m(ParallelModGrad pid=644374)[0m node 1 is processing at round 4 for task 1
[2m[36m(ParallelModGrad pid=644376)[0m node 3 is processing at round 4 for task 1
[2m[36m(ParallelModGrad pid=644377)[0m node 4 is processing at round 4 for task 1
[2m[36m(ParallelModGrad pid=644379)[0m node 5 is processing at round 4 for task 1
[2m[36m(ParallelModGrad pid=644380)[0m node 6 is processing at round 4 for task 1
[2m[36m(ParallelModGrad pid=644435)[0m node 7 is processing at round 4 for task 1
[2m[36m(ParallelModGrad pid=644375)[0m node 2 is processing at round 5 for task 1
[2m[36m(ParallelModGrad pid=644373)[0m node 0 is processing at round 5 for task 1
[2m[36m(ParallelModGrad pid=644374)[0m node 1 is processing at round 5 for task 1
[2m[36m(ParallelModGrad pid=644376)[0m node 3 is processing at round 5 for task 1
[2m[36m(ParallelModGrad pid=644377)[0m node 4 is processing at round 5 for task 1
[2m[36m(ParallelModGrad pid=644379)[0m node 5 is processing at round 5 for task 1
[2m[36m(ParallelModGrad pid=644380)[0m node 6 is processing at round 5 for task 1
[2m[36m(ParallelModGrad pid=644435)[0m node 7 is processing at round 5 for task 1
[2m[36m(ParallelModGrad pid=644375)[0m node 2 is processing at round 6 for task 1
[2m[36m(ParallelModGrad pid=644373)[0m node 0 is processing at round 6 for task 1
[2m[36m(ParallelModGrad pid=644374)[0m node 1 is processing at round 6 for task 1
[2m[36m(ParallelModGrad pid=644376)[0m node 3 is processing at round 6 for task 1
[2m[36m(ParallelModGrad pid=644377)[0m node 4 is processing at round 6 for task 1
[2m[36m(ParallelModGrad pid=644379)[0m node 5 is processing at round 6 for task 1
[2m[36m(ParallelModGrad pid=644380)[0m node 6 is processing at round 6 for task 1
[2m[36m(ParallelModGrad pid=644435)[0m node 7 is processing at round 6 for task 1
[2m[36m(ParallelModGrad pid=644375)[0m node 2 is processing at round 7 for task 1
[2m[36m(ParallelModGrad pid=644373)[0m node 0 is processing at round 7 for task 1
[2m[36m(ParallelModGrad pid=644374)[0m node 1 is processing at round 7 for task 1
[2m[36m(ParallelModGrad pid=644376)[0m node 3 is processing at round 7 for task 1
[2m[36m(ParallelModGrad pid=644377)[0m node 4 is processing at round 7 for task 1
[2m[36m(ParallelModGrad pid=644379)[0m node 5 is processing at round 7 for task 1
[2m[36m(ParallelModGrad pid=644380)[0m node 6 is processing at round 7 for task 1
[2m[36m(ParallelModGrad pid=644435)[0m node 7 is processing at round 7 for task 1
[2m[36m(ParallelModGrad pid=644375)[0m node 2 is processing at round 8 for task 1
[2m[36m(ParallelModGrad pid=644373)[0m node 0 is processing at round 8 for task 1
[2m[36m(ParallelModGrad pid=644374)[0m node 1 is processing at round 8 for task 1
[2m[36m(ParallelModGrad pid=644376)[0m node 3 is processing at round 8 for task 1
[2m[36m(ParallelModGrad pid=644377)[0m node 4 is processing at round 8 for task 1
[2m[36m(ParallelModGrad pid=644379)[0m node 5 is processing at round 8 for task 1
[2m[36m(ParallelModGrad pid=644380)[0m node 6 is processing at round 8 for task 1
[2m[36m(ParallelModGrad pid=644435)[0m node 7 is processing at round 8 for task 1
[2m[36m(ParallelModGrad pid=644375)[0m node 2 is processing at round 9 for task 2
[2m[36m(ParallelModGrad pid=644373)[0m node 0 is processing at round 9 for task 2
[2m[36m(ParallelModGrad pid=644374)[0m node 1 is processing at round 9 for task 2
[2m[36m(ParallelModGrad pid=644376)[0m node 3 is processing at round 9 for task 2
[2m[36m(ParallelModGrad pid=644377)[0m node 4 is processing at round 9 for task 2
[2m[36m(ParallelModGrad pid=644379)[0m node 5 is processing at round 9 for task 2
[2m[36m(ParallelModGrad pid=644380)[0m node 6 is processing at round 9 for task 2
[2m[36m(ParallelModGrad pid=644435)[0m node 7 is processing at round 9 for task 2
[2m[36m(ParallelModGrad pid=644375)[0m node 2 is processing at round 0 for task 2
[2m[36m(ParallelModGrad pid=644373)[0m node 0 is processing at round 0 for task 2
[2m[36m(ParallelModGrad pid=644374)[0m node 1 is processing at round 0 for task 2
[2m[36m(ParallelModGrad pid=644376)[0m node 3 is processing at round 0 for task 2
[2m[36m(ParallelModGrad pid=644377)[0m node 4 is processing at round 0 for task 2
[2m[36m(ParallelModGrad pid=644379)[0m node 5 is processing at round 0 for task 2
[2m[36m(ParallelModGrad pid=644380)[0m node 6 is processing at round 0 for task 2
[2m[36m(ParallelModGrad pid=644435)[0m node 7 is processing at round 0 for task 2
[2m[36m(ParallelModGrad pid=644375)[0m node 2 is processing at round 1 for task 2
[2m[36m(ParallelModGrad pid=644373)[0m node 0 is processing at round 1 for task 2
[2m[36m(ParallelModGrad pid=644374)[0m node 1 is processing at round 1 for task 2
[2m[36m(ParallelModGrad pid=644376)[0m node 3 is processing at round 1 for task 2
[2m[36m(ParallelModGrad pid=644377)[0m node 4 is processing at round 1 for task 2
[2m[36m(ParallelModGrad pid=644379)[0m node 5 is processing at round 1 for task 2
[2m[36m(ParallelModGrad pid=644380)[0m node 6 is processing at round 1 for task 2
[2m[36m(ParallelModGrad pid=644435)[0m node 7 is processing at round 1 for task 2
[2m[36m(ParallelModGrad pid=644375)[0m node 2 is processing at round 2 for task 2
[2m[36m(ParallelModGrad pid=644373)[0m node 0 is processing at round 2 for task 2
[2m[36m(ParallelModGrad pid=644374)[0m node 1 is processing at round 2 for task 2
[2m[36m(ParallelModGrad pid=644376)[0m node 3 is processing at round 2 for task 2
[2m[36m(ParallelModGrad pid=644377)[0m node 4 is processing at round 2 for task 2
[2m[36m(ParallelModGrad pid=644379)[0m node 5 is processing at round 2 for task 2
[2m[36m(ParallelModGrad pid=644380)[0m node 6 is processing at round 2 for task 2
[2m[36m(ParallelModGrad pid=644435)[0m node 7 is processing at round 2 for task 2
[2m[36m(ParallelModGrad pid=644375)[0m node 2 is processing at round 3 for task 2
[2m[36m(ParallelModGrad pid=644373)[0m node 0 is processing at round 3 for task 2
[2m[36m(ParallelModGrad pid=644374)[0m node 1 is processing at round 3 for task 2
[2m[36m(ParallelModGrad pid=644376)[0m node 3 is processing at round 3 for task 2
[2m[36m(ParallelModGrad pid=644377)[0m node 4 is processing at round 3 for task 2
[2m[36m(ParallelModGrad pid=644379)[0m node 5 is processing at round 3 for task 2
[2m[36m(ParallelModGrad pid=644380)[0m node 6 is processing at round 3 for task 2
[2m[36m(ParallelModGrad pid=644435)[0m node 7 is processing at round 3 for task 2
[2m[36m(ParallelModGrad pid=644375)[0m node 2 is processing at round 4 for task 2
[2m[36m(ParallelModGrad pid=644373)[0m node 0 is processing at round 4 for task 2
[2m[36m(ParallelModGrad pid=644374)[0m node 1 is processing at round 4 for task 2
[2m[36m(ParallelModGrad pid=644376)[0m node 3 is processing at round 4 for task 2
[2m[36m(ParallelModGrad pid=644377)[0m node 4 is processing at round 4 for task 2
[2m[36m(ParallelModGrad pid=644379)[0m node 5 is processing at round 4 for task 2
[2m[36m(ParallelModGrad pid=644380)[0m node 6 is processing at round 4 for task 2
[2m[36m(ParallelModGrad pid=644435)[0m node 7 is processing at round 4 for task 2
[2m[36m(ParallelModGrad pid=644375)[0m node 2 is processing at round 5 for task 2
[2m[36m(ParallelModGrad pid=644373)[0m node 0 is processing at round 5 for task 2
[2m[36m(ParallelModGrad pid=644374)[0m node 1 is processing at round 5 for task 2
[2m[36m(ParallelModGrad pid=644376)[0m node 3 is processing at round 5 for task 2
[2m[36m(ParallelModGrad pid=644377)[0m node 4 is processing at round 5 for task 2
[2m[36m(ParallelModGrad pid=644379)[0m node 5 is processing at round 5 for task 2
[2m[36m(ParallelModGrad pid=644380)[0m node 6 is processing at round 5 for task 2
[2m[36m(ParallelModGrad pid=644435)[0m node 7 is processing at round 5 for task 2
[2m[36m(ParallelModGrad pid=644375)[0m node 2 is processing at round 6 for task 2
[2m[36m(ParallelModGrad pid=644373)[0m node 0 is processing at round 6 for task 2
[2m[36m(ParallelModGrad pid=644374)[0m node 1 is processing at round 6 for task 2
[2m[36m(ParallelModGrad pid=644376)[0m node 3 is processing at round 6 for task 2
[2m[36m(ParallelModGrad pid=644377)[0m node 4 is processing at round 6 for task 2
[2m[36m(ParallelModGrad pid=644379)[0m node 5 is processing at round 6 for task 2
[2m[36m(ParallelModGrad pid=644380)[0m node 6 is processing at round 6 for task 2
[2m[36m(ParallelModGrad pid=644435)[0m node 7 is processing at round 6 for task 2
[2m[36m(ParallelModGrad pid=644375)[0m node 2 is processing at round 7 for task 2
[2m[36m(ParallelModGrad pid=644373)[0m node 0 is processing at round 7 for task 2
[2m[36m(ParallelModGrad pid=644374)[0m node 1 is processing at round 7 for task 2
[2m[36m(ParallelModGrad pid=644376)[0m node 3 is processing at round 7 for task 2
[2m[36m(ParallelModGrad pid=644377)[0m node 4 is processing at round 7 for task 2
[2m[36m(ParallelModGrad pid=644379)[0m node 5 is processing at round 7 for task 2
[2m[36m(ParallelModGrad pid=644380)[0m node 6 is processing at round 7 for task 2
[2m[36m(ParallelModGrad pid=644435)[0m node 7 is processing at round 7 for task 2
[2m[36m(ParallelModGrad pid=644375)[0m node 2 is processing at round 8 for task 2
[2m[36m(ParallelModGrad pid=644373)[0m node 0 is processing at round 8 for task 2
[2m[36m(ParallelModGrad pid=644374)[0m node 1 is processing at round 8 for task 2
[2m[36m(ParallelModGrad pid=644376)[0m node 3 is processing at round 8 for task 2
[2m[36m(ParallelModGrad pid=644377)[0m node 4 is processing at round 8 for task 2
[2m[36m(ParallelModGrad pid=644379)[0m node 5 is processing at round 8 for task 2
[2m[36m(ParallelModGrad pid=644380)[0m node 6 is processing at round 8 for task 2
[2m[36m(ParallelModGrad pid=644435)[0m node 7 is processing at round 8 for task 2
[2m[36m(ParallelModGrad pid=644375)[0m node 2 is processing at round 9 for task 3
[2m[36m(ParallelModGrad pid=644373)[0m node 0 is processing at round 9 for task 3
[2m[36m(ParallelModGrad pid=644374)[0m node 1 is processing at round 9 for task 3
[2m[36m(ParallelModGrad pid=644376)[0m node 3 is processing at round 9 for task 3
[2m[36m(ParallelModGrad pid=644377)[0m node 4 is processing at round 9 for task 3
[2m[36m(ParallelModGrad pid=644379)[0m node 5 is processing at round 9 for task 3
[2m[36m(ParallelModGrad pid=644380)[0m node 6 is processing at round 9 for task 3
[2m[36m(ParallelModGrad pid=644435)[0m node 7 is processing at round 9 for task 3
[2m[36m(ParallelModGrad pid=644375)[0m node 2 is processing at round 0 for task 3
[2m[36m(ParallelModGrad pid=644373)[0m node 0 is processing at round 0 for task 3
[2m[36m(ParallelModGrad pid=644374)[0m node 1 is processing at round 0 for task 3
[2m[36m(ParallelModGrad pid=644376)[0m node 3 is processing at round 0 for task 3
[2m[36m(ParallelModGrad pid=644377)[0m node 4 is processing at round 0 for task 3
[2m[36m(ParallelModGrad pid=644379)[0m node 5 is processing at round 0 for task 3
[2m[36m(ParallelModGrad pid=644380)[0m node 6 is processing at round 0 for task 3
[2m[36m(ParallelModGrad pid=644435)[0m node 7 is processing at round 0 for task 3
[2m[36m(ParallelModGrad pid=644375)[0m node 2 is processing at round 1 for task 3
[2m[36m(ParallelModGrad pid=644373)[0m node 0 is processing at round 1 for task 3
[2m[36m(ParallelModGrad pid=644374)[0m node 1 is processing at round 1 for task 3
[2m[36m(ParallelModGrad pid=644376)[0m node 3 is processing at round 1 for task 3
[2m[36m(ParallelModGrad pid=644377)[0m node 4 is processing at round 1 for task 3
[2m[36m(ParallelModGrad pid=644379)[0m node 5 is processing at round 1 for task 3
[2m[36m(ParallelModGrad pid=644380)[0m node 6 is processing at round 1 for task 3
[2m[36m(ParallelModGrad pid=644435)[0m node 7 is processing at round 1 for task 3
[2m[36m(ParallelModGrad pid=644375)[0m node 2 is processing at round 2 for task 3
[2m[36m(ParallelModGrad pid=644373)[0m node 0 is processing at round 2 for task 3
[2m[36m(ParallelModGrad pid=644374)[0m node 1 is processing at round 2 for task 3
[2m[36m(ParallelModGrad pid=644376)[0m node 3 is processing at round 2 for task 3
[2m[36m(ParallelModGrad pid=644377)[0m node 4 is processing at round 2 for task 3
[2m[36m(ParallelModGrad pid=644379)[0m node 5 is processing at round 2 for task 3
[2m[36m(ParallelModGrad pid=644380)[0m node 6 is processing at round 2 for task 3
[2m[36m(ParallelModGrad pid=644435)[0m node 7 is processing at round 2 for task 3
[2m[36m(ParallelModGrad pid=644375)[0m node 2 is processing at round 3 for task 3
[2m[36m(ParallelModGrad pid=644373)[0m node 0 is processing at round 3 for task 3
[2m[36m(ParallelModGrad pid=644374)[0m node 1 is processing at round 3 for task 3
[2m[36m(ParallelModGrad pid=644376)[0m node 3 is processing at round 3 for task 3
[2m[36m(ParallelModGrad pid=644377)[0m node 4 is processing at round 3 for task 3
[2m[36m(ParallelModGrad pid=644379)[0m node 5 is processing at round 3 for task 3
[2m[36m(ParallelModGrad pid=644380)[0m node 6 is processing at round 3 for task 3
[2m[36m(ParallelModGrad pid=644435)[0m node 7 is processing at round 3 for task 3
[2m[36m(ParallelModGrad pid=644375)[0m node 2 is processing at round 4 for task 3
[2m[36m(ParallelModGrad pid=644373)[0m node 0 is processing at round 4 for task 3
[2m[36m(ParallelModGrad pid=644374)[0m node 1 is processing at round 4 for task 3
[2m[36m(ParallelModGrad pid=644376)[0m node 3 is processing at round 4 for task 3
[2m[36m(ParallelModGrad pid=644377)[0m node 4 is processing at round 4 for task 3
[2m[36m(ParallelModGrad pid=644379)[0m node 5 is processing at round 4 for task 3
[2m[36m(ParallelModGrad pid=644380)[0m node 6 is processing at round 4 for task 3
[2m[36m(ParallelModGrad pid=644435)[0m node 7 is processing at round 4 for task 3
[2m[36m(ParallelModGrad pid=644375)[0m node 2 is processing at round 5 for task 3
[2m[36m(ParallelModGrad pid=644373)[0m node 0 is processing at round 5 for task 3
[2m[36m(ParallelModGrad pid=644374)[0m node 1 is processing at round 5 for task 3
[2m[36m(ParallelModGrad pid=644376)[0m node 3 is processing at round 5 for task 3
[2m[36m(ParallelModGrad pid=644377)[0m node 4 is processing at round 5 for task 3
[2m[36m(ParallelModGrad pid=644379)[0m node 5 is processing at round 5 for task 3
[2m[36m(ParallelModGrad pid=644380)[0m node 6 is processing at round 5 for task 3
[2m[36m(ParallelModGrad pid=644435)[0m node 7 is processing at round 5 for task 3
[2m[36m(ParallelModGrad pid=644375)[0m node 2 is processing at round 6 for task 3
[2m[36m(ParallelModGrad pid=644373)[0m node 0 is processing at round 6 for task 3
[2m[36m(ParallelModGrad pid=644374)[0m node 1 is processing at round 6 for task 3
[2m[36m(ParallelModGrad pid=644376)[0m node 3 is processing at round 6 for task 3
[2m[36m(ParallelModGrad pid=644377)[0m node 4 is processing at round 6 for task 3
[2m[36m(ParallelModGrad pid=644379)[0m node 5 is processing at round 6 for task 3
[2m[36m(ParallelModGrad pid=644380)[0m node 6 is processing at round 6 for task 3
[2m[36m(ParallelModGrad pid=644435)[0m node 7 is processing at round 6 for task 3
[2m[36m(ParallelModGrad pid=644375)[0m node 2 is processing at round 7 for task 3
[2m[36m(ParallelModGrad pid=644373)[0m node 0 is processing at round 7 for task 3
[2m[36m(ParallelModGrad pid=644374)[0m node 1 is processing at round 7 for task 3
[2m[36m(ParallelModGrad pid=644376)[0m node 3 is processing at round 7 for task 3
[2m[36m(ParallelModGrad pid=644377)[0m node 4 is processing at round 7 for task 3
[2m[36m(ParallelModGrad pid=644379)[0m node 5 is processing at round 7 for task 3
[2m[36m(ParallelModGrad pid=644380)[0m node 6 is processing at round 7 for task 3
[2m[36m(ParallelModGrad pid=644435)[0m node 7 is processing at round 7 for task 3
[2m[36m(ParallelModGrad pid=644375)[0m node 2 is processing at round 8 for task 3
[2m[36m(ParallelModGrad pid=644373)[0m node 0 is processing at round 8 for task 3
[2m[36m(ParallelModGrad pid=644374)[0m node 1 is processing at round 8 for task 3
[2m[36m(ParallelModGrad pid=644376)[0m node 3 is processing at round 8 for task 3
[2m[36m(ParallelModGrad pid=644377)[0m node 4 is processing at round 8 for task 3
[2m[36m(ParallelModGrad pid=644379)[0m node 5 is processing at round 8 for task 3
[2m[36m(ParallelModGrad pid=644380)[0m node 6 is processing at round 8 for task 3
[2m[36m(ParallelModGrad pid=644435)[0m node 7 is processing at round 8 for task 3
[2m[36m(ParallelModGrad pid=644375)[0m node 2 is processing at round 9 for task 4
[2m[36m(ParallelModGrad pid=644373)[0m node 0 is processing at round 9 for task 4
[2m[36m(ParallelModGrad pid=644374)[0m node 1 is processing at round 9 for task 4
[2m[36m(ParallelModGrad pid=644376)[0m node 3 is processing at round 9 for task 4
[2m[36m(ParallelModGrad pid=644377)[0m node 4 is processing at round 9 for task 4
[2m[36m(ParallelModGrad pid=644380)[0m node 6 is processing at round 9 for task 4
[2m[36m(ParallelModGrad pid=644435)[0m node 7 is processing at round 9 for task 4
[2m[36m(ParallelModGrad pid=644379)[0m node 5 is processing at round 9 for task 4
[2m[36m(ParallelModGrad pid=644375)[0m node 2 is processing at round 0 for task 4
[2m[36m(ParallelModGrad pid=644373)[0m node 0 is processing at round 0 for task 4
[2m[36m(ParallelModGrad pid=644374)[0m node 1 is processing at round 0 for task 4
[2m[36m(ParallelModGrad pid=644376)[0m node 3 is processing at round 0 for task 4
[2m[36m(ParallelModGrad pid=644377)[0m node 4 is processing at round 0 for task 4
[2m[36m(ParallelModGrad pid=644379)[0m node 5 is processing at round 0 for task 4
[2m[36m(ParallelModGrad pid=644380)[0m node 6 is processing at round 0 for task 4
[2m[36m(ParallelModGrad pid=644435)[0m node 7 is processing at round 0 for task 4
[2m[36m(ParallelModGrad pid=644375)[0m node 2 is processing at round 1 for task 4
[2m[36m(ParallelModGrad pid=644373)[0m node 0 is processing at round 1 for task 4
[2m[36m(ParallelModGrad pid=644374)[0m node 1 is processing at round 1 for task 4
[2m[36m(ParallelModGrad pid=644376)[0m node 3 is processing at round 1 for task 4
[2m[36m(ParallelModGrad pid=644377)[0m node 4 is processing at round 1 for task 4
[2m[36m(ParallelModGrad pid=644379)[0m node 5 is processing at round 1 for task 4
[2m[36m(ParallelModGrad pid=644380)[0m node 6 is processing at round 1 for task 4
[2m[36m(ParallelModGrad pid=644435)[0m node 7 is processing at round 1 for task 4
[2m[36m(ParallelModGrad pid=644375)[0m node 2 is processing at round 2 for task 4
[2m[36m(ParallelModGrad pid=644373)[0m node 0 is processing at round 2 for task 4
[2m[36m(ParallelModGrad pid=644374)[0m node 1 is processing at round 2 for task 4
[2m[36m(ParallelModGrad pid=644376)[0m node 3 is processing at round 2 for task 4
[2m[36m(ParallelModGrad pid=644377)[0m node 4 is processing at round 2 for task 4
[2m[36m(ParallelModGrad pid=644379)[0m node 5 is processing at round 2 for task 4
[2m[36m(ParallelModGrad pid=644380)[0m node 6 is processing at round 2 for task 4
[2m[36m(ParallelModGrad pid=644435)[0m node 7 is processing at round 2 for task 4
[2m[36m(ParallelModGrad pid=644375)[0m node 2 is processing at round 3 for task 4
[2m[36m(ParallelModGrad pid=644373)[0m node 0 is processing at round 3 for task 4
[2m[36m(ParallelModGrad pid=644374)[0m node 1 is processing at round 3 for task 4
[2m[36m(ParallelModGrad pid=644376)[0m node 3 is processing at round 3 for task 4
[2m[36m(ParallelModGrad pid=644377)[0m node 4 is processing at round 3 for task 4
[2m[36m(ParallelModGrad pid=644379)[0m node 5 is processing at round 3 for task 4
[2m[36m(ParallelModGrad pid=644380)[0m node 6 is processing at round 3 for task 4
[2m[36m(ParallelModGrad pid=644435)[0m node 7 is processing at round 3 for task 4
[2m[36m(ParallelModGrad pid=644375)[0m node 2 is processing at round 4 for task 4
[2m[36m(ParallelModGrad pid=644373)[0m node 0 is processing at round 4 for task 4
[2m[36m(ParallelModGrad pid=644374)[0m node 1 is processing at round 4 for task 4
[2m[36m(ParallelModGrad pid=644376)[0m node 3 is processing at round 4 for task 4
[2m[36m(ParallelModGrad pid=644377)[0m node 4 is processing at round 4 for task 4
[2m[36m(ParallelModGrad pid=644379)[0m node 5 is processing at round 4 for task 4
[2m[36m(ParallelModGrad pid=644380)[0m node 6 is processing at round 4 for task 4
[2m[36m(ParallelModGrad pid=644435)[0m node 7 is processing at round 4 for task 4
[2m[36m(ParallelModGrad pid=644375)[0m node 2 is processing at round 5 for task 4
[2m[36m(ParallelModGrad pid=644373)[0m node 0 is processing at round 5 for task 4
[2m[36m(ParallelModGrad pid=644374)[0m node 1 is processing at round 5 for task 4
[2m[36m(ParallelModGrad pid=644376)[0m node 3 is processing at round 5 for task 4
[2m[36m(ParallelModGrad pid=644377)[0m node 4 is processing at round 5 for task 4
[2m[36m(ParallelModGrad pid=644379)[0m node 5 is processing at round 5 for task 4
[2m[36m(ParallelModGrad pid=644380)[0m node 6 is processing at round 5 for task 4
[2m[36m(ParallelModGrad pid=644435)[0m node 7 is processing at round 5 for task 4
[2m[36m(ParallelModGrad pid=644375)[0m node 2 is processing at round 6 for task 4
[2m[36m(ParallelModGrad pid=644373)[0m node 0 is processing at round 6 for task 4
[2m[36m(ParallelModGrad pid=644374)[0m node 1 is processing at round 6 for task 4
[2m[36m(ParallelModGrad pid=644376)[0m node 3 is processing at round 6 for task 4
[2m[36m(ParallelModGrad pid=644377)[0m node 4 is processing at round 6 for task 4
[2m[36m(ParallelModGrad pid=644379)[0m node 5 is processing at round 6 for task 4
[2m[36m(ParallelModGrad pid=644380)[0m node 6 is processing at round 6 for task 4
[2m[36m(ParallelModGrad pid=644435)[0m node 7 is processing at round 6 for task 4
[2m[36m(ParallelModGrad pid=644375)[0m node 2 is processing at round 7 for task 4
[2m[36m(ParallelModGrad pid=644373)[0m node 0 is processing at round 7 for task 4
[2m[36m(ParallelModGrad pid=644374)[0m node 1 is processing at round 7 for task 4
[2m[36m(ParallelModGrad pid=644376)[0m node 3 is processing at round 7 for task 4
[2m[36m(ParallelModGrad pid=644377)[0m node 4 is processing at round 7 for task 4
[2m[36m(ParallelModGrad pid=644379)[0m node 5 is processing at round 7 for task 4
[2m[36m(ParallelModGrad pid=644380)[0m node 6 is processing at round 7 for task 4
[2m[36m(ParallelModGrad pid=644435)[0m node 7 is processing at round 7 for task 4
[2m[36m(ParallelModGrad pid=644375)[0m node 2 is processing at round 8 for task 4
[2m[36m(ParallelModGrad pid=644373)[0m node 0 is processing at round 8 for task 4
[2m[36m(ParallelModGrad pid=644374)[0m node 1 is processing at round 8 for task 4
[2m[36m(ParallelModGrad pid=644376)[0m node 3 is processing at round 8 for task 4
[2m[36m(ParallelModGrad pid=644377)[0m node 4 is processing at round 8 for task 4
[2m[36m(ParallelModGrad pid=644379)[0m node 5 is processing at round 8 for task 4
[2m[36m(ParallelModGrad pid=644380)[0m node 6 is processing at round 8 for task 4
[2m[36m(ParallelModGrad pid=644435)[0m node 7 is processing at round 8 for task 4
[2m[36m(ParallelModGrad pid=644375)[0m node 2 is processing at round 9 for task 5
[2m[36m(ParallelModGrad pid=644373)[0m node 0 is processing at round 9 for task 5
[2m[36m(ParallelModGrad pid=644374)[0m node 1 is processing at round 9 for task 5
[2m[36m(ParallelModGrad pid=644376)[0m node 3 is processing at round 9 for task 5
[2m[36m(ParallelModGrad pid=644377)[0m node 4 is processing at round 9 for task 5
[2m[36m(ParallelModGrad pid=644379)[0m node 5 is processing at round 9 for task 5
[2m[36m(ParallelModGrad pid=644380)[0m node 6 is processing at round 9 for task 5
[2m[36m(ParallelModGrad pid=644435)[0m node 7 is processing at round 9 for task 5
[2m[36m(ParallelModGrad pid=644375)[0m node 2 is processing at round 0 for task 5
[2m[36m(ParallelModGrad pid=644373)[0m node 0 is processing at round 0 for task 5
[2m[36m(ParallelModGrad pid=644374)[0m node 1 is processing at round 0 for task 5
[2m[36m(ParallelModGrad pid=644376)[0m node 3 is processing at round 0 for task 5
[2m[36m(ParallelModGrad pid=644377)[0m node 4 is processing at round 0 for task 5
[2m[36m(ParallelModGrad pid=644379)[0m node 5 is processing at round 0 for task 5
[2m[36m(ParallelModGrad pid=644380)[0m node 6 is processing at round 0 for task 5
[2m[36m(ParallelModGrad pid=644435)[0m node 7 is processing at round 0 for task 5
[2m[36m(ParallelModGrad pid=644375)[0m node 2 is processing at round 1 for task 5
[2m[36m(ParallelModGrad pid=644373)[0m node 0 is processing at round 1 for task 5
[2m[36m(ParallelModGrad pid=644374)[0m node 1 is processing at round 1 for task 5
[2m[36m(ParallelModGrad pid=644376)[0m node 3 is processing at round 1 for task 5
[2m[36m(ParallelModGrad pid=644377)[0m node 4 is processing at round 1 for task 5
[2m[36m(ParallelModGrad pid=644379)[0m node 5 is processing at round 1 for task 5
[2m[36m(ParallelModGrad pid=644380)[0m node 6 is processing at round 1 for task 5
[2m[36m(ParallelModGrad pid=644435)[0m node 7 is processing at round 1 for task 5
[2m[36m(ParallelModGrad pid=644375)[0m node 2 is processing at round 2 for task 5
[2m[36m(ParallelModGrad pid=644373)[0m node 0 is processing at round 2 for task 5
[2m[36m(ParallelModGrad pid=644374)[0m node 1 is processing at round 2 for task 5
[2m[36m(ParallelModGrad pid=644376)[0m node 3 is processing at round 2 for task 5
[2m[36m(ParallelModGrad pid=644377)[0m node 4 is processing at round 2 for task 5
[2m[36m(ParallelModGrad pid=644379)[0m node 5 is processing at round 2 for task 5
[2m[36m(ParallelModGrad pid=644380)[0m node 6 is processing at round 2 for task 5
[2m[36m(ParallelModGrad pid=644435)[0m node 7 is processing at round 2 for task 5
[2m[36m(ParallelModGrad pid=644375)[0m node 2 is processing at round 3 for task 5
[2m[36m(ParallelModGrad pid=644373)[0m node 0 is processing at round 3 for task 5
[2m[36m(ParallelModGrad pid=644374)[0m node 1 is processing at round 3 for task 5
[2m[36m(ParallelModGrad pid=644376)[0m node 3 is processing at round 3 for task 5
[2m[36m(ParallelModGrad pid=644377)[0m node 4 is processing at round 3 for task 5
[2m[36m(ParallelModGrad pid=644379)[0m node 5 is processing at round 3 for task 5
[2m[36m(ParallelModGrad pid=644380)[0m node 6 is processing at round 3 for task 5
[2m[36m(ParallelModGrad pid=644435)[0m node 7 is processing at round 3 for task 5
[2m[36m(ParallelModGrad pid=644375)[0m node 2 is processing at round 4 for task 5
[2m[36m(ParallelModGrad pid=644373)[0m node 0 is processing at round 4 for task 5
[2m[36m(ParallelModGrad pid=644374)[0m node 1 is processing at round 4 for task 5
[2m[36m(ParallelModGrad pid=644376)[0m node 3 is processing at round 4 for task 5
[2m[36m(ParallelModGrad pid=644377)[0m node 4 is processing at round 4 for task 5
[2m[36m(ParallelModGrad pid=644379)[0m node 5 is processing at round 4 for task 5
[2m[36m(ParallelModGrad pid=644380)[0m node 6 is processing at round 4 for task 5
[2m[36m(ParallelModGrad pid=644435)[0m node 7 is processing at round 4 for task 5
[2m[36m(ParallelModGrad pid=644375)[0m node 2 is processing at round 5 for task 5
[2m[36m(ParallelModGrad pid=644373)[0m node 0 is processing at round 5 for task 5
[2m[36m(ParallelModGrad pid=644374)[0m node 1 is processing at round 5 for task 5
[2m[36m(ParallelModGrad pid=644376)[0m node 3 is processing at round 5 for task 5
[2m[36m(ParallelModGrad pid=644377)[0m node 4 is processing at round 5 for task 5
[2m[36m(ParallelModGrad pid=644379)[0m node 5 is processing at round 5 for task 5
[2m[36m(ParallelModGrad pid=644380)[0m node 6 is processing at round 5 for task 5
[2m[36m(ParallelModGrad pid=644435)[0m node 7 is processing at round 5 for task 5
[2m[36m(ParallelModGrad pid=644375)[0m node 2 is processing at round 6 for task 5
[2m[36m(ParallelModGrad pid=644373)[0m node 0 is processing at round 6 for task 5
[2m[36m(ParallelModGrad pid=644374)[0m node 1 is processing at round 6 for task 5
[2m[36m(ParallelModGrad pid=644376)[0m node 3 is processing at round 6 for task 5
[2m[36m(ParallelModGrad pid=644377)[0m node 4 is processing at round 6 for task 5
[2m[36m(ParallelModGrad pid=644379)[0m node 5 is processing at round 6 for task 5
[2m[36m(ParallelModGrad pid=644380)[0m node 6 is processing at round 6 for task 5
[2m[36m(ParallelModGrad pid=644435)[0m node 7 is processing at round 6 for task 5
[2m[36m(ParallelModGrad pid=644375)[0m node 2 is processing at round 7 for task 5
[2m[36m(ParallelModGrad pid=644373)[0m node 0 is processing at round 7 for task 5
[2m[36m(ParallelModGrad pid=644374)[0m node 1 is processing at round 7 for task 5
[2m[36m(ParallelModGrad pid=644376)[0m node 3 is processing at round 7 for task 5
[2m[36m(ParallelModGrad pid=644377)[0m node 4 is processing at round 7 for task 5
[2m[36m(ParallelModGrad pid=644379)[0m node 5 is processing at round 7 for task 5
[2m[36m(ParallelModGrad pid=644380)[0m node 6 is processing at round 7 for task 5
[2m[36m(ParallelModGrad pid=644435)[0m node 7 is processing at round 7 for task 5
[2m[36m(ParallelModGrad pid=644375)[0m node 2 is processing at round 8 for task 5
[2m[36m(ParallelModGrad pid=644373)[0m node 0 is processing at round 8 for task 5
[2m[36m(ParallelModGrad pid=644374)[0m node 1 is processing at round 8 for task 5
[2m[36m(ParallelModGrad pid=644376)[0m node 3 is processing at round 8 for task 5
[2m[36m(ParallelModGrad pid=644377)[0m node 4 is processing at round 8 for task 5
[2m[36m(ParallelModGrad pid=644379)[0m node 5 is processing at round 8 for task 5
[2m[36m(ParallelModGrad pid=644380)[0m node 6 is processing at round 8 for task 5
[2m[36m(ParallelModGrad pid=644435)[0m node 7 is processing at round 8 for task 5
[2m[36m(ParallelModGrad pid=644375)[0m node 2 is processing at round 9 for task 6
[2m[36m(ParallelModGrad pid=644373)[0m node 0 is processing at round 9 for task 6
[2m[36m(ParallelModGrad pid=644374)[0m node 1 is processing at round 9 for task 6
[2m[36m(ParallelModGrad pid=644376)[0m node 3 is processing at round 9 for task 6
[2m[36m(ParallelModGrad pid=644377)[0m node 4 is processing at round 9 for task 6
[2m[36m(ParallelModGrad pid=644379)[0m node 5 is processing at round 9 for task 6
[2m[36m(ParallelModGrad pid=644380)[0m node 6 is processing at round 9 for task 6
[2m[36m(ParallelModGrad pid=644435)[0m node 7 is processing at round 9 for task 6
[2m[36m(ParallelModGrad pid=644375)[0m node 2 is processing at round 0 for task 6
[2m[36m(ParallelModGrad pid=644373)[0m node 0 is processing at round 0 for task 6
[2m[36m(ParallelModGrad pid=644374)[0m node 1 is processing at round 0 for task 6
[2m[36m(ParallelModGrad pid=644376)[0m node 3 is processing at round 0 for task 6
[2m[36m(ParallelModGrad pid=644377)[0m node 4 is processing at round 0 for task 6
[2m[36m(ParallelModGrad pid=644379)[0m node 5 is processing at round 0 for task 6
[2m[36m(ParallelModGrad pid=644380)[0m node 6 is processing at round 0 for task 6
[2m[36m(ParallelModGrad pid=644435)[0m node 7 is processing at round 0 for task 6
[2m[36m(ParallelModGrad pid=644375)[0m node 2 is processing at round 1 for task 6
[2m[36m(ParallelModGrad pid=644373)[0m node 0 is processing at round 1 for task 6
[2m[36m(ParallelModGrad pid=644374)[0m node 1 is processing at round 1 for task 6
[2m[36m(ParallelModGrad pid=644376)[0m node 3 is processing at round 1 for task 6
[2m[36m(ParallelModGrad pid=644377)[0m node 4 is processing at round 1 for task 6
[2m[36m(ParallelModGrad pid=644379)[0m node 5 is processing at round 1 for task 6
[2m[36m(ParallelModGrad pid=644380)[0m node 6 is processing at round 1 for task 6
[2m[36m(ParallelModGrad pid=644435)[0m node 7 is processing at round 1 for task 6
[2m[36m(ParallelModGrad pid=644375)[0m node 2 is processing at round 2 for task 6
[2m[36m(ParallelModGrad pid=644373)[0m node 0 is processing at round 2 for task 6
[2m[36m(ParallelModGrad pid=644374)[0m node 1 is processing at round 2 for task 6
[2m[36m(ParallelModGrad pid=644376)[0m node 3 is processing at round 2 for task 6
[2m[36m(ParallelModGrad pid=644377)[0m node 4 is processing at round 2 for task 6
[2m[36m(ParallelModGrad pid=644379)[0m node 5 is processing at round 2 for task 6
[2m[36m(ParallelModGrad pid=644380)[0m node 6 is processing at round 2 for task 6
[2m[36m(ParallelModGrad pid=644435)[0m node 7 is processing at round 2 for task 6
[2m[36m(ParallelModGrad pid=644375)[0m node 2 is processing at round 3 for task 6
[2m[36m(ParallelModGrad pid=644373)[0m node 0 is processing at round 3 for task 6
[2m[36m(ParallelModGrad pid=644374)[0m node 1 is processing at round 3 for task 6
[2m[36m(ParallelModGrad pid=644376)[0m node 3 is processing at round 3 for task 6
[2m[36m(ParallelModGrad pid=644377)[0m node 4 is processing at round 3 for task 6
[2m[36m(ParallelModGrad pid=644379)[0m node 5 is processing at round 3 for task 6
[2m[36m(ParallelModGrad pid=644380)[0m node 6 is processing at round 3 for task 6
[2m[36m(ParallelModGrad pid=644435)[0m node 7 is processing at round 3 for task 6
[2m[36m(ParallelModGrad pid=644375)[0m node 2 is processing at round 4 for task 6
[2m[36m(ParallelModGrad pid=644373)[0m node 0 is processing at round 4 for task 6
[2m[36m(ParallelModGrad pid=644374)[0m node 1 is processing at round 4 for task 6
[2m[36m(ParallelModGrad pid=644376)[0m node 3 is processing at round 4 for task 6
[2m[36m(ParallelModGrad pid=644377)[0m node 4 is processing at round 4 for task 6
[2m[36m(ParallelModGrad pid=644379)[0m node 5 is processing at round 4 for task 6
[2m[36m(ParallelModGrad pid=644380)[0m node 6 is processing at round 4 for task 6
[2m[36m(ParallelModGrad pid=644435)[0m node 7 is processing at round 4 for task 6
[2m[36m(ParallelModGrad pid=644375)[0m node 2 is processing at round 5 for task 6
[2m[36m(ParallelModGrad pid=644373)[0m node 0 is processing at round 5 for task 6
[2m[36m(ParallelModGrad pid=644374)[0m node 1 is processing at round 5 for task 6
[2m[36m(ParallelModGrad pid=644376)[0m node 3 is processing at round 5 for task 6
[2m[36m(ParallelModGrad pid=644377)[0m node 4 is processing at round 5 for task 6
[2m[36m(ParallelModGrad pid=644379)[0m node 5 is processing at round 5 for task 6
[2m[36m(ParallelModGrad pid=644380)[0m node 6 is processing at round 5 for task 6
[2m[36m(ParallelModGrad pid=644435)[0m node 7 is processing at round 5 for task 6
[2m[36m(ParallelModGrad pid=644375)[0m node 2 is processing at round 6 for task 6
[2m[36m(ParallelModGrad pid=644373)[0m node 0 is processing at round 6 for task 6
[2m[36m(ParallelModGrad pid=644374)[0m node 1 is processing at round 6 for task 6
[2m[36m(ParallelModGrad pid=644376)[0m node 3 is processing at round 6 for task 6
[2m[36m(ParallelModGrad pid=644377)[0m node 4 is processing at round 6 for task 6
[2m[36m(ParallelModGrad pid=644379)[0m node 5 is processing at round 6 for task 6
[2m[36m(ParallelModGrad pid=644380)[0m node 6 is processing at round 6 for task 6
[2m[36m(ParallelModGrad pid=644435)[0m node 7 is processing at round 6 for task 6
[2m[36m(ParallelModGrad pid=644375)[0m node 2 is processing at round 7 for task 6
[2m[36m(ParallelModGrad pid=644373)[0m node 0 is processing at round 7 for task 6
[2m[36m(ParallelModGrad pid=644374)[0m node 1 is processing at round 7 for task 6
[2m[36m(ParallelModGrad pid=644376)[0m node 3 is processing at round 7 for task 6
[2m[36m(ParallelModGrad pid=644377)[0m node 4 is processing at round 7 for task 6
[2m[36m(ParallelModGrad pid=644379)[0m node 5 is processing at round 7 for task 6
[2m[36m(ParallelModGrad pid=644380)[0m node 6 is processing at round 7 for task 6
[2m[36m(ParallelModGrad pid=644435)[0m node 7 is processing at round 7 for task 6
[2m[36m(ParallelModGrad pid=644375)[0m node 2 is processing at round 8 for task 6
[2m[36m(ParallelModGrad pid=644373)[0m node 0 is processing at round 8 for task 6
[2m[36m(ParallelModGrad pid=644374)[0m node 1 is processing at round 8 for task 6
[2m[36m(ParallelModGrad pid=644376)[0m node 3 is processing at round 8 for task 6
[2m[36m(ParallelModGrad pid=644377)[0m node 4 is processing at round 8 for task 6
[2m[36m(ParallelModGrad pid=644379)[0m node 5 is processing at round 8 for task 6
[2m[36m(ParallelModGrad pid=644380)[0m node 6 is processing at round 8 for task 6
[2m[36m(ParallelModGrad pid=644435)[0m node 7 is processing at round 8 for task 6
[2m[36m(ParallelModGrad pid=644375)[0m node 2 is processing at round 9 for task 7
[2m[36m(ParallelModGrad pid=644373)[0m node 0 is processing at round 9 for task 7
[2m[36m(ParallelModGrad pid=644374)[0m node 1 is processing at round 9 for task 7
[2m[36m(ParallelModGrad pid=644376)[0m node 3 is processing at round 9 for task 7
[2m[36m(ParallelModGrad pid=644377)[0m node 4 is processing at round 9 for task 7
[2m[36m(ParallelModGrad pid=644379)[0m node 5 is processing at round 9 for task 7
[2m[36m(ParallelModGrad pid=644380)[0m node 6 is processing at round 9 for task 7
[2m[36m(ParallelModGrad pid=644435)[0m node 7 is processing at round 9 for task 7
{'algo': 'modular', 'seed': 0, 'parallel': True, 'agent.batch_size': 64, 'num_agents': 8, 'dataset': 'mnist', 'dataset.num_trains_per_class': 64, 'dataset.num_vals_per_class': 50, 'dataset.remap_labels': True, 'dataset.with_replacement': True, 'dataset.num_tasks': 10, 'net': 'mlp', 'net.depth': 4, 'num_init_tasks': 4, 'net.dropout': 0.0, 'train.num_epochs': 100, 'train.component_update_freq': 100, 'train.init_num_epochs': 100, 'train.init_component_update_freq': 100, 'train.save_freq': 1, 'agent.use_contrastive': True, 'agent.memory_size': 32, 'root_save_dir': 'experiment_results/fedavg/', 'sharing_strategy': 'grad_sharing', 'sharing_strategy.comm_freq': 10}
No. of experiments: 1
Experiment runs took 0:22:33.533302
