{'train': {'component_update_freq': 100, 'num_epochs': 100, 'init_component_update_freq': 100, 'init_num_epochs': 100, 'save_freq': 1}, 'dataset': {'dataset_name': 'mnist', 'num_tasks': 10, 'num_classes_per_task': 2, 'with_replacement': True, 'num_trains_per_class': 64, 'num_vals_per_class': 50, 'remap_labels': True}, 'net': {'name': 'mlp', 'depth': 4, 'layer_size': 64, 'dropout': 0.0}, 'sharing_strategy': {'name': 'gradient', 'num_coms_per_round': 1, 'comm_freq': 10, 'mu': 1.0}, 'seed': 1, 'algo': 'modular', 'job_name': 'mnist_modular_numtrain_64_contrastive', 'num_agents': 8, 'root_save_dir': 'experiment_results/fedavg/', 'parallel': True, 'num_init_tasks': 4, 'agent': {'save_dir': '${root_save_dir}/${job_name}/${dataset.dataset_name}/${algo}/seed_${seed}', 'batch_size': 64, 'memory_size': 32, 'improvement_threshold': 0.05, 'use_contrastive': True}}
[2023-10-17 21:13:01,297][root][INFO] - Class sequence: [6 4 1 4 5 6 6 2 2 7 9 7 1 6 4 9 8 5 4 1]
[2023-10-17 21:13:01,315][root][INFO] - task 0 :(128, 1, 28, 28)
[2023-10-17 21:13:01,345][root][INFO] - task 1 :(128, 1, 28, 28)
[2023-10-17 21:13:01,371][root][INFO] - task 2 :(128, 1, 28, 28)
[2023-10-17 21:13:01,395][root][INFO] - task 3 :(128, 1, 28, 28)
[2023-10-17 21:13:01,416][root][INFO] - task 4 :(128, 1, 28, 28)
[2023-10-17 21:13:01,437][root][INFO] - task 5 :(128, 1, 28, 28)
[2023-10-17 21:13:01,458][root][INFO] - task 6 :(128, 1, 28, 28)
[2023-10-17 21:13:01,479][root][INFO] - task 7 :(128, 1, 28, 28)
[2023-10-17 21:13:01,499][root][INFO] - task 8 :(128, 1, 28, 28)
[2023-10-17 21:13:01,520][root][INFO] - task 9 :(128, 1, 28, 28)
[2023-10-17 21:13:01,623][root][INFO] - Class sequence: [6 5 5 7 5 1 3 7 0 2 4 8 7 3 3 7 4 5 2 0]
[2023-10-17 21:13:01,640][root][INFO] - task 0 :(128, 1, 28, 28)
[2023-10-17 21:13:01,660][root][INFO] - task 1 :(128, 1, 28, 28)
[2023-10-17 21:13:01,681][root][INFO] - task 2 :(128, 1, 28, 28)
[2023-10-17 21:13:01,704][root][INFO] - task 3 :(128, 1, 28, 28)
[2023-10-17 21:13:01,724][root][INFO] - task 4 :(128, 1, 28, 28)
[2023-10-17 21:13:01,745][root][INFO] - task 5 :(128, 1, 28, 28)
[2023-10-17 21:13:01,766][root][INFO] - task 6 :(128, 1, 28, 28)
[2023-10-17 21:13:01,787][root][INFO] - task 7 :(128, 1, 28, 28)
[2023-10-17 21:13:01,806][root][INFO] - task 8 :(128, 1, 28, 28)
[2023-10-17 21:13:01,826][root][INFO] - task 9 :(128, 1, 28, 28)
[2023-10-17 21:13:01,927][root][INFO] - Class sequence: [5 4 2 3 6 2 0 5 9 4 8 4 1 7 2 5 5 3 9 6]
[2023-10-17 21:13:01,944][root][INFO] - task 0 :(128, 1, 28, 28)
[2023-10-17 21:13:01,965][root][INFO] - task 1 :(128, 1, 28, 28)
[2023-10-17 21:13:01,988][root][INFO] - task 2 :(128, 1, 28, 28)
[2023-10-17 21:13:02,007][root][INFO] - task 3 :(128, 1, 28, 28)
[2023-10-17 21:13:02,028][root][INFO] - task 4 :(128, 1, 28, 28)
[2023-10-17 21:13:02,048][root][INFO] - task 5 :(128, 1, 28, 28)
[2023-10-17 21:13:02,070][root][INFO] - task 6 :(128, 1, 28, 28)
[2023-10-17 21:13:02,089][root][INFO] - task 7 :(128, 1, 28, 28)
[2023-10-17 21:13:02,109][root][INFO] - task 8 :(128, 1, 28, 28)
[2023-10-17 21:13:02,129][root][INFO] - task 9 :(128, 1, 28, 28)
[2023-10-17 21:13:02,237][root][INFO] - Class sequence: [6 9 8 3 9 7 6 3 0 2 8 6 3 8 5 7 1 4 0 2]
[2023-10-17 21:13:02,254][root][INFO] - task 0 :(128, 1, 28, 28)
[2023-10-17 21:13:02,274][root][INFO] - task 1 :(128, 1, 28, 28)
[2023-10-17 21:13:02,294][root][INFO] - task 2 :(128, 1, 28, 28)
[2023-10-17 21:13:02,314][root][INFO] - task 3 :(128, 1, 28, 28)
[2023-10-17 21:13:02,333][root][INFO] - task 4 :(128, 1, 28, 28)
[2023-10-17 21:13:02,353][root][INFO] - task 5 :(128, 1, 28, 28)
[2023-10-17 21:13:02,374][root][INFO] - task 6 :(128, 1, 28, 28)
[2023-10-17 21:13:02,393][root][INFO] - task 7 :(128, 1, 28, 28)
[2023-10-17 21:13:02,413][root][INFO] - task 8 :(128, 1, 28, 28)
[2023-10-17 21:13:02,433][root][INFO] - task 9 :(128, 1, 28, 28)
[2023-10-17 21:13:02,541][root][INFO] - Class sequence: [9 2 7 6 8 4 8 5 3 9 0 6 6 9 3 9 7 0 1 4]
[2023-10-17 21:13:02,559][root][INFO] - task 0 :(128, 1, 28, 28)
[2023-10-17 21:13:02,579][root][INFO] - task 1 :(128, 1, 28, 28)
[2023-10-17 21:13:02,599][root][INFO] - task 2 :(128, 1, 28, 28)
[2023-10-17 21:13:02,619][root][INFO] - task 3 :(128, 1, 28, 28)
[2023-10-17 21:13:02,639][root][INFO] - task 4 :(128, 1, 28, 28)
[2023-10-17 21:13:02,666][root][INFO] - task 5 :(128, 1, 28, 28)
[2023-10-17 21:13:02,685][root][INFO] - task 6 :(128, 1, 28, 28)
[2023-10-17 21:13:02,706][root][INFO] - task 7 :(128, 1, 28, 28)
[2023-10-17 21:13:02,728][root][INFO] - task 8 :(128, 1, 28, 28)
[2023-10-17 21:13:02,749][root][INFO] - task 9 :(128, 1, 28, 28)
[2023-10-17 21:13:02,858][root][INFO] - Class sequence: [1 2 4 6 1 7 8 7 5 7 6 8 0 5 0 5 6 1 5 2]
[2023-10-17 21:13:02,876][root][INFO] - task 0 :(128, 1, 28, 28)
[2023-10-17 21:13:02,896][root][INFO] - task 1 :(128, 1, 28, 28)
[2023-10-17 21:13:02,916][root][INFO] - task 2 :(128, 1, 28, 28)
[2023-10-17 21:13:02,936][root][INFO] - task 3 :(128, 1, 28, 28)
[2023-10-17 21:13:02,955][root][INFO] - task 4 :(128, 1, 28, 28)
[2023-10-17 21:13:02,975][root][INFO] - task 5 :(128, 1, 28, 28)
[2023-10-17 21:13:02,995][root][INFO] - task 6 :(128, 1, 28, 28)
[2023-10-17 21:13:03,015][root][INFO] - task 7 :(128, 1, 28, 28)
[2023-10-17 21:13:03,036][root][INFO] - task 8 :(128, 1, 28, 28)
[2023-10-17 21:13:03,057][root][INFO] - task 9 :(128, 1, 28, 28)
[2023-10-17 21:13:03,159][root][INFO] - Class sequence: [2 9 0 6 4 1 1 4 9 7 7 5 9 2 2 7 8 9 8 0]
[2023-10-17 21:13:03,176][root][INFO] - task 0 :(128, 1, 28, 28)
[2023-10-17 21:13:03,196][root][INFO] - task 1 :(128, 1, 28, 28)
[2023-10-17 21:13:03,219][root][INFO] - task 2 :(128, 1, 28, 28)
[2023-10-17 21:13:03,239][root][INFO] - task 3 :(128, 1, 28, 28)
[2023-10-17 21:13:03,258][root][INFO] - task 4 :(128, 1, 28, 28)
[2023-10-17 21:13:03,278][root][INFO] - task 5 :(128, 1, 28, 28)
[2023-10-17 21:13:03,298][root][INFO] - task 6 :(128, 1, 28, 28)
[2023-10-17 21:13:03,318][root][INFO] - task 7 :(128, 1, 28, 28)
[2023-10-17 21:13:03,339][root][INFO] - task 8 :(128, 1, 28, 28)
[2023-10-17 21:13:03,358][root][INFO] - task 9 :(128, 1, 28, 28)
[2023-10-17 21:13:03,459][root][INFO] - Class sequence: [2 7 2 4 0 8 5 9 1 9 7 4 4 9 4 8 7 1 0 5]
[2023-10-17 21:13:03,477][root][INFO] - task 0 :(128, 1, 28, 28)
[2023-10-17 21:13:03,496][root][INFO] - task 1 :(128, 1, 28, 28)
[2023-10-17 21:13:03,523][root][INFO] - task 2 :(128, 1, 28, 28)
[2023-10-17 21:13:03,545][root][INFO] - task 3 :(128, 1, 28, 28)
[2023-10-17 21:13:03,565][root][INFO] - task 4 :(128, 1, 28, 28)
[2023-10-17 21:13:03,587][root][INFO] - task 5 :(128, 1, 28, 28)
[2023-10-17 21:13:03,608][root][INFO] - task 6 :(128, 1, 28, 28)
[2023-10-17 21:13:03,635][root][INFO] - task 7 :(128, 1, 28, 28)
[2023-10-17 21:13:03,656][root][INFO] - task 8 :(128, 1, 28, 28)
[2023-10-17 21:13:03,676][root][INFO] - task 9 :(128, 1, 28, 28)
i_size 28
num_classes 2
net_cfg {'name': 'mlp', 'depth': 4, 'layer_size': 64, 'dropout': 0.0, 'i_size': 28, 'num_classes': 2, 'num_tasks': 10, 'num_init_tasks': 4, 'use_contrastive': True}
<class 'shell.learners.er_dynamic.CompositionalDynamicER'>
[2023-10-17 21:13:03,781][root][INFO] - Class sequence: [6 5 8 5 7 8 1 5 1 7 9 5 2 0 1 8 4 2 2 1]
[2023-10-17 21:13:03,798][root][INFO] - task 0 :(128, 1, 28, 28)
[2023-10-17 21:13:03,816][root][INFO] - task 1 :(128, 1, 28, 28)
[2023-10-17 21:13:03,836][root][INFO] - task 2 :(128, 1, 28, 28)
[2023-10-17 21:13:03,856][root][INFO] - task 3 :(128, 1, 28, 28)
[2023-10-17 21:13:03,884][root][INFO] - task 4 :(128, 1, 28, 28)
[2023-10-17 21:13:03,903][root][INFO] - task 5 :(128, 1, 28, 28)
[2023-10-17 21:13:03,925][root][INFO] - task 6 :(128, 1, 28, 28)
[2023-10-17 21:13:03,948][root][INFO] - task 7 :(128, 1, 28, 28)
[2023-10-17 21:13:03,967][root][INFO] - task 8 :(128, 1, 28, 28)
[2023-10-17 21:13:03,997][root][INFO] - task 9 :(128, 1, 28, 28)
[2023-10-17 21:13:18,989][root][INFO] - Joint training on task 0 ...
[2023-10-17 21:13:24,014][root][INFO] - Joint training on task 1 ...
[2023-10-17 21:13:24,937][root][INFO] - Joint training on task 2 ...
[2023-10-17 21:13:26,356][root][INFO] - Joint training on task 3 ...
[2023-10-17 21:15:44,444][root][INFO] - DONE TRAINING THE JOINT AGENT...
[2023-10-17 21:15:44,444][root][INFO] - No. gpus per agent: 0.25
[2023-10-17 21:15:49,122][root][INFO] - Created fleet with 8 agents
[2023-10-17 21:15:49,122][root][INFO] - Adding neighbors...
[2023-10-17 21:15:49,819][root][INFO] - Fleet initialized
[2023-10-17 21:15:49,829][root][INFO] - READY TO TRAIN INDIVIDUAL AGENTS...
[2m[36m(ParallelModGrad pid=3807275)[0m node 0 is processing at round 0 for task 0
[2m[36m(ParallelModGrad pid=3807774)[0m node 1 is processing at round 0 for task 0
[2m[36m(ParallelModGrad pid=3808305)[0m node 2 is processing at round 0 for task 0
[2m[36m(ParallelModGrad pid=3808699)[0m node 3 is processing at round 0 for task 0
[2m[36m(ParallelModGrad pid=3808761)[0m node 4 is processing at round 0 for task 0
[2m[36m(ParallelModGrad pid=3808835)[0m node 5 is processing at round 0 for task 0
[2m[36m(ParallelModGrad pid=3808937)[0m node 6 is processing at round 0 for task 0
[2m[36m(ParallelModGrad pid=3809247)[0m node 7 is processing at round 0 for task 0
[2m[36m(ParallelModGrad pid=3807275)[0m node 0 is processing at round 1 for task 0
[2m[36m(ParallelModGrad pid=3807774)[0m node 1 is processing at round 1 for task 0
[2m[36m(ParallelModGrad pid=3808305)[0m node 2 is processing at round 1 for task 0
[2m[36m(ParallelModGrad pid=3808699)[0m node 3 is processing at round 1 for task 0
[2m[36m(ParallelModGrad pid=3808761)[0m node 4 is processing at round 1 for task 0
[2m[36m(ParallelModGrad pid=3808835)[0m node 5 is processing at round 1 for task 0
[2m[36m(ParallelModGrad pid=3808937)[0m node 6 is processing at round 1 for task 0
[2m[36m(ParallelModGrad pid=3809247)[0m node 7 is processing at round 1 for task 0
[2m[36m(ParallelModGrad pid=3807275)[0m node 0 is processing at round 2 for task 0
[2m[36m(ParallelModGrad pid=3807774)[0m node 1 is processing at round 2 for task 0
[2m[36m(ParallelModGrad pid=3808305)[0m node 2 is processing at round 2 for task 0
[2m[36m(ParallelModGrad pid=3808699)[0m node 3 is processing at round 2 for task 0
[2m[36m(ParallelModGrad pid=3808761)[0m node 4 is processing at round 2 for task 0
[2m[36m(ParallelModGrad pid=3808835)[0m node 5 is processing at round 2 for task 0
[2m[36m(ParallelModGrad pid=3808937)[0m node 6 is processing at round 2 for task 0
[2m[36m(ParallelModGrad pid=3809247)[0m node 7 is processing at round 2 for task 0
[2m[36m(ParallelModGrad pid=3807275)[0m node 0 is processing at round 3 for task 0
[2m[36m(ParallelModGrad pid=3807774)[0m node 1 is processing at round 3 for task 0
[2m[36m(ParallelModGrad pid=3808305)[0m node 2 is processing at round 3 for task 0
[2m[36m(ParallelModGrad pid=3808699)[0m node 3 is processing at round 3 for task 0
[2m[36m(ParallelModGrad pid=3808761)[0m node 4 is processing at round 3 for task 0
[2m[36m(ParallelModGrad pid=3808835)[0m node 5 is processing at round 3 for task 0
[2m[36m(ParallelModGrad pid=3808937)[0m node 6 is processing at round 3 for task 0
[2m[36m(ParallelModGrad pid=3809247)[0m node 7 is processing at round 3 for task 0
[2m[36m(ParallelModGrad pid=3807275)[0m node 0 is processing at round 4 for task 0
[2m[36m(ParallelModGrad pid=3807774)[0m node 1 is processing at round 4 for task 0
[2m[36m(ParallelModGrad pid=3808305)[0m node 2 is processing at round 4 for task 0
[2m[36m(ParallelModGrad pid=3808699)[0m node 3 is processing at round 4 for task 0
[2m[36m(ParallelModGrad pid=3808761)[0m node 4 is processing at round 4 for task 0
[2m[36m(ParallelModGrad pid=3808835)[0m node 5 is processing at round 4 for task 0
[2m[36m(ParallelModGrad pid=3808937)[0m node 6 is processing at round 4 for task 0
[2m[36m(ParallelModGrad pid=3809247)[0m node 7 is processing at round 4 for task 0
[2m[36m(ParallelModGrad pid=3807275)[0m node 0 is processing at round 5 for task 0
[2m[36m(ParallelModGrad pid=3807774)[0m node 1 is processing at round 5 for task 0
[2m[36m(ParallelModGrad pid=3808305)[0m node 2 is processing at round 5 for task 0
[2m[36m(ParallelModGrad pid=3808699)[0m node 3 is processing at round 5 for task 0
[2m[36m(ParallelModGrad pid=3808761)[0m node 4 is processing at round 5 for task 0
[2m[36m(ParallelModGrad pid=3808835)[0m node 5 is processing at round 5 for task 0
[2m[36m(ParallelModGrad pid=3808937)[0m node 6 is processing at round 5 for task 0
[2m[36m(ParallelModGrad pid=3809247)[0m node 7 is processing at round 5 for task 0
[2m[36m(ParallelModGrad pid=3807275)[0m node 0 is processing at round 6 for task 0
[2m[36m(ParallelModGrad pid=3807774)[0m node 1 is processing at round 6 for task 0
[2m[36m(ParallelModGrad pid=3808305)[0m node 2 is processing at round 6 for task 0
[2m[36m(ParallelModGrad pid=3808699)[0m node 3 is processing at round 6 for task 0
[2m[36m(ParallelModGrad pid=3808761)[0m node 4 is processing at round 6 for task 0
[2m[36m(ParallelModGrad pid=3808835)[0m node 5 is processing at round 6 for task 0
[2m[36m(ParallelModGrad pid=3808937)[0m node 6 is processing at round 6 for task 0
[2m[36m(ParallelModGrad pid=3809247)[0m node 7 is processing at round 6 for task 0
[2m[36m(ParallelModGrad pid=3807275)[0m node 0 is processing at round 7 for task 0
[2m[36m(ParallelModGrad pid=3807774)[0m node 1 is processing at round 7 for task 0
[2m[36m(ParallelModGrad pid=3808305)[0m node 2 is processing at round 7 for task 0
[2m[36m(ParallelModGrad pid=3808699)[0m node 3 is processing at round 7 for task 0
[2m[36m(ParallelModGrad pid=3808761)[0m node 4 is processing at round 7 for task 0
[2m[36m(ParallelModGrad pid=3808835)[0m node 5 is processing at round 7 for task 0
[2m[36m(ParallelModGrad pid=3808937)[0m node 6 is processing at round 7 for task 0
[2m[36m(ParallelModGrad pid=3809247)[0m node 7 is processing at round 7 for task 0
[2m[36m(ParallelModGrad pid=3807275)[0m node 0 is processing at round 8 for task 0
[2m[36m(ParallelModGrad pid=3807774)[0m node 1 is processing at round 8 for task 0
[2m[36m(ParallelModGrad pid=3808305)[0m node 2 is processing at round 8 for task 0
[2m[36m(ParallelModGrad pid=3808699)[0m node 3 is processing at round 8 for task 0
[2m[36m(ParallelModGrad pid=3808761)[0m node 4 is processing at round 8 for task 0
[2m[36m(ParallelModGrad pid=3808835)[0m node 5 is processing at round 8 for task 0
[2m[36m(ParallelModGrad pid=3808937)[0m node 6 is processing at round 8 for task 0
[2m[36m(ParallelModGrad pid=3809247)[0m node 7 is processing at round 8 for task 0
[2m[36m(ParallelModGrad pid=3807275)[0m node 0 is processing at round 9 for task 0
[2m[36m(ParallelModGrad pid=3807774)[0m node 1 is processing at round 9 for task 0
[2m[36m(ParallelModGrad pid=3808305)[0m node 2 is processing at round 9 for task 0
[2m[36m(ParallelModGrad pid=3808699)[0m node 3 is processing at round 9 for task 0
[2m[36m(ParallelModGrad pid=3808761)[0m node 4 is processing at round 9 for task 0
[2m[36m(ParallelModGrad pid=3808835)[0m node 5 is processing at round 9 for task 0
[2m[36m(ParallelModGrad pid=3808937)[0m node 6 is processing at round 9 for task 0
[2m[36m(ParallelModGrad pid=3809247)[0m node 7 is processing at round 9 for task 0
{'algo': 'modular', 'seed': 1, 'parallel': True, 'agent.batch_size': 64, 'num_agents': 8, 'dataset': 'mnist', 'dataset.num_trains_per_class': 64, 'dataset.num_vals_per_class': 50, 'dataset.remap_labels': True, 'dataset.with_replacement': True, 'dataset.num_tasks': 10, 'net': 'mlp', 'net.depth': 4, 'num_init_tasks': 4, 'net.dropout': 0.0, 'train.num_epochs': 100, 'train.component_update_freq': 100, 'train.init_num_epochs': 100, 'train.init_component_update_freq': 100, 'train.save_freq': 1, 'agent.use_contrastive': True, 'agent.memory_size': 32, 'root_save_dir': 'experiment_results/fedavg/', 'sharing_strategy': 'grad_sharing', 'sharing_strategy.comm_freq': 10}
No. of experiments: 1
Experiment runs took 0:05:14.977442
