/mnt/kostas-graid/sw/envs/vlongle/miniconda3/envs/shell/lib/python3.10/site-packages/hydra/_internal/defaults_list.py:251: UserWarning: In 'config': Defaults list is missing `_self_`. See https://hydra.cc/docs/1.2/upgrades/1.0_to_1.1/default_composition_order for more information
  warnings.warn(msg, UserWarning)
{'train': {'component_update_freq': 100, 'num_epochs': 100, 'init_component_update_freq': 100, 'init_num_epochs': 100, 'save_freq': 1}, 'dataset': {'dataset_name': 'mnist', 'num_tasks': 10, 'num_classes_per_task': 2, 'with_replacement': True, 'num_trains_per_class': 64, 'num_vals_per_class': 50, 'remap_labels': True}, 'net': {'name': 'mlp', 'depth': 4, 'layer_size': 64, 'dropout': 0.0}, 'sharing_strategy': {'name': 'fedprox', 'num_coms_per_round': 1, 'comm_freq': 10, 'mu': 0.0}, 'seed': 1, 'algo': 'monolithic', 'job_name': 'mnist_monolithic_numtrain_64_contrastive', 'num_agents': 8, 'root_save_dir': 'experiment_results/fedprox_0.0/', 'parallel': True, 'num_init_tasks': 4, 'agent': {'save_dir': '${root_save_dir}/${job_name}/${dataset.dataset_name}/${algo}/seed_${seed}', 'batch_size': 64, 'memory_size': 32, 'improvement_threshold': 0.05, 'use_contrastive': True}}
[2023-10-16 14:34:35,598][root][INFO] - Class sequence: [6 4 1 4 5 6 6 2 2 7 9 7 1 6 4 9 8 5 4 1]
[2023-10-16 14:34:35,617][root][INFO] - task 0 :(128, 1, 28, 28)
[2023-10-16 14:34:35,646][root][INFO] - task 1 :(128, 1, 28, 28)
[2023-10-16 14:34:35,665][root][INFO] - task 2 :(128, 1, 28, 28)
[2023-10-16 14:34:35,689][root][INFO] - task 3 :(128, 1, 28, 28)
[2023-10-16 14:34:35,709][root][INFO] - task 4 :(128, 1, 28, 28)
[2023-10-16 14:34:35,729][root][INFO] - task 5 :(128, 1, 28, 28)
[2023-10-16 14:34:35,750][root][INFO] - task 6 :(128, 1, 28, 28)
[2023-10-16 14:34:35,770][root][INFO] - task 7 :(128, 1, 28, 28)
[2023-10-16 14:34:35,789][root][INFO] - task 8 :(128, 1, 28, 28)
[2023-10-16 14:34:35,823][root][INFO] - task 9 :(128, 1, 28, 28)
[2023-10-16 14:34:35,924][root][INFO] - Class sequence: [6 5 5 7 5 1 3 7 0 2 4 8 7 3 3 7 4 5 2 0]
[2023-10-16 14:34:35,941][root][INFO] - task 0 :(128, 1, 28, 28)
[2023-10-16 14:34:35,961][root][INFO] - task 1 :(128, 1, 28, 28)
[2023-10-16 14:34:35,982][root][INFO] - task 2 :(128, 1, 28, 28)
[2023-10-16 14:34:36,004][root][INFO] - task 3 :(128, 1, 28, 28)
[2023-10-16 14:34:36,023][root][INFO] - task 4 :(128, 1, 28, 28)
[2023-10-16 14:34:36,044][root][INFO] - task 5 :(128, 1, 28, 28)
[2023-10-16 14:34:36,064][root][INFO] - task 6 :(128, 1, 28, 28)
[2023-10-16 14:34:36,085][root][INFO] - task 7 :(128, 1, 28, 28)
[2023-10-16 14:34:36,105][root][INFO] - task 8 :(128, 1, 28, 28)
[2023-10-16 14:34:36,125][root][INFO] - task 9 :(128, 1, 28, 28)
[2023-10-16 14:34:36,232][root][INFO] - Class sequence: [5 4 2 3 6 2 0 5 9 4 8 4 1 7 2 5 5 3 9 6]
[2023-10-16 14:34:36,249][root][INFO] - task 0 :(128, 1, 28, 28)
[2023-10-16 14:34:36,269][root][INFO] - task 1 :(128, 1, 28, 28)
[2023-10-16 14:34:36,289][root][INFO] - task 2 :(128, 1, 28, 28)
[2023-10-16 14:34:36,316][root][INFO] - task 3 :(128, 1, 28, 28)
[2023-10-16 14:34:36,336][root][INFO] - task 4 :(128, 1, 28, 28)
[2023-10-16 14:34:36,358][root][INFO] - task 5 :(128, 1, 28, 28)
[2023-10-16 14:34:36,388][root][INFO] - task 6 :(128, 1, 28, 28)
[2023-10-16 14:34:36,409][root][INFO] - task 7 :(128, 1, 28, 28)
[2023-10-16 14:34:36,429][root][INFO] - task 8 :(128, 1, 28, 28)
[2023-10-16 14:34:36,449][root][INFO] - task 9 :(128, 1, 28, 28)
[2023-10-16 14:34:36,551][root][INFO] - Class sequence: [6 9 8 3 9 7 6 3 0 2 8 6 3 8 5 7 1 4 0 2]
[2023-10-16 14:34:36,568][root][INFO] - task 0 :(128, 1, 28, 28)
[2023-10-16 14:34:36,589][root][INFO] - task 1 :(128, 1, 28, 28)
[2023-10-16 14:34:36,609][root][INFO] - task 2 :(128, 1, 28, 28)
[2023-10-16 14:34:36,630][root][INFO] - task 3 :(128, 1, 28, 28)
[2023-10-16 14:34:36,650][root][INFO] - task 4 :(128, 1, 28, 28)
[2023-10-16 14:34:36,670][root][INFO] - task 5 :(128, 1, 28, 28)
[2023-10-16 14:34:36,692][root][INFO] - task 6 :(128, 1, 28, 28)
[2023-10-16 14:34:36,711][root][INFO] - task 7 :(128, 1, 28, 28)
[2023-10-16 14:34:36,732][root][INFO] - task 8 :(128, 1, 28, 28)
[2023-10-16 14:34:36,753][root][INFO] - task 9 :(128, 1, 28, 28)
[2023-10-16 14:34:36,855][root][INFO] - Class sequence: [9 2 7 6 8 4 8 5 3 9 0 6 6 9 3 9 7 0 1 4]
[2023-10-16 14:34:36,871][root][INFO] - task 0 :(128, 1, 28, 28)
[2023-10-16 14:34:36,892][root][INFO] - task 1 :(128, 1, 28, 28)
[2023-10-16 14:34:36,912][root][INFO] - task 2 :(128, 1, 28, 28)
[2023-10-16 14:34:36,942][root][INFO] - task 3 :(128, 1, 28, 28)
[2023-10-16 14:34:36,970][root][INFO] - task 4 :(128, 1, 28, 28)
[2023-10-16 14:34:36,989][root][INFO] - task 5 :(128, 1, 28, 28)
[2023-10-16 14:34:37,010][root][INFO] - task 6 :(128, 1, 28, 28)
[2023-10-16 14:34:37,030][root][INFO] - task 7 :(128, 1, 28, 28)
[2023-10-16 14:34:37,052][root][INFO] - task 8 :(128, 1, 28, 28)
[2023-10-16 14:34:37,081][root][INFO] - task 9 :(128, 1, 28, 28)
[2023-10-16 14:34:37,181][root][INFO] - Class sequence: [1 2 4 6 1 7 8 7 5 7 6 8 0 5 0 5 6 1 5 2]
[2023-10-16 14:34:37,199][root][INFO] - task 0 :(128, 1, 28, 28)
[2023-10-16 14:34:37,218][root][INFO] - task 1 :(128, 1, 28, 28)
[2023-10-16 14:34:37,239][root][INFO] - task 2 :(128, 1, 28, 28)
[2023-10-16 14:34:37,264][root][INFO] - task 3 :(128, 1, 28, 28)
[2023-10-16 14:34:37,284][root][INFO] - task 4 :(128, 1, 28, 28)
[2023-10-16 14:34:37,303][root][INFO] - task 5 :(128, 1, 28, 28)
[2023-10-16 14:34:37,323][root][INFO] - task 6 :(128, 1, 28, 28)
[2023-10-16 14:34:37,342][root][INFO] - task 7 :(128, 1, 28, 28)
[2023-10-16 14:34:37,363][root][INFO] - task 8 :(128, 1, 28, 28)
[2023-10-16 14:34:37,383][root][INFO] - task 9 :(128, 1, 28, 28)
[2023-10-16 14:34:37,485][root][INFO] - Class sequence: [2 9 0 6 4 1 1 4 9 7 7 5 9 2 2 7 8 9 8 0]
[2023-10-16 14:34:37,502][root][INFO] - task 0 :(128, 1, 28, 28)
[2023-10-16 14:34:37,522][root][INFO] - task 1 :(128, 1, 28, 28)
[2023-10-16 14:34:37,544][root][INFO] - task 2 :(128, 1, 28, 28)
[2023-10-16 14:34:37,563][root][INFO] - task 3 :(128, 1, 28, 28)
[2023-10-16 14:34:37,588][root][INFO] - task 4 :(128, 1, 28, 28)
[2023-10-16 14:34:37,607][root][INFO] - task 5 :(128, 1, 28, 28)
[2023-10-16 14:34:37,627][root][INFO] - task 6 :(128, 1, 28, 28)
[2023-10-16 14:34:37,647][root][INFO] - task 7 :(128, 1, 28, 28)
[2023-10-16 14:34:37,666][root][INFO] - task 8 :(128, 1, 28, 28)
[2023-10-16 14:34:37,684][root][INFO] - task 9 :(128, 1, 28, 28)
[2023-10-16 14:34:37,785][root][INFO] - Class sequence: [2 7 2 4 0 8 5 9 1 9 7 4 4 9 4 8 7 1 0 5]
[2023-10-16 14:34:37,804][root][INFO] - task 0 :(128, 1, 28, 28)
[2023-10-16 14:34:37,824][root][INFO] - task 1 :(128, 1, 28, 28)
[2023-10-16 14:34:37,843][root][INFO] - task 2 :(128, 1, 28, 28)
[2023-10-16 14:34:37,864][root][INFO] - task 3 :(128, 1, 28, 28)
[2023-10-16 14:34:37,893][root][INFO] - task 4 :(128, 1, 28, 28)
[2023-10-16 14:34:37,914][root][INFO] - task 5 :(128, 1, 28, 28)
[2023-10-16 14:34:37,934][root][INFO] - task 6 :(128, 1, 28, 28)
[2023-10-16 14:34:37,954][root][INFO] - task 7 :(128, 1, 28, 28)
[2023-10-16 14:34:37,975][root][INFO] - task 8 :(128, 1, 28, 28)
[2023-10-16 14:34:38,001][root][INFO] - task 9 :(128, 1, 28, 28)
i_size 28
num_classes 2
net_cfg {'name': 'mlp', 'depth': 4, 'layer_size': 64, 'dropout': 0.0, 'i_size': 28, 'num_classes': 2, 'num_tasks': 10, 'num_init_tasks': 4, 'use_contrastive': True}
<class 'shell.learners.er_nocomponents.NoComponentsER'>
[2023-10-16 14:34:38,111][root][INFO] - Class sequence: [6 5 8 5 7 8 1 5 1 7 9 5 2 0 1 8 4 2 2 1]
[2023-10-16 14:34:38,127][root][INFO] - task 0 :(128, 1, 28, 28)
[2023-10-16 14:34:38,146][root][INFO] - task 1 :(128, 1, 28, 28)
[2023-10-16 14:34:38,166][root][INFO] - task 2 :(128, 1, 28, 28)
[2023-10-16 14:34:38,186][root][INFO] - task 3 :(128, 1, 28, 28)
[2023-10-16 14:34:38,207][root][INFO] - task 4 :(128, 1, 28, 28)
[2023-10-16 14:34:38,227][root][INFO] - task 5 :(128, 1, 28, 28)
[2023-10-16 14:34:38,246][root][INFO] - task 6 :(128, 1, 28, 28)
[2023-10-16 14:34:38,267][root][INFO] - task 7 :(128, 1, 28, 28)
[2023-10-16 14:34:38,286][root][INFO] - task 8 :(128, 1, 28, 28)
[2023-10-16 14:34:38,306][root][INFO] - task 9 :(128, 1, 28, 28)
2023-10-16 14:34:40,650	INFO worker.py:1544 -- Started a local Ray instance. View the dashboard at [1m[32m127.0.0.1:8265 [39m[22m
[2023-10-16 14:34:53,302][root][INFO] - Joint training on task 0 ...
[2m[36m(ParallelFedProxAgent pid=260195)[0m INFO:root:Agent: node_id: 69420, seed: 69420001
[2m[36m(ParallelFedProxAgent pid=260195)[0m INFO:root:epochs: 0, training task: 0
[2m[36m(ParallelFedProxAgent pid=260195)[0m INFO:root:	task: 0	loss: 0.69227916	acc: 0.518
[2m[36m(ParallelFedProxAgent pid=260195)[0m INFO:root:	task: avg	loss: 0.69227916	acc: 0.518
[2m[36m(ParallelFedProxAgent pid=260195)[0m INFO:root:epochs: 0, training task: 0
[2m[36m(ParallelFedProxAgent pid=260195)[0m INFO:root:	task: 0	loss: 0.69227916	acc: 0.518
[2m[36m(ParallelFedProxAgent pid=260195)[0m INFO:root:	task: avg	loss: 0.69227916	acc: 0.518
[2023-10-16 14:34:58,562][root][INFO] - Joint training on task 1 ...
[2m[36m(ParallelFedProxAgent pid=260195)[0m INFO:root:epochs: 0, training task: 1
[2m[36m(ParallelFedProxAgent pid=260195)[0m INFO:root:	task: 0	loss: 0.69227916	acc: 0.518
[2m[36m(ParallelFedProxAgent pid=260195)[0m INFO:root:	task: 1	loss: 0.69305839	acc: 0.522
[2m[36m(ParallelFedProxAgent pid=260195)[0m INFO:root:	task: avg	loss: 0.69266877	acc: 0.520
[2m[36m(ParallelFedProxAgent pid=260195)[0m INFO:root:epochs: 0, training task: 1
[2m[36m(ParallelFedProxAgent pid=260195)[0m INFO:root:	task: 0	loss: 0.69227916	acc: 0.518
[2m[36m(ParallelFedProxAgent pid=260195)[0m INFO:root:	task: 1	loss: 0.69305839	acc: 0.522
[2m[36m(ParallelFedProxAgent pid=260195)[0m INFO:root:	task: avg	loss: 0.69266877	acc: 0.520
[2023-10-16 14:34:59,350][root][INFO] - Joint training on task 2 ...
[2m[36m(ParallelFedProxAgent pid=260195)[0m INFO:root:epochs: 0, training task: 2
[2m[36m(ParallelFedProxAgent pid=260195)[0m INFO:root:	task: 0	loss: 0.69227916	acc: 0.518
[2m[36m(ParallelFedProxAgent pid=260195)[0m INFO:root:	task: 1	loss: 0.69305839	acc: 0.522
[2m[36m(ParallelFedProxAgent pid=260195)[0m INFO:root:	task: 2	loss: 0.69339754	acc: 0.487
[2m[36m(ParallelFedProxAgent pid=260195)[0m INFO:root:	task: avg	loss: 0.69291170	acc: 0.509
[2m[36m(ParallelFedProxAgent pid=260195)[0m INFO:root:epochs: 0, training task: 2
[2m[36m(ParallelFedProxAgent pid=260195)[0m INFO:root:	task: 0	loss: 0.69227916	acc: 0.518
[2m[36m(ParallelFedProxAgent pid=260195)[0m INFO:root:	task: 1	loss: 0.69305839	acc: 0.522
[2m[36m(ParallelFedProxAgent pid=260195)[0m INFO:root:	task: 2	loss: 0.69339754	acc: 0.487
[2m[36m(ParallelFedProxAgent pid=260195)[0m INFO:root:	task: avg	loss: 0.69291170	acc: 0.509
[2023-10-16 14:35:00,530][root][INFO] - Joint training on task 3 ...
[2m[36m(ParallelFedProxAgent pid=260195)[0m INFO:root:epochs: 0, training task: 3
[2m[36m(ParallelFedProxAgent pid=260195)[0m INFO:root:	task: 0	loss: 0.69227916	acc: 0.518
[2m[36m(ParallelFedProxAgent pid=260195)[0m INFO:root:	task: 1	loss: 0.69305839	acc: 0.522
[2m[36m(ParallelFedProxAgent pid=260195)[0m INFO:root:	task: 2	loss: 0.69339754	acc: 0.487
[2m[36m(ParallelFedProxAgent pid=260195)[0m INFO:root:	task: 3	loss: 0.69800437	acc: 0.440
[2m[36m(ParallelFedProxAgent pid=260195)[0m INFO:root:	task: avg	loss: 0.69418486	acc: 0.492
[2m[36m(ParallelFedProxAgent pid=260195)[0m INFO:root:epochs: 1, training task: 3
[2m[36m(ParallelFedProxAgent pid=260195)[0m INFO:root:	task: 0	loss: 0.69048547	acc: 0.518
[2m[36m(ParallelFedProxAgent pid=260195)[0m INFO:root:	task: 1	loss: 0.69380353	acc: 0.426
[2m[36m(ParallelFedProxAgent pid=260195)[0m INFO:root:	task: 2	loss: 0.69309150	acc: 0.487
[2m[36m(ParallelFedProxAgent pid=260195)[0m INFO:root:	task: 3	loss: 0.69547509	acc: 0.440
[2m[36m(ParallelFedProxAgent pid=260195)[0m INFO:root:	task: avg	loss: 0.69321390	acc: 0.467
[2m[36m(ParallelFedProxAgent pid=260195)[0m INFO:root:epochs: 2, training task: 3
[2m[36m(ParallelFedProxAgent pid=260195)[0m INFO:root:	task: 0	loss: 0.68731500	acc: 0.519
[2m[36m(ParallelFedProxAgent pid=260195)[0m INFO:root:	task: 1	loss: 0.69485675	acc: 0.359
[2m[36m(ParallelFedProxAgent pid=260195)[0m INFO:root:	task: 2	loss: 0.69243508	acc: 0.487
[2m[36m(ParallelFedProxAgent pid=260195)[0m INFO:root:	task: 3	loss: 0.69252136	acc: 0.440
[2m[36m(ParallelFedProxAgent pid=260195)[0m INFO:root:	task: avg	loss: 0.69178205	acc: 0.451
[2m[36m(ParallelFedProxAgent pid=260195)[0m INFO:root:epochs: 3, training task: 3
[2m[36m(ParallelFedProxAgent pid=260195)[0m INFO:root:	task: 0	loss: 0.68174572	acc: 0.652
[2m[36m(ParallelFedProxAgent pid=260195)[0m INFO:root:	task: 1	loss: 0.69640988	acc: 0.456
[2m[36m(ParallelFedProxAgent pid=260195)[0m INFO:root:	task: 2	loss: 0.69114917	acc: 0.720
[2m[36m(ParallelFedProxAgent pid=260195)[0m INFO:root:	task: 3	loss: 0.68671237	acc: 0.440
[2m[36m(ParallelFedProxAgent pid=260195)[0m INFO:root:	task: avg	loss: 0.68900428	acc: 0.567
[2m[36m(ParallelFedProxAgent pid=260195)[0m INFO:root:epochs: 4, training task: 3
[2m[36m(ParallelFedProxAgent pid=260195)[0m INFO:root:	task: 0	loss: 0.67643660	acc: 0.814
[2m[36m(ParallelFedProxAgent pid=260195)[0m INFO:root:	task: 1	loss: 0.69925978	acc: 0.478
[2m[36m(ParallelFedProxAgent pid=260195)[0m INFO:root:	task: 2	loss: 0.68833910	acc: 0.596
[2m[36m(ParallelFedProxAgent pid=260195)[0m INFO:root:	task: 3	loss: 0.67962906	acc: 0.615
[2m[36m(ParallelFedProxAgent pid=260195)[0m INFO:root:	task: avg	loss: 0.68591614	acc: 0.626
[2m[36m(ParallelFedProxAgent pid=260195)[0m INFO:root:epochs: 5, training task: 3
[2m[36m(ParallelFedProxAgent pid=260195)[0m INFO:root:	task: 0	loss: 0.67461059	acc: 0.863
[2m[36m(ParallelFedProxAgent pid=260195)[0m INFO:root:	task: 1	loss: 0.70167861	acc: 0.478
[2m[36m(ParallelFedProxAgent pid=260195)[0m INFO:root:	task: 2	loss: 0.68314407	acc: 0.538
[2m[36m(ParallelFedProxAgent pid=260195)[0m INFO:root:	task: 3	loss: 0.67590200	acc: 0.759
[2m[36m(ParallelFedProxAgent pid=260195)[0m INFO:root:	task: avg	loss: 0.68383381	acc: 0.659
[2m[36m(ParallelFedProxAgent pid=260195)[0m INFO:root:epochs: 6, training task: 3
[2m[36m(ParallelFedProxAgent pid=260195)[0m INFO:root:	task: 0	loss: 0.67145672	acc: 0.886
[2m[36m(ParallelFedProxAgent pid=260195)[0m INFO:root:	task: 1	loss: 0.70307222	acc: 0.478
[2m[36m(ParallelFedProxAgent pid=260195)[0m INFO:root:	task: 2	loss: 0.67926450	acc: 0.529
[2m[36m(ParallelFedProxAgent pid=260195)[0m INFO:root:	task: 3	loss: 0.67184693	acc: 0.883
[2m[36m(ParallelFedProxAgent pid=260195)[0m INFO:root:	task: avg	loss: 0.68141009	acc: 0.694
[2m[36m(ParallelFedProxAgent pid=260195)[0m INFO:root:epochs: 7, training task: 3
[2m[36m(ParallelFedProxAgent pid=260195)[0m INFO:root:	task: 0	loss: 0.66912754	acc: 0.909
[2m[36m(ParallelFedProxAgent pid=260195)[0m INFO:root:	task: 1	loss: 0.70300009	acc: 0.478
[2m[36m(ParallelFedProxAgent pid=260195)[0m INFO:root:	task: 2	loss: 0.67831081	acc: 0.524
[2m[36m(ParallelFedProxAgent pid=260195)[0m INFO:root:	task: 3	loss: 0.66855276	acc: 0.928
[2m[36m(ParallelFedProxAgent pid=260195)[0m INFO:root:	task: avg	loss: 0.67974780	acc: 0.710
[2m[36m(ParallelFedProxAgent pid=260195)[0m INFO:root:epochs: 8, training task: 3
[2m[36m(ParallelFedProxAgent pid=260195)[0m INFO:root:	task: 0	loss: 0.66547360	acc: 0.920
[2m[36m(ParallelFedProxAgent pid=260195)[0m INFO:root:	task: 1	loss: 0.70276353	acc: 0.478
[2m[36m(ParallelFedProxAgent pid=260195)[0m INFO:root:	task: 2	loss: 0.67721680	acc: 0.520
[2m[36m(ParallelFedProxAgent pid=260195)[0m INFO:root:	task: 3	loss: 0.66376263	acc: 0.960
[2m[36m(ParallelFedProxAgent pid=260195)[0m INFO:root:	task: avg	loss: 0.67730414	acc: 0.720
[2m[36m(ParallelFedProxAgent pid=260195)[0m INFO:root:epochs: 9, training task: 3
[2m[36m(ParallelFedProxAgent pid=260195)[0m INFO:root:	task: 0	loss: 0.66353354	acc: 0.927
[2m[36m(ParallelFedProxAgent pid=260195)[0m INFO:root:	task: 1	loss: 0.70147790	acc: 0.478
[2m[36m(ParallelFedProxAgent pid=260195)[0m INFO:root:	task: 2	loss: 0.67437173	acc: 0.523
[2m[36m(ParallelFedProxAgent pid=260195)[0m INFO:root:	task: 3	loss: 0.66150953	acc: 0.974
[2m[36m(ParallelFedProxAgent pid=260195)[0m INFO:root:	task: avg	loss: 0.67522317	acc: 0.726
[2m[36m(ParallelFedProxAgent pid=260195)[0m INFO:root:epochs: 10, training task: 3
[2m[36m(ParallelFedProxAgent pid=260195)[0m INFO:root:	task: 0	loss: 0.65867222	acc: 0.931
[2m[36m(ParallelFedProxAgent pid=260195)[0m INFO:root:	task: 1	loss: 0.69987462	acc: 0.478
[2m[36m(ParallelFedProxAgent pid=260195)[0m INFO:root:	task: 2	loss: 0.67138558	acc: 0.524
[2m[36m(ParallelFedProxAgent pid=260195)[0m INFO:root:	task: 3	loss: 0.65717096	acc: 0.978
[2m[36m(ParallelFedProxAgent pid=260195)[0m INFO:root:	task: avg	loss: 0.67177585	acc: 0.728
[2m[36m(ParallelFedProxAgent pid=260195)[0m INFO:root:epochs: 11, training task: 3
[2m[36m(ParallelFedProxAgent pid=260195)[0m INFO:root:	task: 0	loss: 0.65567829	acc: 0.939
[2m[36m(ParallelFedProxAgent pid=260195)[0m INFO:root:	task: 1	loss: 0.69840846	acc: 0.478
[2m[36m(ParallelFedProxAgent pid=260195)[0m INFO:root:	task: 2	loss: 0.67151364	acc: 0.517
[2m[36m(ParallelFedProxAgent pid=260195)[0m INFO:root:	task: 3	loss: 0.65306283	acc: 0.981
[2m[36m(ParallelFedProxAgent pid=260195)[0m INFO:root:	task: avg	loss: 0.66966580	acc: 0.729
[2m[36m(ParallelFedProxAgent pid=260195)[0m INFO:root:epochs: 12, training task: 3
[2m[36m(ParallelFedProxAgent pid=260195)[0m INFO:root:	task: 0	loss: 0.65104160	acc: 0.948
[2m[36m(ParallelFedProxAgent pid=260195)[0m INFO:root:	task: 1	loss: 0.69638615	acc: 0.478
[2m[36m(ParallelFedProxAgent pid=260195)[0m INFO:root:	task: 2	loss: 0.66833848	acc: 0.522
[2m[36m(ParallelFedProxAgent pid=260195)[0m INFO:root:	task: 3	loss: 0.64895171	acc: 0.980
[2m[36m(ParallelFedProxAgent pid=260195)[0m INFO:root:	task: avg	loss: 0.66617949	acc: 0.732
[2m[36m(ParallelFedProxAgent pid=260195)[0m INFO:root:epochs: 13, training task: 3
[2m[36m(ParallelFedProxAgent pid=260195)[0m INFO:root:	task: 0	loss: 0.64706729	acc: 0.945
[2m[36m(ParallelFedProxAgent pid=260195)[0m INFO:root:	task: 1	loss: 0.69465368	acc: 0.478
[2m[36m(ParallelFedProxAgent pid=260195)[0m INFO:root:	task: 2	loss: 0.66535594	acc: 0.533
[2m[36m(ParallelFedProxAgent pid=260195)[0m INFO:root:	task: 3	loss: 0.64543195	acc: 0.978
[2m[36m(ParallelFedProxAgent pid=260195)[0m INFO:root:	task: avg	loss: 0.66312721	acc: 0.734
[2m[36m(ParallelFedProxAgent pid=260195)[0m INFO:root:epochs: 14, training task: 3
[2m[36m(ParallelFedProxAgent pid=260195)[0m INFO:root:	task: 0	loss: 0.64426874	acc: 0.948
[2m[36m(ParallelFedProxAgent pid=260195)[0m INFO:root:	task: 1	loss: 0.69182681	acc: 0.478
[2m[36m(ParallelFedProxAgent pid=260195)[0m INFO:root:	task: 2	loss: 0.66155715	acc: 0.545
[2m[36m(ParallelFedProxAgent pid=260195)[0m INFO:root:	task: 3	loss: 0.64110940	acc: 0.983
[2m[36m(ParallelFedProxAgent pid=260195)[0m INFO:root:	task: avg	loss: 0.65969052	acc: 0.739
[2m[36m(ParallelFedProxAgent pid=260195)[0m INFO:root:epochs: 15, training task: 3
[2m[36m(ParallelFedProxAgent pid=260195)[0m INFO:root:	task: 0	loss: 0.63847284	acc: 0.952
[2m[36m(ParallelFedProxAgent pid=260195)[0m INFO:root:	task: 1	loss: 0.68954170	acc: 0.478
[2m[36m(ParallelFedProxAgent pid=260195)[0m INFO:root:	task: 2	loss: 0.66031127	acc: 0.571
[2m[36m(ParallelFedProxAgent pid=260195)[0m INFO:root:	task: 3	loss: 0.63605260	acc: 0.978
[2m[36m(ParallelFedProxAgent pid=260195)[0m INFO:root:	task: avg	loss: 0.65609460	acc: 0.745
[2m[36m(ParallelFedProxAgent pid=260195)[0m INFO:root:epochs: 16, training task: 3
[2m[36m(ParallelFedProxAgent pid=260195)[0m INFO:root:	task: 0	loss: 0.63540492	acc: 0.952
[2m[36m(ParallelFedProxAgent pid=260195)[0m INFO:root:	task: 1	loss: 0.68598092	acc: 0.478
[2m[36m(ParallelFedProxAgent pid=260195)[0m INFO:root:	task: 2	loss: 0.65738663	acc: 0.593
[2m[36m(ParallelFedProxAgent pid=260195)[0m INFO:root:	task: 3	loss: 0.63237528	acc: 0.977
[2m[36m(ParallelFedProxAgent pid=260195)[0m INFO:root:	task: avg	loss: 0.65278694	acc: 0.750
[2m[36m(ParallelFedProxAgent pid=260195)[0m INFO:root:epochs: 17, training task: 3
[2m[36m(ParallelFedProxAgent pid=260195)[0m INFO:root:	task: 0	loss: 0.63579925	acc: 0.946
[2m[36m(ParallelFedProxAgent pid=260195)[0m INFO:root:	task: 1	loss: 0.68305239	acc: 0.478
[2m[36m(ParallelFedProxAgent pid=260195)[0m INFO:root:	task: 2	loss: 0.65277509	acc: 0.655
[2m[36m(ParallelFedProxAgent pid=260195)[0m INFO:root:	task: 3	loss: 0.62972487	acc: 0.974
[2m[36m(ParallelFedProxAgent pid=260195)[0m INFO:root:	task: avg	loss: 0.65033790	acc: 0.763
[2m[36m(ParallelFedProxAgent pid=260195)[0m INFO:root:epochs: 18, training task: 3
[2m[36m(ParallelFedProxAgent pid=260195)[0m INFO:root:	task: 0	loss: 0.62889116	acc: 0.949
[2m[36m(ParallelFedProxAgent pid=260195)[0m INFO:root:	task: 1	loss: 0.68003239	acc: 0.478
[2m[36m(ParallelFedProxAgent pid=260195)[0m INFO:root:	task: 2	loss: 0.64975335	acc: 0.626
[2m[36m(ParallelFedProxAgent pid=260195)[0m INFO:root:	task: 3	loss: 0.62211127	acc: 0.980
[2m[36m(ParallelFedProxAgent pid=260195)[0m INFO:root:	task: avg	loss: 0.64519704	acc: 0.758
[2m[36m(ParallelFedProxAgent pid=260195)[0m INFO:root:epochs: 19, training task: 3
[2m[36m(ParallelFedProxAgent pid=260195)[0m INFO:root:	task: 0	loss: 0.62606812	acc: 0.952
[2m[36m(ParallelFedProxAgent pid=260195)[0m INFO:root:	task: 1	loss: 0.67773276	acc: 0.478
[2m[36m(ParallelFedProxAgent pid=260195)[0m INFO:root:	task: 2	loss: 0.64657972	acc: 0.655
[2m[36m(ParallelFedProxAgent pid=260195)[0m INFO:root:	task: 3	loss: 0.62171135	acc: 0.977
[2m[36m(ParallelFedProxAgent pid=260195)[0m INFO:root:	task: avg	loss: 0.64302299	acc: 0.766
[2m[36m(ParallelFedProxAgent pid=260195)[0m INFO:root:epochs: 20, training task: 3
[2m[36m(ParallelFedProxAgent pid=260195)[0m INFO:root:	task: 0	loss: 0.61930540	acc: 0.953
[2m[36m(ParallelFedProxAgent pid=260195)[0m INFO:root:	task: 1	loss: 0.67535342	acc: 0.478
[2m[36m(ParallelFedProxAgent pid=260195)[0m INFO:root:	task: 2	loss: 0.64568930	acc: 0.650
[2m[36m(ParallelFedProxAgent pid=260195)[0m INFO:root:	task: 3	loss: 0.61613896	acc: 0.979
[2m[36m(ParallelFedProxAgent pid=260195)[0m INFO:root:	task: avg	loss: 0.63912177	acc: 0.765
[2m[36m(ParallelFedProxAgent pid=260195)[0m INFO:root:epochs: 21, training task: 3
[2m[36m(ParallelFedProxAgent pid=260195)[0m INFO:root:	task: 0	loss: 0.62003580	acc: 0.952
[2m[36m(ParallelFedProxAgent pid=260195)[0m INFO:root:	task: 1	loss: 0.67286798	acc: 0.478
[2m[36m(ParallelFedProxAgent pid=260195)[0m INFO:root:	task: 2	loss: 0.64282273	acc: 0.720
[2m[36m(ParallelFedProxAgent pid=260195)[0m INFO:root:	task: 3	loss: 0.61449887	acc: 0.977
[2m[36m(ParallelFedProxAgent pid=260195)[0m INFO:root:	task: avg	loss: 0.63755634	acc: 0.782
[2m[36m(ParallelFedProxAgent pid=260195)[0m INFO:root:epochs: 22, training task: 3
[2m[36m(ParallelFedProxAgent pid=260195)[0m INFO:root:	task: 0	loss: 0.61261478	acc: 0.954
[2m[36m(ParallelFedProxAgent pid=260195)[0m INFO:root:	task: 1	loss: 0.66646996	acc: 0.478
[2m[36m(ParallelFedProxAgent pid=260195)[0m INFO:root:	task: 2	loss: 0.63806469	acc: 0.728
[2m[36m(ParallelFedProxAgent pid=260195)[0m INFO:root:	task: 3	loss: 0.60483119	acc: 0.977
[2m[36m(ParallelFedProxAgent pid=260195)[0m INFO:root:	task: avg	loss: 0.63049515	acc: 0.784
[2m[36m(ParallelFedProxAgent pid=260195)[0m INFO:root:epochs: 23, training task: 3
[2m[36m(ParallelFedProxAgent pid=260195)[0m INFO:root:	task: 0	loss: 0.60900812	acc: 0.954
[2m[36m(ParallelFedProxAgent pid=260195)[0m INFO:root:	task: 1	loss: 0.66517238	acc: 0.478
[2m[36m(ParallelFedProxAgent pid=260195)[0m INFO:root:	task: 2	loss: 0.63504909	acc: 0.744
[2m[36m(ParallelFedProxAgent pid=260195)[0m INFO:root:	task: 3	loss: 0.60167457	acc: 0.976
[2m[36m(ParallelFedProxAgent pid=260195)[0m INFO:root:	task: avg	loss: 0.62772604	acc: 0.788
[2m[36m(ParallelFedProxAgent pid=260195)[0m INFO:root:epochs: 24, training task: 3
[2m[36m(ParallelFedProxAgent pid=260195)[0m INFO:root:	task: 0	loss: 0.60914596	acc: 0.948
[2m[36m(ParallelFedProxAgent pid=260195)[0m INFO:root:	task: 1	loss: 0.65757512	acc: 0.478
[2m[36m(ParallelFedProxAgent pid=260195)[0m INFO:root:	task: 2	loss: 0.62822755	acc: 0.788
[2m[36m(ParallelFedProxAgent pid=260195)[0m INFO:root:	task: 3	loss: 0.59789600	acc: 0.976
[2m[36m(ParallelFedProxAgent pid=260195)[0m INFO:root:	task: avg	loss: 0.62321116	acc: 0.798
[2m[36m(ParallelFedProxAgent pid=260195)[0m INFO:root:epochs: 25, training task: 3
[2m[36m(ParallelFedProxAgent pid=260195)[0m INFO:root:	task: 0	loss: 0.60340608	acc: 0.955
[2m[36m(ParallelFedProxAgent pid=260195)[0m INFO:root:	task: 1	loss: 0.65782299	acc: 0.479
[2m[36m(ParallelFedProxAgent pid=260195)[0m INFO:root:	task: 2	loss: 0.62749329	acc: 0.733
[2m[36m(ParallelFedProxAgent pid=260195)[0m INFO:root:	task: 3	loss: 0.59652635	acc: 0.976
[2m[36m(ParallelFedProxAgent pid=260195)[0m INFO:root:	task: avg	loss: 0.62131218	acc: 0.786
[2m[36m(ParallelFedProxAgent pid=260195)[0m INFO:root:epochs: 26, training task: 3
[2m[36m(ParallelFedProxAgent pid=260195)[0m INFO:root:	task: 0	loss: 0.59610607	acc: 0.955
[2m[36m(ParallelFedProxAgent pid=260195)[0m INFO:root:	task: 1	loss: 0.65314432	acc: 0.489
[2m[36m(ParallelFedProxAgent pid=260195)[0m INFO:root:	task: 2	loss: 0.62840064	acc: 0.763
[2m[36m(ParallelFedProxAgent pid=260195)[0m INFO:root:	task: 3	loss: 0.58866178	acc: 0.976
[2m[36m(ParallelFedProxAgent pid=260195)[0m INFO:root:	task: avg	loss: 0.61657820	acc: 0.796
[2m[36m(ParallelFedProxAgent pid=260195)[0m INFO:root:epochs: 27, training task: 3
[2m[36m(ParallelFedProxAgent pid=260195)[0m INFO:root:	task: 0	loss: 0.59490618	acc: 0.953
[2m[36m(ParallelFedProxAgent pid=260195)[0m INFO:root:	task: 1	loss: 0.65040423	acc: 0.499
[2m[36m(ParallelFedProxAgent pid=260195)[0m INFO:root:	task: 2	loss: 0.62406203	acc: 0.773
[2m[36m(ParallelFedProxAgent pid=260195)[0m INFO:root:	task: 3	loss: 0.58549600	acc: 0.977
[2m[36m(ParallelFedProxAgent pid=260195)[0m INFO:root:	task: avg	loss: 0.61371711	acc: 0.800
[2m[36m(ParallelFedProxAgent pid=260195)[0m INFO:root:epochs: 28, training task: 3
[2m[36m(ParallelFedProxAgent pid=260195)[0m INFO:root:	task: 0	loss: 0.58963740	acc: 0.958
[2m[36m(ParallelFedProxAgent pid=260195)[0m INFO:root:	task: 1	loss: 0.64528678	acc: 0.536
[2m[36m(ParallelFedProxAgent pid=260195)[0m INFO:root:	task: 2	loss: 0.61698533	acc: 0.792
[2m[36m(ParallelFedProxAgent pid=260195)[0m INFO:root:	task: 3	loss: 0.57993718	acc: 0.977
[2m[36m(ParallelFedProxAgent pid=260195)[0m INFO:root:	task: avg	loss: 0.60796167	acc: 0.816
[2m[36m(ParallelFedProxAgent pid=260195)[0m INFO:root:epochs: 29, training task: 3
[2m[36m(ParallelFedProxAgent pid=260195)[0m INFO:root:	task: 0	loss: 0.58471552	acc: 0.956
[2m[36m(ParallelFedProxAgent pid=260195)[0m INFO:root:	task: 1	loss: 0.64263292	acc: 0.550
[2m[36m(ParallelFedProxAgent pid=260195)[0m INFO:root:	task: 2	loss: 0.61627848	acc: 0.792
[2m[36m(ParallelFedProxAgent pid=260195)[0m INFO:root:	task: 3	loss: 0.57501563	acc: 0.977
[2m[36m(ParallelFedProxAgent pid=260195)[0m INFO:root:	task: avg	loss: 0.60466064	acc: 0.819
[2m[36m(ParallelFedProxAgent pid=260195)[0m INFO:root:epochs: 30, training task: 3
[2m[36m(ParallelFedProxAgent pid=260195)[0m INFO:root:	task: 0	loss: 0.58624066	acc: 0.957
[2m[36m(ParallelFedProxAgent pid=260195)[0m INFO:root:	task: 1	loss: 0.64122600	acc: 0.574
[2m[36m(ParallelFedProxAgent pid=260195)[0m INFO:root:	task: 2	loss: 0.61602389	acc: 0.812
[2m[36m(ParallelFedProxAgent pid=260195)[0m INFO:root:	task: 3	loss: 0.57387317	acc: 0.975
[2m[36m(ParallelFedProxAgent pid=260195)[0m INFO:root:	task: avg	loss: 0.60434093	acc: 0.829
[2m[36m(ParallelFedProxAgent pid=260195)[0m INFO:root:epochs: 31, training task: 3
[2m[36m(ParallelFedProxAgent pid=260195)[0m INFO:root:	task: 0	loss: 0.58164275	acc: 0.956
[2m[36m(ParallelFedProxAgent pid=260195)[0m INFO:root:	task: 1	loss: 0.63354868	acc: 0.641
[2m[36m(ParallelFedProxAgent pid=260195)[0m INFO:root:	task: 2	loss: 0.60879473	acc: 0.825
[2m[36m(ParallelFedProxAgent pid=260195)[0m INFO:root:	task: 3	loss: 0.56963815	acc: 0.973
[2m[36m(ParallelFedProxAgent pid=260195)[0m INFO:root:	task: avg	loss: 0.59840608	acc: 0.849
[2m[36m(ParallelFedProxAgent pid=260195)[0m INFO:root:epochs: 32, training task: 3
[2m[36m(ParallelFedProxAgent pid=260195)[0m INFO:root:	task: 0	loss: 0.57652618	acc: 0.952
[2m[36m(ParallelFedProxAgent pid=260195)[0m INFO:root:	task: 1	loss: 0.63525126	acc: 0.635
[2m[36m(ParallelFedProxAgent pid=260195)[0m INFO:root:	task: 2	loss: 0.60453246	acc: 0.816
[2m[36m(ParallelFedProxAgent pid=260195)[0m INFO:root:	task: 3	loss: 0.56957068	acc: 0.973
[2m[36m(ParallelFedProxAgent pid=260195)[0m INFO:root:	task: avg	loss: 0.59647015	acc: 0.844
[2m[36m(ParallelFedProxAgent pid=260195)[0m INFO:root:epochs: 33, training task: 3
[2m[36m(ParallelFedProxAgent pid=260195)[0m INFO:root:	task: 0	loss: 0.57350291	acc: 0.952
[2m[36m(ParallelFedProxAgent pid=260195)[0m INFO:root:	task: 1	loss: 0.62602419	acc: 0.702
[2m[36m(ParallelFedProxAgent pid=260195)[0m INFO:root:	task: 2	loss: 0.60217739	acc: 0.826
[2m[36m(ParallelFedProxAgent pid=260195)[0m INFO:root:	task: 3	loss: 0.56007770	acc: 0.971
[2m[36m(ParallelFedProxAgent pid=260195)[0m INFO:root:	task: avg	loss: 0.59044555	acc: 0.863
[2m[36m(ParallelFedProxAgent pid=260195)[0m INFO:root:epochs: 34, training task: 3
[2m[36m(ParallelFedProxAgent pid=260195)[0m INFO:root:	task: 0	loss: 0.56573517	acc: 0.958
[2m[36m(ParallelFedProxAgent pid=260195)[0m INFO:root:	task: 1	loss: 0.62386744	acc: 0.719
[2m[36m(ParallelFedProxAgent pid=260195)[0m INFO:root:	task: 2	loss: 0.60029851	acc: 0.828
[2m[36m(ParallelFedProxAgent pid=260195)[0m INFO:root:	task: 3	loss: 0.55783546	acc: 0.972
[2m[36m(ParallelFedProxAgent pid=260195)[0m INFO:root:	task: avg	loss: 0.58693414	acc: 0.869
[2m[36m(ParallelFedProxAgent pid=260195)[0m INFO:root:epochs: 35, training task: 3
[2m[36m(ParallelFedProxAgent pid=260195)[0m INFO:root:	task: 0	loss: 0.55981121	acc: 0.959
[2m[36m(ParallelFedProxAgent pid=260195)[0m INFO:root:	task: 1	loss: 0.61945108	acc: 0.737
[2m[36m(ParallelFedProxAgent pid=260195)[0m INFO:root:	task: 2	loss: 0.59693615	acc: 0.848
[2m[36m(ParallelFedProxAgent pid=260195)[0m INFO:root:	task: 3	loss: 0.55463558	acc: 0.977
[2m[36m(ParallelFedProxAgent pid=260195)[0m INFO:root:	task: avg	loss: 0.58270851	acc: 0.880
[2m[36m(ParallelFedProxAgent pid=260195)[0m INFO:root:epochs: 36, training task: 3
[2m[36m(ParallelFedProxAgent pid=260195)[0m INFO:root:	task: 0	loss: 0.55369249	acc: 0.962
[2m[36m(ParallelFedProxAgent pid=260195)[0m INFO:root:	task: 1	loss: 0.62051792	acc: 0.720
[2m[36m(ParallelFedProxAgent pid=260195)[0m INFO:root:	task: 2	loss: 0.59618989	acc: 0.823
[2m[36m(ParallelFedProxAgent pid=260195)[0m INFO:root:	task: 3	loss: 0.54771335	acc: 0.977
[2m[36m(ParallelFedProxAgent pid=260195)[0m INFO:root:	task: avg	loss: 0.57952841	acc: 0.871
[2m[36m(ParallelFedProxAgent pid=260195)[0m INFO:root:epochs: 37, training task: 3
[2m[36m(ParallelFedProxAgent pid=260195)[0m INFO:root:	task: 0	loss: 0.55906396	acc: 0.956
[2m[36m(ParallelFedProxAgent pid=260195)[0m INFO:root:	task: 1	loss: 0.61053058	acc: 0.807
[2m[36m(ParallelFedProxAgent pid=260195)[0m INFO:root:	task: 2	loss: 0.58931537	acc: 0.875
[2m[36m(ParallelFedProxAgent pid=260195)[0m INFO:root:	task: 3	loss: 0.54555845	acc: 0.969
[2m[36m(ParallelFedProxAgent pid=260195)[0m INFO:root:	task: avg	loss: 0.57611709	acc: 0.902
[2m[36m(ParallelFedProxAgent pid=260195)[0m INFO:root:epochs: 38, training task: 3
[2m[36m(ParallelFedProxAgent pid=260195)[0m INFO:root:	task: 0	loss: 0.55647099	acc: 0.954
[2m[36m(ParallelFedProxAgent pid=260195)[0m INFO:root:	task: 1	loss: 0.61335120	acc: 0.742
[2m[36m(ParallelFedProxAgent pid=260195)[0m INFO:root:	task: 2	loss: 0.58889784	acc: 0.825
[2m[36m(ParallelFedProxAgent pid=260195)[0m INFO:root:	task: 3	loss: 0.54175738	acc: 0.976
[2m[36m(ParallelFedProxAgent pid=260195)[0m INFO:root:	task: avg	loss: 0.57511935	acc: 0.874
[2m[36m(ParallelFedProxAgent pid=260195)[0m INFO:root:epochs: 39, training task: 3
[2m[36m(ParallelFedProxAgent pid=260195)[0m INFO:root:	task: 0	loss: 0.55138586	acc: 0.959
[2m[36m(ParallelFedProxAgent pid=260195)[0m INFO:root:	task: 1	loss: 0.60391109	acc: 0.816
[2m[36m(ParallelFedProxAgent pid=260195)[0m INFO:root:	task: 2	loss: 0.58189112	acc: 0.879
[2m[36m(ParallelFedProxAgent pid=260195)[0m INFO:root:	task: 3	loss: 0.53688558	acc: 0.971
[2m[36m(ParallelFedProxAgent pid=260195)[0m INFO:root:	task: avg	loss: 0.56851841	acc: 0.906
[2m[36m(ParallelFedProxAgent pid=260195)[0m INFO:root:epochs: 40, training task: 3
[2m[36m(ParallelFedProxAgent pid=260195)[0m INFO:root:	task: 0	loss: 0.54406060	acc: 0.963
[2m[36m(ParallelFedProxAgent pid=260195)[0m INFO:root:	task: 1	loss: 0.61143909	acc: 0.745
[2m[36m(ParallelFedProxAgent pid=260195)[0m INFO:root:	task: 2	loss: 0.58169506	acc: 0.837
[2m[36m(ParallelFedProxAgent pid=260195)[0m INFO:root:	task: 3	loss: 0.53604778	acc: 0.980
[2m[36m(ParallelFedProxAgent pid=260195)[0m INFO:root:	task: avg	loss: 0.56831063	acc: 0.881
[2m[36m(ParallelFedProxAgent pid=260195)[0m INFO:root:epochs: 41, training task: 3
[2m[36m(ParallelFedProxAgent pid=260195)[0m INFO:root:	task: 0	loss: 0.53780571	acc: 0.956
[2m[36m(ParallelFedProxAgent pid=260195)[0m INFO:root:	task: 1	loss: 0.59251885	acc: 0.855
[2m[36m(ParallelFedProxAgent pid=260195)[0m INFO:root:	task: 2	loss: 0.57705660	acc: 0.897
[2m[36m(ParallelFedProxAgent pid=260195)[0m INFO:root:	task: 3	loss: 0.52482934	acc: 0.964
[2m[36m(ParallelFedProxAgent pid=260195)[0m INFO:root:	task: avg	loss: 0.55805262	acc: 0.918
[2m[36m(ParallelFedProxAgent pid=260195)[0m INFO:root:epochs: 42, training task: 3
[2m[36m(ParallelFedProxAgent pid=260195)[0m INFO:root:	task: 0	loss: 0.54456524	acc: 0.957
[2m[36m(ParallelFedProxAgent pid=260195)[0m INFO:root:	task: 1	loss: 0.60564569	acc: 0.745
[2m[36m(ParallelFedProxAgent pid=260195)[0m INFO:root:	task: 2	loss: 0.57867016	acc: 0.816
[2m[36m(ParallelFedProxAgent pid=260195)[0m INFO:root:	task: 3	loss: 0.53486058	acc: 0.983
[2m[36m(ParallelFedProxAgent pid=260195)[0m INFO:root:	task: avg	loss: 0.56593542	acc: 0.875
[2m[36m(ParallelFedProxAgent pid=260195)[0m INFO:root:epochs: 43, training task: 3
[2m[36m(ParallelFedProxAgent pid=260195)[0m INFO:root:	task: 0	loss: 0.53178221	acc: 0.957
[2m[36m(ParallelFedProxAgent pid=260195)[0m INFO:root:	task: 1	loss: 0.58407327	acc: 0.861
[2m[36m(ParallelFedProxAgent pid=260195)[0m INFO:root:	task: 2	loss: 0.56720452	acc: 0.897
[2m[36m(ParallelFedProxAgent pid=260195)[0m INFO:root:	task: 3	loss: 0.51888424	acc: 0.966
[2m[36m(ParallelFedProxAgent pid=260195)[0m INFO:root:	task: avg	loss: 0.55048606	acc: 0.920
[2m[36m(ParallelFedProxAgent pid=260195)[0m INFO:root:epochs: 44, training task: 3
[2m[36m(ParallelFedProxAgent pid=260195)[0m INFO:root:	task: 0	loss: 0.53328853	acc: 0.964
[2m[36m(ParallelFedProxAgent pid=260195)[0m INFO:root:	task: 1	loss: 0.59811421	acc: 0.773
[2m[36m(ParallelFedProxAgent pid=260195)[0m INFO:root:	task: 2	loss: 0.57293455	acc: 0.848
[2m[36m(ParallelFedProxAgent pid=260195)[0m INFO:root:	task: 3	loss: 0.52441790	acc: 0.976
[2m[36m(ParallelFedProxAgent pid=260195)[0m INFO:root:	task: avg	loss: 0.55718880	acc: 0.890
[2m[36m(ParallelFedProxAgent pid=260195)[0m INFO:root:epochs: 45, training task: 3
[2m[36m(ParallelFedProxAgent pid=260195)[0m INFO:root:	task: 0	loss: 0.53057206	acc: 0.958
[2m[36m(ParallelFedProxAgent pid=260195)[0m INFO:root:	task: 1	loss: 0.58869246	acc: 0.818
[2m[36m(ParallelFedProxAgent pid=260195)[0m INFO:root:	task: 2	loss: 0.56578988	acc: 0.876
[2m[36m(ParallelFedProxAgent pid=260195)[0m INFO:root:	task: 3	loss: 0.52090929	acc: 0.975
[2m[36m(ParallelFedProxAgent pid=260195)[0m INFO:root:	task: avg	loss: 0.55149092	acc: 0.907
[2m[36m(ParallelFedProxAgent pid=260195)[0m INFO:root:epochs: 46, training task: 3
[2m[36m(ParallelFedProxAgent pid=260195)[0m INFO:root:	task: 0	loss: 0.52902189	acc: 0.953
[2m[36m(ParallelFedProxAgent pid=260195)[0m INFO:root:	task: 1	loss: 0.58332164	acc: 0.836
[2m[36m(ParallelFedProxAgent pid=260195)[0m INFO:root:	task: 2	loss: 0.56362050	acc: 0.884
[2m[36m(ParallelFedProxAgent pid=260195)[0m INFO:root:	task: 3	loss: 0.51295556	acc: 0.973
[2m[36m(ParallelFedProxAgent pid=260195)[0m INFO:root:	task: avg	loss: 0.54722990	acc: 0.912
[2m[36m(ParallelFedProxAgent pid=260195)[0m INFO:root:epochs: 47, training task: 3
[2m[36m(ParallelFedProxAgent pid=260195)[0m INFO:root:	task: 0	loss: 0.52507358	acc: 0.958
[2m[36m(ParallelFedProxAgent pid=260195)[0m INFO:root:	task: 1	loss: 0.58644751	acc: 0.808
[2m[36m(ParallelFedProxAgent pid=260195)[0m INFO:root:	task: 2	loss: 0.56704832	acc: 0.866
[2m[36m(ParallelFedProxAgent pid=260195)[0m INFO:root:	task: 3	loss: 0.50711026	acc: 0.980
[2m[36m(ParallelFedProxAgent pid=260195)[0m INFO:root:	task: avg	loss: 0.54641992	acc: 0.903
[2m[36m(ParallelFedProxAgent pid=260195)[0m INFO:root:epochs: 48, training task: 3
[2m[36m(ParallelFedProxAgent pid=260195)[0m INFO:root:	task: 0	loss: 0.51945530	acc: 0.959
[2m[36m(ParallelFedProxAgent pid=260195)[0m INFO:root:	task: 1	loss: 0.57573999	acc: 0.870
[2m[36m(ParallelFedProxAgent pid=260195)[0m INFO:root:	task: 2	loss: 0.55840967	acc: 0.896
[2m[36m(ParallelFedProxAgent pid=260195)[0m INFO:root:	task: 3	loss: 0.50826887	acc: 0.969
[2m[36m(ParallelFedProxAgent pid=260195)[0m INFO:root:	task: avg	loss: 0.54046846	acc: 0.923
[2m[36m(ParallelFedProxAgent pid=260195)[0m INFO:root:epochs: 49, training task: 3
[2m[36m(ParallelFedProxAgent pid=260195)[0m INFO:root:	task: 0	loss: 0.51467999	acc: 0.959
[2m[36m(ParallelFedProxAgent pid=260195)[0m INFO:root:	task: 1	loss: 0.57324028	acc: 0.854
[2m[36m(ParallelFedProxAgent pid=260195)[0m INFO:root:	task: 2	loss: 0.55191848	acc: 0.882
[2m[36m(ParallelFedProxAgent pid=260195)[0m INFO:root:	task: 3	loss: 0.50518811	acc: 0.973
[2m[36m(ParallelFedProxAgent pid=260195)[0m INFO:root:	task: avg	loss: 0.53625671	acc: 0.917
[2m[36m(ParallelFedProxAgent pid=260195)[0m INFO:root:epochs: 50, training task: 3
[2m[36m(ParallelFedProxAgent pid=260195)[0m INFO:root:	task: 0	loss: 0.51682942	acc: 0.958
[2m[36m(ParallelFedProxAgent pid=260195)[0m INFO:root:	task: 1	loss: 0.56665387	acc: 0.875
[2m[36m(ParallelFedProxAgent pid=260195)[0m INFO:root:	task: 2	loss: 0.54818685	acc: 0.906
[2m[36m(ParallelFedProxAgent pid=260195)[0m INFO:root:	task: 3	loss: 0.50441613	acc: 0.970
[2m[36m(ParallelFedProxAgent pid=260195)[0m INFO:root:	task: avg	loss: 0.53402157	acc: 0.927
[2m[36m(ParallelFedProxAgent pid=260195)[0m INFO:root:epochs: 51, training task: 3
[2m[36m(ParallelFedProxAgent pid=260195)[0m INFO:root:	task: 0	loss: 0.50846866	acc: 0.957
[2m[36m(ParallelFedProxAgent pid=260195)[0m INFO:root:	task: 1	loss: 0.56732943	acc: 0.833
[2m[36m(ParallelFedProxAgent pid=260195)[0m INFO:root:	task: 2	loss: 0.55306337	acc: 0.873
[2m[36m(ParallelFedProxAgent pid=260195)[0m INFO:root:	task: 3	loss: 0.49432176	acc: 0.979
[2m[36m(ParallelFedProxAgent pid=260195)[0m INFO:root:	task: avg	loss: 0.53079580	acc: 0.910
[2m[36m(ParallelFedProxAgent pid=260195)[0m INFO:root:epochs: 52, training task: 3
[2m[36m(ParallelFedProxAgent pid=260195)[0m INFO:root:	task: 0	loss: 0.49956590	acc: 0.958
[2m[36m(ParallelFedProxAgent pid=260195)[0m INFO:root:	task: 1	loss: 0.56288376	acc: 0.857
[2m[36m(ParallelFedProxAgent pid=260195)[0m INFO:root:	task: 2	loss: 0.54861772	acc: 0.888
[2m[36m(ParallelFedProxAgent pid=260195)[0m INFO:root:	task: 3	loss: 0.49089518	acc: 0.976
[2m[36m(ParallelFedProxAgent pid=260195)[0m INFO:root:	task: avg	loss: 0.52549064	acc: 0.920
[2m[36m(ParallelFedProxAgent pid=260195)[0m INFO:root:epochs: 53, training task: 3
[2m[36m(ParallelFedProxAgent pid=260195)[0m INFO:root:	task: 0	loss: 0.49904222	acc: 0.961
[2m[36m(ParallelFedProxAgent pid=260195)[0m INFO:root:	task: 1	loss: 0.55525548	acc: 0.872
[2m[36m(ParallelFedProxAgent pid=260195)[0m INFO:root:	task: 2	loss: 0.54140453	acc: 0.897
[2m[36m(ParallelFedProxAgent pid=260195)[0m INFO:root:	task: 3	loss: 0.48969417	acc: 0.972
[2m[36m(ParallelFedProxAgent pid=260195)[0m INFO:root:	task: avg	loss: 0.52134910	acc: 0.925
[2m[36m(ParallelFedProxAgent pid=260195)[0m INFO:root:epochs: 54, training task: 3
[2m[36m(ParallelFedProxAgent pid=260195)[0m INFO:root:	task: 0	loss: 0.50149197	acc: 0.960
[2m[36m(ParallelFedProxAgent pid=260195)[0m INFO:root:	task: 1	loss: 0.55926182	acc: 0.848
[2m[36m(ParallelFedProxAgent pid=260195)[0m INFO:root:	task: 2	loss: 0.54128579	acc: 0.877
[2m[36m(ParallelFedProxAgent pid=260195)[0m INFO:root:	task: 3	loss: 0.48606210	acc: 0.979
[2m[36m(ParallelFedProxAgent pid=260195)[0m INFO:root:	task: avg	loss: 0.52202542	acc: 0.916
[2m[36m(ParallelFedProxAgent pid=260195)[0m INFO:root:epochs: 55, training task: 3
[2m[36m(ParallelFedProxAgent pid=260195)[0m INFO:root:	task: 0	loss: 0.49807472	acc: 0.959
[2m[36m(ParallelFedProxAgent pid=260195)[0m INFO:root:	task: 1	loss: 0.54828030	acc: 0.892
[2m[36m(ParallelFedProxAgent pid=260195)[0m INFO:root:	task: 2	loss: 0.53844449	acc: 0.910
[2m[36m(ParallelFedProxAgent pid=260195)[0m INFO:root:	task: 3	loss: 0.47926879	acc: 0.974
[2m[36m(ParallelFedProxAgent pid=260195)[0m INFO:root:	task: avg	loss: 0.51601708	acc: 0.934
[2m[36m(ParallelFedProxAgent pid=260195)[0m INFO:root:epochs: 56, training task: 3
[2m[36m(ParallelFedProxAgent pid=260195)[0m INFO:root:	task: 0	loss: 0.48969186	acc: 0.965
[2m[36m(ParallelFedProxAgent pid=260195)[0m INFO:root:	task: 1	loss: 0.54614359	acc: 0.878
[2m[36m(ParallelFedProxAgent pid=260195)[0m INFO:root:	task: 2	loss: 0.53911543	acc: 0.895
[2m[36m(ParallelFedProxAgent pid=260195)[0m INFO:root:	task: 3	loss: 0.48255592	acc: 0.976
[2m[36m(ParallelFedProxAgent pid=260195)[0m INFO:root:	task: avg	loss: 0.51437670	acc: 0.929
[2m[36m(ParallelFedProxAgent pid=260195)[0m INFO:root:epochs: 57, training task: 3
[2m[36m(ParallelFedProxAgent pid=260195)[0m INFO:root:	task: 0	loss: 0.48417840	acc: 0.963
[2m[36m(ParallelFedProxAgent pid=260195)[0m INFO:root:	task: 1	loss: 0.54031888	acc: 0.893
[2m[36m(ParallelFedProxAgent pid=260195)[0m INFO:root:	task: 2	loss: 0.53438169	acc: 0.898
[2m[36m(ParallelFedProxAgent pid=260195)[0m INFO:root:	task: 3	loss: 0.47670931	acc: 0.973
[2m[36m(ParallelFedProxAgent pid=260195)[0m INFO:root:	task: avg	loss: 0.50889707	acc: 0.932
[2m[36m(ParallelFedProxAgent pid=260195)[0m INFO:root:epochs: 58, training task: 3
[2m[36m(ParallelFedProxAgent pid=260195)[0m INFO:root:	task: 0	loss: 0.48771013	acc: 0.961
[2m[36m(ParallelFedProxAgent pid=260195)[0m INFO:root:	task: 1	loss: 0.54732345	acc: 0.873
[2m[36m(ParallelFedProxAgent pid=260195)[0m INFO:root:	task: 2	loss: 0.53047767	acc: 0.894
[2m[36m(ParallelFedProxAgent pid=260195)[0m INFO:root:	task: 3	loss: 0.47925056	acc: 0.976
[2m[36m(ParallelFedProxAgent pid=260195)[0m INFO:root:	task: avg	loss: 0.51119045	acc: 0.926
[2m[36m(ParallelFedProxAgent pid=260195)[0m INFO:root:epochs: 59, training task: 3
[2m[36m(ParallelFedProxAgent pid=260195)[0m INFO:root:	task: 0	loss: 0.48567110	acc: 0.958
[2m[36m(ParallelFedProxAgent pid=260195)[0m INFO:root:	task: 1	loss: 0.53879307	acc: 0.889
[2m[36m(ParallelFedProxAgent pid=260195)[0m INFO:root:	task: 2	loss: 0.52706462	acc: 0.908
[2m[36m(ParallelFedProxAgent pid=260195)[0m INFO:root:	task: 3	loss: 0.47046149	acc: 0.972
[2m[36m(ParallelFedProxAgent pid=260195)[0m INFO:root:	task: avg	loss: 0.50549757	acc: 0.932
[2m[36m(ParallelFedProxAgent pid=260195)[0m INFO:root:epochs: 60, training task: 3
[2m[36m(ParallelFedProxAgent pid=260195)[0m INFO:root:	task: 0	loss: 0.48397204	acc: 0.955
[2m[36m(ParallelFedProxAgent pid=260195)[0m INFO:root:	task: 1	loss: 0.53833248	acc: 0.860
[2m[36m(ParallelFedProxAgent pid=260195)[0m INFO:root:	task: 2	loss: 0.52528897	acc: 0.878
[2m[36m(ParallelFedProxAgent pid=260195)[0m INFO:root:	task: 3	loss: 0.46016258	acc: 0.982
[2m[36m(ParallelFedProxAgent pid=260195)[0m INFO:root:	task: avg	loss: 0.50193902	acc: 0.919
[2m[36m(ParallelFedProxAgent pid=260195)[0m INFO:root:epochs: 61, training task: 3
[2m[36m(ParallelFedProxAgent pid=260195)[0m INFO:root:	task: 0	loss: 0.48163478	acc: 0.957
[2m[36m(ParallelFedProxAgent pid=260195)[0m INFO:root:	task: 1	loss: 0.53095382	acc: 0.888
[2m[36m(ParallelFedProxAgent pid=260195)[0m INFO:root:	task: 2	loss: 0.52608012	acc: 0.899
[2m[36m(ParallelFedProxAgent pid=260195)[0m INFO:root:	task: 3	loss: 0.45773392	acc: 0.973
[2m[36m(ParallelFedProxAgent pid=260195)[0m INFO:root:	task: avg	loss: 0.49910066	acc: 0.929
[2m[36m(ParallelFedProxAgent pid=260195)[0m INFO:root:epochs: 62, training task: 3
[2m[36m(ParallelFedProxAgent pid=260195)[0m INFO:root:	task: 0	loss: 0.47496795	acc: 0.955
[2m[36m(ParallelFedProxAgent pid=260195)[0m INFO:root:	task: 1	loss: 0.53990591	acc: 0.842
[2m[36m(ParallelFedProxAgent pid=260195)[0m INFO:root:	task: 2	loss: 0.52701221	acc: 0.865
[2m[36m(ParallelFedProxAgent pid=260195)[0m INFO:root:	task: 3	loss: 0.45967364	acc: 0.981
[2m[36m(ParallelFedProxAgent pid=260195)[0m INFO:root:	task: avg	loss: 0.50038993	acc: 0.911
[2m[36m(ParallelFedProxAgent pid=260195)[0m INFO:root:epochs: 63, training task: 3
[2m[36m(ParallelFedProxAgent pid=260195)[0m INFO:root:	task: 0	loss: 0.46916135	acc: 0.961
[2m[36m(ParallelFedProxAgent pid=260195)[0m INFO:root:	task: 1	loss: 0.52706136	acc: 0.894
[2m[36m(ParallelFedProxAgent pid=260195)[0m INFO:root:	task: 2	loss: 0.51947380	acc: 0.906
[2m[36m(ParallelFedProxAgent pid=260195)[0m INFO:root:	task: 3	loss: 0.45278198	acc: 0.975
[2m[36m(ParallelFedProxAgent pid=260195)[0m INFO:root:	task: avg	loss: 0.49211962	acc: 0.934
[2m[36m(ParallelFedProxAgent pid=260195)[0m INFO:root:epochs: 64, training task: 3
[2m[36m(ParallelFedProxAgent pid=260195)[0m INFO:root:	task: 0	loss: 0.46390819	acc: 0.959
[2m[36m(ParallelFedProxAgent pid=260195)[0m INFO:root:	task: 1	loss: 0.52254476	acc: 0.890
[2m[36m(ParallelFedProxAgent pid=260195)[0m INFO:root:	task: 2	loss: 0.51046628	acc: 0.907
[2m[36m(ParallelFedProxAgent pid=260195)[0m INFO:root:	task: 3	loss: 0.45044182	acc: 0.974
[2m[36m(ParallelFedProxAgent pid=260195)[0m INFO:root:	task: avg	loss: 0.48684027	acc: 0.932
[2m[36m(ParallelFedProxAgent pid=260195)[0m INFO:root:epochs: 65, training task: 3
[2m[36m(ParallelFedProxAgent pid=260195)[0m INFO:root:	task: 0	loss: 0.47239339	acc: 0.955
[2m[36m(ParallelFedProxAgent pid=260195)[0m INFO:root:	task: 1	loss: 0.51399478	acc: 0.912
[2m[36m(ParallelFedProxAgent pid=260195)[0m INFO:root:	task: 2	loss: 0.51079655	acc: 0.919
[2m[36m(ParallelFedProxAgent pid=260195)[0m INFO:root:	task: 3	loss: 0.44931451	acc: 0.972
[2m[36m(ParallelFedProxAgent pid=260195)[0m INFO:root:	task: avg	loss: 0.48662481	acc: 0.939
[2m[36m(ParallelFedProxAgent pid=260195)[0m INFO:root:epochs: 66, training task: 3
[2m[36m(ParallelFedProxAgent pid=260195)[0m INFO:root:	task: 0	loss: 0.47094410	acc: 0.959
[2m[36m(ParallelFedProxAgent pid=260195)[0m INFO:root:	task: 1	loss: 0.52482577	acc: 0.868
[2m[36m(ParallelFedProxAgent pid=260195)[0m INFO:root:	task: 2	loss: 0.51767144	acc: 0.883
[2m[36m(ParallelFedProxAgent pid=260195)[0m INFO:root:	task: 3	loss: 0.45304963	acc: 0.980
[2m[36m(ParallelFedProxAgent pid=260195)[0m INFO:root:	task: avg	loss: 0.49162274	acc: 0.923
[2m[36m(ParallelFedProxAgent pid=260195)[0m INFO:root:epochs: 67, training task: 3
[2m[36m(ParallelFedProxAgent pid=260195)[0m INFO:root:	task: 0	loss: 0.45972689	acc: 0.959
[2m[36m(ParallelFedProxAgent pid=260195)[0m INFO:root:	task: 1	loss: 0.51840734	acc: 0.877
[2m[36m(ParallelFedProxAgent pid=260195)[0m INFO:root:	task: 2	loss: 0.50494762	acc: 0.889
[2m[36m(ParallelFedProxAgent pid=260195)[0m INFO:root:	task: 3	loss: 0.44362366	acc: 0.979
[2m[36m(ParallelFedProxAgent pid=260195)[0m INFO:root:	task: avg	loss: 0.48167638	acc: 0.926
[2m[36m(ParallelFedProxAgent pid=260195)[0m INFO:root:epochs: 68, training task: 3
[2m[36m(ParallelFedProxAgent pid=260195)[0m INFO:root:	task: 0	loss: 0.46085808	acc: 0.962
[2m[36m(ParallelFedProxAgent pid=260195)[0m INFO:root:	task: 1	loss: 0.51870853	acc: 0.889
[2m[36m(ParallelFedProxAgent pid=260195)[0m INFO:root:	task: 2	loss: 0.50780647	acc: 0.898
[2m[36m(ParallelFedProxAgent pid=260195)[0m INFO:root:	task: 3	loss: 0.44263391	acc: 0.976
[2m[36m(ParallelFedProxAgent pid=260195)[0m INFO:root:	task: avg	loss: 0.48250174	acc: 0.931
[2m[36m(ParallelFedProxAgent pid=260195)[0m INFO:root:epochs: 69, training task: 3
[2m[36m(ParallelFedProxAgent pid=260195)[0m INFO:root:	task: 0	loss: 0.45792832	acc: 0.959
[2m[36m(ParallelFedProxAgent pid=260195)[0m INFO:root:	task: 1	loss: 0.50870442	acc: 0.893
[2m[36m(ParallelFedProxAgent pid=260195)[0m INFO:root:	task: 2	loss: 0.50579623	acc: 0.900
[2m[36m(ParallelFedProxAgent pid=260195)[0m INFO:root:	task: 3	loss: 0.43860422	acc: 0.975
[2m[36m(ParallelFedProxAgent pid=260195)[0m INFO:root:	task: avg	loss: 0.47775830	acc: 0.932
[2m[36m(ParallelFedProxAgent pid=260195)[0m INFO:root:epochs: 70, training task: 3
[2m[36m(ParallelFedProxAgent pid=260195)[0m INFO:root:	task: 0	loss: 0.44807070	acc: 0.962
[2m[36m(ParallelFedProxAgent pid=260195)[0m INFO:root:	task: 1	loss: 0.50496795	acc: 0.893
[2m[36m(ParallelFedProxAgent pid=260195)[0m INFO:root:	task: 2	loss: 0.49555743	acc: 0.901
[2m[36m(ParallelFedProxAgent pid=260195)[0m INFO:root:	task: 3	loss: 0.43130759	acc: 0.977
[2m[36m(ParallelFedProxAgent pid=260195)[0m INFO:root:	task: avg	loss: 0.46997592	acc: 0.933
[2m[36m(ParallelFedProxAgent pid=260195)[0m INFO:root:epochs: 71, training task: 3
[2m[36m(ParallelFedProxAgent pid=260195)[0m INFO:root:	task: 0	loss: 0.44494416	acc: 0.962
[2m[36m(ParallelFedProxAgent pid=260195)[0m INFO:root:	task: 1	loss: 0.52128923	acc: 0.846
[2m[36m(ParallelFedProxAgent pid=260195)[0m INFO:root:	task: 2	loss: 0.50795857	acc: 0.870
[2m[36m(ParallelFedProxAgent pid=260195)[0m INFO:root:	task: 3	loss: 0.42648185	acc: 0.981
[2m[36m(ParallelFedProxAgent pid=260195)[0m INFO:root:	task: avg	loss: 0.47516845	acc: 0.915
[2m[36m(ParallelFedProxAgent pid=260195)[0m INFO:root:epochs: 72, training task: 3
[2m[36m(ParallelFedProxAgent pid=260195)[0m INFO:root:	task: 0	loss: 0.44506858	acc: 0.958
[2m[36m(ParallelFedProxAgent pid=260195)[0m INFO:root:	task: 1	loss: 0.49699127	acc: 0.907
[2m[36m(ParallelFedProxAgent pid=260195)[0m INFO:root:	task: 2	loss: 0.49622136	acc: 0.914
[2m[36m(ParallelFedProxAgent pid=260195)[0m INFO:root:	task: 3	loss: 0.42143948	acc: 0.974
[2m[36m(ParallelFedProxAgent pid=260195)[0m INFO:root:	task: avg	loss: 0.46493017	acc: 0.939
[2m[36m(ParallelFedProxAgent pid=260195)[0m INFO:root:epochs: 73, training task: 3
[2m[36m(ParallelFedProxAgent pid=260195)[0m INFO:root:	task: 0	loss: 0.44799876	acc: 0.961
[2m[36m(ParallelFedProxAgent pid=260195)[0m INFO:root:	task: 1	loss: 0.51238532	acc: 0.874
[2m[36m(ParallelFedProxAgent pid=260195)[0m INFO:root:	task: 2	loss: 0.49915862	acc: 0.887
[2m[36m(ParallelFedProxAgent pid=260195)[0m INFO:root:	task: 3	loss: 0.43932321	acc: 0.975
[2m[36m(ParallelFedProxAgent pid=260195)[0m INFO:root:	task: avg	loss: 0.47471648	acc: 0.924
[2m[36m(ParallelFedProxAgent pid=260195)[0m INFO:root:epochs: 74, training task: 3
[2m[36m(ParallelFedProxAgent pid=260195)[0m INFO:root:	task: 0	loss: 0.43873385	acc: 0.961
[2m[36m(ParallelFedProxAgent pid=260195)[0m INFO:root:	task: 1	loss: 0.49668533	acc: 0.900
[2m[36m(ParallelFedProxAgent pid=260195)[0m INFO:root:	task: 2	loss: 0.49301723	acc: 0.902
[2m[36m(ParallelFedProxAgent pid=260195)[0m INFO:root:	task: 3	loss: 0.42322102	acc: 0.973
[2m[36m(ParallelFedProxAgent pid=260195)[0m INFO:root:	task: avg	loss: 0.46291436	acc: 0.934
[2m[36m(ParallelFedProxAgent pid=260195)[0m INFO:root:epochs: 75, training task: 3
[2m[36m(ParallelFedProxAgent pid=260195)[0m INFO:root:	task: 0	loss: 0.44489112	acc: 0.964
[2m[36m(ParallelFedProxAgent pid=260195)[0m INFO:root:	task: 1	loss: 0.50046888	acc: 0.900
[2m[36m(ParallelFedProxAgent pid=260195)[0m INFO:root:	task: 2	loss: 0.49014667	acc: 0.905
[2m[36m(ParallelFedProxAgent pid=260195)[0m INFO:root:	task: 3	loss: 0.42409508	acc: 0.979
[2m[36m(ParallelFedProxAgent pid=260195)[0m INFO:root:	task: avg	loss: 0.46490044	acc: 0.937
[2m[36m(ParallelFedProxAgent pid=260195)[0m INFO:root:epochs: 76, training task: 3
[2m[36m(ParallelFedProxAgent pid=260195)[0m INFO:root:	task: 0	loss: 0.44839716	acc: 0.961
[2m[36m(ParallelFedProxAgent pid=260195)[0m INFO:root:	task: 1	loss: 0.48920045	acc: 0.905
[2m[36m(ParallelFedProxAgent pid=260195)[0m INFO:root:	task: 2	loss: 0.48313145	acc: 0.918
[2m[36m(ParallelFedProxAgent pid=260195)[0m INFO:root:	task: 3	loss: 0.41675981	acc: 0.979
[2m[36m(ParallelFedProxAgent pid=260195)[0m INFO:root:	task: avg	loss: 0.45937221	acc: 0.941
[2m[36m(ParallelFedProxAgent pid=260195)[0m INFO:root:epochs: 77, training task: 3
[2m[36m(ParallelFedProxAgent pid=260195)[0m INFO:root:	task: 0	loss: 0.43963165	acc: 0.957
[2m[36m(ParallelFedProxAgent pid=260195)[0m INFO:root:	task: 1	loss: 0.48044871	acc: 0.916
[2m[36m(ParallelFedProxAgent pid=260195)[0m INFO:root:	task: 2	loss: 0.47962140	acc: 0.922
[2m[36m(ParallelFedProxAgent pid=260195)[0m INFO:root:	task: 3	loss: 0.40944016	acc: 0.974
[2m[36m(ParallelFedProxAgent pid=260195)[0m INFO:root:	task: avg	loss: 0.45228548	acc: 0.942
[2m[36m(ParallelFedProxAgent pid=260195)[0m INFO:root:epochs: 78, training task: 3
[2m[36m(ParallelFedProxAgent pid=260195)[0m INFO:root:	task: 0	loss: 0.43776415	acc: 0.959
[2m[36m(ParallelFedProxAgent pid=260195)[0m INFO:root:	task: 1	loss: 0.50532467	acc: 0.859
[2m[36m(ParallelFedProxAgent pid=260195)[0m INFO:root:	task: 2	loss: 0.48798666	acc: 0.884
[2m[36m(ParallelFedProxAgent pid=260195)[0m INFO:root:	task: 3	loss: 0.41888840	acc: 0.979
[2m[36m(ParallelFedProxAgent pid=260195)[0m INFO:root:	task: avg	loss: 0.46249097	acc: 0.920
[2m[36m(ParallelFedProxAgent pid=260195)[0m INFO:root:epochs: 79, training task: 3
[2m[36m(ParallelFedProxAgent pid=260195)[0m INFO:root:	task: 0	loss: 0.43078471	acc: 0.958
[2m[36m(ParallelFedProxAgent pid=260195)[0m INFO:root:	task: 1	loss: 0.47822449	acc: 0.915
[2m[36m(ParallelFedProxAgent pid=260195)[0m INFO:root:	task: 2	loss: 0.48023376	acc: 0.921
[2m[36m(ParallelFedProxAgent pid=260195)[0m INFO:root:	task: 3	loss: 0.41182458	acc: 0.971
[2m[36m(ParallelFedProxAgent pid=260195)[0m INFO:root:	task: avg	loss: 0.45026688	acc: 0.941
[2m[36m(ParallelFedProxAgent pid=260195)[0m INFO:root:epochs: 80, training task: 3
[2m[36m(ParallelFedProxAgent pid=260195)[0m INFO:root:	task: 0	loss: 0.42491210	acc: 0.963
[2m[36m(ParallelFedProxAgent pid=260195)[0m INFO:root:	task: 1	loss: 0.47316043	acc: 0.912
[2m[36m(ParallelFedProxAgent pid=260195)[0m INFO:root:	task: 2	loss: 0.47496920	acc: 0.917
[2m[36m(ParallelFedProxAgent pid=260195)[0m INFO:root:	task: 3	loss: 0.40138368	acc: 0.977
[2m[36m(ParallelFedProxAgent pid=260195)[0m INFO:root:	task: avg	loss: 0.44360635	acc: 0.942
[2m[36m(ParallelFedProxAgent pid=260195)[0m INFO:root:epochs: 81, training task: 3
[2m[36m(ParallelFedProxAgent pid=260195)[0m INFO:root:	task: 0	loss: 0.43003031	acc: 0.958
[2m[36m(ParallelFedProxAgent pid=260195)[0m INFO:root:	task: 1	loss: 0.48510936	acc: 0.889
[2m[36m(ParallelFedProxAgent pid=260195)[0m INFO:root:	task: 2	loss: 0.47523468	acc: 0.902
[2m[36m(ParallelFedProxAgent pid=260195)[0m INFO:root:	task: 3	loss: 0.40266460	acc: 0.984
[2m[36m(ParallelFedProxAgent pid=260195)[0m INFO:root:	task: avg	loss: 0.44825974	acc: 0.933
[2m[36m(ParallelFedProxAgent pid=260195)[0m INFO:root:epochs: 82, training task: 3
[2m[36m(ParallelFedProxAgent pid=260195)[0m INFO:root:	task: 0	loss: 0.42601283	acc: 0.959
[2m[36m(ParallelFedProxAgent pid=260195)[0m INFO:root:	task: 1	loss: 0.48386920	acc: 0.889
[2m[36m(ParallelFedProxAgent pid=260195)[0m INFO:root:	task: 2	loss: 0.47521210	acc: 0.901
[2m[36m(ParallelFedProxAgent pid=260195)[0m INFO:root:	task: 3	loss: 0.40401698	acc: 0.979
[2m[36m(ParallelFedProxAgent pid=260195)[0m INFO:root:	task: avg	loss: 0.44727778	acc: 0.932
[2m[36m(ParallelFedProxAgent pid=260195)[0m INFO:root:epochs: 83, training task: 3
[2m[36m(ParallelFedProxAgent pid=260195)[0m INFO:root:	task: 0	loss: 0.42927410	acc: 0.954
[2m[36m(ParallelFedProxAgent pid=260195)[0m INFO:root:	task: 1	loss: 0.48751028	acc: 0.879
[2m[36m(ParallelFedProxAgent pid=260195)[0m INFO:root:	task: 2	loss: 0.47383054	acc: 0.895
[2m[36m(ParallelFedProxAgent pid=260195)[0m INFO:root:	task: 3	loss: 0.40457736	acc: 0.978
[2m[36m(ParallelFedProxAgent pid=260195)[0m INFO:root:	task: avg	loss: 0.44879807	acc: 0.927
[2m[36m(ParallelFedProxAgent pid=260195)[0m INFO:root:epochs: 84, training task: 3
[2m[36m(ParallelFedProxAgent pid=260195)[0m INFO:root:	task: 0	loss: 0.43140825	acc: 0.957
[2m[36m(ParallelFedProxAgent pid=260195)[0m INFO:root:	task: 1	loss: 0.46614134	acc: 0.924
[2m[36m(ParallelFedProxAgent pid=260195)[0m INFO:root:	task: 2	loss: 0.46366861	acc: 0.934
[2m[36m(ParallelFedProxAgent pid=260195)[0m INFO:root:	task: 3	loss: 0.40162684	acc: 0.972
[2m[36m(ParallelFedProxAgent pid=260195)[0m INFO:root:	task: avg	loss: 0.44071126	acc: 0.947
[2m[36m(ParallelFedProxAgent pid=260195)[0m INFO:root:epochs: 85, training task: 3
[2m[36m(ParallelFedProxAgent pid=260195)[0m INFO:root:	task: 0	loss: 0.41787676	acc: 0.959
[2m[36m(ParallelFedProxAgent pid=260195)[0m INFO:root:	task: 1	loss: 0.47918048	acc: 0.881
[2m[36m(ParallelFedProxAgent pid=260195)[0m INFO:root:	task: 2	loss: 0.47032190	acc: 0.894
[2m[36m(ParallelFedProxAgent pid=260195)[0m INFO:root:	task: 3	loss: 0.38998226	acc: 0.983
[2m[36m(ParallelFedProxAgent pid=260195)[0m INFO:root:	task: avg	loss: 0.43934035	acc: 0.929
[2m[36m(ParallelFedProxAgent pid=260195)[0m INFO:root:epochs: 86, training task: 3
[2m[36m(ParallelFedProxAgent pid=260195)[0m INFO:root:	task: 0	loss: 0.41412992	acc: 0.965
[2m[36m(ParallelFedProxAgent pid=260195)[0m INFO:root:	task: 1	loss: 0.47988186	acc: 0.886
[2m[36m(ParallelFedProxAgent pid=260195)[0m INFO:root:	task: 2	loss: 0.47560458	acc: 0.900
[2m[36m(ParallelFedProxAgent pid=260195)[0m INFO:root:	task: 3	loss: 0.39038161	acc: 0.983
[2m[36m(ParallelFedProxAgent pid=260195)[0m INFO:root:	task: avg	loss: 0.43999949	acc: 0.934
[2m[36m(ParallelFedProxAgent pid=260195)[0m INFO:root:epochs: 87, training task: 3
[2m[36m(ParallelFedProxAgent pid=260195)[0m INFO:root:	task: 0	loss: 0.40648950	acc: 0.961
[2m[36m(ParallelFedProxAgent pid=260195)[0m INFO:root:	task: 1	loss: 0.45191175	acc: 0.921
[2m[36m(ParallelFedProxAgent pid=260195)[0m INFO:root:	task: 2	loss: 0.46079775	acc: 0.925
[2m[36m(ParallelFedProxAgent pid=260195)[0m INFO:root:	task: 3	loss: 0.38435815	acc: 0.974
[2m[36m(ParallelFedProxAgent pid=260195)[0m INFO:root:	task: avg	loss: 0.42588929	acc: 0.945
[2m[36m(ParallelFedProxAgent pid=260195)[0m INFO:root:epochs: 88, training task: 3
[2m[36m(ParallelFedProxAgent pid=260195)[0m INFO:root:	task: 0	loss: 0.40381885	acc: 0.965
[2m[36m(ParallelFedProxAgent pid=260195)[0m INFO:root:	task: 1	loss: 0.46230159	acc: 0.907
[2m[36m(ParallelFedProxAgent pid=260195)[0m INFO:root:	task: 2	loss: 0.46442081	acc: 0.908
[2m[36m(ParallelFedProxAgent pid=260195)[0m INFO:root:	task: 3	loss: 0.38186323	acc: 0.981
[2m[36m(ParallelFedProxAgent pid=260195)[0m INFO:root:	task: avg	loss: 0.42810112	acc: 0.940
[2m[36m(ParallelFedProxAgent pid=260195)[0m INFO:root:epochs: 89, training task: 3
[2m[36m(ParallelFedProxAgent pid=260195)[0m INFO:root:	task: 0	loss: 0.41034658	acc: 0.962
[2m[36m(ParallelFedProxAgent pid=260195)[0m INFO:root:	task: 1	loss: 0.45620229	acc: 0.918
[2m[36m(ParallelFedProxAgent pid=260195)[0m INFO:root:	task: 2	loss: 0.46519372	acc: 0.920
[2m[36m(ParallelFedProxAgent pid=260195)[0m INFO:root:	task: 3	loss: 0.38401397	acc: 0.975
[2m[36m(ParallelFedProxAgent pid=260195)[0m INFO:root:	task: avg	loss: 0.42893914	acc: 0.944
[2m[36m(ParallelFedProxAgent pid=260195)[0m INFO:root:epochs: 90, training task: 3
[2m[36m(ParallelFedProxAgent pid=260195)[0m INFO:root:	task: 0	loss: 0.40054075	acc: 0.960
[2m[36m(ParallelFedProxAgent pid=260195)[0m INFO:root:	task: 1	loss: 0.47065481	acc: 0.882
[2m[36m(ParallelFedProxAgent pid=260195)[0m INFO:root:	task: 2	loss: 0.46158171	acc: 0.888
[2m[36m(ParallelFedProxAgent pid=260195)[0m INFO:root:	task: 3	loss: 0.38182575	acc: 0.985
[2m[36m(ParallelFedProxAgent pid=260195)[0m INFO:root:	task: avg	loss: 0.42865076	acc: 0.929
[2m[36m(ParallelFedProxAgent pid=260195)[0m INFO:root:epochs: 91, training task: 3
[2m[36m(ParallelFedProxAgent pid=260195)[0m INFO:root:	task: 0	loss: 0.40949874	acc: 0.961
[2m[36m(ParallelFedProxAgent pid=260195)[0m INFO:root:	task: 1	loss: 0.44848082	acc: 0.927
[2m[36m(ParallelFedProxAgent pid=260195)[0m INFO:root:	task: 2	loss: 0.45859943	acc: 0.933
[2m[36m(ParallelFedProxAgent pid=260195)[0m INFO:root:	task: 3	loss: 0.38496588	acc: 0.974
[2m[36m(ParallelFedProxAgent pid=260195)[0m INFO:root:	task: avg	loss: 0.42538622	acc: 0.949
[2m[36m(ParallelFedProxAgent pid=260195)[0m INFO:root:epochs: 92, training task: 3
[2m[36m(ParallelFedProxAgent pid=260195)[0m INFO:root:	task: 0	loss: 0.40266588	acc: 0.964
[2m[36m(ParallelFedProxAgent pid=260195)[0m INFO:root:	task: 1	loss: 0.45974847	acc: 0.903
[2m[36m(ParallelFedProxAgent pid=260195)[0m INFO:root:	task: 2	loss: 0.45434433	acc: 0.911
[2m[36m(ParallelFedProxAgent pid=260195)[0m INFO:root:	task: 3	loss: 0.38868940	acc: 0.981
[2m[36m(ParallelFedProxAgent pid=260195)[0m INFO:root:	task: avg	loss: 0.42636202	acc: 0.940
[2m[36m(ParallelFedProxAgent pid=260195)[0m INFO:root:epochs: 93, training task: 3
[2m[36m(ParallelFedProxAgent pid=260195)[0m INFO:root:	task: 0	loss: 0.39297724	acc: 0.965
[2m[36m(ParallelFedProxAgent pid=260195)[0m INFO:root:	task: 1	loss: 0.45494847	acc: 0.907
[2m[36m(ParallelFedProxAgent pid=260195)[0m INFO:root:	task: 2	loss: 0.45537638	acc: 0.912
[2m[36m(ParallelFedProxAgent pid=260195)[0m INFO:root:	task: 3	loss: 0.37407978	acc: 0.982
[2m[36m(ParallelFedProxAgent pid=260195)[0m INFO:root:	task: avg	loss: 0.41934547	acc: 0.942
[2m[36m(ParallelFedProxAgent pid=260195)[0m INFO:root:epochs: 94, training task: 3
[2m[36m(ParallelFedProxAgent pid=260195)[0m INFO:root:	task: 0	loss: 0.39604918	acc: 0.963
[2m[36m(ParallelFedProxAgent pid=260195)[0m INFO:root:	task: 1	loss: 0.44223053	acc: 0.925
[2m[36m(ParallelFedProxAgent pid=260195)[0m INFO:root:	task: 2	loss: 0.44270721	acc: 0.931
[2m[36m(ParallelFedProxAgent pid=260195)[0m INFO:root:	task: 3	loss: 0.37093298	acc: 0.977
[2m[36m(ParallelFedProxAgent pid=260195)[0m INFO:root:	task: avg	loss: 0.41297998	acc: 0.949
[2m[36m(ParallelFedProxAgent pid=260195)[0m INFO:root:epochs: 95, training task: 3
[2m[36m(ParallelFedProxAgent pid=260195)[0m INFO:root:	task: 0	loss: 0.39631827	acc: 0.965
[2m[36m(ParallelFedProxAgent pid=260195)[0m INFO:root:	task: 1	loss: 0.45793751	acc: 0.907
[2m[36m(ParallelFedProxAgent pid=260195)[0m INFO:root:	task: 2	loss: 0.45644508	acc: 0.909
[2m[36m(ParallelFedProxAgent pid=260195)[0m INFO:root:	task: 3	loss: 0.37349699	acc: 0.985
[2m[36m(ParallelFedProxAgent pid=260195)[0m INFO:root:	task: avg	loss: 0.42104946	acc: 0.941
slurmstepd: error: *** STEP 129754.0 ON ee-a6000-1.grasp.maas CANCELLED AT 2023-10-16T14:36:43 ***
slurmstepd: error: *** JOB 129754 ON ee-a6000-1.grasp.maas CANCELLED AT 2023-10-16T14:36:43 ***
