/mnt/kostas-graid/sw/envs/vlongle/miniconda3/envs/shell/lib/python3.10/site-packages/hydra/_internal/defaults_list.py:251: UserWarning: In 'config': Defaults list is missing `_self_`. See https://hydra.cc/docs/1.2/upgrades/1.0_to_1.1/default_composition_order for more information
  warnings.warn(msg, UserWarning)
{'train': {'component_update_freq': 100, 'num_epochs': 100, 'init_component_update_freq': 100, 'init_num_epochs': 100, 'save_freq': 20}, 'dataset': {'dataset_name': 'kmnist', 'num_tasks': 10, 'num_classes_per_task': 2, 'with_replacement': True, 'num_trains_per_class': 64, 'num_vals_per_class': 50, 'remap_labels': True}, 'net': {'name': 'mlp', 'depth': 4, 'layer_size': 64, 'dropout': 0.0}, 'sharing_strategy': {'name': 'recv_data', 'num_coms_per_round': 2, 'num_queries': 10, 'num_data_neighbors': 10, 'num_filter_neighbors': 10, 'scorer': 'cross_entropy', 'query_score_threshold': 0.0, 'shared_memory_size': 100000, 'comm_freq': 1}, 'seed': 0, 'algo': 'monolithic', 'job_name': 'kmnist_monolithic_numtrain_64_contrastive', 'num_agents': 8, 'root_save_dir': 'experiment_results/recv_results', 'parallel': True, 'num_init_tasks': 4, 'agent': {'save_dir': '${root_save_dir}/${job_name}/${dataset.dataset_name}/${algo}/seed_${seed}', 'batch_size': 64, 'memory_size': 32, 'improvement_threshold': 0.05, 'use_contrastive': True}}
[2023-10-12 00:00:42,934][root][INFO] - Class sequence: [5 0 4 3 4 6 4 3 8 0 1 0 5 9 6 4 9 0 3 0]
[2023-10-12 00:00:42,955][root][INFO] - task 0 :(128, 1, 28, 28)
[2023-10-12 00:00:43,013][root][INFO] - task 1 :(128, 1, 28, 28)
[2023-10-12 00:00:43,040][root][INFO] - task 2 :(128, 1, 28, 28)
[2023-10-12 00:00:43,072][root][INFO] - task 3 :(128, 1, 28, 28)
[2023-10-12 00:00:43,094][root][INFO] - task 4 :(128, 1, 28, 28)
[2023-10-12 00:00:43,121][root][INFO] - task 5 :(128, 1, 28, 28)
[2023-10-12 00:00:43,152][root][INFO] - task 6 :(128, 1, 28, 28)
[2023-10-12 00:00:43,186][root][INFO] - task 7 :(128, 1, 28, 28)
[2023-10-12 00:00:43,212][root][INFO] - task 8 :(128, 1, 28, 28)
[2023-10-12 00:00:43,246][root][INFO] - task 9 :(128, 1, 28, 28)
[2023-10-12 00:00:43,562][root][INFO] - Class sequence: [4 7 5 7 6 0 3 0 5 0 3 6 2 7 6 7 6 1 0 5]
[2023-10-12 00:00:43,580][root][INFO] - task 0 :(128, 1, 28, 28)
[2023-10-12 00:00:43,607][root][INFO] - task 1 :(128, 1, 28, 28)
[2023-10-12 00:00:43,631][root][INFO] - task 2 :(128, 1, 28, 28)
[2023-10-12 00:00:43,657][root][INFO] - task 3 :(128, 1, 28, 28)
[2023-10-12 00:00:43,685][root][INFO] - task 4 :(128, 1, 28, 28)
[2023-10-12 00:00:43,707][root][INFO] - task 5 :(128, 1, 28, 28)
[2023-10-12 00:00:43,734][root][INFO] - task 6 :(128, 1, 28, 28)
[2023-10-12 00:00:43,754][root][INFO] - task 7 :(128, 1, 28, 28)
[2023-10-12 00:00:43,783][root][INFO] - task 8 :(128, 1, 28, 28)
[2023-10-12 00:00:43,808][root][INFO] - task 9 :(128, 1, 28, 28)
[2023-10-12 00:00:44,123][root][INFO] - Class sequence: [6 7 7 8 4 1 1 8 6 1 6 4 5 7 8 0 2 3 0 3]
[2023-10-12 00:00:44,142][root][INFO] - task 0 :(128, 1, 28, 28)
[2023-10-12 00:00:44,162][root][INFO] - task 1 :(128, 1, 28, 28)
[2023-10-12 00:00:44,190][root][INFO] - task 2 :(128, 1, 28, 28)
[2023-10-12 00:00:44,218][root][INFO] - task 3 :(128, 1, 28, 28)
[2023-10-12 00:00:44,243][root][INFO] - task 4 :(128, 1, 28, 28)
[2023-10-12 00:00:44,271][root][INFO] - task 5 :(128, 1, 28, 28)
[2023-10-12 00:00:44,295][root][INFO] - task 6 :(128, 1, 28, 28)
[2023-10-12 00:00:44,327][root][INFO] - task 7 :(128, 1, 28, 28)
[2023-10-12 00:00:44,353][root][INFO] - task 8 :(128, 1, 28, 28)
[2023-10-12 00:00:44,376][root][INFO] - task 9 :(128, 1, 28, 28)
[2023-10-12 00:00:44,699][root][INFO] - Class sequence: [2 8 0 3 7 4 3 4 4 5 9 3 0 6 9 1 3 1 7 9]
[2023-10-12 00:00:44,719][root][INFO] - task 0 :(128, 1, 28, 28)
[2023-10-12 00:00:44,744][root][INFO] - task 1 :(128, 1, 28, 28)
[2023-10-12 00:00:44,771][root][INFO] - task 2 :(128, 1, 28, 28)
[2023-10-12 00:00:44,799][root][INFO] - task 3 :(128, 1, 28, 28)
[2023-10-12 00:00:44,824][root][INFO] - task 4 :(128, 1, 28, 28)
[2023-10-12 00:00:44,849][root][INFO] - task 5 :(128, 1, 28, 28)
[2023-10-12 00:00:44,873][root][INFO] - task 6 :(128, 1, 28, 28)
[2023-10-12 00:00:44,903][root][INFO] - task 7 :(128, 1, 28, 28)
[2023-10-12 00:00:44,930][root][INFO] - task 8 :(128, 1, 28, 28)
[2023-10-12 00:00:44,951][root][INFO] - task 9 :(128, 1, 28, 28)
[2023-10-12 00:00:45,266][root][INFO] - Class sequence: [0 3 0 2 9 7 0 9 2 1 7 6 8 6 1 8 6 4 9 8]
[2023-10-12 00:00:45,285][root][INFO] - task 0 :(128, 1, 28, 28)
[2023-10-12 00:00:45,305][root][INFO] - task 1 :(128, 1, 28, 28)
[2023-10-12 00:00:45,332][root][INFO] - task 2 :(128, 1, 28, 28)
[2023-10-12 00:00:45,358][root][INFO] - task 3 :(128, 1, 28, 28)
[2023-10-12 00:00:45,379][root][INFO] - task 4 :(128, 1, 28, 28)
[2023-10-12 00:00:45,403][root][INFO] - task 5 :(128, 1, 28, 28)
[2023-10-12 00:00:45,430][root][INFO] - task 6 :(128, 1, 28, 28)
[2023-10-12 00:00:45,457][root][INFO] - task 7 :(128, 1, 28, 28)
[2023-10-12 00:00:45,484][root][INFO] - task 8 :(128, 1, 28, 28)
[2023-10-12 00:00:45,510][root][INFO] - task 9 :(128, 1, 28, 28)
[2023-10-12 00:00:45,822][root][INFO] - Class sequence: [8 4 6 3 3 1 1 6 4 9 3 2 2 9 6 0 5 9 7 2]
[2023-10-12 00:00:45,840][root][INFO] - task 0 :(128, 1, 28, 28)
[2023-10-12 00:00:45,865][root][INFO] - task 1 :(128, 1, 28, 28)
[2023-10-12 00:00:45,892][root][INFO] - task 2 :(128, 1, 28, 28)
[2023-10-12 00:00:45,919][root][INFO] - task 3 :(128, 1, 28, 28)
[2023-10-12 00:00:45,944][root][INFO] - task 4 :(128, 1, 28, 28)
[2023-10-12 00:00:45,971][root][INFO] - task 5 :(128, 1, 28, 28)
[2023-10-12 00:00:45,994][root][INFO] - task 6 :(128, 1, 28, 28)
[2023-10-12 00:00:46,021][root][INFO] - task 7 :(128, 1, 28, 28)
[2023-10-12 00:00:46,049][root][INFO] - task 8 :(128, 1, 28, 28)
[2023-10-12 00:00:46,072][root][INFO] - task 9 :(128, 1, 28, 28)
[2023-10-12 00:00:46,391][root][INFO] - Class sequence: [7 5 8 4 6 9 8 3 4 6 1 3 3 1 4 1 9 2 6 2]
[2023-10-12 00:00:46,410][root][INFO] - task 0 :(128, 1, 28, 28)
[2023-10-12 00:00:46,438][root][INFO] - task 1 :(128, 1, 28, 28)
[2023-10-12 00:00:46,466][root][INFO] - task 2 :(128, 1, 28, 28)
[2023-10-12 00:00:46,493][root][INFO] - task 3 :(128, 1, 28, 28)
[2023-10-12 00:00:46,516][root][INFO] - task 4 :(128, 1, 28, 28)
[2023-10-12 00:00:46,544][root][INFO] - task 5 :(128, 1, 28, 28)
[2023-10-12 00:00:46,573][root][INFO] - task 6 :(128, 1, 28, 28)
[2023-10-12 00:00:46,599][root][INFO] - task 7 :(128, 1, 28, 28)
[2023-10-12 00:00:46,624][root][INFO] - task 8 :(128, 1, 28, 28)
[2023-10-12 00:00:46,657][root][INFO] - task 9 :(128, 1, 28, 28)
[2023-10-12 00:00:46,976][root][INFO] - Class sequence: [5 1 8 3 9 6 5 9 5 0 7 2 7 8 6 1 6 0 0 6]
[2023-10-12 00:00:46,994][root][INFO] - task 0 :(128, 1, 28, 28)
[2023-10-12 00:00:47,014][root][INFO] - task 1 :(128, 1, 28, 28)
[2023-10-12 00:00:47,047][root][INFO] - task 2 :(128, 1, 28, 28)
[2023-10-12 00:00:47,076][root][INFO] - task 3 :(128, 1, 28, 28)
[2023-10-12 00:00:47,097][root][INFO] - task 4 :(128, 1, 28, 28)
[2023-10-12 00:00:47,127][root][INFO] - task 5 :(128, 1, 28, 28)
[2023-10-12 00:00:47,154][root][INFO] - task 6 :(128, 1, 28, 28)
[2023-10-12 00:00:47,182][root][INFO] - task 7 :(128, 1, 28, 28)
[2023-10-12 00:00:47,203][root][INFO] - task 8 :(128, 1, 28, 28)
[2023-10-12 00:00:47,227][root][INFO] - task 9 :(128, 1, 28, 28)
i_size 28
num_classes 2
net_cfg {'name': 'mlp', 'depth': 4, 'layer_size': 64, 'dropout': 0.0, 'i_size': 28, 'num_classes': 2, 'num_tasks': 10, 'num_init_tasks': 4, 'use_contrastive': True}
<class 'shell.learners.er_nocomponents.NoComponentsER'>
[2023-10-12 00:00:47,260][root][INFO] - No. gpus per agent: 0.25
Error executing job with overrides: ['algo=monolithic', 'seed=0', 'parallel=True', 'num_agents=8', 'dataset=kmnist', 'dataset.num_trains_per_class=64', 'dataset.num_vals_per_class=50', 'dataset.remap_labels=True', 'dataset.with_replacement=True', 'dataset.num_tasks=10', 'net=mlp', 'net.depth=4', 'num_init_tasks=4', 'net.dropout=0.0', 'train.num_epochs=100', 'train.init_num_epochs=100', 'train.component_update_freq=100', 'train.init_component_update_freq=100', 'train.save_freq=20', 'root_save_dir=experiment_results/recv_results', 'agent.use_contrastive=True', 'agent.memory_size=32', 'sharing_strategy=recv_data', 'agent.batch_size=64', 'train=monolithic', 'job_name=kmnist_monolithic_numtrain_64_contrastive']
Traceback (most recent call last):
  File "/home/vlongle/learning-hive/experiments/run.py", line 33, in main
    fleet = FleetCls(graph, cfg.seed, datasets, cfg.sharing_strategy, AgentCls, NetCls=NetCls,
  File "/home/vlongle/learning-hive/src/shell/fleet/fleet.py", line 253, in __init__
    self.create_agents(seed, datasets, AgentCls, NetCls, LearnerCls,
  File "/home/vlongle/learning-hive/src/shell/fleet/fleet.py", line 264, in create_agents
    self.agents = [
  File "/home/vlongle/learning-hive/src/shell/fleet/fleet.py", line 265, in <listcomp>
    AgentCls.options(num_gpus=self.num_gpus_per_agent).remote(node_id, seed, datasets[node_id], NetCls,
AttributeError: type object 'ParallelRecvDataAgent' has no attribute 'options'

Set the environment variable HYDRA_FULL_ERROR=1 for a complete stack trace.
{'algo': ['monolithic'], 'seed': 0, 'parallel': True, 'num_agents': 8, 'dataset': 'kmnist', 'dataset.num_trains_per_class': 64, 'dataset.num_vals_per_class': 50, 'dataset.remap_labels': True, 'dataset.with_replacement': True, 'dataset.num_tasks': 10, 'net': 'mlp', 'net.depth': 4, 'num_init_tasks': 4, 'net.dropout': 0.0, 'train.num_epochs': 100, 'train.init_num_epochs': 100, 'train.component_update_freq': 100, 'train.init_component_update_freq': 100, 'train.save_freq': 20, 'root_save_dir': 'experiment_results/recv_results', 'agent.use_contrastive': True, 'agent.memory_size': 32, 'sharing_strategy': 'recv_data', 'agent.batch_size': 64}
No. of experiments: 1
Experiment runs took 0:00:10.428310
