{'train': {'component_update_freq': 100, 'num_epochs': 100, 'init_component_update_freq': 100, 'init_num_epochs': 100, 'save_freq': 1}, 'dataset': {'dataset_name': 'kmnist', 'num_tasks': 10, 'num_classes_per_task': 2, 'with_replacement': True, 'num_trains_per_class': 64, 'num_vals_per_class': 50, 'remap_labels': True}, 'net': {'name': 'mlp', 'depth': 4, 'layer_size': 64, 'dropout': 0.0}, 'sharing_strategy': {'name': 'gradient', 'num_coms_per_round': 1, 'comm_freq': 10, 'mu': 1.0}, 'seed': 1, 'algo': 'modular', 'job_name': 'kmnist_modular_numtrain_64_contrastive', 'num_agents': 2, 'root_save_dir': 'experiment_results/fedavg/', 'parallel': True, 'num_init_tasks': 4, 'agent': {'save_dir': '${root_save_dir}/${job_name}/${dataset.dataset_name}/${algo}/seed_${seed}', 'batch_size': 64, 'memory_size': 32, 'improvement_threshold': 0.05, 'use_contrastive': True}}
[2023-10-17 23:09:21,607][root][INFO] - Class sequence: [6 4 1 4 5 6 6 2 2 7 9 7 1 6 4 9 8 5 4 1]
[2023-10-17 23:09:21,626][root][INFO] - task 0 :(128, 1, 28, 28)
[2023-10-17 23:09:21,674][root][INFO] - task 1 :(128, 1, 28, 28)
[2023-10-17 23:09:21,694][root][INFO] - task 2 :(128, 1, 28, 28)
[2023-10-17 23:09:21,715][root][INFO] - task 3 :(128, 1, 28, 28)
[2023-10-17 23:09:21,736][root][INFO] - task 4 :(128, 1, 28, 28)
[2023-10-17 23:09:21,756][root][INFO] - task 5 :(128, 1, 28, 28)
[2023-10-17 23:09:21,776][root][INFO] - task 6 :(128, 1, 28, 28)
[2023-10-17 23:09:21,797][root][INFO] - task 7 :(128, 1, 28, 28)
[2023-10-17 23:09:21,817][root][INFO] - task 8 :(128, 1, 28, 28)
[2023-10-17 23:09:21,837][root][INFO] - task 9 :(128, 1, 28, 28)
[2023-10-17 23:09:22,137][root][INFO] - Class sequence: [6 5 5 7 5 1 3 7 0 2 4 8 7 3 3 7 4 5 2 0]
[2023-10-17 23:09:22,155][root][INFO] - task 0 :(128, 1, 28, 28)
[2023-10-17 23:09:22,176][root][INFO] - task 1 :(128, 1, 28, 28)
[2023-10-17 23:09:22,196][root][INFO] - task 2 :(128, 1, 28, 28)
[2023-10-17 23:09:22,217][root][INFO] - task 3 :(128, 1, 28, 28)
[2023-10-17 23:09:22,238][root][INFO] - task 4 :(128, 1, 28, 28)
[2023-10-17 23:09:22,263][root][INFO] - task 5 :(128, 1, 28, 28)
[2023-10-17 23:09:22,285][root][INFO] - task 6 :(128, 1, 28, 28)
[2023-10-17 23:09:22,307][root][INFO] - task 7 :(128, 1, 28, 28)
[2023-10-17 23:09:22,328][root][INFO] - task 8 :(128, 1, 28, 28)
[2023-10-17 23:09:22,349][root][INFO] - task 9 :(128, 1, 28, 28)
i_size 28
num_classes 2
net_cfg {'name': 'mlp', 'depth': 4, 'layer_size': 64, 'dropout': 0.0, 'i_size': 28, 'num_classes': 2, 'num_tasks': 10, 'num_init_tasks': 4, 'use_contrastive': True}
<class 'shell.learners.er_dynamic.CompositionalDynamicER'>
[2023-10-17 23:09:22,653][root][INFO] - Class sequence: [5 4 2 3 6 2 0 5 9 4 8 4 1 7 2 5 5 3 9 6]
[2023-10-17 23:09:22,671][root][INFO] - task 0 :(128, 1, 28, 28)
[2023-10-17 23:09:22,691][root][INFO] - task 1 :(128, 1, 28, 28)
[2023-10-17 23:09:22,711][root][INFO] - task 2 :(128, 1, 28, 28)
[2023-10-17 23:09:22,734][root][INFO] - task 3 :(128, 1, 28, 28)
[2023-10-17 23:09:22,755][root][INFO] - task 4 :(128, 1, 28, 28)
[2023-10-17 23:09:22,775][root][INFO] - task 5 :(128, 1, 28, 28)
[2023-10-17 23:09:22,795][root][INFO] - task 6 :(128, 1, 28, 28)
[2023-10-17 23:09:22,815][root][INFO] - task 7 :(128, 1, 28, 28)
[2023-10-17 23:09:22,835][root][INFO] - task 8 :(128, 1, 28, 28)
[2023-10-17 23:09:22,855][root][INFO] - task 9 :(128, 1, 28, 28)
[2023-10-17 23:09:37,368][root][INFO] - Joint training on task 0 ...
[2023-10-17 23:09:42,401][root][INFO] - Joint training on task 1 ...
[2023-10-17 23:09:43,300][root][INFO] - Joint training on task 2 ...
[2023-10-17 23:09:44,637][root][INFO] - Joint training on task 3 ...
[2023-10-17 23:11:55,315][root][INFO] - DONE TRAINING THE JOINT AGENT...
[2023-10-17 23:11:55,316][root][INFO] - No. gpus per agent: 1.0
[2023-10-17 23:12:00,745][root][INFO] - Created fleet with 2 agents
[2023-10-17 23:12:00,745][root][INFO] - Adding neighbors...
[2023-10-17 23:12:00,750][root][INFO] - Fleet initialized
[2023-10-17 23:12:00,752][root][INFO] - READY TO TRAIN INDIVIDUAL AGENTS...
[2m[36m(ParallelModGrad pid=2491070)[0m node 0 is processing at round 0 for task 0
[2m[36m(ParallelModGrad pid=2491071)[0m node 1 is processing at round 0 for task 0
[2m[36m(ParallelModGrad pid=2491070)[0m node 0 is processing at round 1 for task 0
[2m[36m(ParallelModGrad pid=2491071)[0m node 1 is processing at round 1 for task 0
[2m[36m(ParallelModGrad pid=2491070)[0m node 0 is processing at round 2 for task 0
[2m[36m(ParallelModGrad pid=2491071)[0m node 1 is processing at round 2 for task 0
[2m[36m(ParallelModGrad pid=2491070)[0m node 0 is processing at round 3 for task 0
[2m[36m(ParallelModGrad pid=2491071)[0m node 1 is processing at round 3 for task 0
[2m[36m(ParallelModGrad pid=2491070)[0m node 0 is processing at round 4 for task 0
[2m[36m(ParallelModGrad pid=2491071)[0m node 1 is processing at round 4 for task 0
[2m[36m(ParallelModGrad pid=2491070)[0m node 0 is processing at round 5 for task 0
[2m[36m(ParallelModGrad pid=2491071)[0m node 1 is processing at round 5 for task 0
[2m[36m(ParallelModGrad pid=2491070)[0m node 0 is processing at round 6 for task 0
[2m[36m(ParallelModGrad pid=2491071)[0m node 1 is processing at round 6 for task 0
[2m[36m(ParallelModGrad pid=2491070)[0m node 0 is processing at round 7 for task 0
[2m[36m(ParallelModGrad pid=2491071)[0m node 1 is processing at round 7 for task 0
[2m[36m(ParallelModGrad pid=2491070)[0m node 0 is processing at round 8 for task 0
[2m[36m(ParallelModGrad pid=2491071)[0m node 1 is processing at round 8 for task 0
[2m[36m(ParallelModGrad pid=2491070)[0m node 0 is processing at round 9 for task 1
[2m[36m(ParallelModGrad pid=2491071)[0m node 1 is processing at round 9 for task 1
[2m[36m(ParallelModGrad pid=2491070)[0m node 0 is processing at round 0 for task 1
[2m[36m(ParallelModGrad pid=2491071)[0m node 1 is processing at round 0 for task 1
[2m[36m(ParallelModGrad pid=2491070)[0m node 0 is processing at round 1 for task 1
[2m[36m(ParallelModGrad pid=2491071)[0m node 1 is processing at round 1 for task 1
[2m[36m(ParallelModGrad pid=2491070)[0m node 0 is processing at round 2 for task 1
[2m[36m(ParallelModGrad pid=2491071)[0m node 1 is processing at round 2 for task 1
[2m[36m(ParallelModGrad pid=2491070)[0m node 0 is processing at round 3 for task 1
[2m[36m(ParallelModGrad pid=2491071)[0m node 1 is processing at round 3 for task 1
[2m[36m(ParallelModGrad pid=2491071)[0m node 1 is processing at round 4 for task 1
[2m[36m(ParallelModGrad pid=2491070)[0m node 0 is processing at round 4 for task 1
[2m[36m(ParallelModGrad pid=2491070)[0m node 0 is processing at round 5 for task 1
[2m[36m(ParallelModGrad pid=2491071)[0m node 1 is processing at round 5 for task 1
[2m[36m(ParallelModGrad pid=2491070)[0m node 0 is processing at round 6 for task 1
[2m[36m(ParallelModGrad pid=2491071)[0m node 1 is processing at round 6 for task 1
[2m[36m(ParallelModGrad pid=2491070)[0m node 0 is processing at round 7 for task 1
[2m[36m(ParallelModGrad pid=2491071)[0m node 1 is processing at round 7 for task 1
[2m[36m(ParallelModGrad pid=2491070)[0m node 0 is processing at round 8 for task 1
[2m[36m(ParallelModGrad pid=2491071)[0m node 1 is processing at round 8 for task 1
[2m[36m(ParallelModGrad pid=2491070)[0m node 0 is processing at round 9 for task 2
[2m[36m(ParallelModGrad pid=2491071)[0m node 1 is processing at round 9 for task 2
[2m[36m(ParallelModGrad pid=2491070)[0m node 0 is processing at round 0 for task 2
[2m[36m(ParallelModGrad pid=2491071)[0m node 1 is processing at round 0 for task 2
[2m[36m(ParallelModGrad pid=2491070)[0m node 0 is processing at round 1 for task 2
[2m[36m(ParallelModGrad pid=2491071)[0m node 1 is processing at round 1 for task 2
[2m[36m(ParallelModGrad pid=2491070)[0m node 0 is processing at round 2 for task 2
[2m[36m(ParallelModGrad pid=2491071)[0m node 1 is processing at round 2 for task 2
[2m[36m(ParallelModGrad pid=2491070)[0m node 0 is processing at round 3 for task 2
[2m[36m(ParallelModGrad pid=2491071)[0m node 1 is processing at round 3 for task 2
[2m[36m(ParallelModGrad pid=2491070)[0m node 0 is processing at round 4 for task 2
[2m[36m(ParallelModGrad pid=2491071)[0m node 1 is processing at round 4 for task 2
[2m[36m(ParallelModGrad pid=2491070)[0m node 0 is processing at round 5 for task 2
[2m[36m(ParallelModGrad pid=2491071)[0m node 1 is processing at round 5 for task 2
[2m[36m(ParallelModGrad pid=2491070)[0m node 0 is processing at round 6 for task 2
[2m[36m(ParallelModGrad pid=2491071)[0m node 1 is processing at round 6 for task 2
[2m[36m(ParallelModGrad pid=2491070)[0m node 0 is processing at round 7 for task 2
[2m[36m(ParallelModGrad pid=2491071)[0m node 1 is processing at round 7 for task 2
[2m[36m(ParallelModGrad pid=2491070)[0m node 0 is processing at round 8 for task 2
[2m[36m(ParallelModGrad pid=2491071)[0m node 1 is processing at round 8 for task 2
[2m[36m(ParallelModGrad pid=2491070)[0m node 0 is processing at round 9 for task 3
[2m[36m(ParallelModGrad pid=2491071)[0m node 1 is processing at round 9 for task 3
[2m[36m(ParallelModGrad pid=2491070)[0m node 0 is processing at round 0 for task 3
[2m[36m(ParallelModGrad pid=2491071)[0m node 1 is processing at round 0 for task 3
[2m[36m(ParallelModGrad pid=2491070)[0m node 0 is processing at round 1 for task 3
[2m[36m(ParallelModGrad pid=2491071)[0m node 1 is processing at round 1 for task 3
[2m[36m(ParallelModGrad pid=2491070)[0m node 0 is processing at round 2 for task 3
[2m[36m(ParallelModGrad pid=2491071)[0m node 1 is processing at round 2 for task 3
[2m[36m(ParallelModGrad pid=2491070)[0m node 0 is processing at round 3 for task 3
[2m[36m(ParallelModGrad pid=2491071)[0m node 1 is processing at round 3 for task 3
[2m[36m(ParallelModGrad pid=2491070)[0m node 0 is processing at round 4 for task 3
[2m[36m(ParallelModGrad pid=2491071)[0m node 1 is processing at round 4 for task 3
[2m[36m(ParallelModGrad pid=2491070)[0m node 0 is processing at round 5 for task 3
[2m[36m(ParallelModGrad pid=2491071)[0m node 1 is processing at round 5 for task 3
[2m[36m(ParallelModGrad pid=2491070)[0m node 0 is processing at round 6 for task 3
[2m[36m(ParallelModGrad pid=2491071)[0m node 1 is processing at round 6 for task 3
[2m[36m(ParallelModGrad pid=2491070)[0m node 0 is processing at round 7 for task 3
[2m[36m(ParallelModGrad pid=2491071)[0m node 1 is processing at round 7 for task 3
[2m[36m(ParallelModGrad pid=2491070)[0m node 0 is processing at round 8 for task 3
[2m[36m(ParallelModGrad pid=2491071)[0m node 1 is processing at round 8 for task 3
[2m[36m(ParallelModGrad pid=2491070)[0m node 0 is processing at round 9 for task 4
[2m[36m(ParallelModGrad pid=2491071)[0m node 1 is processing at round 9 for task 4
[2m[36m(ParallelModGrad pid=2491070)[0m node 0 is processing at round 0 for task 4
[2m[36m(ParallelModGrad pid=2491071)[0m node 1 is processing at round 0 for task 4
[2m[36m(ParallelModGrad pid=2491070)[0m node 0 is processing at round 1 for task 4
[2m[36m(ParallelModGrad pid=2491071)[0m node 1 is processing at round 1 for task 4
[2m[36m(ParallelModGrad pid=2491070)[0m node 0 is processing at round 2 for task 4
[2m[36m(ParallelModGrad pid=2491071)[0m node 1 is processing at round 2 for task 4
[2m[36m(ParallelModGrad pid=2491070)[0m node 0 is processing at round 3 for task 4
[2m[36m(ParallelModGrad pid=2491071)[0m node 1 is processing at round 3 for task 4
[2m[36m(ParallelModGrad pid=2491070)[0m node 0 is processing at round 4 for task 4
[2m[36m(ParallelModGrad pid=2491071)[0m node 1 is processing at round 4 for task 4
[2m[36m(ParallelModGrad pid=2491070)[0m node 0 is processing at round 5 for task 4
[2m[36m(ParallelModGrad pid=2491071)[0m node 1 is processing at round 5 for task 4
[2m[36m(ParallelModGrad pid=2491070)[0m node 0 is processing at round 6 for task 4
[2m[36m(ParallelModGrad pid=2491071)[0m node 1 is processing at round 6 for task 4
[2m[36m(ParallelModGrad pid=2491070)[0m node 0 is processing at round 7 for task 4
[2m[36m(ParallelModGrad pid=2491071)[0m node 1 is processing at round 7 for task 4
[2m[36m(ParallelModGrad pid=2491070)[0m node 0 is processing at round 8 for task 4
[2m[36m(ParallelModGrad pid=2491071)[0m node 1 is processing at round 8 for task 4
[2m[36m(ParallelModGrad pid=2491070)[0m node 0 is processing at round 9 for task 5
[2m[36m(ParallelModGrad pid=2491071)[0m node 1 is processing at round 9 for task 5
[2m[36m(ParallelModGrad pid=2491070)[0m node 0 is processing at round 0 for task 5
[2m[36m(ParallelModGrad pid=2491071)[0m node 1 is processing at round 0 for task 5
[2m[36m(ParallelModGrad pid=2491070)[0m node 0 is processing at round 1 for task 5
[2m[36m(ParallelModGrad pid=2491071)[0m node 1 is processing at round 1 for task 5
[2m[36m(ParallelModGrad pid=2491070)[0m node 0 is processing at round 2 for task 5
[2m[36m(ParallelModGrad pid=2491071)[0m node 1 is processing at round 2 for task 5
[2m[36m(ParallelModGrad pid=2491070)[0m node 0 is processing at round 3 for task 5
[2m[36m(ParallelModGrad pid=2491071)[0m node 1 is processing at round 3 for task 5
[2m[36m(ParallelModGrad pid=2491070)[0m node 0 is processing at round 4 for task 5
[2m[36m(ParallelModGrad pid=2491071)[0m node 1 is processing at round 4 for task 5
[2m[36m(ParallelModGrad pid=2491070)[0m node 0 is processing at round 5 for task 5
[2m[36m(ParallelModGrad pid=2491071)[0m node 1 is processing at round 5 for task 5
[2m[36m(ParallelModGrad pid=2491070)[0m node 0 is processing at round 6 for task 5
[2m[36m(ParallelModGrad pid=2491071)[0m node 1 is processing at round 6 for task 5
[2m[36m(ParallelModGrad pid=2491070)[0m node 0 is processing at round 7 for task 5
[2m[36m(ParallelModGrad pid=2491071)[0m node 1 is processing at round 7 for task 5
[2m[36m(ParallelModGrad pid=2491070)[0m node 0 is processing at round 8 for task 5
[2m[36m(ParallelModGrad pid=2491071)[0m node 1 is processing at round 8 for task 5
[2m[36m(ParallelModGrad pid=2491070)[0m node 0 is processing at round 9 for task 6
[2m[36m(ParallelModGrad pid=2491071)[0m node 1 is processing at round 9 for task 6
[2m[36m(ParallelModGrad pid=2491070)[0m node 0 is processing at round 0 for task 6
[2m[36m(ParallelModGrad pid=2491071)[0m node 1 is processing at round 0 for task 6
[2m[36m(ParallelModGrad pid=2491070)[0m node 0 is processing at round 1 for task 6
[2m[36m(ParallelModGrad pid=2491071)[0m node 1 is processing at round 1 for task 6
[2m[36m(ParallelModGrad pid=2491070)[0m node 0 is processing at round 2 for task 6
[2m[36m(ParallelModGrad pid=2491071)[0m node 1 is processing at round 2 for task 6
[2m[36m(ParallelModGrad pid=2491070)[0m node 0 is processing at round 3 for task 6
[2m[36m(ParallelModGrad pid=2491071)[0m node 1 is processing at round 3 for task 6
[2m[36m(ParallelModGrad pid=2491070)[0m node 0 is processing at round 4 for task 6
[2m[36m(ParallelModGrad pid=2491071)[0m node 1 is processing at round 4 for task 6
[2m[36m(ParallelModGrad pid=2491070)[0m node 0 is processing at round 5 for task 6
[2m[36m(ParallelModGrad pid=2491071)[0m node 1 is processing at round 5 for task 6
[2m[36m(ParallelModGrad pid=2491070)[0m node 0 is processing at round 6 for task 6
[2m[36m(ParallelModGrad pid=2491071)[0m node 1 is processing at round 6 for task 6
[2m[36m(ParallelModGrad pid=2491070)[0m node 0 is processing at round 7 for task 6
[2m[36m(ParallelModGrad pid=2491071)[0m node 1 is processing at round 7 for task 6
[2m[36m(ParallelModGrad pid=2491070)[0m node 0 is processing at round 8 for task 6
[2m[36m(ParallelModGrad pid=2491071)[0m node 1 is processing at round 8 for task 6
[2m[36m(ParallelModGrad pid=2491070)[0m node 0 is processing at round 9 for task 7
[2m[36m(ParallelModGrad pid=2491071)[0m node 1 is processing at round 9 for task 7
{'algo': 'modular', 'seed': 1, 'parallel': True, 'agent.batch_size': 64, 'num_agents': 2, 'dataset': 'kmnist', 'dataset.num_trains_per_class': 64, 'dataset.num_vals_per_class': 50, 'dataset.remap_labels': True, 'dataset.with_replacement': True, 'dataset.num_tasks': 10, 'net': 'mlp', 'net.depth': 4, 'num_init_tasks': 4, 'net.dropout': 0.0, 'train.num_epochs': 100, 'train.component_update_freq': 100, 'train.init_num_epochs': 100, 'train.init_component_update_freq': 100, 'train.save_freq': 1, 'agent.use_contrastive': True, 'agent.memory_size': 32, 'root_save_dir': 'experiment_results/fedavg/', 'sharing_strategy': 'grad_sharing', 'sharing_strategy.comm_freq': 10}
No. of experiments: 1
Experiment runs took 0:15:16.854575
