/mnt/kostas-graid/sw/envs/vlongle/miniconda3/envs/shell/lib/python3.10/site-packages/hydra/_internal/defaults_list.py:251: UserWarning: In 'config': Defaults list is missing `_self_`. See https://hydra.cc/docs/1.2/upgrades/1.0_to_1.1/default_composition_order for more information
  warnings.warn(msg, UserWarning)
{'train': {'component_update_freq': 100, 'num_epochs': 100, 'init_component_update_freq': 100, 'init_num_epochs': 100, 'save_freq': 20}, 'dataset': {'dataset_name': 'kmnist', 'num_tasks': 10, 'num_classes_per_task': 2, 'with_replacement': True, 'num_trains_per_class': 64, 'num_vals_per_class': 50, 'remap_labels': True}, 'net': {'name': 'mlp', 'depth': 4, 'layer_size': 64, 'dropout': 0.0}, 'sharing_strategy': {'name': 'recv_data', 'num_coms_per_round': 2, 'num_queries': 10, 'num_data_neighbors': 10, 'num_filter_neighbors': 10, 'scorer': 'cross_entropy', 'query_score_threshold': 0.0, 'shared_memory_size': 100000, 'comm_freq': 1}, 'seed': 0, 'algo': 'monolithic', 'job_name': 'kmnist_monolithic_numtrain_64_contrastive', 'num_agents': 8, 'root_save_dir': 'experiment_results/recv_results', 'parallel': True, 'num_init_tasks': 4, 'agent': {'save_dir': '${root_save_dir}/${job_name}/${dataset.dataset_name}/${algo}/seed_${seed}', 'batch_size': 64, 'memory_size': 32, 'improvement_threshold': 0.05, 'use_contrastive': True}}
[2023-10-11 23:59:13,189][root][INFO] - Class sequence: [5 0 4 3 4 6 4 3 8 0 1 0 5 9 6 4 9 0 3 0]
[2023-10-11 23:59:13,210][root][INFO] - task 0 :(128, 1, 28, 28)
[2023-10-11 23:59:13,267][root][INFO] - task 1 :(128, 1, 28, 28)
[2023-10-11 23:59:13,295][root][INFO] - task 2 :(128, 1, 28, 28)
[2023-10-11 23:59:13,319][root][INFO] - task 3 :(128, 1, 28, 28)
[2023-10-11 23:59:13,346][root][INFO] - task 4 :(128, 1, 28, 28)
[2023-10-11 23:59:13,373][root][INFO] - task 5 :(128, 1, 28, 28)
[2023-10-11 23:59:13,400][root][INFO] - task 6 :(128, 1, 28, 28)
[2023-10-11 23:59:13,428][root][INFO] - task 7 :(128, 1, 28, 28)
[2023-10-11 23:59:13,454][root][INFO] - task 8 :(128, 1, 28, 28)
[2023-10-11 23:59:13,482][root][INFO] - task 9 :(128, 1, 28, 28)
[2023-10-11 23:59:13,803][root][INFO] - Class sequence: [4 7 5 7 6 0 3 0 5 0 3 6 2 7 6 7 6 1 0 5]
[2023-10-11 23:59:13,823][root][INFO] - task 0 :(128, 1, 28, 28)
[2023-10-11 23:59:13,849][root][INFO] - task 1 :(128, 1, 28, 28)
[2023-10-11 23:59:13,883][root][INFO] - task 2 :(128, 1, 28, 28)
[2023-10-11 23:59:13,908][root][INFO] - task 3 :(128, 1, 28, 28)
[2023-10-11 23:59:13,932][root][INFO] - task 4 :(128, 1, 28, 28)
[2023-10-11 23:59:13,956][root][INFO] - task 5 :(128, 1, 28, 28)
[2023-10-11 23:59:13,981][root][INFO] - task 6 :(128, 1, 28, 28)
[2023-10-11 23:59:14,003][root][INFO] - task 7 :(128, 1, 28, 28)
[2023-10-11 23:59:14,032][root][INFO] - task 8 :(128, 1, 28, 28)
[2023-10-11 23:59:14,056][root][INFO] - task 9 :(128, 1, 28, 28)
[2023-10-11 23:59:14,367][root][INFO] - Class sequence: [6 7 7 8 4 1 1 8 6 1 6 4 5 7 8 0 2 3 0 3]
[2023-10-11 23:59:14,385][root][INFO] - task 0 :(128, 1, 28, 28)
[2023-10-11 23:59:14,406][root][INFO] - task 1 :(128, 1, 28, 28)
[2023-10-11 23:59:14,434][root][INFO] - task 2 :(128, 1, 28, 28)
[2023-10-11 23:59:14,461][root][INFO] - task 3 :(128, 1, 28, 28)
[2023-10-11 23:59:14,487][root][INFO] - task 4 :(128, 1, 28, 28)
[2023-10-11 23:59:14,514][root][INFO] - task 5 :(128, 1, 28, 28)
[2023-10-11 23:59:14,541][root][INFO] - task 6 :(128, 1, 28, 28)
[2023-10-11 23:59:14,567][root][INFO] - task 7 :(128, 1, 28, 28)
[2023-10-11 23:59:14,592][root][INFO] - task 8 :(128, 1, 28, 28)
[2023-10-11 23:59:14,613][root][INFO] - task 9 :(128, 1, 28, 28)
[2023-10-11 23:59:14,927][root][INFO] - Class sequence: [2 8 0 3 7 4 3 4 4 5 9 3 0 6 9 1 3 1 7 9]
[2023-10-11 23:59:14,945][root][INFO] - task 0 :(128, 1, 28, 28)
[2023-10-11 23:59:14,972][root][INFO] - task 1 :(128, 1, 28, 28)
[2023-10-11 23:59:14,999][root][INFO] - task 2 :(128, 1, 28, 28)
[2023-10-11 23:59:15,027][root][INFO] - task 3 :(128, 1, 28, 28)
[2023-10-11 23:59:15,052][root][INFO] - task 4 :(128, 1, 28, 28)
[2023-10-11 23:59:15,076][root][INFO] - task 5 :(128, 1, 28, 28)
[2023-10-11 23:59:15,100][root][INFO] - task 6 :(128, 1, 28, 28)
[2023-10-11 23:59:15,126][root][INFO] - task 7 :(128, 1, 28, 28)
[2023-10-11 23:59:15,153][root][INFO] - task 8 :(128, 1, 28, 28)
[2023-10-11 23:59:15,181][root][INFO] - task 9 :(128, 1, 28, 28)
[2023-10-11 23:59:15,497][root][INFO] - Class sequence: [0 3 0 2 9 7 0 9 2 1 7 6 8 6 1 8 6 4 9 8]
[2023-10-11 23:59:15,516][root][INFO] - task 0 :(128, 1, 28, 28)
[2023-10-11 23:59:15,536][root][INFO] - task 1 :(128, 1, 28, 28)
[2023-10-11 23:59:15,559][root][INFO] - task 2 :(128, 1, 28, 28)
[2023-10-11 23:59:15,586][root][INFO] - task 3 :(128, 1, 28, 28)
[2023-10-11 23:59:15,613][root][INFO] - task 4 :(128, 1, 28, 28)
[2023-10-11 23:59:15,639][root][INFO] - task 5 :(128, 1, 28, 28)
[2023-10-11 23:59:15,666][root][INFO] - task 6 :(128, 1, 28, 28)
[2023-10-11 23:59:15,692][root][INFO] - task 7 :(128, 1, 28, 28)
[2023-10-11 23:59:15,715][root][INFO] - task 8 :(128, 1, 28, 28)
[2023-10-11 23:59:15,741][root][INFO] - task 9 :(128, 1, 28, 28)
[2023-10-11 23:59:16,055][root][INFO] - Class sequence: [8 4 6 3 3 1 1 6 4 9 3 2 2 9 6 0 5 9 7 2]
[2023-10-11 23:59:16,073][root][INFO] - task 0 :(128, 1, 28, 28)
[2023-10-11 23:59:16,102][root][INFO] - task 1 :(128, 1, 28, 28)
[2023-10-11 23:59:16,126][root][INFO] - task 2 :(128, 1, 28, 28)
[2023-10-11 23:59:16,147][root][INFO] - task 3 :(128, 1, 28, 28)
[2023-10-11 23:59:16,175][root][INFO] - task 4 :(128, 1, 28, 28)
[2023-10-11 23:59:16,201][root][INFO] - task 5 :(128, 1, 28, 28)
[2023-10-11 23:59:16,226][root][INFO] - task 6 :(128, 1, 28, 28)
[2023-10-11 23:59:16,259][root][INFO] - task 7 :(128, 1, 28, 28)
[2023-10-11 23:59:16,288][root][INFO] - task 8 :(128, 1, 28, 28)
[2023-10-11 23:59:16,315][root][INFO] - task 9 :(128, 1, 28, 28)
[2023-10-11 23:59:16,626][root][INFO] - Class sequence: [7 5 8 4 6 9 8 3 4 6 1 3 3 1 4 1 9 2 6 2]
[2023-10-11 23:59:16,645][root][INFO] - task 0 :(128, 1, 28, 28)
[2023-10-11 23:59:16,673][root][INFO] - task 1 :(128, 1, 28, 28)
[2023-10-11 23:59:16,704][root][INFO] - task 2 :(128, 1, 28, 28)
[2023-10-11 23:59:16,730][root][INFO] - task 3 :(128, 1, 28, 28)
[2023-10-11 23:59:16,755][root][INFO] - task 4 :(128, 1, 28, 28)
[2023-10-11 23:59:16,783][root][INFO] - task 5 :(128, 1, 28, 28)
[2023-10-11 23:59:16,809][root][INFO] - task 6 :(128, 1, 28, 28)
[2023-10-11 23:59:16,835][root][INFO] - task 7 :(128, 1, 28, 28)
[2023-10-11 23:59:16,859][root][INFO] - task 8 :(128, 1, 28, 28)
[2023-10-11 23:59:16,884][root][INFO] - task 9 :(128, 1, 28, 28)
[2023-10-11 23:59:17,197][root][INFO] - Class sequence: [5 1 8 3 9 6 5 9 5 0 7 2 7 8 6 1 6 0 0 6]
[2023-10-11 23:59:17,215][root][INFO] - task 0 :(128, 1, 28, 28)
[2023-10-11 23:59:17,242][root][INFO] - task 1 :(128, 1, 28, 28)
[2023-10-11 23:59:17,269][root][INFO] - task 2 :(128, 1, 28, 28)
[2023-10-11 23:59:17,298][root][INFO] - task 3 :(128, 1, 28, 28)
[2023-10-11 23:59:17,324][root][INFO] - task 4 :(128, 1, 28, 28)
[2023-10-11 23:59:17,355][root][INFO] - task 5 :(128, 1, 28, 28)
[2023-10-11 23:59:17,387][root][INFO] - task 6 :(128, 1, 28, 28)
[2023-10-11 23:59:17,408][root][INFO] - task 7 :(128, 1, 28, 28)
[2023-10-11 23:59:17,433][root][INFO] - task 8 :(128, 1, 28, 28)
[2023-10-11 23:59:17,459][root][INFO] - task 9 :(128, 1, 28, 28)
i_size 28
num_classes 2
net_cfg {'name': 'mlp', 'depth': 4, 'layer_size': 64, 'dropout': 0.0, 'i_size': 28, 'num_classes': 2, 'num_tasks': 10, 'num_init_tasks': 4, 'use_contrastive': True}
<class 'shell.learners.er_nocomponents.NoComponentsER'>
[2023-10-11 23:59:17,488][root][INFO] - No. gpus per agent: 0.25
Error executing job with overrides: ['algo=monolithic', 'seed=0', 'parallel=True', 'num_agents=8', 'dataset=kmnist', 'dataset.num_trains_per_class=64', 'dataset.num_vals_per_class=50', 'dataset.remap_labels=True', 'dataset.with_replacement=True', 'dataset.num_tasks=10', 'net=mlp', 'net.depth=4', 'num_init_tasks=4', 'net.dropout=0.0', 'train.num_epochs=100', 'train.init_num_epochs=100', 'train.component_update_freq=100', 'train.init_component_update_freq=100', 'train.save_freq=20', 'root_save_dir=experiment_results/recv_results', 'agent.use_contrastive=True', 'agent.memory_size=32', 'sharing_strategy=recv_data', 'agent.batch_size=64', 'train=monolithic', 'job_name=kmnist_monolithic_numtrain_64_contrastive']
Traceback (most recent call last):
  File "/home/vlongle/learning-hive/experiments/run.py", line 33, in main
    fleet = FleetCls(graph, cfg.seed, datasets, cfg.sharing_strategy, AgentCls, NetCls=NetCls,
  File "/home/vlongle/learning-hive/src/shell/fleet/fleet.py", line 253, in __init__
    self.create_agents(seed, datasets, AgentCls, NetCls, LearnerCls,
  File "/home/vlongle/learning-hive/src/shell/fleet/fleet.py", line 264, in create_agents
    self.agents = [
  File "/home/vlongle/learning-hive/src/shell/fleet/fleet.py", line 265, in <listcomp>
    AgentCls.options(num_gpus=self.num_gpus_per_agent).remote(node_id, seed, datasets[node_id], NetCls,
AttributeError: type object 'ParallelRecvDataAgent' has no attribute 'options'

Set the environment variable HYDRA_FULL_ERROR=1 for a complete stack trace.
{'algo': ['monolithic'], 'seed': 0, 'parallel': True, 'num_agents': 8, 'dataset': 'kmnist', 'dataset.num_trains_per_class': 64, 'dataset.num_vals_per_class': 50, 'dataset.remap_labels': True, 'dataset.with_replacement': True, 'dataset.num_tasks': 10, 'net': 'mlp', 'net.depth': 4, 'num_init_tasks': 4, 'net.dropout': 0.0, 'train.num_epochs': 100, 'train.init_num_epochs': 100, 'train.component_update_freq': 100, 'train.init_component_update_freq': 100, 'train.save_freq': 20, 'root_save_dir': 'experiment_results/recv_results', 'agent.use_contrastive': True, 'agent.memory_size': 32, 'sharing_strategy': 'recv_data', 'agent.batch_size': 64}
No. of experiments: 1
Experiment runs took 0:00:10.111614
