{'train': {'component_update_freq': 4, 'num_epochs': 4, 'init_component_update_freq': 4, 'init_num_epochs': 4, 'save_freq': 1}, 'dataset': {'dataset_name': 'mnist', 'num_tasks': 10, 'num_classes_per_task': 2, 'with_replacement': True, 'num_trains_per_class': 64, 'num_vals_per_class': 50, 'remap_labels': True}, 'net': {'name': 'mlp', 'depth': 4, 'layer_size': 64, 'dropout': 0.0}, 'sharing_strategy': {'name': 'gradient', 'num_coms_per_round': 1, 'comm_freq': 1, 'mu': 1.0}, 'seed': 1, 'algo': 'modular', 'job_name': 'mnist_modular_numtrain_64_contrastive', 'num_agents': 2, 'root_save_dir': 'experiment_results/fedavg/', 'parallel': True, 'num_init_tasks': 4, 'agent': {'save_dir': '${root_save_dir}/${job_name}/${dataset.dataset_name}/${algo}/seed_${seed}', 'batch_size': 64, 'memory_size': 32, 'improvement_threshold': 0.05, 'use_contrastive': True}}
[2023-10-17 22:49:13,468][root][INFO] - Class sequence: [6 4 1 4 5 6 6 2 2 7 9 7 1 6 4 9 8 5 4 1]
[2023-10-17 22:49:13,488][root][INFO] - task 0 :(128, 1, 28, 28)
[2023-10-17 22:49:13,537][root][INFO] - task 1 :(128, 1, 28, 28)
[2023-10-17 22:49:13,558][root][INFO] - task 2 :(128, 1, 28, 28)
[2023-10-17 22:49:13,579][root][INFO] - task 3 :(128, 1, 28, 28)
[2023-10-17 22:49:13,601][root][INFO] - task 4 :(128, 1, 28, 28)
[2023-10-17 22:49:13,622][root][INFO] - task 5 :(128, 1, 28, 28)
[2023-10-17 22:49:13,644][root][INFO] - task 6 :(128, 1, 28, 28)
[2023-10-17 22:49:13,665][root][INFO] - task 7 :(128, 1, 28, 28)
[2023-10-17 22:49:13,685][root][INFO] - task 8 :(128, 1, 28, 28)
[2023-10-17 22:49:13,706][root][INFO] - task 9 :(128, 1, 28, 28)
[2023-10-17 22:49:13,810][root][INFO] - Class sequence: [6 5 5 7 5 1 3 7 0 2 4 8 7 3 3 7 4 5 2 0]
[2023-10-17 22:49:13,827][root][INFO] - task 0 :(128, 1, 28, 28)
[2023-10-17 22:49:13,847][root][INFO] - task 1 :(128, 1, 28, 28)
[2023-10-17 22:49:13,867][root][INFO] - task 2 :(128, 1, 28, 28)
[2023-10-17 22:49:13,889][root][INFO] - task 3 :(128, 1, 28, 28)
[2023-10-17 22:49:13,908][root][INFO] - task 4 :(128, 1, 28, 28)
[2023-10-17 22:49:13,935][root][INFO] - task 5 :(128, 1, 28, 28)
[2023-10-17 22:49:13,955][root][INFO] - task 6 :(128, 1, 28, 28)
[2023-10-17 22:49:13,975][root][INFO] - task 7 :(128, 1, 28, 28)
[2023-10-17 22:49:13,994][root][INFO] - task 8 :(128, 1, 28, 28)
[2023-10-17 22:49:14,020][root][INFO] - task 9 :(128, 1, 28, 28)
i_size 28
num_classes 2
net_cfg {'name': 'mlp', 'depth': 4, 'layer_size': 64, 'dropout': 0.0, 'i_size': 28, 'num_classes': 2, 'num_tasks': 10, 'num_init_tasks': 4, 'use_contrastive': True}
<class 'shell.learners.er_dynamic.CompositionalDynamicER'>
[2023-10-17 22:49:14,133][root][INFO] - Class sequence: [5 4 2 3 6 2 0 5 9 4 8 4 1 7 2 5 5 3 9 6]
[2023-10-17 22:49:14,149][root][INFO] - task 0 :(128, 1, 28, 28)
[2023-10-17 22:49:14,172][root][INFO] - task 1 :(128, 1, 28, 28)
[2023-10-17 22:49:14,193][root][INFO] - task 2 :(128, 1, 28, 28)
[2023-10-17 22:49:14,212][root][INFO] - task 3 :(128, 1, 28, 28)
[2023-10-17 22:49:14,232][root][INFO] - task 4 :(128, 1, 28, 28)
[2023-10-17 22:49:14,253][root][INFO] - task 5 :(128, 1, 28, 28)
[2023-10-17 22:49:14,274][root][INFO] - task 6 :(128, 1, 28, 28)
[2023-10-17 22:49:14,300][root][INFO] - task 7 :(128, 1, 28, 28)
[2023-10-17 22:49:14,320][root][INFO] - task 8 :(128, 1, 28, 28)
[2023-10-17 22:49:14,339][root][INFO] - task 9 :(128, 1, 28, 28)
[2023-10-17 22:49:29,295][root][INFO] - Joint training on task 0 ...
[2023-10-17 22:49:34,208][root][INFO] - Joint training on task 1 ...
[2023-10-17 22:49:35,166][root][INFO] - Joint training on task 2 ...
[2023-10-17 22:49:36,531][root][INFO] - Joint training on task 3 ...
[2023-10-17 22:49:45,366][root][INFO] - DONE TRAINING THE JOINT AGENT...
[2023-10-17 22:49:45,367][root][INFO] - No. gpus per agent: 1.0
[2023-10-17 22:49:49,411][root][INFO] - Created fleet with 2 agents
[2023-10-17 22:49:49,412][root][INFO] - Adding neighbors...
[2023-10-17 22:49:49,513][root][INFO] - Fleet initialized
[2023-10-17 22:49:49,515][root][INFO] - READY TO TRAIN INDIVIDUAL AGENTS...
[2m[36m(ParallelModGrad pid=3274885)[0m node 0 is processing at round 0 for task 0
[2m[36m(ParallelModGrad pid=3274887)[0m node 1 is processing at round 0 for task 0
[2m[36m(ParallelModGrad pid=3274885)[0m node 0 is processing at round 1 for task 0
[2m[36m(ParallelModGrad pid=3274887)[0m node 1 is processing at round 1 for task 0
[2m[36m(ParallelModGrad pid=3274885)[0m node 0 is processing at round 2 for task 0
[2m[36m(ParallelModGrad pid=3274887)[0m node 1 is processing at round 2 for task 0
[2m[36m(ParallelModGrad pid=3274885)[0m node 0 is processing at round 3 for task 1
[2m[36m(ParallelModGrad pid=3274887)[0m node 1 is processing at round 3 for task 1
[2m[36m(ParallelModGrad pid=3274885)[0m node 0 is processing at round 0 for task 1
[2m[36m(ParallelModGrad pid=3274887)[0m node 1 is processing at round 0 for task 1
[2m[36m(ParallelModGrad pid=3274885)[0m node 0 is processing at round 1 for task 1
[2m[36m(ParallelModGrad pid=3274887)[0m node 1 is processing at round 1 for task 1
[2m[36m(ParallelModGrad pid=3274885)[0m node 0 is processing at round 2 for task 1
[2m[36m(ParallelModGrad pid=3274887)[0m node 1 is processing at round 2 for task 1
[2m[36m(ParallelModGrad pid=3274885)[0m node 0 is processing at round 3 for task 2
[2m[36m(ParallelModGrad pid=3274887)[0m node 1 is processing at round 3 for task 2
[2m[36m(ParallelModGrad pid=3274885)[0m node 0 is processing at round 0 for task 2
[2m[36m(ParallelModGrad pid=3274887)[0m node 1 is processing at round 0 for task 2
[2m[36m(ParallelModGrad pid=3274885)[0m node 0 is processing at round 1 for task 2
[2m[36m(ParallelModGrad pid=3274887)[0m node 1 is processing at round 1 for task 2
[2m[36m(ParallelModGrad pid=3274885)[0m node 0 is processing at round 2 for task 2
[2m[36m(ParallelModGrad pid=3274887)[0m node 1 is processing at round 2 for task 2
[2m[36m(ParallelModGrad pid=3274885)[0m node 0 is processing at round 3 for task 3
[2m[36m(ParallelModGrad pid=3274887)[0m node 1 is processing at round 3 for task 3
[2m[36m(ParallelModGrad pid=3274885)[0m node 0 is processing at round 0 for task 3
[2m[36m(ParallelModGrad pid=3274887)[0m node 1 is processing at round 0 for task 3
[2m[36m(ParallelModGrad pid=3274885)[0m node 0 is processing at round 1 for task 3
[2m[36m(ParallelModGrad pid=3274887)[0m node 1 is processing at round 1 for task 3
[2m[36m(ParallelModGrad pid=3274885)[0m node 0 is processing at round 2 for task 3
[2m[36m(ParallelModGrad pid=3274887)[0m node 1 is processing at round 2 for task 3
[2m[36m(ParallelModGrad pid=3274885)[0m node 0 is processing at round 3 for task 4
[2m[36m(ParallelModGrad pid=3274887)[0m node 1 is processing at round 3 for task 4
[2m[36m(ParallelModGrad pid=3274885)[0m node 0 is processing at round 0 for task 4
[2m[36m(ParallelModGrad pid=3274887)[0m node 1 is processing at round 0 for task 4
[2m[36m(ParallelModGrad pid=3274885)[0m node 0 is processing at round 1 for task 4
[2m[36m(ParallelModGrad pid=3274887)[0m node 1 is processing at round 1 for task 4
[2m[36m(ParallelModGrad pid=3274885)[0m node 0 is processing at round 2 for task 4
[2m[36m(ParallelModGrad pid=3274887)[0m node 1 is processing at round 2 for task 4
[2m[36m(ParallelModGrad pid=3274885)[0m node 0 is processing at round 3 for task 5
[2m[36m(ParallelModGrad pid=3274887)[0m node 1 is processing at round 3 for task 5
[2m[36m(ParallelModGrad pid=3274885)[0m node 0 is processing at round 0 for task 5
[2m[36m(ParallelModGrad pid=3274887)[0m node 1 is processing at round 0 for task 5
[2m[36m(ParallelModGrad pid=3274885)[0m node 0 is processing at round 1 for task 5
[2m[36m(ParallelModGrad pid=3274887)[0m node 1 is processing at round 1 for task 5
[2m[36m(ParallelModGrad pid=3274885)[0m node 0 is processing at round 2 for task 5
[2m[36m(ParallelModGrad pid=3274887)[0m node 1 is processing at round 2 for task 5
[2m[36m(ParallelModGrad pid=3274885)[0m node 0 is processing at round 3 for task 6
[2m[36m(ParallelModGrad pid=3274887)[0m node 1 is processing at round 3 for task 6
[2m[36m(ParallelModGrad pid=3274885)[0m node 0 is processing at round 0 for task 6
[2m[36m(ParallelModGrad pid=3274887)[0m node 1 is processing at round 0 for task 6
[2m[36m(ParallelModGrad pid=3274885)[0m node 0 is processing at round 1 for task 6
[2m[36m(ParallelModGrad pid=3274887)[0m node 1 is processing at round 1 for task 6
[2m[36m(ParallelModGrad pid=3274885)[0m node 0 is processing at round 2 for task 6
[2m[36m(ParallelModGrad pid=3274887)[0m node 1 is processing at round 2 for task 6
[2m[36m(ParallelModGrad pid=3274885)[0m node 0 is processing at round 3 for task 7
[2m[36m(ParallelModGrad pid=3274887)[0m node 1 is processing at round 3 for task 7
{'algo': 'modular', 'seed': 1, 'parallel': True, 'agent.batch_size': 64, 'num_agents': 2, 'dataset': 'mnist', 'dataset.num_trains_per_class': 64, 'dataset.num_vals_per_class': 50, 'dataset.remap_labels': True, 'dataset.with_replacement': True, 'dataset.num_tasks': 10, 'net': 'mlp', 'net.depth': 4, 'num_init_tasks': 4, 'net.dropout': 0.0, 'train.num_epochs': 4, 'train.component_update_freq': 4, 'train.init_num_epochs': 4, 'train.init_component_update_freq': 4, 'train.save_freq': 1, 'agent.use_contrastive': True, 'agent.memory_size': 32, 'root_save_dir': 'experiment_results/fedavg/', 'sharing_strategy': 'grad_sharing', 'sharing_strategy.comm_freq': 1}
No. of experiments: 1
Experiment runs took 0:01:37.798011
