{'train': {'component_update_freq': 100, 'num_epochs': 100, 'init_component_update_freq': 100, 'init_num_epochs': 100, 'save_freq': 1}, 'dataset': {'dataset_name': 'kmnist', 'num_tasks': 10, 'num_classes_per_task': 2, 'with_replacement': True, 'num_trains_per_class': 64, 'num_vals_per_class': 50, 'remap_labels': True}, 'net': {'name': 'mlp', 'depth': 4, 'layer_size': 64, 'dropout': 0.0}, 'sharing_strategy': {'name': 'gradient', 'num_coms_per_round': 1, 'comm_freq': 10, 'mu': 1.0}, 'seed': 0, 'algo': 'modular', 'job_name': 'kmnist_modular_numtrain_64_contrastive', 'num_agents': 8, 'root_save_dir': 'experiment_results/fedavg/', 'parallel': True, 'num_init_tasks': 4, 'agent': {'save_dir': '${root_save_dir}/${job_name}/${dataset.dataset_name}/${algo}/seed_${seed}', 'batch_size': 64, 'memory_size': 32, 'improvement_threshold': 0.05, 'use_contrastive': True}}
[2023-10-17 21:22:30,170][root][INFO] - Class sequence: [5 0 4 3 4 6 4 3 8 0 1 0 5 9 6 4 9 0 3 0]
[2023-10-17 21:22:30,189][root][INFO] - task 0 :(128, 1, 28, 28)
[2023-10-17 21:22:30,218][root][INFO] - task 1 :(128, 1, 28, 28)
[2023-10-17 21:22:30,240][root][INFO] - task 2 :(128, 1, 28, 28)
[2023-10-17 21:22:30,262][root][INFO] - task 3 :(128, 1, 28, 28)
[2023-10-17 21:22:30,281][root][INFO] - task 4 :(128, 1, 28, 28)
[2023-10-17 21:22:30,302][root][INFO] - task 5 :(128, 1, 28, 28)
[2023-10-17 21:22:30,334][root][INFO] - task 6 :(128, 1, 28, 28)
[2023-10-17 21:22:30,361][root][INFO] - task 7 :(128, 1, 28, 28)
[2023-10-17 21:22:30,381][root][INFO] - task 8 :(128, 1, 28, 28)
[2023-10-17 21:22:30,402][root][INFO] - task 9 :(128, 1, 28, 28)
[2023-10-17 21:22:30,708][root][INFO] - Class sequence: [4 7 5 7 6 0 3 0 5 0 3 6 2 7 6 7 6 1 0 5]
[2023-10-17 21:22:30,726][root][INFO] - task 0 :(128, 1, 28, 28)
[2023-10-17 21:22:30,751][root][INFO] - task 1 :(128, 1, 28, 28)
[2023-10-17 21:22:30,771][root][INFO] - task 2 :(128, 1, 28, 28)
[2023-10-17 21:22:30,793][root][INFO] - task 3 :(128, 1, 28, 28)
[2023-10-17 21:22:30,814][root][INFO] - task 4 :(128, 1, 28, 28)
[2023-10-17 21:22:30,835][root][INFO] - task 5 :(128, 1, 28, 28)
[2023-10-17 21:22:30,856][root][INFO] - task 6 :(128, 1, 28, 28)
[2023-10-17 21:22:30,876][root][INFO] - task 7 :(128, 1, 28, 28)
[2023-10-17 21:22:30,897][root][INFO] - task 8 :(128, 1, 28, 28)
[2023-10-17 21:22:30,918][root][INFO] - task 9 :(128, 1, 28, 28)
[2023-10-17 21:22:31,224][root][INFO] - Class sequence: [6 7 7 8 4 1 1 8 6 1 6 4 5 7 8 0 2 3 0 3]
[2023-10-17 21:22:31,241][root][INFO] - task 0 :(128, 1, 28, 28)
[2023-10-17 21:22:31,261][root][INFO] - task 1 :(128, 1, 28, 28)
[2023-10-17 21:22:31,282][root][INFO] - task 2 :(128, 1, 28, 28)
[2023-10-17 21:22:31,303][root][INFO] - task 3 :(128, 1, 28, 28)
[2023-10-17 21:22:31,323][root][INFO] - task 4 :(128, 1, 28, 28)
[2023-10-17 21:22:31,344][root][INFO] - task 5 :(128, 1, 28, 28)
[2023-10-17 21:22:31,365][root][INFO] - task 6 :(128, 1, 28, 28)
[2023-10-17 21:22:31,386][root][INFO] - task 7 :(128, 1, 28, 28)
[2023-10-17 21:22:31,412][root][INFO] - task 8 :(128, 1, 28, 28)
[2023-10-17 21:22:31,432][root][INFO] - task 9 :(128, 1, 28, 28)
[2023-10-17 21:22:31,737][root][INFO] - Class sequence: [2 8 0 3 7 4 3 4 4 5 9 3 0 6 9 1 3 1 7 9]
[2023-10-17 21:22:31,755][root][INFO] - task 0 :(128, 1, 28, 28)
[2023-10-17 21:22:31,777][root][INFO] - task 1 :(128, 1, 28, 28)
[2023-10-17 21:22:31,797][root][INFO] - task 2 :(128, 1, 28, 28)
[2023-10-17 21:22:31,818][root][INFO] - task 3 :(128, 1, 28, 28)
[2023-10-17 21:22:31,839][root][INFO] - task 4 :(128, 1, 28, 28)
[2023-10-17 21:22:31,859][root][INFO] - task 5 :(128, 1, 28, 28)
[2023-10-17 21:22:31,881][root][INFO] - task 6 :(128, 1, 28, 28)
[2023-10-17 21:22:31,900][root][INFO] - task 7 :(128, 1, 28, 28)
[2023-10-17 21:22:31,926][root][INFO] - task 8 :(128, 1, 28, 28)
[2023-10-17 21:22:31,954][root][INFO] - task 9 :(128, 1, 28, 28)
[2023-10-17 21:22:32,265][root][INFO] - Class sequence: [0 3 0 2 9 7 0 9 2 1 7 6 8 6 1 8 6 4 9 8]
[2023-10-17 21:22:32,283][root][INFO] - task 0 :(128, 1, 28, 28)
[2023-10-17 21:22:32,302][root][INFO] - task 1 :(128, 1, 28, 28)
[2023-10-17 21:22:32,323][root][INFO] - task 2 :(128, 1, 28, 28)
[2023-10-17 21:22:32,343][root][INFO] - task 3 :(128, 1, 28, 28)
[2023-10-17 21:22:32,362][root][INFO] - task 4 :(128, 1, 28, 28)
[2023-10-17 21:22:32,383][root][INFO] - task 5 :(128, 1, 28, 28)
[2023-10-17 21:22:32,403][root][INFO] - task 6 :(128, 1, 28, 28)
[2023-10-17 21:22:32,424][root][INFO] - task 7 :(128, 1, 28, 28)
[2023-10-17 21:22:32,444][root][INFO] - task 8 :(128, 1, 28, 28)
[2023-10-17 21:22:32,463][root][INFO] - task 9 :(128, 1, 28, 28)
[2023-10-17 21:22:32,767][root][INFO] - Class sequence: [8 4 6 3 3 1 1 6 4 9 3 2 2 9 6 0 5 9 7 2]
[2023-10-17 21:22:32,784][root][INFO] - task 0 :(128, 1, 28, 28)
[2023-10-17 21:22:32,805][root][INFO] - task 1 :(128, 1, 28, 28)
[2023-10-17 21:22:32,824][root][INFO] - task 2 :(128, 1, 28, 28)
[2023-10-17 21:22:32,844][root][INFO] - task 3 :(128, 1, 28, 28)
[2023-10-17 21:22:32,864][root][INFO] - task 4 :(128, 1, 28, 28)
[2023-10-17 21:22:32,884][root][INFO] - task 5 :(128, 1, 28, 28)
[2023-10-17 21:22:32,902][root][INFO] - task 6 :(128, 1, 28, 28)
[2023-10-17 21:22:32,922][root][INFO] - task 7 :(128, 1, 28, 28)
[2023-10-17 21:22:32,943][root][INFO] - task 8 :(128, 1, 28, 28)
[2023-10-17 21:22:32,962][root][INFO] - task 9 :(128, 1, 28, 28)
[2023-10-17 21:22:33,266][root][INFO] - Class sequence: [7 5 8 4 6 9 8 3 4 6 1 3 3 1 4 1 9 2 6 2]
[2023-10-17 21:22:33,283][root][INFO] - task 0 :(128, 1, 28, 28)
[2023-10-17 21:22:33,303][root][INFO] - task 1 :(128, 1, 28, 28)
[2023-10-17 21:22:33,324][root][INFO] - task 2 :(128, 1, 28, 28)
[2023-10-17 21:22:33,343][root][INFO] - task 3 :(128, 1, 28, 28)
[2023-10-17 21:22:33,369][root][INFO] - task 4 :(128, 1, 28, 28)
[2023-10-17 21:22:33,388][root][INFO] - task 5 :(128, 1, 28, 28)
[2023-10-17 21:22:33,408][root][INFO] - task 6 :(128, 1, 28, 28)
[2023-10-17 21:22:33,427][root][INFO] - task 7 :(128, 1, 28, 28)
[2023-10-17 21:22:33,446][root][INFO] - task 8 :(128, 1, 28, 28)
[2023-10-17 21:22:33,467][root][INFO] - task 9 :(128, 1, 28, 28)
[2023-10-17 21:22:33,772][root][INFO] - Class sequence: [5 1 8 3 9 6 5 9 5 0 7 2 7 8 6 1 6 0 0 6]
[2023-10-17 21:22:33,790][root][INFO] - task 0 :(128, 1, 28, 28)
[2023-10-17 21:22:33,809][root][INFO] - task 1 :(128, 1, 28, 28)
[2023-10-17 21:22:33,829][root][INFO] - task 2 :(128, 1, 28, 28)
[2023-10-17 21:22:33,850][root][INFO] - task 3 :(128, 1, 28, 28)
[2023-10-17 21:22:33,869][root][INFO] - task 4 :(128, 1, 28, 28)
[2023-10-17 21:22:34,006][root][INFO] - task 5 :(128, 1, 28, 28)
[2023-10-17 21:22:34,026][root][INFO] - task 6 :(128, 1, 28, 28)
[2023-10-17 21:22:34,046][root][INFO] - task 7 :(128, 1, 28, 28)
[2023-10-17 21:22:34,065][root][INFO] - task 8 :(128, 1, 28, 28)
[2023-10-17 21:22:34,085][root][INFO] - task 9 :(128, 1, 28, 28)
i_size 28
num_classes 2
net_cfg {'name': 'mlp', 'depth': 4, 'layer_size': 64, 'dropout': 0.0, 'i_size': 28, 'num_classes': 2, 'num_tasks': 10, 'num_init_tasks': 4, 'use_contrastive': True}
<class 'shell.learners.er_dynamic.CompositionalDynamicER'>
[2023-10-17 21:22:34,390][root][INFO] - Class sequence: [7 0 8 4 8 3 3 9 6 4 3 2 4 6 7 4 9 0 3 1]
[2023-10-17 21:22:34,407][root][INFO] - task 0 :(128, 1, 28, 28)
[2023-10-17 21:22:34,428][root][INFO] - task 1 :(128, 1, 28, 28)
[2023-10-17 21:22:34,448][root][INFO] - task 2 :(128, 1, 28, 28)
[2023-10-17 21:22:34,467][root][INFO] - task 3 :(128, 1, 28, 28)
[2023-10-17 21:22:34,487][root][INFO] - task 4 :(128, 1, 28, 28)
[2023-10-17 21:22:34,506][root][INFO] - task 5 :(128, 1, 28, 28)
[2023-10-17 21:22:34,527][root][INFO] - task 6 :(128, 1, 28, 28)
[2023-10-17 21:22:34,546][root][INFO] - task 7 :(128, 1, 28, 28)
[2023-10-17 21:22:34,564][root][INFO] - task 8 :(128, 1, 28, 28)
[2023-10-17 21:22:34,584][root][INFO] - task 9 :(128, 1, 28, 28)
[2023-10-17 21:22:51,197][root][INFO] - Joint training on task 0 ...
[2023-10-17 21:22:56,192][root][INFO] - Joint training on task 1 ...
[2023-10-17 21:22:57,194][root][INFO] - Joint training on task 2 ...
[2023-10-17 21:22:58,498][root][INFO] - Joint training on task 3 ...
