{'train': {'component_update_freq': 100, 'num_epochs': 100, 'init_component_update_freq': 100, 'init_num_epochs': 100, 'save_freq': 1}, 'dataset': {'dataset_name': 'kmnist', 'num_tasks': 10, 'num_classes_per_task': 2, 'with_replacement': True, 'num_trains_per_class': 64, 'num_vals_per_class': 50, 'remap_labels': True}, 'net': {'name': 'mlp', 'depth': 4, 'layer_size': 64, 'dropout': 0.0}, 'sharing_strategy': {'name': 'gradient', 'num_coms_per_round': 1, 'comm_freq': 10, 'mu': 1.0}, 'seed': 0, 'algo': 'modular', 'job_name': 'kmnist_modular_numtrain_64_contrastive', 'num_agents': 2, 'root_save_dir': 'experiment_results/fedavg/', 'parallel': True, 'num_init_tasks': 4, 'agent': {'save_dir': '${root_save_dir}/${job_name}/${dataset.dataset_name}/${algo}/seed_${seed}', 'batch_size': 64, 'memory_size': 32, 'improvement_threshold': 0.05, 'use_contrastive': True}}
[2023-10-17 22:53:13,528][root][INFO] - Class sequence: [5 0 4 3 4 6 4 3 8 0 1 0 5 9 6 4 9 0 3 0]
[2023-10-17 22:53:13,548][root][INFO] - task 0 :(128, 1, 28, 28)
[2023-10-17 22:53:13,597][root][INFO] - task 1 :(128, 1, 28, 28)
[2023-10-17 22:53:13,618][root][INFO] - task 2 :(128, 1, 28, 28)
[2023-10-17 22:53:13,639][root][INFO] - task 3 :(128, 1, 28, 28)
[2023-10-17 22:53:13,658][root][INFO] - task 4 :(128, 1, 28, 28)
[2023-10-17 22:53:13,678][root][INFO] - task 5 :(128, 1, 28, 28)
[2023-10-17 22:53:13,699][root][INFO] - task 6 :(128, 1, 28, 28)
[2023-10-17 22:53:13,720][root][INFO] - task 7 :(128, 1, 28, 28)
[2023-10-17 22:53:13,739][root][INFO] - task 8 :(128, 1, 28, 28)
[2023-10-17 22:53:13,760][root][INFO] - task 9 :(128, 1, 28, 28)
[2023-10-17 22:53:14,063][root][INFO] - Class sequence: [4 7 5 7 6 0 3 0 5 0 3 6 2 7 6 7 6 1 0 5]
[2023-10-17 22:53:14,082][root][INFO] - task 0 :(128, 1, 28, 28)
[2023-10-17 22:53:14,106][root][INFO] - task 1 :(128, 1, 28, 28)
[2023-10-17 22:53:14,126][root][INFO] - task 2 :(128, 1, 28, 28)
[2023-10-17 22:53:14,146][root][INFO] - task 3 :(128, 1, 28, 28)
[2023-10-17 22:53:14,200][root][INFO] - task 4 :(128, 1, 28, 28)
[2023-10-17 22:53:14,249][root][INFO] - task 5 :(128, 1, 28, 28)
[2023-10-17 22:53:14,270][root][INFO] - task 6 :(128, 1, 28, 28)
[2023-10-17 22:53:14,289][root][INFO] - task 7 :(128, 1, 28, 28)
[2023-10-17 22:53:14,309][root][INFO] - task 8 :(128, 1, 28, 28)
[2023-10-17 22:53:14,329][root][INFO] - task 9 :(128, 1, 28, 28)
i_size 28
num_classes 2
net_cfg {'name': 'mlp', 'depth': 4, 'layer_size': 64, 'dropout': 0.0, 'i_size': 28, 'num_classes': 2, 'num_tasks': 10, 'num_init_tasks': 4, 'use_contrastive': True}
<class 'shell.learners.er_dynamic.CompositionalDynamicER'>
[2023-10-17 22:53:14,635][root][INFO] - Class sequence: [6 7 7 8 4 1 1 8 6 1 6 4 5 7 8 0 2 3 0 3]
[2023-10-17 22:53:14,652][root][INFO] - task 0 :(128, 1, 28, 28)
[2023-10-17 22:53:14,677][root][INFO] - task 1 :(128, 1, 28, 28)
[2023-10-17 22:53:14,697][root][INFO] - task 2 :(128, 1, 28, 28)
[2023-10-17 22:53:14,718][root][INFO] - task 3 :(128, 1, 28, 28)
[2023-10-17 22:53:14,737][root][INFO] - task 4 :(128, 1, 28, 28)
[2023-10-17 22:53:14,757][root][INFO] - task 5 :(128, 1, 28, 28)
[2023-10-17 22:53:14,777][root][INFO] - task 6 :(128, 1, 28, 28)
[2023-10-17 22:53:14,796][root][INFO] - task 7 :(128, 1, 28, 28)
[2023-10-17 22:53:14,815][root][INFO] - task 8 :(128, 1, 28, 28)
[2023-10-17 22:53:14,835][root][INFO] - task 9 :(128, 1, 28, 28)
[2023-10-17 22:53:29,954][root][INFO] - Joint training on task 0 ...
[2023-10-17 22:53:34,796][root][INFO] - Joint training on task 1 ...
[2023-10-17 22:53:35,763][root][INFO] - Joint training on task 2 ...
[2023-10-17 22:53:37,078][root][INFO] - Joint training on task 3 ...
[2023-10-17 22:55:57,503][root][INFO] - DONE TRAINING THE JOINT AGENT...
[2023-10-17 22:55:57,504][root][INFO] - No. gpus per agent: 1.0
[2023-10-17 22:56:01,674][root][INFO] - Created fleet with 2 agents
[2023-10-17 22:56:01,674][root][INFO] - Adding neighbors...
[2023-10-17 22:56:01,723][root][INFO] - Fleet initialized
[2023-10-17 22:56:01,726][root][INFO] - READY TO TRAIN INDIVIDUAL AGENTS...
[2m[36m(ParallelModGrad pid=666359)[0m node 0 is processing at round 0 for task 0
[2m[36m(ParallelModGrad pid=666360)[0m node 1 is processing at round 0 for task 0
[2m[36m(ParallelModGrad pid=666359)[0m node 0 is processing at round 1 for task 0
[2m[36m(ParallelModGrad pid=666360)[0m node 1 is processing at round 1 for task 0
[2m[36m(ParallelModGrad pid=666359)[0m node 0 is processing at round 2 for task 0
[2m[36m(ParallelModGrad pid=666360)[0m node 1 is processing at round 2 for task 0
[2m[36m(ParallelModGrad pid=666359)[0m node 0 is processing at round 3 for task 0
[2m[36m(ParallelModGrad pid=666360)[0m node 1 is processing at round 3 for task 0
[2m[36m(ParallelModGrad pid=666359)[0m node 0 is processing at round 4 for task 0
[2m[36m(ParallelModGrad pid=666360)[0m node 1 is processing at round 4 for task 0
[2m[36m(ParallelModGrad pid=666359)[0m node 0 is processing at round 5 for task 0
[2m[36m(ParallelModGrad pid=666360)[0m node 1 is processing at round 5 for task 0
[2m[36m(ParallelModGrad pid=666359)[0m node 0 is processing at round 6 for task 0
[2m[36m(ParallelModGrad pid=666360)[0m node 1 is processing at round 6 for task 0
[2m[36m(ParallelModGrad pid=666359)[0m node 0 is processing at round 7 for task 0
[2m[36m(ParallelModGrad pid=666360)[0m node 1 is processing at round 7 for task 0
[2m[36m(ParallelModGrad pid=666359)[0m node 0 is processing at round 8 for task 0
[2m[36m(ParallelModGrad pid=666360)[0m node 1 is processing at round 8 for task 0
[2m[36m(ParallelModGrad pid=666359)[0m node 0 is processing at round 9 for task 1
[2m[36m(ParallelModGrad pid=666360)[0m node 1 is processing at round 9 for task 1
[2m[36m(ParallelModGrad pid=666359)[0m node 0 is processing at round 0 for task 1
[2m[36m(ParallelModGrad pid=666360)[0m node 1 is processing at round 0 for task 1
[2m[36m(ParallelModGrad pid=666359)[0m node 0 is processing at round 1 for task 1
[2m[36m(ParallelModGrad pid=666360)[0m node 1 is processing at round 1 for task 1
[2m[36m(ParallelModGrad pid=666359)[0m node 0 is processing at round 2 for task 1
[2m[36m(ParallelModGrad pid=666360)[0m node 1 is processing at round 2 for task 1
[2m[36m(ParallelModGrad pid=666359)[0m node 0 is processing at round 3 for task 1
[2m[36m(ParallelModGrad pid=666360)[0m node 1 is processing at round 3 for task 1
[2m[36m(ParallelModGrad pid=666359)[0m node 0 is processing at round 4 for task 1
[2m[36m(ParallelModGrad pid=666360)[0m node 1 is processing at round 4 for task 1
[2m[36m(ParallelModGrad pid=666359)[0m node 0 is processing at round 5 for task 1
[2m[36m(ParallelModGrad pid=666360)[0m node 1 is processing at round 5 for task 1
[2m[36m(ParallelModGrad pid=666360)[0m node 1 is processing at round 6 for task 1
[2m[36m(ParallelModGrad pid=666359)[0m node 0 is processing at round 6 for task 1
[2m[36m(ParallelModGrad pid=666359)[0m node 0 is processing at round 7 for task 1
[2m[36m(ParallelModGrad pid=666360)[0m node 1 is processing at round 7 for task 1
[2m[36m(ParallelModGrad pid=666359)[0m node 0 is processing at round 8 for task 1
[2m[36m(ParallelModGrad pid=666360)[0m node 1 is processing at round 8 for task 1
[2m[36m(ParallelModGrad pid=666359)[0m node 0 is processing at round 9 for task 2
[2m[36m(ParallelModGrad pid=666360)[0m node 1 is processing at round 9 for task 2
[2m[36m(ParallelModGrad pid=666359)[0m node 0 is processing at round 0 for task 2
[2m[36m(ParallelModGrad pid=666360)[0m node 1 is processing at round 0 for task 2
[2m[36m(ParallelModGrad pid=666359)[0m node 0 is processing at round 1 for task 2
[2m[36m(ParallelModGrad pid=666360)[0m node 1 is processing at round 1 for task 2
[2m[36m(ParallelModGrad pid=666359)[0m node 0 is processing at round 2 for task 2
[2m[36m(ParallelModGrad pid=666360)[0m node 1 is processing at round 2 for task 2
[2m[36m(ParallelModGrad pid=666359)[0m node 0 is processing at round 3 for task 2
[2m[36m(ParallelModGrad pid=666360)[0m node 1 is processing at round 3 for task 2
[2m[36m(ParallelModGrad pid=666359)[0m node 0 is processing at round 4 for task 2
[2m[36m(ParallelModGrad pid=666360)[0m node 1 is processing at round 4 for task 2
[2m[36m(ParallelModGrad pid=666359)[0m node 0 is processing at round 5 for task 2
[2m[36m(ParallelModGrad pid=666360)[0m node 1 is processing at round 5 for task 2
[2m[36m(ParallelModGrad pid=666359)[0m node 0 is processing at round 6 for task 2
[2m[36m(ParallelModGrad pid=666360)[0m node 1 is processing at round 6 for task 2
[2m[36m(ParallelModGrad pid=666359)[0m node 0 is processing at round 7 for task 2
[2m[36m(ParallelModGrad pid=666360)[0m node 1 is processing at round 7 for task 2
[2m[36m(ParallelModGrad pid=666359)[0m node 0 is processing at round 8 for task 2
[2m[36m(ParallelModGrad pid=666360)[0m node 1 is processing at round 8 for task 2
[2m[36m(ParallelModGrad pid=666359)[0m node 0 is processing at round 9 for task 3
[2m[36m(ParallelModGrad pid=666360)[0m node 1 is processing at round 9 for task 3
[2m[36m(ParallelModGrad pid=666359)[0m node 0 is processing at round 0 for task 3
[2m[36m(ParallelModGrad pid=666360)[0m node 1 is processing at round 0 for task 3
[2m[36m(ParallelModGrad pid=666359)[0m node 0 is processing at round 1 for task 3
[2m[36m(ParallelModGrad pid=666360)[0m node 1 is processing at round 1 for task 3
[2m[36m(ParallelModGrad pid=666359)[0m node 0 is processing at round 2 for task 3
[2m[36m(ParallelModGrad pid=666360)[0m node 1 is processing at round 2 for task 3
[2m[36m(ParallelModGrad pid=666359)[0m node 0 is processing at round 3 for task 3
[2m[36m(ParallelModGrad pid=666360)[0m node 1 is processing at round 3 for task 3
[2m[36m(ParallelModGrad pid=666359)[0m node 0 is processing at round 4 for task 3
[2m[36m(ParallelModGrad pid=666360)[0m node 1 is processing at round 4 for task 3
[2m[36m(ParallelModGrad pid=666359)[0m node 0 is processing at round 5 for task 3
[2m[36m(ParallelModGrad pid=666360)[0m node 1 is processing at round 5 for task 3
[2m[36m(ParallelModGrad pid=666359)[0m node 0 is processing at round 6 for task 3
[2m[36m(ParallelModGrad pid=666360)[0m node 1 is processing at round 6 for task 3
[2m[36m(ParallelModGrad pid=666359)[0m node 0 is processing at round 7 for task 3
[2m[36m(ParallelModGrad pid=666360)[0m node 1 is processing at round 7 for task 3
[2m[36m(ParallelModGrad pid=666359)[0m node 0 is processing at round 8 for task 3
[2m[36m(ParallelModGrad pid=666360)[0m node 1 is processing at round 8 for task 3
[2m[36m(ParallelModGrad pid=666359)[0m node 0 is processing at round 9 for task 4
[2m[36m(ParallelModGrad pid=666360)[0m node 1 is processing at round 9 for task 4
[2m[36m(ParallelModGrad pid=666359)[0m node 0 is processing at round 0 for task 4
[2m[36m(ParallelModGrad pid=666360)[0m node 1 is processing at round 0 for task 4
[2m[36m(ParallelModGrad pid=666359)[0m node 0 is processing at round 1 for task 4
[2m[36m(ParallelModGrad pid=666360)[0m node 1 is processing at round 1 for task 4
[2m[36m(ParallelModGrad pid=666359)[0m node 0 is processing at round 2 for task 4
[2m[36m(ParallelModGrad pid=666360)[0m node 1 is processing at round 2 for task 4
[2m[36m(ParallelModGrad pid=666359)[0m node 0 is processing at round 3 for task 4
[2m[36m(ParallelModGrad pid=666360)[0m node 1 is processing at round 3 for task 4
[2m[36m(ParallelModGrad pid=666359)[0m node 0 is processing at round 4 for task 4
[2m[36m(ParallelModGrad pid=666360)[0m node 1 is processing at round 4 for task 4
[2m[36m(ParallelModGrad pid=666359)[0m node 0 is processing at round 5 for task 4
[2m[36m(ParallelModGrad pid=666360)[0m node 1 is processing at round 5 for task 4
[2m[36m(ParallelModGrad pid=666359)[0m node 0 is processing at round 6 for task 4
[2m[36m(ParallelModGrad pid=666360)[0m node 1 is processing at round 6 for task 4
[2m[36m(ParallelModGrad pid=666359)[0m node 0 is processing at round 7 for task 4
[2m[36m(ParallelModGrad pid=666360)[0m node 1 is processing at round 7 for task 4
[2m[36m(ParallelModGrad pid=666359)[0m node 0 is processing at round 8 for task 4
[2m[36m(ParallelModGrad pid=666360)[0m node 1 is processing at round 8 for task 4
[2m[36m(ParallelModGrad pid=666359)[0m node 0 is processing at round 9 for task 5
[2m[36m(ParallelModGrad pid=666360)[0m node 1 is processing at round 9 for task 5
[2m[36m(ParallelModGrad pid=666359)[0m node 0 is processing at round 0 for task 5
[2m[36m(ParallelModGrad pid=666360)[0m node 1 is processing at round 0 for task 5
[2m[36m(ParallelModGrad pid=666359)[0m node 0 is processing at round 1 for task 5
[2m[36m(ParallelModGrad pid=666360)[0m node 1 is processing at round 1 for task 5
[2m[36m(ParallelModGrad pid=666359)[0m node 0 is processing at round 2 for task 5
[2m[36m(ParallelModGrad pid=666360)[0m node 1 is processing at round 2 for task 5
[2m[36m(ParallelModGrad pid=666359)[0m node 0 is processing at round 3 for task 5
[2m[36m(ParallelModGrad pid=666360)[0m node 1 is processing at round 3 for task 5
[2m[36m(ParallelModGrad pid=666359)[0m node 0 is processing at round 4 for task 5
[2m[36m(ParallelModGrad pid=666360)[0m node 1 is processing at round 4 for task 5
[2m[36m(ParallelModGrad pid=666359)[0m node 0 is processing at round 5 for task 5
[2m[36m(ParallelModGrad pid=666360)[0m node 1 is processing at round 5 for task 5
[2m[36m(ParallelModGrad pid=666359)[0m node 0 is processing at round 6 for task 5
[2m[36m(ParallelModGrad pid=666360)[0m node 1 is processing at round 6 for task 5
[2m[36m(ParallelModGrad pid=666359)[0m node 0 is processing at round 7 for task 5
[2m[36m(ParallelModGrad pid=666360)[0m node 1 is processing at round 7 for task 5
[2m[36m(ParallelModGrad pid=666359)[0m node 0 is processing at round 8 for task 5
[2m[36m(ParallelModGrad pid=666360)[0m node 1 is processing at round 8 for task 5
[2m[36m(ParallelModGrad pid=666359)[0m node 0 is processing at round 9 for task 6
[2m[36m(ParallelModGrad pid=666360)[0m node 1 is processing at round 9 for task 6
[2m[36m(ParallelModGrad pid=666359)[0m node 0 is processing at round 0 for task 6
[2m[36m(ParallelModGrad pid=666360)[0m node 1 is processing at round 0 for task 6
[2m[36m(ParallelModGrad pid=666359)[0m node 0 is processing at round 1 for task 6
[2m[36m(ParallelModGrad pid=666360)[0m node 1 is processing at round 1 for task 6
[2m[36m(ParallelModGrad pid=666359)[0m node 0 is processing at round 2 for task 6
[2m[36m(ParallelModGrad pid=666360)[0m node 1 is processing at round 2 for task 6
[2m[36m(ParallelModGrad pid=666359)[0m node 0 is processing at round 3 for task 6
[2m[36m(ParallelModGrad pid=666360)[0m node 1 is processing at round 3 for task 6
[2m[36m(ParallelModGrad pid=666359)[0m node 0 is processing at round 4 for task 6
[2m[36m(ParallelModGrad pid=666360)[0m node 1 is processing at round 4 for task 6
[2m[36m(ParallelModGrad pid=666359)[0m node 0 is processing at round 5 for task 6
[2m[36m(ParallelModGrad pid=666360)[0m node 1 is processing at round 5 for task 6
[2m[36m(ParallelModGrad pid=666359)[0m node 0 is processing at round 6 for task 6
[2m[36m(ParallelModGrad pid=666360)[0m node 1 is processing at round 6 for task 6
[2m[36m(ParallelModGrad pid=666359)[0m node 0 is processing at round 7 for task 6
[2m[36m(ParallelModGrad pid=666360)[0m node 1 is processing at round 7 for task 6
[2m[36m(ParallelModGrad pid=666359)[0m node 0 is processing at round 8 for task 6
[2m[36m(ParallelModGrad pid=666360)[0m node 1 is processing at round 8 for task 6
[2m[36m(ParallelModGrad pid=666359)[0m node 0 is processing at round 9 for task 7
[2m[36m(ParallelModGrad pid=666360)[0m node 1 is processing at round 9 for task 7
{'algo': 'modular', 'seed': 0, 'parallel': True, 'agent.batch_size': 64, 'num_agents': 2, 'dataset': 'kmnist', 'dataset.num_trains_per_class': 64, 'dataset.num_vals_per_class': 50, 'dataset.remap_labels': True, 'dataset.with_replacement': True, 'dataset.num_tasks': 10, 'net': 'mlp', 'net.depth': 4, 'num_init_tasks': 4, 'net.dropout': 0.0, 'train.num_epochs': 100, 'train.component_update_freq': 100, 'train.init_num_epochs': 100, 'train.init_component_update_freq': 100, 'train.save_freq': 1, 'agent.use_contrastive': True, 'agent.memory_size': 32, 'root_save_dir': 'experiment_results/fedavg/', 'sharing_strategy': 'grad_sharing', 'sharing_strategy.comm_freq': 10}
No. of experiments: 1
Experiment runs took 0:16:34.246899
