{'train': {'component_update_freq': 100, 'num_epochs': 100, 'init_component_update_freq': 100, 'init_num_epochs': 100, 'save_freq': 1}, 'dataset': {'dataset_name': 'mnist', 'num_tasks': 10, 'num_classes_per_task': 2, 'with_replacement': True, 'num_trains_per_class': 64, 'num_vals_per_class': 50, 'remap_labels': True}, 'net': {'name': 'mlp', 'depth': 4, 'layer_size': 64, 'dropout': 0.0}, 'sharing_strategy': {'name': 'gradient', 'num_coms_per_round': 1, 'comm_freq': 10, 'mu': 1.0}, 'seed': 3, 'algo': 'modular', 'job_name': 'mnist_modular_numtrain_64_contrastive', 'num_agents': 8, 'root_save_dir': 'experiment_results/fedavg/', 'parallel': True, 'num_init_tasks': 4, 'agent': {'save_dir': '${root_save_dir}/${job_name}/${dataset.dataset_name}/${algo}/seed_${seed}', 'batch_size': 64, 'memory_size': 32, 'improvement_threshold': 0.05, 'use_contrastive': True}}
[2023-10-17 21:33:17,376][root][INFO] - Class sequence: [9 2 0 7 0 6 4 3 9 5 4 9 8 0 3 0 7 6 6 1]
[2023-10-17 21:33:17,395][root][INFO] - task 0 :(128, 1, 28, 28)
[2023-10-17 21:33:17,444][root][INFO] - task 1 :(128, 1, 28, 28)
[2023-10-17 21:33:17,470][root][INFO] - task 2 :(128, 1, 28, 28)
[2023-10-17 21:33:17,491][root][INFO] - task 3 :(128, 1, 28, 28)
[2023-10-17 21:33:17,510][root][INFO] - task 4 :(128, 1, 28, 28)
[2023-10-17 21:33:17,530][root][INFO] - task 5 :(128, 1, 28, 28)
[2023-10-17 21:33:17,549][root][INFO] - task 6 :(128, 1, 28, 28)
[2023-10-17 21:33:17,569][root][INFO] - task 7 :(128, 1, 28, 28)
[2023-10-17 21:33:17,589][root][INFO] - task 8 :(128, 1, 28, 28)
[2023-10-17 21:33:17,610][root][INFO] - task 9 :(128, 1, 28, 28)
[2023-10-17 21:33:17,718][root][INFO] - Class sequence: [5 4 3 0 1 2 9 3 6 0 3 6 9 7 3 6 0 9 4 1]
[2023-10-17 21:33:17,734][root][INFO] - task 0 :(128, 1, 28, 28)
[2023-10-17 21:33:17,754][root][INFO] - task 1 :(128, 1, 28, 28)
[2023-10-17 21:33:17,780][root][INFO] - task 2 :(128, 1, 28, 28)
[2023-10-17 21:33:17,800][root][INFO] - task 3 :(128, 1, 28, 28)
[2023-10-17 21:33:17,819][root][INFO] - task 4 :(128, 1, 28, 28)
[2023-10-17 21:33:17,839][root][INFO] - task 5 :(128, 1, 28, 28)
[2023-10-17 21:33:17,859][root][INFO] - task 6 :(128, 1, 28, 28)
[2023-10-17 21:33:17,885][root][INFO] - task 7 :(128, 1, 28, 28)
[2023-10-17 21:33:17,903][root][INFO] - task 8 :(128, 1, 28, 28)
[2023-10-17 21:33:17,923][root][INFO] - task 9 :(128, 1, 28, 28)
[2023-10-17 21:33:18,025][root][INFO] - Class sequence: [8 0 2 6 0 4 9 4 0 6 0 1 6 9 0 2 8 7 1 9]
[2023-10-17 21:33:18,042][root][INFO] - task 0 :(128, 1, 28, 28)
[2023-10-17 21:33:18,062][root][INFO] - task 1 :(128, 1, 28, 28)
[2023-10-17 21:33:18,085][root][INFO] - task 2 :(128, 1, 28, 28)
[2023-10-17 21:33:18,104][root][INFO] - task 3 :(128, 1, 28, 28)
[2023-10-17 21:33:18,124][root][INFO] - task 4 :(128, 1, 28, 28)
[2023-10-17 21:33:18,144][root][INFO] - task 5 :(128, 1, 28, 28)
[2023-10-17 21:33:18,164][root][INFO] - task 6 :(128, 1, 28, 28)
[2023-10-17 21:33:18,184][root][INFO] - task 7 :(128, 1, 28, 28)
[2023-10-17 21:33:18,203][root][INFO] - task 8 :(128, 1, 28, 28)
[2023-10-17 21:33:18,229][root][INFO] - task 9 :(128, 1, 28, 28)
[2023-10-17 21:33:18,334][root][INFO] - Class sequence: [7 3 2 4 0 9 4 6 0 2 1 0 0 4 0 8 4 9 5 1]
[2023-10-17 21:33:18,352][root][INFO] - task 0 :(128, 1, 28, 28)
[2023-10-17 21:33:18,372][root][INFO] - task 1 :(128, 1, 28, 28)
[2023-10-17 21:33:18,391][root][INFO] - task 2 :(128, 1, 28, 28)
[2023-10-17 21:33:18,410][root][INFO] - task 3 :(128, 1, 28, 28)
[2023-10-17 21:33:18,430][root][INFO] - task 4 :(128, 1, 28, 28)
[2023-10-17 21:33:18,451][root][INFO] - task 5 :(128, 1, 28, 28)
[2023-10-17 21:33:18,470][root][INFO] - task 6 :(128, 1, 28, 28)
[2023-10-17 21:33:18,490][root][INFO] - task 7 :(128, 1, 28, 28)
[2023-10-17 21:33:18,509][root][INFO] - task 8 :(128, 1, 28, 28)
[2023-10-17 21:33:18,536][root][INFO] - task 9 :(128, 1, 28, 28)
[2023-10-17 21:33:18,638][root][INFO] - Class sequence: [7 1 2 3 1 5 2 1 1 4 4 0 0 1 2 5 3 5 3 0]
[2023-10-17 21:33:18,657][root][INFO] - task 0 :(128, 1, 28, 28)
[2023-10-17 21:33:18,678][root][INFO] - task 1 :(128, 1, 28, 28)
[2023-10-17 21:33:18,697][root][INFO] - task 2 :(128, 1, 28, 28)
[2023-10-17 21:33:18,718][root][INFO] - task 3 :(128, 1, 28, 28)
[2023-10-17 21:33:18,738][root][INFO] - task 4 :(128, 1, 28, 28)
[2023-10-17 21:33:18,759][root][INFO] - task 5 :(128, 1, 28, 28)
[2023-10-17 21:33:18,779][root][INFO] - task 6 :(128, 1, 28, 28)
[2023-10-17 21:33:18,798][root][INFO] - task 7 :(128, 1, 28, 28)
[2023-10-17 21:33:18,817][root][INFO] - task 8 :(128, 1, 28, 28)
[2023-10-17 21:33:18,837][root][INFO] - task 9 :(128, 1, 28, 28)
[2023-10-17 21:33:18,945][root][INFO] - Class sequence: [3 5 9 0 5 7 8 1 1 0 2 3 5 2 3 4 5 3 4 3]
[2023-10-17 21:33:18,962][root][INFO] - task 0 :(128, 1, 28, 28)
[2023-10-17 21:33:18,987][root][INFO] - task 1 :(128, 1, 28, 28)
[2023-10-17 21:33:19,029][root][INFO] - task 2 :(128, 1, 28, 28)
[2023-10-17 21:33:19,048][root][INFO] - task 3 :(128, 1, 28, 28)
[2023-10-17 21:33:19,069][root][INFO] - task 4 :(128, 1, 28, 28)
[2023-10-17 21:33:19,094][root][INFO] - task 5 :(128, 1, 28, 28)
[2023-10-17 21:33:19,114][root][INFO] - task 6 :(128, 1, 28, 28)
[2023-10-17 21:33:19,133][root][INFO] - task 7 :(128, 1, 28, 28)
[2023-10-17 21:33:19,152][root][INFO] - task 8 :(128, 1, 28, 28)
[2023-10-17 21:33:19,171][root][INFO] - task 9 :(128, 1, 28, 28)
[2023-10-17 21:33:19,271][root][INFO] - Class sequence: [0 1 9 4 1 6 0 7 5 6 5 2 1 8 6 4 2 3 6 4]
[2023-10-17 21:33:19,289][root][INFO] - task 0 :(128, 1, 28, 28)
[2023-10-17 21:33:19,308][root][INFO] - task 1 :(128, 1, 28, 28)
[2023-10-17 21:33:19,329][root][INFO] - task 2 :(128, 1, 28, 28)
[2023-10-17 21:33:19,356][root][INFO] - task 3 :(128, 1, 28, 28)
[2023-10-17 21:33:19,373][root][INFO] - task 4 :(128, 1, 28, 28)
[2023-10-17 21:33:19,392][root][INFO] - task 5 :(128, 1, 28, 28)
[2023-10-17 21:33:19,413][root][INFO] - task 6 :(128, 1, 28, 28)
[2023-10-17 21:33:19,437][root][INFO] - task 7 :(128, 1, 28, 28)
[2023-10-17 21:33:19,459][root][INFO] - task 8 :(128, 1, 28, 28)
[2023-10-17 21:33:19,478][root][INFO] - task 9 :(128, 1, 28, 28)
[2023-10-17 21:33:19,578][root][INFO] - Class sequence: [5 4 7 0 5 9 9 6 9 8 9 5 2 6 3 9 2 0 8 1]
[2023-10-17 21:33:19,594][root][INFO] - task 0 :(128, 1, 28, 28)
[2023-10-17 21:33:19,614][root][INFO] - task 1 :(128, 1, 28, 28)
[2023-10-17 21:33:19,633][root][INFO] - task 2 :(128, 1, 28, 28)
[2023-10-17 21:33:19,658][root][INFO] - task 3 :(128, 1, 28, 28)
[2023-10-17 21:33:19,678][root][INFO] - task 4 :(128, 1, 28, 28)
[2023-10-17 21:33:19,696][root][INFO] - task 5 :(128, 1, 28, 28)
[2023-10-17 21:33:19,716][root][INFO] - task 6 :(128, 1, 28, 28)
[2023-10-17 21:33:19,736][root][INFO] - task 7 :(128, 1, 28, 28)
[2023-10-17 21:33:19,762][root][INFO] - task 8 :(128, 1, 28, 28)
[2023-10-17 21:33:19,782][root][INFO] - task 9 :(128, 1, 28, 28)
i_size 28
num_classes 2
net_cfg {'name': 'mlp', 'depth': 4, 'layer_size': 64, 'dropout': 0.0, 'i_size': 28, 'num_classes': 2, 'num_tasks': 10, 'num_init_tasks': 4, 'use_contrastive': True}
<class 'shell.learners.er_dynamic.CompositionalDynamicER'>
[2023-10-17 21:33:19,885][root][INFO] - Class sequence: [6 0 5 1 1 3 6 2 9 1 9 3 6 4 2 1 0 3 0 3]
[2023-10-17 21:33:19,902][root][INFO] - task 0 :(128, 1, 28, 28)
[2023-10-17 21:33:19,923][root][INFO] - task 1 :(128, 1, 28, 28)
[2023-10-17 21:33:19,944][root][INFO] - task 2 :(128, 1, 28, 28)
[2023-10-17 21:33:19,972][root][INFO] - task 3 :(128, 1, 28, 28)
[2023-10-17 21:33:19,993][root][INFO] - task 4 :(128, 1, 28, 28)
[2023-10-17 21:33:20,013][root][INFO] - task 5 :(128, 1, 28, 28)
[2023-10-17 21:33:20,032][root][INFO] - task 6 :(128, 1, 28, 28)
[2023-10-17 21:33:20,053][root][INFO] - task 7 :(128, 1, 28, 28)
[2023-10-17 21:33:20,074][root][INFO] - task 8 :(128, 1, 28, 28)
[2023-10-17 21:33:20,125][root][INFO] - task 9 :(128, 1, 28, 28)
[2023-10-17 21:33:35,447][root][INFO] - Joint training on task 0 ...
[2023-10-17 21:33:44,328][root][INFO] - Joint training on task 1 ...
[2023-10-17 21:33:45,304][root][INFO] - Joint training on task 2 ...
[2023-10-17 21:33:46,570][root][INFO] - Joint training on task 3 ...
[2023-10-17 21:36:05,349][root][INFO] - DONE TRAINING THE JOINT AGENT...
[2023-10-17 21:36:05,350][root][INFO] - No. gpus per agent: 0.25
[2023-10-17 21:36:11,226][root][INFO] - Created fleet with 8 agents
[2023-10-17 21:36:11,226][root][INFO] - Adding neighbors...
[2023-10-17 21:36:11,249][root][INFO] - Fleet initialized
[2023-10-17 21:36:11,257][root][INFO] - READY TO TRAIN INDIVIDUAL AGENTS...
[2m[36m(ParallelModGrad pid=923943)[0m node 1 is processing at round 0 for task 0
[2m[36m(ParallelModGrad pid=923452)[0m node 0 is processing at round 0 for task 0
[2m[36m(ParallelModGrad pid=923961)[0m node 2 is processing at round 0 for task 0
[2m[36m(ParallelModGrad pid=924241)[0m node 3 is processing at round 0 for task 0
[2m[36m(ParallelModGrad pid=924854)[0m node 4 is processing at round 0 for task 0
[2m[36m(ParallelModGrad pid=925228)[0m node 5 is processing at round 0 for task 0
[2m[36m(ParallelModGrad pid=925898)[0m node 6 is processing at round 0 for task 0
[2m[36m(ParallelModGrad pid=926653)[0m node 7 is processing at round 0 for task 0
[2m[36m(ParallelModGrad pid=923943)[0m node 1 is processing at round 1 for task 0
[2m[36m(ParallelModGrad pid=923452)[0m node 0 is processing at round 1 for task 0
[2m[36m(ParallelModGrad pid=923961)[0m node 2 is processing at round 1 for task 0
[2m[36m(ParallelModGrad pid=924241)[0m node 3 is processing at round 1 for task 0
[2m[36m(ParallelModGrad pid=924854)[0m node 4 is processing at round 1 for task 0
[2m[36m(ParallelModGrad pid=925228)[0m node 5 is processing at round 1 for task 0
[2m[36m(ParallelModGrad pid=925898)[0m node 6 is processing at round 1 for task 0
[2m[36m(ParallelModGrad pid=926653)[0m node 7 is processing at round 1 for task 0
[2m[36m(ParallelModGrad pid=923943)[0m node 1 is processing at round 2 for task 0
[2m[36m(ParallelModGrad pid=923452)[0m node 0 is processing at round 2 for task 0
[2m[36m(ParallelModGrad pid=923961)[0m node 2 is processing at round 2 for task 0
[2m[36m(ParallelModGrad pid=924241)[0m node 3 is processing at round 2 for task 0
[2m[36m(ParallelModGrad pid=924854)[0m node 4 is processing at round 2 for task 0
[2m[36m(ParallelModGrad pid=925228)[0m node 5 is processing at round 2 for task 0
[2m[36m(ParallelModGrad pid=925898)[0m node 6 is processing at round 2 for task 0
[2m[36m(ParallelModGrad pid=926653)[0m node 7 is processing at round 2 for task 0
[2m[36m(ParallelModGrad pid=923943)[0m node 1 is processing at round 3 for task 0
[2m[36m(ParallelModGrad pid=923452)[0m node 0 is processing at round 3 for task 0
[2m[36m(ParallelModGrad pid=923961)[0m node 2 is processing at round 3 for task 0
[2m[36m(ParallelModGrad pid=924241)[0m node 3 is processing at round 3 for task 0
[2m[36m(ParallelModGrad pid=924854)[0m node 4 is processing at round 3 for task 0
[2m[36m(ParallelModGrad pid=925228)[0m node 5 is processing at round 3 for task 0
[2m[36m(ParallelModGrad pid=925898)[0m node 6 is processing at round 3 for task 0
[2m[36m(ParallelModGrad pid=926653)[0m node 7 is processing at round 3 for task 0
[2m[36m(ParallelModGrad pid=923943)[0m node 1 is processing at round 4 for task 0
[2m[36m(ParallelModGrad pid=923452)[0m node 0 is processing at round 4 for task 0
[2m[36m(ParallelModGrad pid=923961)[0m node 2 is processing at round 4 for task 0
[2m[36m(ParallelModGrad pid=924241)[0m node 3 is processing at round 4 for task 0
[2m[36m(ParallelModGrad pid=924854)[0m node 4 is processing at round 4 for task 0
[2m[36m(ParallelModGrad pid=925228)[0m node 5 is processing at round 4 for task 0
[2m[36m(ParallelModGrad pid=925898)[0m node 6 is processing at round 4 for task 0
[2m[36m(ParallelModGrad pid=926653)[0m node 7 is processing at round 4 for task 0
[2m[36m(ParallelModGrad pid=923943)[0m node 1 is processing at round 5 for task 0
[2m[36m(ParallelModGrad pid=923452)[0m node 0 is processing at round 5 for task 0
[2m[36m(ParallelModGrad pid=923961)[0m node 2 is processing at round 5 for task 0
[2m[36m(ParallelModGrad pid=924241)[0m node 3 is processing at round 5 for task 0
[2m[36m(ParallelModGrad pid=924854)[0m node 4 is processing at round 5 for task 0
[2m[36m(ParallelModGrad pid=925228)[0m node 5 is processing at round 5 for task 0
[2m[36m(ParallelModGrad pid=925898)[0m node 6 is processing at round 5 for task 0
[2m[36m(ParallelModGrad pid=926653)[0m node 7 is processing at round 5 for task 0
[2m[36m(ParallelModGrad pid=923943)[0m node 1 is processing at round 6 for task 0
[2m[36m(ParallelModGrad pid=923452)[0m node 0 is processing at round 6 for task 0
[2m[36m(ParallelModGrad pid=923961)[0m node 2 is processing at round 6 for task 0
[2m[36m(ParallelModGrad pid=924241)[0m node 3 is processing at round 6 for task 0
[2m[36m(ParallelModGrad pid=924854)[0m node 4 is processing at round 6 for task 0
[2m[36m(ParallelModGrad pid=925228)[0m node 5 is processing at round 6 for task 0
[2m[36m(ParallelModGrad pid=925898)[0m node 6 is processing at round 6 for task 0
[2m[36m(ParallelModGrad pid=926653)[0m node 7 is processing at round 6 for task 0
[2m[36m(ParallelModGrad pid=923943)[0m node 1 is processing at round 7 for task 0
[2m[36m(ParallelModGrad pid=923452)[0m node 0 is processing at round 7 for task 0
[2m[36m(ParallelModGrad pid=923961)[0m node 2 is processing at round 7 for task 0
[2m[36m(ParallelModGrad pid=924241)[0m node 3 is processing at round 7 for task 0
[2m[36m(ParallelModGrad pid=924854)[0m node 4 is processing at round 7 for task 0
[2m[36m(ParallelModGrad pid=925228)[0m node 5 is processing at round 7 for task 0
[2m[36m(ParallelModGrad pid=925898)[0m node 6 is processing at round 7 for task 0
[2m[36m(ParallelModGrad pid=926653)[0m node 7 is processing at round 7 for task 0
[2m[36m(ParallelModGrad pid=923943)[0m node 1 is processing at round 8 for task 0
[2m[36m(ParallelModGrad pid=923452)[0m node 0 is processing at round 8 for task 0
[2m[36m(ParallelModGrad pid=923961)[0m node 2 is processing at round 8 for task 0
[2m[36m(ParallelModGrad pid=924241)[0m node 3 is processing at round 8 for task 0
[2m[36m(ParallelModGrad pid=924854)[0m node 4 is processing at round 8 for task 0
[2m[36m(ParallelModGrad pid=925228)[0m node 5 is processing at round 8 for task 0
[2m[36m(ParallelModGrad pid=925898)[0m node 6 is processing at round 8 for task 0
[2m[36m(ParallelModGrad pid=926653)[0m node 7 is processing at round 8 for task 0
[2m[36m(ParallelModGrad pid=923943)[0m node 1 is processing at round 9 for task 0
[2m[36m(ParallelModGrad pid=923452)[0m node 0 is processing at round 9 for task 0
[2m[36m(ParallelModGrad pid=923961)[0m node 2 is processing at round 9 for task 0
[2m[36m(ParallelModGrad pid=924241)[0m node 3 is processing at round 9 for task 0
[2m[36m(ParallelModGrad pid=924854)[0m node 4 is processing at round 9 for task 0
[2m[36m(ParallelModGrad pid=925228)[0m node 5 is processing at round 9 for task 0
[2m[36m(ParallelModGrad pid=925898)[0m node 6 is processing at round 9 for task 0
[2m[36m(ParallelModGrad pid=926653)[0m node 7 is processing at round 9 for task 0
{'algo': 'modular', 'seed': 3, 'parallel': True, 'agent.batch_size': 64, 'num_agents': 8, 'dataset': 'mnist', 'dataset.num_trains_per_class': 64, 'dataset.num_vals_per_class': 50, 'dataset.remap_labels': True, 'dataset.with_replacement': True, 'dataset.num_tasks': 10, 'net': 'mlp', 'net.depth': 4, 'num_init_tasks': 4, 'net.dropout': 0.0, 'train.num_epochs': 100, 'train.component_update_freq': 100, 'train.init_num_epochs': 100, 'train.init_component_update_freq': 100, 'train.save_freq': 1, 'agent.use_contrastive': True, 'agent.memory_size': 32, 'root_save_dir': 'experiment_results/fedavg/', 'sharing_strategy': 'grad_sharing', 'sharing_strategy.comm_freq': 10}
No. of experiments: 1
Experiment runs took 0:05:25.394505
