{'train': {'component_update_freq': 100, 'num_epochs': 100, 'init_component_update_freq': 100, 'init_num_epochs': 100, 'save_freq': 1}, 'dataset': {'dataset_name': 'mnist', 'num_tasks': 10, 'num_classes_per_task': 2, 'with_replacement': True, 'num_trains_per_class': 64, 'num_vals_per_class': 50, 'remap_labels': True}, 'net': {'name': 'mlp', 'depth': 4, 'layer_size': 64, 'dropout': 0.0}, 'sharing_strategy': {'name': 'gradient', 'num_coms_per_round': 1, 'comm_freq': 10, 'mu': 1.0}, 'seed': 0, 'algo': 'modular', 'job_name': 'mnist_modular_numtrain_64_contrastive', 'num_agents': 8, 'root_save_dir': 'experiment_results/fedavg/', 'parallel': True, 'num_init_tasks': 4, 'agent': {'save_dir': '${root_save_dir}/${job_name}/${dataset.dataset_name}/${algo}/seed_${seed}', 'batch_size': 64, 'memory_size': 32, 'improvement_threshold': 0.05, 'use_contrastive': True}}
[2023-10-17 21:13:01,730][root][INFO] - Class sequence: [5 0 4 3 4 6 4 3 8 0 1 0 5 9 6 4 9 0 3 0]
[2023-10-17 21:13:01,749][root][INFO] - task 0 :(128, 1, 28, 28)
[2023-10-17 21:13:01,793][root][INFO] - task 1 :(128, 1, 28, 28)
[2023-10-17 21:13:01,813][root][INFO] - task 2 :(128, 1, 28, 28)
[2023-10-17 21:13:01,833][root][INFO] - task 3 :(128, 1, 28, 28)
[2023-10-17 21:13:01,852][root][INFO] - task 4 :(128, 1, 28, 28)
[2023-10-17 21:13:01,872][root][INFO] - task 5 :(128, 1, 28, 28)
[2023-10-17 21:13:01,891][root][INFO] - task 6 :(128, 1, 28, 28)
[2023-10-17 21:13:01,911][root][INFO] - task 7 :(128, 1, 28, 28)
[2023-10-17 21:13:01,929][root][INFO] - task 8 :(128, 1, 28, 28)
[2023-10-17 21:13:01,950][root][INFO] - task 9 :(128, 1, 28, 28)
[2023-10-17 21:13:02,053][root][INFO] - Class sequence: [4 7 5 7 6 0 3 0 5 0 3 6 2 7 6 7 6 1 0 5]
[2023-10-17 21:13:02,070][root][INFO] - task 0 :(128, 1, 28, 28)
[2023-10-17 21:13:02,090][root][INFO] - task 1 :(128, 1, 28, 28)
[2023-10-17 21:13:02,110][root][INFO] - task 2 :(128, 1, 28, 28)
[2023-10-17 21:13:02,130][root][INFO] - task 3 :(128, 1, 28, 28)
[2023-10-17 21:13:02,157][root][INFO] - task 4 :(128, 1, 28, 28)
[2023-10-17 21:13:02,178][root][INFO] - task 5 :(128, 1, 28, 28)
[2023-10-17 21:13:02,199][root][INFO] - task 6 :(128, 1, 28, 28)
[2023-10-17 21:13:02,220][root][INFO] - task 7 :(128, 1, 28, 28)
[2023-10-17 21:13:02,242][root][INFO] - task 8 :(128, 1, 28, 28)
[2023-10-17 21:13:02,261][root][INFO] - task 9 :(128, 1, 28, 28)
[2023-10-17 21:13:02,360][root][INFO] - Class sequence: [6 7 7 8 4 1 1 8 6 1 6 4 5 7 8 0 2 3 0 3]
[2023-10-17 21:13:02,378][root][INFO] - task 0 :(128, 1, 28, 28)
[2023-10-17 21:13:02,397][root][INFO] - task 1 :(128, 1, 28, 28)
[2023-10-17 21:13:02,419][root][INFO] - task 2 :(128, 1, 28, 28)
[2023-10-17 21:13:02,439][root][INFO] - task 3 :(128, 1, 28, 28)
[2023-10-17 21:13:02,459][root][INFO] - task 4 :(128, 1, 28, 28)
[2023-10-17 21:13:02,479][root][INFO] - task 5 :(128, 1, 28, 28)
[2023-10-17 21:13:02,498][root][INFO] - task 6 :(128, 1, 28, 28)
[2023-10-17 21:13:02,517][root][INFO] - task 7 :(128, 1, 28, 28)
[2023-10-17 21:13:02,540][root][INFO] - task 8 :(128, 1, 28, 28)
[2023-10-17 21:13:02,560][root][INFO] - task 9 :(128, 1, 28, 28)
[2023-10-17 21:13:02,659][root][INFO] - Class sequence: [2 8 0 3 7 4 3 4 4 5 9 3 0 6 9 1 3 1 7 9]
[2023-10-17 21:13:02,676][root][INFO] - task 0 :(128, 1, 28, 28)
[2023-10-17 21:13:02,696][root][INFO] - task 1 :(128, 1, 28, 28)
[2023-10-17 21:13:02,716][root][INFO] - task 2 :(128, 1, 28, 28)
[2023-10-17 21:13:02,735][root][INFO] - task 3 :(128, 1, 28, 28)
[2023-10-17 21:13:02,754][root][INFO] - task 4 :(128, 1, 28, 28)
[2023-10-17 21:13:02,773][root][INFO] - task 5 :(128, 1, 28, 28)
[2023-10-17 21:13:02,792][root][INFO] - task 6 :(128, 1, 28, 28)
[2023-10-17 21:13:02,812][root][INFO] - task 7 :(128, 1, 28, 28)
[2023-10-17 21:13:02,833][root][INFO] - task 8 :(128, 1, 28, 28)
[2023-10-17 21:13:02,853][root][INFO] - task 9 :(128, 1, 28, 28)
[2023-10-17 21:13:02,951][root][INFO] - Class sequence: [0 3 0 2 9 7 0 9 2 1 7 6 8 6 1 8 6 4 9 8]
[2023-10-17 21:13:02,968][root][INFO] - task 0 :(128, 1, 28, 28)
[2023-10-17 21:13:02,987][root][INFO] - task 1 :(128, 1, 28, 28)
[2023-10-17 21:13:03,007][root][INFO] - task 2 :(128, 1, 28, 28)
[2023-10-17 21:13:03,029][root][INFO] - task 3 :(128, 1, 28, 28)
[2023-10-17 21:13:03,048][root][INFO] - task 4 :(128, 1, 28, 28)
[2023-10-17 21:13:03,068][root][INFO] - task 5 :(128, 1, 28, 28)
[2023-10-17 21:13:03,087][root][INFO] - task 6 :(128, 1, 28, 28)
[2023-10-17 21:13:03,106][root][INFO] - task 7 :(128, 1, 28, 28)
[2023-10-17 21:13:03,125][root][INFO] - task 8 :(128, 1, 28, 28)
[2023-10-17 21:13:03,144][root][INFO] - task 9 :(128, 1, 28, 28)
[2023-10-17 21:13:03,242][root][INFO] - Class sequence: [8 4 6 3 3 1 1 6 4 9 3 2 2 9 6 0 5 9 7 2]
[2023-10-17 21:13:03,259][root][INFO] - task 0 :(128, 1, 28, 28)
[2023-10-17 21:13:03,278][root][INFO] - task 1 :(128, 1, 28, 28)
[2023-10-17 21:13:03,300][root][INFO] - task 2 :(128, 1, 28, 28)
[2023-10-17 21:13:03,321][root][INFO] - task 3 :(128, 1, 28, 28)
[2023-10-17 21:13:03,341][root][INFO] - task 4 :(128, 1, 28, 28)
[2023-10-17 21:13:03,360][root][INFO] - task 5 :(128, 1, 28, 28)
[2023-10-17 21:13:03,380][root][INFO] - task 6 :(128, 1, 28, 28)
[2023-10-17 21:13:03,399][root][INFO] - task 7 :(128, 1, 28, 28)
[2023-10-17 21:13:03,418][root][INFO] - task 8 :(128, 1, 28, 28)
[2023-10-17 21:13:03,444][root][INFO] - task 9 :(128, 1, 28, 28)
[2023-10-17 21:13:03,542][root][INFO] - Class sequence: [7 5 8 4 6 9 8 3 4 6 1 3 3 1 4 1 9 2 6 2]
[2023-10-17 21:13:03,559][root][INFO] - task 0 :(128, 1, 28, 28)
[2023-10-17 21:13:03,579][root][INFO] - task 1 :(128, 1, 28, 28)
[2023-10-17 21:13:03,598][root][INFO] - task 2 :(128, 1, 28, 28)
[2023-10-17 21:13:03,619][root][INFO] - task 3 :(128, 1, 28, 28)
[2023-10-17 21:13:03,637][root][INFO] - task 4 :(128, 1, 28, 28)
[2023-10-17 21:13:03,658][root][INFO] - task 5 :(128, 1, 28, 28)
[2023-10-17 21:13:03,679][root][INFO] - task 6 :(128, 1, 28, 28)
[2023-10-17 21:13:03,699][root][INFO] - task 7 :(128, 1, 28, 28)
[2023-10-17 21:13:03,718][root][INFO] - task 8 :(128, 1, 28, 28)
[2023-10-17 21:13:03,738][root][INFO] - task 9 :(128, 1, 28, 28)
[2023-10-17 21:13:03,836][root][INFO] - Class sequence: [5 1 8 3 9 6 5 9 5 0 7 2 7 8 6 1 6 0 0 6]
[2023-10-17 21:13:03,854][root][INFO] - task 0 :(128, 1, 28, 28)
[2023-10-17 21:13:03,873][root][INFO] - task 1 :(128, 1, 28, 28)
[2023-10-17 21:13:03,893][root][INFO] - task 2 :(128, 1, 28, 28)
[2023-10-17 21:13:03,912][root][INFO] - task 3 :(128, 1, 28, 28)
[2023-10-17 21:13:03,931][root][INFO] - task 4 :(128, 1, 28, 28)
[2023-10-17 21:13:03,952][root][INFO] - task 5 :(128, 1, 28, 28)
[2023-10-17 21:13:03,971][root][INFO] - task 6 :(128, 1, 28, 28)
[2023-10-17 21:13:03,992][root][INFO] - task 7 :(128, 1, 28, 28)
[2023-10-17 21:13:04,011][root][INFO] - task 8 :(128, 1, 28, 28)
[2023-10-17 21:13:04,030][root][INFO] - task 9 :(128, 1, 28, 28)
i_size 28
num_classes 2
net_cfg {'name': 'mlp', 'depth': 4, 'layer_size': 64, 'dropout': 0.0, 'i_size': 28, 'num_classes': 2, 'num_tasks': 10, 'num_init_tasks': 4, 'use_contrastive': True}
<class 'shell.learners.er_dynamic.CompositionalDynamicER'>
[2023-10-17 21:13:04,132][root][INFO] - Class sequence: [7 0 8 4 8 3 3 9 6 4 3 2 4 6 7 4 9 0 3 1]
[2023-10-17 21:13:04,149][root][INFO] - task 0 :(128, 1, 28, 28)
[2023-10-17 21:13:04,168][root][INFO] - task 1 :(128, 1, 28, 28)
[2023-10-17 21:13:04,188][root][INFO] - task 2 :(128, 1, 28, 28)
[2023-10-17 21:13:04,208][root][INFO] - task 3 :(128, 1, 28, 28)
[2023-10-17 21:13:04,227][root][INFO] - task 4 :(128, 1, 28, 28)
[2023-10-17 21:13:04,246][root][INFO] - task 5 :(128, 1, 28, 28)
[2023-10-17 21:13:04,266][root][INFO] - task 6 :(128, 1, 28, 28)
[2023-10-17 21:13:04,286][root][INFO] - task 7 :(128, 1, 28, 28)
[2023-10-17 21:13:04,304][root][INFO] - task 8 :(128, 1, 28, 28)
[2023-10-17 21:13:04,325][root][INFO] - task 9 :(128, 1, 28, 28)
[2023-10-17 21:13:18,880][root][INFO] - Joint training on task 0 ...
[2023-10-17 21:13:23,724][root][INFO] - Joint training on task 1 ...
[2023-10-17 21:13:24,596][root][INFO] - Joint training on task 2 ...
[2023-10-17 21:13:25,936][root][INFO] - Joint training on task 3 ...
[2023-10-17 21:15:36,574][root][INFO] - DONE TRAINING THE JOINT AGENT...
[2023-10-17 21:15:36,575][root][INFO] - No. gpus per agent: 0.25
[2023-10-17 21:15:42,259][root][INFO] - Created fleet with 8 agents
[2023-10-17 21:15:42,260][root][INFO] - Adding neighbors...
[2023-10-17 21:15:42,316][root][INFO] - Fleet initialized
[2023-10-17 21:15:42,324][root][INFO] - READY TO TRAIN INDIVIDUAL AGENTS...
[2m[36m(ParallelModGrad pid=3630865)[0m node 2 is processing at round 0 for task 0
[2m[36m(ParallelModGrad pid=3630862)[0m node 0 is processing at round 0 for task 0
[2m[36m(ParallelModGrad pid=3630866)[0m node 3 is processing at round 0 for task 0
[2m[36m(ParallelModGrad pid=3630863)[0m node 1 is processing at round 0 for task 0
[2m[36m(ParallelModGrad pid=3630867)[0m node 4 is processing at round 0 for task 0
[2m[36m(ParallelModGrad pid=3630943)[0m node 5 is processing at round 0 for task 0
[2m[36m(ParallelModGrad pid=3630951)[0m node 6 is processing at round 0 for task 0
[2m[36m(ParallelModGrad pid=3630952)[0m node 7 is processing at round 0 for task 0
[2m[36m(ParallelModGrad pid=3630865)[0m node 2 is processing at round 1 for task 0
[2m[36m(ParallelModGrad pid=3630862)[0m node 0 is processing at round 1 for task 0
[2m[36m(ParallelModGrad pid=3630866)[0m node 3 is processing at round 1 for task 0
[2m[36m(ParallelModGrad pid=3630863)[0m node 1 is processing at round 1 for task 0
[2m[36m(ParallelModGrad pid=3630867)[0m node 4 is processing at round 1 for task 0
[2m[36m(ParallelModGrad pid=3630943)[0m node 5 is processing at round 1 for task 0
[2m[36m(ParallelModGrad pid=3630951)[0m node 6 is processing at round 1 for task 0
[2m[36m(ParallelModGrad pid=3630952)[0m node 7 is processing at round 1 for task 0
[2m[36m(ParallelModGrad pid=3630865)[0m node 2 is processing at round 2 for task 0
[2m[36m(ParallelModGrad pid=3630862)[0m node 0 is processing at round 2 for task 0
[2m[36m(ParallelModGrad pid=3630866)[0m node 3 is processing at round 2 for task 0
[2m[36m(ParallelModGrad pid=3630863)[0m node 1 is processing at round 2 for task 0
[2m[36m(ParallelModGrad pid=3630867)[0m node 4 is processing at round 2 for task 0
[2m[36m(ParallelModGrad pid=3630943)[0m node 5 is processing at round 2 for task 0
[2m[36m(ParallelModGrad pid=3630951)[0m node 6 is processing at round 2 for task 0
[2m[36m(ParallelModGrad pid=3630952)[0m node 7 is processing at round 2 for task 0
[2m[36m(ParallelModGrad pid=3630865)[0m node 2 is processing at round 3 for task 0
[2m[36m(ParallelModGrad pid=3630862)[0m node 0 is processing at round 3 for task 0
[2m[36m(ParallelModGrad pid=3630866)[0m node 3 is processing at round 3 for task 0
[2m[36m(ParallelModGrad pid=3630863)[0m node 1 is processing at round 3 for task 0
[2m[36m(ParallelModGrad pid=3630867)[0m node 4 is processing at round 3 for task 0
[2m[36m(ParallelModGrad pid=3630943)[0m node 5 is processing at round 3 for task 0
[2m[36m(ParallelModGrad pid=3630951)[0m node 6 is processing at round 3 for task 0
[2m[36m(ParallelModGrad pid=3630952)[0m node 7 is processing at round 3 for task 0
[2m[36m(ParallelModGrad pid=3630865)[0m node 2 is processing at round 4 for task 0
[2m[36m(ParallelModGrad pid=3630862)[0m node 0 is processing at round 4 for task 0
[2m[36m(ParallelModGrad pid=3630866)[0m node 3 is processing at round 4 for task 0
[2m[36m(ParallelModGrad pid=3630863)[0m node 1 is processing at round 4 for task 0
[2m[36m(ParallelModGrad pid=3630867)[0m node 4 is processing at round 4 for task 0
[2m[36m(ParallelModGrad pid=3630943)[0m node 5 is processing at round 4 for task 0
[2m[36m(ParallelModGrad pid=3630951)[0m node 6 is processing at round 4 for task 0
[2m[36m(ParallelModGrad pid=3630952)[0m node 7 is processing at round 4 for task 0
[2m[36m(ParallelModGrad pid=3630865)[0m node 2 is processing at round 5 for task 0
[2m[36m(ParallelModGrad pid=3630862)[0m node 0 is processing at round 5 for task 0
[2m[36m(ParallelModGrad pid=3630866)[0m node 3 is processing at round 5 for task 0
[2m[36m(ParallelModGrad pid=3630863)[0m node 1 is processing at round 5 for task 0
[2m[36m(ParallelModGrad pid=3630867)[0m node 4 is processing at round 5 for task 0
[2m[36m(ParallelModGrad pid=3630943)[0m node 5 is processing at round 5 for task 0
[2m[36m(ParallelModGrad pid=3630951)[0m node 6 is processing at round 5 for task 0
[2m[36m(ParallelModGrad pid=3630952)[0m node 7 is processing at round 5 for task 0
[2m[36m(ParallelModGrad pid=3630865)[0m node 2 is processing at round 6 for task 0
[2m[36m(ParallelModGrad pid=3630862)[0m node 0 is processing at round 6 for task 0
[2m[36m(ParallelModGrad pid=3630866)[0m node 3 is processing at round 6 for task 0
[2m[36m(ParallelModGrad pid=3630863)[0m node 1 is processing at round 6 for task 0
[2m[36m(ParallelModGrad pid=3630867)[0m node 4 is processing at round 6 for task 0
[2m[36m(ParallelModGrad pid=3630943)[0m node 5 is processing at round 6 for task 0
[2m[36m(ParallelModGrad pid=3630951)[0m node 6 is processing at round 6 for task 0
[2m[36m(ParallelModGrad pid=3630952)[0m node 7 is processing at round 6 for task 0
[2m[36m(ParallelModGrad pid=3630865)[0m node 2 is processing at round 7 for task 0
[2m[36m(ParallelModGrad pid=3630862)[0m node 0 is processing at round 7 for task 0
[2m[36m(ParallelModGrad pid=3630866)[0m node 3 is processing at round 7 for task 0
[2m[36m(ParallelModGrad pid=3630863)[0m node 1 is processing at round 7 for task 0
[2m[36m(ParallelModGrad pid=3630867)[0m node 4 is processing at round 7 for task 0
[2m[36m(ParallelModGrad pid=3630943)[0m node 5 is processing at round 7 for task 0
[2m[36m(ParallelModGrad pid=3630951)[0m node 6 is processing at round 7 for task 0
[2m[36m(ParallelModGrad pid=3630952)[0m node 7 is processing at round 7 for task 0
[2m[36m(ParallelModGrad pid=3630865)[0m node 2 is processing at round 8 for task 0
[2m[36m(ParallelModGrad pid=3630862)[0m node 0 is processing at round 8 for task 0
[2m[36m(ParallelModGrad pid=3630866)[0m node 3 is processing at round 8 for task 0
[2m[36m(ParallelModGrad pid=3630863)[0m node 1 is processing at round 8 for task 0
[2m[36m(ParallelModGrad pid=3630867)[0m node 4 is processing at round 8 for task 0
[2m[36m(ParallelModGrad pid=3630943)[0m node 5 is processing at round 8 for task 0
[2m[36m(ParallelModGrad pid=3630951)[0m node 6 is processing at round 8 for task 0
[2m[36m(ParallelModGrad pid=3630952)[0m node 7 is processing at round 8 for task 0
[2m[36m(ParallelModGrad pid=3630865)[0m node 2 is processing at round 9 for task 0
[2m[36m(ParallelModGrad pid=3630862)[0m node 0 is processing at round 9 for task 0
[2m[36m(ParallelModGrad pid=3630866)[0m node 3 is processing at round 9 for task 0
[2m[36m(ParallelModGrad pid=3630863)[0m node 1 is processing at round 9 for task 0
[2m[36m(ParallelModGrad pid=3630867)[0m node 4 is processing at round 9 for task 0
[2m[36m(ParallelModGrad pid=3630943)[0m node 5 is processing at round 9 for task 0
[2m[36m(ParallelModGrad pid=3630951)[0m node 6 is processing at round 9 for task 0
[2m[36m(ParallelModGrad pid=3630952)[0m node 7 is processing at round 9 for task 0
{'algo': 'modular', 'seed': 0, 'parallel': True, 'agent.batch_size': 64, 'num_agents': 8, 'dataset': 'mnist', 'dataset.num_trains_per_class': 64, 'dataset.num_vals_per_class': 50, 'dataset.remap_labels': True, 'dataset.with_replacement': True, 'dataset.num_tasks': 10, 'net': 'mlp', 'net.depth': 4, 'num_init_tasks': 4, 'net.dropout': 0.0, 'train.num_epochs': 100, 'train.component_update_freq': 100, 'train.init_num_epochs': 100, 'train.init_component_update_freq': 100, 'train.save_freq': 1, 'agent.use_contrastive': True, 'agent.memory_size': 32, 'root_save_dir': 'experiment_results/fedavg/', 'sharing_strategy': 'grad_sharing', 'sharing_strategy.comm_freq': 10}
No. of experiments: 1
Experiment runs took 0:04:31.216937
