{'train': {'component_update_freq': 100, 'num_epochs': 100, 'init_component_update_freq': 100, 'init_num_epochs': 100, 'save_freq': 1}, 'dataset': {'dataset_name': 'fashionmnist', 'num_tasks': 10, 'num_classes_per_task': 2, 'with_replacement': True, 'num_trains_per_class': 64, 'num_vals_per_class': 50, 'remap_labels': True}, 'net': {'name': 'mlp', 'depth': 4, 'layer_size': 64, 'dropout': 0.0}, 'sharing_strategy': {'name': 'gradient', 'num_coms_per_round': 1, 'comm_freq': 10, 'mu': 1.0}, 'seed': 1, 'algo': 'modular', 'job_name': 'fashionmnist_modular_numtrain_64_contrastive', 'num_agents': 8, 'root_save_dir': 'experiment_results/fedavg/', 'parallel': True, 'num_init_tasks': 4, 'agent': {'save_dir': '${root_save_dir}/${job_name}/${dataset.dataset_name}/${algo}/seed_${seed}', 'batch_size': 64, 'memory_size': 32, 'improvement_threshold': 0.05, 'use_contrastive': True}}
[2023-10-17 21:27:48,945][root][INFO] - Class sequence: [6 4 1 4 5 6 6 2 2 7 9 7 1 6 4 9 8 5 4 1]
[2023-10-17 21:27:48,965][root][INFO] - task 0 :(128, 1, 28, 28)
[2023-10-17 21:27:48,994][root][INFO] - task 1 :(128, 1, 28, 28)
[2023-10-17 21:27:49,013][root][INFO] - task 2 :(128, 1, 28, 28)
[2023-10-17 21:27:49,034][root][INFO] - task 3 :(128, 1, 28, 28)
[2023-10-17 21:27:49,053][root][INFO] - task 4 :(128, 1, 28, 28)
[2023-10-17 21:27:49,073][root][INFO] - task 5 :(128, 1, 28, 28)
[2023-10-17 21:27:49,093][root][INFO] - task 6 :(128, 1, 28, 28)
[2023-10-17 21:27:49,113][root][INFO] - task 7 :(128, 1, 28, 28)
[2023-10-17 21:27:49,133][root][INFO] - task 8 :(128, 1, 28, 28)
[2023-10-17 21:27:49,153][root][INFO] - task 9 :(128, 1, 28, 28)
[2023-10-17 21:27:49,255][root][INFO] - Class sequence: [6 5 5 7 5 1 3 7 0 2 4 8 7 3 3 7 4 5 2 0]
[2023-10-17 21:27:49,272][root][INFO] - task 0 :(128, 1, 28, 28)
[2023-10-17 21:27:49,292][root][INFO] - task 1 :(128, 1, 28, 28)
[2023-10-17 21:27:49,319][root][INFO] - task 2 :(128, 1, 28, 28)
[2023-10-17 21:27:49,339][root][INFO] - task 3 :(128, 1, 28, 28)
[2023-10-17 21:27:49,359][root][INFO] - task 4 :(128, 1, 28, 28)
[2023-10-17 21:27:49,380][root][INFO] - task 5 :(128, 1, 28, 28)
[2023-10-17 21:27:49,399][root][INFO] - task 6 :(128, 1, 28, 28)
[2023-10-17 21:27:49,419][root][INFO] - task 7 :(128, 1, 28, 28)
[2023-10-17 21:27:49,439][root][INFO] - task 8 :(128, 1, 28, 28)
[2023-10-17 21:27:49,459][root][INFO] - task 9 :(128, 1, 28, 28)
[2023-10-17 21:27:49,560][root][INFO] - Class sequence: [5 4 2 3 6 2 0 5 9 4 8 4 1 7 2 5 5 3 9 6]
[2023-10-17 21:27:49,577][root][INFO] - task 0 :(128, 1, 28, 28)
[2023-10-17 21:27:49,597][root][INFO] - task 1 :(128, 1, 28, 28)
[2023-10-17 21:27:49,617][root][INFO] - task 2 :(128, 1, 28, 28)
[2023-10-17 21:27:49,636][root][INFO] - task 3 :(128, 1, 28, 28)
[2023-10-17 21:27:49,656][root][INFO] - task 4 :(128, 1, 28, 28)
[2023-10-17 21:27:49,677][root][INFO] - task 5 :(128, 1, 28, 28)
[2023-10-17 21:27:49,699][root][INFO] - task 6 :(128, 1, 28, 28)
[2023-10-17 21:27:49,720][root][INFO] - task 7 :(128, 1, 28, 28)
[2023-10-17 21:27:49,742][root][INFO] - task 8 :(128, 1, 28, 28)
[2023-10-17 21:27:49,762][root][INFO] - task 9 :(128, 1, 28, 28)
[2023-10-17 21:27:49,863][root][INFO] - Class sequence: [6 9 8 3 9 7 6 3 0 2 8 6 3 8 5 7 1 4 0 2]
[2023-10-17 21:27:49,880][root][INFO] - task 0 :(128, 1, 28, 28)
[2023-10-17 21:27:49,900][root][INFO] - task 1 :(128, 1, 28, 28)
[2023-10-17 21:27:49,926][root][INFO] - task 2 :(128, 1, 28, 28)
[2023-10-17 21:27:49,946][root][INFO] - task 3 :(128, 1, 28, 28)
[2023-10-17 21:27:49,966][root][INFO] - task 4 :(128, 1, 28, 28)
[2023-10-17 21:27:49,985][root][INFO] - task 5 :(128, 1, 28, 28)
[2023-10-17 21:27:50,006][root][INFO] - task 6 :(128, 1, 28, 28)
[2023-10-17 21:27:50,025][root][INFO] - task 7 :(128, 1, 28, 28)
[2023-10-17 21:27:50,045][root][INFO] - task 8 :(128, 1, 28, 28)
[2023-10-17 21:27:50,066][root][INFO] - task 9 :(128, 1, 28, 28)
[2023-10-17 21:27:50,167][root][INFO] - Class sequence: [9 2 7 6 8 4 8 5 3 9 0 6 6 9 3 9 7 0 1 4]
[2023-10-17 21:27:50,184][root][INFO] - task 0 :(128, 1, 28, 28)
[2023-10-17 21:27:50,203][root][INFO] - task 1 :(128, 1, 28, 28)
[2023-10-17 21:27:50,223][root][INFO] - task 2 :(128, 1, 28, 28)
[2023-10-17 21:27:50,243][root][INFO] - task 3 :(128, 1, 28, 28)
[2023-10-17 21:27:50,263][root][INFO] - task 4 :(128, 1, 28, 28)
[2023-10-17 21:27:50,283][root][INFO] - task 5 :(128, 1, 28, 28)
[2023-10-17 21:27:50,303][root][INFO] - task 6 :(128, 1, 28, 28)
[2023-10-17 21:27:50,322][root][INFO] - task 7 :(128, 1, 28, 28)
[2023-10-17 21:27:50,342][root][INFO] - task 8 :(128, 1, 28, 28)
[2023-10-17 21:27:50,362][root][INFO] - task 9 :(128, 1, 28, 28)
[2023-10-17 21:27:50,462][root][INFO] - Class sequence: [1 2 4 6 1 7 8 7 5 7 6 8 0 5 0 5 6 1 5 2]
[2023-10-17 21:27:50,479][root][INFO] - task 0 :(128, 1, 28, 28)
[2023-10-17 21:27:50,501][root][INFO] - task 1 :(128, 1, 28, 28)
[2023-10-17 21:27:50,520][root][INFO] - task 2 :(128, 1, 28, 28)
[2023-10-17 21:27:50,539][root][INFO] - task 3 :(128, 1, 28, 28)
[2023-10-17 21:27:50,559][root][INFO] - task 4 :(128, 1, 28, 28)
[2023-10-17 21:27:50,579][root][INFO] - task 5 :(128, 1, 28, 28)
[2023-10-17 21:27:50,600][root][INFO] - task 6 :(128, 1, 28, 28)
[2023-10-17 21:27:50,619][root][INFO] - task 7 :(128, 1, 28, 28)
[2023-10-17 21:27:50,639][root][INFO] - task 8 :(128, 1, 28, 28)
[2023-10-17 21:27:50,659][root][INFO] - task 9 :(128, 1, 28, 28)
[2023-10-17 21:27:50,760][root][INFO] - Class sequence: [2 9 0 6 4 1 1 4 9 7 7 5 9 2 2 7 8 9 8 0]
[2023-10-17 21:27:50,777][root][INFO] - task 0 :(128, 1, 28, 28)
[2023-10-17 21:27:50,797][root][INFO] - task 1 :(128, 1, 28, 28)
[2023-10-17 21:27:50,816][root][INFO] - task 2 :(128, 1, 28, 28)
[2023-10-17 21:27:50,838][root][INFO] - task 3 :(128, 1, 28, 28)
[2023-10-17 21:27:50,857][root][INFO] - task 4 :(128, 1, 28, 28)
[2023-10-17 21:27:50,877][root][INFO] - task 5 :(128, 1, 28, 28)
[2023-10-17 21:27:50,896][root][INFO] - task 6 :(128, 1, 28, 28)
[2023-10-17 21:27:50,916][root][INFO] - task 7 :(128, 1, 28, 28)
[2023-10-17 21:27:50,942][root][INFO] - task 8 :(128, 1, 28, 28)
[2023-10-17 21:27:50,961][root][INFO] - task 9 :(128, 1, 28, 28)
[2023-10-17 21:27:51,061][root][INFO] - Class sequence: [2 7 2 4 0 8 5 9 1 9 7 4 4 9 4 8 7 1 0 5]
[2023-10-17 21:27:51,079][root][INFO] - task 0 :(128, 1, 28, 28)
[2023-10-17 21:27:51,098][root][INFO] - task 1 :(128, 1, 28, 28)
[2023-10-17 21:27:51,117][root][INFO] - task 2 :(128, 1, 28, 28)
[2023-10-17 21:27:51,144][root][INFO] - task 3 :(128, 1, 28, 28)
[2023-10-17 21:27:51,164][root][INFO] - task 4 :(128, 1, 28, 28)
[2023-10-17 21:27:51,184][root][INFO] - task 5 :(128, 1, 28, 28)
[2023-10-17 21:27:51,209][root][INFO] - task 6 :(128, 1, 28, 28)
[2023-10-17 21:27:51,229][root][INFO] - task 7 :(128, 1, 28, 28)
[2023-10-17 21:27:51,249][root][INFO] - task 8 :(128, 1, 28, 28)
[2023-10-17 21:27:51,269][root][INFO] - task 9 :(128, 1, 28, 28)
i_size 28
num_classes 2
net_cfg {'name': 'mlp', 'depth': 4, 'layer_size': 64, 'dropout': 0.0, 'i_size': 28, 'num_classes': 2, 'num_tasks': 10, 'num_init_tasks': 4, 'use_contrastive': True}
<class 'shell.learners.er_dynamic.CompositionalDynamicER'>
[2023-10-17 21:27:51,373][root][INFO] - Class sequence: [6 5 8 5 7 8 1 5 1 7 9 5 2 0 1 8 4 2 2 1]
[2023-10-17 21:27:51,390][root][INFO] - task 0 :(128, 1, 28, 28)
[2023-10-17 21:27:51,409][root][INFO] - task 1 :(128, 1, 28, 28)
[2023-10-17 21:27:51,435][root][INFO] - task 2 :(128, 1, 28, 28)
[2023-10-17 21:27:51,455][root][INFO] - task 3 :(128, 1, 28, 28)
[2023-10-17 21:27:51,475][root][INFO] - task 4 :(128, 1, 28, 28)
[2023-10-17 21:27:51,495][root][INFO] - task 5 :(128, 1, 28, 28)
[2023-10-17 21:27:51,515][root][INFO] - task 6 :(128, 1, 28, 28)
[2023-10-17 21:27:51,535][root][INFO] - task 7 :(128, 1, 28, 28)
[2023-10-17 21:27:51,554][root][INFO] - task 8 :(128, 1, 28, 28)
[2023-10-17 21:27:51,574][root][INFO] - task 9 :(128, 1, 28, 28)
[2023-10-17 21:28:07,322][root][INFO] - Joint training on task 0 ...
[2023-10-17 21:28:15,584][root][INFO] - Joint training on task 1 ...
[2023-10-17 21:28:16,605][root][INFO] - Joint training on task 2 ...
[2023-10-17 21:28:18,043][root][INFO] - Joint training on task 3 ...
[2023-10-17 21:30:36,921][root][INFO] - DONE TRAINING THE JOINT AGENT...
[2023-10-17 21:30:36,923][root][INFO] - No. gpus per agent: 0.25
[2023-10-17 21:30:42,577][root][INFO] - Created fleet with 8 agents
[2023-10-17 21:30:42,577][root][INFO] - Adding neighbors...
[2023-10-17 21:30:42,683][root][INFO] - Fleet initialized
[2023-10-17 21:30:42,692][root][INFO] - READY TO TRAIN INDIVIDUAL AGENTS...
[2m[36m(ParallelModGrad pid=2235282)[0m node 1 is processing at round 0 for task 0
[2m[36m(ParallelModGrad pid=2234874)[0m node 0 is processing at round 0 for task 0
[2m[36m(ParallelModGrad pid=2236107)[0m node 2 is processing at round 0 for task 0
[2m[36m(ParallelModGrad pid=2237003)[0m node 3 is processing at round 0 for task 0
[2m[36m(ParallelModGrad pid=2237084)[0m node 4 is processing at round 0 for task 0
[2m[36m(ParallelModGrad pid=2237091)[0m node 5 is processing at round 0 for task 0
[2m[36m(ParallelModGrad pid=2237427)[0m node 6 is processing at round 0 for task 0
[2m[36m(ParallelModGrad pid=2237852)[0m node 7 is processing at round 0 for task 0
[2m[36m(ParallelModGrad pid=2235282)[0m node 1 is processing at round 1 for task 0
[2m[36m(ParallelModGrad pid=2234874)[0m node 0 is processing at round 1 for task 0
[2m[36m(ParallelModGrad pid=2236107)[0m node 2 is processing at round 1 for task 0
[2m[36m(ParallelModGrad pid=2237003)[0m node 3 is processing at round 1 for task 0
[2m[36m(ParallelModGrad pid=2237084)[0m node 4 is processing at round 1 for task 0
[2m[36m(ParallelModGrad pid=2237091)[0m node 5 is processing at round 1 for task 0
[2m[36m(ParallelModGrad pid=2237427)[0m node 6 is processing at round 1 for task 0
[2m[36m(ParallelModGrad pid=2237852)[0m node 7 is processing at round 1 for task 0
[2m[36m(ParallelModGrad pid=2235282)[0m node 1 is processing at round 2 for task 0
[2m[36m(ParallelModGrad pid=2234874)[0m node 0 is processing at round 2 for task 0
[2m[36m(ParallelModGrad pid=2236107)[0m node 2 is processing at round 2 for task 0
[2m[36m(ParallelModGrad pid=2237003)[0m node 3 is processing at round 2 for task 0
[2m[36m(ParallelModGrad pid=2237084)[0m node 4 is processing at round 2 for task 0
[2m[36m(ParallelModGrad pid=2237091)[0m node 5 is processing at round 2 for task 0
[2m[36m(ParallelModGrad pid=2237427)[0m node 6 is processing at round 2 for task 0
[2m[36m(ParallelModGrad pid=2237852)[0m node 7 is processing at round 2 for task 0
[2m[36m(ParallelModGrad pid=2235282)[0m node 1 is processing at round 3 for task 0
[2m[36m(ParallelModGrad pid=2234874)[0m node 0 is processing at round 3 for task 0
[2m[36m(ParallelModGrad pid=2236107)[0m node 2 is processing at round 3 for task 0
[2m[36m(ParallelModGrad pid=2237003)[0m node 3 is processing at round 3 for task 0
[2m[36m(ParallelModGrad pid=2237084)[0m node 4 is processing at round 3 for task 0
[2m[36m(ParallelModGrad pid=2237091)[0m node 5 is processing at round 3 for task 0
[2m[36m(ParallelModGrad pid=2237427)[0m node 6 is processing at round 3 for task 0
[2m[36m(ParallelModGrad pid=2237852)[0m node 7 is processing at round 3 for task 0
[2m[36m(ParallelModGrad pid=2235282)[0m node 1 is processing at round 4 for task 0
[2m[36m(ParallelModGrad pid=2234874)[0m node 0 is processing at round 4 for task 0
[2m[36m(ParallelModGrad pid=2236107)[0m node 2 is processing at round 4 for task 0
[2m[36m(ParallelModGrad pid=2237003)[0m node 3 is processing at round 4 for task 0
[2m[36m(ParallelModGrad pid=2237084)[0m node 4 is processing at round 4 for task 0
[2m[36m(ParallelModGrad pid=2237091)[0m node 5 is processing at round 4 for task 0
[2m[36m(ParallelModGrad pid=2237427)[0m node 6 is processing at round 4 for task 0
[2m[36m(ParallelModGrad pid=2237852)[0m node 7 is processing at round 4 for task 0
[2m[36m(ParallelModGrad pid=2235282)[0m node 1 is processing at round 5 for task 0
[2m[36m(ParallelModGrad pid=2234874)[0m node 0 is processing at round 5 for task 0
[2m[36m(ParallelModGrad pid=2236107)[0m node 2 is processing at round 5 for task 0
[2m[36m(ParallelModGrad pid=2237003)[0m node 3 is processing at round 5 for task 0
[2m[36m(ParallelModGrad pid=2237084)[0m node 4 is processing at round 5 for task 0
[2m[36m(ParallelModGrad pid=2237091)[0m node 5 is processing at round 5 for task 0
[2m[36m(ParallelModGrad pid=2237427)[0m node 6 is processing at round 5 for task 0
[2m[36m(ParallelModGrad pid=2237852)[0m node 7 is processing at round 5 for task 0
[2m[36m(ParallelModGrad pid=2235282)[0m node 1 is processing at round 6 for task 0
[2m[36m(ParallelModGrad pid=2234874)[0m node 0 is processing at round 6 for task 0
[2m[36m(ParallelModGrad pid=2236107)[0m node 2 is processing at round 6 for task 0
[2m[36m(ParallelModGrad pid=2237003)[0m node 3 is processing at round 6 for task 0
[2m[36m(ParallelModGrad pid=2237084)[0m node 4 is processing at round 6 for task 0
[2m[36m(ParallelModGrad pid=2237091)[0m node 5 is processing at round 6 for task 0
[2m[36m(ParallelModGrad pid=2237427)[0m node 6 is processing at round 6 for task 0
[2m[36m(ParallelModGrad pid=2237852)[0m node 7 is processing at round 6 for task 0
[2m[36m(ParallelModGrad pid=2235282)[0m node 1 is processing at round 7 for task 0
[2m[36m(ParallelModGrad pid=2234874)[0m node 0 is processing at round 7 for task 0
[2m[36m(ParallelModGrad pid=2236107)[0m node 2 is processing at round 7 for task 0
[2m[36m(ParallelModGrad pid=2237003)[0m node 3 is processing at round 7 for task 0
[2m[36m(ParallelModGrad pid=2237084)[0m node 4 is processing at round 7 for task 0
[2m[36m(ParallelModGrad pid=2237091)[0m node 5 is processing at round 7 for task 0
[2m[36m(ParallelModGrad pid=2237427)[0m node 6 is processing at round 7 for task 0
[2m[36m(ParallelModGrad pid=2237852)[0m node 7 is processing at round 7 for task 0
[2m[36m(ParallelModGrad pid=2235282)[0m node 1 is processing at round 8 for task 0
[2m[36m(ParallelModGrad pid=2234874)[0m node 0 is processing at round 8 for task 0
[2m[36m(ParallelModGrad pid=2236107)[0m node 2 is processing at round 8 for task 0
[2m[36m(ParallelModGrad pid=2237003)[0m node 3 is processing at round 8 for task 0
[2m[36m(ParallelModGrad pid=2237084)[0m node 4 is processing at round 8 for task 0
[2m[36m(ParallelModGrad pid=2237091)[0m node 5 is processing at round 8 for task 0
[2m[36m(ParallelModGrad pid=2237427)[0m node 6 is processing at round 8 for task 0
[2m[36m(ParallelModGrad pid=2237852)[0m node 7 is processing at round 8 for task 0
[2m[36m(ParallelModGrad pid=2235282)[0m node 1 is processing at round 9 for task 0
[2m[36m(ParallelModGrad pid=2234874)[0m node 0 is processing at round 9 for task 0
[2m[36m(ParallelModGrad pid=2236107)[0m node 2 is processing at round 9 for task 0
[2m[36m(ParallelModGrad pid=2237003)[0m node 3 is processing at round 9 for task 0
[2m[36m(ParallelModGrad pid=2237084)[0m node 4 is processing at round 9 for task 0
[2m[36m(ParallelModGrad pid=2237091)[0m node 5 is processing at round 9 for task 0
[2m[36m(ParallelModGrad pid=2237427)[0m node 6 is processing at round 9 for task 0
[2m[36m(ParallelModGrad pid=2237852)[0m node 7 is processing at round 9 for task 0
{'algo': 'modular', 'seed': 1, 'parallel': True, 'agent.batch_size': 64, 'num_agents': 8, 'dataset': 'fashionmnist', 'dataset.num_trains_per_class': 64, 'dataset.num_vals_per_class': 50, 'dataset.remap_labels': True, 'dataset.with_replacement': True, 'dataset.num_tasks': 10, 'net': 'mlp', 'net.depth': 4, 'num_init_tasks': 4, 'net.dropout': 0.0, 'train.num_epochs': 100, 'train.component_update_freq': 100, 'train.init_num_epochs': 100, 'train.init_component_update_freq': 100, 'train.save_freq': 1, 'agent.use_contrastive': True, 'agent.memory_size': 32, 'root_save_dir': 'experiment_results/fedavg/', 'sharing_strategy': 'grad_sharing', 'sharing_strategy.comm_freq': 10}
No. of experiments: 1
Experiment runs took 0:05:20.914903
