{'train': {'component_update_freq': 100, 'num_epochs': 100, 'init_component_update_freq': 100, 'init_num_epochs': 100, 'save_freq': 1}, 'dataset': {'dataset_name': 'mnist', 'num_tasks': 10, 'num_classes_per_task': 2, 'with_replacement': True, 'num_trains_per_class': 64, 'num_vals_per_class': 50, 'remap_labels': True}, 'net': {'name': 'mlp', 'depth': 4, 'layer_size': 64, 'dropout': 0.0}, 'sharing_strategy': {'name': 'gradient', 'num_coms_per_round': 1, 'comm_freq': 10, 'mu': 1.0}, 'seed': 1, 'algo': 'modular', 'job_name': 'mnist_modular_numtrain_64_contrastive', 'num_agents': 8, 'root_save_dir': 'experiment_results/fedavg/', 'parallel': True, 'num_init_tasks': 4, 'agent': {'save_dir': '${root_save_dir}/${job_name}/${dataset.dataset_name}/${algo}/seed_${seed}', 'batch_size': 64, 'memory_size': 32, 'improvement_threshold': 0.05, 'use_contrastive': True}}
[2023-10-17 23:27:15,879][root][INFO] - Class sequence: [6 4 1 4 5 6 6 2 2 7 9 7 1 6 4 9 8 5 4 1]
[2023-10-17 23:27:15,898][root][INFO] - task 0 :(128, 1, 28, 28)
[2023-10-17 23:27:15,945][root][INFO] - task 1 :(128, 1, 28, 28)
[2023-10-17 23:27:15,964][root][INFO] - task 2 :(128, 1, 28, 28)
[2023-10-17 23:27:15,985][root][INFO] - task 3 :(128, 1, 28, 28)
[2023-10-17 23:27:16,006][root][INFO] - task 4 :(128, 1, 28, 28)
[2023-10-17 23:27:16,026][root][INFO] - task 5 :(128, 1, 28, 28)
[2023-10-17 23:27:16,047][root][INFO] - task 6 :(128, 1, 28, 28)
[2023-10-17 23:27:16,068][root][INFO] - task 7 :(128, 1, 28, 28)
[2023-10-17 23:27:16,087][root][INFO] - task 8 :(128, 1, 28, 28)
[2023-10-17 23:27:16,108][root][INFO] - task 9 :(128, 1, 28, 28)
[2023-10-17 23:27:16,212][root][INFO] - Class sequence: [6 5 5 7 5 1 3 7 0 2 4 8 7 3 3 7 4 5 2 0]
[2023-10-17 23:27:16,229][root][INFO] - task 0 :(128, 1, 28, 28)
[2023-10-17 23:27:16,248][root][INFO] - task 1 :(128, 1, 28, 28)
[2023-10-17 23:27:16,269][root][INFO] - task 2 :(128, 1, 28, 28)
[2023-10-17 23:27:16,291][root][INFO] - task 3 :(128, 1, 28, 28)
[2023-10-17 23:27:16,310][root][INFO] - task 4 :(128, 1, 28, 28)
[2023-10-17 23:27:16,337][root][INFO] - task 5 :(128, 1, 28, 28)
[2023-10-17 23:27:16,358][root][INFO] - task 6 :(128, 1, 28, 28)
[2023-10-17 23:27:16,386][root][INFO] - task 7 :(128, 1, 28, 28)
[2023-10-17 23:27:16,405][root][INFO] - task 8 :(128, 1, 28, 28)
[2023-10-17 23:27:16,425][root][INFO] - task 9 :(128, 1, 28, 28)
[2023-10-17 23:27:16,527][root][INFO] - Class sequence: [5 4 2 3 6 2 0 5 9 4 8 4 1 7 2 5 5 3 9 6]
[2023-10-17 23:27:16,544][root][INFO] - task 0 :(128, 1, 28, 28)
[2023-10-17 23:27:16,564][root][INFO] - task 1 :(128, 1, 28, 28)
[2023-10-17 23:27:16,584][root][INFO] - task 2 :(128, 1, 28, 28)
[2023-10-17 23:27:16,603][root][INFO] - task 3 :(128, 1, 28, 28)
[2023-10-17 23:27:16,623][root][INFO] - task 4 :(128, 1, 28, 28)
[2023-10-17 23:27:16,649][root][INFO] - task 5 :(128, 1, 28, 28)
[2023-10-17 23:27:16,670][root][INFO] - task 6 :(128, 1, 28, 28)
[2023-10-17 23:27:16,690][root][INFO] - task 7 :(128, 1, 28, 28)
[2023-10-17 23:27:16,710][root][INFO] - task 8 :(128, 1, 28, 28)
[2023-10-17 23:27:16,730][root][INFO] - task 9 :(128, 1, 28, 28)
[2023-10-17 23:27:16,833][root][INFO] - Class sequence: [6 9 8 3 9 7 6 3 0 2 8 6 3 8 5 7 1 4 0 2]
[2023-10-17 23:27:16,850][root][INFO] - task 0 :(128, 1, 28, 28)
[2023-10-17 23:27:16,871][root][INFO] - task 1 :(128, 1, 28, 28)
[2023-10-17 23:27:16,891][root][INFO] - task 2 :(128, 1, 28, 28)
[2023-10-17 23:27:16,912][root][INFO] - task 3 :(128, 1, 28, 28)
[2023-10-17 23:27:16,932][root][INFO] - task 4 :(128, 1, 28, 28)
[2023-10-17 23:27:16,958][root][INFO] - task 5 :(128, 1, 28, 28)
[2023-10-17 23:27:16,980][root][INFO] - task 6 :(128, 1, 28, 28)
[2023-10-17 23:27:16,999][root][INFO] - task 7 :(128, 1, 28, 28)
[2023-10-17 23:27:17,020][root][INFO] - task 8 :(128, 1, 28, 28)
[2023-10-17 23:27:17,040][root][INFO] - task 9 :(128, 1, 28, 28)
[2023-10-17 23:27:17,142][root][INFO] - Class sequence: [9 2 7 6 8 4 8 5 3 9 0 6 6 9 3 9 7 0 1 4]
[2023-10-17 23:27:17,159][root][INFO] - task 0 :(128, 1, 28, 28)
[2023-10-17 23:27:17,180][root][INFO] - task 1 :(128, 1, 28, 28)
[2023-10-17 23:27:17,201][root][INFO] - task 2 :(128, 1, 28, 28)
[2023-10-17 23:27:17,220][root][INFO] - task 3 :(128, 1, 28, 28)
[2023-10-17 23:27:17,241][root][INFO] - task 4 :(128, 1, 28, 28)
[2023-10-17 23:27:17,261][root][INFO] - task 5 :(128, 1, 28, 28)
[2023-10-17 23:27:17,282][root][INFO] - task 6 :(128, 1, 28, 28)
[2023-10-17 23:27:17,303][root][INFO] - task 7 :(128, 1, 28, 28)
[2023-10-17 23:27:17,325][root][INFO] - task 8 :(128, 1, 28, 28)
[2023-10-17 23:27:17,346][root][INFO] - task 9 :(128, 1, 28, 28)
[2023-10-17 23:27:17,449][root][INFO] - Class sequence: [1 2 4 6 1 7 8 7 5 7 6 8 0 5 0 5 6 1 5 2]
[2023-10-17 23:27:17,468][root][INFO] - task 0 :(128, 1, 28, 28)
[2023-10-17 23:27:17,488][root][INFO] - task 1 :(128, 1, 28, 28)
[2023-10-17 23:27:17,509][root][INFO] - task 2 :(128, 1, 28, 28)
[2023-10-17 23:27:17,530][root][INFO] - task 3 :(128, 1, 28, 28)
[2023-10-17 23:27:17,550][root][INFO] - task 4 :(128, 1, 28, 28)
[2023-10-17 23:27:17,569][root][INFO] - task 5 :(128, 1, 28, 28)
[2023-10-17 23:27:17,589][root][INFO] - task 6 :(128, 1, 28, 28)
[2023-10-17 23:27:17,608][root][INFO] - task 7 :(128, 1, 28, 28)
[2023-10-17 23:27:17,630][root][INFO] - task 8 :(128, 1, 28, 28)
[2023-10-17 23:27:17,650][root][INFO] - task 9 :(128, 1, 28, 28)
[2023-10-17 23:27:17,753][root][INFO] - Class sequence: [2 9 0 6 4 1 1 4 9 7 7 5 9 2 2 7 8 9 8 0]
[2023-10-17 23:27:17,771][root][INFO] - task 0 :(128, 1, 28, 28)
[2023-10-17 23:27:17,791][root][INFO] - task 1 :(128, 1, 28, 28)
[2023-10-17 23:27:17,814][root][INFO] - task 2 :(128, 1, 28, 28)
[2023-10-17 23:27:17,834][root][INFO] - task 3 :(128, 1, 28, 28)
[2023-10-17 23:27:17,854][root][INFO] - task 4 :(128, 1, 28, 28)
[2023-10-17 23:27:17,874][root][INFO] - task 5 :(128, 1, 28, 28)
[2023-10-17 23:27:17,895][root][INFO] - task 6 :(128, 1, 28, 28)
[2023-10-17 23:27:17,916][root][INFO] - task 7 :(128, 1, 28, 28)
[2023-10-17 23:27:17,936][root][INFO] - task 8 :(128, 1, 28, 28)
[2023-10-17 23:27:17,956][root][INFO] - task 9 :(128, 1, 28, 28)
[2023-10-17 23:27:18,059][root][INFO] - Class sequence: [2 7 2 4 0 8 5 9 1 9 7 4 4 9 4 8 7 1 0 5]
[2023-10-17 23:27:18,078][root][INFO] - task 0 :(128, 1, 28, 28)
[2023-10-17 23:27:18,098][root][INFO] - task 1 :(128, 1, 28, 28)
[2023-10-17 23:27:18,118][root][INFO] - task 2 :(128, 1, 28, 28)
[2023-10-17 23:27:18,139][root][INFO] - task 3 :(128, 1, 28, 28)
[2023-10-17 23:27:18,166][root][INFO] - task 4 :(128, 1, 28, 28)
[2023-10-17 23:27:18,186][root][INFO] - task 5 :(128, 1, 28, 28)
[2023-10-17 23:27:18,206][root][INFO] - task 6 :(128, 1, 28, 28)
[2023-10-17 23:27:18,227][root][INFO] - task 7 :(128, 1, 28, 28)
[2023-10-17 23:27:18,248][root][INFO] - task 8 :(128, 1, 28, 28)
[2023-10-17 23:27:18,268][root][INFO] - task 9 :(128, 1, 28, 28)
i_size 28
num_classes 2
net_cfg {'name': 'mlp', 'depth': 4, 'layer_size': 64, 'dropout': 0.0, 'i_size': 28, 'num_classes': 2, 'num_tasks': 10, 'num_init_tasks': 4, 'use_contrastive': True}
<class 'shell.learners.er_dynamic.CompositionalDynamicER'>
[2023-10-17 23:27:18,381][root][INFO] - Class sequence: [6 5 8 5 7 8 1 5 1 7 9 5 2 0 1 8 4 2 2 1]
[2023-10-17 23:27:18,398][root][INFO] - task 0 :(128, 1, 28, 28)
[2023-10-17 23:27:18,418][root][INFO] - task 1 :(128, 1, 28, 28)
[2023-10-17 23:27:18,439][root][INFO] - task 2 :(128, 1, 28, 28)
[2023-10-17 23:27:18,460][root][INFO] - task 3 :(128, 1, 28, 28)
[2023-10-17 23:27:18,482][root][INFO] - task 4 :(128, 1, 28, 28)
[2023-10-17 23:27:18,503][root][INFO] - task 5 :(128, 1, 28, 28)
[2023-10-17 23:27:18,524][root][INFO] - task 6 :(128, 1, 28, 28)
[2023-10-17 23:27:18,546][root][INFO] - task 7 :(128, 1, 28, 28)
[2023-10-17 23:27:18,566][root][INFO] - task 8 :(128, 1, 28, 28)
[2023-10-17 23:27:18,586][root][INFO] - task 9 :(128, 1, 28, 28)
[2023-10-17 23:27:33,624][root][INFO] - Joint training on task 0 ...
[2023-10-17 23:27:38,923][root][INFO] - Joint training on task 1 ...
[2023-10-17 23:27:39,925][root][INFO] - Joint training on task 2 ...
[2023-10-17 23:27:41,307][root][INFO] - Joint training on task 3 ...
[2023-10-17 23:29:58,756][root][INFO] - DONE TRAINING THE JOINT AGENT...
[2023-10-17 23:29:58,757][root][INFO] - No. gpus per agent: 0.25
[2023-10-17 23:30:03,906][root][INFO] - Created fleet with 8 agents
[2023-10-17 23:30:03,906][root][INFO] - Adding neighbors...
[2023-10-17 23:30:04,423][root][INFO] - Fleet initialized
[2023-10-17 23:30:04,431][root][INFO] - READY TO TRAIN INDIVIDUAL AGENTS...
[2m[36m(ParallelModGrad pid=1008769)[0m node 0 is processing at round 0 for task 0
[2m[36m(ParallelModGrad pid=1008975)[0m node 1 is processing at round 0 for task 0
[2m[36m(ParallelModGrad pid=1009543)[0m node 2 is processing at round 0 for task 0
[2m[36m(ParallelModGrad pid=1010052)[0m node 3 is processing at round 0 for task 0
[2m[36m(ParallelModGrad pid=1010246)[0m node 4 is processing at round 0 for task 0
[2m[36m(ParallelModGrad pid=1010494)[0m node 5 is processing at round 0 for task 0
[2m[36m(ParallelModGrad pid=1010624)[0m node 6 is processing at round 0 for task 0
[2m[36m(ParallelModGrad pid=1011096)[0m node 7 is processing at round 0 for task 0
[2m[36m(ParallelModGrad pid=1008769)[0m node 0 is processing at round 1 for task 0
[2m[36m(ParallelModGrad pid=1008975)[0m node 1 is processing at round 1 for task 0
[2m[36m(ParallelModGrad pid=1009543)[0m node 2 is processing at round 1 for task 0
[2m[36m(ParallelModGrad pid=1010052)[0m node 3 is processing at round 1 for task 0
[2m[36m(ParallelModGrad pid=1010246)[0m node 4 is processing at round 1 for task 0
[2m[36m(ParallelModGrad pid=1010494)[0m node 5 is processing at round 1 for task 0
[2m[36m(ParallelModGrad pid=1010624)[0m node 6 is processing at round 1 for task 0
[2m[36m(ParallelModGrad pid=1011096)[0m node 7 is processing at round 1 for task 0
[2m[36m(ParallelModGrad pid=1008769)[0m node 0 is processing at round 2 for task 0
[2m[36m(ParallelModGrad pid=1008975)[0m node 1 is processing at round 2 for task 0
[2m[36m(ParallelModGrad pid=1009543)[0m node 2 is processing at round 2 for task 0
[2m[36m(ParallelModGrad pid=1010052)[0m node 3 is processing at round 2 for task 0
[2m[36m(ParallelModGrad pid=1010246)[0m node 4 is processing at round 2 for task 0
[2m[36m(ParallelModGrad pid=1010494)[0m node 5 is processing at round 2 for task 0
[2m[36m(ParallelModGrad pid=1010624)[0m node 6 is processing at round 2 for task 0
[2m[36m(ParallelModGrad pid=1011096)[0m node 7 is processing at round 2 for task 0
[2m[36m(ParallelModGrad pid=1008769)[0m node 0 is processing at round 3 for task 0
[2m[36m(ParallelModGrad pid=1008975)[0m node 1 is processing at round 3 for task 0
[2m[36m(ParallelModGrad pid=1009543)[0m node 2 is processing at round 3 for task 0
[2m[36m(ParallelModGrad pid=1010052)[0m node 3 is processing at round 3 for task 0
[2m[36m(ParallelModGrad pid=1010246)[0m node 4 is processing at round 3 for task 0
[2m[36m(ParallelModGrad pid=1010494)[0m node 5 is processing at round 3 for task 0
[2m[36m(ParallelModGrad pid=1010624)[0m node 6 is processing at round 3 for task 0
[2m[36m(ParallelModGrad pid=1011096)[0m node 7 is processing at round 3 for task 0
[2m[36m(ParallelModGrad pid=1008769)[0m node 0 is processing at round 4 for task 0
[2m[36m(ParallelModGrad pid=1008975)[0m node 1 is processing at round 4 for task 0
[2m[36m(ParallelModGrad pid=1009543)[0m node 2 is processing at round 4 for task 0
[2m[36m(ParallelModGrad pid=1010052)[0m node 3 is processing at round 4 for task 0
[2m[36m(ParallelModGrad pid=1010246)[0m node 4 is processing at round 4 for task 0
[2m[36m(ParallelModGrad pid=1010494)[0m node 5 is processing at round 4 for task 0
[2m[36m(ParallelModGrad pid=1010624)[0m node 6 is processing at round 4 for task 0
[2m[36m(ParallelModGrad pid=1011096)[0m node 7 is processing at round 4 for task 0
[2m[36m(ParallelModGrad pid=1008769)[0m node 0 is processing at round 5 for task 0
[2m[36m(ParallelModGrad pid=1008975)[0m node 1 is processing at round 5 for task 0
[2m[36m(ParallelModGrad pid=1009543)[0m node 2 is processing at round 5 for task 0
[2m[36m(ParallelModGrad pid=1010052)[0m node 3 is processing at round 5 for task 0
[2m[36m(ParallelModGrad pid=1010246)[0m node 4 is processing at round 5 for task 0
[2m[36m(ParallelModGrad pid=1010494)[0m node 5 is processing at round 5 for task 0
[2m[36m(ParallelModGrad pid=1010624)[0m node 6 is processing at round 5 for task 0
[2m[36m(ParallelModGrad pid=1011096)[0m node 7 is processing at round 5 for task 0
[2m[36m(ParallelModGrad pid=1008769)[0m node 0 is processing at round 6 for task 0
[2m[36m(ParallelModGrad pid=1008975)[0m node 1 is processing at round 6 for task 0
[2m[36m(ParallelModGrad pid=1009543)[0m node 2 is processing at round 6 for task 0
[2m[36m(ParallelModGrad pid=1010052)[0m node 3 is processing at round 6 for task 0
[2m[36m(ParallelModGrad pid=1010246)[0m node 4 is processing at round 6 for task 0
[2m[36m(ParallelModGrad pid=1010494)[0m node 5 is processing at round 6 for task 0
[2m[36m(ParallelModGrad pid=1010624)[0m node 6 is processing at round 6 for task 0
[2m[36m(ParallelModGrad pid=1011096)[0m node 7 is processing at round 6 for task 0
[2m[36m(ParallelModGrad pid=1008769)[0m node 0 is processing at round 7 for task 0
[2m[36m(ParallelModGrad pid=1008975)[0m node 1 is processing at round 7 for task 0
[2m[36m(ParallelModGrad pid=1009543)[0m node 2 is processing at round 7 for task 0
[2m[36m(ParallelModGrad pid=1010052)[0m node 3 is processing at round 7 for task 0
[2m[36m(ParallelModGrad pid=1010246)[0m node 4 is processing at round 7 for task 0
[2m[36m(ParallelModGrad pid=1010494)[0m node 5 is processing at round 7 for task 0
[2m[36m(ParallelModGrad pid=1010624)[0m node 6 is processing at round 7 for task 0
[2m[36m(ParallelModGrad pid=1011096)[0m node 7 is processing at round 7 for task 0
[2m[36m(ParallelModGrad pid=1008769)[0m node 0 is processing at round 8 for task 0
[2m[36m(ParallelModGrad pid=1008975)[0m node 1 is processing at round 8 for task 0
[2m[36m(ParallelModGrad pid=1009543)[0m node 2 is processing at round 8 for task 0
[2m[36m(ParallelModGrad pid=1010052)[0m node 3 is processing at round 8 for task 0
[2m[36m(ParallelModGrad pid=1010246)[0m node 4 is processing at round 8 for task 0
[2m[36m(ParallelModGrad pid=1010494)[0m node 5 is processing at round 8 for task 0
[2m[36m(ParallelModGrad pid=1010624)[0m node 6 is processing at round 8 for task 0
[2m[36m(ParallelModGrad pid=1011096)[0m node 7 is processing at round 8 for task 0
[2m[36m(ParallelModGrad pid=1008769)[0m node 0 is processing at round 9 for task 1
[2m[36m(ParallelModGrad pid=1008975)[0m node 1 is processing at round 9 for task 1
[2m[36m(ParallelModGrad pid=1009543)[0m node 2 is processing at round 9 for task 1
[2m[36m(ParallelModGrad pid=1010052)[0m node 3 is processing at round 9 for task 1
[2m[36m(ParallelModGrad pid=1010246)[0m node 4 is processing at round 9 for task 1
[2m[36m(ParallelModGrad pid=1010494)[0m node 5 is processing at round 9 for task 1
[2m[36m(ParallelModGrad pid=1010624)[0m node 6 is processing at round 9 for task 1
[2m[36m(ParallelModGrad pid=1011096)[0m node 7 is processing at round 9 for task 1
[2m[36m(ParallelModGrad pid=1008769)[0m node 0 is processing at round 0 for task 1
[2m[36m(ParallelModGrad pid=1008975)[0m node 1 is processing at round 0 for task 1
[2m[36m(ParallelModGrad pid=1009543)[0m node 2 is processing at round 0 for task 1
[2m[36m(ParallelModGrad pid=1010052)[0m node 3 is processing at round 0 for task 1
[2m[36m(ParallelModGrad pid=1010246)[0m node 4 is processing at round 0 for task 1
[2m[36m(ParallelModGrad pid=1010494)[0m node 5 is processing at round 0 for task 1
[2m[36m(ParallelModGrad pid=1010624)[0m node 6 is processing at round 0 for task 1
[2m[36m(ParallelModGrad pid=1011096)[0m node 7 is processing at round 0 for task 1
[2m[36m(ParallelModGrad pid=1008769)[0m node 0 is processing at round 1 for task 1
[2m[36m(ParallelModGrad pid=1008975)[0m node 1 is processing at round 1 for task 1
[2m[36m(ParallelModGrad pid=1009543)[0m node 2 is processing at round 1 for task 1
[2m[36m(ParallelModGrad pid=1010052)[0m node 3 is processing at round 1 for task 1
[2m[36m(ParallelModGrad pid=1010246)[0m node 4 is processing at round 1 for task 1
[2m[36m(ParallelModGrad pid=1010494)[0m node 5 is processing at round 1 for task 1
[2m[36m(ParallelModGrad pid=1010624)[0m node 6 is processing at round 1 for task 1
[2m[36m(ParallelModGrad pid=1011096)[0m node 7 is processing at round 1 for task 1
[2m[36m(ParallelModGrad pid=1008769)[0m node 0 is processing at round 2 for task 1
[2m[36m(ParallelModGrad pid=1008975)[0m node 1 is processing at round 2 for task 1
[2m[36m(ParallelModGrad pid=1009543)[0m node 2 is processing at round 2 for task 1
[2m[36m(ParallelModGrad pid=1010052)[0m node 3 is processing at round 2 for task 1
[2m[36m(ParallelModGrad pid=1010246)[0m node 4 is processing at round 2 for task 1
[2m[36m(ParallelModGrad pid=1010494)[0m node 5 is processing at round 2 for task 1
[2m[36m(ParallelModGrad pid=1010624)[0m node 6 is processing at round 2 for task 1
[2m[36m(ParallelModGrad pid=1011096)[0m node 7 is processing at round 2 for task 1
[2m[36m(ParallelModGrad pid=1008769)[0m node 0 is processing at round 3 for task 1
[2m[36m(ParallelModGrad pid=1008975)[0m node 1 is processing at round 3 for task 1
[2m[36m(ParallelModGrad pid=1009543)[0m node 2 is processing at round 3 for task 1
[2m[36m(ParallelModGrad pid=1010052)[0m node 3 is processing at round 3 for task 1
[2m[36m(ParallelModGrad pid=1010246)[0m node 4 is processing at round 3 for task 1
[2m[36m(ParallelModGrad pid=1010494)[0m node 5 is processing at round 3 for task 1
[2m[36m(ParallelModGrad pid=1010624)[0m node 6 is processing at round 3 for task 1
[2m[36m(ParallelModGrad pid=1011096)[0m node 7 is processing at round 3 for task 1
[2m[36m(ParallelModGrad pid=1008769)[0m node 0 is processing at round 4 for task 1
[2m[36m(ParallelModGrad pid=1008975)[0m node 1 is processing at round 4 for task 1
[2m[36m(ParallelModGrad pid=1009543)[0m node 2 is processing at round 4 for task 1
[2m[36m(ParallelModGrad pid=1010052)[0m node 3 is processing at round 4 for task 1
[2m[36m(ParallelModGrad pid=1010246)[0m node 4 is processing at round 4 for task 1
[2m[36m(ParallelModGrad pid=1010494)[0m node 5 is processing at round 4 for task 1
[2m[36m(ParallelModGrad pid=1010624)[0m node 6 is processing at round 4 for task 1
[2m[36m(ParallelModGrad pid=1011096)[0m node 7 is processing at round 4 for task 1
[2m[36m(ParallelModGrad pid=1008769)[0m node 0 is processing at round 5 for task 1
[2m[36m(ParallelModGrad pid=1008975)[0m node 1 is processing at round 5 for task 1
[2m[36m(ParallelModGrad pid=1009543)[0m node 2 is processing at round 5 for task 1
[2m[36m(ParallelModGrad pid=1010052)[0m node 3 is processing at round 5 for task 1
[2m[36m(ParallelModGrad pid=1010246)[0m node 4 is processing at round 5 for task 1
[2m[36m(ParallelModGrad pid=1010494)[0m node 5 is processing at round 5 for task 1
[2m[36m(ParallelModGrad pid=1010624)[0m node 6 is processing at round 5 for task 1
[2m[36m(ParallelModGrad pid=1011096)[0m node 7 is processing at round 5 for task 1
[2m[36m(ParallelModGrad pid=1008769)[0m node 0 is processing at round 6 for task 1
[2m[36m(ParallelModGrad pid=1008975)[0m node 1 is processing at round 6 for task 1
[2m[36m(ParallelModGrad pid=1009543)[0m node 2 is processing at round 6 for task 1
[2m[36m(ParallelModGrad pid=1010052)[0m node 3 is processing at round 6 for task 1
[2m[36m(ParallelModGrad pid=1010246)[0m node 4 is processing at round 6 for task 1
[2m[36m(ParallelModGrad pid=1010494)[0m node 5 is processing at round 6 for task 1
[2m[36m(ParallelModGrad pid=1010624)[0m node 6 is processing at round 6 for task 1
[2m[36m(ParallelModGrad pid=1011096)[0m node 7 is processing at round 6 for task 1
[2m[36m(ParallelModGrad pid=1008769)[0m node 0 is processing at round 7 for task 1
[2m[36m(ParallelModGrad pid=1008975)[0m node 1 is processing at round 7 for task 1
[2m[36m(ParallelModGrad pid=1009543)[0m node 2 is processing at round 7 for task 1
[2m[36m(ParallelModGrad pid=1010052)[0m node 3 is processing at round 7 for task 1
[2m[36m(ParallelModGrad pid=1010246)[0m node 4 is processing at round 7 for task 1
[2m[36m(ParallelModGrad pid=1010494)[0m node 5 is processing at round 7 for task 1
[2m[36m(ParallelModGrad pid=1010624)[0m node 6 is processing at round 7 for task 1
[2m[36m(ParallelModGrad pid=1011096)[0m node 7 is processing at round 7 for task 1
[2m[36m(ParallelModGrad pid=1008769)[0m node 0 is processing at round 8 for task 1
[2m[36m(ParallelModGrad pid=1008975)[0m node 1 is processing at round 8 for task 1
[2m[36m(ParallelModGrad pid=1009543)[0m node 2 is processing at round 8 for task 1
[2m[36m(ParallelModGrad pid=1010052)[0m node 3 is processing at round 8 for task 1
[2m[36m(ParallelModGrad pid=1010246)[0m node 4 is processing at round 8 for task 1
[2m[36m(ParallelModGrad pid=1010494)[0m node 5 is processing at round 8 for task 1
[2m[36m(ParallelModGrad pid=1010624)[0m node 6 is processing at round 8 for task 1
[2m[36m(ParallelModGrad pid=1011096)[0m node 7 is processing at round 8 for task 1
[2m[36m(ParallelModGrad pid=1008769)[0m node 0 is processing at round 9 for task 2
[2m[36m(ParallelModGrad pid=1008975)[0m node 1 is processing at round 9 for task 2
[2m[36m(ParallelModGrad pid=1009543)[0m node 2 is processing at round 9 for task 2
[2m[36m(ParallelModGrad pid=1010052)[0m node 3 is processing at round 9 for task 2
[2m[36m(ParallelModGrad pid=1010246)[0m node 4 is processing at round 9 for task 2
[2m[36m(ParallelModGrad pid=1010494)[0m node 5 is processing at round 9 for task 2
[2m[36m(ParallelModGrad pid=1010624)[0m node 6 is processing at round 9 for task 2
[2m[36m(ParallelModGrad pid=1011096)[0m node 7 is processing at round 9 for task 2
[2m[36m(ParallelModGrad pid=1008769)[0m node 0 is processing at round 0 for task 2
[2m[36m(ParallelModGrad pid=1008975)[0m node 1 is processing at round 0 for task 2
[2m[36m(ParallelModGrad pid=1009543)[0m node 2 is processing at round 0 for task 2
[2m[36m(ParallelModGrad pid=1010052)[0m node 3 is processing at round 0 for task 2
[2m[36m(ParallelModGrad pid=1010246)[0m node 4 is processing at round 0 for task 2
[2m[36m(ParallelModGrad pid=1010494)[0m node 5 is processing at round 0 for task 2
[2m[36m(ParallelModGrad pid=1010624)[0m node 6 is processing at round 0 for task 2
[2m[36m(ParallelModGrad pid=1011096)[0m node 7 is processing at round 0 for task 2
[2m[36m(ParallelModGrad pid=1008769)[0m node 0 is processing at round 1 for task 2
[2m[36m(ParallelModGrad pid=1008975)[0m node 1 is processing at round 1 for task 2
[2m[36m(ParallelModGrad pid=1009543)[0m node 2 is processing at round 1 for task 2
[2m[36m(ParallelModGrad pid=1010052)[0m node 3 is processing at round 1 for task 2
[2m[36m(ParallelModGrad pid=1010246)[0m node 4 is processing at round 1 for task 2
[2m[36m(ParallelModGrad pid=1010494)[0m node 5 is processing at round 1 for task 2
[2m[36m(ParallelModGrad pid=1010624)[0m node 6 is processing at round 1 for task 2
[2m[36m(ParallelModGrad pid=1011096)[0m node 7 is processing at round 1 for task 2
[2m[36m(ParallelModGrad pid=1008769)[0m node 0 is processing at round 2 for task 2
[2m[36m(ParallelModGrad pid=1008975)[0m node 1 is processing at round 2 for task 2
[2m[36m(ParallelModGrad pid=1009543)[0m node 2 is processing at round 2 for task 2
[2m[36m(ParallelModGrad pid=1010052)[0m node 3 is processing at round 2 for task 2
[2m[36m(ParallelModGrad pid=1010246)[0m node 4 is processing at round 2 for task 2
[2m[36m(ParallelModGrad pid=1010494)[0m node 5 is processing at round 2 for task 2
[2m[36m(ParallelModGrad pid=1010624)[0m node 6 is processing at round 2 for task 2
[2m[36m(ParallelModGrad pid=1011096)[0m node 7 is processing at round 2 for task 2
[2m[36m(ParallelModGrad pid=1008769)[0m node 0 is processing at round 3 for task 2
[2m[36m(ParallelModGrad pid=1008975)[0m node 1 is processing at round 3 for task 2
[2m[36m(ParallelModGrad pid=1009543)[0m node 2 is processing at round 3 for task 2
[2m[36m(ParallelModGrad pid=1010052)[0m node 3 is processing at round 3 for task 2
[2m[36m(ParallelModGrad pid=1010246)[0m node 4 is processing at round 3 for task 2
[2m[36m(ParallelModGrad pid=1010494)[0m node 5 is processing at round 3 for task 2
[2m[36m(ParallelModGrad pid=1010624)[0m node 6 is processing at round 3 for task 2
[2m[36m(ParallelModGrad pid=1011096)[0m node 7 is processing at round 3 for task 2
[2m[36m(ParallelModGrad pid=1008769)[0m node 0 is processing at round 4 for task 2
[2m[36m(ParallelModGrad pid=1008975)[0m node 1 is processing at round 4 for task 2
[2m[36m(ParallelModGrad pid=1009543)[0m node 2 is processing at round 4 for task 2
[2m[36m(ParallelModGrad pid=1010052)[0m node 3 is processing at round 4 for task 2
[2m[36m(ParallelModGrad pid=1010246)[0m node 4 is processing at round 4 for task 2
[2m[36m(ParallelModGrad pid=1010494)[0m node 5 is processing at round 4 for task 2
[2m[36m(ParallelModGrad pid=1010624)[0m node 6 is processing at round 4 for task 2
[2m[36m(ParallelModGrad pid=1011096)[0m node 7 is processing at round 4 for task 2
[2m[36m(ParallelModGrad pid=1008769)[0m node 0 is processing at round 5 for task 2
[2m[36m(ParallelModGrad pid=1008975)[0m node 1 is processing at round 5 for task 2
[2m[36m(ParallelModGrad pid=1009543)[0m node 2 is processing at round 5 for task 2
[2m[36m(ParallelModGrad pid=1010052)[0m node 3 is processing at round 5 for task 2
[2m[36m(ParallelModGrad pid=1010246)[0m node 4 is processing at round 5 for task 2
[2m[36m(ParallelModGrad pid=1010494)[0m node 5 is processing at round 5 for task 2
[2m[36m(ParallelModGrad pid=1010624)[0m node 6 is processing at round 5 for task 2
[2m[36m(ParallelModGrad pid=1011096)[0m node 7 is processing at round 5 for task 2
[2m[36m(ParallelModGrad pid=1008769)[0m node 0 is processing at round 6 for task 2
[2m[36m(ParallelModGrad pid=1008975)[0m node 1 is processing at round 6 for task 2
[2m[36m(ParallelModGrad pid=1009543)[0m node 2 is processing at round 6 for task 2
[2m[36m(ParallelModGrad pid=1010052)[0m node 3 is processing at round 6 for task 2
[2m[36m(ParallelModGrad pid=1010246)[0m node 4 is processing at round 6 for task 2
[2m[36m(ParallelModGrad pid=1010494)[0m node 5 is processing at round 6 for task 2
[2m[36m(ParallelModGrad pid=1010624)[0m node 6 is processing at round 6 for task 2
[2m[36m(ParallelModGrad pid=1011096)[0m node 7 is processing at round 6 for task 2
[2m[36m(ParallelModGrad pid=1008769)[0m node 0 is processing at round 7 for task 2
[2m[36m(ParallelModGrad pid=1008975)[0m node 1 is processing at round 7 for task 2
[2m[36m(ParallelModGrad pid=1009543)[0m node 2 is processing at round 7 for task 2
[2m[36m(ParallelModGrad pid=1010052)[0m node 3 is processing at round 7 for task 2
[2m[36m(ParallelModGrad pid=1010246)[0m node 4 is processing at round 7 for task 2
[2m[36m(ParallelModGrad pid=1010494)[0m node 5 is processing at round 7 for task 2
[2m[36m(ParallelModGrad pid=1010624)[0m node 6 is processing at round 7 for task 2
[2m[36m(ParallelModGrad pid=1011096)[0m node 7 is processing at round 7 for task 2
[2m[36m(ParallelModGrad pid=1008769)[0m node 0 is processing at round 8 for task 2
[2m[36m(ParallelModGrad pid=1008975)[0m node 1 is processing at round 8 for task 2
[2m[36m(ParallelModGrad pid=1009543)[0m node 2 is processing at round 8 for task 2
[2m[36m(ParallelModGrad pid=1010052)[0m node 3 is processing at round 8 for task 2
[2m[36m(ParallelModGrad pid=1010246)[0m node 4 is processing at round 8 for task 2
[2m[36m(ParallelModGrad pid=1010494)[0m node 5 is processing at round 8 for task 2
[2m[36m(ParallelModGrad pid=1010624)[0m node 6 is processing at round 8 for task 2
[2m[36m(ParallelModGrad pid=1011096)[0m node 7 is processing at round 8 for task 2
[2m[36m(ParallelModGrad pid=1008769)[0m node 0 is processing at round 9 for task 3
[2m[36m(ParallelModGrad pid=1008975)[0m node 1 is processing at round 9 for task 3
[2m[36m(ParallelModGrad pid=1009543)[0m node 2 is processing at round 9 for task 3
[2m[36m(ParallelModGrad pid=1010052)[0m node 3 is processing at round 9 for task 3
[2m[36m(ParallelModGrad pid=1010246)[0m node 4 is processing at round 9 for task 3
[2m[36m(ParallelModGrad pid=1010494)[0m node 5 is processing at round 9 for task 3
[2m[36m(ParallelModGrad pid=1010624)[0m node 6 is processing at round 9 for task 3
[2m[36m(ParallelModGrad pid=1011096)[0m node 7 is processing at round 9 for task 3
[2m[36m(ParallelModGrad pid=1008769)[0m node 0 is processing at round 0 for task 3
[2m[36m(ParallelModGrad pid=1008975)[0m node 1 is processing at round 0 for task 3
[2m[36m(ParallelModGrad pid=1009543)[0m node 2 is processing at round 0 for task 3
[2m[36m(ParallelModGrad pid=1010052)[0m node 3 is processing at round 0 for task 3
[2m[36m(ParallelModGrad pid=1010246)[0m node 4 is processing at round 0 for task 3
[2m[36m(ParallelModGrad pid=1010494)[0m node 5 is processing at round 0 for task 3
[2m[36m(ParallelModGrad pid=1010624)[0m node 6 is processing at round 0 for task 3
[2m[36m(ParallelModGrad pid=1011096)[0m node 7 is processing at round 0 for task 3
[2m[36m(ParallelModGrad pid=1008769)[0m node 0 is processing at round 1 for task 3
[2m[36m(ParallelModGrad pid=1008975)[0m node 1 is processing at round 1 for task 3
[2m[36m(ParallelModGrad pid=1009543)[0m node 2 is processing at round 1 for task 3
[2m[36m(ParallelModGrad pid=1010052)[0m node 3 is processing at round 1 for task 3
[2m[36m(ParallelModGrad pid=1010246)[0m node 4 is processing at round 1 for task 3
[2m[36m(ParallelModGrad pid=1010494)[0m node 5 is processing at round 1 for task 3
[2m[36m(ParallelModGrad pid=1010624)[0m node 6 is processing at round 1 for task 3
[2m[36m(ParallelModGrad pid=1011096)[0m node 7 is processing at round 1 for task 3
[2m[36m(ParallelModGrad pid=1008769)[0m node 0 is processing at round 2 for task 3
[2m[36m(ParallelModGrad pid=1008975)[0m node 1 is processing at round 2 for task 3
[2m[36m(ParallelModGrad pid=1009543)[0m node 2 is processing at round 2 for task 3
[2m[36m(ParallelModGrad pid=1010052)[0m node 3 is processing at round 2 for task 3
[2m[36m(ParallelModGrad pid=1010246)[0m node 4 is processing at round 2 for task 3
[2m[36m(ParallelModGrad pid=1010494)[0m node 5 is processing at round 2 for task 3
[2m[36m(ParallelModGrad pid=1010624)[0m node 6 is processing at round 2 for task 3
[2m[36m(ParallelModGrad pid=1011096)[0m node 7 is processing at round 2 for task 3
[2m[36m(ParallelModGrad pid=1008769)[0m node 0 is processing at round 3 for task 3
[2m[36m(ParallelModGrad pid=1008975)[0m node 1 is processing at round 3 for task 3
[2m[36m(ParallelModGrad pid=1009543)[0m node 2 is processing at round 3 for task 3
[2m[36m(ParallelModGrad pid=1010052)[0m node 3 is processing at round 3 for task 3
[2m[36m(ParallelModGrad pid=1010246)[0m node 4 is processing at round 3 for task 3
[2m[36m(ParallelModGrad pid=1010494)[0m node 5 is processing at round 3 for task 3
[2m[36m(ParallelModGrad pid=1010624)[0m node 6 is processing at round 3 for task 3
[2m[36m(ParallelModGrad pid=1011096)[0m node 7 is processing at round 3 for task 3
[2m[36m(ParallelModGrad pid=1008769)[0m node 0 is processing at round 4 for task 3
[2m[36m(ParallelModGrad pid=1008975)[0m node 1 is processing at round 4 for task 3
[2m[36m(ParallelModGrad pid=1009543)[0m node 2 is processing at round 4 for task 3
[2m[36m(ParallelModGrad pid=1010052)[0m node 3 is processing at round 4 for task 3
[2m[36m(ParallelModGrad pid=1010246)[0m node 4 is processing at round 4 for task 3
[2m[36m(ParallelModGrad pid=1010494)[0m node 5 is processing at round 4 for task 3
[2m[36m(ParallelModGrad pid=1010624)[0m node 6 is processing at round 4 for task 3
[2m[36m(ParallelModGrad pid=1011096)[0m node 7 is processing at round 4 for task 3
[2m[36m(ParallelModGrad pid=1008769)[0m node 0 is processing at round 5 for task 3
[2m[36m(ParallelModGrad pid=1008975)[0m node 1 is processing at round 5 for task 3
[2m[36m(ParallelModGrad pid=1009543)[0m node 2 is processing at round 5 for task 3
[2m[36m(ParallelModGrad pid=1010052)[0m node 3 is processing at round 5 for task 3
[2m[36m(ParallelModGrad pid=1010246)[0m node 4 is processing at round 5 for task 3
[2m[36m(ParallelModGrad pid=1010494)[0m node 5 is processing at round 5 for task 3
[2m[36m(ParallelModGrad pid=1010624)[0m node 6 is processing at round 5 for task 3
[2m[36m(ParallelModGrad pid=1011096)[0m node 7 is processing at round 5 for task 3
[2m[36m(ParallelModGrad pid=1008769)[0m node 0 is processing at round 6 for task 3
[2m[36m(ParallelModGrad pid=1008975)[0m node 1 is processing at round 6 for task 3
[2m[36m(ParallelModGrad pid=1009543)[0m node 2 is processing at round 6 for task 3
[2m[36m(ParallelModGrad pid=1010052)[0m node 3 is processing at round 6 for task 3
[2m[36m(ParallelModGrad pid=1010246)[0m node 4 is processing at round 6 for task 3
[2m[36m(ParallelModGrad pid=1010494)[0m node 5 is processing at round 6 for task 3
[2m[36m(ParallelModGrad pid=1010624)[0m node 6 is processing at round 6 for task 3
[2m[36m(ParallelModGrad pid=1011096)[0m node 7 is processing at round 6 for task 3
[2m[36m(ParallelModGrad pid=1008769)[0m node 0 is processing at round 7 for task 3
[2m[36m(ParallelModGrad pid=1008975)[0m node 1 is processing at round 7 for task 3
[2m[36m(ParallelModGrad pid=1009543)[0m node 2 is processing at round 7 for task 3
[2m[36m(ParallelModGrad pid=1010052)[0m node 3 is processing at round 7 for task 3
[2m[36m(ParallelModGrad pid=1010246)[0m node 4 is processing at round 7 for task 3
[2m[36m(ParallelModGrad pid=1010494)[0m node 5 is processing at round 7 for task 3
[2m[36m(ParallelModGrad pid=1010624)[0m node 6 is processing at round 7 for task 3
[2m[36m(ParallelModGrad pid=1011096)[0m node 7 is processing at round 7 for task 3
[2m[36m(ParallelModGrad pid=1008769)[0m node 0 is processing at round 8 for task 3
[2m[36m(ParallelModGrad pid=1008975)[0m node 1 is processing at round 8 for task 3
[2m[36m(ParallelModGrad pid=1009543)[0m node 2 is processing at round 8 for task 3
[2m[36m(ParallelModGrad pid=1010052)[0m node 3 is processing at round 8 for task 3
[2m[36m(ParallelModGrad pid=1010246)[0m node 4 is processing at round 8 for task 3
[2m[36m(ParallelModGrad pid=1010494)[0m node 5 is processing at round 8 for task 3
[2m[36m(ParallelModGrad pid=1010624)[0m node 6 is processing at round 8 for task 3
[2m[36m(ParallelModGrad pid=1011096)[0m node 7 is processing at round 8 for task 3
[2m[36m(ParallelModGrad pid=1008769)[0m node 0 is processing at round 9 for task 4
[2m[36m(ParallelModGrad pid=1008975)[0m node 1 is processing at round 9 for task 4
[2m[36m(ParallelModGrad pid=1009543)[0m node 2 is processing at round 9 for task 4
[2m[36m(ParallelModGrad pid=1010052)[0m node 3 is processing at round 9 for task 4
[2m[36m(ParallelModGrad pid=1010246)[0m node 4 is processing at round 9 for task 4
[2m[36m(ParallelModGrad pid=1010494)[0m node 5 is processing at round 9 for task 4
[2m[36m(ParallelModGrad pid=1010624)[0m node 6 is processing at round 9 for task 4
[2m[36m(ParallelModGrad pid=1011096)[0m node 7 is processing at round 9 for task 4
[2m[36m(ParallelModGrad pid=1008769)[0m node 0 is processing at round 0 for task 4
[2m[36m(ParallelModGrad pid=1008975)[0m node 1 is processing at round 0 for task 4
[2m[36m(ParallelModGrad pid=1009543)[0m node 2 is processing at round 0 for task 4
[2m[36m(ParallelModGrad pid=1010052)[0m node 3 is processing at round 0 for task 4
[2m[36m(ParallelModGrad pid=1010246)[0m node 4 is processing at round 0 for task 4
[2m[36m(ParallelModGrad pid=1010494)[0m node 5 is processing at round 0 for task 4
[2m[36m(ParallelModGrad pid=1010624)[0m node 6 is processing at round 0 for task 4
[2m[36m(ParallelModGrad pid=1011096)[0m node 7 is processing at round 0 for task 4
[2m[36m(ParallelModGrad pid=1008769)[0m node 0 is processing at round 1 for task 4
[2m[36m(ParallelModGrad pid=1008975)[0m node 1 is processing at round 1 for task 4
[2m[36m(ParallelModGrad pid=1009543)[0m node 2 is processing at round 1 for task 4
[2m[36m(ParallelModGrad pid=1010052)[0m node 3 is processing at round 1 for task 4
[2m[36m(ParallelModGrad pid=1010246)[0m node 4 is processing at round 1 for task 4
[2m[36m(ParallelModGrad pid=1010494)[0m node 5 is processing at round 1 for task 4
[2m[36m(ParallelModGrad pid=1010624)[0m node 6 is processing at round 1 for task 4
[2m[36m(ParallelModGrad pid=1011096)[0m node 7 is processing at round 1 for task 4
[2m[36m(ParallelModGrad pid=1008769)[0m node 0 is processing at round 2 for task 4
[2m[36m(ParallelModGrad pid=1008975)[0m node 1 is processing at round 2 for task 4
[2m[36m(ParallelModGrad pid=1009543)[0m node 2 is processing at round 2 for task 4
[2m[36m(ParallelModGrad pid=1010052)[0m node 3 is processing at round 2 for task 4
[2m[36m(ParallelModGrad pid=1010246)[0m node 4 is processing at round 2 for task 4
[2m[36m(ParallelModGrad pid=1010494)[0m node 5 is processing at round 2 for task 4
[2m[36m(ParallelModGrad pid=1010624)[0m node 6 is processing at round 2 for task 4
[2m[36m(ParallelModGrad pid=1011096)[0m node 7 is processing at round 2 for task 4
[2m[36m(ParallelModGrad pid=1008769)[0m node 0 is processing at round 3 for task 4
[2m[36m(ParallelModGrad pid=1008975)[0m node 1 is processing at round 3 for task 4
[2m[36m(ParallelModGrad pid=1009543)[0m node 2 is processing at round 3 for task 4
[2m[36m(ParallelModGrad pid=1010052)[0m node 3 is processing at round 3 for task 4
[2m[36m(ParallelModGrad pid=1010246)[0m node 4 is processing at round 3 for task 4
[2m[36m(ParallelModGrad pid=1010494)[0m node 5 is processing at round 3 for task 4
[2m[36m(ParallelModGrad pid=1010624)[0m node 6 is processing at round 3 for task 4
[2m[36m(ParallelModGrad pid=1011096)[0m node 7 is processing at round 3 for task 4
[2m[36m(ParallelModGrad pid=1008769)[0m node 0 is processing at round 4 for task 4
[2m[36m(ParallelModGrad pid=1008975)[0m node 1 is processing at round 4 for task 4
[2m[36m(ParallelModGrad pid=1009543)[0m node 2 is processing at round 4 for task 4
[2m[36m(ParallelModGrad pid=1010052)[0m node 3 is processing at round 4 for task 4
[2m[36m(ParallelModGrad pid=1010246)[0m node 4 is processing at round 4 for task 4
[2m[36m(ParallelModGrad pid=1010494)[0m node 5 is processing at round 4 for task 4
[2m[36m(ParallelModGrad pid=1010624)[0m node 6 is processing at round 4 for task 4
[2m[36m(ParallelModGrad pid=1011096)[0m node 7 is processing at round 4 for task 4
[2m[36m(ParallelModGrad pid=1008769)[0m node 0 is processing at round 5 for task 4
[2m[36m(ParallelModGrad pid=1008975)[0m node 1 is processing at round 5 for task 4
[2m[36m(ParallelModGrad pid=1009543)[0m node 2 is processing at round 5 for task 4
[2m[36m(ParallelModGrad pid=1010052)[0m node 3 is processing at round 5 for task 4
[2m[36m(ParallelModGrad pid=1010246)[0m node 4 is processing at round 5 for task 4
[2m[36m(ParallelModGrad pid=1010494)[0m node 5 is processing at round 5 for task 4
[2m[36m(ParallelModGrad pid=1010624)[0m node 6 is processing at round 5 for task 4
[2m[36m(ParallelModGrad pid=1011096)[0m node 7 is processing at round 5 for task 4
[2m[36m(ParallelModGrad pid=1008769)[0m node 0 is processing at round 6 for task 4
[2m[36m(ParallelModGrad pid=1008975)[0m node 1 is processing at round 6 for task 4
[2m[36m(ParallelModGrad pid=1009543)[0m node 2 is processing at round 6 for task 4
[2m[36m(ParallelModGrad pid=1010052)[0m node 3 is processing at round 6 for task 4
[2m[36m(ParallelModGrad pid=1010246)[0m node 4 is processing at round 6 for task 4
[2m[36m(ParallelModGrad pid=1010494)[0m node 5 is processing at round 6 for task 4
[2m[36m(ParallelModGrad pid=1010624)[0m node 6 is processing at round 6 for task 4
[2m[36m(ParallelModGrad pid=1011096)[0m node 7 is processing at round 6 for task 4
[2m[36m(ParallelModGrad pid=1008769)[0m node 0 is processing at round 7 for task 4
[2m[36m(ParallelModGrad pid=1008975)[0m node 1 is processing at round 7 for task 4
[2m[36m(ParallelModGrad pid=1009543)[0m node 2 is processing at round 7 for task 4
[2m[36m(ParallelModGrad pid=1010052)[0m node 3 is processing at round 7 for task 4
[2m[36m(ParallelModGrad pid=1010246)[0m node 4 is processing at round 7 for task 4
[2m[36m(ParallelModGrad pid=1010494)[0m node 5 is processing at round 7 for task 4
[2m[36m(ParallelModGrad pid=1010624)[0m node 6 is processing at round 7 for task 4
[2m[36m(ParallelModGrad pid=1011096)[0m node 7 is processing at round 7 for task 4
[2m[36m(ParallelModGrad pid=1008769)[0m node 0 is processing at round 8 for task 4
[2m[36m(ParallelModGrad pid=1008975)[0m node 1 is processing at round 8 for task 4
[2m[36m(ParallelModGrad pid=1009543)[0m node 2 is processing at round 8 for task 4
[2m[36m(ParallelModGrad pid=1010052)[0m node 3 is processing at round 8 for task 4
[2m[36m(ParallelModGrad pid=1010246)[0m node 4 is processing at round 8 for task 4
[2m[36m(ParallelModGrad pid=1010494)[0m node 5 is processing at round 8 for task 4
[2m[36m(ParallelModGrad pid=1010624)[0m node 6 is processing at round 8 for task 4
[2m[36m(ParallelModGrad pid=1011096)[0m node 7 is processing at round 8 for task 4
[2m[36m(ParallelModGrad pid=1008769)[0m node 0 is processing at round 9 for task 5
[2m[36m(ParallelModGrad pid=1008975)[0m node 1 is processing at round 9 for task 5
[2m[36m(ParallelModGrad pid=1009543)[0m node 2 is processing at round 9 for task 5
[2m[36m(ParallelModGrad pid=1010052)[0m node 3 is processing at round 9 for task 5
[2m[36m(ParallelModGrad pid=1010246)[0m node 4 is processing at round 9 for task 5
[2m[36m(ParallelModGrad pid=1010494)[0m node 5 is processing at round 9 for task 5
[2m[36m(ParallelModGrad pid=1010624)[0m node 6 is processing at round 9 for task 5
[2m[36m(ParallelModGrad pid=1011096)[0m node 7 is processing at round 9 for task 5
[2m[36m(ParallelModGrad pid=1008769)[0m node 0 is processing at round 0 for task 5
[2m[36m(ParallelModGrad pid=1008975)[0m node 1 is processing at round 0 for task 5
[2m[36m(ParallelModGrad pid=1009543)[0m node 2 is processing at round 0 for task 5
[2m[36m(ParallelModGrad pid=1010052)[0m node 3 is processing at round 0 for task 5
[2m[36m(ParallelModGrad pid=1010246)[0m node 4 is processing at round 0 for task 5
[2m[36m(ParallelModGrad pid=1010494)[0m node 5 is processing at round 0 for task 5
[2m[36m(ParallelModGrad pid=1010624)[0m node 6 is processing at round 0 for task 5
[2m[36m(ParallelModGrad pid=1011096)[0m node 7 is processing at round 0 for task 5
[2m[36m(ParallelModGrad pid=1008769)[0m node 0 is processing at round 1 for task 5
[2m[36m(ParallelModGrad pid=1008975)[0m node 1 is processing at round 1 for task 5
[2m[36m(ParallelModGrad pid=1009543)[0m node 2 is processing at round 1 for task 5
[2m[36m(ParallelModGrad pid=1010052)[0m node 3 is processing at round 1 for task 5
[2m[36m(ParallelModGrad pid=1010246)[0m node 4 is processing at round 1 for task 5
[2m[36m(ParallelModGrad pid=1010494)[0m node 5 is processing at round 1 for task 5
[2m[36m(ParallelModGrad pid=1010624)[0m node 6 is processing at round 1 for task 5
[2m[36m(ParallelModGrad pid=1011096)[0m node 7 is processing at round 1 for task 5
[2m[36m(ParallelModGrad pid=1008769)[0m node 0 is processing at round 2 for task 5
[2m[36m(ParallelModGrad pid=1008975)[0m node 1 is processing at round 2 for task 5
[2m[36m(ParallelModGrad pid=1009543)[0m node 2 is processing at round 2 for task 5
[2m[36m(ParallelModGrad pid=1010052)[0m node 3 is processing at round 2 for task 5
[2m[36m(ParallelModGrad pid=1010246)[0m node 4 is processing at round 2 for task 5
[2m[36m(ParallelModGrad pid=1010494)[0m node 5 is processing at round 2 for task 5
[2m[36m(ParallelModGrad pid=1010624)[0m node 6 is processing at round 2 for task 5
[2m[36m(ParallelModGrad pid=1011096)[0m node 7 is processing at round 2 for task 5
[2m[36m(ParallelModGrad pid=1008769)[0m node 0 is processing at round 3 for task 5
[2m[36m(ParallelModGrad pid=1008975)[0m node 1 is processing at round 3 for task 5
[2m[36m(ParallelModGrad pid=1009543)[0m node 2 is processing at round 3 for task 5
[2m[36m(ParallelModGrad pid=1010052)[0m node 3 is processing at round 3 for task 5
[2m[36m(ParallelModGrad pid=1010246)[0m node 4 is processing at round 3 for task 5
[2m[36m(ParallelModGrad pid=1010494)[0m node 5 is processing at round 3 for task 5
[2m[36m(ParallelModGrad pid=1010624)[0m node 6 is processing at round 3 for task 5
[2m[36m(ParallelModGrad pid=1011096)[0m node 7 is processing at round 3 for task 5
[2m[36m(ParallelModGrad pid=1008769)[0m node 0 is processing at round 4 for task 5
[2m[36m(ParallelModGrad pid=1008975)[0m node 1 is processing at round 4 for task 5
[2m[36m(ParallelModGrad pid=1009543)[0m node 2 is processing at round 4 for task 5
[2m[36m(ParallelModGrad pid=1010052)[0m node 3 is processing at round 4 for task 5
[2m[36m(ParallelModGrad pid=1010246)[0m node 4 is processing at round 4 for task 5
[2m[36m(ParallelModGrad pid=1010494)[0m node 5 is processing at round 4 for task 5
[2m[36m(ParallelModGrad pid=1010624)[0m node 6 is processing at round 4 for task 5
[2m[36m(ParallelModGrad pid=1011096)[0m node 7 is processing at round 4 for task 5
[2m[36m(ParallelModGrad pid=1008769)[0m node 0 is processing at round 5 for task 5
[2m[36m(ParallelModGrad pid=1008975)[0m node 1 is processing at round 5 for task 5
[2m[36m(ParallelModGrad pid=1009543)[0m node 2 is processing at round 5 for task 5
[2m[36m(ParallelModGrad pid=1010052)[0m node 3 is processing at round 5 for task 5
[2m[36m(ParallelModGrad pid=1010246)[0m node 4 is processing at round 5 for task 5
[2m[36m(ParallelModGrad pid=1010494)[0m node 5 is processing at round 5 for task 5
[2m[36m(ParallelModGrad pid=1010624)[0m node 6 is processing at round 5 for task 5
[2m[36m(ParallelModGrad pid=1011096)[0m node 7 is processing at round 5 for task 5
[2m[36m(ParallelModGrad pid=1008769)[0m node 0 is processing at round 6 for task 5
[2m[36m(ParallelModGrad pid=1008975)[0m node 1 is processing at round 6 for task 5
[2m[36m(ParallelModGrad pid=1009543)[0m node 2 is processing at round 6 for task 5
[2m[36m(ParallelModGrad pid=1010052)[0m node 3 is processing at round 6 for task 5
[2m[36m(ParallelModGrad pid=1010246)[0m node 4 is processing at round 6 for task 5
[2m[36m(ParallelModGrad pid=1010494)[0m node 5 is processing at round 6 for task 5
[2m[36m(ParallelModGrad pid=1010624)[0m node 6 is processing at round 6 for task 5
[2m[36m(ParallelModGrad pid=1011096)[0m node 7 is processing at round 6 for task 5
[2m[36m(ParallelModGrad pid=1008769)[0m node 0 is processing at round 7 for task 5
[2m[36m(ParallelModGrad pid=1008975)[0m node 1 is processing at round 7 for task 5
[2m[36m(ParallelModGrad pid=1009543)[0m node 2 is processing at round 7 for task 5
[2m[36m(ParallelModGrad pid=1010052)[0m node 3 is processing at round 7 for task 5
[2m[36m(ParallelModGrad pid=1010246)[0m node 4 is processing at round 7 for task 5
[2m[36m(ParallelModGrad pid=1010494)[0m node 5 is processing at round 7 for task 5
[2m[36m(ParallelModGrad pid=1010624)[0m node 6 is processing at round 7 for task 5
[2m[36m(ParallelModGrad pid=1011096)[0m node 7 is processing at round 7 for task 5
[2m[36m(ParallelModGrad pid=1008769)[0m node 0 is processing at round 8 for task 5
[2m[36m(ParallelModGrad pid=1008975)[0m node 1 is processing at round 8 for task 5
[2m[36m(ParallelModGrad pid=1009543)[0m node 2 is processing at round 8 for task 5
[2m[36m(ParallelModGrad pid=1010052)[0m node 3 is processing at round 8 for task 5
[2m[36m(ParallelModGrad pid=1010246)[0m node 4 is processing at round 8 for task 5
[2m[36m(ParallelModGrad pid=1010494)[0m node 5 is processing at round 8 for task 5
[2m[36m(ParallelModGrad pid=1010624)[0m node 6 is processing at round 8 for task 5
[2m[36m(ParallelModGrad pid=1011096)[0m node 7 is processing at round 8 for task 5
[2m[36m(ParallelModGrad pid=1008769)[0m node 0 is processing at round 9 for task 6
[2m[36m(ParallelModGrad pid=1008975)[0m node 1 is processing at round 9 for task 6
[2m[36m(ParallelModGrad pid=1009543)[0m node 2 is processing at round 9 for task 6
[2m[36m(ParallelModGrad pid=1010052)[0m node 3 is processing at round 9 for task 6
[2m[36m(ParallelModGrad pid=1010246)[0m node 4 is processing at round 9 for task 6
[2m[36m(ParallelModGrad pid=1010494)[0m node 5 is processing at round 9 for task 6
[2m[36m(ParallelModGrad pid=1010624)[0m node 6 is processing at round 9 for task 6
[2m[36m(ParallelModGrad pid=1011096)[0m node 7 is processing at round 9 for task 6
[2m[36m(ParallelModGrad pid=1008769)[0m node 0 is processing at round 0 for task 6
[2m[36m(ParallelModGrad pid=1008975)[0m node 1 is processing at round 0 for task 6
[2m[36m(ParallelModGrad pid=1009543)[0m node 2 is processing at round 0 for task 6
[2m[36m(ParallelModGrad pid=1010052)[0m node 3 is processing at round 0 for task 6
[2m[36m(ParallelModGrad pid=1010246)[0m node 4 is processing at round 0 for task 6
[2m[36m(ParallelModGrad pid=1010494)[0m node 5 is processing at round 0 for task 6
[2m[36m(ParallelModGrad pid=1010624)[0m node 6 is processing at round 0 for task 6
[2m[36m(ParallelModGrad pid=1011096)[0m node 7 is processing at round 0 for task 6
[2m[36m(ParallelModGrad pid=1008769)[0m node 0 is processing at round 1 for task 6
[2m[36m(ParallelModGrad pid=1008975)[0m node 1 is processing at round 1 for task 6
[2m[36m(ParallelModGrad pid=1009543)[0m node 2 is processing at round 1 for task 6
[2m[36m(ParallelModGrad pid=1010052)[0m node 3 is processing at round 1 for task 6
[2m[36m(ParallelModGrad pid=1010246)[0m node 4 is processing at round 1 for task 6
[2m[36m(ParallelModGrad pid=1010494)[0m node 5 is processing at round 1 for task 6
[2m[36m(ParallelModGrad pid=1010624)[0m node 6 is processing at round 1 for task 6
[2m[36m(ParallelModGrad pid=1011096)[0m node 7 is processing at round 1 for task 6
[2m[36m(ParallelModGrad pid=1008769)[0m node 0 is processing at round 2 for task 6
[2m[36m(ParallelModGrad pid=1008975)[0m node 1 is processing at round 2 for task 6
[2m[36m(ParallelModGrad pid=1009543)[0m node 2 is processing at round 2 for task 6
[2m[36m(ParallelModGrad pid=1010052)[0m node 3 is processing at round 2 for task 6
[2m[36m(ParallelModGrad pid=1010246)[0m node 4 is processing at round 2 for task 6
[2m[36m(ParallelModGrad pid=1010494)[0m node 5 is processing at round 2 for task 6
[2m[36m(ParallelModGrad pid=1010624)[0m node 6 is processing at round 2 for task 6
[2m[36m(ParallelModGrad pid=1011096)[0m node 7 is processing at round 2 for task 6
[2m[36m(ParallelModGrad pid=1008769)[0m node 0 is processing at round 3 for task 6
[2m[36m(ParallelModGrad pid=1008975)[0m node 1 is processing at round 3 for task 6
[2m[36m(ParallelModGrad pid=1009543)[0m node 2 is processing at round 3 for task 6
[2m[36m(ParallelModGrad pid=1010052)[0m node 3 is processing at round 3 for task 6
[2m[36m(ParallelModGrad pid=1010246)[0m node 4 is processing at round 3 for task 6
[2m[36m(ParallelModGrad pid=1010494)[0m node 5 is processing at round 3 for task 6
[2m[36m(ParallelModGrad pid=1010624)[0m node 6 is processing at round 3 for task 6
[2m[36m(ParallelModGrad pid=1011096)[0m node 7 is processing at round 3 for task 6
[2m[36m(ParallelModGrad pid=1008769)[0m node 0 is processing at round 4 for task 6
[2m[36m(ParallelModGrad pid=1008975)[0m node 1 is processing at round 4 for task 6
[2m[36m(ParallelModGrad pid=1009543)[0m node 2 is processing at round 4 for task 6
[2m[36m(ParallelModGrad pid=1010052)[0m node 3 is processing at round 4 for task 6
[2m[36m(ParallelModGrad pid=1010246)[0m node 4 is processing at round 4 for task 6
[2m[36m(ParallelModGrad pid=1010494)[0m node 5 is processing at round 4 for task 6
[2m[36m(ParallelModGrad pid=1010624)[0m node 6 is processing at round 4 for task 6
[2m[36m(ParallelModGrad pid=1011096)[0m node 7 is processing at round 4 for task 6
[2m[36m(ParallelModGrad pid=1008769)[0m node 0 is processing at round 5 for task 6
[2m[36m(ParallelModGrad pid=1008975)[0m node 1 is processing at round 5 for task 6
[2m[36m(ParallelModGrad pid=1009543)[0m node 2 is processing at round 5 for task 6
[2m[36m(ParallelModGrad pid=1010052)[0m node 3 is processing at round 5 for task 6
[2m[36m(ParallelModGrad pid=1010246)[0m node 4 is processing at round 5 for task 6
[2m[36m(ParallelModGrad pid=1010494)[0m node 5 is processing at round 5 for task 6
[2m[36m(ParallelModGrad pid=1010624)[0m node 6 is processing at round 5 for task 6
[2m[36m(ParallelModGrad pid=1011096)[0m node 7 is processing at round 5 for task 6
[2m[36m(ParallelModGrad pid=1008769)[0m node 0 is processing at round 6 for task 6
[2m[36m(ParallelModGrad pid=1008975)[0m node 1 is processing at round 6 for task 6
[2m[36m(ParallelModGrad pid=1009543)[0m node 2 is processing at round 6 for task 6
[2m[36m(ParallelModGrad pid=1010052)[0m node 3 is processing at round 6 for task 6
[2m[36m(ParallelModGrad pid=1010246)[0m node 4 is processing at round 6 for task 6
[2m[36m(ParallelModGrad pid=1010494)[0m node 5 is processing at round 6 for task 6
[2m[36m(ParallelModGrad pid=1010624)[0m node 6 is processing at round 6 for task 6
[2m[36m(ParallelModGrad pid=1011096)[0m node 7 is processing at round 6 for task 6
[2m[36m(ParallelModGrad pid=1008769)[0m node 0 is processing at round 7 for task 6
[2m[36m(ParallelModGrad pid=1008975)[0m node 1 is processing at round 7 for task 6
[2m[36m(ParallelModGrad pid=1009543)[0m node 2 is processing at round 7 for task 6
[2m[36m(ParallelModGrad pid=1010052)[0m node 3 is processing at round 7 for task 6
[2m[36m(ParallelModGrad pid=1010246)[0m node 4 is processing at round 7 for task 6
[2m[36m(ParallelModGrad pid=1010494)[0m node 5 is processing at round 7 for task 6
[2m[36m(ParallelModGrad pid=1010624)[0m node 6 is processing at round 7 for task 6
[2m[36m(ParallelModGrad pid=1011096)[0m node 7 is processing at round 7 for task 6
[2m[36m(ParallelModGrad pid=1008769)[0m node 0 is processing at round 8 for task 6
[2m[36m(ParallelModGrad pid=1008975)[0m node 1 is processing at round 8 for task 6
[2m[36m(ParallelModGrad pid=1009543)[0m node 2 is processing at round 8 for task 6
[2m[36m(ParallelModGrad pid=1010052)[0m node 3 is processing at round 8 for task 6
[2m[36m(ParallelModGrad pid=1010246)[0m node 4 is processing at round 8 for task 6
[2m[36m(ParallelModGrad pid=1010494)[0m node 5 is processing at round 8 for task 6
[2m[36m(ParallelModGrad pid=1010624)[0m node 6 is processing at round 8 for task 6
[2m[36m(ParallelModGrad pid=1011096)[0m node 7 is processing at round 8 for task 6
[2m[36m(ParallelModGrad pid=1008769)[0m node 0 is processing at round 9 for task 7
[2m[36m(ParallelModGrad pid=1008975)[0m node 1 is processing at round 9 for task 7
[2m[36m(ParallelModGrad pid=1009543)[0m node 2 is processing at round 9 for task 7
[2m[36m(ParallelModGrad pid=1010052)[0m node 3 is processing at round 9 for task 7
[2m[36m(ParallelModGrad pid=1010246)[0m node 4 is processing at round 9 for task 7
[2m[36m(ParallelModGrad pid=1010494)[0m node 5 is processing at round 9 for task 7
[2m[36m(ParallelModGrad pid=1010624)[0m node 6 is processing at round 9 for task 7
[2m[36m(ParallelModGrad pid=1011096)[0m node 7 is processing at round 9 for task 7
{'algo': 'modular', 'seed': 1, 'parallel': True, 'agent.batch_size': 64, 'num_agents': 8, 'dataset': 'mnist', 'dataset.num_trains_per_class': 64, 'dataset.num_vals_per_class': 50, 'dataset.remap_labels': True, 'dataset.with_replacement': True, 'dataset.num_tasks': 10, 'net': 'mlp', 'net.depth': 4, 'num_init_tasks': 4, 'net.dropout': 0.0, 'train.num_epochs': 100, 'train.component_update_freq': 100, 'train.init_num_epochs': 100, 'train.init_component_update_freq': 100, 'train.save_freq': 1, 'agent.use_contrastive': True, 'agent.memory_size': 32, 'root_save_dir': 'experiment_results/fedavg/', 'sharing_strategy': 'grad_sharing', 'sharing_strategy.comm_freq': 10}
No. of experiments: 1
Experiment runs took 0:28:43.901245
