/mnt/kostas-graid/sw/envs/vlongle/miniconda3/envs/shell/lib/python3.10/site-packages/hydra/_internal/defaults_list.py:251: UserWarning: In 'config': Defaults list is missing `_self_`. See https://hydra.cc/docs/1.2/upgrades/1.0_to_1.1/default_composition_order for more information
  warnings.warn(msg, UserWarning)
{'train': {'component_update_freq': 100, 'num_epochs': 100, 'init_component_update_freq': 100, 'init_num_epochs': 100, 'save_freq': 20}, 'dataset': {'dataset_name': 'fashionmnist', 'num_tasks': 10, 'num_classes_per_task': 2, 'with_replacement': True, 'num_trains_per_class': 64, 'num_vals_per_class': 50, 'remap_labels': True}, 'net': {'name': 'mlp', 'depth': 4, 'layer_size': 64, 'dropout': 0.0}, 'sharing_strategy': {'name': 'no_sharing', 'num_coms_per_round': 0}, 'seed': 3, 'algo': 'monolithic', 'job_name': 'fashionmnist_monolithic_numtrain_64_contrastive', 'num_agents': 8, 'root_save_dir': 'experiment_results/vanilla_fix_bug_compute_loss_encodev2', 'parallel': True, 'num_init_tasks': 4, 'agent': {'save_dir': '${root_save_dir}/${job_name}/${dataset.dataset_name}/${algo}/seed_${seed}', 'batch_size': 64, 'memory_size': 32, 'improvement_threshold': 0.05, 'use_contrastive': True}}
[2023-10-04 19:46:53,714][root][INFO] - Class sequence: [9 2 0 7 0 6 4 3 9 5 4 9 8 0 3 0 7 6 6 1]
[2023-10-04 19:46:53,732][root][INFO] - task 0 :(128, 1, 28, 28)
[2023-10-04 19:46:53,778][root][INFO] - task 1 :(128, 1, 28, 28)
[2023-10-04 19:46:53,799][root][INFO] - task 2 :(128, 1, 28, 28)
[2023-10-04 19:46:53,819][root][INFO] - task 3 :(128, 1, 28, 28)
[2023-10-04 19:46:53,838][root][INFO] - task 4 :(128, 1, 28, 28)
[2023-10-04 19:46:53,858][root][INFO] - task 5 :(128, 1, 28, 28)
[2023-10-04 19:46:53,878][root][INFO] - task 6 :(128, 1, 28, 28)
[2023-10-04 19:46:53,898][root][INFO] - task 7 :(128, 1, 28, 28)
[2023-10-04 19:46:53,917][root][INFO] - task 8 :(128, 1, 28, 28)
[2023-10-04 19:46:53,937][root][INFO] - task 9 :(128, 1, 28, 28)
[2023-10-04 19:46:54,039][root][INFO] - Class sequence: [5 4 3 0 1 2 9 3 6 0 3 6 9 7 3 6 0 9 4 1]
[2023-10-04 19:46:54,056][root][INFO] - task 0 :(128, 1, 28, 28)
[2023-10-04 19:46:54,076][root][INFO] - task 1 :(128, 1, 28, 28)
[2023-10-04 19:46:54,097][root][INFO] - task 2 :(128, 1, 28, 28)
[2023-10-04 19:46:54,117][root][INFO] - task 3 :(128, 1, 28, 28)
[2023-10-04 19:46:54,137][root][INFO] - task 4 :(128, 1, 28, 28)
[2023-10-04 19:46:54,159][root][INFO] - task 5 :(128, 1, 28, 28)
[2023-10-04 19:46:54,179][root][INFO] - task 6 :(128, 1, 28, 28)
[2023-10-04 19:46:54,199][root][INFO] - task 7 :(128, 1, 28, 28)
[2023-10-04 19:46:54,219][root][INFO] - task 8 :(128, 1, 28, 28)
[2023-10-04 19:46:54,239][root][INFO] - task 9 :(128, 1, 28, 28)
[2023-10-04 19:46:54,339][root][INFO] - Class sequence: [8 0 2 6 0 4 9 4 0 6 0 1 6 9 0 2 8 7 1 9]
[2023-10-04 19:46:54,356][root][INFO] - task 0 :(128, 1, 28, 28)
[2023-10-04 19:46:54,377][root][INFO] - task 1 :(128, 1, 28, 28)
[2023-10-04 19:46:54,398][root][INFO] - task 2 :(128, 1, 28, 28)
[2023-10-04 19:46:54,418][root][INFO] - task 3 :(128, 1, 28, 28)
[2023-10-04 19:46:54,438][root][INFO] - task 4 :(128, 1, 28, 28)
[2023-10-04 19:46:54,458][root][INFO] - task 5 :(128, 1, 28, 28)
[2023-10-04 19:46:54,479][root][INFO] - task 6 :(128, 1, 28, 28)
[2023-10-04 19:46:54,500][root][INFO] - task 7 :(128, 1, 28, 28)
[2023-10-04 19:46:54,520][root][INFO] - task 8 :(128, 1, 28, 28)
[2023-10-04 19:46:54,539][root][INFO] - task 9 :(128, 1, 28, 28)
[2023-10-04 19:46:54,644][root][INFO] - Class sequence: [7 3 2 4 0 9 4 6 0 2 1 0 0 4 0 8 4 9 5 1]
[2023-10-04 19:46:54,661][root][INFO] - task 0 :(128, 1, 28, 28)
[2023-10-04 19:46:54,681][root][INFO] - task 1 :(128, 1, 28, 28)
[2023-10-04 19:46:54,700][root][INFO] - task 2 :(128, 1, 28, 28)
[2023-10-04 19:46:54,720][root][INFO] - task 3 :(128, 1, 28, 28)
[2023-10-04 19:46:54,740][root][INFO] - task 4 :(128, 1, 28, 28)
[2023-10-04 19:46:54,759][root][INFO] - task 5 :(128, 1, 28, 28)
[2023-10-04 19:46:54,780][root][INFO] - task 6 :(128, 1, 28, 28)
[2023-10-04 19:46:54,800][root][INFO] - task 7 :(128, 1, 28, 28)
[2023-10-04 19:46:54,820][root][INFO] - task 8 :(128, 1, 28, 28)
[2023-10-04 19:46:54,847][root][INFO] - task 9 :(128, 1, 28, 28)
[2023-10-04 19:46:54,950][root][INFO] - Class sequence: [7 1 2 3 1 5 2 1 1 4 4 0 0 1 2 5 3 5 3 0]
[2023-10-04 19:46:54,968][root][INFO] - task 0 :(128, 1, 28, 28)
[2023-10-04 19:46:54,989][root][INFO] - task 1 :(128, 1, 28, 28)
[2023-10-04 19:46:55,010][root][INFO] - task 2 :(128, 1, 28, 28)
[2023-10-04 19:46:55,030][root][INFO] - task 3 :(128, 1, 28, 28)
[2023-10-04 19:46:55,050][root][INFO] - task 4 :(128, 1, 28, 28)
[2023-10-04 19:46:55,071][root][INFO] - task 5 :(128, 1, 28, 28)
[2023-10-04 19:46:55,090][root][INFO] - task 6 :(128, 1, 28, 28)
[2023-10-04 19:46:55,111][root][INFO] - task 7 :(128, 1, 28, 28)
[2023-10-04 19:46:55,131][root][INFO] - task 8 :(128, 1, 28, 28)
[2023-10-04 19:46:55,151][root][INFO] - task 9 :(128, 1, 28, 28)
[2023-10-04 19:46:55,252][root][INFO] - Class sequence: [3 5 9 0 5 7 8 1 1 0 2 3 5 2 3 4 5 3 4 3]
[2023-10-04 19:46:55,269][root][INFO] - task 0 :(128, 1, 28, 28)
[2023-10-04 19:46:55,288][root][INFO] - task 1 :(128, 1, 28, 28)
[2023-10-04 19:46:55,308][root][INFO] - task 2 :(128, 1, 28, 28)
[2023-10-04 19:46:55,328][root][INFO] - task 3 :(128, 1, 28, 28)
[2023-10-04 19:46:55,349][root][INFO] - task 4 :(128, 1, 28, 28)
[2023-10-04 19:46:55,369][root][INFO] - task 5 :(128, 1, 28, 28)
[2023-10-04 19:46:55,389][root][INFO] - task 6 :(128, 1, 28, 28)
[2023-10-04 19:46:55,409][root][INFO] - task 7 :(128, 1, 28, 28)
[2023-10-04 19:46:55,429][root][INFO] - task 8 :(128, 1, 28, 28)
[2023-10-04 19:46:55,449][root][INFO] - task 9 :(128, 1, 28, 28)
[2023-10-04 19:46:55,550][root][INFO] - Class sequence: [0 1 9 4 1 6 0 7 5 6 5 2 1 8 6 4 2 3 6 4]
[2023-10-04 19:46:55,568][root][INFO] - task 0 :(128, 1, 28, 28)
[2023-10-04 19:46:55,589][root][INFO] - task 1 :(128, 1, 28, 28)
[2023-10-04 19:46:55,610][root][INFO] - task 2 :(128, 1, 28, 28)
[2023-10-04 19:46:55,630][root][INFO] - task 3 :(128, 1, 28, 28)
[2023-10-04 19:46:55,650][root][INFO] - task 4 :(128, 1, 28, 28)
[2023-10-04 19:46:55,671][root][INFO] - task 5 :(128, 1, 28, 28)
[2023-10-04 19:46:55,692][root][INFO] - task 6 :(128, 1, 28, 28)
[2023-10-04 19:46:55,712][root][INFO] - task 7 :(128, 1, 28, 28)
[2023-10-04 19:46:55,734][root][INFO] - task 8 :(128, 1, 28, 28)
[2023-10-04 19:46:55,754][root][INFO] - task 9 :(128, 1, 28, 28)
[2023-10-04 19:46:55,856][root][INFO] - Class sequence: [5 4 7 0 5 9 9 6 9 8 9 5 2 6 3 9 2 0 8 1]
[2023-10-04 19:46:55,873][root][INFO] - task 0 :(128, 1, 28, 28)
[2023-10-04 19:46:55,893][root][INFO] - task 1 :(128, 1, 28, 28)
[2023-10-04 19:46:55,913][root][INFO] - task 2 :(128, 1, 28, 28)
[2023-10-04 19:46:55,933][root][INFO] - task 3 :(128, 1, 28, 28)
[2023-10-04 19:46:55,960][root][INFO] - task 4 :(128, 1, 28, 28)
[2023-10-04 19:46:55,980][root][INFO] - task 5 :(128, 1, 28, 28)
[2023-10-04 19:46:56,001][root][INFO] - task 6 :(128, 1, 28, 28)
[2023-10-04 19:46:56,021][root][INFO] - task 7 :(128, 1, 28, 28)
[2023-10-04 19:46:56,042][root][INFO] - task 8 :(128, 1, 28, 28)
[2023-10-04 19:46:56,063][root][INFO] - task 9 :(128, 1, 28, 28)
i_size 28
num_classes 2
net_cfg {'name': 'mlp', 'depth': 4, 'layer_size': 64, 'dropout': 0.0, 'i_size': 28, 'num_classes': 2, 'num_tasks': 10, 'num_init_tasks': 4, 'use_contrastive': True}
<class 'shell.learners.er_nocomponents.NoComponentsER'>
[2023-10-04 19:46:56,086][root][INFO] - No. gpus per agent: 0.25
2023-10-04 19:46:58,610	INFO worker.py:1544 -- Started a local Ray instance. View the dashboard at [1m[32m127.0.0.1:8265 [39m[22m
[2m[36m(ParallelAgent pid=474905)[0m INFO:root:Agent: node_id: 0, seed: 3
[2m[36m(ParallelAgent pid=474906)[0m INFO:root:Agent: node_id: 1, seed: 1003
[2m[36m(ParallelAgent pid=474907)[0m INFO:root:Agent: node_id: 2, seed: 2003
[2m[36m(ParallelAgent pid=474908)[0m INFO:root:Agent: node_id: 3, seed: 3003
[2m[36m(ParallelAgent pid=474909)[0m INFO:root:Agent: node_id: 4, seed: 4003
[2m[36m(ParallelAgent pid=474966)[0m INFO:root:Agent: node_id: 5, seed: 5003
[2m[36m(ParallelAgent pid=475106)[0m INFO:root:Agent: node_id: 6, seed: 6003
[2m[36m(ParallelAgent pid=475241)[0m INFO:root:Agent: node_id: 7, seed: 7003
[2023-10-04 19:47:16,516][root][INFO] - Created fleet with 8 agents
[2023-10-04 19:47:16,516][root][INFO] - Adding neighbors...
[2023-10-04 19:47:16,526][root][INFO] - Fleet initialized
Error executing job with overrides: ['algo=monolithic', 'agent.batch_size=64', 'seed=3', 'parallel=True', 'num_agents=8', 'dataset=fashionmnist', 'dataset.num_trains_per_class=64', 'dataset.num_vals_per_class=50', 'dataset.remap_labels=True', 'dataset.with_replacement=True', 'dataset.num_tasks=10', 'net=mlp', 'net.depth=4', 'num_init_tasks=4', 'net.dropout=0.0', 'train.num_epochs=100', 'train.component_update_freq=100', 'train.init_num_epochs=100', 'train.init_component_update_freq=100', 'train.save_freq=20', 'agent.use_contrastive=True', 'agent.memory_size=32', 'root_save_dir=experiment_results/vanilla_fix_bug_compute_loss_encodev2', 'train=monolithic', 'job_name=fashionmnist_monolithic_numtrain_64_contrastive']
Traceback (most recent call last):
  File "/home/vlongle/learning-hive/experiments/run.py", line 41, in main
    fleet.train_and_comm(task_id)
  File "/home/vlongle/learning-hive/src/shell/fleet/fleet.py", line 274, in train_and_comm
    ray.get([agent.train.remote(task_id, start_epoch, self.comm_freq) for agent in self.agents])
  File "/mnt/kostas-graid/sw/envs/vlongle/miniconda3/envs/shell/lib/python3.10/site-packages/ray/_private/client_mode_hook.py", line 105, in wrapper
    return func(*args, **kwargs)
  File "/mnt/kostas-graid/sw/envs/vlongle/miniconda3/envs/shell/lib/python3.10/site-packages/ray/_private/worker.py", line 2380, in get
    raise value.as_instanceof_cause()
ray.exceptions.RayTaskError(AttributeError): [36mray::ParallelAgent.train()[39m (pid=474907, ip=192.168.141.69, repr=<shell.fleet.fleet.ParallelAgent object at 0x7f4f196b2c20>)
  File "/home/vlongle/learning-hive/src/shell/fleet/fleet.py", line 97, in train
    self.agent.train(trainloader, task_id, testloaders=testloaders,
  File "/home/vlongle/learning-hive/src/shell/learners/er_nocomponents.py", line 36, in train
    self.save_data(start_epoch, task_id, testloaders,
  File "/home/vlongle/learning-hive/src/shell/learners/base_learning_classes.py", line 226, in save_data
    self.test_loss, self.test_acc = self.evaluate(testloaders, mode=mode)
  File "/home/vlongle/learning-hive/src/shell/learners/base_learning_classes.py", line 198, in evaluate
    l += self.compute_loss(X, Y, task, mode='ce').item()
  File "/home/vlongle/learning-hive/src/shell/learners/base_learning_classes.py", line 140, in compute_loss
    return self.compute_cross_entropy_loss(X, Y, task_id, detach=False)
  File "/home/vlongle/learning-hive/src/shell/learners/base_learning_classes.py", line 109, in compute_cross_entropy_loss
    X_encode = self.net.encodev2(X, task_id)
  File "/mnt/kostas-graid/sw/envs/vlongle/miniconda3/envs/shell/lib/python3.10/site-packages/torch/nn/modules/module.py", line 1614, in __getattr__
    raise AttributeError("'{}' object has no attribute '{}'".format(
AttributeError: 'MLP' object has no attribute 'encodev2'

Set the environment variable HYDRA_FULL_ERROR=1 for a complete stack trace.
/mnt/kostas-graid/sw/envs/vlongle/miniconda3/envs/shell/lib/python3.10/site-packages/hydra/_internal/defaults_list.py:251: UserWarning: In 'config': Defaults list is missing `_self_`. See https://hydra.cc/docs/1.2/upgrades/1.0_to_1.1/default_composition_order for more information
  warnings.warn(msg, UserWarning)
{'train': {'component_update_freq': 100, 'num_epochs': 100, 'init_component_update_freq': 100, 'init_num_epochs': 100, 'save_freq': 20}, 'dataset': {'dataset_name': 'fashionmnist', 'num_tasks': 10, 'num_classes_per_task': 2, 'with_replacement': True, 'num_trains_per_class': 64, 'num_vals_per_class': 50, 'remap_labels': True}, 'net': {'name': 'mlp', 'depth': 4, 'layer_size': 64, 'dropout': 0.0}, 'sharing_strategy': {'name': 'no_sharing', 'num_coms_per_round': 0}, 'seed': 3, 'algo': 'modular', 'job_name': 'fashionmnist_modular_numtrain_64_contrastive', 'num_agents': 8, 'root_save_dir': 'experiment_results/vanilla_fix_bug_compute_loss_encodev2', 'parallel': True, 'num_init_tasks': 4, 'agent': {'save_dir': '${root_save_dir}/${job_name}/${dataset.dataset_name}/${algo}/seed_${seed}', 'batch_size': 64, 'memory_size': 32, 'improvement_threshold': 0.05, 'use_contrastive': True}}
[2023-10-04 19:47:27,862][root][INFO] - Class sequence: [9 2 0 7 0 6 4 3 9 5 4 9 8 0 3 0 7 6 6 1]
[2023-10-04 19:47:27,881][root][INFO] - task 0 :(128, 1, 28, 28)
[2023-10-04 19:47:27,926][root][INFO] - task 1 :(128, 1, 28, 28)
[2023-10-04 19:47:27,947][root][INFO] - task 2 :(128, 1, 28, 28)
[2023-10-04 19:47:27,968][root][INFO] - task 3 :(128, 1, 28, 28)
[2023-10-04 19:47:27,987][root][INFO] - task 4 :(128, 1, 28, 28)
[2023-10-04 19:47:28,007][root][INFO] - task 5 :(128, 1, 28, 28)
[2023-10-04 19:47:28,027][root][INFO] - task 6 :(128, 1, 28, 28)
[2023-10-04 19:47:28,047][root][INFO] - task 7 :(128, 1, 28, 28)
[2023-10-04 19:47:28,066][root][INFO] - task 8 :(128, 1, 28, 28)
[2023-10-04 19:47:28,086][root][INFO] - task 9 :(128, 1, 28, 28)
[2023-10-04 19:47:28,188][root][INFO] - Class sequence: [5 4 3 0 1 2 9 3 6 0 3 6 9 7 3 6 0 9 4 1]
[2023-10-04 19:47:28,206][root][INFO] - task 0 :(128, 1, 28, 28)
[2023-10-04 19:47:28,226][root][INFO] - task 1 :(128, 1, 28, 28)
[2023-10-04 19:47:28,247][root][INFO] - task 2 :(128, 1, 28, 28)
[2023-10-04 19:47:28,268][root][INFO] - task 3 :(128, 1, 28, 28)
[2023-10-04 19:47:28,290][root][INFO] - task 4 :(128, 1, 28, 28)
[2023-10-04 19:47:28,316][root][INFO] - task 5 :(128, 1, 28, 28)
[2023-10-04 19:47:28,336][root][INFO] - task 6 :(128, 1, 28, 28)
[2023-10-04 19:47:28,356][root][INFO] - task 7 :(128, 1, 28, 28)
[2023-10-04 19:47:28,378][root][INFO] - task 8 :(128, 1, 28, 28)
[2023-10-04 19:47:28,399][root][INFO] - task 9 :(128, 1, 28, 28)
[2023-10-04 19:47:28,500][root][INFO] - Class sequence: [8 0 2 6 0 4 9 4 0 6 0 1 6 9 0 2 8 7 1 9]
[2023-10-04 19:47:28,517][root][INFO] - task 0 :(128, 1, 28, 28)
[2023-10-04 19:47:28,539][root][INFO] - task 1 :(128, 1, 28, 28)
[2023-10-04 19:47:28,560][root][INFO] - task 2 :(128, 1, 28, 28)
[2023-10-04 19:47:28,581][root][INFO] - task 3 :(128, 1, 28, 28)
[2023-10-04 19:47:28,602][root][INFO] - task 4 :(128, 1, 28, 28)
[2023-10-04 19:47:28,622][root][INFO] - task 5 :(128, 1, 28, 28)
[2023-10-04 19:47:28,644][root][INFO] - task 6 :(128, 1, 28, 28)
[2023-10-04 19:47:28,665][root][INFO] - task 7 :(128, 1, 28, 28)
[2023-10-04 19:47:28,685][root][INFO] - task 8 :(128, 1, 28, 28)
[2023-10-04 19:47:28,704][root][INFO] - task 9 :(128, 1, 28, 28)
[2023-10-04 19:47:28,809][root][INFO] - Class sequence: [7 3 2 4 0 9 4 6 0 2 1 0 0 4 0 8 4 9 5 1]
[2023-10-04 19:47:28,826][root][INFO] - task 0 :(128, 1, 28, 28)
[2023-10-04 19:47:28,847][root][INFO] - task 1 :(128, 1, 28, 28)
[2023-10-04 19:47:28,866][root][INFO] - task 2 :(128, 1, 28, 28)
[2023-10-04 19:47:28,886][root][INFO] - task 3 :(128, 1, 28, 28)
[2023-10-04 19:47:28,918][root][INFO] - task 4 :(128, 1, 28, 28)
[2023-10-04 19:47:28,954][root][INFO] - task 5 :(128, 1, 28, 28)
[2023-10-04 19:47:28,975][root][INFO] - task 6 :(128, 1, 28, 28)
[2023-10-04 19:47:28,994][root][INFO] - task 7 :(128, 1, 28, 28)
[2023-10-04 19:47:29,014][root][INFO] - task 8 :(128, 1, 28, 28)
[2023-10-04 19:47:29,035][root][INFO] - task 9 :(128, 1, 28, 28)
[2023-10-04 19:47:29,137][root][INFO] - Class sequence: [7 1 2 3 1 5 2 1 1 4 4 0 0 1 2 5 3 5 3 0]
[2023-10-04 19:47:29,156][root][INFO] - task 0 :(128, 1, 28, 28)
[2023-10-04 19:47:29,176][root][INFO] - task 1 :(128, 1, 28, 28)
[2023-10-04 19:47:29,197][root][INFO] - task 2 :(128, 1, 28, 28)
[2023-10-04 19:47:29,216][root][INFO] - task 3 :(128, 1, 28, 28)
[2023-10-04 19:47:29,237][root][INFO] - task 4 :(128, 1, 28, 28)
[2023-10-04 19:47:29,257][root][INFO] - task 5 :(128, 1, 28, 28)
[2023-10-04 19:47:29,277][root][INFO] - task 6 :(128, 1, 28, 28)
[2023-10-04 19:47:29,297][root][INFO] - task 7 :(128, 1, 28, 28)
[2023-10-04 19:47:29,317][root][INFO] - task 8 :(128, 1, 28, 28)
[2023-10-04 19:47:29,337][root][INFO] - task 9 :(128, 1, 28, 28)
[2023-10-04 19:47:29,440][root][INFO] - Class sequence: [3 5 9 0 5 7 8 1 1 0 2 3 5 2 3 4 5 3 4 3]
[2023-10-04 19:47:29,457][root][INFO] - task 0 :(128, 1, 28, 28)
[2023-10-04 19:47:29,475][root][INFO] - task 1 :(128, 1, 28, 28)
[2023-10-04 19:47:29,496][root][INFO] - task 2 :(128, 1, 28, 28)
[2023-10-04 19:47:29,516][root][INFO] - task 3 :(128, 1, 28, 28)
[2023-10-04 19:47:29,537][root][INFO] - task 4 :(128, 1, 28, 28)
[2023-10-04 19:47:29,556][root][INFO] - task 5 :(128, 1, 28, 28)
[2023-10-04 19:47:29,576][root][INFO] - task 6 :(128, 1, 28, 28)
[2023-10-04 19:47:29,596][root][INFO] - task 7 :(128, 1, 28, 28)
[2023-10-04 19:47:29,616][root][INFO] - task 8 :(128, 1, 28, 28)
[2023-10-04 19:47:29,635][root][INFO] - task 9 :(128, 1, 28, 28)
[2023-10-04 19:47:29,737][root][INFO] - Class sequence: [0 1 9 4 1 6 0 7 5 6 5 2 1 8 6 4 2 3 6 4]
[2023-10-04 19:47:29,755][root][INFO] - task 0 :(128, 1, 28, 28)
[2023-10-04 19:47:29,775][root][INFO] - task 1 :(128, 1, 28, 28)
[2023-10-04 19:47:29,795][root][INFO] - task 2 :(128, 1, 28, 28)
[2023-10-04 19:47:29,815][root][INFO] - task 3 :(128, 1, 28, 28)
[2023-10-04 19:47:29,835][root][INFO] - task 4 :(128, 1, 28, 28)
[2023-10-04 19:47:29,855][root][INFO] - task 5 :(128, 1, 28, 28)
[2023-10-04 19:47:29,876][root][INFO] - task 6 :(128, 1, 28, 28)
[2023-10-04 19:47:29,896][root][INFO] - task 7 :(128, 1, 28, 28)
[2023-10-04 19:47:29,915][root][INFO] - task 8 :(128, 1, 28, 28)
[2023-10-04 19:47:29,935][root][INFO] - task 9 :(128, 1, 28, 28)
[2023-10-04 19:47:30,040][root][INFO] - Class sequence: [5 4 7 0 5 9 9 6 9 8 9 5 2 6 3 9 2 0 8 1]
[2023-10-04 19:47:30,057][root][INFO] - task 0 :(128, 1, 28, 28)
[2023-10-04 19:47:30,076][root][INFO] - task 1 :(128, 1, 28, 28)
[2023-10-04 19:47:30,097][root][INFO] - task 2 :(128, 1, 28, 28)
[2023-10-04 19:47:30,117][root][INFO] - task 3 :(128, 1, 28, 28)
[2023-10-04 19:47:30,137][root][INFO] - task 4 :(128, 1, 28, 28)
[2023-10-04 19:47:30,157][root][INFO] - task 5 :(128, 1, 28, 28)
[2023-10-04 19:47:30,178][root][INFO] - task 6 :(128, 1, 28, 28)
[2023-10-04 19:47:30,198][root][INFO] - task 7 :(128, 1, 28, 28)
[2023-10-04 19:47:30,219][root][INFO] - task 8 :(128, 1, 28, 28)
[2023-10-04 19:47:30,240][root][INFO] - task 9 :(128, 1, 28, 28)
i_size 28
num_classes 2
net_cfg {'name': 'mlp', 'depth': 4, 'layer_size': 64, 'dropout': 0.0, 'i_size': 28, 'num_classes': 2, 'num_tasks': 10, 'num_init_tasks': 4, 'use_contrastive': True}
<class 'shell.learners.er_dynamic.CompositionalDynamicER'>
[2023-10-04 19:47:30,265][root][INFO] - No. gpus per agent: 0.25
2023-10-04 19:47:32,629	INFO worker.py:1544 -- Started a local Ray instance. View the dashboard at [1m[32m127.0.0.1:8265 [39m[22m
[2m[36m(ParallelAgent pid=514635)[0m INFO:root:Agent: node_id: 0, seed: 3
[2m[36m(ParallelAgent pid=514637)[0m INFO:root:Agent: node_id: 2, seed: 2003
[2m[36m(ParallelAgent pid=514636)[0m INFO:root:Agent: node_id: 1, seed: 1003
[2m[36m(ParallelAgent pid=514665)[0m INFO:root:Agent: node_id: 3, seed: 3003
[2m[36m(ParallelAgent pid=514719)[0m INFO:root:Agent: node_id: 4, seed: 4003
[2m[36m(ParallelAgent pid=514903)[0m INFO:root:Agent: node_id: 6, seed: 6003
[2m[36m(ParallelAgent pid=514778)[0m INFO:root:Agent: node_id: 5, seed: 5003
[2m[36m(ParallelAgent pid=514965)[0m INFO:root:Agent: node_id: 7, seed: 7003
[2023-10-04 19:47:50,849][root][INFO] - Created fleet with 8 agents
[2023-10-04 19:47:50,850][root][INFO] - Adding neighbors...
[2023-10-04 19:47:50,859][root][INFO] - Fleet initialized
Error executing job with overrides: ['algo=modular', 'agent.batch_size=64', 'seed=3', 'parallel=True', 'num_agents=8', 'dataset=fashionmnist', 'dataset.num_trains_per_class=64', 'dataset.num_vals_per_class=50', 'dataset.remap_labels=True', 'dataset.with_replacement=True', 'dataset.num_tasks=10', 'net=mlp', 'net.depth=4', 'num_init_tasks=4', 'net.dropout=0.0', 'train.num_epochs=100', 'train.component_update_freq=100', 'train.init_num_epochs=100', 'train.init_component_update_freq=100', 'train.save_freq=20', 'agent.use_contrastive=True', 'agent.memory_size=32', 'root_save_dir=experiment_results/vanilla_fix_bug_compute_loss_encodev2', 'train=modular', 'job_name=fashionmnist_modular_numtrain_64_contrastive']
Traceback (most recent call last):
  File "/home/vlongle/learning-hive/experiments/run.py", line 41, in main
    fleet.train_and_comm(task_id)
  File "/home/vlongle/learning-hive/src/shell/fleet/fleet.py", line 274, in train_and_comm
    ray.get([agent.train.remote(task_id, start_epoch, self.comm_freq) for agent in self.agents])
  File "/mnt/kostas-graid/sw/envs/vlongle/miniconda3/envs/shell/lib/python3.10/site-packages/ray/_private/client_mode_hook.py", line 105, in wrapper
    return func(*args, **kwargs)
  File "/mnt/kostas-graid/sw/envs/vlongle/miniconda3/envs/shell/lib/python3.10/site-packages/ray/_private/worker.py", line 2380, in get
    raise value.as_instanceof_cause()
ray.exceptions.RayTaskError(AttributeError): [36mray::ParallelAgent.train()[39m (pid=514903, ip=192.168.141.69, repr=<shell.fleet.fleet.ParallelAgent object at 0x7fbe3d392c20>)
  File "/home/vlongle/learning-hive/src/shell/fleet/fleet.py", line 97, in train
    self.agent.train(trainloader, task_id, testloaders=testloaders,
  File "/home/vlongle/learning-hive/src/shell/learners/base_learning_classes.py", line 293, in train
    self.save_data(start_epoch, task_id, testloaders, mode=train_mode)
  File "/home/vlongle/learning-hive/src/shell/learners/base_learning_classes.py", line 515, in save_data
    super().save_data(epoch, task_id, testloaders,
  File "/home/vlongle/learning-hive/src/shell/learners/base_learning_classes.py", line 226, in save_data
    self.test_loss, self.test_acc = self.evaluate(testloaders, mode=mode)
  File "/home/vlongle/learning-hive/src/shell/learners/base_learning_classes.py", line 477, in evaluate
    l += self.compute_loss(X, Y, task, mode='ce').item()
  File "/home/vlongle/learning-hive/src/shell/learners/base_learning_classes.py", line 140, in compute_loss
    return self.compute_cross_entropy_loss(X, Y, task_id, detach=False)
  File "/home/vlongle/learning-hive/src/shell/learners/base_learning_classes.py", line 109, in compute_cross_entropy_loss
    X_encode = self.net.encodev2(X, task_id)
  File "/mnt/kostas-graid/sw/envs/vlongle/miniconda3/envs/shell/lib/python3.10/site-packages/torch/nn/modules/module.py", line 1614, in __getattr__
    raise AttributeError("'{}' object has no attribute '{}'".format(
AttributeError: 'MLPSoftLLDynamic' object has no attribute 'encodev2'

Set the environment variable HYDRA_FULL_ERROR=1 for a complete stack trace.
{'algo': ['monolithic', 'modular'], 'agent.batch_size': 64, 'seed': 3, 'parallel': True, 'num_agents': 8, 'dataset': 'fashionmnist', 'dataset.num_trains_per_class': 64, 'dataset.num_vals_per_class': 50, 'dataset.remap_labels': True, 'dataset.with_replacement': True, 'dataset.num_tasks': 10, 'net': 'mlp', 'net.depth': 4, 'num_init_tasks': 4, 'net.dropout': 0.0, 'train.num_epochs': 100, 'train.component_update_freq': 100, 'train.init_num_epochs': 100, 'train.init_component_update_freq': 100, 'train.save_freq': 20, 'agent.use_contrastive': True, 'agent.memory_size': 32, 'root_save_dir': 'experiment_results/vanilla_fix_bug_compute_loss_encodev2'}
No. of experiments: 2
Experiment runs took 0:01:08.407642
