/mnt/kostas-graid/sw/envs/vlongle/miniconda3/envs/shell/lib/python3.10/site-packages/hydra/_internal/defaults_list.py:251: UserWarning: In 'config': Defaults list is missing `_self_`. See https://hydra.cc/docs/1.2/upgrades/1.0_to_1.1/default_composition_order for more information
  warnings.warn(msg, UserWarning)
{'train': {'component_update_freq': 100, 'num_epochs': 100, 'init_component_update_freq': 100, 'init_num_epochs': 100, 'save_freq': 20}, 'dataset': {'dataset_name': 'fashionmnist', 'num_tasks': 10, 'num_classes_per_task': 2, 'with_replacement': True, 'num_trains_per_class': 64, 'num_vals_per_class': 50, 'remap_labels': True}, 'net': {'name': 'mlp', 'depth': 4, 'layer_size': 64, 'dropout': 0.0}, 'sharing_strategy': {'name': 'no_sharing', 'num_coms_per_round': 0}, 'seed': 4, 'algo': 'monolithic', 'job_name': 'fashionmnist_monolithic_numtrain_64_contrastive', 'num_agents': 8, 'root_save_dir': 'experiment_results/vanilla_fix_bug_compute_loss_encodev2', 'parallel': True, 'num_init_tasks': 4, 'agent': {'save_dir': '${root_save_dir}/${job_name}/${dataset.dataset_name}/${algo}/seed_${seed}', 'batch_size': 64, 'memory_size': 32, 'improvement_threshold': 0.05, 'use_contrastive': True}}
[2023-10-04 19:47:09,279][root][INFO] - Class sequence: [2 6 0 5 4 2 4 8 7 6 1 5 3 8 7 0 4 9 4 0]
[2023-10-04 19:47:09,301][root][INFO] - task 0 :(128, 1, 28, 28)
[2023-10-04 19:47:09,352][root][INFO] - task 1 :(128, 1, 28, 28)
[2023-10-04 19:47:09,378][root][INFO] - task 2 :(128, 1, 28, 28)
[2023-10-04 19:47:09,400][root][INFO] - task 3 :(128, 1, 28, 28)
[2023-10-04 19:47:09,420][root][INFO] - task 4 :(128, 1, 28, 28)
[2023-10-04 19:47:09,442][root][INFO] - task 5 :(128, 1, 28, 28)
[2023-10-04 19:47:09,463][root][INFO] - task 6 :(128, 1, 28, 28)
[2023-10-04 19:47:09,489][root][INFO] - task 7 :(128, 1, 28, 28)
[2023-10-04 19:47:09,510][root][INFO] - task 8 :(128, 1, 28, 28)
[2023-10-04 19:47:09,531][root][INFO] - task 9 :(128, 1, 28, 28)
[2023-10-04 19:47:09,638][root][INFO] - Class sequence: [3 0 9 7 4 1 5 7 5 4 3 1 3 4 9 0 0 5 3 7]
[2023-10-04 19:47:09,657][root][INFO] - task 0 :(128, 1, 28, 28)
[2023-10-04 19:47:09,677][root][INFO] - task 1 :(128, 1, 28, 28)
[2023-10-04 19:47:09,699][root][INFO] - task 2 :(128, 1, 28, 28)
[2023-10-04 19:47:09,720][root][INFO] - task 3 :(128, 1, 28, 28)
[2023-10-04 19:47:09,741][root][INFO] - task 4 :(128, 1, 28, 28)
[2023-10-04 19:47:09,763][root][INFO] - task 5 :(128, 1, 28, 28)
[2023-10-04 19:47:09,783][root][INFO] - task 6 :(128, 1, 28, 28)
[2023-10-04 19:47:09,803][root][INFO] - task 7 :(128, 1, 28, 28)
[2023-10-04 19:47:09,825][root][INFO] - task 8 :(128, 1, 28, 28)
[2023-10-04 19:47:09,845][root][INFO] - task 9 :(128, 1, 28, 28)
[2023-10-04 19:47:09,951][root][INFO] - Class sequence: [1 2 3 0 3 4 8 0 2 0 0 8 9 5 2 4 9 6 6 9]
[2023-10-04 19:47:09,970][root][INFO] - task 0 :(128, 1, 28, 28)
[2023-10-04 19:47:10,004][root][INFO] - task 1 :(128, 1, 28, 28)
[2023-10-04 19:47:10,024][root][INFO] - task 2 :(128, 1, 28, 28)
[2023-10-04 19:47:10,045][root][INFO] - task 3 :(128, 1, 28, 28)
[2023-10-04 19:47:10,066][root][INFO] - task 4 :(128, 1, 28, 28)
[2023-10-04 19:47:10,087][root][INFO] - task 5 :(128, 1, 28, 28)
[2023-10-04 19:47:10,108][root][INFO] - task 6 :(128, 1, 28, 28)
[2023-10-04 19:47:10,129][root][INFO] - task 7 :(128, 1, 28, 28)
[2023-10-04 19:47:10,151][root][INFO] - task 8 :(128, 1, 28, 28)
[2023-10-04 19:47:10,172][root][INFO] - task 9 :(128, 1, 28, 28)
[2023-10-04 19:47:10,287][root][INFO] - Class sequence: [1 9 7 8 5 4 7 5 3 8 2 1 2 5 9 7 5 3 4 6]
[2023-10-04 19:47:10,381][root][INFO] - task 0 :(128, 1, 28, 28)
[2023-10-04 19:47:10,402][root][INFO] - task 1 :(128, 1, 28, 28)
[2023-10-04 19:47:10,424][root][INFO] - task 2 :(128, 1, 28, 28)
[2023-10-04 19:47:10,445][root][INFO] - task 3 :(128, 1, 28, 28)
[2023-10-04 19:47:10,467][root][INFO] - task 4 :(128, 1, 28, 28)
[2023-10-04 19:47:10,488][root][INFO] - task 5 :(128, 1, 28, 28)
[2023-10-04 19:47:10,510][root][INFO] - task 6 :(128, 1, 28, 28)
[2023-10-04 19:47:10,532][root][INFO] - task 7 :(128, 1, 28, 28)
[2023-10-04 19:47:10,553][root][INFO] - task 8 :(128, 1, 28, 28)
[2023-10-04 19:47:10,575][root][INFO] - task 9 :(128, 1, 28, 28)
[2023-10-04 19:47:10,683][root][INFO] - Class sequence: [7 0 9 5 2 9 0 2 0 1 9 7 2 5 8 6 1 9 7 5]
[2023-10-04 19:47:10,703][root][INFO] - task 0 :(128, 1, 28, 28)
[2023-10-04 19:47:10,723][root][INFO] - task 1 :(128, 1, 28, 28)
[2023-10-04 19:47:10,744][root][INFO] - task 2 :(128, 1, 28, 28)
[2023-10-04 19:47:10,765][root][INFO] - task 3 :(128, 1, 28, 28)
[2023-10-04 19:47:10,793][root][INFO] - task 4 :(128, 1, 28, 28)
[2023-10-04 19:47:10,819][root][INFO] - task 5 :(128, 1, 28, 28)
[2023-10-04 19:47:10,840][root][INFO] - task 6 :(128, 1, 28, 28)
[2023-10-04 19:47:10,867][root][INFO] - task 7 :(128, 1, 28, 28)
[2023-10-04 19:47:10,887][root][INFO] - task 8 :(128, 1, 28, 28)
[2023-10-04 19:47:10,911][root][INFO] - task 9 :(128, 1, 28, 28)
[2023-10-04 19:47:11,015][root][INFO] - Class sequence: [6 7 0 1 6 4 8 2 2 8 1 3 0 3 2 9 4 6 7 2]
[2023-10-04 19:47:11,034][root][INFO] - task 0 :(128, 1, 28, 28)
[2023-10-04 19:47:11,055][root][INFO] - task 1 :(128, 1, 28, 28)
[2023-10-04 19:47:11,077][root][INFO] - task 2 :(128, 1, 28, 28)
[2023-10-04 19:47:11,099][root][INFO] - task 3 :(128, 1, 28, 28)
[2023-10-04 19:47:11,120][root][INFO] - task 4 :(128, 1, 28, 28)
[2023-10-04 19:47:11,141][root][INFO] - task 5 :(128, 1, 28, 28)
[2023-10-04 19:47:11,161][root][INFO] - task 6 :(128, 1, 28, 28)
[2023-10-04 19:47:11,188][root][INFO] - task 7 :(128, 1, 28, 28)
[2023-10-04 19:47:11,214][root][INFO] - task 8 :(128, 1, 28, 28)
[2023-10-04 19:47:11,241][root][INFO] - task 9 :(128, 1, 28, 28)
[2023-10-04 19:47:11,345][root][INFO] - Class sequence: [2 6 0 8 3 1 5 4 4 6 3 7 9 0 5 9 7 2 8 7]
[2023-10-04 19:47:11,364][root][INFO] - task 0 :(128, 1, 28, 28)
[2023-10-04 19:47:11,385][root][INFO] - task 1 :(128, 1, 28, 28)
[2023-10-04 19:47:11,412][root][INFO] - task 2 :(128, 1, 28, 28)
[2023-10-04 19:47:11,433][root][INFO] - task 3 :(128, 1, 28, 28)
[2023-10-04 19:47:11,454][root][INFO] - task 4 :(128, 1, 28, 28)
[2023-10-04 19:47:11,475][root][INFO] - task 5 :(128, 1, 28, 28)
[2023-10-04 19:47:11,494][root][INFO] - task 6 :(128, 1, 28, 28)
[2023-10-04 19:47:11,521][root][INFO] - task 7 :(128, 1, 28, 28)
[2023-10-04 19:47:11,542][root][INFO] - task 8 :(128, 1, 28, 28)
[2023-10-04 19:47:11,563][root][INFO] - task 9 :(128, 1, 28, 28)
[2023-10-04 19:47:11,676][root][INFO] - Class sequence: [9 4 8 1 5 6 1 7 5 9 1 9 0 4 0 5 9 2 5 1]
[2023-10-04 19:47:11,695][root][INFO] - task 0 :(128, 1, 28, 28)
[2023-10-04 19:47:11,716][root][INFO] - task 1 :(128, 1, 28, 28)
[2023-10-04 19:47:11,736][root][INFO] - task 2 :(128, 1, 28, 28)
[2023-10-04 19:47:11,756][root][INFO] - task 3 :(128, 1, 28, 28)
[2023-10-04 19:47:11,777][root][INFO] - task 4 :(128, 1, 28, 28)
[2023-10-04 19:47:11,797][root][INFO] - task 5 :(128, 1, 28, 28)
[2023-10-04 19:47:11,819][root][INFO] - task 6 :(128, 1, 28, 28)
[2023-10-04 19:47:11,842][root][INFO] - task 7 :(128, 1, 28, 28)
[2023-10-04 19:47:11,869][root][INFO] - task 8 :(128, 1, 28, 28)
[2023-10-04 19:47:11,892][root][INFO] - task 9 :(128, 1, 28, 28)
i_size 28
num_classes 2
net_cfg {'name': 'mlp', 'depth': 4, 'layer_size': 64, 'dropout': 0.0, 'i_size': 28, 'num_classes': 2, 'num_tasks': 10, 'num_init_tasks': 4, 'use_contrastive': True}
<class 'shell.learners.er_nocomponents.NoComponentsER'>
[2023-10-04 19:47:11,916][root][INFO] - No. gpus per agent: 0.25
2023-10-04 19:47:14,346	INFO worker.py:1544 -- Started a local Ray instance. View the dashboard at [1m[32m127.0.0.1:8265 [39m[22m
[2m[36m(ParallelAgent pid=1266527)[0m INFO:root:Agent: node_id: 0, seed: 4
[2m[36m(ParallelAgent pid=1266528)[0m INFO:root:Agent: node_id: 1, seed: 1004
[2m[36m(ParallelAgent pid=1266529)[0m INFO:root:Agent: node_id: 2, seed: 2004
[2m[36m(ParallelAgent pid=1266530)[0m INFO:root:Agent: node_id: 3, seed: 3004
[2m[36m(ParallelAgent pid=1266531)[0m INFO:root:Agent: node_id: 4, seed: 4004
[2m[36m(ParallelAgent pid=1266533)[0m INFO:root:Agent: node_id: 5, seed: 5004
[2m[36m(ParallelAgent pid=1266733)[0m INFO:root:Agent: node_id: 6, seed: 6004
[2m[36m(ParallelAgent pid=1266852)[0m INFO:root:Agent: node_id: 7, seed: 7004
[2023-10-04 19:47:33,205][root][INFO] - Created fleet with 8 agents
[2023-10-04 19:47:33,206][root][INFO] - Adding neighbors...
[2023-10-04 19:47:33,215][root][INFO] - Fleet initialized
Error executing job with overrides: ['algo=monolithic', 'agent.batch_size=64', 'seed=4', 'parallel=True', 'num_agents=8', 'dataset=fashionmnist', 'dataset.num_trains_per_class=64', 'dataset.num_vals_per_class=50', 'dataset.remap_labels=True', 'dataset.with_replacement=True', 'dataset.num_tasks=10', 'net=mlp', 'net.depth=4', 'num_init_tasks=4', 'net.dropout=0.0', 'train.num_epochs=100', 'train.component_update_freq=100', 'train.init_num_epochs=100', 'train.init_component_update_freq=100', 'train.save_freq=20', 'agent.use_contrastive=True', 'agent.memory_size=32', 'root_save_dir=experiment_results/vanilla_fix_bug_compute_loss_encodev2', 'train=monolithic', 'job_name=fashionmnist_monolithic_numtrain_64_contrastive']
Traceback (most recent call last):
  File "/home/vlongle/learning-hive/experiments/run.py", line 41, in main
    fleet.train_and_comm(task_id)
  File "/home/vlongle/learning-hive/src/shell/fleet/fleet.py", line 274, in train_and_comm
    ray.get([agent.train.remote(task_id, start_epoch, self.comm_freq) for agent in self.agents])
  File "/mnt/kostas-graid/sw/envs/vlongle/miniconda3/envs/shell/lib/python3.10/site-packages/ray/_private/client_mode_hook.py", line 105, in wrapper
    return func(*args, **kwargs)
  File "/mnt/kostas-graid/sw/envs/vlongle/miniconda3/envs/shell/lib/python3.10/site-packages/ray/_private/worker.py", line 2380, in get
    raise value.as_instanceof_cause()
ray.exceptions.RayTaskError(AttributeError): [36mray::ParallelAgent.train()[39m (pid=1266733, ip=192.168.141.55, repr=<shell.fleet.fleet.ParallelAgent object at 0x7f4c0ec9eb30>)
  File "/home/vlongle/learning-hive/src/shell/fleet/fleet.py", line 97, in train
    self.agent.train(trainloader, task_id, testloaders=testloaders,
  File "/home/vlongle/learning-hive/src/shell/learners/er_nocomponents.py", line 36, in train
    self.save_data(start_epoch, task_id, testloaders,
  File "/home/vlongle/learning-hive/src/shell/learners/base_learning_classes.py", line 226, in save_data
    self.test_loss, self.test_acc = self.evaluate(testloaders, mode=mode)
  File "/home/vlongle/learning-hive/src/shell/learners/base_learning_classes.py", line 198, in evaluate
    l += self.compute_loss(X, Y, task, mode='ce').item()
  File "/home/vlongle/learning-hive/src/shell/learners/base_learning_classes.py", line 140, in compute_loss
    return self.compute_cross_entropy_loss(X, Y, task_id, detach=False)
  File "/home/vlongle/learning-hive/src/shell/learners/base_learning_classes.py", line 109, in compute_cross_entropy_loss
    X_encode = self.net.encodev2(X, task_id)
  File "/mnt/kostas-graid/sw/envs/vlongle/miniconda3/envs/shell/lib/python3.10/site-packages/torch/nn/modules/module.py", line 1614, in __getattr__
    raise AttributeError("'{}' object has no attribute '{}'".format(
AttributeError: 'MLP' object has no attribute 'encodev2'

Set the environment variable HYDRA_FULL_ERROR=1 for a complete stack trace.
/mnt/kostas-graid/sw/envs/vlongle/miniconda3/envs/shell/lib/python3.10/site-packages/hydra/_internal/defaults_list.py:251: UserWarning: In 'config': Defaults list is missing `_self_`. See https://hydra.cc/docs/1.2/upgrades/1.0_to_1.1/default_composition_order for more information
  warnings.warn(msg, UserWarning)
{'train': {'component_update_freq': 100, 'num_epochs': 100, 'init_component_update_freq': 100, 'init_num_epochs': 100, 'save_freq': 20}, 'dataset': {'dataset_name': 'fashionmnist', 'num_tasks': 10, 'num_classes_per_task': 2, 'with_replacement': True, 'num_trains_per_class': 64, 'num_vals_per_class': 50, 'remap_labels': True}, 'net': {'name': 'mlp', 'depth': 4, 'layer_size': 64, 'dropout': 0.0}, 'sharing_strategy': {'name': 'no_sharing', 'num_coms_per_round': 0}, 'seed': 4, 'algo': 'modular', 'job_name': 'fashionmnist_modular_numtrain_64_contrastive', 'num_agents': 8, 'root_save_dir': 'experiment_results/vanilla_fix_bug_compute_loss_encodev2', 'parallel': True, 'num_init_tasks': 4, 'agent': {'save_dir': '${root_save_dir}/${job_name}/${dataset.dataset_name}/${algo}/seed_${seed}', 'batch_size': 64, 'memory_size': 32, 'improvement_threshold': 0.05, 'use_contrastive': True}}
[2023-10-04 19:47:44,966][root][INFO] - Class sequence: [2 6 0 5 4 2 4 8 7 6 1 5 3 8 7 0 4 9 4 0]
[2023-10-04 19:47:44,986][root][INFO] - task 0 :(128, 1, 28, 28)
[2023-10-04 19:47:45,031][root][INFO] - task 1 :(128, 1, 28, 28)
[2023-10-04 19:47:45,051][root][INFO] - task 2 :(128, 1, 28, 28)
[2023-10-04 19:47:45,072][root][INFO] - task 3 :(128, 1, 28, 28)
[2023-10-04 19:47:45,091][root][INFO] - task 4 :(128, 1, 28, 28)
[2023-10-04 19:47:45,112][root][INFO] - task 5 :(128, 1, 28, 28)
[2023-10-04 19:47:45,132][root][INFO] - task 6 :(128, 1, 28, 28)
[2023-10-04 19:47:45,152][root][INFO] - task 7 :(128, 1, 28, 28)
[2023-10-04 19:47:45,172][root][INFO] - task 8 :(128, 1, 28, 28)
[2023-10-04 19:47:45,192][root][INFO] - task 9 :(128, 1, 28, 28)
[2023-10-04 19:47:45,295][root][INFO] - Class sequence: [3 0 9 7 4 1 5 7 5 4 3 1 3 4 9 0 0 5 3 7]
[2023-10-04 19:47:45,314][root][INFO] - task 0 :(128, 1, 28, 28)
[2023-10-04 19:47:45,340][root][INFO] - task 1 :(128, 1, 28, 28)
[2023-10-04 19:47:45,364][root][INFO] - task 2 :(128, 1, 28, 28)
[2023-10-04 19:47:45,386][root][INFO] - task 3 :(128, 1, 28, 28)
[2023-10-04 19:47:45,407][root][INFO] - task 4 :(128, 1, 28, 28)
[2023-10-04 19:47:45,429][root][INFO] - task 5 :(128, 1, 28, 28)
[2023-10-04 19:47:45,449][root][INFO] - task 6 :(128, 1, 28, 28)
[2023-10-04 19:47:45,469][root][INFO] - task 7 :(128, 1, 28, 28)
[2023-10-04 19:47:45,490][root][INFO] - task 8 :(128, 1, 28, 28)
[2023-10-04 19:47:45,518][root][INFO] - task 9 :(128, 1, 28, 28)
[2023-10-04 19:47:45,620][root][INFO] - Class sequence: [1 2 3 0 3 4 8 0 2 0 0 8 9 5 2 4 9 6 6 9]
[2023-10-04 19:47:45,638][root][INFO] - task 0 :(128, 1, 28, 28)
[2023-10-04 19:47:45,659][root][INFO] - task 1 :(128, 1, 28, 28)
[2023-10-04 19:47:45,680][root][INFO] - task 2 :(128, 1, 28, 28)
[2023-10-04 19:47:45,699][root][INFO] - task 3 :(128, 1, 28, 28)
[2023-10-04 19:47:45,720][root][INFO] - task 4 :(128, 1, 28, 28)
[2023-10-04 19:47:45,741][root][INFO] - task 5 :(128, 1, 28, 28)
[2023-10-04 19:47:45,762][root][INFO] - task 6 :(128, 1, 28, 28)
[2023-10-04 19:47:45,784][root][INFO] - task 7 :(128, 1, 28, 28)
[2023-10-04 19:47:45,805][root][INFO] - task 8 :(128, 1, 28, 28)
[2023-10-04 19:47:45,825][root][INFO] - task 9 :(128, 1, 28, 28)
[2023-10-04 19:47:45,934][root][INFO] - Class sequence: [1 9 7 8 5 4 7 5 3 8 2 1 2 5 9 7 5 3 4 6]
[2023-10-04 19:47:45,951][root][INFO] - task 0 :(128, 1, 28, 28)
[2023-10-04 19:47:45,972][root][INFO] - task 1 :(128, 1, 28, 28)
[2023-10-04 19:47:45,999][root][INFO] - task 2 :(128, 1, 28, 28)
[2023-10-04 19:47:46,020][root][INFO] - task 3 :(128, 1, 28, 28)
[2023-10-04 19:47:46,042][root][INFO] - task 4 :(128, 1, 28, 28)
[2023-10-04 19:47:46,063][root][INFO] - task 5 :(128, 1, 28, 28)
[2023-10-04 19:47:46,091][root][INFO] - task 6 :(128, 1, 28, 28)
[2023-10-04 19:47:46,112][root][INFO] - task 7 :(128, 1, 28, 28)
[2023-10-04 19:47:46,257][root][INFO] - task 8 :(128, 1, 28, 28)
[2023-10-04 19:47:46,278][root][INFO] - task 9 :(128, 1, 28, 28)
[2023-10-04 19:47:46,383][root][INFO] - Class sequence: [7 0 9 5 2 9 0 2 0 1 9 7 2 5 8 6 1 9 7 5]
[2023-10-04 19:47:46,402][root][INFO] - task 0 :(128, 1, 28, 28)
[2023-10-04 19:47:46,423][root][INFO] - task 1 :(128, 1, 28, 28)
[2023-10-04 19:47:46,444][root][INFO] - task 2 :(128, 1, 28, 28)
[2023-10-04 19:47:46,466][root][INFO] - task 3 :(128, 1, 28, 28)
[2023-10-04 19:47:46,493][root][INFO] - task 4 :(128, 1, 28, 28)
[2023-10-04 19:47:46,514][root][INFO] - task 5 :(128, 1, 28, 28)
[2023-10-04 19:47:46,539][root][INFO] - task 6 :(128, 1, 28, 28)
[2023-10-04 19:47:46,560][root][INFO] - task 7 :(128, 1, 28, 28)
[2023-10-04 19:47:46,580][root][INFO] - task 8 :(128, 1, 28, 28)
[2023-10-04 19:47:46,602][root][INFO] - task 9 :(128, 1, 28, 28)
[2023-10-04 19:47:46,704][root][INFO] - Class sequence: [6 7 0 1 6 4 8 2 2 8 1 3 0 3 2 9 4 6 7 2]
[2023-10-04 19:47:46,722][root][INFO] - task 0 :(128, 1, 28, 28)
[2023-10-04 19:47:46,743][root][INFO] - task 1 :(128, 1, 28, 28)
[2023-10-04 19:47:46,765][root][INFO] - task 2 :(128, 1, 28, 28)
[2023-10-04 19:47:46,793][root][INFO] - task 3 :(128, 1, 28, 28)
[2023-10-04 19:47:46,815][root][INFO] - task 4 :(128, 1, 28, 28)
[2023-10-04 19:47:46,836][root][INFO] - task 5 :(128, 1, 28, 28)
[2023-10-04 19:47:46,857][root][INFO] - task 6 :(128, 1, 28, 28)
[2023-10-04 19:47:46,877][root][INFO] - task 7 :(128, 1, 28, 28)
[2023-10-04 19:47:46,898][root][INFO] - task 8 :(128, 1, 28, 28)
[2023-10-04 19:47:46,919][root][INFO] - task 9 :(128, 1, 28, 28)
[2023-10-04 19:47:47,021][root][INFO] - Class sequence: [2 6 0 8 3 1 5 4 4 6 3 7 9 0 5 9 7 2 8 7]
[2023-10-04 19:47:47,039][root][INFO] - task 0 :(128, 1, 28, 28)
[2023-10-04 19:47:47,059][root][INFO] - task 1 :(128, 1, 28, 28)
[2023-10-04 19:47:47,080][root][INFO] - task 2 :(128, 1, 28, 28)
[2023-10-04 19:47:47,099][root][INFO] - task 3 :(128, 1, 28, 28)
[2023-10-04 19:47:47,121][root][INFO] - task 4 :(128, 1, 28, 28)
[2023-10-04 19:47:47,141][root][INFO] - task 5 :(128, 1, 28, 28)
[2023-10-04 19:47:47,161][root][INFO] - task 6 :(128, 1, 28, 28)
[2023-10-04 19:47:47,181][root][INFO] - task 7 :(128, 1, 28, 28)
[2023-10-04 19:47:47,202][root][INFO] - task 8 :(128, 1, 28, 28)
[2023-10-04 19:47:47,222][root][INFO] - task 9 :(128, 1, 28, 28)
[2023-10-04 19:47:47,325][root][INFO] - Class sequence: [9 4 8 1 5 6 1 7 5 9 1 9 0 4 0 5 9 2 5 1]
[2023-10-04 19:47:47,343][root][INFO] - task 0 :(128, 1, 28, 28)
[2023-10-04 19:47:47,363][root][INFO] - task 1 :(128, 1, 28, 28)
[2023-10-04 19:47:47,383][root][INFO] - task 2 :(128, 1, 28, 28)
[2023-10-04 19:47:47,403][root][INFO] - task 3 :(128, 1, 28, 28)
[2023-10-04 19:47:47,424][root][INFO] - task 4 :(128, 1, 28, 28)
[2023-10-04 19:47:47,445][root][INFO] - task 5 :(128, 1, 28, 28)
[2023-10-04 19:47:47,472][root][INFO] - task 6 :(128, 1, 28, 28)
[2023-10-04 19:47:47,493][root][INFO] - task 7 :(128, 1, 28, 28)
[2023-10-04 19:47:47,514][root][INFO] - task 8 :(128, 1, 28, 28)
[2023-10-04 19:47:47,535][root][INFO] - task 9 :(128, 1, 28, 28)
i_size 28
num_classes 2
net_cfg {'name': 'mlp', 'depth': 4, 'layer_size': 64, 'dropout': 0.0, 'i_size': 28, 'num_classes': 2, 'num_tasks': 10, 'num_init_tasks': 4, 'use_contrastive': True}
<class 'shell.learners.er_dynamic.CompositionalDynamicER'>
[2023-10-04 19:47:47,560][root][INFO] - No. gpus per agent: 0.25
2023-10-04 19:47:49,896	INFO worker.py:1544 -- Started a local Ray instance. View the dashboard at [1m[32m127.0.0.1:8265 [39m[22m
[2m[36m(ParallelAgent pid=1305748)[0m INFO:root:Agent: node_id: 1, seed: 1004
[2m[36m(ParallelAgent pid=1305749)[0m INFO:root:Agent: node_id: 2, seed: 2004
[2m[36m(ParallelAgent pid=1305750)[0m INFO:root:Agent: node_id: 3, seed: 3004
[2m[36m(ParallelAgent pid=1305747)[0m INFO:root:Agent: node_id: 0, seed: 4
[2m[36m(ParallelAgent pid=1305751)[0m INFO:root:Agent: node_id: 4, seed: 4004
[2m[36m(ParallelAgent pid=1305808)[0m INFO:root:Agent: node_id: 5, seed: 5004
[2m[36m(ParallelAgent pid=1305937)[0m INFO:root:Agent: node_id: 7, seed: 7004
[2m[36m(ParallelAgent pid=1305912)[0m INFO:root:Agent: node_id: 6, seed: 6004
[2023-10-04 19:48:09,233][root][INFO] - Created fleet with 8 agents
[2023-10-04 19:48:09,234][root][INFO] - Adding neighbors...
[2023-10-04 19:48:09,243][root][INFO] - Fleet initialized
Error executing job with overrides: ['algo=modular', 'agent.batch_size=64', 'seed=4', 'parallel=True', 'num_agents=8', 'dataset=fashionmnist', 'dataset.num_trains_per_class=64', 'dataset.num_vals_per_class=50', 'dataset.remap_labels=True', 'dataset.with_replacement=True', 'dataset.num_tasks=10', 'net=mlp', 'net.depth=4', 'num_init_tasks=4', 'net.dropout=0.0', 'train.num_epochs=100', 'train.component_update_freq=100', 'train.init_num_epochs=100', 'train.init_component_update_freq=100', 'train.save_freq=20', 'agent.use_contrastive=True', 'agent.memory_size=32', 'root_save_dir=experiment_results/vanilla_fix_bug_compute_loss_encodev2', 'train=modular', 'job_name=fashionmnist_modular_numtrain_64_contrastive']
Traceback (most recent call last):
  File "/home/vlongle/learning-hive/experiments/run.py", line 41, in main
    fleet.train_and_comm(task_id)
  File "/home/vlongle/learning-hive/src/shell/fleet/fleet.py", line 274, in train_and_comm
    ray.get([agent.train.remote(task_id, start_epoch, self.comm_freq) for agent in self.agents])
  File "/mnt/kostas-graid/sw/envs/vlongle/miniconda3/envs/shell/lib/python3.10/site-packages/ray/_private/client_mode_hook.py", line 105, in wrapper
    return func(*args, **kwargs)
  File "/mnt/kostas-graid/sw/envs/vlongle/miniconda3/envs/shell/lib/python3.10/site-packages/ray/_private/worker.py", line 2380, in get
    raise value.as_instanceof_cause()
ray.exceptions.RayTaskError(AttributeError): [36mray::ParallelAgent.train()[39m (pid=1305750, ip=192.168.141.55, repr=<shell.fleet.fleet.ParallelAgent object at 0x7f35cae92b30>)
  File "/home/vlongle/learning-hive/src/shell/fleet/fleet.py", line 97, in train
    self.agent.train(trainloader, task_id, testloaders=testloaders,
  File "/home/vlongle/learning-hive/src/shell/learners/base_learning_classes.py", line 293, in train
    self.save_data(start_epoch, task_id, testloaders, mode=train_mode)
  File "/home/vlongle/learning-hive/src/shell/learners/base_learning_classes.py", line 515, in save_data
    super().save_data(epoch, task_id, testloaders,
  File "/home/vlongle/learning-hive/src/shell/learners/base_learning_classes.py", line 226, in save_data
    self.test_loss, self.test_acc = self.evaluate(testloaders, mode=mode)
  File "/home/vlongle/learning-hive/src/shell/learners/base_learning_classes.py", line 477, in evaluate
    l += self.compute_loss(X, Y, task, mode='ce').item()
  File "/home/vlongle/learning-hive/src/shell/learners/base_learning_classes.py", line 140, in compute_loss
    return self.compute_cross_entropy_loss(X, Y, task_id, detach=False)
  File "/home/vlongle/learning-hive/src/shell/learners/base_learning_classes.py", line 109, in compute_cross_entropy_loss
    X_encode = self.net.encodev2(X, task_id)
  File "/mnt/kostas-graid/sw/envs/vlongle/miniconda3/envs/shell/lib/python3.10/site-packages/torch/nn/modules/module.py", line 1614, in __getattr__
    raise AttributeError("'{}' object has no attribute '{}'".format(
AttributeError: 'MLPSoftLLDynamic' object has no attribute 'encodev2'

Set the environment variable HYDRA_FULL_ERROR=1 for a complete stack trace.
{'algo': ['monolithic', 'modular'], 'agent.batch_size': 64, 'seed': 4, 'parallel': True, 'num_agents': 8, 'dataset': 'fashionmnist', 'dataset.num_trains_per_class': 64, 'dataset.num_vals_per_class': 50, 'dataset.remap_labels': True, 'dataset.with_replacement': True, 'dataset.num_tasks': 10, 'net': 'mlp', 'net.depth': 4, 'num_init_tasks': 4, 'net.dropout': 0.0, 'train.num_epochs': 100, 'train.component_update_freq': 100, 'train.init_num_epochs': 100, 'train.init_component_update_freq': 100, 'train.save_freq': 20, 'agent.use_contrastive': True, 'agent.memory_size': 32, 'root_save_dir': 'experiment_results/vanilla_fix_bug_compute_loss_encodev2'}
No. of experiments: 2
Experiment runs took 0:01:11.736467
