/mnt/kostas-graid/sw/envs/vlongle/miniconda3/envs/shell/lib/python3.10/site-packages/hydra/_internal/defaults_list.py:251: UserWarning: In 'config': Defaults list is missing `_self_`. See https://hydra.cc/docs/1.2/upgrades/1.0_to_1.1/default_composition_order for more information
  warnings.warn(msg, UserWarning)
{'train': {'component_update_freq': 100, 'num_epochs': 100, 'init_component_update_freq': 100, 'init_num_epochs': 100, 'save_freq': 20}, 'dataset': {'dataset_name': 'fashionmnist', 'num_tasks': 10, 'num_classes_per_task': 2, 'with_replacement': True, 'num_trains_per_class': 64, 'num_vals_per_class': 50, 'remap_labels': True}, 'net': {'name': 'mlp', 'depth': 4, 'layer_size': 64, 'dropout': 0.0}, 'sharing_strategy': {'name': 'no_sharing', 'num_coms_per_round': 0}, 'seed': 2, 'algo': 'monolithic', 'job_name': 'fashionmnist_monolithic_numtrain_64_contrastive', 'num_agents': 8, 'root_save_dir': 'experiment_results/vanilla_fix_bug_compute_loss_encodev2', 'parallel': True, 'num_init_tasks': 4, 'agent': {'save_dir': '${root_save_dir}/${job_name}/${dataset.dataset_name}/${algo}/seed_${seed}', 'batch_size': 64, 'memory_size': 32, 'improvement_threshold': 0.05, 'use_contrastive': True}}
[2023-10-04 19:37:08,528][root][INFO] - Class sequence: [3 9 5 0 5 1 8 6 4 5 5 3 0 9 7 6 6 3 6 3]
[2023-10-04 19:37:08,547][root][INFO] - task 0 :(128, 1, 28, 28)
[2023-10-04 19:37:08,598][root][INFO] - task 1 :(128, 1, 28, 28)
[2023-10-04 19:37:08,618][root][INFO] - task 2 :(128, 1, 28, 28)
[2023-10-04 19:37:08,638][root][INFO] - task 3 :(128, 1, 28, 28)
[2023-10-04 19:37:08,658][root][INFO] - task 4 :(128, 1, 28, 28)
[2023-10-04 19:37:08,678][root][INFO] - task 5 :(128, 1, 28, 28)
[2023-10-04 19:37:08,697][root][INFO] - task 6 :(128, 1, 28, 28)
[2023-10-04 19:37:08,717][root][INFO] - task 7 :(128, 1, 28, 28)
[2023-10-04 19:37:08,738][root][INFO] - task 8 :(128, 1, 28, 28)
[2023-10-04 19:37:08,758][root][INFO] - task 9 :(128, 1, 28, 28)
[2023-10-04 19:37:08,861][root][INFO] - Class sequence: [0 5 3 0 7 9 4 6 7 6 3 0 7 3 5 4 4 1 3 9]
[2023-10-04 19:37:08,879][root][INFO] - task 0 :(128, 1, 28, 28)
[2023-10-04 19:37:08,899][root][INFO] - task 1 :(128, 1, 28, 28)
[2023-10-04 19:37:08,919][root][INFO] - task 2 :(128, 1, 28, 28)
[2023-10-04 19:37:08,939][root][INFO] - task 3 :(128, 1, 28, 28)
[2023-10-04 19:37:08,959][root][INFO] - task 4 :(128, 1, 28, 28)
[2023-10-04 19:37:08,978][root][INFO] - task 5 :(128, 1, 28, 28)
[2023-10-04 19:37:08,998][root][INFO] - task 6 :(128, 1, 28, 28)
[2023-10-04 19:37:09,018][root][INFO] - task 7 :(128, 1, 28, 28)
[2023-10-04 19:37:09,038][root][INFO] - task 8 :(128, 1, 28, 28)
[2023-10-04 19:37:09,057][root][INFO] - task 9 :(128, 1, 28, 28)
[2023-10-04 19:37:09,160][root][INFO] - Class sequence: [4 7 3 1 0 1 2 3 8 4 2 3 8 6 8 2 2 1 9 1]
[2023-10-04 19:37:09,177][root][INFO] - task 0 :(128, 1, 28, 28)
[2023-10-04 19:37:09,197][root][INFO] - task 1 :(128, 1, 28, 28)
[2023-10-04 19:37:09,217][root][INFO] - task 2 :(128, 1, 28, 28)
[2023-10-04 19:37:09,236][root][INFO] - task 3 :(128, 1, 28, 28)
[2023-10-04 19:37:09,257][root][INFO] - task 4 :(128, 1, 28, 28)
[2023-10-04 19:37:09,276][root][INFO] - task 5 :(128, 1, 28, 28)
[2023-10-04 19:37:09,296][root][INFO] - task 6 :(128, 1, 28, 28)
[2023-10-04 19:37:09,315][root][INFO] - task 7 :(128, 1, 28, 28)
[2023-10-04 19:37:09,334][root][INFO] - task 8 :(128, 1, 28, 28)
[2023-10-04 19:37:09,353][root][INFO] - task 9 :(128, 1, 28, 28)
[2023-10-04 19:37:09,462][root][INFO] - Class sequence: [3 1 7 2 4 0 7 8 9 6 6 0 2 4 8 4 5 9 6 1]
[2023-10-04 19:37:09,480][root][INFO] - task 0 :(128, 1, 28, 28)
[2023-10-04 19:37:09,507][root][INFO] - task 1 :(128, 1, 28, 28)
[2023-10-04 19:37:09,534][root][INFO] - task 2 :(128, 1, 28, 28)
[2023-10-04 19:37:09,562][root][INFO] - task 3 :(128, 1, 28, 28)
[2023-10-04 19:37:09,592][root][INFO] - task 4 :(128, 1, 28, 28)
[2023-10-04 19:37:09,618][root][INFO] - task 5 :(128, 1, 28, 28)
[2023-10-04 19:37:09,645][root][INFO] - task 6 :(128, 1, 28, 28)
[2023-10-04 19:37:09,675][root][INFO] - task 7 :(128, 1, 28, 28)
[2023-10-04 19:37:09,710][root][INFO] - task 8 :(128, 1, 28, 28)
[2023-10-04 19:37:09,732][root][INFO] - task 9 :(128, 1, 28, 28)
[2023-10-04 19:37:09,849][root][INFO] - Class sequence: [7 8 9 7 4 1 5 3 3 8 0 8 8 6 5 6 3 0 3 6]
[2023-10-04 19:37:09,867][root][INFO] - task 0 :(128, 1, 28, 28)
[2023-10-04 19:37:09,888][root][INFO] - task 1 :(128, 1, 28, 28)
[2023-10-04 19:37:09,909][root][INFO] - task 2 :(128, 1, 28, 28)
[2023-10-04 19:37:09,930][root][INFO] - task 3 :(128, 1, 28, 28)
[2023-10-04 19:37:09,952][root][INFO] - task 4 :(128, 1, 28, 28)
[2023-10-04 19:37:09,972][root][INFO] - task 5 :(128, 1, 28, 28)
[2023-10-04 19:37:09,993][root][INFO] - task 6 :(128, 1, 28, 28)
[2023-10-04 19:37:10,020][root][INFO] - task 7 :(128, 1, 28, 28)
[2023-10-04 19:37:10,041][root][INFO] - task 8 :(128, 1, 28, 28)
[2023-10-04 19:37:10,061][root][INFO] - task 9 :(128, 1, 28, 28)
[2023-10-04 19:37:10,171][root][INFO] - Class sequence: [5 9 6 0 1 4 7 2 5 4 5 4 6 4 7 8 9 3 5 1]
[2023-10-04 19:37:10,191][root][INFO] - task 0 :(128, 1, 28, 28)
[2023-10-04 19:37:10,212][root][INFO] - task 1 :(128, 1, 28, 28)
[2023-10-04 19:37:10,234][root][INFO] - task 2 :(128, 1, 28, 28)
[2023-10-04 19:37:10,255][root][INFO] - task 3 :(128, 1, 28, 28)
[2023-10-04 19:37:10,275][root][INFO] - task 4 :(128, 1, 28, 28)
[2023-10-04 19:37:10,296][root][INFO] - task 5 :(128, 1, 28, 28)
[2023-10-04 19:37:10,318][root][INFO] - task 6 :(128, 1, 28, 28)
[2023-10-04 19:37:10,339][root][INFO] - task 7 :(128, 1, 28, 28)
[2023-10-04 19:37:10,362][root][INFO] - task 8 :(128, 1, 28, 28)
[2023-10-04 19:37:10,383][root][INFO] - task 9 :(128, 1, 28, 28)
[2023-10-04 19:37:10,500][root][INFO] - Class sequence: [1 9 6 3 8 5 2 3 0 7 7 0 4 3 0 9 3 7 9 4]
[2023-10-04 19:37:10,519][root][INFO] - task 0 :(128, 1, 28, 28)
[2023-10-04 19:37:10,539][root][INFO] - task 1 :(128, 1, 28, 28)
[2023-10-04 19:37:10,560][root][INFO] - task 2 :(128, 1, 28, 28)
[2023-10-04 19:37:10,581][root][INFO] - task 3 :(128, 1, 28, 28)
[2023-10-04 19:37:10,603][root][INFO] - task 4 :(128, 1, 28, 28)
[2023-10-04 19:37:10,626][root][INFO] - task 5 :(128, 1, 28, 28)
[2023-10-04 19:37:10,647][root][INFO] - task 6 :(128, 1, 28, 28)
[2023-10-04 19:37:10,667][root][INFO] - task 7 :(128, 1, 28, 28)
[2023-10-04 19:37:10,689][root][INFO] - task 8 :(128, 1, 28, 28)
[2023-10-04 19:37:10,709][root][INFO] - task 9 :(128, 1, 28, 28)
[2023-10-04 19:37:10,819][root][INFO] - Class sequence: [7 3 7 3 4 3 9 6 1 2 2 3 0 8 2 1 0 5 5 6]
[2023-10-04 19:37:10,839][root][INFO] - task 0 :(128, 1, 28, 28)
[2023-10-04 19:37:10,860][root][INFO] - task 1 :(128, 1, 28, 28)
[2023-10-04 19:37:10,882][root][INFO] - task 2 :(128, 1, 28, 28)
[2023-10-04 19:37:10,902][root][INFO] - task 3 :(128, 1, 28, 28)
[2023-10-04 19:37:10,927][root][INFO] - task 4 :(128, 1, 28, 28)
[2023-10-04 19:37:10,948][root][INFO] - task 5 :(128, 1, 28, 28)
[2023-10-04 19:37:10,969][root][INFO] - task 6 :(128, 1, 28, 28)
[2023-10-04 19:37:10,996][root][INFO] - task 7 :(128, 1, 28, 28)
[2023-10-04 19:37:11,017][root][INFO] - task 8 :(128, 1, 28, 28)
[2023-10-04 19:37:11,043][root][INFO] - task 9 :(128, 1, 28, 28)
i_size 28
num_classes 2
net_cfg {'name': 'mlp', 'depth': 4, 'layer_size': 64, 'dropout': 0.0, 'i_size': 28, 'num_classes': 2, 'num_tasks': 10, 'num_init_tasks': 4, 'use_contrastive': True}
<class 'shell.learners.er_nocomponents.NoComponentsER'>
[2023-10-04 19:37:11,067][root][INFO] - No. gpus per agent: 0.25
2023-10-04 19:37:13,622	INFO worker.py:1544 -- Started a local Ray instance. View the dashboard at [1m[32m127.0.0.1:8266 [39m[22m
[2m[36m(ParallelAgent pid=1669209)[0m INFO:root:Agent: node_id: 0, seed: 2
[2m[36m(ParallelAgent pid=1669210)[0m INFO:root:Agent: node_id: 1, seed: 1002
[2m[36m(ParallelAgent pid=1669213)[0m INFO:root:Agent: node_id: 2, seed: 2002
[2m[36m(ParallelAgent pid=1669214)[0m INFO:root:Agent: node_id: 3, seed: 3002
[2m[36m(ParallelAgent pid=1669215)[0m INFO:root:Agent: node_id: 4, seed: 4002
[2m[36m(ParallelAgent pid=1669399)[0m INFO:root:Agent: node_id: 6, seed: 6002
[2m[36m(ParallelAgent pid=1669274)[0m INFO:root:Agent: node_id: 5, seed: 5002
[2m[36m(ParallelAgent pid=1669460)[0m INFO:root:Agent: node_id: 7, seed: 7002
[2023-10-04 19:37:32,434][root][INFO] - Created fleet with 8 agents
[2023-10-04 19:37:32,435][root][INFO] - Adding neighbors...
[2023-10-04 19:37:32,444][root][INFO] - Fleet initialized
Error executing job with overrides: ['algo=monolithic', 'agent.batch_size=64', 'seed=2', 'parallel=True', 'num_agents=8', 'dataset=fashionmnist', 'dataset.num_trains_per_class=64', 'dataset.num_vals_per_class=50', 'dataset.remap_labels=True', 'dataset.with_replacement=True', 'dataset.num_tasks=10', 'net=mlp', 'net.depth=4', 'num_init_tasks=4', 'net.dropout=0.0', 'train.num_epochs=100', 'train.component_update_freq=100', 'train.init_num_epochs=100', 'train.init_component_update_freq=100', 'train.save_freq=20', 'agent.use_contrastive=True', 'agent.memory_size=32', 'root_save_dir=experiment_results/vanilla_fix_bug_compute_loss_encodev2', 'train=monolithic', 'job_name=fashionmnist_monolithic_numtrain_64_contrastive']
Traceback (most recent call last):
  File "/home/vlongle/learning-hive/experiments/run.py", line 41, in main
    fleet.train_and_comm(task_id)
  File "/home/vlongle/learning-hive/src/shell/fleet/fleet.py", line 274, in train_and_comm
    ray.get([agent.train.remote(task_id, start_epoch, self.comm_freq) for agent in self.agents])
  File "/mnt/kostas-graid/sw/envs/vlongle/miniconda3/envs/shell/lib/python3.10/site-packages/ray/_private/client_mode_hook.py", line 105, in wrapper
    return func(*args, **kwargs)
  File "/mnt/kostas-graid/sw/envs/vlongle/miniconda3/envs/shell/lib/python3.10/site-packages/ray/_private/worker.py", line 2380, in get
    raise value.as_instanceof_cause()
ray.exceptions.RayTaskError(AttributeError): [36mray::ParallelAgent.train()[39m (pid=1669209, ip=192.168.141.63, repr=<shell.fleet.fleet.ParallelAgent object at 0x7f8acf496a40>)
  File "/home/vlongle/learning-hive/src/shell/fleet/fleet.py", line 97, in train
    self.agent.train(trainloader, task_id, testloaders=testloaders,
  File "/home/vlongle/learning-hive/src/shell/learners/er_nocomponents.py", line 36, in train
    self.save_data(start_epoch, task_id, testloaders,
  File "/home/vlongle/learning-hive/src/shell/learners/base_learning_classes.py", line 226, in save_data
    self.test_loss, self.test_acc = self.evaluate(testloaders, mode=mode)
  File "/home/vlongle/learning-hive/src/shell/learners/base_learning_classes.py", line 198, in evaluate
    l += self.compute_loss(X, Y, task, mode='ce').item()
  File "/home/vlongle/learning-hive/src/shell/learners/base_learning_classes.py", line 140, in compute_loss
    return self.compute_cross_entropy_loss(X, Y, task_id, detach=False)
  File "/home/vlongle/learning-hive/src/shell/learners/base_learning_classes.py", line 109, in compute_cross_entropy_loss
    X_encode = self.net.encodev2(X, task_id)
  File "/mnt/kostas-graid/sw/envs/vlongle/miniconda3/envs/shell/lib/python3.10/site-packages/torch/nn/modules/module.py", line 1614, in __getattr__
    raise AttributeError("'{}' object has no attribute '{}'".format(
AttributeError: 'MLP' object has no attribute 'encodev2'

Set the environment variable HYDRA_FULL_ERROR=1 for a complete stack trace.
/mnt/kostas-graid/sw/envs/vlongle/miniconda3/envs/shell/lib/python3.10/site-packages/hydra/_internal/defaults_list.py:251: UserWarning: In 'config': Defaults list is missing `_self_`. See https://hydra.cc/docs/1.2/upgrades/1.0_to_1.1/default_composition_order for more information
  warnings.warn(msg, UserWarning)
{'train': {'component_update_freq': 100, 'num_epochs': 100, 'init_component_update_freq': 100, 'init_num_epochs': 100, 'save_freq': 20}, 'dataset': {'dataset_name': 'fashionmnist', 'num_tasks': 10, 'num_classes_per_task': 2, 'with_replacement': True, 'num_trains_per_class': 64, 'num_vals_per_class': 50, 'remap_labels': True}, 'net': {'name': 'mlp', 'depth': 4, 'layer_size': 64, 'dropout': 0.0}, 'sharing_strategy': {'name': 'no_sharing', 'num_coms_per_round': 0}, 'seed': 2, 'algo': 'modular', 'job_name': 'fashionmnist_modular_numtrain_64_contrastive', 'num_agents': 8, 'root_save_dir': 'experiment_results/vanilla_fix_bug_compute_loss_encodev2', 'parallel': True, 'num_init_tasks': 4, 'agent': {'save_dir': '${root_save_dir}/${job_name}/${dataset.dataset_name}/${algo}/seed_${seed}', 'batch_size': 64, 'memory_size': 32, 'improvement_threshold': 0.05, 'use_contrastive': True}}
[2023-10-04 19:37:44,586][root][INFO] - Class sequence: [3 9 5 0 5 1 8 6 4 5 5 3 0 9 7 6 6 3 6 3]
[2023-10-04 19:37:44,606][root][INFO] - task 0 :(128, 1, 28, 28)
[2023-10-04 19:37:44,655][root][INFO] - task 1 :(128, 1, 28, 28)
[2023-10-04 19:37:44,681][root][INFO] - task 2 :(128, 1, 28, 28)
[2023-10-04 19:37:44,701][root][INFO] - task 3 :(128, 1, 28, 28)
[2023-10-04 19:37:44,722][root][INFO] - task 4 :(128, 1, 28, 28)
[2023-10-04 19:37:44,742][root][INFO] - task 5 :(128, 1, 28, 28)
[2023-10-04 19:37:44,761][root][INFO] - task 6 :(128, 1, 28, 28)
[2023-10-04 19:37:44,781][root][INFO] - task 7 :(128, 1, 28, 28)
[2023-10-04 19:37:44,801][root][INFO] - task 8 :(128, 1, 28, 28)
[2023-10-04 19:37:44,821][root][INFO] - task 9 :(128, 1, 28, 28)
[2023-10-04 19:37:44,923][root][INFO] - Class sequence: [0 5 3 0 7 9 4 6 7 6 3 0 7 3 5 4 4 1 3 9]
[2023-10-04 19:37:44,941][root][INFO] - task 0 :(128, 1, 28, 28)
[2023-10-04 19:37:44,961][root][INFO] - task 1 :(128, 1, 28, 28)
[2023-10-04 19:37:45,006][root][INFO] - task 2 :(128, 1, 28, 28)
[2023-10-04 19:37:45,026][root][INFO] - task 3 :(128, 1, 28, 28)
[2023-10-04 19:37:45,047][root][INFO] - task 4 :(128, 1, 28, 28)
[2023-10-04 19:37:45,066][root][INFO] - task 5 :(128, 1, 28, 28)
[2023-10-04 19:37:45,086][root][INFO] - task 6 :(128, 1, 28, 28)
[2023-10-04 19:37:45,105][root][INFO] - task 7 :(128, 1, 28, 28)
[2023-10-04 19:37:45,126][root][INFO] - task 8 :(128, 1, 28, 28)
[2023-10-04 19:37:45,144][root][INFO] - task 9 :(128, 1, 28, 28)
[2023-10-04 19:37:45,247][root][INFO] - Class sequence: [4 7 3 1 0 1 2 3 8 4 2 3 8 6 8 2 2 1 9 1]
[2023-10-04 19:37:45,265][root][INFO] - task 0 :(128, 1, 28, 28)
[2023-10-04 19:37:45,285][root][INFO] - task 1 :(128, 1, 28, 28)
[2023-10-04 19:37:45,305][root][INFO] - task 2 :(128, 1, 28, 28)
[2023-10-04 19:37:45,326][root][INFO] - task 3 :(128, 1, 28, 28)
[2023-10-04 19:37:45,346][root][INFO] - task 4 :(128, 1, 28, 28)
[2023-10-04 19:37:45,365][root][INFO] - task 5 :(128, 1, 28, 28)
[2023-10-04 19:37:45,389][root][INFO] - task 6 :(128, 1, 28, 28)
[2023-10-04 19:37:45,408][root][INFO] - task 7 :(128, 1, 28, 28)
[2023-10-04 19:37:45,427][root][INFO] - task 8 :(128, 1, 28, 28)
[2023-10-04 19:37:45,446][root][INFO] - task 9 :(128, 1, 28, 28)
[2023-10-04 19:37:45,555][root][INFO] - Class sequence: [3 1 7 2 4 0 7 8 9 6 6 0 2 4 8 4 5 9 6 1]
[2023-10-04 19:37:45,573][root][INFO] - task 0 :(128, 1, 28, 28)
[2023-10-04 19:37:45,593][root][INFO] - task 1 :(128, 1, 28, 28)
[2023-10-04 19:37:45,614][root][INFO] - task 2 :(128, 1, 28, 28)
[2023-10-04 19:37:45,634][root][INFO] - task 3 :(128, 1, 28, 28)
[2023-10-04 19:37:45,655][root][INFO] - task 4 :(128, 1, 28, 28)
[2023-10-04 19:37:45,675][root][INFO] - task 5 :(128, 1, 28, 28)
[2023-10-04 19:37:45,696][root][INFO] - task 6 :(128, 1, 28, 28)
[2023-10-04 19:37:45,719][root][INFO] - task 7 :(128, 1, 28, 28)
[2023-10-04 19:37:45,741][root][INFO] - task 8 :(128, 1, 28, 28)
[2023-10-04 19:37:45,763][root][INFO] - task 9 :(128, 1, 28, 28)
[2023-10-04 19:37:45,867][root][INFO] - Class sequence: [7 8 9 7 4 1 5 3 3 8 0 8 8 6 5 6 3 0 3 6]
[2023-10-04 19:37:45,883][root][INFO] - task 0 :(128, 1, 28, 28)
[2023-10-04 19:37:45,903][root][INFO] - task 1 :(128, 1, 28, 28)
[2023-10-04 19:37:45,924][root][INFO] - task 2 :(128, 1, 28, 28)
[2023-10-04 19:37:45,943][root][INFO] - task 3 :(128, 1, 28, 28)
[2023-10-04 19:37:45,964][root][INFO] - task 4 :(128, 1, 28, 28)
[2023-10-04 19:37:45,983][root][INFO] - task 5 :(128, 1, 28, 28)
[2023-10-04 19:37:46,003][root][INFO] - task 6 :(128, 1, 28, 28)
[2023-10-04 19:37:46,023][root][INFO] - task 7 :(128, 1, 28, 28)
[2023-10-04 19:37:46,044][root][INFO] - task 8 :(128, 1, 28, 28)
[2023-10-04 19:37:46,064][root][INFO] - task 9 :(128, 1, 28, 28)
[2023-10-04 19:37:46,168][root][INFO] - Class sequence: [5 9 6 0 1 4 7 2 5 4 5 4 6 4 7 8 9 3 5 1]
[2023-10-04 19:37:46,186][root][INFO] - task 0 :(128, 1, 28, 28)
[2023-10-04 19:37:46,206][root][INFO] - task 1 :(128, 1, 28, 28)
[2023-10-04 19:37:46,227][root][INFO] - task 2 :(128, 1, 28, 28)
[2023-10-04 19:37:46,247][root][INFO] - task 3 :(128, 1, 28, 28)
[2023-10-04 19:37:46,267][root][INFO] - task 4 :(128, 1, 28, 28)
[2023-10-04 19:37:46,286][root][INFO] - task 5 :(128, 1, 28, 28)
[2023-10-04 19:37:46,307][root][INFO] - task 6 :(128, 1, 28, 28)
[2023-10-04 19:37:46,326][root][INFO] - task 7 :(128, 1, 28, 28)
[2023-10-04 19:37:46,347][root][INFO] - task 8 :(128, 1, 28, 28)
[2023-10-04 19:37:46,367][root][INFO] - task 9 :(128, 1, 28, 28)
[2023-10-04 19:37:46,473][root][INFO] - Class sequence: [1 9 6 3 8 5 2 3 0 7 7 0 4 3 0 9 3 7 9 4]
[2023-10-04 19:37:46,490][root][INFO] - task 0 :(128, 1, 28, 28)
[2023-10-04 19:37:46,513][root][INFO] - task 1 :(128, 1, 28, 28)
[2023-10-04 19:37:46,534][root][INFO] - task 2 :(128, 1, 28, 28)
[2023-10-04 19:37:46,554][root][INFO] - task 3 :(128, 1, 28, 28)
[2023-10-04 19:37:46,574][root][INFO] - task 4 :(128, 1, 28, 28)
[2023-10-04 19:37:46,594][root][INFO] - task 5 :(128, 1, 28, 28)
[2023-10-04 19:37:46,614][root][INFO] - task 6 :(128, 1, 28, 28)
[2023-10-04 19:37:46,633][root][INFO] - task 7 :(128, 1, 28, 28)
[2023-10-04 19:37:46,654][root][INFO] - task 8 :(128, 1, 28, 28)
[2023-10-04 19:37:46,673][root][INFO] - task 9 :(128, 1, 28, 28)
[2023-10-04 19:37:46,783][root][INFO] - Class sequence: [7 3 7 3 4 3 9 6 1 2 2 3 0 8 2 1 0 5 5 6]
[2023-10-04 19:37:46,802][root][INFO] - task 0 :(128, 1, 28, 28)
[2023-10-04 19:37:46,822][root][INFO] - task 1 :(128, 1, 28, 28)
[2023-10-04 19:37:46,843][root][INFO] - task 2 :(128, 1, 28, 28)
[2023-10-04 19:37:46,862][root][INFO] - task 3 :(128, 1, 28, 28)
[2023-10-04 19:37:46,882][root][INFO] - task 4 :(128, 1, 28, 28)
[2023-10-04 19:37:46,902][root][INFO] - task 5 :(128, 1, 28, 28)
[2023-10-04 19:37:46,922][root][INFO] - task 6 :(128, 1, 28, 28)
[2023-10-04 19:37:46,941][root][INFO] - task 7 :(128, 1, 28, 28)
[2023-10-04 19:37:46,962][root][INFO] - task 8 :(128, 1, 28, 28)
[2023-10-04 19:37:46,981][root][INFO] - task 9 :(128, 1, 28, 28)
i_size 28
num_classes 2
net_cfg {'name': 'mlp', 'depth': 4, 'layer_size': 64, 'dropout': 0.0, 'i_size': 28, 'num_classes': 2, 'num_tasks': 10, 'num_init_tasks': 4, 'use_contrastive': True}
<class 'shell.learners.er_dynamic.CompositionalDynamicER'>
[2023-10-04 19:37:47,006][root][INFO] - No. gpus per agent: 0.25
2023-10-04 19:37:49,377	INFO worker.py:1544 -- Started a local Ray instance. View the dashboard at [1m[32m127.0.0.1:8265 [39m[22m
[2m[36m(ParallelAgent pid=1729727)[0m INFO:root:Agent: node_id: 0, seed: 2
[2m[36m(ParallelAgent pid=1730469)[0m INFO:root:Agent: node_id: 1, seed: 1002
[2m[36m(ParallelAgent pid=1731073)[0m INFO:root:Agent: node_id: 2, seed: 2002
[2m[36m(ParallelAgent pid=1731925)[0m INFO:root:Agent: node_id: 3, seed: 3002
[2m[36m(ParallelAgent pid=1732940)[0m INFO:root:Agent: node_id: 4, seed: 4002
[2m[36m(ParallelAgent pid=1735541)[0m INFO:root:Agent: node_id: 6, seed: 6002
[2m[36m(ParallelAgent pid=1734251)[0m INFO:root:Agent: node_id: 5, seed: 5002
[2m[36m(ParallelAgent pid=1736035)[0m INFO:root:Agent: node_id: 7, seed: 7002
[2023-10-04 19:38:07,962][root][INFO] - Created fleet with 8 agents
[2023-10-04 19:38:07,963][root][INFO] - Adding neighbors...
[2023-10-04 19:38:07,972][root][INFO] - Fleet initialized
Error executing job with overrides: ['algo=modular', 'agent.batch_size=64', 'seed=2', 'parallel=True', 'num_agents=8', 'dataset=fashionmnist', 'dataset.num_trains_per_class=64', 'dataset.num_vals_per_class=50', 'dataset.remap_labels=True', 'dataset.with_replacement=True', 'dataset.num_tasks=10', 'net=mlp', 'net.depth=4', 'num_init_tasks=4', 'net.dropout=0.0', 'train.num_epochs=100', 'train.component_update_freq=100', 'train.init_num_epochs=100', 'train.init_component_update_freq=100', 'train.save_freq=20', 'agent.use_contrastive=True', 'agent.memory_size=32', 'root_save_dir=experiment_results/vanilla_fix_bug_compute_loss_encodev2', 'train=modular', 'job_name=fashionmnist_modular_numtrain_64_contrastive']
Traceback (most recent call last):
  File "/home/vlongle/learning-hive/experiments/run.py", line 41, in main
    fleet.train_and_comm(task_id)
  File "/home/vlongle/learning-hive/src/shell/fleet/fleet.py", line 274, in train_and_comm
    ray.get([agent.train.remote(task_id, start_epoch, self.comm_freq) for agent in self.agents])
  File "/mnt/kostas-graid/sw/envs/vlongle/miniconda3/envs/shell/lib/python3.10/site-packages/ray/_private/client_mode_hook.py", line 105, in wrapper
    return func(*args, **kwargs)
  File "/mnt/kostas-graid/sw/envs/vlongle/miniconda3/envs/shell/lib/python3.10/site-packages/ray/_private/worker.py", line 2380, in get
    raise value.as_instanceof_cause()
ray.exceptions.RayTaskError(AttributeError): [36mray::ParallelAgent.train()[39m (pid=1732940, ip=192.168.141.63, repr=<shell.fleet.fleet.ParallelAgent object at 0x7f1217d72a40>)
  File "/home/vlongle/learning-hive/src/shell/fleet/fleet.py", line 97, in train
    self.agent.train(trainloader, task_id, testloaders=testloaders,
  File "/home/vlongle/learning-hive/src/shell/learners/base_learning_classes.py", line 293, in train
    self.save_data(start_epoch, task_id, testloaders, mode=train_mode)
  File "/home/vlongle/learning-hive/src/shell/learners/base_learning_classes.py", line 515, in save_data
    super().save_data(epoch, task_id, testloaders,
  File "/home/vlongle/learning-hive/src/shell/learners/base_learning_classes.py", line 226, in save_data
    self.test_loss, self.test_acc = self.evaluate(testloaders, mode=mode)
  File "/home/vlongle/learning-hive/src/shell/learners/base_learning_classes.py", line 477, in evaluate
    l += self.compute_loss(X, Y, task, mode='ce').item()
  File "/home/vlongle/learning-hive/src/shell/learners/base_learning_classes.py", line 140, in compute_loss
    return self.compute_cross_entropy_loss(X, Y, task_id, detach=False)
  File "/home/vlongle/learning-hive/src/shell/learners/base_learning_classes.py", line 109, in compute_cross_entropy_loss
    X_encode = self.net.encodev2(X, task_id)
  File "/mnt/kostas-graid/sw/envs/vlongle/miniconda3/envs/shell/lib/python3.10/site-packages/torch/nn/modules/module.py", line 1614, in __getattr__
    raise AttributeError("'{}' object has no attribute '{}'".format(
AttributeError: 'MLPSoftLLDynamic' object has no attribute 'encodev2'

Set the environment variable HYDRA_FULL_ERROR=1 for a complete stack trace.
{'algo': ['monolithic', 'modular'], 'agent.batch_size': 64, 'seed': 2, 'parallel': True, 'num_agents': 8, 'dataset': 'fashionmnist', 'dataset.num_trains_per_class': 64, 'dataset.num_vals_per_class': 50, 'dataset.remap_labels': True, 'dataset.with_replacement': True, 'dataset.num_tasks': 10, 'net': 'mlp', 'net.depth': 4, 'num_init_tasks': 4, 'net.dropout': 0.0, 'train.num_epochs': 100, 'train.component_update_freq': 100, 'train.init_num_epochs': 100, 'train.init_component_update_freq': 100, 'train.save_freq': 20, 'agent.use_contrastive': True, 'agent.memory_size': 32, 'root_save_dir': 'experiment_results/vanilla_fix_bug_compute_loss_encodev2'}
No. of experiments: 2
Experiment runs took 0:01:10.988215
