/mnt/kostas-graid/sw/envs/vlongle/miniconda3/envs/shell/lib/python3.10/site-packages/hydra/_internal/defaults_list.py:251: UserWarning: In 'config': Defaults list is missing `_self_`. See https://hydra.cc/docs/1.2/upgrades/1.0_to_1.1/default_composition_order for more information
  warnings.warn(msg, UserWarning)
{'train': {'component_update_freq': 100, 'num_epochs': 100, 'init_component_update_freq': 300, 'init_num_epochs': 300, 'save_freq': 20}, 'dataset': {'dataset_name': 'cifar100', 'num_tasks': 20, 'num_classes_per_task': 5, 'with_replacement': False, 'num_trains_per_class': 256, 'num_vals_per_class': -1, 'remap_labels': True}, 'net': {'name': 'cnn', 'depth': 4, 'channels': 50, 'conv_kernel': 3, 'maxpool_kernel': 2, 'padding': 1, 'dropout': 0.0}, 'sharing_strategy': {'name': 'no_sharing', 'num_coms_per_round': 0}, 'seed': 2, 'algo': 'monolithic', 'job_name': 'cifar100_monolithic_numtrain_256_contrastive', 'num_agents': 8, 'root_save_dir': 'experiment_results/vanilla_cifar', 'parallel': True, 'num_init_tasks': 4, 'agent': {'save_dir': '${root_save_dir}/${job_name}/${dataset.dataset_name}/${algo}/seed_${seed}', 'batch_size': 1024, 'memory_size': 32, 'improvement_threshold': 0.05, 'use_contrastive': True}}
[2023-10-19 19:25:50,129][root][INFO] - Class sequence: [72 45 38 48 97 37  0 73 36 20 51 58 61 21 95 64 25 43 53 23 39 91 24 57
  9 15 33 11 88 62 59 77 18 12 19 32  6  5 87 63 60  1 42 81  2 79 41 31
  4  7 30 68 22 76 16 65 28 69 47 71 49 54 29 55 80 14 34 74 94 85 98 84
 89 44  3 75 96 46 10 13 50 56 40 83 17 67 99 35 86  8 52 90 70 66 27 82
 26 93 92 78]
[2023-10-19 19:25:50,144][root][INFO] - task 0 :(1280, 3, 32, 32)
[2023-10-19 19:25:50,191][root][INFO] - task 1 :(1280, 3, 32, 32)
[2023-10-19 19:25:50,211][root][INFO] - task 2 :(1280, 3, 32, 32)
[2023-10-19 19:25:50,232][root][INFO] - task 3 :(1280, 3, 32, 32)
[2023-10-19 19:25:50,254][root][INFO] - task 4 :(1280, 3, 32, 32)
[2023-10-19 19:25:50,275][root][INFO] - task 5 :(1280, 3, 32, 32)
[2023-10-19 19:25:50,297][root][INFO] - task 6 :(1280, 3, 32, 32)
[2023-10-19 19:25:50,317][root][INFO] - task 7 :(1280, 3, 32, 32)
[2023-10-19 19:25:50,338][root][INFO] - task 8 :(1280, 3, 32, 32)
[2023-10-19 19:25:50,359][root][INFO] - task 9 :(1280, 3, 32, 32)
[2023-10-19 19:25:50,386][root][INFO] - task 10 :(1280, 3, 32, 32)
[2023-10-19 19:25:50,408][root][INFO] - task 11 :(1280, 3, 32, 32)
[2023-10-19 19:25:50,428][root][INFO] - task 12 :(1280, 3, 32, 32)
[2023-10-19 19:25:50,448][root][INFO] - task 13 :(1280, 3, 32, 32)
[2023-10-19 19:25:50,468][root][INFO] - task 14 :(1280, 3, 32, 32)
[2023-10-19 19:25:50,488][root][INFO] - task 15 :(1280, 3, 32, 32)
[2023-10-19 19:25:50,509][root][INFO] - task 16 :(1280, 3, 32, 32)
[2023-10-19 19:25:50,529][root][INFO] - task 17 :(1280, 3, 32, 32)
[2023-10-19 19:25:50,550][root][INFO] - task 18 :(1280, 3, 32, 32)
[2023-10-19 19:25:50,570][root][INFO] - task 19 :(1280, 3, 32, 32)
[2023-10-19 19:25:51,054][root][INFO] - Class sequence: [90  0 72 54 87 26 45 56 98 63  7  9 95 36 52 73 30  3  6 16 49 24 34 35
 59 46 51 71 23 74 21 86 70 25 37 40 10 22 44 18 19 29 32 93 77 11 69 66
 88  2 76 99 17 75 68 14 47 97  5 31 80 60 57 65 67 38 81 85  8 39 79 64
 62 61 89  4 13 12 84 42 15 48 20 27 41 43 28 96 50 91 53 94 33 55 82 83
  1 58 78 92]
[2023-10-19 19:25:51,068][root][INFO] - task 0 :(1280, 3, 32, 32)
[2023-10-19 19:25:51,088][root][INFO] - task 1 :(1280, 3, 32, 32)
[2023-10-19 19:25:51,107][root][INFO] - task 2 :(1280, 3, 32, 32)
[2023-10-19 19:25:51,128][root][INFO] - task 3 :(1280, 3, 32, 32)
[2023-10-19 19:25:51,149][root][INFO] - task 4 :(1280, 3, 32, 32)
[2023-10-19 19:25:51,170][root][INFO] - task 5 :(1280, 3, 32, 32)
[2023-10-19 19:25:51,197][root][INFO] - task 6 :(1280, 3, 32, 32)
[2023-10-19 19:25:51,217][root][INFO] - task 7 :(1280, 3, 32, 32)
[2023-10-19 19:25:51,238][root][INFO] - task 8 :(1280, 3, 32, 32)
[2023-10-19 19:25:51,257][root][INFO] - task 9 :(1280, 3, 32, 32)
[2023-10-19 19:25:51,285][root][INFO] - task 10 :(1280, 3, 32, 32)
[2023-10-19 19:25:51,305][root][INFO] - task 11 :(1280, 3, 32, 32)
[2023-10-19 19:25:51,326][root][INFO] - task 12 :(1280, 3, 32, 32)
[2023-10-19 19:25:51,346][root][INFO] - task 13 :(1280, 3, 32, 32)
[2023-10-19 19:25:51,367][root][INFO] - task 14 :(1280, 3, 32, 32)
[2023-10-19 19:25:51,388][root][INFO] - task 15 :(1280, 3, 32, 32)
[2023-10-19 19:25:51,408][root][INFO] - task 16 :(1280, 3, 32, 32)
[2023-10-19 19:25:51,429][root][INFO] - task 17 :(1280, 3, 32, 32)
[2023-10-19 19:25:51,449][root][INFO] - task 18 :(1280, 3, 32, 32)
[2023-10-19 19:25:51,469][root][INFO] - task 19 :(1280, 3, 32, 32)
[2023-10-19 19:25:51,950][root][INFO] - Class sequence: [32 45 93 34 69 92 84 55  5 18 61 89 74 81 87 41 52 53 22 75 10 36 96 16
 15 58  2 40 83  4 60  1 73 91 39 90 54 66 71 42 99 14 67 23 79 37 85 38
 33 29 63 35  0  8 68 17 62 31 76  6 24 65 27 77 28 72 78 30  7 94 48 59
  9 82  3 86 12 50 97 70 26 47 51 20 44 88 25 95 49 21 80 98 56 64 43 13
 57 19 11 46]
[2023-10-19 19:25:51,965][root][INFO] - task 0 :(1280, 3, 32, 32)
[2023-10-19 19:25:51,985][root][INFO] - task 1 :(1280, 3, 32, 32)
[2023-10-19 19:25:52,011][root][INFO] - task 2 :(1280, 3, 32, 32)
[2023-10-19 19:25:52,030][root][INFO] - task 3 :(1280, 3, 32, 32)
[2023-10-19 19:25:52,055][root][INFO] - task 4 :(1280, 3, 32, 32)
[2023-10-19 19:25:52,081][root][INFO] - task 5 :(1280, 3, 32, 32)
[2023-10-19 19:25:52,101][root][INFO] - task 6 :(1280, 3, 32, 32)
[2023-10-19 19:25:52,127][root][INFO] - task 7 :(1280, 3, 32, 32)
[2023-10-19 19:25:52,148][root][INFO] - task 8 :(1280, 3, 32, 32)
[2023-10-19 19:25:52,168][root][INFO] - task 9 :(1280, 3, 32, 32)
[2023-10-19 19:25:52,189][root][INFO] - task 10 :(1280, 3, 32, 32)
[2023-10-19 19:25:52,210][root][INFO] - task 11 :(1280, 3, 32, 32)
[2023-10-19 19:25:52,230][root][INFO] - task 12 :(1280, 3, 32, 32)
[2023-10-19 19:25:52,250][root][INFO] - task 13 :(1280, 3, 32, 32)
[2023-10-19 19:25:52,270][root][INFO] - task 14 :(1280, 3, 32, 32)
[2023-10-19 19:25:52,290][root][INFO] - task 15 :(1280, 3, 32, 32)
[2023-10-19 19:25:52,311][root][INFO] - task 16 :(1280, 3, 32, 32)
[2023-10-19 19:25:52,331][root][INFO] - task 17 :(1280, 3, 32, 32)
[2023-10-19 19:25:52,353][root][INFO] - task 18 :(1280, 3, 32, 32)
[2023-10-19 19:25:52,374][root][INFO] - task 19 :(1280, 3, 32, 32)
[2023-10-19 19:25:52,865][root][INFO] - Class sequence: [79 12 44 60 49 68 84 33 18 39 16 36 10 83 69 65 63 85 71 93 37 76 55 59
  2 21 42 81 41 74 98 31  1 52 91 64 43 51  5 22 34 15 61 94 54 50 89 72
 13 75 67  6 88 11  8 87 58 53 82 92 80 90 78 26  9 40 97 73 48  7 77 35
 23 57 14 32 46 24 19 38 27 96 20 47  3 25  4 56 29 62  0 45 99 28 66 17
 86 95 70 30]
[2023-10-19 19:25:52,880][root][INFO] - task 0 :(1280, 3, 32, 32)
[2023-10-19 19:25:52,899][root][INFO] - task 1 :(1280, 3, 32, 32)
[2023-10-19 19:25:52,919][root][INFO] - task 2 :(1280, 3, 32, 32)
[2023-10-19 19:25:52,939][root][INFO] - task 3 :(1280, 3, 32, 32)
[2023-10-19 19:25:52,960][root][INFO] - task 4 :(1280, 3, 32, 32)
[2023-10-19 19:25:52,981][root][INFO] - task 5 :(1280, 3, 32, 32)
[2023-10-19 19:25:53,001][root][INFO] - task 6 :(1280, 3, 32, 32)
[2023-10-19 19:25:53,021][root][INFO] - task 7 :(1280, 3, 32, 32)
[2023-10-19 19:25:53,041][root][INFO] - task 8 :(1280, 3, 32, 32)
[2023-10-19 19:25:53,061][root][INFO] - task 9 :(1280, 3, 32, 32)
[2023-10-19 19:25:53,081][root][INFO] - task 10 :(1280, 3, 32, 32)
[2023-10-19 19:25:53,102][root][INFO] - task 11 :(1280, 3, 32, 32)
[2023-10-19 19:25:53,121][root][INFO] - task 12 :(1280, 3, 32, 32)
[2023-10-19 19:25:53,142][root][INFO] - task 13 :(1280, 3, 32, 32)
[2023-10-19 19:25:53,161][root][INFO] - task 14 :(1280, 3, 32, 32)
[2023-10-19 19:25:53,181][root][INFO] - task 15 :(1280, 3, 32, 32)
[2023-10-19 19:25:53,208][root][INFO] - task 16 :(1280, 3, 32, 32)
[2023-10-19 19:25:53,234][root][INFO] - task 17 :(1280, 3, 32, 32)
[2023-10-19 19:25:53,253][root][INFO] - task 18 :(1280, 3, 32, 32)
[2023-10-19 19:25:53,273][root][INFO] - task 19 :(1280, 3, 32, 32)
[2023-10-19 19:25:53,754][root][INFO] - Class sequence: [38 48 52 84 26 14 96  8 83 12 33 63 89 87 78 66 28  0  1 22 95 30  6 71
 42 13 79 62 10 80 50  2 47 73 40 41 43 18 19 68 67 91  4 23 32 55 57 64
 82 54 74 53 39 31 97 88 58 46 16 27 37 20 59  9 92  7 99 90 11 93 34 17
 77  5 65 45 44 60 29 49 86 35 21 81 56 51 85  3 76 75 69 72 61 15 24 25
 94 98 36 70]
[2023-10-19 19:25:53,769][root][INFO] - task 0 :(1280, 3, 32, 32)
[2023-10-19 19:25:53,788][root][INFO] - task 1 :(1280, 3, 32, 32)
[2023-10-19 19:25:53,810][root][INFO] - task 2 :(1280, 3, 32, 32)
[2023-10-19 19:25:53,830][root][INFO] - task 3 :(1280, 3, 32, 32)
[2023-10-19 19:25:53,849][root][INFO] - task 4 :(1280, 3, 32, 32)
[2023-10-19 19:25:53,868][root][INFO] - task 5 :(1280, 3, 32, 32)
[2023-10-19 19:25:53,895][root][INFO] - task 6 :(1280, 3, 32, 32)
[2023-10-19 19:25:53,915][root][INFO] - task 7 :(1280, 3, 32, 32)
[2023-10-19 19:25:53,934][root][INFO] - task 8 :(1280, 3, 32, 32)
[2023-10-19 19:25:53,955][root][INFO] - task 9 :(1280, 3, 32, 32)
[2023-10-19 19:25:53,975][root][INFO] - task 10 :(1280, 3, 32, 32)
[2023-10-19 19:25:54,006][root][INFO] - task 11 :(1280, 3, 32, 32)
[2023-10-19 19:25:54,025][root][INFO] - task 12 :(1280, 3, 32, 32)
[2023-10-19 19:25:54,054][root][INFO] - task 13 :(1280, 3, 32, 32)
[2023-10-19 19:25:54,074][root][INFO] - task 14 :(1280, 3, 32, 32)
[2023-10-19 19:25:54,094][root][INFO] - task 15 :(1280, 3, 32, 32)
[2023-10-19 19:25:54,114][root][INFO] - task 16 :(1280, 3, 32, 32)
[2023-10-19 19:25:54,132][root][INFO] - task 17 :(1280, 3, 32, 32)
[2023-10-19 19:25:54,154][root][INFO] - task 18 :(1280, 3, 32, 32)
[2023-10-19 19:25:54,190][root][INFO] - task 19 :(1280, 3, 32, 32)
[2023-10-19 19:25:54,673][root][INFO] - Class sequence: [68 10 70 13 93 42 26 61 16 80  1 38 67 86 90 54 28 25 31 97 46 19 65 15
 75 55 71 92 98 27 52 72 51 33 73 47 34 35 43 32 84 77 37  3 49 11  7 17
 85 23 21 40 57 44 62 94 20 66 58  9 59 48 29 81 45 83  4 91 76 18 79  0
 82 14 41 24 88 89 60 99 69 53  6 12 22 64 74 30 96 63 50 39 95 87  8 56
 78 36  5  2]
[2023-10-19 19:25:54,687][root][INFO] - task 0 :(1280, 3, 32, 32)
[2023-10-19 19:25:54,707][root][INFO] - task 1 :(1280, 3, 32, 32)
[2023-10-19 19:25:54,726][root][INFO] - task 2 :(1280, 3, 32, 32)
[2023-10-19 19:25:54,745][root][INFO] - task 3 :(1280, 3, 32, 32)
[2023-10-19 19:25:54,771][root][INFO] - task 4 :(1280, 3, 32, 32)
[2023-10-19 19:25:54,790][root][INFO] - task 5 :(1280, 3, 32, 32)
[2023-10-19 19:25:54,810][root][INFO] - task 6 :(1280, 3, 32, 32)
[2023-10-19 19:25:54,830][root][INFO] - task 7 :(1280, 3, 32, 32)
[2023-10-19 19:25:54,849][root][INFO] - task 8 :(1280, 3, 32, 32)
[2023-10-19 19:25:54,869][root][INFO] - task 9 :(1280, 3, 32, 32)
[2023-10-19 19:25:54,890][root][INFO] - task 10 :(1280, 3, 32, 32)
[2023-10-19 19:25:54,910][root][INFO] - task 11 :(1280, 3, 32, 32)
[2023-10-19 19:25:54,942][root][INFO] - task 12 :(1280, 3, 32, 32)
[2023-10-19 19:25:54,962][root][INFO] - task 13 :(1280, 3, 32, 32)
[2023-10-19 19:25:54,981][root][INFO] - task 14 :(1280, 3, 32, 32)
[2023-10-19 19:25:55,002][root][INFO] - task 15 :(1280, 3, 32, 32)
[2023-10-19 19:25:55,029][root][INFO] - task 16 :(1280, 3, 32, 32)
[2023-10-19 19:25:55,065][root][INFO] - task 17 :(1280, 3, 32, 32)
[2023-10-19 19:25:55,085][root][INFO] - task 18 :(1280, 3, 32, 32)
[2023-10-19 19:25:55,209][root][INFO] - task 19 :(1280, 3, 32, 32)
[2023-10-19 19:25:55,698][root][INFO] - Class sequence: [92 61 95 22 25 20  3 13 71 48 59 42 85  6 12 90 65 49  5 41 52 64 83 43
 77  2 70 81 40 19 55 53 37 86 50 29 24 21 47 96 38  0 67 94 18 54 79 14
 51 73 62  9 45 76 10 82 91 34  4 63 74 97 28 56 98 35 72 30 84 46 93 75
 33 36  7  1 17 15 99 39 60 78 31 87 11 69 68 44 26 16 66 27 80 57 58 32
 23  8 89 88]
[2023-10-19 19:25:55,712][root][INFO] - task 0 :(1280, 3, 32, 32)
[2023-10-19 19:25:55,731][root][INFO] - task 1 :(1280, 3, 32, 32)
[2023-10-19 19:25:55,751][root][INFO] - task 2 :(1280, 3, 32, 32)
[2023-10-19 19:25:55,770][root][INFO] - task 3 :(1280, 3, 32, 32)
[2023-10-19 19:25:55,790][root][INFO] - task 4 :(1280, 3, 32, 32)
[2023-10-19 19:25:55,809][root][INFO] - task 5 :(1280, 3, 32, 32)
[2023-10-19 19:25:55,829][root][INFO] - task 6 :(1280, 3, 32, 32)
[2023-10-19 19:25:55,849][root][INFO] - task 7 :(1280, 3, 32, 32)
[2023-10-19 19:25:55,868][root][INFO] - task 8 :(1280, 3, 32, 32)
[2023-10-19 19:25:55,889][root][INFO] - task 9 :(1280, 3, 32, 32)
[2023-10-19 19:25:55,908][root][INFO] - task 10 :(1280, 3, 32, 32)
[2023-10-19 19:25:55,935][root][INFO] - task 11 :(1280, 3, 32, 32)
[2023-10-19 19:25:55,956][root][INFO] - task 12 :(1280, 3, 32, 32)
[2023-10-19 19:25:55,978][root][INFO] - task 13 :(1280, 3, 32, 32)
[2023-10-19 19:25:55,997][root][INFO] - task 14 :(1280, 3, 32, 32)
[2023-10-19 19:25:56,017][root][INFO] - task 15 :(1280, 3, 32, 32)
[2023-10-19 19:25:56,037][root][INFO] - task 16 :(1280, 3, 32, 32)
[2023-10-19 19:25:56,058][root][INFO] - task 17 :(1280, 3, 32, 32)
[2023-10-19 19:25:56,078][root][INFO] - task 18 :(1280, 3, 32, 32)
[2023-10-19 19:25:56,098][root][INFO] - task 19 :(1280, 3, 32, 32)
[2023-10-19 19:25:56,586][root][INFO] - Class sequence: [90 52 66  6  8 35 63 30 29 25 91  1 39 76 14 67 12 85 80 48  9 11 61 69
 75 64 74 83 96 50 99 59 54 45 23 47 72 10 15 56 46 36 62 93 89 79 81 32
 77 88 60 37  2 73 21 71 18 97 40 68 86 42 87 95 38 55 19 57 98 49  3 27
 26 34  4 53  7 70 24 13 20 16 33  5 82 41 17 43 84 31 65 94 51 28 44  0
 78 58 92 22]
[2023-10-19 19:25:56,601][root][INFO] - task 0 :(1280, 3, 32, 32)
[2023-10-19 19:25:56,620][root][INFO] - task 1 :(1280, 3, 32, 32)
[2023-10-19 19:25:56,639][root][INFO] - task 2 :(1280, 3, 32, 32)
[2023-10-19 19:25:56,659][root][INFO] - task 3 :(1280, 3, 32, 32)
[2023-10-19 19:25:56,679][root][INFO] - task 4 :(1280, 3, 32, 32)
[2023-10-19 19:25:56,699][root][INFO] - task 5 :(1280, 3, 32, 32)
[2023-10-19 19:25:56,717][root][INFO] - task 6 :(1280, 3, 32, 32)
[2023-10-19 19:25:56,737][root][INFO] - task 7 :(1280, 3, 32, 32)
[2023-10-19 19:25:56,764][root][INFO] - task 8 :(1280, 3, 32, 32)
[2023-10-19 19:25:56,784][root][INFO] - task 9 :(1280, 3, 32, 32)
[2023-10-19 19:25:56,804][root][INFO] - task 10 :(1280, 3, 32, 32)
[2023-10-19 19:25:56,827][root][INFO] - task 11 :(1280, 3, 32, 32)
[2023-10-19 19:25:56,851][root][INFO] - task 12 :(1280, 3, 32, 32)
[2023-10-19 19:25:56,870][root][INFO] - task 13 :(1280, 3, 32, 32)
[2023-10-19 19:25:56,896][root][INFO] - task 14 :(1280, 3, 32, 32)
[2023-10-19 19:25:56,916][root][INFO] - task 15 :(1280, 3, 32, 32)
[2023-10-19 19:25:56,935][root][INFO] - task 16 :(1280, 3, 32, 32)
[2023-10-19 19:25:56,956][root][INFO] - task 17 :(1280, 3, 32, 32)
[2023-10-19 19:25:56,975][root][INFO] - task 18 :(1280, 3, 32, 32)
[2023-10-19 19:25:56,995][root][INFO] - task 19 :(1280, 3, 32, 32)
i_size 32
num_classes 5
net_cfg {'name': 'cnn', 'depth': 4, 'channels': 50, 'conv_kernel': 3, 'maxpool_kernel': 2, 'padding': 1, 'dropout': 0.0, 'i_size': 32, 'num_classes': 5, 'num_tasks': 20, 'num_init_tasks': 4, 'use_contrastive': True}
<class 'shell.learners.er_nocomponents.NoComponentsER'>
[2023-10-19 19:25:57,024][root][INFO] - No. gpus per agent: 0.25
2023-10-19 19:25:59,958	INFO worker.py:1544 -- Started a local Ray instance. View the dashboard at [1m[32m127.0.0.1:8265 [39m[22m
[2m[36m(ParallelAgent pid=2901143)[0m INFO:root:Agent: node_id: 0, seed: 2
[2m[36m(ParallelAgent pid=2901461)[0m INFO:root:Agent: node_id: 1, seed: 1002
[2m[36m(ParallelAgent pid=2934050)[0m INFO:root:Agent: node_id: 2, seed: 2002
[2m[36m(ParallelAgent pid=2941963)[0m INFO:root:Agent: node_id: 3, seed: 3002
[2023-10-19 19:26:20,971][root][INFO] - Created fleet with 8 agents
[2023-10-19 19:26:20,972][root][INFO] - Adding neighbors...
[2m[36m(ParallelAgent pid=2942340)[0m INFO:root:Agent: node_id: 4, seed: 4002
[2m[36m(ParallelAgent pid=2942782)[0m INFO:root:Agent: node_id: 5, seed: 5002
[2m[36m(ParallelAgent pid=2943108)[0m INFO:root:Agent: node_id: 6, seed: 6002
[2m[36m(ParallelAgent pid=2943566)[0m INFO:root:Agent: node_id: 7, seed: 7002
[2023-10-19 19:26:23,477][root][INFO] - Fleet initialized
[2m[36m(ParallelAgent pid=2942782)[0m INFO:root:epochs: 0, training task: 0
[2m[36m(ParallelAgent pid=2942782)[0m INFO:root:	task: 0	loss: 1.61069348	acc: 0.200
[2m[36m(ParallelAgent pid=2942782)[0m INFO:root:	task: avg	loss: 1.61069348	acc: 0.200
[2m[36m(ParallelAgent pid=2901461)[0m INFO:root:epochs: 0, training task: 0
[2m[36m(ParallelAgent pid=2901461)[0m INFO:root:	task: 0	loss: 1.61074841	acc: 0.200
[2m[36m(ParallelAgent pid=2901461)[0m INFO:root:	task: avg	loss: 1.61074841	acc: 0.200
[2m[36m(ParallelAgent pid=2934050)[0m INFO:root:epochs: 0, training task: 0
[2m[36m(ParallelAgent pid=2934050)[0m INFO:root:	task: 0	loss: 1.61015649	acc: 0.200
[2m[36m(ParallelAgent pid=2942340)[0m INFO:root:epochs: 0, training task: 0
[2m[36m(ParallelAgent pid=2942340)[0m INFO:root:	task: 0	loss: 1.61121283	acc: 0.200
[2m[36m(ParallelAgent pid=2942340)[0m INFO:root:	task: avg	loss: 1.61121283	acc: 0.200
[2m[36m(ParallelAgent pid=2943566)[0m INFO:root:epochs: 0, training task: 0
[2m[36m(ParallelAgent pid=2943566)[0m INFO:root:	task: 0	loss: 1.61077045	acc: 0.200
[2m[36m(ParallelAgent pid=2943566)[0m INFO:root:	task: avg	loss: 1.61077045	acc: 0.200
[2m[36m(ParallelAgent pid=2934050)[0m INFO:root:	task: avg	loss: 1.61015649	acc: 0.200
[2m[36m(ParallelAgent pid=2941963)[0m INFO:root:epochs: 0, training task: 0
[2m[36m(ParallelAgent pid=2941963)[0m INFO:root:	task: 0	loss: 1.61030981	acc: 0.200
[2m[36m(ParallelAgent pid=2941963)[0m INFO:root:	task: avg	loss: 1.61030981	acc: 0.200
[2m[36m(ParallelAgent pid=2943108)[0m INFO:root:epochs: 0, training task: 0
[2m[36m(ParallelAgent pid=2943108)[0m INFO:root:	task: 0	loss: 1.61002283	acc: 0.186
[2m[36m(ParallelAgent pid=2901143)[0m INFO:root:epochs: 0, training task: 0
[2m[36m(ParallelAgent pid=2901143)[0m INFO:root:	task: 0	loss: 1.61020526	acc: 0.192
[2m[36m(ParallelAgent pid=2901143)[0m INFO:root:	task: avg	loss: 1.61020526	acc: 0.192
[2m[36m(ParallelAgent pid=2943108)[0m INFO:root:	task: avg	loss: 1.61002283	acc: 0.186
[2m[36m(ParallelAgent pid=2901461)[0m INFO:root:epochs: 0, training task: 0
[2m[36m(ParallelAgent pid=2901461)[0m INFO:root:	task: 0	loss: 1.61074841	acc: 0.200
[2m[36m(ParallelAgent pid=2901461)[0m INFO:root:	task: avg	loss: 1.61074841	acc: 0.200
[2m[36m(ParallelAgent pid=2941963)[0m INFO:root:epochs: 0, training task: 0
[2m[36m(ParallelAgent pid=2941963)[0m INFO:root:	task: 0	loss: 1.61030981	acc: 0.200
[2m[36m(ParallelAgent pid=2941963)[0m INFO:root:	task: avg	loss: 1.61030981	acc: 0.200
[2m[36m(ParallelAgent pid=2942340)[0m INFO:root:epochs: 0, training task: 0
[2m[36m(ParallelAgent pid=2942340)[0m INFO:root:	task: 0	loss: 1.61121283	acc: 0.200
[2m[36m(ParallelAgent pid=2942340)[0m INFO:root:	task: avg	loss: 1.61121283	acc: 0.200
[2m[36m(ParallelAgent pid=2942782)[0m INFO:root:epochs: 0, training task: 0
[2m[36m(ParallelAgent pid=2942782)[0m INFO:root:	task: 0	loss: 1.61069348	acc: 0.200
[2m[36m(ParallelAgent pid=2942782)[0m INFO:root:	task: avg	loss: 1.61069348	acc: 0.200
[2m[36m(ParallelAgent pid=2943566)[0m INFO:root:epochs: 0, training task: 0
[2m[36m(ParallelAgent pid=2943566)[0m INFO:root:	task: 0	loss: 1.61077045	acc: 0.200
[2m[36m(ParallelAgent pid=2943566)[0m INFO:root:	task: avg	loss: 1.61077045	acc: 0.200
[2m[36m(ParallelAgent pid=2901143)[0m INFO:root:epochs: 0, training task: 0
[2m[36m(ParallelAgent pid=2901143)[0m INFO:root:	task: 0	loss: 1.61020526	acc: 0.192
[2m[36m(ParallelAgent pid=2901143)[0m INFO:root:	task: avg	loss: 1.61020526	acc: 0.192
[2m[36m(ParallelAgent pid=2934050)[0m INFO:root:epochs: 0, training task: 0
[2m[36m(ParallelAgent pid=2934050)[0m INFO:root:	task: 0	loss: 1.61015649	acc: 0.200
[2m[36m(ParallelAgent pid=2934050)[0m INFO:root:	task: avg	loss: 1.61015649	acc: 0.200
[2m[36m(ParallelAgent pid=2943108)[0m INFO:root:epochs: 0, training task: 0
[2m[36m(ParallelAgent pid=2943108)[0m INFO:root:	task: 0	loss: 1.61002283	acc: 0.186
[2m[36m(ParallelAgent pid=2943108)[0m INFO:root:	task: avg	loss: 1.61002283	acc: 0.186
[2m[36m(ParallelAgent pid=2941963)[0m INFO:root:epochs: 0, training task: 1
[2m[36m(ParallelAgent pid=2941963)[0m INFO:root:	task: 0	loss: 1.61030981	acc: 0.200
[2m[36m(ParallelAgent pid=2941963)[0m INFO:root:	task: 1	loss: 1.60961084	acc: 0.200
[2m[36m(ParallelAgent pid=2941963)[0m INFO:root:	task: avg	loss: 1.60996033	acc: 0.200
[2m[36m(ParallelAgent pid=2943108)[0m INFO:root:epochs: 0, training task: 1
[2m[36m(ParallelAgent pid=2943108)[0m INFO:root:	task: 0	loss: 1.61002283	acc: 0.186
[2m[36m(ParallelAgent pid=2943108)[0m INFO:root:	task: 1	loss: 1.60962537	acc: 0.200
[2m[36m(ParallelAgent pid=2943108)[0m INFO:root:	task: avg	loss: 1.60982410	acc: 0.193
[2m[36m(ParallelAgent pid=2901143)[0m INFO:root:epochs: 0, training task: 1
[2m[36m(ParallelAgent pid=2901143)[0m INFO:root:	task: 0	loss: 1.61020526	acc: 0.192
[2m[36m(ParallelAgent pid=2901143)[0m INFO:root:	task: 1	loss: 1.60968494	acc: 0.200
[2m[36m(ParallelAgent pid=2901143)[0m INFO:root:	task: avg	loss: 1.60994510	acc: 0.196
[2m[36m(ParallelAgent pid=2901461)[0m INFO:root:epochs: 0, training task: 1
[2m[36m(ParallelAgent pid=2901461)[0m INFO:root:	task: 0	loss: 1.61074841	acc: 0.200
[2m[36m(ParallelAgent pid=2901461)[0m INFO:root:	task: 1	loss: 1.60977966	acc: 0.200
[2m[36m(ParallelAgent pid=2901461)[0m INFO:root:	task: avg	loss: 1.61026404	acc: 0.200
[2m[36m(ParallelAgent pid=2934050)[0m INFO:root:epochs: 0, training task: 1
[2m[36m(ParallelAgent pid=2934050)[0m INFO:root:	task: 0	loss: 1.61015649	acc: 0.200
[2m[36m(ParallelAgent pid=2934050)[0m INFO:root:	task: 1	loss: 1.61038794	acc: 0.200
[2m[36m(ParallelAgent pid=2934050)[0m INFO:root:	task: avg	loss: 1.61027222	acc: 0.200
[2m[36m(ParallelAgent pid=2942340)[0m INFO:root:epochs: 0, training task: 1
[2m[36m(ParallelAgent pid=2942340)[0m INFO:root:	task: 0	loss: 1.61121283	acc: 0.200
[2m[36m(ParallelAgent pid=2942340)[0m INFO:root:	task: 1	loss: 1.61055835	acc: 0.200
[2m[36m(ParallelAgent pid=2942340)[0m INFO:root:	task: avg	loss: 1.61088559	acc: 0.200
[2m[36m(ParallelAgent pid=2942782)[0m INFO:root:epochs: 0, training task: 1
[2m[36m(ParallelAgent pid=2942782)[0m INFO:root:	task: 0	loss: 1.61069348	acc: 0.200
[2m[36m(ParallelAgent pid=2942782)[0m INFO:root:	task: 1	loss: 1.60893884	acc: 0.200
[2m[36m(ParallelAgent pid=2942782)[0m INFO:root:	task: avg	loss: 1.60981616	acc: 0.200
[2m[36m(ParallelAgent pid=2943566)[0m INFO:root:epochs: 0, training task: 1
[2m[36m(ParallelAgent pid=2943566)[0m INFO:root:	task: 0	loss: 1.61077045	acc: 0.200
[2m[36m(ParallelAgent pid=2943566)[0m INFO:root:	task: 1	loss: 1.61000623	acc: 0.200
[2m[36m(ParallelAgent pid=2943566)[0m INFO:root:	task: avg	loss: 1.61038834	acc: 0.200
[2m[36m(ParallelAgent pid=2941963)[0m INFO:root:epochs: 0, training task: 1
[2m[36m(ParallelAgent pid=2941963)[0m INFO:root:	task: 0	loss: 1.61030981	acc: 0.200
[2m[36m(ParallelAgent pid=2941963)[0m INFO:root:	task: 1	loss: 1.60961084	acc: 0.200
[2m[36m(ParallelAgent pid=2941963)[0m INFO:root:	task: avg	loss: 1.60996033	acc: 0.200
[2m[36m(ParallelAgent pid=2943108)[0m INFO:root:epochs: 0, training task: 1
[2m[36m(ParallelAgent pid=2943108)[0m INFO:root:	task: 0	loss: 1.61002283	acc: 0.186
[2m[36m(ParallelAgent pid=2943108)[0m INFO:root:	task: 1	loss: 1.60962537	acc: 0.200
[2m[36m(ParallelAgent pid=2943108)[0m INFO:root:	task: avg	loss: 1.60982410	acc: 0.193
[2m[36m(ParallelAgent pid=2901461)[0m INFO:root:epochs: 0, training task: 1
[2m[36m(ParallelAgent pid=2901461)[0m INFO:root:	task: 0	loss: 1.61074841	acc: 0.200
[2m[36m(ParallelAgent pid=2901461)[0m INFO:root:	task: 1	loss: 1.60977966	acc: 0.200
[2m[36m(ParallelAgent pid=2901461)[0m INFO:root:	task: avg	loss: 1.61026404	acc: 0.200
[2m[36m(ParallelAgent pid=2942340)[0m INFO:root:epochs: 0, training task: 1
[2m[36m(ParallelAgent pid=2942340)[0m INFO:root:	task: 0	loss: 1.61121283	acc: 0.200
[2m[36m(ParallelAgent pid=2942340)[0m INFO:root:	task: 1	loss: 1.61055835	acc: 0.200
[2m[36m(ParallelAgent pid=2942340)[0m INFO:root:	task: avg	loss: 1.61088559	acc: 0.200
[2m[36m(ParallelAgent pid=2901143)[0m INFO:root:epochs: 0, training task: 1
[2m[36m(ParallelAgent pid=2901143)[0m INFO:root:	task: 0	loss: 1.61020526	acc: 0.192
[2m[36m(ParallelAgent pid=2901143)[0m INFO:root:	task: 1	loss: 1.60968494	acc: 0.200
[2m[36m(ParallelAgent pid=2901143)[0m INFO:root:	task: avg	loss: 1.60994510	acc: 0.196
[2m[36m(ParallelAgent pid=2934050)[0m INFO:root:epochs: 0, training task: 1
[2m[36m(ParallelAgent pid=2934050)[0m INFO:root:	task: 0	loss: 1.61015649	acc: 0.200
[2m[36m(ParallelAgent pid=2934050)[0m INFO:root:	task: 1	loss: 1.61038794	acc: 0.200
[2m[36m(ParallelAgent pid=2934050)[0m INFO:root:	task: avg	loss: 1.61027222	acc: 0.200
[2m[36m(ParallelAgent pid=2942782)[0m INFO:root:epochs: 0, training task: 1
[2m[36m(ParallelAgent pid=2942782)[0m INFO:root:	task: 0	loss: 1.61069348	acc: 0.200
[2m[36m(ParallelAgent pid=2942782)[0m INFO:root:	task: 1	loss: 1.60893884	acc: 0.200
[2m[36m(ParallelAgent pid=2942782)[0m INFO:root:	task: avg	loss: 1.60981616	acc: 0.200
[2m[36m(ParallelAgent pid=2943566)[0m INFO:root:epochs: 0, training task: 1
[2m[36m(ParallelAgent pid=2943566)[0m INFO:root:	task: 0	loss: 1.61077045	acc: 0.200
[2m[36m(ParallelAgent pid=2943566)[0m INFO:root:	task: 1	loss: 1.61000623	acc: 0.200
[2m[36m(ParallelAgent pid=2943566)[0m INFO:root:	task: avg	loss: 1.61038834	acc: 0.200
[2m[36m(ParallelAgent pid=2943566)[0m INFO:root:epochs: 0, training task: 2
[2m[36m(ParallelAgent pid=2943566)[0m INFO:root:	task: 0	loss: 1.61077045	acc: 0.200
[2m[36m(ParallelAgent pid=2943566)[0m INFO:root:	task: 1	loss: 1.61000623	acc: 0.200
[2m[36m(ParallelAgent pid=2943566)[0m INFO:root:	task: 2	loss: 1.61098413	acc: 0.200
[2m[36m(ParallelAgent pid=2943566)[0m INFO:root:	task: avg	loss: 1.61058693	acc: 0.200
[2m[36m(ParallelAgent pid=2942340)[0m INFO:root:epochs: 0, training task: 2
[2m[36m(ParallelAgent pid=2942340)[0m INFO:root:	task: 0	loss: 1.61121283	acc: 0.200
[2m[36m(ParallelAgent pid=2942340)[0m INFO:root:	task: 1	loss: 1.61055835	acc: 0.200
[2m[36m(ParallelAgent pid=2942340)[0m INFO:root:	task: 2	loss: 1.61055408	acc: 0.198
[2m[36m(ParallelAgent pid=2942340)[0m INFO:root:	task: avg	loss: 1.61077509	acc: 0.199
[2m[36m(ParallelAgent pid=2942782)[0m INFO:root:epochs: 0, training task: 2
[2m[36m(ParallelAgent pid=2942782)[0m INFO:root:	task: 0	loss: 1.61069348	acc: 0.200
[2m[36m(ParallelAgent pid=2942782)[0m INFO:root:	task: 1	loss: 1.60893884	acc: 0.200
[2m[36m(ParallelAgent pid=2942782)[0m INFO:root:	task: 2	loss: 1.61039941	acc: 0.200
[2m[36m(ParallelAgent pid=2942782)[0m INFO:root:	task: avg	loss: 1.61001058	acc: 0.200
[2m[36m(ParallelAgent pid=2934050)[0m INFO:root:epochs: 0, training task: 2
[2m[36m(ParallelAgent pid=2934050)[0m INFO:root:	task: 0	loss: 1.61015649	acc: 0.200
[2m[36m(ParallelAgent pid=2934050)[0m INFO:root:	task: 1	loss: 1.61038794	acc: 0.200
[2m[36m(ParallelAgent pid=2934050)[0m INFO:root:	task: 2	loss: 1.60974292	acc: 0.200
[2m[36m(ParallelAgent pid=2934050)[0m INFO:root:	task: avg	loss: 1.61009578	acc: 0.200
[2m[36m(ParallelAgent pid=2941963)[0m INFO:root:epochs: 0, training task: 2
[2m[36m(ParallelAgent pid=2941963)[0m INFO:root:	task: 0	loss: 1.61030981	acc: 0.200
[2m[36m(ParallelAgent pid=2941963)[0m INFO:root:	task: 1	loss: 1.60961084	acc: 0.200
[2m[36m(ParallelAgent pid=2941963)[0m INFO:root:	task: 2	loss: 1.60998828	acc: 0.200
[2m[36m(ParallelAgent pid=2941963)[0m INFO:root:	task: avg	loss: 1.60996965	acc: 0.200
[2m[36m(ParallelAgent pid=2943108)[0m INFO:root:epochs: 0, training task: 2
[2m[36m(ParallelAgent pid=2943108)[0m INFO:root:	task: 0	loss: 1.61002283	acc: 0.186
[2m[36m(ParallelAgent pid=2943108)[0m INFO:root:	task: 1	loss: 1.60962537	acc: 0.200
[2m[36m(ParallelAgent pid=2943108)[0m INFO:root:	task: 2	loss: 1.60997931	acc: 0.200
[2m[36m(ParallelAgent pid=2943108)[0m INFO:root:	task: avg	loss: 1.60987583	acc: 0.195
[2m[36m(ParallelAgent pid=2901143)[0m INFO:root:epochs: 0, training task: 2
[2m[36m(ParallelAgent pid=2901143)[0m INFO:root:	task: 0	loss: 1.61020526	acc: 0.192
[2m[36m(ParallelAgent pid=2901143)[0m INFO:root:	task: 1	loss: 1.60968494	acc: 0.200
[2m[36m(ParallelAgent pid=2901143)[0m INFO:root:	task: 2	loss: 1.61175500	acc: 0.200
[2m[36m(ParallelAgent pid=2901143)[0m INFO:root:	task: avg	loss: 1.61054840	acc: 0.197
[2m[36m(ParallelAgent pid=2901461)[0m INFO:root:epochs: 0, training task: 2
[2m[36m(ParallelAgent pid=2901461)[0m INFO:root:	task: 0	loss: 1.61074841	acc: 0.200
[2m[36m(ParallelAgent pid=2901461)[0m INFO:root:	task: 1	loss: 1.60977966	acc: 0.200
[2m[36m(ParallelAgent pid=2901461)[0m INFO:root:	task: 2	loss: 1.61006494	acc: 0.200
[2m[36m(ParallelAgent pid=2901461)[0m INFO:root:	task: avg	loss: 1.61019767	acc: 0.200
[2m[36m(ParallelAgent pid=2942340)[0m INFO:root:epochs: 0, training task: 2
[2m[36m(ParallelAgent pid=2942340)[0m INFO:root:	task: 0	loss: 1.61121283	acc: 0.200
[2m[36m(ParallelAgent pid=2942340)[0m INFO:root:	task: 1	loss: 1.61055835	acc: 0.200
[2m[36m(ParallelAgent pid=2942340)[0m INFO:root:	task: 2	loss: 1.61055408	acc: 0.198
[2m[36m(ParallelAgent pid=2942340)[0m INFO:root:	task: avg	loss: 1.61077509	acc: 0.199
[2m[36m(ParallelAgent pid=2942782)[0m INFO:root:epochs: 0, training task: 2
[2m[36m(ParallelAgent pid=2942782)[0m INFO:root:	task: 0	loss: 1.61069348	acc: 0.200
[2m[36m(ParallelAgent pid=2942782)[0m INFO:root:	task: 1	loss: 1.60893884	acc: 0.200
[2m[36m(ParallelAgent pid=2942782)[0m INFO:root:	task: 2	loss: 1.61039941	acc: 0.200
[2m[36m(ParallelAgent pid=2942782)[0m INFO:root:	task: avg	loss: 1.61001058	acc: 0.200
[2m[36m(ParallelAgent pid=2943566)[0m INFO:root:epochs: 0, training task: 2
[2m[36m(ParallelAgent pid=2943566)[0m INFO:root:	task: 0	loss: 1.61077045	acc: 0.200
[2m[36m(ParallelAgent pid=2943566)[0m INFO:root:	task: 1	loss: 1.61000623	acc: 0.200
[2m[36m(ParallelAgent pid=2943566)[0m INFO:root:	task: 2	loss: 1.61098413	acc: 0.200
[2m[36m(ParallelAgent pid=2943566)[0m INFO:root:	task: avg	loss: 1.61058693	acc: 0.200
[2m[36m(ParallelAgent pid=2943108)[0m INFO:root:epochs: 0, training task: 2
[2m[36m(ParallelAgent pid=2943108)[0m INFO:root:	task: 0	loss: 1.61002283	acc: 0.186
[2m[36m(ParallelAgent pid=2943108)[0m INFO:root:	task: 1	loss: 1.60962537	acc: 0.200
[2m[36m(ParallelAgent pid=2941963)[0m INFO:root:epochs: 0, training task: 2
[2m[36m(ParallelAgent pid=2941963)[0m INFO:root:	task: 0	loss: 1.61030981	acc: 0.200
[2m[36m(ParallelAgent pid=2941963)[0m INFO:root:	task: 1	loss: 1.60961084	acc: 0.200
[2m[36m(ParallelAgent pid=2941963)[0m INFO:root:	task: 2	loss: 1.60998828	acc: 0.200
[2m[36m(ParallelAgent pid=2941963)[0m INFO:root:	task: avg	loss: 1.60996965	acc: 0.200
[2m[36m(ParallelAgent pid=2943108)[0m INFO:root:	task: 2	loss: 1.60997931	acc: 0.200
[2m[36m(ParallelAgent pid=2943108)[0m INFO:root:	task: avg	loss: 1.60987583	acc: 0.195
[2m[36m(ParallelAgent pid=2901143)[0m INFO:root:epochs: 0, training task: 2
[2m[36m(ParallelAgent pid=2901143)[0m INFO:root:	task: 0	loss: 1.61020526	acc: 0.192
[2m[36m(ParallelAgent pid=2901143)[0m INFO:root:	task: 1	loss: 1.60968494	acc: 0.200
[2m[36m(ParallelAgent pid=2901143)[0m INFO:root:	task: 2	loss: 1.61175500	acc: 0.200
[2m[36m(ParallelAgent pid=2901143)[0m INFO:root:	task: avg	loss: 1.61054840	acc: 0.197
[2m[36m(ParallelAgent pid=2901461)[0m INFO:root:epochs: 0, training task: 2
[2m[36m(ParallelAgent pid=2901461)[0m INFO:root:	task: 0	loss: 1.61074841	acc: 0.200
[2m[36m(ParallelAgent pid=2901461)[0m INFO:root:	task: 1	loss: 1.60977966	acc: 0.200
[2m[36m(ParallelAgent pid=2901461)[0m INFO:root:	task: 2	loss: 1.61006494	acc: 0.200
[2m[36m(ParallelAgent pid=2901461)[0m INFO:root:	task: avg	loss: 1.61019767	acc: 0.200
[2m[36m(ParallelAgent pid=2934050)[0m INFO:root:epochs: 0, training task: 2
[2m[36m(ParallelAgent pid=2934050)[0m INFO:root:	task: 0	loss: 1.61015649	acc: 0.200
[2m[36m(ParallelAgent pid=2934050)[0m INFO:root:	task: 1	loss: 1.61038794	acc: 0.200
[2m[36m(ParallelAgent pid=2934050)[0m INFO:root:	task: 2	loss: 1.60974292	acc: 0.200
[2m[36m(ParallelAgent pid=2934050)[0m INFO:root:	task: avg	loss: 1.61009578	acc: 0.200
[2m[36m(ParallelAgent pid=2942340)[0m INFO:root:epochs: 0, training task: 3
[2m[36m(ParallelAgent pid=2942340)[0m INFO:root:	task: 0	loss: 1.61121283	acc: 0.200
[2m[36m(ParallelAgent pid=2942340)[0m INFO:root:	task: 1	loss: 1.61055835	acc: 0.200
[2m[36m(ParallelAgent pid=2942340)[0m INFO:root:	task: 2	loss: 1.61055408	acc: 0.198
[2m[36m(ParallelAgent pid=2942340)[0m INFO:root:	task: 3	loss: 1.61091296	acc: 0.200
[2m[36m(ParallelAgent pid=2942340)[0m INFO:root:	task: avg	loss: 1.61080956	acc: 0.200
[2m[36m(ParallelAgent pid=2942782)[0m INFO:root:epochs: 0, training task: 3
[2m[36m(ParallelAgent pid=2942782)[0m INFO:root:	task: 0	loss: 1.61069348	acc: 0.200
[2m[36m(ParallelAgent pid=2942782)[0m INFO:root:	task: 1	loss: 1.60893884	acc: 0.200
[2m[36m(ParallelAgent pid=2942782)[0m INFO:root:	task: 2	loss: 1.61039941	acc: 0.200
[2m[36m(ParallelAgent pid=2942782)[0m INFO:root:	task: 3	loss: 1.61043164	acc: 0.208
[2m[36m(ParallelAgent pid=2942782)[0m INFO:root:	task: avg	loss: 1.61011584	acc: 0.202
[2m[36m(ParallelAgent pid=2943566)[0m INFO:root:epochs: 0, training task: 3
[2m[36m(ParallelAgent pid=2943566)[0m INFO:root:	task: 0	loss: 1.61077045	acc: 0.200
[2m[36m(ParallelAgent pid=2943566)[0m INFO:root:	task: 1	loss: 1.61000623	acc: 0.200
[2m[36m(ParallelAgent pid=2943566)[0m INFO:root:	task: 2	loss: 1.61098413	acc: 0.200
[2m[36m(ParallelAgent pid=2943566)[0m INFO:root:	task: 3	loss: 1.61010809	acc: 0.200
[2m[36m(ParallelAgent pid=2943566)[0m INFO:root:	task: avg	loss: 1.61046722	acc: 0.200
[2m[36m(ParallelAgent pid=2901143)[0m INFO:root:epochs: 0, training task: 3
[2m[36m(ParallelAgent pid=2901143)[0m INFO:root:	task: 0	loss: 1.61020526	acc: 0.192
[2m[36m(ParallelAgent pid=2901143)[0m INFO:root:	task: 1	loss: 1.60968494	acc: 0.200
[2m[36m(ParallelAgent pid=2901143)[0m INFO:root:	task: 2	loss: 1.61175500	acc: 0.200
[2m[36m(ParallelAgent pid=2901143)[0m INFO:root:	task: 3	loss: 1.60883905	acc: 0.244
[2m[36m(ParallelAgent pid=2901143)[0m INFO:root:	task: avg	loss: 1.61012106	acc: 0.209
[2m[36m(ParallelAgent pid=2901461)[0m INFO:root:epochs: 0, training task: 3
[2m[36m(ParallelAgent pid=2901461)[0m INFO:root:	task: 0	loss: 1.61074841	acc: 0.200
[2m[36m(ParallelAgent pid=2934050)[0m INFO:root:epochs: 0, training task: 3
[2m[36m(ParallelAgent pid=2934050)[0m INFO:root:	task: 0	loss: 1.61015649	acc: 0.200
[2m[36m(ParallelAgent pid=2934050)[0m INFO:root:	task: 1	loss: 1.61038794	acc: 0.200
[2m[36m(ParallelAgent pid=2934050)[0m INFO:root:	task: 2	loss: 1.60974292	acc: 0.200
[2m[36m(ParallelAgent pid=2934050)[0m INFO:root:	task: 3	loss: 1.61053516	acc: 0.200
[2m[36m(ParallelAgent pid=2934050)[0m INFO:root:	task: avg	loss: 1.61020563	acc: 0.200
[2m[36m(ParallelAgent pid=2941963)[0m INFO:root:epochs: 0, training task: 3
[2m[36m(ParallelAgent pid=2941963)[0m INFO:root:	task: 0	loss: 1.61030981	acc: 0.200
[2m[36m(ParallelAgent pid=2941963)[0m INFO:root:	task: 1	loss: 1.60961084	acc: 0.200
[2m[36m(ParallelAgent pid=2941963)[0m INFO:root:	task: 2	loss: 1.60998828	acc: 0.200
[2m[36m(ParallelAgent pid=2941963)[0m INFO:root:	task: 3	loss: 1.60885132	acc: 0.202
[2m[36m(ParallelAgent pid=2943108)[0m INFO:root:epochs: 0, training task: 3
[2m[36m(ParallelAgent pid=2943108)[0m INFO:root:	task: 0	loss: 1.61002283	acc: 0.186
[2m[36m(ParallelAgent pid=2943108)[0m INFO:root:	task: 1	loss: 1.60962537	acc: 0.200
[2m[36m(ParallelAgent pid=2943108)[0m INFO:root:	task: 2	loss: 1.60997931	acc: 0.200
[2m[36m(ParallelAgent pid=2943108)[0m INFO:root:	task: 3	loss: 1.60962128	acc: 0.214
[2m[36m(ParallelAgent pid=2943108)[0m INFO:root:	task: avg	loss: 1.60981219	acc: 0.200
[2m[36m(ParallelAgent pid=2901461)[0m INFO:root:	task: 1	loss: 1.60977966	acc: 0.200
[2m[36m(ParallelAgent pid=2901461)[0m INFO:root:	task: 2	loss: 1.61006494	acc: 0.200
[2m[36m(ParallelAgent pid=2901461)[0m INFO:root:	task: 3	loss: 1.61033081	acc: 0.200
[2m[36m(ParallelAgent pid=2901461)[0m INFO:root:	task: avg	loss: 1.61023096	acc: 0.200
[2m[36m(ParallelAgent pid=2941963)[0m INFO:root:	task: avg	loss: 1.60969006	acc: 0.201
[2m[36m(ParallelAgent pid=2901461)[0m INFO:root:epochs: 1, training task: 3
[2m[36m(ParallelAgent pid=2901461)[0m INFO:root:	task: 0	loss: 1.61546143	acc: 0.132
[2m[36m(ParallelAgent pid=2901461)[0m INFO:root:	task: 1	loss: 1.61399188	acc: 0.202
[2m[36m(ParallelAgent pid=2901461)[0m INFO:root:	task: 2	loss: 1.61074426	acc: 0.202
[2m[36m(ParallelAgent pid=2901461)[0m INFO:root:	task: 3	loss: 1.60000452	acc: 0.200
[2m[36m(ParallelAgent pid=2901461)[0m INFO:root:	task: avg	loss: 1.61005052	acc: 0.184
[2m[36m(ParallelAgent pid=2941963)[0m INFO:root:epochs: 1, training task: 3
[2m[36m(ParallelAgent pid=2941963)[0m INFO:root:	task: 0	loss: 1.60412329	acc: 0.298
[2m[36m(ParallelAgent pid=2941963)[0m INFO:root:	task: 1	loss: 1.60700830	acc: 0.218
[2m[36m(ParallelAgent pid=2941963)[0m INFO:root:	task: 2	loss: 1.61204791	acc: 0.206
[2m[36m(ParallelAgent pid=2941963)[0m INFO:root:	task: 3	loss: 1.60591852	acc: 0.200
[2m[36m(ParallelAgent pid=2941963)[0m INFO:root:	task: avg	loss: 1.60727451	acc: 0.230
[2m[36m(ParallelAgent pid=2943108)[0m INFO:root:epochs: 1, training task: 3
[2m[36m(ParallelAgent pid=2943108)[0m INFO:root:	task: 0	loss: 1.61277075	acc: 0.138
[2m[36m(ParallelAgent pid=2943108)[0m INFO:root:	task: 1	loss: 1.61464642	acc: 0.172
[2m[36m(ParallelAgent pid=2943108)[0m INFO:root:	task: 2	loss: 1.61096790	acc: 0.200
[2m[36m(ParallelAgent pid=2943108)[0m INFO:root:	task: 3	loss: 1.60713220	acc: 0.304
[2m[36m(ParallelAgent pid=2943108)[0m INFO:root:	task: avg	loss: 1.61137932	acc: 0.204
[2m[36m(ParallelAgent pid=2943566)[0m INFO:root:epochs: 1, training task: 3
[2m[36m(ParallelAgent pid=2943566)[0m INFO:root:	task: 0	loss: 1.61607556	acc: 0.200
[2m[36m(ParallelAgent pid=2943566)[0m INFO:root:	task: 1	loss: 1.60409137	acc: 0.370
[2m[36m(ParallelAgent pid=2943566)[0m INFO:root:	task: 2	loss: 1.60884686	acc: 0.164
[2m[36m(ParallelAgent pid=2943566)[0m INFO:root:	task: 3	loss: 1.61255139	acc: 0.154
[2m[36m(ParallelAgent pid=2943566)[0m INFO:root:	task: avg	loss: 1.61039130	acc: 0.222
[2m[36m(ParallelAgent pid=2901143)[0m INFO:root:epochs: 1, training task: 3
[2m[36m(ParallelAgent pid=2901143)[0m INFO:root:	task: 0	loss: 1.60782385	acc: 0.210
[2m[36m(ParallelAgent pid=2901143)[0m INFO:root:	task: 1	loss: 1.60108661	acc: 0.200
[2m[36m(ParallelAgent pid=2901143)[0m INFO:root:	task: 2	loss: 1.60822412	acc: 0.200
[2m[36m(ParallelAgent pid=2901143)[0m INFO:root:	task: 3	loss: 1.60124969	acc: 0.254
[2m[36m(ParallelAgent pid=2901143)[0m INFO:root:	task: avg	loss: 1.60459607	acc: 0.216
[2m[36m(ParallelAgent pid=2934050)[0m INFO:root:epochs: 1, training task: 3
[2m[36m(ParallelAgent pid=2934050)[0m INFO:root:	task: 0	loss: 1.61097992	acc: 0.174
[2m[36m(ParallelAgent pid=2934050)[0m INFO:root:	task: 1	loss: 1.61280450	acc: 0.122
[2m[36m(ParallelAgent pid=2934050)[0m INFO:root:	task: 2	loss: 1.60760382	acc: 0.166
[2m[36m(ParallelAgent pid=2934050)[0m INFO:root:	task: 3	loss: 1.61118030	acc: 0.222
[2m[36m(ParallelAgent pid=2934050)[0m INFO:root:	task: avg	loss: 1.61064214	acc: 0.171
[2m[36m(ParallelAgent pid=2942782)[0m INFO:root:epochs: 1, training task: 3
[2m[36m(ParallelAgent pid=2942782)[0m INFO:root:	task: 0	loss: 1.61792529	acc: 0.192
[2m[36m(ParallelAgent pid=2942782)[0m INFO:root:	task: 1	loss: 1.60632770	acc: 0.280
[2m[36m(ParallelAgent pid=2942782)[0m INFO:root:	task: 2	loss: 1.60523737	acc: 0.200
[2m[36m(ParallelAgent pid=2942340)[0m INFO:root:epochs: 1, training task: 3
[2m[36m(ParallelAgent pid=2942340)[0m INFO:root:	task: 0	loss: 1.61206757	acc: 0.200
[2m[36m(ParallelAgent pid=2942340)[0m INFO:root:	task: 1	loss: 1.61121936	acc: 0.206
[2m[36m(ParallelAgent pid=2942340)[0m INFO:root:	task: 2	loss: 1.61255774	acc: 0.200
[2m[36m(ParallelAgent pid=2942340)[0m INFO:root:	task: 3	loss: 1.60450568	acc: 0.188
[2m[36m(ParallelAgent pid=2942340)[0m INFO:root:	task: avg	loss: 1.61008759	acc: 0.199
[2m[36m(ParallelAgent pid=2942782)[0m INFO:root:	task: 3	loss: 1.60962012	acc: 0.152
[2m[36m(ParallelAgent pid=2942782)[0m INFO:root:	task: avg	loss: 1.60977762	acc: 0.206
slurmstepd: error: *** STEP 130323.0 ON ee-a6000-1.grasp.maas CANCELLED AT 2023-10-19T19:27:36 ***
slurmstepd: error: *** JOB 130323 ON ee-a6000-1.grasp.maas CANCELLED AT 2023-10-19T19:27:37 ***
