/mnt/kostas-graid/sw/envs/vlongle/miniconda3/envs/shell/lib/python3.10/site-packages/hydra/_internal/defaults_list.py:251: UserWarning: In 'config': Defaults list is missing `_self_`. See https://hydra.cc/docs/1.2/upgrades/1.0_to_1.1/default_composition_order for more information
  warnings.warn(msg, UserWarning)
{'train': {'component_update_freq': 100, 'num_epochs': 100, 'init_component_update_freq': 300, 'init_num_epochs': 300, 'save_freq': 20}, 'dataset': {'dataset_name': 'cifar100', 'num_tasks': 20, 'num_classes_per_task': 5, 'with_replacement': False, 'num_trains_per_class': 256, 'num_vals_per_class': -1, 'remap_labels': True}, 'net': {'name': 'cnn', 'depth': 4, 'channels': 50, 'conv_kernel': 3, 'maxpool_kernel': 2, 'padding': 1, 'dropout': 0.0}, 'sharing_strategy': {'name': 'no_sharing', 'num_coms_per_round': 0}, 'seed': 6, 'algo': 'monolithic', 'job_name': 'cifar100_monolithic_numtrain_256_contrastive', 'num_agents': 8, 'root_save_dir': 'experiment_results/vanilla_cifar', 'parallel': True, 'num_init_tasks': 4, 'agent': {'save_dir': '${root_save_dir}/${job_name}/${dataset.dataset_name}/${algo}/seed_${seed}', 'batch_size': 1024, 'memory_size': 32, 'improvement_threshold': 0.05, 'use_contrastive': True}}
[2023-10-05 03:13:18,671][root][INFO] - Class sequence: [56 84 86 72 54 39 95 98 25  0 65  2 60 74 58 94 17 71 77 45 26 83 24 63
 46 27  1 21 50 13 92 12 80 19 90 55 34 52 96 38 64  6 59 47 16 15 42 88
 73  9  8 93 97 35 78 89 68 99 70 66 69 23 10 14 28 33 81 57 11 82 85 18
 53 37 32 91 36 48 62 29 31 51 22 79  5 49 41 61 75  4 40 87  7 44 30 76
  3 43 20 67]
[2023-10-05 03:13:18,685][root][INFO] - task 0 :(1280, 3, 32, 32)
[2023-10-05 03:13:18,731][root][INFO] - task 1 :(1280, 3, 32, 32)
[2023-10-05 03:13:18,760][root][INFO] - task 2 :(1280, 3, 32, 32)
[2023-10-05 03:13:18,779][root][INFO] - task 3 :(1280, 3, 32, 32)
[2023-10-05 03:13:18,800][root][INFO] - task 4 :(1280, 3, 32, 32)
[2023-10-05 03:13:18,819][root][INFO] - task 5 :(1280, 3, 32, 32)
[2023-10-05 03:13:18,840][root][INFO] - task 6 :(1280, 3, 32, 32)
[2023-10-05 03:13:18,859][root][INFO] - task 7 :(1280, 3, 32, 32)
[2023-10-05 03:13:18,878][root][INFO] - task 8 :(1280, 3, 32, 32)
[2023-10-05 03:13:18,896][root][INFO] - task 9 :(1280, 3, 32, 32)
[2023-10-05 03:13:18,913][root][INFO] - task 10 :(1280, 3, 32, 32)
[2023-10-05 03:13:18,931][root][INFO] - task 11 :(1280, 3, 32, 32)
[2023-10-05 03:13:18,950][root][INFO] - task 12 :(1280, 3, 32, 32)
[2023-10-05 03:13:18,976][root][INFO] - task 13 :(1280, 3, 32, 32)
[2023-10-05 03:13:18,995][root][INFO] - task 14 :(1280, 3, 32, 32)
[2023-10-05 03:13:19,013][root][INFO] - task 15 :(1280, 3, 32, 32)
[2023-10-05 03:13:19,031][root][INFO] - task 16 :(1280, 3, 32, 32)
[2023-10-05 03:13:19,050][root][INFO] - task 17 :(1280, 3, 32, 32)
[2023-10-05 03:13:19,075][root][INFO] - task 18 :(1280, 3, 32, 32)
[2023-10-05 03:13:19,097][root][INFO] - task 19 :(1280, 3, 32, 32)
[2023-10-05 03:13:19,549][root][INFO] - Class sequence: [73 58 11 80 87 39 55 46 50 95  8 91 81 32 62 76 41 68 25 74 90 14  1 82
 47 30 16 89 88 36 44 54 83 72 13 98 18 31 93 75 70 78 63 56 24 10 26 19
  7 38 37 33 49 29  2 23 86  3 34 96 97  4 52 22 84  6 51 57 35 85  9 27
 40 66 15 45 67 48 99 65 60 21 53 69 12  5 59 92 28 94 20 71 77 64 43 61
 79  0 17 42]
[2023-10-05 03:13:19,567][root][INFO] - task 0 :(1280, 3, 32, 32)
[2023-10-05 03:13:19,586][root][INFO] - task 1 :(1280, 3, 32, 32)
[2023-10-05 03:13:19,606][root][INFO] - task 2 :(1280, 3, 32, 32)
[2023-10-05 03:13:19,625][root][INFO] - task 3 :(1280, 3, 32, 32)
[2023-10-05 03:13:19,645][root][INFO] - task 4 :(1280, 3, 32, 32)
[2023-10-05 03:13:19,665][root][INFO] - task 5 :(1280, 3, 32, 32)
[2023-10-05 03:13:19,721][root][INFO] - task 6 :(1280, 3, 32, 32)
[2023-10-05 03:13:19,745][root][INFO] - task 7 :(1280, 3, 32, 32)
[2023-10-05 03:13:19,764][root][INFO] - task 8 :(1280, 3, 32, 32)
[2023-10-05 03:13:19,783][root][INFO] - task 9 :(1280, 3, 32, 32)
[2023-10-05 03:13:19,802][root][INFO] - task 10 :(1280, 3, 32, 32)
[2023-10-05 03:13:19,821][root][INFO] - task 11 :(1280, 3, 32, 32)
[2023-10-05 03:13:19,838][root][INFO] - task 12 :(1280, 3, 32, 32)
[2023-10-05 03:13:19,863][root][INFO] - task 13 :(1280, 3, 32, 32)
[2023-10-05 03:13:19,881][root][INFO] - task 14 :(1280, 3, 32, 32)
[2023-10-05 03:13:19,899][root][INFO] - task 15 :(1280, 3, 32, 32)
[2023-10-05 03:13:19,917][root][INFO] - task 16 :(1280, 3, 32, 32)
[2023-10-05 03:13:19,935][root][INFO] - task 17 :(1280, 3, 32, 32)
[2023-10-05 03:13:19,953][root][INFO] - task 18 :(1280, 3, 32, 32)
[2023-10-05 03:13:19,978][root][INFO] - task 19 :(1280, 3, 32, 32)
[2023-10-05 03:13:20,432][root][INFO] - Class sequence: [18 23 45  7  2 54 74 79 77 37 98 22  1 39 27 43 12 87 33 34 55 66  4 65
 62 32 14  5 52 15 57 60  6 94 48 44 67 82 17 31 19 10 93 13 83 64 21 50
 90 47 95 58 29  3 51 20 91 59 24 36 97 86  8 63 26 61 73 70 56 68 99 38
 30 40 35 85 84 53 11 88 78  0 49 46 28 92 25 72 96  9 16 89 80 75 81 42
 41 71 69 76]
[2023-10-05 03:13:20,448][root][INFO] - task 0 :(1280, 3, 32, 32)
[2023-10-05 03:13:20,474][root][INFO] - task 1 :(1280, 3, 32, 32)
[2023-10-05 03:13:20,497][root][INFO] - task 2 :(1280, 3, 32, 32)
[2023-10-05 03:13:20,520][root][INFO] - task 3 :(1280, 3, 32, 32)
[2023-10-05 03:13:20,539][root][INFO] - task 4 :(1280, 3, 32, 32)
[2023-10-05 03:13:20,561][root][INFO] - task 5 :(1280, 3, 32, 32)
[2023-10-05 03:13:20,579][root][INFO] - task 6 :(1280, 3, 32, 32)
[2023-10-05 03:13:20,599][root][INFO] - task 7 :(1280, 3, 32, 32)
[2023-10-05 03:13:20,618][root][INFO] - task 8 :(1280, 3, 32, 32)
[2023-10-05 03:13:20,637][root][INFO] - task 9 :(1280, 3, 32, 32)
[2023-10-05 03:13:20,656][root][INFO] - task 10 :(1280, 3, 32, 32)
[2023-10-05 03:13:20,676][root][INFO] - task 11 :(1280, 3, 32, 32)
[2023-10-05 03:13:20,695][root][INFO] - task 12 :(1280, 3, 32, 32)
[2023-10-05 03:13:20,714][root][INFO] - task 13 :(1280, 3, 32, 32)
[2023-10-05 03:13:20,733][root][INFO] - task 14 :(1280, 3, 32, 32)
[2023-10-05 03:13:20,752][root][INFO] - task 15 :(1280, 3, 32, 32)
[2023-10-05 03:13:20,769][root][INFO] - task 16 :(1280, 3, 32, 32)
[2023-10-05 03:13:20,788][root][INFO] - task 17 :(1280, 3, 32, 32)
[2023-10-05 03:13:20,819][root][INFO] - task 18 :(1280, 3, 32, 32)
[2023-10-05 03:13:20,837][root][INFO] - task 19 :(1280, 3, 32, 32)
[2023-10-05 03:13:21,287][root][INFO] - Class sequence: [43  6 34 91 77 22 50 14 82 76 88 87 83 78 42 41 54 94 65 51  3 45  2 89
  8 29 21 92 31 72 95 52  9 32 56 66 19 37 49 25 74 55 68 99 73 33 30 90
 27 64 67 57 16 61 96 20 13  0 80 86 53 12 63 23 18 17 62  4  5 26 81 70
 79 11 97 10 93 60 46 44 71 38 15  1 58 75  7 47 85 59 48 84 35 28 39 98
 40 24 36 69]
[2023-10-05 03:13:21,302][root][INFO] - task 0 :(1280, 3, 32, 32)
[2023-10-05 03:13:21,321][root][INFO] - task 1 :(1280, 3, 32, 32)
[2023-10-05 03:13:21,340][root][INFO] - task 2 :(1280, 3, 32, 32)
[2023-10-05 03:13:21,367][root][INFO] - task 3 :(1280, 3, 32, 32)
[2023-10-05 03:13:21,385][root][INFO] - task 4 :(1280, 3, 32, 32)
[2023-10-05 03:13:21,403][root][INFO] - task 5 :(1280, 3, 32, 32)
[2023-10-05 03:13:21,421][root][INFO] - task 6 :(1280, 3, 32, 32)
[2023-10-05 03:13:21,443][root][INFO] - task 7 :(1280, 3, 32, 32)
[2023-10-05 03:13:21,462][root][INFO] - task 8 :(1280, 3, 32, 32)
[2023-10-05 03:13:21,480][root][INFO] - task 9 :(1280, 3, 32, 32)
[2023-10-05 03:13:21,498][root][INFO] - task 10 :(1280, 3, 32, 32)
[2023-10-05 03:13:21,533][root][INFO] - task 11 :(1280, 3, 32, 32)
[2023-10-05 03:13:21,550][root][INFO] - task 12 :(1280, 3, 32, 32)
[2023-10-05 03:13:21,574][root][INFO] - task 13 :(1280, 3, 32, 32)
[2023-10-05 03:13:21,592][root][INFO] - task 14 :(1280, 3, 32, 32)
[2023-10-05 03:13:21,609][root][INFO] - task 15 :(1280, 3, 32, 32)
[2023-10-05 03:13:21,626][root][INFO] - task 16 :(1280, 3, 32, 32)
[2023-10-05 03:13:21,645][root][INFO] - task 17 :(1280, 3, 32, 32)
[2023-10-05 03:13:21,667][root][INFO] - task 18 :(1280, 3, 32, 32)
[2023-10-05 03:13:21,689][root][INFO] - task 19 :(1280, 3, 32, 32)
[2023-10-05 03:13:22,171][root][INFO] - Class sequence: [77 96 99  2 87 90 92 27 60 38 80 79 84 64 85 10 97 29 68 45 36 98  4 24
 41 63 73 83 61 78 93 18 54 65 44 50 26 23 86 20 67 53 15 13 17 37 76 28
 88  1 71 69 47 11 62 12 59 40 66 55 14 21 91 30 22 39 16 43  8 52 81 70
 51  6  5  7 33 46 89 74 72 56 58 48 31 35  0 32 34 75 42  9 49 94 95 57
 25 19 82  3]
[2023-10-05 03:13:22,184][root][INFO] - task 0 :(1280, 3, 32, 32)
[2023-10-05 03:13:22,209][root][INFO] - task 1 :(1280, 3, 32, 32)
[2023-10-05 03:13:22,228][root][INFO] - task 2 :(1280, 3, 32, 32)
[2023-10-05 03:13:22,246][root][INFO] - task 3 :(1280, 3, 32, 32)
[2023-10-05 03:13:22,264][root][INFO] - task 4 :(1280, 3, 32, 32)
[2023-10-05 03:13:22,289][root][INFO] - task 5 :(1280, 3, 32, 32)
[2023-10-05 03:13:22,307][root][INFO] - task 6 :(1280, 3, 32, 32)
[2023-10-05 03:13:22,325][root][INFO] - task 7 :(1280, 3, 32, 32)
[2023-10-05 03:13:22,343][root][INFO] - task 8 :(1280, 3, 32, 32)
[2023-10-05 03:13:22,361][root][INFO] - task 9 :(1280, 3, 32, 32)
[2023-10-05 03:13:22,391][root][INFO] - task 10 :(1280, 3, 32, 32)
[2023-10-05 03:13:22,409][root][INFO] - task 11 :(1280, 3, 32, 32)
[2023-10-05 03:13:22,426][root][INFO] - task 12 :(1280, 3, 32, 32)
[2023-10-05 03:13:22,444][root][INFO] - task 13 :(1280, 3, 32, 32)
[2023-10-05 03:13:22,462][root][INFO] - task 14 :(1280, 3, 32, 32)
[2023-10-05 03:13:22,480][root][INFO] - task 15 :(1280, 3, 32, 32)
[2023-10-05 03:13:22,505][root][INFO] - task 16 :(1280, 3, 32, 32)
[2023-10-05 03:13:22,522][root][INFO] - task 17 :(1280, 3, 32, 32)
[2023-10-05 03:13:22,539][root][INFO] - task 18 :(1280, 3, 32, 32)
[2023-10-05 03:13:22,558][root][INFO] - task 19 :(1280, 3, 32, 32)
[2023-10-05 03:13:23,013][root][INFO] - Class sequence: [81 97 55 53  7 40 37 98 50 32 66 30 13 77 65 92 72 43 71 87 93 49 60 36
 75 21 73 58 70 88  5 35 61  2 15 68  3 63  4 47 22  8 69 31  0 90 45 86
 59 74 48 54 25 89 83 20 17 62 41 33 51 64 12 99 10 57 56 79  9 23 85 76
 18 84 28 26 82 91 39 29 44  1 67 38 94 11 16 78 46 95 34 19 42  6 24 80
 27 52 96 14]
[2023-10-05 03:13:23,028][root][INFO] - task 0 :(1280, 3, 32, 32)
[2023-10-05 03:13:23,046][root][INFO] - task 1 :(1280, 3, 32, 32)
[2023-10-05 03:13:23,065][root][INFO] - task 2 :(1280, 3, 32, 32)
[2023-10-05 03:13:23,090][root][INFO] - task 3 :(1280, 3, 32, 32)
[2023-10-05 03:13:23,113][root][INFO] - task 4 :(1280, 3, 32, 32)
[2023-10-05 03:13:23,132][root][INFO] - task 5 :(1280, 3, 32, 32)
[2023-10-05 03:13:23,151][root][INFO] - task 6 :(1280, 3, 32, 32)
[2023-10-05 03:13:23,170][root][INFO] - task 7 :(1280, 3, 32, 32)
[2023-10-05 03:13:23,201][root][INFO] - task 8 :(1280, 3, 32, 32)
[2023-10-05 03:13:23,221][root][INFO] - task 9 :(1280, 3, 32, 32)
[2023-10-05 03:13:23,252][root][INFO] - task 10 :(1280, 3, 32, 32)
[2023-10-05 03:13:23,270][root][INFO] - task 11 :(1280, 3, 32, 32)
[2023-10-05 03:13:23,289][root][INFO] - task 12 :(1280, 3, 32, 32)
[2023-10-05 03:13:23,306][root][INFO] - task 13 :(1280, 3, 32, 32)
[2023-10-05 03:13:23,325][root][INFO] - task 14 :(1280, 3, 32, 32)
[2023-10-05 03:13:23,343][root][INFO] - task 15 :(1280, 3, 32, 32)
[2023-10-05 03:13:23,361][root][INFO] - task 16 :(1280, 3, 32, 32)
[2023-10-05 03:13:23,379][root][INFO] - task 17 :(1280, 3, 32, 32)
[2023-10-05 03:13:23,397][root][INFO] - task 18 :(1280, 3, 32, 32)
[2023-10-05 03:13:23,415][root][INFO] - task 19 :(1280, 3, 32, 32)
[2023-10-05 03:13:23,865][root][INFO] - Class sequence: [75 72  3 14 36 39 97  9 82 35 81 43 38 57 31 32 53 84 46 51 86 42 12 74
 24 65 47 92 98 27 28 56  1 67 89 34 50 87 95 49 71 83 60 91 73 79 55 22
 33 41 29 99 58 11 77 25 16 85 37  8 80 76 26 10 69 64 17 52  5 23 78  7
  0  4 45 54 61 93 66 48 30 88 68 96 90  6 13 63 94 20 70 44 21 62 19 40
 15 18 59  2]
[2023-10-05 03:13:23,881][root][INFO] - task 0 :(1280, 3, 32, 32)
[2023-10-05 03:13:23,905][root][INFO] - task 1 :(1280, 3, 32, 32)
[2023-10-05 03:13:23,930][root][INFO] - task 2 :(1280, 3, 32, 32)
[2023-10-05 03:13:23,949][root][INFO] - task 3 :(1280, 3, 32, 32)
[2023-10-05 03:13:23,967][root][INFO] - task 4 :(1280, 3, 32, 32)
[2023-10-05 03:13:23,985][root][INFO] - task 5 :(1280, 3, 32, 32)
[2023-10-05 03:13:24,012][root][INFO] - task 6 :(1280, 3, 32, 32)
[2023-10-05 03:13:24,033][root][INFO] - task 7 :(1280, 3, 32, 32)
[2023-10-05 03:13:24,054][root][INFO] - task 8 :(1280, 3, 32, 32)
[2023-10-05 03:13:24,074][root][INFO] - task 9 :(1280, 3, 32, 32)
[2023-10-05 03:13:24,093][root][INFO] - task 10 :(1280, 3, 32, 32)
[2023-10-05 03:13:24,112][root][INFO] - task 11 :(1280, 3, 32, 32)
[2023-10-05 03:13:24,130][root][INFO] - task 12 :(1280, 3, 32, 32)
[2023-10-05 03:13:24,149][root][INFO] - task 13 :(1280, 3, 32, 32)
[2023-10-05 03:13:24,167][root][INFO] - task 14 :(1280, 3, 32, 32)
[2023-10-05 03:13:24,185][root][INFO] - task 15 :(1280, 3, 32, 32)
[2023-10-05 03:13:24,204][root][INFO] - task 16 :(1280, 3, 32, 32)
[2023-10-05 03:13:24,222][root][INFO] - task 17 :(1280, 3, 32, 32)
[2023-10-05 03:13:24,247][root][INFO] - task 18 :(1280, 3, 32, 32)
[2023-10-05 03:13:24,265][root][INFO] - task 19 :(1280, 3, 32, 32)
[2023-10-05 03:13:24,729][root][INFO] - Class sequence: [ 1 39  5 73 40 81 34 68 85 58 28 91 32 93 13  8 72 94 15 77 29  6 65  9
 86 43 55 10 56 57 47 18 11 52 71 45 48 61 36 80 19 50 54 22 31 97 41 24
 87 46  0 92 53 84 38 60 82 59 33 95 88 83 30 69 44 64 14 26 20 90 96 89
 67  2 25 51 99 76 66 78 74 37 79  3 12 21 70 75 27 63 17 49  7 62  4 23
 98 42 35 16]
[2023-10-05 03:13:24,744][root][INFO] - task 0 :(1280, 3, 32, 32)
[2023-10-05 03:13:24,762][root][INFO] - task 1 :(1280, 3, 32, 32)
[2023-10-05 03:13:24,780][root][INFO] - task 2 :(1280, 3, 32, 32)
[2023-10-05 03:13:24,810][root][INFO] - task 3 :(1280, 3, 32, 32)
[2023-10-05 03:13:24,828][root][INFO] - task 4 :(1280, 3, 32, 32)
[2023-10-05 03:13:24,846][root][INFO] - task 5 :(1280, 3, 32, 32)
[2023-10-05 03:13:24,865][root][INFO] - task 6 :(1280, 3, 32, 32)
[2023-10-05 03:13:24,883][root][INFO] - task 7 :(1280, 3, 32, 32)
[2023-10-05 03:13:24,902][root][INFO] - task 8 :(1280, 3, 32, 32)
[2023-10-05 03:13:24,920][root][INFO] - task 9 :(1280, 3, 32, 32)
[2023-10-05 03:13:24,938][root][INFO] - task 10 :(1280, 3, 32, 32)
[2023-10-05 03:13:24,968][root][INFO] - task 11 :(1280, 3, 32, 32)
[2023-10-05 03:13:24,986][root][INFO] - task 12 :(1280, 3, 32, 32)
[2023-10-05 03:13:25,005][root][INFO] - task 13 :(1280, 3, 32, 32)
[2023-10-05 03:13:25,025][root][INFO] - task 14 :(1280, 3, 32, 32)
[2023-10-05 03:13:25,043][root][INFO] - task 15 :(1280, 3, 32, 32)
[2023-10-05 03:13:25,063][root][INFO] - task 16 :(1280, 3, 32, 32)
[2023-10-05 03:13:25,092][root][INFO] - task 17 :(1280, 3, 32, 32)
[2023-10-05 03:13:25,111][root][INFO] - task 18 :(1280, 3, 32, 32)
[2023-10-05 03:13:25,128][root][INFO] - task 19 :(1280, 3, 32, 32)
i_size 32
num_classes 5
net_cfg {'name': 'cnn', 'depth': 4, 'channels': 50, 'conv_kernel': 3, 'maxpool_kernel': 2, 'padding': 1, 'dropout': 0.0, 'i_size': 32, 'num_classes': 5, 'num_tasks': 20, 'num_init_tasks': 4, 'use_contrastive': True}
<class 'shell.learners.er_nocomponents.NoComponentsER'>
[2023-10-05 03:13:25,156][root][INFO] - No. gpus per agent: 0.25
2023-10-05 03:13:28,165	INFO worker.py:1544 -- Started a local Ray instance. View the dashboard at [1m[32m127.0.0.1:8265 [39m[22m
slurmstepd: error: *** JOB 129210 ON enough-oryx.grasp.maas CANCELLED AT 2023-10-05T03:13:37 ***
slurmstepd: error: *** STEP 129210.0 ON enough-oryx.grasp.maas CANCELLED AT 2023-10-05T03:13:37 ***
