/mnt/kostas-graid/sw/envs/vlongle/miniconda3/envs/shell/lib/python3.10/site-packages/hydra/_internal/defaults_list.py:251: UserWarning: In 'config': Defaults list is missing `_self_`. See https://hydra.cc/docs/1.2/upgrades/1.0_to_1.1/default_composition_order for more information
  warnings.warn(msg, UserWarning)
{'train': {'component_update_freq': 100, 'num_epochs': 100, 'init_component_update_freq': 300, 'init_num_epochs': 300, 'save_freq': 20}, 'dataset': {'dataset_name': 'cifar100', 'num_tasks': 20, 'num_classes_per_task': 5, 'with_replacement': False, 'num_trains_per_class': 256, 'num_vals_per_class': -1, 'remap_labels': True}, 'net': {'name': 'cnn', 'depth': 4, 'channels': 50, 'conv_kernel': 3, 'maxpool_kernel': 2, 'padding': 1, 'dropout': 0.0}, 'sharing_strategy': {'name': 'no_sharing', 'num_coms_per_round': 0}, 'seed': 4, 'algo': 'monolithic', 'job_name': 'cifar100_monolithic_numtrain_256_contrastive', 'num_agents': 8, 'root_save_dir': 'experiment_results/vanilla_cifar', 'parallel': True, 'num_init_tasks': 4, 'agent': {'save_dir': '${root_save_dir}/${job_name}/${dataset.dataset_name}/${algo}/seed_${seed}', 'batch_size': 1024, 'memory_size': 32, 'improvement_threshold': 0.05, 'use_contrastive': True}}
[2023-10-05 03:10:11,748][root][INFO] - Class sequence: [71 35 24 49 45 96 69 94 20 78 10 44 40 37 58 86 82  5 92 81 12 88 52 97
 21  2 57 70 77 19 53  8 72 34 99 61 39 98 91  6 68  0 22 89 11 47 50 54
 80 28 42 36 13 48 27 38 66 17  9 46  3 85 83 51 95 41 63 67 65 60  4 76
 23 25 29  1 14 87 74 31 30 90 84 62 33 64 56 55  7 43 15 73 18 32 16 79
 26 59 75 93]
[2023-10-05 03:10:11,762][root][INFO] - task 0 :(1280, 3, 32, 32)
[2023-10-05 03:10:11,807][root][INFO] - task 1 :(1280, 3, 32, 32)
[2023-10-05 03:10:11,826][root][INFO] - task 2 :(1280, 3, 32, 32)
[2023-10-05 03:10:11,846][root][INFO] - task 3 :(1280, 3, 32, 32)
[2023-10-05 03:10:11,865][root][INFO] - task 4 :(1280, 3, 32, 32)
[2023-10-05 03:10:11,884][root][INFO] - task 5 :(1280, 3, 32, 32)
[2023-10-05 03:10:11,904][root][INFO] - task 6 :(1280, 3, 32, 32)
[2023-10-05 03:10:11,923][root][INFO] - task 7 :(1280, 3, 32, 32)
[2023-10-05 03:10:11,943][root][INFO] - task 8 :(1280, 3, 32, 32)
[2023-10-05 03:10:11,963][root][INFO] - task 9 :(1280, 3, 32, 32)
[2023-10-05 03:10:11,982][root][INFO] - task 10 :(1280, 3, 32, 32)
[2023-10-05 03:10:12,002][root][INFO] - task 11 :(1280, 3, 32, 32)
[2023-10-05 03:10:12,023][root][INFO] - task 12 :(1280, 3, 32, 32)
[2023-10-05 03:10:12,043][root][INFO] - task 13 :(1280, 3, 32, 32)
[2023-10-05 03:10:12,063][root][INFO] - task 14 :(1280, 3, 32, 32)
[2023-10-05 03:10:12,083][root][INFO] - task 15 :(1280, 3, 32, 32)
[2023-10-05 03:10:12,103][root][INFO] - task 16 :(1280, 3, 32, 32)
[2023-10-05 03:10:12,122][root][INFO] - task 17 :(1280, 3, 32, 32)
[2023-10-05 03:10:12,143][root][INFO] - task 18 :(1280, 3, 32, 32)
[2023-10-05 03:10:12,162][root][INFO] - task 19 :(1280, 3, 32, 32)
[2023-10-05 03:10:12,643][root][INFO] - Class sequence: [65 85 42 56 37 38 50 62 70  3 14 76 90 35 46 83 16 88 94 82 34 27 98  9
 26 84 69 59 31 79 45 75 77 40 68 60  7 87 97 19 58 28  0 41 10 32 51 72
 71 96 91 86 52 20 18 99 39 81 55 92 43 13 36 63  5 12 74 25  8 93 49 24
 95  1  6 22 80 30 73 64 54 57 61 53 29 47 44 23 21 11  2 17 15  4 89 33
 66 67 78 48]
[2023-10-05 03:10:12,658][root][INFO] - task 0 :(1280, 3, 32, 32)
[2023-10-05 03:10:12,682][root][INFO] - task 1 :(1280, 3, 32, 32)
[2023-10-05 03:10:12,701][root][INFO] - task 2 :(1280, 3, 32, 32)
[2023-10-05 03:10:12,721][root][INFO] - task 3 :(1280, 3, 32, 32)
[2023-10-05 03:10:12,740][root][INFO] - task 4 :(1280, 3, 32, 32)
[2023-10-05 03:10:12,760][root][INFO] - task 5 :(1280, 3, 32, 32)
[2023-10-05 03:10:12,778][root][INFO] - task 6 :(1280, 3, 32, 32)
[2023-10-05 03:10:12,797][root][INFO] - task 7 :(1280, 3, 32, 32)
[2023-10-05 03:10:12,818][root][INFO] - task 8 :(1280, 3, 32, 32)
[2023-10-05 03:10:12,837][root][INFO] - task 9 :(1280, 3, 32, 32)
[2023-10-05 03:10:12,857][root][INFO] - task 10 :(1280, 3, 32, 32)
[2023-10-05 03:10:12,877][root][INFO] - task 11 :(1280, 3, 32, 32)
[2023-10-05 03:10:12,897][root][INFO] - task 12 :(1280, 3, 32, 32)
[2023-10-05 03:10:12,917][root][INFO] - task 13 :(1280, 3, 32, 32)
[2023-10-05 03:10:12,936][root][INFO] - task 14 :(1280, 3, 32, 32)
[2023-10-05 03:10:12,955][root][INFO] - task 15 :(1280, 3, 32, 32)
[2023-10-05 03:10:12,975][root][INFO] - task 16 :(1280, 3, 32, 32)
[2023-10-05 03:10:12,995][root][INFO] - task 17 :(1280, 3, 32, 32)
[2023-10-05 03:10:13,014][root][INFO] - task 18 :(1280, 3, 32, 32)
[2023-10-05 03:10:13,034][root][INFO] - task 19 :(1280, 3, 32, 32)
[2023-10-05 03:10:13,514][root][INFO] - Class sequence: [23 81 18 78 21 30 69 66 17 26 79  6 46 92 19 85 10 95 80 49 99 64 16 76
 22 48 25 93 53 37 24 97 61 44 87 90  2 12 55 82 51 59 88 42 96 89 40 63
 71 15 36 68  7 32 54  4 41 73  1 38 34 83  8 62 47 20 39 52 86  9 29 27
 11 84 74 57 94 56 13 60 72 14 65 91  0 77 75 43 70  3 45 28 98 58 35 50
 67 33  5 31]
[2023-10-05 03:10:13,529][root][INFO] - task 0 :(1280, 3, 32, 32)
[2023-10-05 03:10:13,549][root][INFO] - task 1 :(1280, 3, 32, 32)
[2023-10-05 03:10:13,576][root][INFO] - task 2 :(1280, 3, 32, 32)
[2023-10-05 03:10:13,595][root][INFO] - task 3 :(1280, 3, 32, 32)
[2023-10-05 03:10:13,615][root][INFO] - task 4 :(1280, 3, 32, 32)
[2023-10-05 03:10:13,635][root][INFO] - task 5 :(1280, 3, 32, 32)
[2023-10-05 03:10:13,655][root][INFO] - task 6 :(1280, 3, 32, 32)
[2023-10-05 03:10:13,674][root][INFO] - task 7 :(1280, 3, 32, 32)
[2023-10-05 03:10:13,694][root][INFO] - task 8 :(1280, 3, 32, 32)
[2023-10-05 03:10:13,713][root][INFO] - task 9 :(1280, 3, 32, 32)
[2023-10-05 03:10:13,732][root][INFO] - task 10 :(1280, 3, 32, 32)
[2023-10-05 03:10:13,752][root][INFO] - task 11 :(1280, 3, 32, 32)
[2023-10-05 03:10:13,773][root][INFO] - task 12 :(1280, 3, 32, 32)
[2023-10-05 03:10:13,794][root][INFO] - task 13 :(1280, 3, 32, 32)
[2023-10-05 03:10:13,815][root][INFO] - task 14 :(1280, 3, 32, 32)
[2023-10-05 03:10:13,841][root][INFO] - task 15 :(1280, 3, 32, 32)
[2023-10-05 03:10:13,861][root][INFO] - task 16 :(1280, 3, 32, 32)
[2023-10-05 03:10:13,880][root][INFO] - task 17 :(1280, 3, 32, 32)
[2023-10-05 03:10:13,900][root][INFO] - task 18 :(1280, 3, 32, 32)
[2023-10-05 03:10:13,921][root][INFO] - task 19 :(1280, 3, 32, 32)
[2023-10-05 03:10:14,402][root][INFO] - Class sequence: [82 13 49 50 86 72 73 61 39 70 16  6 35 31 12 81 11 17 25  8 28 65 26 30
 36 19 40 63  5 97 34 21 74 57 10 89 68 78 56 60 93 92 87 51  1 96 20 62
 76 95 80 52 69 18  3 47  4 46 83 44  9 67 43 53 15 23 66  7 27 48 85 59
 24 54 42 22  2  0 77 79 94 75 55 33 88 38 32 58 99 37 45 91 84 29 64 90
 71 14 41 98]
[2023-10-05 03:10:14,416][root][INFO] - task 0 :(1280, 3, 32, 32)
[2023-10-05 03:10:14,435][root][INFO] - task 1 :(1280, 3, 32, 32)
[2023-10-05 03:10:14,455][root][INFO] - task 2 :(1280, 3, 32, 32)
[2023-10-05 03:10:14,474][root][INFO] - task 3 :(1280, 3, 32, 32)
[2023-10-05 03:10:14,494][root][INFO] - task 4 :(1280, 3, 32, 32)
[2023-10-05 03:10:14,512][root][INFO] - task 5 :(1280, 3, 32, 32)
[2023-10-05 03:10:14,532][root][INFO] - task 6 :(1280, 3, 32, 32)
[2023-10-05 03:10:14,551][root][INFO] - task 7 :(1280, 3, 32, 32)
[2023-10-05 03:10:14,569][root][INFO] - task 8 :(1280, 3, 32, 32)
[2023-10-05 03:10:14,588][root][INFO] - task 9 :(1280, 3, 32, 32)
[2023-10-05 03:10:14,610][root][INFO] - task 10 :(1280, 3, 32, 32)
[2023-10-05 03:10:14,630][root][INFO] - task 11 :(1280, 3, 32, 32)
[2023-10-05 03:10:14,650][root][INFO] - task 12 :(1280, 3, 32, 32)
[2023-10-05 03:10:14,671][root][INFO] - task 13 :(1280, 3, 32, 32)
[2023-10-05 03:10:14,691][root][INFO] - task 14 :(1280, 3, 32, 32)
[2023-10-05 03:10:14,710][root][INFO] - task 15 :(1280, 3, 32, 32)
[2023-10-05 03:10:14,731][root][INFO] - task 16 :(1280, 3, 32, 32)
[2023-10-05 03:10:14,750][root][INFO] - task 17 :(1280, 3, 32, 32)
[2023-10-05 03:10:14,769][root][INFO] - task 18 :(1280, 3, 32, 32)
[2023-10-05 03:10:14,792][root][INFO] - task 19 :(1280, 3, 32, 32)
[2023-10-05 03:10:15,272][root][INFO] - Class sequence: [92 57 48 44 66 89 26 54 24 38 40 80 20 77 94 16 58  1 25 83 70 39 59 34
 64 32 10 47 37 51 67 15 86 78 95 76 33  9 46  6 72 63 71 61 82 14 68 56
 18 43 52 41 42  3 85 53 55 28 65 90 98 35 50 88 84 75  8 11 31 93 91 69
 36 79  2 97 74  7 27 30  4 60 62 13 81 17 49 29 21  5  0 99 22 73 45 12
 87 19 23 96]
[2023-10-05 03:10:15,287][root][INFO] - task 0 :(1280, 3, 32, 32)
[2023-10-05 03:10:15,397][root][INFO] - task 1 :(1280, 3, 32, 32)
[2023-10-05 03:10:15,417][root][INFO] - task 2 :(1280, 3, 32, 32)
[2023-10-05 03:10:15,436][root][INFO] - task 3 :(1280, 3, 32, 32)
[2023-10-05 03:10:15,455][root][INFO] - task 4 :(1280, 3, 32, 32)
[2023-10-05 03:10:15,481][root][INFO] - task 5 :(1280, 3, 32, 32)
[2023-10-05 03:10:15,500][root][INFO] - task 6 :(1280, 3, 32, 32)
[2023-10-05 03:10:15,521][root][INFO] - task 7 :(1280, 3, 32, 32)
[2023-10-05 03:10:15,540][root][INFO] - task 8 :(1280, 3, 32, 32)
[2023-10-05 03:10:15,559][root][INFO] - task 9 :(1280, 3, 32, 32)
[2023-10-05 03:10:15,582][root][INFO] - task 10 :(1280, 3, 32, 32)
[2023-10-05 03:10:15,601][root][INFO] - task 11 :(1280, 3, 32, 32)
[2023-10-05 03:10:15,620][root][INFO] - task 12 :(1280, 3, 32, 32)
[2023-10-05 03:10:15,639][root][INFO] - task 13 :(1280, 3, 32, 32)
[2023-10-05 03:10:15,657][root][INFO] - task 14 :(1280, 3, 32, 32)
[2023-10-05 03:10:15,676][root][INFO] - task 15 :(1280, 3, 32, 32)
[2023-10-05 03:10:15,696][root][INFO] - task 16 :(1280, 3, 32, 32)
[2023-10-05 03:10:15,716][root][INFO] - task 17 :(1280, 3, 32, 32)
[2023-10-05 03:10:15,735][root][INFO] - task 18 :(1280, 3, 32, 32)
[2023-10-05 03:10:15,755][root][INFO] - task 19 :(1280, 3, 32, 32)
[2023-10-05 03:10:16,251][root][INFO] - Class sequence: [49 74 87 20  4 40 90 38 28 62 19 89 25 65 17 91 14 36 97 83 42 68 71 16
  6 44 37 63 66 92 54 95 45 22 15 77 24 53 56 67 69 11 29 70 13  8 59 47
 52 26 94 30 57 39 75 88  1 32 31 12  9  7 21 86 10 96 82  2 50 85 72 27
 48 84 73 93  0 34 99 33 35 98 23 81 43 46 60 78 58  5 41 76 51 61 64  3
 80 18 79 55]
[2023-10-05 03:10:16,266][root][INFO] - task 0 :(1280, 3, 32, 32)
[2023-10-05 03:10:16,286][root][INFO] - task 1 :(1280, 3, 32, 32)
[2023-10-05 03:10:16,305][root][INFO] - task 2 :(1280, 3, 32, 32)
[2023-10-05 03:10:16,325][root][INFO] - task 3 :(1280, 3, 32, 32)
[2023-10-05 03:10:16,358][root][INFO] - task 4 :(1280, 3, 32, 32)
[2023-10-05 03:10:16,379][root][INFO] - task 5 :(1280, 3, 32, 32)
[2023-10-05 03:10:16,409][root][INFO] - task 6 :(1280, 3, 32, 32)
[2023-10-05 03:10:16,430][root][INFO] - task 7 :(1280, 3, 32, 32)
[2023-10-05 03:10:16,450][root][INFO] - task 8 :(1280, 3, 32, 32)
[2023-10-05 03:10:16,470][root][INFO] - task 9 :(1280, 3, 32, 32)
[2023-10-05 03:10:16,491][root][INFO] - task 10 :(1280, 3, 32, 32)
[2023-10-05 03:10:16,511][root][INFO] - task 11 :(1280, 3, 32, 32)
[2023-10-05 03:10:16,531][root][INFO] - task 12 :(1280, 3, 32, 32)
[2023-10-05 03:10:16,551][root][INFO] - task 13 :(1280, 3, 32, 32)
[2023-10-05 03:10:16,571][root][INFO] - task 14 :(1280, 3, 32, 32)
[2023-10-05 03:10:16,591][root][INFO] - task 15 :(1280, 3, 32, 32)
[2023-10-05 03:10:16,611][root][INFO] - task 16 :(1280, 3, 32, 32)
[2023-10-05 03:10:16,637][root][INFO] - task 17 :(1280, 3, 32, 32)
[2023-10-05 03:10:16,658][root][INFO] - task 18 :(1280, 3, 32, 32)
[2023-10-05 03:10:16,677][root][INFO] - task 19 :(1280, 3, 32, 32)
[2023-10-05 03:10:17,177][root][INFO] - Class sequence: [50 27 88 73 14 24 12  0 51  4 30 28 89 96 32  8 10 75 17 99 58 69 18 16
 38 11 22 80 43 83  1  3  6 46 68 15 25 19 87 85 97 33 53  9 60 98 56 36
 92 95 77 23 13 21 61 52 49 74  2 86 62 66 72 76 93 37 59 42 81  7 39 55
 48 57 78 71 94 90 84 29 79 54 91 31 45  5 20 35 26 41 65 34 63 82 70 44
 64 40 67 47]
[2023-10-05 03:10:17,192][root][INFO] - task 0 :(1280, 3, 32, 32)
[2023-10-05 03:10:17,213][root][INFO] - task 1 :(1280, 3, 32, 32)
[2023-10-05 03:10:17,232][root][INFO] - task 2 :(1280, 3, 32, 32)
[2023-10-05 03:10:17,252][root][INFO] - task 3 :(1280, 3, 32, 32)
[2023-10-05 03:10:17,272][root][INFO] - task 4 :(1280, 3, 32, 32)
[2023-10-05 03:10:17,292][root][INFO] - task 5 :(1280, 3, 32, 32)
[2023-10-05 03:10:17,316][root][INFO] - task 6 :(1280, 3, 32, 32)
[2023-10-05 03:10:17,336][root][INFO] - task 7 :(1280, 3, 32, 32)
[2023-10-05 03:10:17,356][root][INFO] - task 8 :(1280, 3, 32, 32)
[2023-10-05 03:10:17,376][root][INFO] - task 9 :(1280, 3, 32, 32)
[2023-10-05 03:10:17,396][root][INFO] - task 10 :(1280, 3, 32, 32)
[2023-10-05 03:10:17,416][root][INFO] - task 11 :(1280, 3, 32, 32)
[2023-10-05 03:10:17,436][root][INFO] - task 12 :(1280, 3, 32, 32)
[2023-10-05 03:10:17,456][root][INFO] - task 13 :(1280, 3, 32, 32)
[2023-10-05 03:10:17,476][root][INFO] - task 14 :(1280, 3, 32, 32)
[2023-10-05 03:10:17,497][root][INFO] - task 15 :(1280, 3, 32, 32)
[2023-10-05 03:10:17,517][root][INFO] - task 16 :(1280, 3, 32, 32)
[2023-10-05 03:10:17,538][root][INFO] - task 17 :(1280, 3, 32, 32)
[2023-10-05 03:10:17,558][root][INFO] - task 18 :(1280, 3, 32, 32)
[2023-10-05 03:10:17,578][root][INFO] - task 19 :(1280, 3, 32, 32)
[2023-10-05 03:10:18,084][root][INFO] - Class sequence: [ 1 29 14 20 98 40 90 21 35  9 57 73 67 10 52 74 58 89  8  5 63 19 13 80
 51 39 49 18 66 65 85  0 50 33 27 36 34 96 92  7 23 12 54 82  6 26 99  4
 83 88 37 28  2 95 87 91 48 17 72 32 62 84 60 97 30 81 46 93 25 22 70 11
 55 59 94 41 31 71 56 47 16 61 44 77 68 15 53  3 43 69 78 75 42 79 76 64
 86 24 38 45]
[2023-10-05 03:10:18,099][root][INFO] - task 0 :(1280, 3, 32, 32)
[2023-10-05 03:10:18,118][root][INFO] - task 1 :(1280, 3, 32, 32)
[2023-10-05 03:10:18,138][root][INFO] - task 2 :(1280, 3, 32, 32)
[2023-10-05 03:10:18,158][root][INFO] - task 3 :(1280, 3, 32, 32)
[2023-10-05 03:10:18,178][root][INFO] - task 4 :(1280, 3, 32, 32)
[2023-10-05 03:10:18,198][root][INFO] - task 5 :(1280, 3, 32, 32)
[2023-10-05 03:10:18,218][root][INFO] - task 6 :(1280, 3, 32, 32)
[2023-10-05 03:10:18,238][root][INFO] - task 7 :(1280, 3, 32, 32)
[2023-10-05 03:10:18,258][root][INFO] - task 8 :(1280, 3, 32, 32)
[2023-10-05 03:10:18,277][root][INFO] - task 9 :(1280, 3, 32, 32)
[2023-10-05 03:10:18,297][root][INFO] - task 10 :(1280, 3, 32, 32)
[2023-10-05 03:10:18,318][root][INFO] - task 11 :(1280, 3, 32, 32)
[2023-10-05 03:10:18,338][root][INFO] - task 12 :(1280, 3, 32, 32)
[2023-10-05 03:10:18,359][root][INFO] - task 13 :(1280, 3, 32, 32)
[2023-10-05 03:10:18,378][root][INFO] - task 14 :(1280, 3, 32, 32)
[2023-10-05 03:10:18,398][root][INFO] - task 15 :(1280, 3, 32, 32)
[2023-10-05 03:10:18,419][root][INFO] - task 16 :(1280, 3, 32, 32)
[2023-10-05 03:10:18,439][root][INFO] - task 17 :(1280, 3, 32, 32)
[2023-10-05 03:10:18,460][root][INFO] - task 18 :(1280, 3, 32, 32)
[2023-10-05 03:10:18,480][root][INFO] - task 19 :(1280, 3, 32, 32)
i_size 32
num_classes 5
net_cfg {'name': 'cnn', 'depth': 4, 'channels': 50, 'conv_kernel': 3, 'maxpool_kernel': 2, 'padding': 1, 'dropout': 0.0, 'i_size': 32, 'num_classes': 5, 'num_tasks': 20, 'num_init_tasks': 4, 'use_contrastive': True}
<class 'shell.learners.er_nocomponents.NoComponentsER'>
[2023-10-05 03:10:18,510][root][INFO] - No. gpus per agent: 0.25
2023-10-05 03:10:21,429	INFO worker.py:1544 -- Started a local Ray instance. View the dashboard at [1m[32m127.0.0.1:8265 [39m[22m
slurmstepd: error: *** JOB 129197 ON ee-3090-0.grasp.maas CANCELLED AT 2023-10-05T03:10:25 ***
slurmstepd: error: *** STEP 129197.0 ON ee-3090-0.grasp.maas CANCELLED AT 2023-10-05T03:10:25 ***
