/mnt/kostas-graid/sw/envs/vlongle/miniconda3/envs/shell/lib/python3.10/site-packages/hydra/_internal/defaults_list.py:251: UserWarning: In 'config': Defaults list is missing `_self_`. See https://hydra.cc/docs/1.2/upgrades/1.0_to_1.1/default_composition_order for more information
  warnings.warn(msg, UserWarning)
{'train': {'component_update_freq': 100, 'num_epochs': 100, 'init_component_update_freq': 300, 'init_num_epochs': 300, 'save_freq': 20}, 'dataset': {'dataset_name': 'cifar100', 'num_tasks': 20, 'num_classes_per_task': 5, 'with_replacement': False, 'num_trains_per_class': 256, 'num_vals_per_class': -1, 'remap_labels': True}, 'net': {'name': 'cnn', 'depth': 4, 'channels': 50, 'conv_kernel': 3, 'maxpool_kernel': 2, 'padding': 1, 'dropout': 0.0}, 'sharing_strategy': {'name': 'no_sharing', 'num_coms_per_round': 0}, 'seed': 4, 'algo': 'monolithic', 'job_name': 'cifar100_monolithic_numtrain_256_contrastive', 'num_agents': 8, 'root_save_dir': 'experiment_results/vanilla_cifar', 'parallel': True, 'num_init_tasks': 4, 'agent': {'save_dir': '${root_save_dir}/${job_name}/${dataset.dataset_name}/${algo}/seed_${seed}', 'batch_size': 1024, 'memory_size': 32, 'improvement_threshold': 0.05, 'use_contrastive': True}}
[2023-10-05 03:10:13,774][root][INFO] - Class sequence: [71 35 24 49 45 96 69 94 20 78 10 44 40 37 58 86 82  5 92 81 12 88 52 97
 21  2 57 70 77 19 53  8 72 34 99 61 39 98 91  6 68  0 22 89 11 47 50 54
 80 28 42 36 13 48 27 38 66 17  9 46  3 85 83 51 95 41 63 67 65 60  4 76
 23 25 29  1 14 87 74 31 30 90 84 62 33 64 56 55  7 43 15 73 18 32 16 79
 26 59 75 93]
[2023-10-05 03:10:13,788][root][INFO] - task 0 :(1280, 3, 32, 32)
[2023-10-05 03:10:13,830][root][INFO] - task 1 :(1280, 3, 32, 32)
[2023-10-05 03:10:13,852][root][INFO] - task 2 :(1280, 3, 32, 32)
[2023-10-05 03:10:13,873][root][INFO] - task 3 :(1280, 3, 32, 32)
[2023-10-05 03:10:13,893][root][INFO] - task 4 :(1280, 3, 32, 32)
[2023-10-05 03:10:13,913][root][INFO] - task 5 :(1280, 3, 32, 32)
[2023-10-05 03:10:13,932][root][INFO] - task 6 :(1280, 3, 32, 32)
[2023-10-05 03:10:13,952][root][INFO] - task 7 :(1280, 3, 32, 32)
[2023-10-05 03:10:13,970][root][INFO] - task 8 :(1280, 3, 32, 32)
[2023-10-05 03:10:13,993][root][INFO] - task 9 :(1280, 3, 32, 32)
[2023-10-05 03:10:14,010][root][INFO] - task 10 :(1280, 3, 32, 32)
[2023-10-05 03:10:14,030][root][INFO] - task 11 :(1280, 3, 32, 32)
[2023-10-05 03:10:14,049][root][INFO] - task 12 :(1280, 3, 32, 32)
[2023-10-05 03:10:14,067][root][INFO] - task 13 :(1280, 3, 32, 32)
[2023-10-05 03:10:14,086][root][INFO] - task 14 :(1280, 3, 32, 32)
[2023-10-05 03:10:14,104][root][INFO] - task 15 :(1280, 3, 32, 32)
[2023-10-05 03:10:14,130][root][INFO] - task 16 :(1280, 3, 32, 32)
[2023-10-05 03:10:14,148][root][INFO] - task 17 :(1280, 3, 32, 32)
[2023-10-05 03:10:14,167][root][INFO] - task 18 :(1280, 3, 32, 32)
[2023-10-05 03:10:14,186][root][INFO] - task 19 :(1280, 3, 32, 32)
[2023-10-05 03:10:14,688][root][INFO] - Class sequence: [65 85 42 56 37 38 50 62 70  3 14 76 90 35 46 83 16 88 94 82 34 27 98  9
 26 84 69 59 31 79 45 75 77 40 68 60  7 87 97 19 58 28  0 41 10 32 51 72
 71 96 91 86 52 20 18 99 39 81 55 92 43 13 36 63  5 12 74 25  8 93 49 24
 95  1  6 22 80 30 73 64 54 57 61 53 29 47 44 23 21 11  2 17 15  4 89 33
 66 67 78 48]
[2023-10-05 03:10:14,704][root][INFO] - task 0 :(1280, 3, 32, 32)
[2023-10-05 03:10:14,729][root][INFO] - task 1 :(1280, 3, 32, 32)
[2023-10-05 03:10:14,747][root][INFO] - task 2 :(1280, 3, 32, 32)
[2023-10-05 03:10:14,767][root][INFO] - task 3 :(1280, 3, 32, 32)
[2023-10-05 03:10:14,786][root][INFO] - task 4 :(1280, 3, 32, 32)
[2023-10-05 03:10:14,809][root][INFO] - task 5 :(1280, 3, 32, 32)
[2023-10-05 03:10:14,827][root][INFO] - task 6 :(1280, 3, 32, 32)
[2023-10-05 03:10:14,847][root][INFO] - task 7 :(1280, 3, 32, 32)
[2023-10-05 03:10:14,865][root][INFO] - task 8 :(1280, 3, 32, 32)
[2023-10-05 03:10:14,884][root][INFO] - task 9 :(1280, 3, 32, 32)
[2023-10-05 03:10:14,903][root][INFO] - task 10 :(1280, 3, 32, 32)
[2023-10-05 03:10:14,923][root][INFO] - task 11 :(1280, 3, 32, 32)
[2023-10-05 03:10:14,942][root][INFO] - task 12 :(1280, 3, 32, 32)
[2023-10-05 03:10:14,967][root][INFO] - task 13 :(1280, 3, 32, 32)
[2023-10-05 03:10:14,986][root][INFO] - task 14 :(1280, 3, 32, 32)
[2023-10-05 03:10:15,005][root][INFO] - task 15 :(1280, 3, 32, 32)
[2023-10-05 03:10:15,025][root][INFO] - task 16 :(1280, 3, 32, 32)
[2023-10-05 03:10:15,044][root][INFO] - task 17 :(1280, 3, 32, 32)
[2023-10-05 03:10:15,063][root][INFO] - task 18 :(1280, 3, 32, 32)
[2023-10-05 03:10:15,081][root][INFO] - task 19 :(1280, 3, 32, 32)
[2023-10-05 03:10:15,562][root][INFO] - Class sequence: [23 81 18 78 21 30 69 66 17 26 79  6 46 92 19 85 10 95 80 49 99 64 16 76
 22 48 25 93 53 37 24 97 61 44 87 90  2 12 55 82 51 59 88 42 96 89 40 63
 71 15 36 68  7 32 54  4 41 73  1 38 34 83  8 62 47 20 39 52 86  9 29 27
 11 84 74 57 94 56 13 60 72 14 65 91  0 77 75 43 70  3 45 28 98 58 35 50
 67 33  5 31]
[2023-10-05 03:10:15,577][root][INFO] - task 0 :(1280, 3, 32, 32)
[2023-10-05 03:10:15,597][root][INFO] - task 1 :(1280, 3, 32, 32)
[2023-10-05 03:10:15,616][root][INFO] - task 2 :(1280, 3, 32, 32)
[2023-10-05 03:10:15,635][root][INFO] - task 3 :(1280, 3, 32, 32)
[2023-10-05 03:10:15,655][root][INFO] - task 4 :(1280, 3, 32, 32)
[2023-10-05 03:10:15,674][root][INFO] - task 5 :(1280, 3, 32, 32)
[2023-10-05 03:10:15,693][root][INFO] - task 6 :(1280, 3, 32, 32)
[2023-10-05 03:10:15,711][root][INFO] - task 7 :(1280, 3, 32, 32)
[2023-10-05 03:10:15,731][root][INFO] - task 8 :(1280, 3, 32, 32)
[2023-10-05 03:10:15,750][root][INFO] - task 9 :(1280, 3, 32, 32)
[2023-10-05 03:10:15,768][root][INFO] - task 10 :(1280, 3, 32, 32)
[2023-10-05 03:10:15,788][root][INFO] - task 11 :(1280, 3, 32, 32)
[2023-10-05 03:10:15,810][root][INFO] - task 12 :(1280, 3, 32, 32)
[2023-10-05 03:10:15,829][root][INFO] - task 13 :(1280, 3, 32, 32)
[2023-10-05 03:10:15,849][root][INFO] - task 14 :(1280, 3, 32, 32)
[2023-10-05 03:10:15,872][root][INFO] - task 15 :(1280, 3, 32, 32)
[2023-10-05 03:10:15,892][root][INFO] - task 16 :(1280, 3, 32, 32)
[2023-10-05 03:10:15,912][root][INFO] - task 17 :(1280, 3, 32, 32)
[2023-10-05 03:10:15,932][root][INFO] - task 18 :(1280, 3, 32, 32)
[2023-10-05 03:10:15,951][root][INFO] - task 19 :(1280, 3, 32, 32)
[2023-10-05 03:10:16,431][root][INFO] - Class sequence: [82 13 49 50 86 72 73 61 39 70 16  6 35 31 12 81 11 17 25  8 28 65 26 30
 36 19 40 63  5 97 34 21 74 57 10 89 68 78 56 60 93 92 87 51  1 96 20 62
 76 95 80 52 69 18  3 47  4 46 83 44  9 67 43 53 15 23 66  7 27 48 85 59
 24 54 42 22  2  0 77 79 94 75 55 33 88 38 32 58 99 37 45 91 84 29 64 90
 71 14 41 98]
[2023-10-05 03:10:16,447][root][INFO] - task 0 :(1280, 3, 32, 32)
[2023-10-05 03:10:16,470][root][INFO] - task 1 :(1280, 3, 32, 32)
[2023-10-05 03:10:16,489][root][INFO] - task 2 :(1280, 3, 32, 32)
[2023-10-05 03:10:16,508][root][INFO] - task 3 :(1280, 3, 32, 32)
[2023-10-05 03:10:16,528][root][INFO] - task 4 :(1280, 3, 32, 32)
[2023-10-05 03:10:16,546][root][INFO] - task 5 :(1280, 3, 32, 32)
[2023-10-05 03:10:16,565][root][INFO] - task 6 :(1280, 3, 32, 32)
[2023-10-05 03:10:16,583][root][INFO] - task 7 :(1280, 3, 32, 32)
[2023-10-05 03:10:16,601][root][INFO] - task 8 :(1280, 3, 32, 32)
[2023-10-05 03:10:16,620][root][INFO] - task 9 :(1280, 3, 32, 32)
[2023-10-05 03:10:16,638][root][INFO] - task 10 :(1280, 3, 32, 32)
[2023-10-05 03:10:16,657][root][INFO] - task 11 :(1280, 3, 32, 32)
[2023-10-05 03:10:16,676][root][INFO] - task 12 :(1280, 3, 32, 32)
[2023-10-05 03:10:16,695][root][INFO] - task 13 :(1280, 3, 32, 32)
[2023-10-05 03:10:16,714][root][INFO] - task 14 :(1280, 3, 32, 32)
[2023-10-05 03:10:16,733][root][INFO] - task 15 :(1280, 3, 32, 32)
[2023-10-05 03:10:16,752][root][INFO] - task 16 :(1280, 3, 32, 32)
[2023-10-05 03:10:16,770][root][INFO] - task 17 :(1280, 3, 32, 32)
[2023-10-05 03:10:16,789][root][INFO] - task 18 :(1280, 3, 32, 32)
[2023-10-05 03:10:16,807][root][INFO] - task 19 :(1280, 3, 32, 32)
[2023-10-05 03:10:17,290][root][INFO] - Class sequence: [92 57 48 44 66 89 26 54 24 38 40 80 20 77 94 16 58  1 25 83 70 39 59 34
 64 32 10 47 37 51 67 15 86 78 95 76 33  9 46  6 72 63 71 61 82 14 68 56
 18 43 52 41 42  3 85 53 55 28 65 90 98 35 50 88 84 75  8 11 31 93 91 69
 36 79  2 97 74  7 27 30  4 60 62 13 81 17 49 29 21  5  0 99 22 73 45 12
 87 19 23 96]
[2023-10-05 03:10:17,306][root][INFO] - task 0 :(1280, 3, 32, 32)
[2023-10-05 03:10:17,326][root][INFO] - task 1 :(1280, 3, 32, 32)
[2023-10-05 03:10:17,352][root][INFO] - task 2 :(1280, 3, 32, 32)
[2023-10-05 03:10:17,371][root][INFO] - task 3 :(1280, 3, 32, 32)
[2023-10-05 03:10:17,390][root][INFO] - task 4 :(1280, 3, 32, 32)
[2023-10-05 03:10:17,409][root][INFO] - task 5 :(1280, 3, 32, 32)
[2023-10-05 03:10:17,428][root][INFO] - task 6 :(1280, 3, 32, 32)
[2023-10-05 03:10:17,447][root][INFO] - task 7 :(1280, 3, 32, 32)
[2023-10-05 03:10:17,476][root][INFO] - task 8 :(1280, 3, 32, 32)
[2023-10-05 03:10:17,494][root][INFO] - task 9 :(1280, 3, 32, 32)
[2023-10-05 03:10:17,513][root][INFO] - task 10 :(1280, 3, 32, 32)
[2023-10-05 03:10:17,533][root][INFO] - task 11 :(1280, 3, 32, 32)
[2023-10-05 03:10:17,552][root][INFO] - task 12 :(1280, 3, 32, 32)
[2023-10-05 03:10:17,571][root][INFO] - task 13 :(1280, 3, 32, 32)
[2023-10-05 03:10:17,589][root][INFO] - task 14 :(1280, 3, 32, 32)
[2023-10-05 03:10:17,608][root][INFO] - task 15 :(1280, 3, 32, 32)
[2023-10-05 03:10:17,627][root][INFO] - task 16 :(1280, 3, 32, 32)
[2023-10-05 03:10:17,646][root][INFO] - task 17 :(1280, 3, 32, 32)
[2023-10-05 03:10:17,665][root][INFO] - task 18 :(1280, 3, 32, 32)
[2023-10-05 03:10:17,696][root][INFO] - task 19 :(1280, 3, 32, 32)
[2023-10-05 03:10:18,169][root][INFO] - Class sequence: [49 74 87 20  4 40 90 38 28 62 19 89 25 65 17 91 14 36 97 83 42 68 71 16
  6 44 37 63 66 92 54 95 45 22 15 77 24 53 56 67 69 11 29 70 13  8 59 47
 52 26 94 30 57 39 75 88  1 32 31 12  9  7 21 86 10 96 82  2 50 85 72 27
 48 84 73 93  0 34 99 33 35 98 23 81 43 46 60 78 58  5 41 76 51 61 64  3
 80 18 79 55]
[2023-10-05 03:10:18,185][root][INFO] - task 0 :(1280, 3, 32, 32)
[2023-10-05 03:10:18,204][root][INFO] - task 1 :(1280, 3, 32, 32)
[2023-10-05 03:10:18,223][root][INFO] - task 2 :(1280, 3, 32, 32)
[2023-10-05 03:10:18,243][root][INFO] - task 3 :(1280, 3, 32, 32)
[2023-10-05 03:10:18,262][root][INFO] - task 4 :(1280, 3, 32, 32)
[2023-10-05 03:10:18,282][root][INFO] - task 5 :(1280, 3, 32, 32)
[2023-10-05 03:10:18,312][root][INFO] - task 6 :(1280, 3, 32, 32)
[2023-10-05 03:10:18,331][root][INFO] - task 7 :(1280, 3, 32, 32)
[2023-10-05 03:10:18,351][root][INFO] - task 8 :(1280, 3, 32, 32)
[2023-10-05 03:10:18,370][root][INFO] - task 9 :(1280, 3, 32, 32)
[2023-10-05 03:10:18,397][root][INFO] - task 10 :(1280, 3, 32, 32)
[2023-10-05 03:10:18,416][root][INFO] - task 11 :(1280, 3, 32, 32)
[2023-10-05 03:10:18,437][root][INFO] - task 12 :(1280, 3, 32, 32)
[2023-10-05 03:10:18,461][root][INFO] - task 13 :(1280, 3, 32, 32)
[2023-10-05 03:10:18,481][root][INFO] - task 14 :(1280, 3, 32, 32)
[2023-10-05 03:10:18,505][root][INFO] - task 15 :(1280, 3, 32, 32)
[2023-10-05 03:10:18,524][root][INFO] - task 16 :(1280, 3, 32, 32)
[2023-10-05 03:10:18,544][root][INFO] - task 17 :(1280, 3, 32, 32)
[2023-10-05 03:10:18,563][root][INFO] - task 18 :(1280, 3, 32, 32)
[2023-10-05 03:10:18,588][root][INFO] - task 19 :(1280, 3, 32, 32)
[2023-10-05 03:10:19,059][root][INFO] - Class sequence: [50 27 88 73 14 24 12  0 51  4 30 28 89 96 32  8 10 75 17 99 58 69 18 16
 38 11 22 80 43 83  1  3  6 46 68 15 25 19 87 85 97 33 53  9 60 98 56 36
 92 95 77 23 13 21 61 52 49 74  2 86 62 66 72 76 93 37 59 42 81  7 39 55
 48 57 78 71 94 90 84 29 79 54 91 31 45  5 20 35 26 41 65 34 63 82 70 44
 64 40 67 47]
[2023-10-05 03:10:19,075][root][INFO] - task 0 :(1280, 3, 32, 32)
[2023-10-05 03:10:19,095][root][INFO] - task 1 :(1280, 3, 32, 32)
[2023-10-05 03:10:19,113][root][INFO] - task 2 :(1280, 3, 32, 32)
[2023-10-05 03:10:19,133][root][INFO] - task 3 :(1280, 3, 32, 32)
[2023-10-05 03:10:19,153][root][INFO] - task 4 :(1280, 3, 32, 32)
[2023-10-05 03:10:19,173][root][INFO] - task 5 :(1280, 3, 32, 32)
[2023-10-05 03:10:19,192][root][INFO] - task 6 :(1280, 3, 32, 32)
[2023-10-05 03:10:19,212][root][INFO] - task 7 :(1280, 3, 32, 32)
[2023-10-05 03:10:19,232][root][INFO] - task 8 :(1280, 3, 32, 32)
[2023-10-05 03:10:19,252][root][INFO] - task 9 :(1280, 3, 32, 32)
[2023-10-05 03:10:19,272][root][INFO] - task 10 :(1280, 3, 32, 32)
[2023-10-05 03:10:19,292][root][INFO] - task 11 :(1280, 3, 32, 32)
[2023-10-05 03:10:19,311][root][INFO] - task 12 :(1280, 3, 32, 32)
[2023-10-05 03:10:19,330][root][INFO] - task 13 :(1280, 3, 32, 32)
[2023-10-05 03:10:19,348][root][INFO] - task 14 :(1280, 3, 32, 32)
[2023-10-05 03:10:19,367][root][INFO] - task 15 :(1280, 3, 32, 32)
[2023-10-05 03:10:19,386][root][INFO] - task 16 :(1280, 3, 32, 32)
[2023-10-05 03:10:19,405][root][INFO] - task 17 :(1280, 3, 32, 32)
[2023-10-05 03:10:19,424][root][INFO] - task 18 :(1280, 3, 32, 32)
[2023-10-05 03:10:19,443][root][INFO] - task 19 :(1280, 3, 32, 32)
[2023-10-05 03:10:19,915][root][INFO] - Class sequence: [ 1 29 14 20 98 40 90 21 35  9 57 73 67 10 52 74 58 89  8  5 63 19 13 80
 51 39 49 18 66 65 85  0 50 33 27 36 34 96 92  7 23 12 54 82  6 26 99  4
 83 88 37 28  2 95 87 91 48 17 72 32 62 84 60 97 30 81 46 93 25 22 70 11
 55 59 94 41 31 71 56 47 16 61 44 77 68 15 53  3 43 69 78 75 42 79 76 64
 86 24 38 45]
[2023-10-05 03:10:19,929][root][INFO] - task 0 :(1280, 3, 32, 32)
[2023-10-05 03:10:19,948][root][INFO] - task 1 :(1280, 3, 32, 32)
[2023-10-05 03:10:19,968][root][INFO] - task 2 :(1280, 3, 32, 32)
[2023-10-05 03:10:19,987][root][INFO] - task 3 :(1280, 3, 32, 32)
[2023-10-05 03:10:20,012][root][INFO] - task 4 :(1280, 3, 32, 32)
[2023-10-05 03:10:20,038][root][INFO] - task 5 :(1280, 3, 32, 32)
[2023-10-05 03:10:20,058][root][INFO] - task 6 :(1280, 3, 32, 32)
[2023-10-05 03:10:20,088][root][INFO] - task 7 :(1280, 3, 32, 32)
[2023-10-05 03:10:20,116][root][INFO] - task 8 :(1280, 3, 32, 32)
[2023-10-05 03:10:20,136][root][INFO] - task 9 :(1280, 3, 32, 32)
[2023-10-05 03:10:20,164][root][INFO] - task 10 :(1280, 3, 32, 32)
[2023-10-05 03:10:20,184][root][INFO] - task 11 :(1280, 3, 32, 32)
[2023-10-05 03:10:20,204][root][INFO] - task 12 :(1280, 3, 32, 32)
[2023-10-05 03:10:20,224][root][INFO] - task 13 :(1280, 3, 32, 32)
[2023-10-05 03:10:20,284][root][INFO] - task 14 :(1280, 3, 32, 32)
[2023-10-05 03:10:20,304][root][INFO] - task 15 :(1280, 3, 32, 32)
[2023-10-05 03:10:20,324][root][INFO] - task 16 :(1280, 3, 32, 32)
[2023-10-05 03:10:20,343][root][INFO] - task 17 :(1280, 3, 32, 32)
[2023-10-05 03:10:20,362][root][INFO] - task 18 :(1280, 3, 32, 32)
[2023-10-05 03:10:20,382][root][INFO] - task 19 :(1280, 3, 32, 32)
i_size 32
num_classes 5
net_cfg {'name': 'cnn', 'depth': 4, 'channels': 50, 'conv_kernel': 3, 'maxpool_kernel': 2, 'padding': 1, 'dropout': 0.0, 'i_size': 32, 'num_classes': 5, 'num_tasks': 20, 'num_init_tasks': 4, 'use_contrastive': True}
<class 'shell.learners.er_nocomponents.NoComponentsER'>
[2023-10-05 03:10:20,410][root][INFO] - No. gpus per agent: 0.25
2023-10-05 03:10:23,365	INFO worker.py:1544 -- Started a local Ray instance. View the dashboard at [1m[32m127.0.0.1:8265 [39m[22m
slurmstepd: error: *** JOB 129196 ON enough-oryx.grasp.maas CANCELLED AT 2023-10-05T03:10:24 ***
slurmstepd: error: *** STEP 129196.0 ON enough-oryx.grasp.maas CANCELLED AT 2023-10-05T03:10:24 ***
