/mnt/kostas-graid/sw/envs/vlongle/miniconda3/envs/shell/lib/python3.10/site-packages/hydra/_internal/defaults_list.py:251: UserWarning: In 'config': Defaults list is missing `_self_`. See https://hydra.cc/docs/1.2/upgrades/1.0_to_1.1/default_composition_order for more information
  warnings.warn(msg, UserWarning)
{'train': {'component_update_freq': 100, 'num_epochs': 100, 'init_component_update_freq': 100, 'init_num_epochs': 100, 'save_freq': 20}, 'dataset': {'dataset_name': 'fashionmnist', 'num_tasks': 10, 'num_classes_per_task': 2, 'with_replacement': True, 'num_trains_per_class': 64, 'num_vals_per_class': 50, 'remap_labels': True}, 'net': {'name': 'mlp', 'depth': 4, 'layer_size': 64, 'dropout': 0.0}, 'sharing_strategy': {'name': 'no_sharing', 'num_coms_per_round': 0}, 'seed': 0, 'algo': 'monolithic', 'job_name': 'fashionmnist_monolithic_numtrain_64_contrastive', 'num_agents': 8, 'root_save_dir': 'experiment_results/vanilla_fix_bug_compute_loss_encodev2', 'parallel': True, 'num_init_tasks': 4, 'agent': {'save_dir': '${root_save_dir}/${job_name}/${dataset.dataset_name}/${algo}/seed_${seed}', 'batch_size': 64, 'memory_size': 32, 'improvement_threshold': 0.05, 'use_contrastive': True}}
[2023-10-04 19:45:51,407][root][INFO] - Class sequence: [5 0 4 3 4 6 4 3 8 0 1 0 5 9 6 4 9 0 3 0]
[2023-10-04 19:45:51,427][root][INFO] - task 0 :(128, 1, 28, 28)
[2023-10-04 19:45:51,474][root][INFO] - task 1 :(128, 1, 28, 28)
[2023-10-04 19:45:51,494][root][INFO] - task 2 :(128, 1, 28, 28)
[2023-10-04 19:45:51,515][root][INFO] - task 3 :(128, 1, 28, 28)
[2023-10-04 19:45:51,534][root][INFO] - task 4 :(128, 1, 28, 28)
[2023-10-04 19:45:51,553][root][INFO] - task 5 :(128, 1, 28, 28)
[2023-10-04 19:45:51,574][root][INFO] - task 6 :(128, 1, 28, 28)
[2023-10-04 19:45:51,594][root][INFO] - task 7 :(128, 1, 28, 28)
[2023-10-04 19:45:51,613][root][INFO] - task 8 :(128, 1, 28, 28)
[2023-10-04 19:45:51,654][root][INFO] - task 9 :(128, 1, 28, 28)
[2023-10-04 19:45:51,758][root][INFO] - Class sequence: [4 7 5 7 6 0 3 0 5 0 3 6 2 7 6 7 6 1 0 5]
[2023-10-04 19:45:51,776][root][INFO] - task 0 :(128, 1, 28, 28)
[2023-10-04 19:45:51,795][root][INFO] - task 1 :(128, 1, 28, 28)
[2023-10-04 19:45:51,816][root][INFO] - task 2 :(128, 1, 28, 28)
[2023-10-04 19:45:51,836][root][INFO] - task 3 :(128, 1, 28, 28)
[2023-10-04 19:45:51,857][root][INFO] - task 4 :(128, 1, 28, 28)
[2023-10-04 19:45:51,878][root][INFO] - task 5 :(128, 1, 28, 28)
[2023-10-04 19:45:51,899][root][INFO] - task 6 :(128, 1, 28, 28)
[2023-10-04 19:45:51,921][root][INFO] - task 7 :(128, 1, 28, 28)
[2023-10-04 19:45:51,942][root][INFO] - task 8 :(128, 1, 28, 28)
[2023-10-04 19:45:51,963][root][INFO] - task 9 :(128, 1, 28, 28)
[2023-10-04 19:45:52,079][root][INFO] - Class sequence: [6 7 7 8 4 1 1 8 6 1 6 4 5 7 8 0 2 3 0 3]
[2023-10-04 19:45:52,097][root][INFO] - task 0 :(128, 1, 28, 28)
[2023-10-04 19:45:52,117][root][INFO] - task 1 :(128, 1, 28, 28)
[2023-10-04 19:45:52,138][root][INFO] - task 2 :(128, 1, 28, 28)
[2023-10-04 19:45:52,159][root][INFO] - task 3 :(128, 1, 28, 28)
[2023-10-04 19:45:52,182][root][INFO] - task 4 :(128, 1, 28, 28)
[2023-10-04 19:45:52,204][root][INFO] - task 5 :(128, 1, 28, 28)
[2023-10-04 19:45:52,226][root][INFO] - task 6 :(128, 1, 28, 28)
[2023-10-04 19:45:52,250][root][INFO] - task 7 :(128, 1, 28, 28)
[2023-10-04 19:45:52,274][root][INFO] - task 8 :(128, 1, 28, 28)
[2023-10-04 19:45:52,295][root][INFO] - task 9 :(128, 1, 28, 28)
[2023-10-04 19:45:52,405][root][INFO] - Class sequence: [2 8 0 3 7 4 3 4 4 5 9 3 0 6 9 1 3 1 7 9]
[2023-10-04 19:45:52,422][root][INFO] - task 0 :(128, 1, 28, 28)
[2023-10-04 19:45:52,449][root][INFO] - task 1 :(128, 1, 28, 28)
[2023-10-04 19:45:52,469][root][INFO] - task 2 :(128, 1, 28, 28)
[2023-10-04 19:45:52,489][root][INFO] - task 3 :(128, 1, 28, 28)
[2023-10-04 19:45:52,509][root][INFO] - task 4 :(128, 1, 28, 28)
[2023-10-04 19:45:52,530][root][INFO] - task 5 :(128, 1, 28, 28)
[2023-10-04 19:45:52,551][root][INFO] - task 6 :(128, 1, 28, 28)
[2023-10-04 19:45:52,571][root][INFO] - task 7 :(128, 1, 28, 28)
[2023-10-04 19:45:52,590][root][INFO] - task 8 :(128, 1, 28, 28)
[2023-10-04 19:45:52,611][root][INFO] - task 9 :(128, 1, 28, 28)
[2023-10-04 19:45:52,713][root][INFO] - Class sequence: [0 3 0 2 9 7 0 9 2 1 7 6 8 6 1 8 6 4 9 8]
[2023-10-04 19:45:52,730][root][INFO] - task 0 :(128, 1, 28, 28)
[2023-10-04 19:45:52,750][root][INFO] - task 1 :(128, 1, 28, 28)
[2023-10-04 19:45:52,778][root][INFO] - task 2 :(128, 1, 28, 28)
[2023-10-04 19:45:52,798][root][INFO] - task 3 :(128, 1, 28, 28)
[2023-10-04 19:45:52,817][root][INFO] - task 4 :(128, 1, 28, 28)
[2023-10-04 19:45:52,836][root][INFO] - task 5 :(128, 1, 28, 28)
[2023-10-04 19:45:52,866][root][INFO] - task 6 :(128, 1, 28, 28)
[2023-10-04 19:45:52,886][root][INFO] - task 7 :(128, 1, 28, 28)
[2023-10-04 19:45:52,906][root][INFO] - task 8 :(128, 1, 28, 28)
[2023-10-04 19:45:52,931][root][INFO] - task 9 :(128, 1, 28, 28)
[2023-10-04 19:45:53,035][root][INFO] - Class sequence: [8 4 6 3 3 1 1 6 4 9 3 2 2 9 6 0 5 9 7 2]
[2023-10-04 19:45:53,053][root][INFO] - task 0 :(128, 1, 28, 28)
[2023-10-04 19:45:53,074][root][INFO] - task 1 :(128, 1, 28, 28)
[2023-10-04 19:45:53,095][root][INFO] - task 2 :(128, 1, 28, 28)
[2023-10-04 19:45:53,116][root][INFO] - task 3 :(128, 1, 28, 28)
[2023-10-04 19:45:53,137][root][INFO] - task 4 :(128, 1, 28, 28)
[2023-10-04 19:45:53,158][root][INFO] - task 5 :(128, 1, 28, 28)
[2023-10-04 19:45:53,177][root][INFO] - task 6 :(128, 1, 28, 28)
[2023-10-04 19:45:53,198][root][INFO] - task 7 :(128, 1, 28, 28)
[2023-10-04 19:45:53,218][root][INFO] - task 8 :(128, 1, 28, 28)
[2023-10-04 19:45:53,240][root][INFO] - task 9 :(128, 1, 28, 28)
[2023-10-04 19:45:53,343][root][INFO] - Class sequence: [7 5 8 4 6 9 8 3 4 6 1 3 3 1 4 1 9 2 6 2]
[2023-10-04 19:45:53,360][root][INFO] - task 0 :(128, 1, 28, 28)
[2023-10-04 19:45:53,381][root][INFO] - task 1 :(128, 1, 28, 28)
[2023-10-04 19:45:53,401][root][INFO] - task 2 :(128, 1, 28, 28)
[2023-10-04 19:45:53,422][root][INFO] - task 3 :(128, 1, 28, 28)
[2023-10-04 19:45:53,441][root][INFO] - task 4 :(128, 1, 28, 28)
[2023-10-04 19:45:53,460][root][INFO] - task 5 :(128, 1, 28, 28)
[2023-10-04 19:45:53,499][root][INFO] - task 6 :(128, 1, 28, 28)
[2023-10-04 19:45:53,519][root][INFO] - task 7 :(128, 1, 28, 28)
[2023-10-04 19:45:53,540][root][INFO] - task 8 :(128, 1, 28, 28)
[2023-10-04 19:45:53,559][root][INFO] - task 9 :(128, 1, 28, 28)
[2023-10-04 19:45:53,668][root][INFO] - Class sequence: [5 1 8 3 9 6 5 9 5 0 7 2 7 8 6 1 6 0 0 6]
[2023-10-04 19:45:53,687][root][INFO] - task 0 :(128, 1, 28, 28)
[2023-10-04 19:45:53,708][root][INFO] - task 1 :(128, 1, 28, 28)
[2023-10-04 19:45:53,728][root][INFO] - task 2 :(128, 1, 28, 28)
[2023-10-04 19:45:53,749][root][INFO] - task 3 :(128, 1, 28, 28)
[2023-10-04 19:45:53,769][root][INFO] - task 4 :(128, 1, 28, 28)
[2023-10-04 19:45:53,790][root][INFO] - task 5 :(128, 1, 28, 28)
[2023-10-04 19:45:53,815][root][INFO] - task 6 :(128, 1, 28, 28)
[2023-10-04 19:45:53,840][root][INFO] - task 7 :(128, 1, 28, 28)
[2023-10-04 19:45:53,860][root][INFO] - task 8 :(128, 1, 28, 28)
[2023-10-04 19:45:53,880][root][INFO] - task 9 :(128, 1, 28, 28)
i_size 28
num_classes 2
net_cfg {'name': 'mlp', 'depth': 4, 'layer_size': 64, 'dropout': 0.0, 'i_size': 28, 'num_classes': 2, 'num_tasks': 10, 'num_init_tasks': 4, 'use_contrastive': True}
<class 'shell.learners.er_nocomponents.NoComponentsER'>
[2023-10-04 19:45:53,903][root][INFO] - No. gpus per agent: 0.25
2023-10-04 19:45:56,374	INFO worker.py:1544 -- Started a local Ray instance. View the dashboard at [1m[32m127.0.0.1:8265 [39m[22m
[2m[36m(ParallelAgent pid=1185074)[0m INFO:root:Agent: node_id: 0, seed: 0
[2m[36m(ParallelAgent pid=1185075)[0m INFO:root:Agent: node_id: 1, seed: 1000
[2m[36m(ParallelAgent pid=1185076)[0m INFO:root:Agent: node_id: 2, seed: 2000
[2m[36m(ParallelAgent pid=1185077)[0m INFO:root:Agent: node_id: 3, seed: 3000
[2m[36m(ParallelAgent pid=1185078)[0m INFO:root:Agent: node_id: 4, seed: 4000
[2m[36m(ParallelAgent pid=1185079)[0m INFO:root:Agent: node_id: 5, seed: 5000
[2m[36m(ParallelAgent pid=1185082)[0m INFO:root:Agent: node_id: 7, seed: 7000
[2m[36m(ParallelAgent pid=1185081)[0m INFO:root:Agent: node_id: 6, seed: 6000
[2023-10-04 19:46:16,442][root][INFO] - Created fleet with 8 agents
[2023-10-04 19:46:16,443][root][INFO] - Adding neighbors...
[2023-10-04 19:46:16,452][root][INFO] - Fleet initialized
Error executing job with overrides: ['algo=monolithic', 'agent.batch_size=64', 'seed=0', 'parallel=True', 'num_agents=8', 'dataset=fashionmnist', 'dataset.num_trains_per_class=64', 'dataset.num_vals_per_class=50', 'dataset.remap_labels=True', 'dataset.with_replacement=True', 'dataset.num_tasks=10', 'net=mlp', 'net.depth=4', 'num_init_tasks=4', 'net.dropout=0.0', 'train.num_epochs=100', 'train.component_update_freq=100', 'train.init_num_epochs=100', 'train.init_component_update_freq=100', 'train.save_freq=20', 'agent.use_contrastive=True', 'agent.memory_size=32', 'root_save_dir=experiment_results/vanilla_fix_bug_compute_loss_encodev2', 'train=monolithic', 'job_name=fashionmnist_monolithic_numtrain_64_contrastive']
Traceback (most recent call last):
  File "/home/vlongle/learning-hive/experiments/run.py", line 41, in main
    fleet.train_and_comm(task_id)
  File "/home/vlongle/learning-hive/src/shell/fleet/fleet.py", line 274, in train_and_comm
    ray.get([agent.train.remote(task_id, start_epoch, self.comm_freq) for agent in self.agents])
  File "/mnt/kostas-graid/sw/envs/vlongle/miniconda3/envs/shell/lib/python3.10/site-packages/ray/_private/client_mode_hook.py", line 105, in wrapper
    return func(*args, **kwargs)
  File "/mnt/kostas-graid/sw/envs/vlongle/miniconda3/envs/shell/lib/python3.10/site-packages/ray/_private/worker.py", line 2380, in get
    raise value.as_instanceof_cause()
ray.exceptions.RayTaskError(AttributeError): [36mray::ParallelAgent.train()[39m (pid=1185082, ip=192.168.141.55, repr=<shell.fleet.fleet.ParallelAgent object at 0x7fb29e6c2bc0>)
  File "/home/vlongle/learning-hive/src/shell/fleet/fleet.py", line 97, in train
    self.agent.train(trainloader, task_id, testloaders=testloaders,
  File "/home/vlongle/learning-hive/src/shell/learners/er_nocomponents.py", line 36, in train
    self.save_data(start_epoch, task_id, testloaders,
  File "/home/vlongle/learning-hive/src/shell/learners/base_learning_classes.py", line 226, in save_data
    self.test_loss, self.test_acc = self.evaluate(testloaders, mode=mode)
  File "/home/vlongle/learning-hive/src/shell/learners/base_learning_classes.py", line 198, in evaluate
    l += self.compute_loss(X, Y, task, mode='ce').item()
  File "/home/vlongle/learning-hive/src/shell/learners/base_learning_classes.py", line 140, in compute_loss
    return self.compute_cross_entropy_loss(X, Y, task_id, detach=False)
  File "/home/vlongle/learning-hive/src/shell/learners/base_learning_classes.py", line 109, in compute_cross_entropy_loss
    X_encode = self.net.encodev2(X, task_id)
  File "/mnt/kostas-graid/sw/envs/vlongle/miniconda3/envs/shell/lib/python3.10/site-packages/torch/nn/modules/module.py", line 1614, in __getattr__
    raise AttributeError("'{}' object has no attribute '{}'".format(
AttributeError: 'MLP' object has no attribute 'encodev2'

Set the environment variable HYDRA_FULL_ERROR=1 for a complete stack trace.
/mnt/kostas-graid/sw/envs/vlongle/miniconda3/envs/shell/lib/python3.10/site-packages/hydra/_internal/defaults_list.py:251: UserWarning: In 'config': Defaults list is missing `_self_`. See https://hydra.cc/docs/1.2/upgrades/1.0_to_1.1/default_composition_order for more information
  warnings.warn(msg, UserWarning)
{'train': {'component_update_freq': 100, 'num_epochs': 100, 'init_component_update_freq': 100, 'init_num_epochs': 100, 'save_freq': 20}, 'dataset': {'dataset_name': 'fashionmnist', 'num_tasks': 10, 'num_classes_per_task': 2, 'with_replacement': True, 'num_trains_per_class': 64, 'num_vals_per_class': 50, 'remap_labels': True}, 'net': {'name': 'mlp', 'depth': 4, 'layer_size': 64, 'dropout': 0.0}, 'sharing_strategy': {'name': 'no_sharing', 'num_coms_per_round': 0}, 'seed': 0, 'algo': 'modular', 'job_name': 'fashionmnist_modular_numtrain_64_contrastive', 'num_agents': 8, 'root_save_dir': 'experiment_results/vanilla_fix_bug_compute_loss_encodev2', 'parallel': True, 'num_init_tasks': 4, 'agent': {'save_dir': '${root_save_dir}/${job_name}/${dataset.dataset_name}/${algo}/seed_${seed}', 'batch_size': 64, 'memory_size': 32, 'improvement_threshold': 0.05, 'use_contrastive': True}}
[2023-10-04 19:46:27,769][root][INFO] - Class sequence: [5 0 4 3 4 6 4 3 8 0 1 0 5 9 6 4 9 0 3 0]
[2023-10-04 19:46:27,789][root][INFO] - task 0 :(128, 1, 28, 28)
[2023-10-04 19:46:27,838][root][INFO] - task 1 :(128, 1, 28, 28)
[2023-10-04 19:46:27,864][root][INFO] - task 2 :(128, 1, 28, 28)
[2023-10-04 19:46:27,885][root][INFO] - task 3 :(128, 1, 28, 28)
[2023-10-04 19:46:27,903][root][INFO] - task 4 :(128, 1, 28, 28)
[2023-10-04 19:46:27,929][root][INFO] - task 5 :(128, 1, 28, 28)
[2023-10-04 19:46:27,949][root][INFO] - task 6 :(128, 1, 28, 28)
[2023-10-04 19:46:27,969][root][INFO] - task 7 :(128, 1, 28, 28)
[2023-10-04 19:46:27,988][root][INFO] - task 8 :(128, 1, 28, 28)
[2023-10-04 19:46:28,008][root][INFO] - task 9 :(128, 1, 28, 28)
[2023-10-04 19:46:28,111][root][INFO] - Class sequence: [4 7 5 7 6 0 3 0 5 0 3 6 2 7 6 7 6 1 0 5]
[2023-10-04 19:46:28,129][root][INFO] - task 0 :(128, 1, 28, 28)
[2023-10-04 19:46:28,149][root][INFO] - task 1 :(128, 1, 28, 28)
[2023-10-04 19:46:28,171][root][INFO] - task 2 :(128, 1, 28, 28)
[2023-10-04 19:46:28,192][root][INFO] - task 3 :(128, 1, 28, 28)
[2023-10-04 19:46:28,213][root][INFO] - task 4 :(128, 1, 28, 28)
[2023-10-04 19:46:28,241][root][INFO] - task 5 :(128, 1, 28, 28)
[2023-10-04 19:46:28,263][root][INFO] - task 6 :(128, 1, 28, 28)
[2023-10-04 19:46:28,285][root][INFO] - task 7 :(128, 1, 28, 28)
[2023-10-04 19:46:28,306][root][INFO] - task 8 :(128, 1, 28, 28)
[2023-10-04 19:46:28,333][root][INFO] - task 9 :(128, 1, 28, 28)
[2023-10-04 19:46:28,439][root][INFO] - Class sequence: [6 7 7 8 4 1 1 8 6 1 6 4 5 7 8 0 2 3 0 3]
[2023-10-04 19:46:28,457][root][INFO] - task 0 :(128, 1, 28, 28)
[2023-10-04 19:46:28,477][root][INFO] - task 1 :(128, 1, 28, 28)
[2023-10-04 19:46:28,498][root][INFO] - task 2 :(128, 1, 28, 28)
[2023-10-04 19:46:28,518][root][INFO] - task 3 :(128, 1, 28, 28)
[2023-10-04 19:46:28,540][root][INFO] - task 4 :(128, 1, 28, 28)
[2023-10-04 19:46:28,561][root][INFO] - task 5 :(128, 1, 28, 28)
[2023-10-04 19:46:28,583][root][INFO] - task 6 :(128, 1, 28, 28)
[2023-10-04 19:46:28,604][root][INFO] - task 7 :(128, 1, 28, 28)
[2023-10-04 19:46:28,625][root][INFO] - task 8 :(128, 1, 28, 28)
[2023-10-04 19:46:28,647][root][INFO] - task 9 :(128, 1, 28, 28)
[2023-10-04 19:46:28,757][root][INFO] - Class sequence: [2 8 0 3 7 4 3 4 4 5 9 3 0 6 9 1 3 1 7 9]
[2023-10-04 19:46:28,774][root][INFO] - task 0 :(128, 1, 28, 28)
[2023-10-04 19:46:28,795][root][INFO] - task 1 :(128, 1, 28, 28)
[2023-10-04 19:46:28,818][root][INFO] - task 2 :(128, 1, 28, 28)
[2023-10-04 19:46:28,838][root][INFO] - task 3 :(128, 1, 28, 28)
[2023-10-04 19:46:28,859][root][INFO] - task 4 :(128, 1, 28, 28)
[2023-10-04 19:46:28,880][root][INFO] - task 5 :(128, 1, 28, 28)
[2023-10-04 19:46:28,902][root][INFO] - task 6 :(128, 1, 28, 28)
[2023-10-04 19:46:28,928][root][INFO] - task 7 :(128, 1, 28, 28)
[2023-10-04 19:46:28,949][root][INFO] - task 8 :(128, 1, 28, 28)
[2023-10-04 19:46:28,976][root][INFO] - task 9 :(128, 1, 28, 28)
[2023-10-04 19:46:29,078][root][INFO] - Class sequence: [0 3 0 2 9 7 0 9 2 1 7 6 8 6 1 8 6 4 9 8]
[2023-10-04 19:46:29,095][root][INFO] - task 0 :(128, 1, 28, 28)
[2023-10-04 19:46:29,115][root][INFO] - task 1 :(128, 1, 28, 28)
[2023-10-04 19:46:29,136][root][INFO] - task 2 :(128, 1, 28, 28)
[2023-10-04 19:46:29,163][root][INFO] - task 3 :(128, 1, 28, 28)
[2023-10-04 19:46:29,182][root][INFO] - task 4 :(128, 1, 28, 28)
[2023-10-04 19:46:29,210][root][INFO] - task 5 :(128, 1, 28, 28)
[2023-10-04 19:46:29,230][root][INFO] - task 6 :(128, 1, 28, 28)
[2023-10-04 19:46:29,251][root][INFO] - task 7 :(128, 1, 28, 28)
[2023-10-04 19:46:29,271][root][INFO] - task 8 :(128, 1, 28, 28)
[2023-10-04 19:46:29,292][root][INFO] - task 9 :(128, 1, 28, 28)
[2023-10-04 19:46:29,401][root][INFO] - Class sequence: [8 4 6 3 3 1 1 6 4 9 3 2 2 9 6 0 5 9 7 2]
[2023-10-04 19:46:29,419][root][INFO] - task 0 :(128, 1, 28, 28)
[2023-10-04 19:46:29,441][root][INFO] - task 1 :(128, 1, 28, 28)
[2023-10-04 19:46:29,462][root][INFO] - task 2 :(128, 1, 28, 28)
[2023-10-04 19:46:29,489][root][INFO] - task 3 :(128, 1, 28, 28)
[2023-10-04 19:46:29,510][root][INFO] - task 4 :(128, 1, 28, 28)
[2023-10-04 19:46:29,530][root][INFO] - task 5 :(128, 1, 28, 28)
[2023-10-04 19:46:29,549][root][INFO] - task 6 :(128, 1, 28, 28)
[2023-10-04 19:46:29,570][root][INFO] - task 7 :(128, 1, 28, 28)
[2023-10-04 19:46:29,590][root][INFO] - task 8 :(128, 1, 28, 28)
[2023-10-04 19:46:29,617][root][INFO] - task 9 :(128, 1, 28, 28)
[2023-10-04 19:46:29,720][root][INFO] - Class sequence: [7 5 8 4 6 9 8 3 4 6 1 3 3 1 4 1 9 2 6 2]
[2023-10-04 19:46:29,737][root][INFO] - task 0 :(128, 1, 28, 28)
[2023-10-04 19:46:29,759][root][INFO] - task 1 :(128, 1, 28, 28)
[2023-10-04 19:46:29,780][root][INFO] - task 2 :(128, 1, 28, 28)
[2023-10-04 19:46:29,801][root][INFO] - task 3 :(128, 1, 28, 28)
[2023-10-04 19:46:29,821][root][INFO] - task 4 :(128, 1, 28, 28)
[2023-10-04 19:46:29,841][root][INFO] - task 5 :(128, 1, 28, 28)
[2023-10-04 19:46:29,868][root][INFO] - task 6 :(128, 1, 28, 28)
[2023-10-04 19:46:29,888][root][INFO] - task 7 :(128, 1, 28, 28)
[2023-10-04 19:46:29,909][root][INFO] - task 8 :(128, 1, 28, 28)
[2023-10-04 19:46:29,928][root][INFO] - task 9 :(128, 1, 28, 28)
[2023-10-04 19:46:30,038][root][INFO] - Class sequence: [5 1 8 3 9 6 5 9 5 0 7 2 7 8 6 1 6 0 0 6]
[2023-10-04 19:46:30,057][root][INFO] - task 0 :(128, 1, 28, 28)
[2023-10-04 19:46:30,078][root][INFO] - task 1 :(128, 1, 28, 28)
[2023-10-04 19:46:30,104][root][INFO] - task 2 :(128, 1, 28, 28)
[2023-10-04 19:46:30,125][root][INFO] - task 3 :(128, 1, 28, 28)
[2023-10-04 19:46:30,145][root][INFO] - task 4 :(128, 1, 28, 28)
[2023-10-04 19:46:30,167][root][INFO] - task 5 :(128, 1, 28, 28)
[2023-10-04 19:46:30,192][root][INFO] - task 6 :(128, 1, 28, 28)
[2023-10-04 19:46:30,212][root][INFO] - task 7 :(128, 1, 28, 28)
[2023-10-04 19:46:30,232][root][INFO] - task 8 :(128, 1, 28, 28)
[2023-10-04 19:46:30,260][root][INFO] - task 9 :(128, 1, 28, 28)
i_size 28
num_classes 2
net_cfg {'name': 'mlp', 'depth': 4, 'layer_size': 64, 'dropout': 0.0, 'i_size': 28, 'num_classes': 2, 'num_tasks': 10, 'num_init_tasks': 4, 'use_contrastive': True}
<class 'shell.learners.er_dynamic.CompositionalDynamicER'>
[2023-10-04 19:46:30,284][root][INFO] - No. gpus per agent: 0.25
2023-10-04 19:46:32,779	INFO worker.py:1544 -- Started a local Ray instance. View the dashboard at [1m[32m127.0.0.1:8265 [39m[22m
[2m[36m(ParallelAgent pid=1225731)[0m INFO:root:Agent: node_id: 0, seed: 0
[2m[36m(ParallelAgent pid=1225732)[0m INFO:root:Agent: node_id: 1, seed: 1000
[2m[36m(ParallelAgent pid=1225733)[0m INFO:root:Agent: node_id: 2, seed: 2000
[2m[36m(ParallelAgent pid=1225734)[0m INFO:root:Agent: node_id: 3, seed: 3000
[2m[36m(ParallelAgent pid=1225735)[0m INFO:root:Agent: node_id: 4, seed: 4000
[2m[36m(ParallelAgent pid=1225796)[0m INFO:root:Agent: node_id: 6, seed: 6000
[2m[36m(ParallelAgent pid=1225736)[0m INFO:root:Agent: node_id: 5, seed: 5000
[2m[36m(ParallelAgent pid=1225921)[0m INFO:root:Agent: node_id: 7, seed: 7000
[2023-10-04 19:46:52,162][root][INFO] - Created fleet with 8 agents
[2023-10-04 19:46:52,176][root][INFO] - Adding neighbors...
[2023-10-04 19:46:52,185][root][INFO] - Fleet initialized
Error executing job with overrides: ['algo=modular', 'agent.batch_size=64', 'seed=0', 'parallel=True', 'num_agents=8', 'dataset=fashionmnist', 'dataset.num_trains_per_class=64', 'dataset.num_vals_per_class=50', 'dataset.remap_labels=True', 'dataset.with_replacement=True', 'dataset.num_tasks=10', 'net=mlp', 'net.depth=4', 'num_init_tasks=4', 'net.dropout=0.0', 'train.num_epochs=100', 'train.component_update_freq=100', 'train.init_num_epochs=100', 'train.init_component_update_freq=100', 'train.save_freq=20', 'agent.use_contrastive=True', 'agent.memory_size=32', 'root_save_dir=experiment_results/vanilla_fix_bug_compute_loss_encodev2', 'train=modular', 'job_name=fashionmnist_modular_numtrain_64_contrastive']
Traceback (most recent call last):
  File "/home/vlongle/learning-hive/experiments/run.py", line 41, in main
    fleet.train_and_comm(task_id)
  File "/home/vlongle/learning-hive/src/shell/fleet/fleet.py", line 274, in train_and_comm
    ray.get([agent.train.remote(task_id, start_epoch, self.comm_freq) for agent in self.agents])
  File "/mnt/kostas-graid/sw/envs/vlongle/miniconda3/envs/shell/lib/python3.10/site-packages/ray/_private/client_mode_hook.py", line 105, in wrapper
    return func(*args, **kwargs)
  File "/mnt/kostas-graid/sw/envs/vlongle/miniconda3/envs/shell/lib/python3.10/site-packages/ray/_private/worker.py", line 2380, in get
    raise value.as_instanceof_cause()
ray.exceptions.RayTaskError(AttributeError): [36mray::ParallelAgent.train()[39m (pid=1225736, ip=192.168.141.55, repr=<shell.fleet.fleet.ParallelAgent object at 0x7f0a95586bc0>)
  File "/home/vlongle/learning-hive/src/shell/fleet/fleet.py", line 97, in train
    self.agent.train(trainloader, task_id, testloaders=testloaders,
  File "/home/vlongle/learning-hive/src/shell/learners/base_learning_classes.py", line 293, in train
    self.save_data(start_epoch, task_id, testloaders, mode=train_mode)
  File "/home/vlongle/learning-hive/src/shell/learners/base_learning_classes.py", line 515, in save_data
    super().save_data(epoch, task_id, testloaders,
  File "/home/vlongle/learning-hive/src/shell/learners/base_learning_classes.py", line 226, in save_data
    self.test_loss, self.test_acc = self.evaluate(testloaders, mode=mode)
  File "/home/vlongle/learning-hive/src/shell/learners/base_learning_classes.py", line 477, in evaluate
    l += self.compute_loss(X, Y, task, mode='ce').item()
  File "/home/vlongle/learning-hive/src/shell/learners/base_learning_classes.py", line 140, in compute_loss
    return self.compute_cross_entropy_loss(X, Y, task_id, detach=False)
  File "/home/vlongle/learning-hive/src/shell/learners/base_learning_classes.py", line 109, in compute_cross_entropy_loss
    X_encode = self.net.encodev2(X, task_id)
  File "/mnt/kostas-graid/sw/envs/vlongle/miniconda3/envs/shell/lib/python3.10/site-packages/torch/nn/modules/module.py", line 1614, in __getattr__
    raise AttributeError("'{}' object has no attribute '{}'".format(
AttributeError: 'MLPSoftLLDynamic' object has no attribute 'encodev2'

Set the environment variable HYDRA_FULL_ERROR=1 for a complete stack trace.
{'algo': ['monolithic', 'modular'], 'agent.batch_size': 64, 'seed': 0, 'parallel': True, 'num_agents': 8, 'dataset': 'fashionmnist', 'dataset.num_trains_per_class': 64, 'dataset.num_vals_per_class': 50, 'dataset.remap_labels': True, 'dataset.with_replacement': True, 'dataset.num_tasks': 10, 'net': 'mlp', 'net.depth': 4, 'num_init_tasks': 4, 'net.dropout': 0.0, 'train.num_epochs': 100, 'train.component_update_freq': 100, 'train.init_num_epochs': 100, 'train.init_component_update_freq': 100, 'train.save_freq': 20, 'agent.use_contrastive': True, 'agent.memory_size': 32, 'root_save_dir': 'experiment_results/vanilla_fix_bug_compute_loss_encodev2'}
No. of experiments: 2
Experiment runs took 0:01:12.375089
