/mnt/kostas-graid/sw/envs/vlongle/miniconda3/envs/shell/lib/python3.10/site-packages/hydra/_internal/defaults_list.py:251: UserWarning: In 'config': Defaults list is missing `_self_`. See https://hydra.cc/docs/1.2/upgrades/1.0_to_1.1/default_composition_order for more information
  warnings.warn(msg, UserWarning)
{'train': {'component_update_freq': 100, 'num_epochs': 100, 'init_component_update_freq': 100, 'init_num_epochs': 100, 'save_freq': 20}, 'dataset': {'dataset_name': 'fashionmnist', 'num_tasks': 10, 'num_classes_per_task': 2, 'with_replacement': True, 'num_trains_per_class': 64, 'num_vals_per_class': 50, 'remap_labels': True}, 'net': {'name': 'mlp', 'depth': 4, 'layer_size': 64, 'dropout': 0.0}, 'sharing_strategy': {'name': 'no_sharing', 'num_coms_per_round': 0}, 'seed': 5, 'algo': 'monolithic', 'job_name': 'fashionmnist_monolithic_numtrain_64_contrastive', 'num_agents': 8, 'root_save_dir': 'experiment_results/vanilla_fix_bug_compute_loss_encodev2', 'parallel': True, 'num_init_tasks': 4, 'agent': {'save_dir': '${root_save_dir}/${job_name}/${dataset.dataset_name}/${algo}/seed_${seed}', 'batch_size': 64, 'memory_size': 32, 'improvement_threshold': 0.05, 'use_contrastive': True}}
[2023-10-04 19:47:27,838][root][INFO] - Class sequence: [1 8 2 9 1 3 7 6 5 0 6 9 6 9 0 2 5 6 6 5]
[2023-10-04 19:47:27,858][root][INFO] - task 0 :(128, 1, 28, 28)
[2023-10-04 19:47:27,910][root][INFO] - task 1 :(128, 1, 28, 28)
[2023-10-04 19:47:27,937][root][INFO] - task 2 :(128, 1, 28, 28)
[2023-10-04 19:47:27,958][root][INFO] - task 3 :(128, 1, 28, 28)
[2023-10-04 19:47:27,978][root][INFO] - task 4 :(128, 1, 28, 28)
[2023-10-04 19:47:27,999][root][INFO] - task 5 :(128, 1, 28, 28)
[2023-10-04 19:47:28,019][root][INFO] - task 6 :(128, 1, 28, 28)
[2023-10-04 19:47:28,046][root][INFO] - task 7 :(128, 1, 28, 28)
[2023-10-04 19:47:28,065][root][INFO] - task 8 :(128, 1, 28, 28)
[2023-10-04 19:47:28,085][root][INFO] - task 9 :(128, 1, 28, 28)
[2023-10-04 19:47:28,188][root][INFO] - Class sequence: [7 3 8 1 3 7 0 8 9 7 1 7 2 4 7 3 3 1 0 9]
[2023-10-04 19:47:28,207][root][INFO] - task 0 :(128, 1, 28, 28)
[2023-10-04 19:47:28,229][root][INFO] - task 1 :(128, 1, 28, 28)
[2023-10-04 19:47:28,251][root][INFO] - task 2 :(128, 1, 28, 28)
[2023-10-04 19:47:28,278][root][INFO] - task 3 :(128, 1, 28, 28)
[2023-10-04 19:47:28,299][root][INFO] - task 4 :(128, 1, 28, 28)
[2023-10-04 19:47:28,327][root][INFO] - task 5 :(128, 1, 28, 28)
[2023-10-04 19:47:28,347][root][INFO] - task 6 :(128, 1, 28, 28)
[2023-10-04 19:47:28,375][root][INFO] - task 7 :(128, 1, 28, 28)
[2023-10-04 19:47:28,395][root][INFO] - task 8 :(128, 1, 28, 28)
[2023-10-04 19:47:28,416][root][INFO] - task 9 :(128, 1, 28, 28)
[2023-10-04 19:47:28,520][root][INFO] - Class sequence: [4 2 1 0 2 3 0 5 0 1 0 3 9 6 5 6 6 5 5 3]
[2023-10-04 19:47:28,538][root][INFO] - task 0 :(128, 1, 28, 28)
[2023-10-04 19:47:28,560][root][INFO] - task 1 :(128, 1, 28, 28)
[2023-10-04 19:47:28,580][root][INFO] - task 2 :(128, 1, 28, 28)
[2023-10-04 19:47:28,609][root][INFO] - task 3 :(128, 1, 28, 28)
[2023-10-04 19:47:28,639][root][INFO] - task 4 :(128, 1, 28, 28)
[2023-10-04 19:47:28,670][root][INFO] - task 5 :(128, 1, 28, 28)
[2023-10-04 19:47:28,691][root][INFO] - task 6 :(128, 1, 28, 28)
[2023-10-04 19:47:28,719][root][INFO] - task 7 :(128, 1, 28, 28)
[2023-10-04 19:47:28,746][root][INFO] - task 8 :(128, 1, 28, 28)
[2023-10-04 19:47:28,766][root][INFO] - task 9 :(128, 1, 28, 28)
[2023-10-04 19:47:28,873][root][INFO] - Class sequence: [9 3 3 5 1 9 4 5 9 7 0 9 6 0 0 6 8 5 5 4]
[2023-10-04 19:47:28,892][root][INFO] - task 0 :(128, 1, 28, 28)
[2023-10-04 19:47:28,913][root][INFO] - task 1 :(128, 1, 28, 28)
[2023-10-04 19:47:28,938][root][INFO] - task 2 :(128, 1, 28, 28)
[2023-10-04 19:47:28,958][root][INFO] - task 3 :(128, 1, 28, 28)
[2023-10-04 19:47:28,979][root][INFO] - task 4 :(128, 1, 28, 28)
[2023-10-04 19:47:28,999][root][INFO] - task 5 :(128, 1, 28, 28)
[2023-10-04 19:47:29,018][root][INFO] - task 6 :(128, 1, 28, 28)
[2023-10-04 19:47:29,039][root][INFO] - task 7 :(128, 1, 28, 28)
[2023-10-04 19:47:29,095][root][INFO] - task 8 :(128, 1, 28, 28)
[2023-10-04 19:47:29,128][root][INFO] - task 9 :(128, 1, 28, 28)
[2023-10-04 19:47:29,232][root][INFO] - Class sequence: [3 4 6 0 2 9 9 2 4 5 8 0 6 4 3 9 7 0 6 0]
[2023-10-04 19:47:29,248][root][INFO] - task 0 :(128, 1, 28, 28)
[2023-10-04 19:47:29,269][root][INFO] - task 1 :(128, 1, 28, 28)
[2023-10-04 19:47:29,290][root][INFO] - task 2 :(128, 1, 28, 28)
[2023-10-04 19:47:29,311][root][INFO] - task 3 :(128, 1, 28, 28)
[2023-10-04 19:47:29,330][root][INFO] - task 4 :(128, 1, 28, 28)
[2023-10-04 19:47:29,355][root][INFO] - task 5 :(128, 1, 28, 28)
[2023-10-04 19:47:29,376][root][INFO] - task 6 :(128, 1, 28, 28)
[2023-10-04 19:47:29,396][root][INFO] - task 7 :(128, 1, 28, 28)
[2023-10-04 19:47:29,415][root][INFO] - task 8 :(128, 1, 28, 28)
[2023-10-04 19:47:29,435][root][INFO] - task 9 :(128, 1, 28, 28)
[2023-10-04 19:47:29,538][root][INFO] - Class sequence: [6 9 9 3 1 5 3 8 8 9 0 4 5 4 2 9 0 8 7 6]
[2023-10-04 19:47:29,556][root][INFO] - task 0 :(128, 1, 28, 28)
[2023-10-04 19:47:29,577][root][INFO] - task 1 :(128, 1, 28, 28)
[2023-10-04 19:47:29,596][root][INFO] - task 2 :(128, 1, 28, 28)
[2023-10-04 19:47:29,616][root][INFO] - task 3 :(128, 1, 28, 28)
[2023-10-04 19:47:29,636][root][INFO] - task 4 :(128, 1, 28, 28)
[2023-10-04 19:47:29,656][root][INFO] - task 5 :(128, 1, 28, 28)
[2023-10-04 19:47:29,676][root][INFO] - task 6 :(128, 1, 28, 28)
[2023-10-04 19:47:29,696][root][INFO] - task 7 :(128, 1, 28, 28)
[2023-10-04 19:47:29,715][root][INFO] - task 8 :(128, 1, 28, 28)
[2023-10-04 19:47:29,735][root][INFO] - task 9 :(128, 1, 28, 28)
[2023-10-04 19:47:29,838][root][INFO] - Class sequence: [9 5 0 8 1 3 6 8 2 9 3 0 2 0 0 7 9 6 5 8]
[2023-10-04 19:47:29,855][root][INFO] - task 0 :(128, 1, 28, 28)
[2023-10-04 19:47:29,874][root][INFO] - task 1 :(128, 1, 28, 28)
[2023-10-04 19:47:29,903][root][INFO] - task 2 :(128, 1, 28, 28)
[2023-10-04 19:47:29,923][root][INFO] - task 3 :(128, 1, 28, 28)
[2023-10-04 19:47:29,943][root][INFO] - task 4 :(128, 1, 28, 28)
[2023-10-04 19:47:29,969][root][INFO] - task 5 :(128, 1, 28, 28)
[2023-10-04 19:47:29,995][root][INFO] - task 6 :(128, 1, 28, 28)
[2023-10-04 19:47:30,015][root][INFO] - task 7 :(128, 1, 28, 28)
[2023-10-04 19:47:30,038][root][INFO] - task 8 :(128, 1, 28, 28)
[2023-10-04 19:47:30,063][root][INFO] - task 9 :(128, 1, 28, 28)
[2023-10-04 19:47:30,173][root][INFO] - Class sequence: [6 0 8 2 8 1 3 7 3 8 1 5 9 1 2 8 9 3 1 4]
[2023-10-04 19:47:30,191][root][INFO] - task 0 :(128, 1, 28, 28)
[2023-10-04 19:47:30,212][root][INFO] - task 1 :(128, 1, 28, 28)
[2023-10-04 19:47:30,230][root][INFO] - task 2 :(128, 1, 28, 28)
[2023-10-04 19:47:30,258][root][INFO] - task 3 :(128, 1, 28, 28)
[2023-10-04 19:47:30,282][root][INFO] - task 4 :(128, 1, 28, 28)
[2023-10-04 19:47:30,309][root][INFO] - task 5 :(128, 1, 28, 28)
[2023-10-04 19:47:30,334][root][INFO] - task 6 :(128, 1, 28, 28)
[2023-10-04 19:47:30,354][root][INFO] - task 7 :(128, 1, 28, 28)
[2023-10-04 19:47:30,380][root][INFO] - task 8 :(128, 1, 28, 28)
[2023-10-04 19:47:30,407][root][INFO] - task 9 :(128, 1, 28, 28)
i_size 28
num_classes 2
net_cfg {'name': 'mlp', 'depth': 4, 'layer_size': 64, 'dropout': 0.0, 'i_size': 28, 'num_classes': 2, 'num_tasks': 10, 'num_init_tasks': 4, 'use_contrastive': True}
<class 'shell.learners.er_nocomponents.NoComponentsER'>
[2023-10-04 19:47:30,438][root][INFO] - No. gpus per agent: 0.25
2023-10-04 19:47:33,375	INFO worker.py:1544 -- Started a local Ray instance. View the dashboard at [1m[32m127.0.0.1:8265 [39m[22m
[2m[36m(ParallelAgent pid=2047677)[0m INFO:root:Agent: node_id: 0, seed: 5
[2m[36m(ParallelAgent pid=2047678)[0m INFO:root:Agent: node_id: 1, seed: 1005
[2m[36m(ParallelAgent pid=2047679)[0m INFO:root:Agent: node_id: 2, seed: 2005
[2m[36m(ParallelAgent pid=2047680)[0m INFO:root:Agent: node_id: 3, seed: 3005
[2m[36m(ParallelAgent pid=2047739)[0m INFO:root:Agent: node_id: 4, seed: 4005
[2m[36m(ParallelAgent pid=2047742)[0m INFO:root:Agent: node_id: 5, seed: 5005
[2m[36m(ParallelAgent pid=2047868)[0m INFO:root:Agent: node_id: 6, seed: 6005
[2m[36m(ParallelAgent pid=2048109)[0m INFO:root:Agent: node_id: 7, seed: 7005
[2023-10-04 19:47:51,467][root][INFO] - Created fleet with 8 agents
[2023-10-04 19:47:51,468][root][INFO] - Adding neighbors...
[2023-10-04 19:47:51,476][root][INFO] - Fleet initialized
Error executing job with overrides: ['algo=monolithic', 'agent.batch_size=64', 'seed=5', 'parallel=True', 'num_agents=8', 'dataset=fashionmnist', 'dataset.num_trains_per_class=64', 'dataset.num_vals_per_class=50', 'dataset.remap_labels=True', 'dataset.with_replacement=True', 'dataset.num_tasks=10', 'net=mlp', 'net.depth=4', 'num_init_tasks=4', 'net.dropout=0.0', 'train.num_epochs=100', 'train.component_update_freq=100', 'train.init_num_epochs=100', 'train.init_component_update_freq=100', 'train.save_freq=20', 'agent.use_contrastive=True', 'agent.memory_size=32', 'root_save_dir=experiment_results/vanilla_fix_bug_compute_loss_encodev2', 'train=monolithic', 'job_name=fashionmnist_monolithic_numtrain_64_contrastive']
Traceback (most recent call last):
  File "/home/vlongle/learning-hive/experiments/run.py", line 41, in main
    fleet.train_and_comm(task_id)
  File "/home/vlongle/learning-hive/src/shell/fleet/fleet.py", line 274, in train_and_comm
    ray.get([agent.train.remote(task_id, start_epoch, self.comm_freq) for agent in self.agents])
  File "/mnt/kostas-graid/sw/envs/vlongle/miniconda3/envs/shell/lib/python3.10/site-packages/ray/_private/client_mode_hook.py", line 105, in wrapper
    return func(*args, **kwargs)
  File "/mnt/kostas-graid/sw/envs/vlongle/miniconda3/envs/shell/lib/python3.10/site-packages/ray/_private/worker.py", line 2380, in get
    raise value.as_instanceof_cause()
ray.exceptions.RayTaskError(AttributeError): [36mray::ParallelAgent.train()[39m (pid=2048109, ip=192.168.141.63, repr=<shell.fleet.fleet.ParallelAgent object at 0x7ef0ea9aeb90>)
  File "/home/vlongle/learning-hive/src/shell/fleet/fleet.py", line 97, in train
    self.agent.train(trainloader, task_id, testloaders=testloaders,
  File "/home/vlongle/learning-hive/src/shell/learners/er_nocomponents.py", line 36, in train
    self.save_data(start_epoch, task_id, testloaders,
  File "/home/vlongle/learning-hive/src/shell/learners/base_learning_classes.py", line 226, in save_data
    self.test_loss, self.test_acc = self.evaluate(testloaders, mode=mode)
  File "/home/vlongle/learning-hive/src/shell/learners/base_learning_classes.py", line 198, in evaluate
    l += self.compute_loss(X, Y, task, mode='ce').item()
  File "/home/vlongle/learning-hive/src/shell/learners/base_learning_classes.py", line 140, in compute_loss
    return self.compute_cross_entropy_loss(X, Y, task_id, detach=False)
  File "/home/vlongle/learning-hive/src/shell/learners/base_learning_classes.py", line 109, in compute_cross_entropy_loss
    X_encode = self.net.encodev2(X, task_id)
  File "/mnt/kostas-graid/sw/envs/vlongle/miniconda3/envs/shell/lib/python3.10/site-packages/torch/nn/modules/module.py", line 1614, in __getattr__
    raise AttributeError("'{}' object has no attribute '{}'".format(
AttributeError: 'MLP' object has no attribute 'encodev2'

Set the environment variable HYDRA_FULL_ERROR=1 for a complete stack trace.
/mnt/kostas-graid/sw/envs/vlongle/miniconda3/envs/shell/lib/python3.10/site-packages/hydra/_internal/defaults_list.py:251: UserWarning: In 'config': Defaults list is missing `_self_`. See https://hydra.cc/docs/1.2/upgrades/1.0_to_1.1/default_composition_order for more information
  warnings.warn(msg, UserWarning)
{'train': {'component_update_freq': 100, 'num_epochs': 100, 'init_component_update_freq': 100, 'init_num_epochs': 100, 'save_freq': 20}, 'dataset': {'dataset_name': 'fashionmnist', 'num_tasks': 10, 'num_classes_per_task': 2, 'with_replacement': True, 'num_trains_per_class': 64, 'num_vals_per_class': 50, 'remap_labels': True}, 'net': {'name': 'mlp', 'depth': 4, 'layer_size': 64, 'dropout': 0.0}, 'sharing_strategy': {'name': 'no_sharing', 'num_coms_per_round': 0}, 'seed': 5, 'algo': 'modular', 'job_name': 'fashionmnist_modular_numtrain_64_contrastive', 'num_agents': 8, 'root_save_dir': 'experiment_results/vanilla_fix_bug_compute_loss_encodev2', 'parallel': True, 'num_init_tasks': 4, 'agent': {'save_dir': '${root_save_dir}/${job_name}/${dataset.dataset_name}/${algo}/seed_${seed}', 'batch_size': 64, 'memory_size': 32, 'improvement_threshold': 0.05, 'use_contrastive': True}}
[2023-10-04 19:48:03,253][root][INFO] - Class sequence: [1 8 2 9 1 3 7 6 5 0 6 9 6 9 0 2 5 6 6 5]
[2023-10-04 19:48:03,273][root][INFO] - task 0 :(128, 1, 28, 28)
[2023-10-04 19:48:03,334][root][INFO] - task 1 :(128, 1, 28, 28)
[2023-10-04 19:48:03,364][root][INFO] - task 2 :(128, 1, 28, 28)
[2023-10-04 19:48:03,388][root][INFO] - task 3 :(128, 1, 28, 28)
[2023-10-04 19:48:03,421][root][INFO] - task 4 :(128, 1, 28, 28)
[2023-10-04 19:48:03,450][root][INFO] - task 5 :(128, 1, 28, 28)
[2023-10-04 19:48:03,472][root][INFO] - task 6 :(128, 1, 28, 28)
[2023-10-04 19:48:03,497][root][INFO] - task 7 :(128, 1, 28, 28)
[2023-10-04 19:48:03,518][root][INFO] - task 8 :(128, 1, 28, 28)
[2023-10-04 19:48:03,547][root][INFO] - task 9 :(128, 1, 28, 28)
[2023-10-04 19:48:03,656][root][INFO] - Class sequence: [7 3 8 1 3 7 0 8 9 7 1 7 2 4 7 3 3 1 0 9]
[2023-10-04 19:48:03,675][root][INFO] - task 0 :(128, 1, 28, 28)
[2023-10-04 19:48:03,703][root][INFO] - task 1 :(128, 1, 28, 28)
[2023-10-04 19:48:03,727][root][INFO] - task 2 :(128, 1, 28, 28)
[2023-10-04 19:48:03,750][root][INFO] - task 3 :(128, 1, 28, 28)
[2023-10-04 19:48:03,775][root][INFO] - task 4 :(128, 1, 28, 28)
[2023-10-04 19:48:03,800][root][INFO] - task 5 :(128, 1, 28, 28)
[2023-10-04 19:48:03,822][root][INFO] - task 6 :(128, 1, 28, 28)
[2023-10-04 19:48:03,849][root][INFO] - task 7 :(128, 1, 28, 28)
[2023-10-04 19:48:03,875][root][INFO] - task 8 :(128, 1, 28, 28)
[2023-10-04 19:48:03,895][root][INFO] - task 9 :(128, 1, 28, 28)
[2023-10-04 19:48:04,014][root][INFO] - Class sequence: [4 2 1 0 2 3 0 5 0 1 0 3 9 6 5 6 6 5 5 3]
[2023-10-04 19:48:04,033][root][INFO] - task 0 :(128, 1, 28, 28)
[2023-10-04 19:48:04,058][root][INFO] - task 1 :(128, 1, 28, 28)
[2023-10-04 19:48:04,084][root][INFO] - task 2 :(128, 1, 28, 28)
[2023-10-04 19:48:04,105][root][INFO] - task 3 :(128, 1, 28, 28)
[2023-10-04 19:48:04,130][root][INFO] - task 4 :(128, 1, 28, 28)
[2023-10-04 19:48:04,150][root][INFO] - task 5 :(128, 1, 28, 28)
[2023-10-04 19:48:04,177][root][INFO] - task 6 :(128, 1, 28, 28)
[2023-10-04 19:48:04,203][root][INFO] - task 7 :(128, 1, 28, 28)
[2023-10-04 19:48:04,223][root][INFO] - task 8 :(128, 1, 28, 28)
[2023-10-04 19:48:04,243][root][INFO] - task 9 :(128, 1, 28, 28)
[2023-10-04 19:48:04,348][root][INFO] - Class sequence: [9 3 3 5 1 9 4 5 9 7 0 9 6 0 0 6 8 5 5 4]
[2023-10-04 19:48:04,367][root][INFO] - task 0 :(128, 1, 28, 28)
[2023-10-04 19:48:04,388][root][INFO] - task 1 :(128, 1, 28, 28)
[2023-10-04 19:48:04,407][root][INFO] - task 2 :(128, 1, 28, 28)
[2023-10-04 19:48:04,426][root][INFO] - task 3 :(128, 1, 28, 28)
[2023-10-04 19:48:04,447][root][INFO] - task 4 :(128, 1, 28, 28)
[2023-10-04 19:48:04,466][root][INFO] - task 5 :(128, 1, 28, 28)
[2023-10-04 19:48:04,540][root][INFO] - task 6 :(128, 1, 28, 28)
[2023-10-04 19:48:04,560][root][INFO] - task 7 :(128, 1, 28, 28)
[2023-10-04 19:48:04,581][root][INFO] - task 8 :(128, 1, 28, 28)
[2023-10-04 19:48:04,608][root][INFO] - task 9 :(128, 1, 28, 28)
[2023-10-04 19:48:04,715][root][INFO] - Class sequence: [3 4 6 0 2 9 9 2 4 5 8 0 6 4 3 9 7 0 6 0]
[2023-10-04 19:48:04,732][root][INFO] - task 0 :(128, 1, 28, 28)
[2023-10-04 19:48:04,753][root][INFO] - task 1 :(128, 1, 28, 28)
[2023-10-04 19:48:04,773][root][INFO] - task 2 :(128, 1, 28, 28)
[2023-10-04 19:48:04,800][root][INFO] - task 3 :(128, 1, 28, 28)
[2023-10-04 19:48:04,825][root][INFO] - task 4 :(128, 1, 28, 28)
[2023-10-04 19:48:04,845][root][INFO] - task 5 :(128, 1, 28, 28)
[2023-10-04 19:48:04,872][root][INFO] - task 6 :(128, 1, 28, 28)
[2023-10-04 19:48:04,893][root][INFO] - task 7 :(128, 1, 28, 28)
[2023-10-04 19:48:04,919][root][INFO] - task 8 :(128, 1, 28, 28)
[2023-10-04 19:48:04,946][root][INFO] - task 9 :(128, 1, 28, 28)
[2023-10-04 19:48:05,058][root][INFO] - Class sequence: [6 9 9 3 1 5 3 8 8 9 0 4 5 4 2 9 0 8 7 6]
[2023-10-04 19:48:05,077][root][INFO] - task 0 :(128, 1, 28, 28)
[2023-10-04 19:48:05,098][root][INFO] - task 1 :(128, 1, 28, 28)
[2023-10-04 19:48:05,118][root][INFO] - task 2 :(128, 1, 28, 28)
[2023-10-04 19:48:05,140][root][INFO] - task 3 :(128, 1, 28, 28)
[2023-10-04 19:48:05,166][root][INFO] - task 4 :(128, 1, 28, 28)
[2023-10-04 19:48:05,188][root][INFO] - task 5 :(128, 1, 28, 28)
[2023-10-04 19:48:05,213][root][INFO] - task 6 :(128, 1, 28, 28)
[2023-10-04 19:48:05,240][root][INFO] - task 7 :(128, 1, 28, 28)
[2023-10-04 19:48:05,266][root][INFO] - task 8 :(128, 1, 28, 28)
[2023-10-04 19:48:05,293][root][INFO] - task 9 :(128, 1, 28, 28)
[2023-10-04 19:48:05,403][root][INFO] - Class sequence: [9 5 0 8 1 3 6 8 2 9 3 0 2 0 0 7 9 6 5 8]
[2023-10-04 19:48:05,421][root][INFO] - task 0 :(128, 1, 28, 28)
[2023-10-04 19:48:05,446][root][INFO] - task 1 :(128, 1, 28, 28)
[2023-10-04 19:48:05,473][root][INFO] - task 2 :(128, 1, 28, 28)
[2023-10-04 19:48:05,500][root][INFO] - task 3 :(128, 1, 28, 28)
[2023-10-04 19:48:05,526][root][INFO] - task 4 :(128, 1, 28, 28)
[2023-10-04 19:48:05,553][root][INFO] - task 5 :(128, 1, 28, 28)
[2023-10-04 19:48:05,578][root][INFO] - task 6 :(128, 1, 28, 28)
[2023-10-04 19:48:05,599][root][INFO] - task 7 :(128, 1, 28, 28)
[2023-10-04 19:48:05,618][root][INFO] - task 8 :(128, 1, 28, 28)
[2023-10-04 19:48:05,639][root][INFO] - task 9 :(128, 1, 28, 28)
[2023-10-04 19:48:05,743][root][INFO] - Class sequence: [6 0 8 2 8 1 3 7 3 8 1 5 9 1 2 8 9 3 1 4]
[2023-10-04 19:48:05,761][root][INFO] - task 0 :(128, 1, 28, 28)
[2023-10-04 19:48:05,783][root][INFO] - task 1 :(128, 1, 28, 28)
[2023-10-04 19:48:05,808][root][INFO] - task 2 :(128, 1, 28, 28)
[2023-10-04 19:48:05,829][root][INFO] - task 3 :(128, 1, 28, 28)
[2023-10-04 19:48:05,849][root][INFO] - task 4 :(128, 1, 28, 28)
[2023-10-04 19:48:05,876][root][INFO] - task 5 :(128, 1, 28, 28)
[2023-10-04 19:48:05,895][root][INFO] - task 6 :(128, 1, 28, 28)
[2023-10-04 19:48:05,922][root][INFO] - task 7 :(128, 1, 28, 28)
[2023-10-04 19:48:05,943][root][INFO] - task 8 :(128, 1, 28, 28)
[2023-10-04 19:48:05,970][root][INFO] - task 9 :(128, 1, 28, 28)
i_size 28
num_classes 2
net_cfg {'name': 'mlp', 'depth': 4, 'layer_size': 64, 'dropout': 0.0, 'i_size': 28, 'num_classes': 2, 'num_tasks': 10, 'num_init_tasks': 4, 'use_contrastive': True}
<class 'shell.learners.er_dynamic.CompositionalDynamicER'>
[2023-10-04 19:48:06,023][root][INFO] - No. gpus per agent: 0.25
2023-10-04 19:48:08,301	INFO worker.py:1544 -- Started a local Ray instance. View the dashboard at [1m[32m127.0.0.1:8265 [39m[22m
[2m[36m(ParallelAgent pid=2125808)[0m INFO:root:Agent: node_id: 0, seed: 5
[2m[36m(ParallelAgent pid=2125809)[0m INFO:root:Agent: node_id: 1, seed: 1005
[2m[36m(ParallelAgent pid=2125825)[0m INFO:root:Agent: node_id: 2, seed: 2005
[2m[36m(ParallelAgent pid=2125826)[0m INFO:root:Agent: node_id: 3, seed: 3005
[2m[36m(ParallelAgent pid=2125827)[0m INFO:root:Agent: node_id: 4, seed: 4005
[2m[36m(ParallelAgent pid=2125951)[0m INFO:root:Agent: node_id: 5, seed: 5005
[2m[36m(ParallelAgent pid=2126048)[0m INFO:root:Agent: node_id: 6, seed: 6005
[2m[36m(ParallelAgent pid=2126198)[0m INFO:root:Agent: node_id: 7, seed: 7005
[2023-10-04 19:48:26,393][root][INFO] - Created fleet with 8 agents
[2023-10-04 19:48:26,394][root][INFO] - Adding neighbors...
[2023-10-04 19:48:26,403][root][INFO] - Fleet initialized
Error executing job with overrides: ['algo=modular', 'agent.batch_size=64', 'seed=5', 'parallel=True', 'num_agents=8', 'dataset=fashionmnist', 'dataset.num_trains_per_class=64', 'dataset.num_vals_per_class=50', 'dataset.remap_labels=True', 'dataset.with_replacement=True', 'dataset.num_tasks=10', 'net=mlp', 'net.depth=4', 'num_init_tasks=4', 'net.dropout=0.0', 'train.num_epochs=100', 'train.component_update_freq=100', 'train.init_num_epochs=100', 'train.init_component_update_freq=100', 'train.save_freq=20', 'agent.use_contrastive=True', 'agent.memory_size=32', 'root_save_dir=experiment_results/vanilla_fix_bug_compute_loss_encodev2', 'train=modular', 'job_name=fashionmnist_modular_numtrain_64_contrastive']
Traceback (most recent call last):
  File "/home/vlongle/learning-hive/experiments/run.py", line 41, in main
    fleet.train_and_comm(task_id)
  File "/home/vlongle/learning-hive/src/shell/fleet/fleet.py", line 274, in train_and_comm
    ray.get([agent.train.remote(task_id, start_epoch, self.comm_freq) for agent in self.agents])
  File "/mnt/kostas-graid/sw/envs/vlongle/miniconda3/envs/shell/lib/python3.10/site-packages/ray/_private/client_mode_hook.py", line 105, in wrapper
    return func(*args, **kwargs)
  File "/mnt/kostas-graid/sw/envs/vlongle/miniconda3/envs/shell/lib/python3.10/site-packages/ray/_private/worker.py", line 2380, in get
    raise value.as_instanceof_cause()
ray.exceptions.RayTaskError(AttributeError): [36mray::ParallelAgent.train()[39m (pid=2125827, ip=192.168.141.63, repr=<shell.fleet.fleet.ParallelAgent object at 0x7ee98be92bc0>)
  File "/home/vlongle/learning-hive/src/shell/fleet/fleet.py", line 97, in train
    self.agent.train(trainloader, task_id, testloaders=testloaders,
  File "/home/vlongle/learning-hive/src/shell/learners/base_learning_classes.py", line 293, in train
    self.save_data(start_epoch, task_id, testloaders, mode=train_mode)
  File "/home/vlongle/learning-hive/src/shell/learners/base_learning_classes.py", line 515, in save_data
    super().save_data(epoch, task_id, testloaders,
  File "/home/vlongle/learning-hive/src/shell/learners/base_learning_classes.py", line 226, in save_data
    self.test_loss, self.test_acc = self.evaluate(testloaders, mode=mode)
  File "/home/vlongle/learning-hive/src/shell/learners/base_learning_classes.py", line 477, in evaluate
    l += self.compute_loss(X, Y, task, mode='ce').item()
  File "/home/vlongle/learning-hive/src/shell/learners/base_learning_classes.py", line 140, in compute_loss
    return self.compute_cross_entropy_loss(X, Y, task_id, detach=False)
  File "/home/vlongle/learning-hive/src/shell/learners/base_learning_classes.py", line 109, in compute_cross_entropy_loss
    X_encode = self.net.encodev2(X, task_id)
  File "/mnt/kostas-graid/sw/envs/vlongle/miniconda3/envs/shell/lib/python3.10/site-packages/torch/nn/modules/module.py", line 1614, in __getattr__
    raise AttributeError("'{}' object has no attribute '{}'".format(
AttributeError: 'MLPSoftLLDynamic' object has no attribute 'encodev2'

Set the environment variable HYDRA_FULL_ERROR=1 for a complete stack trace.
{'algo': ['monolithic', 'modular'], 'agent.batch_size': 64, 'seed': 5, 'parallel': True, 'num_agents': 8, 'dataset': 'fashionmnist', 'dataset.num_trains_per_class': 64, 'dataset.num_vals_per_class': 50, 'dataset.remap_labels': True, 'dataset.with_replacement': True, 'dataset.num_tasks': 10, 'net': 'mlp', 'net.depth': 4, 'num_init_tasks': 4, 'net.dropout': 0.0, 'train.num_epochs': 100, 'train.component_update_freq': 100, 'train.init_num_epochs': 100, 'train.init_component_update_freq': 100, 'train.save_freq': 20, 'agent.use_contrastive': True, 'agent.memory_size': 32, 'root_save_dir': 'experiment_results/vanilla_fix_bug_compute_loss_encodev2'}
No. of experiments: 2
Experiment runs took 0:01:10.070292
