/mnt/kostas-graid/sw/envs/vlongle/miniconda3/envs/shell/lib/python3.10/site-packages/hydra/_internal/defaults_list.py:251: UserWarning: In 'config': Defaults list is missing `_self_`. See https://hydra.cc/docs/1.2/upgrades/1.0_to_1.1/default_composition_order for more information
  warnings.warn(msg, UserWarning)
{'train': {'component_update_freq': 100, 'num_epochs': 100, 'init_component_update_freq': 100, 'init_num_epochs': 100, 'save_freq': 20}, 'dataset': {'dataset_name': 'fashionmnist', 'num_tasks': 10, 'num_classes_per_task': 2, 'with_replacement': True, 'num_trains_per_class': 64, 'num_vals_per_class': 50, 'remap_labels': True}, 'net': {'name': 'mlp', 'depth': 4, 'layer_size': 64, 'dropout': 0.0}, 'sharing_strategy': {'name': 'no_sharing', 'num_coms_per_round': 0}, 'seed': 7, 'algo': 'monolithic', 'job_name': 'fashionmnist_monolithic_numtrain_64_contrastive', 'num_agents': 8, 'root_save_dir': 'experiment_results/vanilla_fix_bug_compute_loss_encodev2', 'parallel': True, 'num_init_tasks': 4, 'agent': {'save_dir': '${root_save_dir}/${job_name}/${dataset.dataset_name}/${algo}/seed_${seed}', 'batch_size': 64, 'memory_size': 32, 'improvement_threshold': 0.05, 'use_contrastive': True}}
[2023-10-04 19:38:59,378][root][INFO] - Class sequence: [9 5 2 9 1 2 0 1 7 2 3 6 1 3 6 4 3 5 9 2]
[2023-10-04 19:38:59,398][root][INFO] - task 0 :(128, 1, 28, 28)
[2023-10-04 19:38:59,451][root][INFO] - task 1 :(128, 1, 28, 28)
[2023-10-04 19:38:59,472][root][INFO] - task 2 :(128, 1, 28, 28)
[2023-10-04 19:38:59,493][root][INFO] - task 3 :(128, 1, 28, 28)
[2023-10-04 19:38:59,514][root][INFO] - task 4 :(128, 1, 28, 28)
[2023-10-04 19:38:59,535][root][INFO] - task 5 :(128, 1, 28, 28)
[2023-10-04 19:38:59,556][root][INFO] - task 6 :(128, 1, 28, 28)
[2023-10-04 19:38:59,576][root][INFO] - task 7 :(128, 1, 28, 28)
[2023-10-04 19:38:59,597][root][INFO] - task 8 :(128, 1, 28, 28)
[2023-10-04 19:38:59,618][root][INFO] - task 9 :(128, 1, 28, 28)
[2023-10-04 19:38:59,722][root][INFO] - Class sequence: [3 9 9 5 7 2 9 6 0 7 4 5 2 1 3 9 9 4 6 5]
[2023-10-04 19:38:59,740][root][INFO] - task 0 :(128, 1, 28, 28)
[2023-10-04 19:38:59,760][root][INFO] - task 1 :(128, 1, 28, 28)
[2023-10-04 19:38:59,782][root][INFO] - task 2 :(128, 1, 28, 28)
[2023-10-04 19:38:59,803][root][INFO] - task 3 :(128, 1, 28, 28)
[2023-10-04 19:38:59,824][root][INFO] - task 4 :(128, 1, 28, 28)
[2023-10-04 19:38:59,843][root][INFO] - task 5 :(128, 1, 28, 28)
[2023-10-04 19:38:59,863][root][INFO] - task 6 :(128, 1, 28, 28)
[2023-10-04 19:38:59,887][root][INFO] - task 7 :(128, 1, 28, 28)
[2023-10-04 19:38:59,914][root][INFO] - task 8 :(128, 1, 28, 28)
[2023-10-04 19:38:59,933][root][INFO] - task 9 :(128, 1, 28, 28)
[2023-10-04 19:39:00,036][root][INFO] - Class sequence: [0 7 3 9 2 4 5 8 9 5 9 7 8 2 4 2 6 3 2 5]
[2023-10-04 19:39:00,054][root][INFO] - task 0 :(128, 1, 28, 28)
[2023-10-04 19:39:00,074][root][INFO] - task 1 :(128, 1, 28, 28)
[2023-10-04 19:39:00,095][root][INFO] - task 2 :(128, 1, 28, 28)
[2023-10-04 19:39:00,121][root][INFO] - task 3 :(128, 1, 28, 28)
[2023-10-04 19:39:00,142][root][INFO] - task 4 :(128, 1, 28, 28)
[2023-10-04 19:39:00,167][root][INFO] - task 5 :(128, 1, 28, 28)
[2023-10-04 19:39:00,189][root][INFO] - task 6 :(128, 1, 28, 28)
[2023-10-04 19:39:00,212][root][INFO] - task 7 :(128, 1, 28, 28)
[2023-10-04 19:39:00,236][root][INFO] - task 8 :(128, 1, 28, 28)
[2023-10-04 19:39:00,256][root][INFO] - task 9 :(128, 1, 28, 28)
[2023-10-04 19:39:00,362][root][INFO] - Class sequence: [4 0 0 5 4 7 2 7 4 2 0 1 1 2 9 8 9 3 6 9]
[2023-10-04 19:39:00,380][root][INFO] - task 0 :(128, 1, 28, 28)
[2023-10-04 19:39:00,400][root][INFO] - task 1 :(128, 1, 28, 28)
[2023-10-04 19:39:00,429][root][INFO] - task 2 :(128, 1, 28, 28)
[2023-10-04 19:39:00,450][root][INFO] - task 3 :(128, 1, 28, 28)
[2023-10-04 19:39:00,471][root][INFO] - task 4 :(128, 1, 28, 28)
[2023-10-04 19:39:00,491][root][INFO] - task 5 :(128, 1, 28, 28)
[2023-10-04 19:39:00,511][root][INFO] - task 6 :(128, 1, 28, 28)
[2023-10-04 19:39:00,531][root][INFO] - task 7 :(128, 1, 28, 28)
[2023-10-04 19:39:00,551][root][INFO] - task 8 :(128, 1, 28, 28)
[2023-10-04 19:39:00,575][root][INFO] - task 9 :(128, 1, 28, 28)
[2023-10-04 19:39:00,679][root][INFO] - Class sequence: [2 5 1 8 5 2 2 6 9 7 0 9 9 4 6 1 5 8 3 0]
[2023-10-04 19:39:00,697][root][INFO] - task 0 :(128, 1, 28, 28)
[2023-10-04 19:39:00,718][root][INFO] - task 1 :(128, 1, 28, 28)
[2023-10-04 19:39:00,744][root][INFO] - task 2 :(128, 1, 28, 28)
[2023-10-04 19:39:00,765][root][INFO] - task 3 :(128, 1, 28, 28)
[2023-10-04 19:39:00,785][root][INFO] - task 4 :(128, 1, 28, 28)
[2023-10-04 19:39:00,805][root][INFO] - task 5 :(128, 1, 28, 28)
[2023-10-04 19:39:00,825][root][INFO] - task 6 :(128, 1, 28, 28)
[2023-10-04 19:39:00,845][root][INFO] - task 7 :(128, 1, 28, 28)
[2023-10-04 19:39:00,865][root][INFO] - task 8 :(128, 1, 28, 28)
[2023-10-04 19:39:00,886][root][INFO] - task 9 :(128, 1, 28, 28)
[2023-10-04 19:39:00,991][root][INFO] - Class sequence: [1 8 4 6 8 2 7 5 0 4 3 0 5 2 9 3 0 9 2 8]
[2023-10-04 19:39:01,008][root][INFO] - task 0 :(128, 1, 28, 28)
[2023-10-04 19:39:01,028][root][INFO] - task 1 :(128, 1, 28, 28)
[2023-10-04 19:39:01,049][root][INFO] - task 2 :(128, 1, 28, 28)
[2023-10-04 19:39:01,071][root][INFO] - task 3 :(128, 1, 28, 28)
[2023-10-04 19:39:01,090][root][INFO] - task 4 :(128, 1, 28, 28)
[2023-10-04 19:39:01,111][root][INFO] - task 5 :(128, 1, 28, 28)
[2023-10-04 19:39:01,135][root][INFO] - task 6 :(128, 1, 28, 28)
[2023-10-04 19:39:01,164][root][INFO] - task 7 :(128, 1, 28, 28)
[2023-10-04 19:39:01,182][root][INFO] - task 8 :(128, 1, 28, 28)
[2023-10-04 19:39:01,203][root][INFO] - task 9 :(128, 1, 28, 28)
[2023-10-04 19:39:01,309][root][INFO] - Class sequence: [4 1 2 1 7 6 5 1 3 8 1 3 5 3 4 1 9 0 6 0]
[2023-10-04 19:39:01,327][root][INFO] - task 0 :(128, 1, 28, 28)
[2023-10-04 19:39:01,347][root][INFO] - task 1 :(128, 1, 28, 28)
[2023-10-04 19:39:01,370][root][INFO] - task 2 :(128, 1, 28, 28)
[2023-10-04 19:39:01,391][root][INFO] - task 3 :(128, 1, 28, 28)
[2023-10-04 19:39:01,413][root][INFO] - task 4 :(128, 1, 28, 28)
[2023-10-04 19:39:01,434][root][INFO] - task 5 :(128, 1, 28, 28)
[2023-10-04 19:39:01,454][root][INFO] - task 6 :(128, 1, 28, 28)
[2023-10-04 19:39:01,479][root][INFO] - task 7 :(128, 1, 28, 28)
[2023-10-04 19:39:01,499][root][INFO] - task 8 :(128, 1, 28, 28)
[2023-10-04 19:39:01,520][root][INFO] - task 9 :(128, 1, 28, 28)
[2023-10-04 19:39:01,625][root][INFO] - Class sequence: [2 0 7 9 4 7 7 9 1 9 5 6 4 0 7 1 6 0 8 0]
[2023-10-04 19:39:01,643][root][INFO] - task 0 :(128, 1, 28, 28)
[2023-10-04 19:39:01,664][root][INFO] - task 1 :(128, 1, 28, 28)
[2023-10-04 19:39:01,716][root][INFO] - task 2 :(128, 1, 28, 28)
[2023-10-04 19:39:01,767][root][INFO] - task 3 :(128, 1, 28, 28)
[2023-10-04 19:39:01,788][root][INFO] - task 4 :(128, 1, 28, 28)
[2023-10-04 19:39:01,806][root][INFO] - task 5 :(128, 1, 28, 28)
[2023-10-04 19:39:01,827][root][INFO] - task 6 :(128, 1, 28, 28)
[2023-10-04 19:39:01,847][root][INFO] - task 7 :(128, 1, 28, 28)
[2023-10-04 19:39:01,868][root][INFO] - task 8 :(128, 1, 28, 28)
[2023-10-04 19:39:01,888][root][INFO] - task 9 :(128, 1, 28, 28)
i_size 28
num_classes 2
net_cfg {'name': 'mlp', 'depth': 4, 'layer_size': 64, 'dropout': 0.0, 'i_size': 28, 'num_classes': 2, 'num_tasks': 10, 'num_init_tasks': 4, 'use_contrastive': True}
<class 'shell.learners.er_nocomponents.NoComponentsER'>
[2023-10-04 19:39:01,915][root][INFO] - No. gpus per agent: 0.25
2023-10-04 19:39:04,334	INFO worker.py:1544 -- Started a local Ray instance. View the dashboard at [1m[32m127.0.0.1:8265 [39m[22m
[2m[36m(ParallelAgent pid=1096025)[0m INFO:root:Agent: node_id: 1, seed: 1007
[2m[36m(ParallelAgent pid=1096024)[0m INFO:root:Agent: node_id: 0, seed: 7
[2m[36m(ParallelAgent pid=1096026)[0m INFO:root:Agent: node_id: 2, seed: 2007
[2m[36m(ParallelAgent pid=1096027)[0m INFO:root:Agent: node_id: 3, seed: 3007
[2m[36m(ParallelAgent pid=1096028)[0m INFO:root:Agent: node_id: 4, seed: 4007
[2m[36m(ParallelAgent pid=1096426)[0m INFO:root:Agent: node_id: 5, seed: 5007
[2m[36m(ParallelAgent pid=1096509)[0m INFO:root:Agent: node_id: 6, seed: 6007
[2m[36m(ParallelAgent pid=1096594)[0m INFO:root:Agent: node_id: 7, seed: 7007
[2023-10-04 19:39:23,418][root][INFO] - Created fleet with 8 agents
[2023-10-04 19:39:23,419][root][INFO] - Adding neighbors...
[2023-10-04 19:39:23,429][root][INFO] - Fleet initialized
Error executing job with overrides: ['algo=monolithic', 'agent.batch_size=64', 'seed=7', 'parallel=True', 'num_agents=8', 'dataset=fashionmnist', 'dataset.num_trains_per_class=64', 'dataset.num_vals_per_class=50', 'dataset.remap_labels=True', 'dataset.with_replacement=True', 'dataset.num_tasks=10', 'net=mlp', 'net.depth=4', 'num_init_tasks=4', 'net.dropout=0.0', 'train.num_epochs=100', 'train.component_update_freq=100', 'train.init_num_epochs=100', 'train.init_component_update_freq=100', 'train.save_freq=20', 'agent.use_contrastive=True', 'agent.memory_size=32', 'root_save_dir=experiment_results/vanilla_fix_bug_compute_loss_encodev2', 'train=monolithic', 'job_name=fashionmnist_monolithic_numtrain_64_contrastive']
Traceback (most recent call last):
  File "/home/vlongle/learning-hive/experiments/run.py", line 41, in main
    fleet.train_and_comm(task_id)
  File "/home/vlongle/learning-hive/src/shell/fleet/fleet.py", line 274, in train_and_comm
    ray.get([agent.train.remote(task_id, start_epoch, self.comm_freq) for agent in self.agents])
  File "/mnt/kostas-graid/sw/envs/vlongle/miniconda3/envs/shell/lib/python3.10/site-packages/ray/_private/client_mode_hook.py", line 105, in wrapper
    return func(*args, **kwargs)
  File "/mnt/kostas-graid/sw/envs/vlongle/miniconda3/envs/shell/lib/python3.10/site-packages/ray/_private/worker.py", line 2380, in get
    raise value.as_instanceof_cause()
ray.exceptions.RayTaskError(AttributeError): [36mray::ParallelAgent.train()[39m (pid=1096024, ip=192.168.141.55, repr=<shell.fleet.fleet.ParallelAgent object at 0x7f095c206b00>)
  File "/home/vlongle/learning-hive/src/shell/fleet/fleet.py", line 97, in train
    self.agent.train(trainloader, task_id, testloaders=testloaders,
  File "/home/vlongle/learning-hive/src/shell/learners/er_nocomponents.py", line 36, in train
    self.save_data(start_epoch, task_id, testloaders,
  File "/home/vlongle/learning-hive/src/shell/learners/base_learning_classes.py", line 226, in save_data
    self.test_loss, self.test_acc = self.evaluate(testloaders, mode=mode)
  File "/home/vlongle/learning-hive/src/shell/learners/base_learning_classes.py", line 198, in evaluate
    l += self.compute_loss(X, Y, task, mode='ce').item()
  File "/home/vlongle/learning-hive/src/shell/learners/base_learning_classes.py", line 140, in compute_loss
    return self.compute_cross_entropy_loss(X, Y, task_id, detach=False)
  File "/home/vlongle/learning-hive/src/shell/learners/base_learning_classes.py", line 109, in compute_cross_entropy_loss
    X_encode = self.net.encodev2(X, task_id)
  File "/mnt/kostas-graid/sw/envs/vlongle/miniconda3/envs/shell/lib/python3.10/site-packages/torch/nn/modules/module.py", line 1614, in __getattr__
    raise AttributeError("'{}' object has no attribute '{}'".format(
AttributeError: 'MLP' object has no attribute 'encodev2'

Set the environment variable HYDRA_FULL_ERROR=1 for a complete stack trace.
/mnt/kostas-graid/sw/envs/vlongle/miniconda3/envs/shell/lib/python3.10/site-packages/hydra/_internal/defaults_list.py:251: UserWarning: In 'config': Defaults list is missing `_self_`. See https://hydra.cc/docs/1.2/upgrades/1.0_to_1.1/default_composition_order for more information
  warnings.warn(msg, UserWarning)
{'train': {'component_update_freq': 100, 'num_epochs': 100, 'init_component_update_freq': 100, 'init_num_epochs': 100, 'save_freq': 20}, 'dataset': {'dataset_name': 'fashionmnist', 'num_tasks': 10, 'num_classes_per_task': 2, 'with_replacement': True, 'num_trains_per_class': 64, 'num_vals_per_class': 50, 'remap_labels': True}, 'net': {'name': 'mlp', 'depth': 4, 'layer_size': 64, 'dropout': 0.0}, 'sharing_strategy': {'name': 'no_sharing', 'num_coms_per_round': 0}, 'seed': 7, 'algo': 'modular', 'job_name': 'fashionmnist_modular_numtrain_64_contrastive', 'num_agents': 8, 'root_save_dir': 'experiment_results/vanilla_fix_bug_compute_loss_encodev2', 'parallel': True, 'num_init_tasks': 4, 'agent': {'save_dir': '${root_save_dir}/${job_name}/${dataset.dataset_name}/${algo}/seed_${seed}', 'batch_size': 64, 'memory_size': 32, 'improvement_threshold': 0.05, 'use_contrastive': True}}
[2023-10-04 19:39:36,012][root][INFO] - Class sequence: [9 5 2 9 1 2 0 1 7 2 3 6 1 3 6 4 3 5 9 2]
[2023-10-04 19:39:36,031][root][INFO] - task 0 :(128, 1, 28, 28)
[2023-10-04 19:39:36,083][root][INFO] - task 1 :(128, 1, 28, 28)
[2023-10-04 19:39:36,103][root][INFO] - task 2 :(128, 1, 28, 28)
[2023-10-04 19:39:36,125][root][INFO] - task 3 :(128, 1, 28, 28)
[2023-10-04 19:39:36,146][root][INFO] - task 4 :(128, 1, 28, 28)
[2023-10-04 19:39:36,173][root][INFO] - task 5 :(128, 1, 28, 28)
[2023-10-04 19:39:36,194][root][INFO] - task 6 :(128, 1, 28, 28)
[2023-10-04 19:39:36,214][root][INFO] - task 7 :(128, 1, 28, 28)
[2023-10-04 19:39:36,235][root][INFO] - task 8 :(128, 1, 28, 28)
[2023-10-04 19:39:36,255][root][INFO] - task 9 :(128, 1, 28, 28)
[2023-10-04 19:39:36,359][root][INFO] - Class sequence: [3 9 9 5 7 2 9 6 0 7 4 5 2 1 3 9 9 4 6 5]
[2023-10-04 19:39:36,376][root][INFO] - task 0 :(128, 1, 28, 28)
[2023-10-04 19:39:36,397][root][INFO] - task 1 :(128, 1, 28, 28)
[2023-10-04 19:39:36,420][root][INFO] - task 2 :(128, 1, 28, 28)
[2023-10-04 19:39:36,441][root][INFO] - task 3 :(128, 1, 28, 28)
[2023-10-04 19:39:36,462][root][INFO] - task 4 :(128, 1, 28, 28)
[2023-10-04 19:39:36,481][root][INFO] - task 5 :(128, 1, 28, 28)
[2023-10-04 19:39:36,501][root][INFO] - task 6 :(128, 1, 28, 28)
[2023-10-04 19:39:36,521][root][INFO] - task 7 :(128, 1, 28, 28)
[2023-10-04 19:39:36,542][root][INFO] - task 8 :(128, 1, 28, 28)
[2023-10-04 19:39:36,561][root][INFO] - task 9 :(128, 1, 28, 28)
[2023-10-04 19:39:36,665][root][INFO] - Class sequence: [0 7 3 9 2 4 5 8 9 5 9 7 8 2 4 2 6 3 2 5]
[2023-10-04 19:39:36,683][root][INFO] - task 0 :(128, 1, 28, 28)
[2023-10-04 19:39:36,704][root][INFO] - task 1 :(128, 1, 28, 28)
[2023-10-04 19:39:36,724][root][INFO] - task 2 :(128, 1, 28, 28)
[2023-10-04 19:39:36,744][root][INFO] - task 3 :(128, 1, 28, 28)
[2023-10-04 19:39:36,773][root][INFO] - task 4 :(128, 1, 28, 28)
[2023-10-04 19:39:36,793][root][INFO] - task 5 :(128, 1, 28, 28)
[2023-10-04 19:39:36,813][root][INFO] - task 6 :(128, 1, 28, 28)
[2023-10-04 19:39:36,833][root][INFO] - task 7 :(128, 1, 28, 28)
[2023-10-04 19:39:36,854][root][INFO] - task 8 :(128, 1, 28, 28)
[2023-10-04 19:39:36,881][root][INFO] - task 9 :(128, 1, 28, 28)
[2023-10-04 19:39:36,988][root][INFO] - Class sequence: [4 0 0 5 4 7 2 7 4 2 0 1 1 2 9 8 9 3 6 9]
[2023-10-04 19:39:37,007][root][INFO] - task 0 :(128, 1, 28, 28)
[2023-10-04 19:39:37,034][root][INFO] - task 1 :(128, 1, 28, 28)
[2023-10-04 19:39:37,054][root][INFO] - task 2 :(128, 1, 28, 28)
[2023-10-04 19:39:37,075][root][INFO] - task 3 :(128, 1, 28, 28)
[2023-10-04 19:39:37,096][root][INFO] - task 4 :(128, 1, 28, 28)
[2023-10-04 19:39:37,115][root][INFO] - task 5 :(128, 1, 28, 28)
[2023-10-04 19:39:37,136][root][INFO] - task 6 :(128, 1, 28, 28)
[2023-10-04 19:39:37,188][root][INFO] - task 7 :(128, 1, 28, 28)
[2023-10-04 19:39:37,219][root][INFO] - task 8 :(128, 1, 28, 28)
[2023-10-04 19:39:37,239][root][INFO] - task 9 :(128, 1, 28, 28)
[2023-10-04 19:39:37,344][root][INFO] - Class sequence: [2 5 1 8 5 2 2 6 9 7 0 9 9 4 6 1 5 8 3 0]
[2023-10-04 19:39:37,362][root][INFO] - task 0 :(128, 1, 28, 28)
[2023-10-04 19:39:37,382][root][INFO] - task 1 :(128, 1, 28, 28)
[2023-10-04 19:39:37,408][root][INFO] - task 2 :(128, 1, 28, 28)
[2023-10-04 19:39:37,429][root][INFO] - task 3 :(128, 1, 28, 28)
[2023-10-04 19:39:37,449][root][INFO] - task 4 :(128, 1, 28, 28)
[2023-10-04 19:39:37,468][root][INFO] - task 5 :(128, 1, 28, 28)
[2023-10-04 19:39:37,488][root][INFO] - task 6 :(128, 1, 28, 28)
[2023-10-04 19:39:37,509][root][INFO] - task 7 :(128, 1, 28, 28)
[2023-10-04 19:39:37,529][root][INFO] - task 8 :(128, 1, 28, 28)
[2023-10-04 19:39:37,550][root][INFO] - task 9 :(128, 1, 28, 28)
[2023-10-04 19:39:37,659][root][INFO] - Class sequence: [1 8 4 6 8 2 7 5 0 4 3 0 5 2 9 3 0 9 2 8]
[2023-10-04 19:39:37,676][root][INFO] - task 0 :(128, 1, 28, 28)
[2023-10-04 19:39:37,696][root][INFO] - task 1 :(128, 1, 28, 28)
[2023-10-04 19:39:37,717][root][INFO] - task 2 :(128, 1, 28, 28)
[2023-10-04 19:39:37,737][root][INFO] - task 3 :(128, 1, 28, 28)
[2023-10-04 19:39:37,757][root][INFO] - task 4 :(128, 1, 28, 28)
[2023-10-04 19:39:37,778][root][INFO] - task 5 :(128, 1, 28, 28)
[2023-10-04 19:39:37,799][root][INFO] - task 6 :(128, 1, 28, 28)
[2023-10-04 19:39:37,820][root][INFO] - task 7 :(128, 1, 28, 28)
[2023-10-04 19:39:37,839][root][INFO] - task 8 :(128, 1, 28, 28)
[2023-10-04 19:39:37,861][root][INFO] - task 9 :(128, 1, 28, 28)
[2023-10-04 19:39:37,967][root][INFO] - Class sequence: [4 1 2 1 7 6 5 1 3 8 1 3 5 3 4 1 9 0 6 0]
[2023-10-04 19:39:37,985][root][INFO] - task 0 :(128, 1, 28, 28)
[2023-10-04 19:39:38,006][root][INFO] - task 1 :(128, 1, 28, 28)
[2023-10-04 19:39:38,026][root][INFO] - task 2 :(128, 1, 28, 28)
[2023-10-04 19:39:38,047][root][INFO] - task 3 :(128, 1, 28, 28)
[2023-10-04 19:39:38,068][root][INFO] - task 4 :(128, 1, 28, 28)
[2023-10-04 19:39:38,088][root][INFO] - task 5 :(128, 1, 28, 28)
[2023-10-04 19:39:38,109][root][INFO] - task 6 :(128, 1, 28, 28)
[2023-10-04 19:39:38,129][root][INFO] - task 7 :(128, 1, 28, 28)
[2023-10-04 19:39:38,148][root][INFO] - task 8 :(128, 1, 28, 28)
[2023-10-04 19:39:38,169][root][INFO] - task 9 :(128, 1, 28, 28)
[2023-10-04 19:39:38,273][root][INFO] - Class sequence: [2 0 7 9 4 7 7 9 1 9 5 6 4 0 7 1 6 0 8 0]
[2023-10-04 19:39:38,290][root][INFO] - task 0 :(128, 1, 28, 28)
[2023-10-04 19:39:38,311][root][INFO] - task 1 :(128, 1, 28, 28)
[2023-10-04 19:39:38,330][root][INFO] - task 2 :(128, 1, 28, 28)
[2023-10-04 19:39:38,364][root][INFO] - task 3 :(128, 1, 28, 28)
[2023-10-04 19:39:38,384][root][INFO] - task 4 :(128, 1, 28, 28)
[2023-10-04 19:39:38,403][root][INFO] - task 5 :(128, 1, 28, 28)
[2023-10-04 19:39:38,424][root][INFO] - task 6 :(128, 1, 28, 28)
[2023-10-04 19:39:38,444][root][INFO] - task 7 :(128, 1, 28, 28)
[2023-10-04 19:39:38,466][root][INFO] - task 8 :(128, 1, 28, 28)
[2023-10-04 19:39:38,485][root][INFO] - task 9 :(128, 1, 28, 28)
i_size 28
num_classes 2
net_cfg {'name': 'mlp', 'depth': 4, 'layer_size': 64, 'dropout': 0.0, 'i_size': 28, 'num_classes': 2, 'num_tasks': 10, 'num_init_tasks': 4, 'use_contrastive': True}
<class 'shell.learners.er_dynamic.CompositionalDynamicER'>
[2023-10-04 19:39:38,509][root][INFO] - No. gpus per agent: 0.25
2023-10-04 19:39:40,947	INFO worker.py:1544 -- Started a local Ray instance. View the dashboard at [1m[32m127.0.0.1:8265 [39m[22m
[2m[36m(ParallelAgent pid=1134854)[0m INFO:root:Agent: node_id: 2, seed: 2007
[2m[36m(ParallelAgent pid=1134852)[0m INFO:root:Agent: node_id: 0, seed: 7
[2m[36m(ParallelAgent pid=1134855)[0m INFO:root:Agent: node_id: 3, seed: 3007
[2m[36m(ParallelAgent pid=1134853)[0m INFO:root:Agent: node_id: 1, seed: 1007
[2m[36m(ParallelAgent pid=1134856)[0m INFO:root:Agent: node_id: 4, seed: 4007
[2m[36m(ParallelAgent pid=1134857)[0m INFO:root:Agent: node_id: 5, seed: 5007
[2m[36m(ParallelAgent pid=1135105)[0m INFO:root:Agent: node_id: 7, seed: 7007
[2m[36m(ParallelAgent pid=1134974)[0m INFO:root:Agent: node_id: 6, seed: 6007
[2023-10-04 19:40:00,802][root][INFO] - Created fleet with 8 agents
[2023-10-04 19:40:00,803][root][INFO] - Adding neighbors...
[2023-10-04 19:40:00,812][root][INFO] - Fleet initialized
Error executing job with overrides: ['algo=modular', 'agent.batch_size=64', 'seed=7', 'parallel=True', 'num_agents=8', 'dataset=fashionmnist', 'dataset.num_trains_per_class=64', 'dataset.num_vals_per_class=50', 'dataset.remap_labels=True', 'dataset.with_replacement=True', 'dataset.num_tasks=10', 'net=mlp', 'net.depth=4', 'num_init_tasks=4', 'net.dropout=0.0', 'train.num_epochs=100', 'train.component_update_freq=100', 'train.init_num_epochs=100', 'train.init_component_update_freq=100', 'train.save_freq=20', 'agent.use_contrastive=True', 'agent.memory_size=32', 'root_save_dir=experiment_results/vanilla_fix_bug_compute_loss_encodev2', 'train=modular', 'job_name=fashionmnist_modular_numtrain_64_contrastive']
Traceback (most recent call last):
  File "/home/vlongle/learning-hive/experiments/run.py", line 41, in main
    fleet.train_and_comm(task_id)
  File "/home/vlongle/learning-hive/src/shell/fleet/fleet.py", line 274, in train_and_comm
    ray.get([agent.train.remote(task_id, start_epoch, self.comm_freq) for agent in self.agents])
  File "/mnt/kostas-graid/sw/envs/vlongle/miniconda3/envs/shell/lib/python3.10/site-packages/ray/_private/client_mode_hook.py", line 105, in wrapper
    return func(*args, **kwargs)
  File "/mnt/kostas-graid/sw/envs/vlongle/miniconda3/envs/shell/lib/python3.10/site-packages/ray/_private/worker.py", line 2380, in get
    raise value.as_instanceof_cause()
ray.exceptions.RayTaskError(AttributeError): [36mray::ParallelAgent.train()[39m (pid=1134853, ip=192.168.141.55, repr=<shell.fleet.fleet.ParallelAgent object at 0x7faede79ead0>)
  File "/home/vlongle/learning-hive/src/shell/fleet/fleet.py", line 97, in train
    self.agent.train(trainloader, task_id, testloaders=testloaders,
  File "/home/vlongle/learning-hive/src/shell/learners/base_learning_classes.py", line 293, in train
    self.save_data(start_epoch, task_id, testloaders, mode=train_mode)
  File "/home/vlongle/learning-hive/src/shell/learners/base_learning_classes.py", line 515, in save_data
    super().save_data(epoch, task_id, testloaders,
  File "/home/vlongle/learning-hive/src/shell/learners/base_learning_classes.py", line 226, in save_data
    self.test_loss, self.test_acc = self.evaluate(testloaders, mode=mode)
  File "/home/vlongle/learning-hive/src/shell/learners/base_learning_classes.py", line 477, in evaluate
    l += self.compute_loss(X, Y, task, mode='ce').item()
  File "/home/vlongle/learning-hive/src/shell/learners/base_learning_classes.py", line 140, in compute_loss
    return self.compute_cross_entropy_loss(X, Y, task_id, detach=False)
  File "/home/vlongle/learning-hive/src/shell/learners/base_learning_classes.py", line 109, in compute_cross_entropy_loss
    X_encode = self.net.encodev2(X, task_id)
  File "/mnt/kostas-graid/sw/envs/vlongle/miniconda3/envs/shell/lib/python3.10/site-packages/torch/nn/modules/module.py", line 1614, in __getattr__
    raise AttributeError("'{}' object has no attribute '{}'".format(
AttributeError: 'MLPSoftLLDynamic' object has no attribute 'encodev2'

Set the environment variable HYDRA_FULL_ERROR=1 for a complete stack trace.
{'algo': ['monolithic', 'modular'], 'agent.batch_size': 64, 'seed': 7, 'parallel': True, 'num_agents': 8, 'dataset': 'fashionmnist', 'dataset.num_trains_per_class': 64, 'dataset.num_vals_per_class': 50, 'dataset.remap_labels': True, 'dataset.with_replacement': True, 'dataset.num_tasks': 10, 'net': 'mlp', 'net.depth': 4, 'num_init_tasks': 4, 'net.dropout': 0.0, 'train.num_epochs': 100, 'train.component_update_freq': 100, 'train.init_num_epochs': 100, 'train.init_component_update_freq': 100, 'train.save_freq': 20, 'agent.use_contrastive': True, 'agent.memory_size': 32, 'root_save_dir': 'experiment_results/vanilla_fix_bug_compute_loss_encodev2'}
No. of experiments: 2
Experiment runs took 0:01:12.743027
