/mnt/kostas-graid/sw/envs/vlongle/miniconda3/envs/shell/lib/python3.10/site-packages/hydra/_internal/defaults_list.py:251: UserWarning: In 'config': Defaults list is missing `_self_`. See https://hydra.cc/docs/1.2/upgrades/1.0_to_1.1/default_composition_order for more information
  warnings.warn(msg, UserWarning)
{'train': {'component_update_freq': 100, 'num_epochs': 100, 'init_component_update_freq': 100, 'init_num_epochs': 100, 'save_freq': 20}, 'dataset': {'dataset_name': 'fashionmnist', 'num_tasks': 10, 'num_classes_per_task': 2, 'with_replacement': True, 'num_trains_per_class': 64, 'num_vals_per_class': 50, 'remap_labels': True}, 'net': {'name': 'mlp', 'depth': 4, 'layer_size': 64, 'dropout': 0.0}, 'sharing_strategy': {'name': 'no_sharing', 'num_coms_per_round': 0}, 'seed': 6, 'algo': 'monolithic', 'job_name': 'fashionmnist_monolithic_numtrain_64_contrastive', 'num_agents': 8, 'root_save_dir': 'experiment_results/vanilla_fix_bug_compute_loss_encodev2', 'parallel': True, 'num_init_tasks': 4, 'agent': {'save_dir': '${root_save_dir}/${job_name}/${dataset.dataset_name}/${algo}/seed_${seed}', 'batch_size': 64, 'memory_size': 32, 'improvement_threshold': 0.05, 'use_contrastive': True}}
[2023-10-04 19:38:24,104][root][INFO] - Class sequence: [2 3 4 8 8 7 6 9 2 9 1 8 8 7 8 7 4 7 0 2]
[2023-10-04 19:38:24,123][root][INFO] - task 0 :(128, 1, 28, 28)
[2023-10-04 19:38:24,174][root][INFO] - task 1 :(128, 1, 28, 28)
[2023-10-04 19:38:24,195][root][INFO] - task 2 :(128, 1, 28, 28)
[2023-10-04 19:38:24,215][root][INFO] - task 3 :(128, 1, 28, 28)
[2023-10-04 19:38:24,235][root][INFO] - task 4 :(128, 1, 28, 28)
[2023-10-04 19:38:24,254][root][INFO] - task 5 :(128, 1, 28, 28)
[2023-10-04 19:38:24,273][root][INFO] - task 6 :(128, 1, 28, 28)
[2023-10-04 19:38:24,293][root][INFO] - task 7 :(128, 1, 28, 28)
[2023-10-04 19:38:24,313][root][INFO] - task 8 :(128, 1, 28, 28)
[2023-10-04 19:38:24,333][root][INFO] - task 9 :(128, 1, 28, 28)
[2023-10-04 19:38:24,442][root][INFO] - Class sequence: [9 4 5 4 5 3 1 3 5 8 3 1 0 7 4 0 3 1 7 6]
[2023-10-04 19:38:24,461][root][INFO] - task 0 :(128, 1, 28, 28)
[2023-10-04 19:38:24,481][root][INFO] - task 1 :(128, 1, 28, 28)
[2023-10-04 19:38:24,502][root][INFO] - task 2 :(128, 1, 28, 28)
[2023-10-04 19:38:24,521][root][INFO] - task 3 :(128, 1, 28, 28)
[2023-10-04 19:38:24,542][root][INFO] - task 4 :(128, 1, 28, 28)
[2023-10-04 19:38:24,569][root][INFO] - task 5 :(128, 1, 28, 28)
[2023-10-04 19:38:24,589][root][INFO] - task 6 :(128, 1, 28, 28)
[2023-10-04 19:38:24,609][root][INFO] - task 7 :(128, 1, 28, 28)
[2023-10-04 19:38:24,629][root][INFO] - task 8 :(128, 1, 28, 28)
[2023-10-04 19:38:24,649][root][INFO] - task 9 :(128, 1, 28, 28)
[2023-10-04 19:38:24,753][root][INFO] - Class sequence: [8 9 9 8 3 7 1 9 5 0 8 6 6 9 5 7 1 8 0 4]
[2023-10-04 19:38:24,771][root][INFO] - task 0 :(128, 1, 28, 28)
[2023-10-04 19:38:24,791][root][INFO] - task 1 :(128, 1, 28, 28)
[2023-10-04 19:38:24,812][root][INFO] - task 2 :(128, 1, 28, 28)
[2023-10-04 19:38:24,832][root][INFO] - task 3 :(128, 1, 28, 28)
[2023-10-04 19:38:24,853][root][INFO] - task 4 :(128, 1, 28, 28)
[2023-10-04 19:38:24,872][root][INFO] - task 5 :(128, 1, 28, 28)
[2023-10-04 19:38:24,895][root][INFO] - task 6 :(128, 1, 28, 28)
[2023-10-04 19:38:24,916][root][INFO] - task 7 :(128, 1, 28, 28)
[2023-10-04 19:38:24,938][root][INFO] - task 8 :(128, 1, 28, 28)
[2023-10-04 19:38:24,958][root][INFO] - task 9 :(128, 1, 28, 28)
[2023-10-04 19:38:25,060][root][INFO] - Class sequence: [1 0 0 3 7 8 3 1 4 0 7 3 8 9 1 8 0 1 7 8]
[2023-10-04 19:38:25,078][root][INFO] - task 0 :(128, 1, 28, 28)
[2023-10-04 19:38:25,098][root][INFO] - task 1 :(128, 1, 28, 28)
[2023-10-04 19:38:25,118][root][INFO] - task 2 :(128, 1, 28, 28)
[2023-10-04 19:38:25,138][root][INFO] - task 3 :(128, 1, 28, 28)
[2023-10-04 19:38:25,159][root][INFO] - task 4 :(128, 1, 28, 28)
[2023-10-04 19:38:25,179][root][INFO] - task 5 :(128, 1, 28, 28)
[2023-10-04 19:38:25,198][root][INFO] - task 6 :(128, 1, 28, 28)
[2023-10-04 19:38:25,218][root][INFO] - task 7 :(128, 1, 28, 28)
[2023-10-04 19:38:25,238][root][INFO] - task 8 :(128, 1, 28, 28)
[2023-10-04 19:38:25,259][root][INFO] - task 9 :(128, 1, 28, 28)
[2023-10-04 19:38:25,369][root][INFO] - Class sequence: [8 2 8 9 5 7 0 2 4 3 6 8 8 2 0 4 7 8 4 3]
[2023-10-04 19:38:25,387][root][INFO] - task 0 :(128, 1, 28, 28)
[2023-10-04 19:38:25,414][root][INFO] - task 1 :(128, 1, 28, 28)
[2023-10-04 19:38:25,436][root][INFO] - task 2 :(128, 1, 28, 28)
[2023-10-04 19:38:25,460][root][INFO] - task 3 :(128, 1, 28, 28)
[2023-10-04 19:38:25,487][root][INFO] - task 4 :(128, 1, 28, 28)
[2023-10-04 19:38:25,515][root][INFO] - task 5 :(128, 1, 28, 28)
[2023-10-04 19:38:25,542][root][INFO] - task 6 :(128, 1, 28, 28)
[2023-10-04 19:38:25,571][root][INFO] - task 7 :(128, 1, 28, 28)
[2023-10-04 19:38:25,597][root][INFO] - task 8 :(128, 1, 28, 28)
[2023-10-04 19:38:25,623][root][INFO] - task 9 :(128, 1, 28, 28)
[2023-10-04 19:38:25,738][root][INFO] - Class sequence: [9 6 2 4 5 1 7 4 3 6 0 6 0 6 7 1 8 7 6 9]
[2023-10-04 19:38:25,758][root][INFO] - task 0 :(128, 1, 28, 28)
[2023-10-04 19:38:25,779][root][INFO] - task 1 :(128, 1, 28, 28)
[2023-10-04 19:38:25,807][root][INFO] - task 2 :(128, 1, 28, 28)
[2023-10-04 19:38:25,835][root][INFO] - task 3 :(128, 1, 28, 28)
[2023-10-04 19:38:25,864][root][INFO] - task 4 :(128, 1, 28, 28)
[2023-10-04 19:38:25,885][root][INFO] - task 5 :(128, 1, 28, 28)
[2023-10-04 19:38:25,907][root][INFO] - task 6 :(128, 1, 28, 28)
[2023-10-04 19:38:25,959][root][INFO] - task 7 :(128, 1, 28, 28)
[2023-10-04 19:38:25,985][root][INFO] - task 8 :(128, 1, 28, 28)
[2023-10-04 19:38:26,013][root][INFO] - task 9 :(128, 1, 28, 28)
[2023-10-04 19:38:26,128][root][INFO] - Class sequence: [7 1 8 9 2 9 8 2 7 6 1 8 9 7 3 0 9 2 1 6]
[2023-10-04 19:38:26,147][root][INFO] - task 0 :(128, 1, 28, 28)
[2023-10-04 19:38:26,168][root][INFO] - task 1 :(128, 1, 28, 28)
[2023-10-04 19:38:26,189][root][INFO] - task 2 :(128, 1, 28, 28)
[2023-10-04 19:38:26,211][root][INFO] - task 3 :(128, 1, 28, 28)
[2023-10-04 19:38:26,232][root][INFO] - task 4 :(128, 1, 28, 28)
[2023-10-04 19:38:26,253][root][INFO] - task 5 :(128, 1, 28, 28)
[2023-10-04 19:38:26,274][root][INFO] - task 6 :(128, 1, 28, 28)
[2023-10-04 19:38:26,295][root][INFO] - task 7 :(128, 1, 28, 28)
[2023-10-04 19:38:26,317][root][INFO] - task 8 :(128, 1, 28, 28)
[2023-10-04 19:38:26,345][root][INFO] - task 9 :(128, 1, 28, 28)
[2023-10-04 19:38:26,457][root][INFO] - Class sequence: [6 8 1 2 0 2 5 0 7 5 4 5 3 4 7 8 6 4 9 5]
[2023-10-04 19:38:26,474][root][INFO] - task 0 :(128, 1, 28, 28)
[2023-10-04 19:38:26,495][root][INFO] - task 1 :(128, 1, 28, 28)
[2023-10-04 19:38:26,515][root][INFO] - task 2 :(128, 1, 28, 28)
[2023-10-04 19:38:26,537][root][INFO] - task 3 :(128, 1, 28, 28)
[2023-10-04 19:38:26,563][root][INFO] - task 4 :(128, 1, 28, 28)
[2023-10-04 19:38:26,587][root][INFO] - task 5 :(128, 1, 28, 28)
[2023-10-04 19:38:26,607][root][INFO] - task 6 :(128, 1, 28, 28)
[2023-10-04 19:38:26,628][root][INFO] - task 7 :(128, 1, 28, 28)
[2023-10-04 19:38:26,648][root][INFO] - task 8 :(128, 1, 28, 28)
[2023-10-04 19:38:26,669][root][INFO] - task 9 :(128, 1, 28, 28)
i_size 28
num_classes 2
net_cfg {'name': 'mlp', 'depth': 4, 'layer_size': 64, 'dropout': 0.0, 'i_size': 28, 'num_classes': 2, 'num_tasks': 10, 'num_init_tasks': 4, 'use_contrastive': True}
<class 'shell.learners.er_nocomponents.NoComponentsER'>
[2023-10-04 19:38:26,693][root][INFO] - No. gpus per agent: 0.25
2023-10-04 19:38:29,197	INFO worker.py:1544 -- Started a local Ray instance. View the dashboard at [1m[32m127.0.0.1:8266 [39m[22m
[2m[36m(ParallelAgent pid=1825778)[0m INFO:root:Agent: node_id: 0, seed: 6
[2m[36m(ParallelAgent pid=1825862)[0m INFO:root:Agent: node_id: 1, seed: 1006
[2m[36m(ParallelAgent pid=1825863)[0m INFO:root:Agent: node_id: 2, seed: 2006
[2m[36m(ParallelAgent pid=1825867)[0m INFO:root:Agent: node_id: 4, seed: 4006
[2m[36m(ParallelAgent pid=1825864)[0m INFO:root:Agent: node_id: 3, seed: 3006
[2m[36m(ParallelAgent pid=1825927)[0m INFO:root:Agent: node_id: 5, seed: 5006
[2m[36m(ParallelAgent pid=1826117)[0m INFO:root:Agent: node_id: 6, seed: 6006
[2m[36m(ParallelAgent pid=1826242)[0m INFO:root:Agent: node_id: 7, seed: 7006
[2023-10-04 19:38:47,623][root][INFO] - Created fleet with 8 agents
[2023-10-04 19:38:47,624][root][INFO] - Adding neighbors...
[2023-10-04 19:38:47,632][root][INFO] - Fleet initialized
Error executing job with overrides: ['algo=monolithic', 'agent.batch_size=64', 'seed=6', 'parallel=True', 'num_agents=8', 'dataset=fashionmnist', 'dataset.num_trains_per_class=64', 'dataset.num_vals_per_class=50', 'dataset.remap_labels=True', 'dataset.with_replacement=True', 'dataset.num_tasks=10', 'net=mlp', 'net.depth=4', 'num_init_tasks=4', 'net.dropout=0.0', 'train.num_epochs=100', 'train.component_update_freq=100', 'train.init_num_epochs=100', 'train.init_component_update_freq=100', 'train.save_freq=20', 'agent.use_contrastive=True', 'agent.memory_size=32', 'root_save_dir=experiment_results/vanilla_fix_bug_compute_loss_encodev2', 'train=monolithic', 'job_name=fashionmnist_monolithic_numtrain_64_contrastive']
Traceback (most recent call last):
  File "/home/vlongle/learning-hive/experiments/run.py", line 41, in main
    fleet.train_and_comm(task_id)
  File "/home/vlongle/learning-hive/src/shell/fleet/fleet.py", line 274, in train_and_comm
    ray.get([agent.train.remote(task_id, start_epoch, self.comm_freq) for agent in self.agents])
  File "/mnt/kostas-graid/sw/envs/vlongle/miniconda3/envs/shell/lib/python3.10/site-packages/ray/_private/client_mode_hook.py", line 105, in wrapper
    return func(*args, **kwargs)
  File "/mnt/kostas-graid/sw/envs/vlongle/miniconda3/envs/shell/lib/python3.10/site-packages/ray/_private/worker.py", line 2380, in get
    raise value.as_instanceof_cause()
ray.exceptions.RayTaskError(AttributeError): [36mray::ParallelAgent.train()[39m (pid=1825864, ip=192.168.141.63, repr=<shell.fleet.fleet.ParallelAgent object at 0x7f4a0e99aaa0>)
  File "/home/vlongle/learning-hive/src/shell/fleet/fleet.py", line 97, in train
    self.agent.train(trainloader, task_id, testloaders=testloaders,
  File "/home/vlongle/learning-hive/src/shell/learners/er_nocomponents.py", line 36, in train
    self.save_data(start_epoch, task_id, testloaders,
  File "/home/vlongle/learning-hive/src/shell/learners/base_learning_classes.py", line 226, in save_data
    self.test_loss, self.test_acc = self.evaluate(testloaders, mode=mode)
  File "/home/vlongle/learning-hive/src/shell/learners/base_learning_classes.py", line 198, in evaluate
    l += self.compute_loss(X, Y, task, mode='ce').item()
  File "/home/vlongle/learning-hive/src/shell/learners/base_learning_classes.py", line 140, in compute_loss
    return self.compute_cross_entropy_loss(X, Y, task_id, detach=False)
  File "/home/vlongle/learning-hive/src/shell/learners/base_learning_classes.py", line 109, in compute_cross_entropy_loss
    X_encode = self.net.encodev2(X, task_id)
  File "/mnt/kostas-graid/sw/envs/vlongle/miniconda3/envs/shell/lib/python3.10/site-packages/torch/nn/modules/module.py", line 1614, in __getattr__
    raise AttributeError("'{}' object has no attribute '{}'".format(
AttributeError: 'MLP' object has no attribute 'encodev2'

Set the environment variable HYDRA_FULL_ERROR=1 for a complete stack trace.
Traceback (most recent call last):
  File "/home/vlongle/learning-hive/experiments/run.py", line 13, in <module>
    from shell.fleet.utils.fleet_utils import get_fleet, get_agent_cls
  File "/home/vlongle/learning-hive/src/shell/fleet/utils/fleet_utils.py", line 9, in <module>
    from shell.fleet.fleet import Fleet, ParallelFleet, ParallelAgent, Agent
  File "/home/vlongle/learning-hive/src/shell/fleet/fleet.py", line 17, in <module>
    from shell.utils.experiment_utils import eval_net
  File "/home/vlongle/learning-hive/src/shell/utils/experiment_utils.py", line 18, in <module>
    from shell.models.cnn_soft_lifelong_dynamic import CNNSoftLLDynamic
  File "/home/vlongle/learning-hive/src/shell/models/cnn_soft_lifelong_dynamic.py", line 91
    def add_tmp_modules(self, task_id, num_modules):
                                                    ^
IndentationError: unindent does not match any outer indentation level
{'algo': ['monolithic', 'modular'], 'agent.batch_size': 64, 'seed': 6, 'parallel': True, 'num_agents': 8, 'dataset': 'fashionmnist', 'dataset.num_trains_per_class': 64, 'dataset.num_vals_per_class': 50, 'dataset.remap_labels': True, 'dataset.with_replacement': True, 'dataset.num_tasks': 10, 'net': 'mlp', 'net.depth': 4, 'num_init_tasks': 4, 'net.dropout': 0.0, 'train.num_epochs': 100, 'train.component_update_freq': 100, 'train.init_num_epochs': 100, 'train.init_component_update_freq': 100, 'train.save_freq': 20, 'agent.use_contrastive': True, 'agent.memory_size': 32, 'root_save_dir': 'experiment_results/vanilla_fix_bug_compute_loss_encodev2'}
No. of experiments: 2
Experiment runs took 0:00:38.946641
