/mnt/kostas-graid/sw/envs/vlongle/miniconda3/envs/shell/lib/python3.10/site-packages/hydra/_internal/defaults_list.py:251: UserWarning: In 'config': Defaults list is missing `_self_`. See https://hydra.cc/docs/1.2/upgrades/1.0_to_1.1/default_composition_order for more information
  warnings.warn(msg, UserWarning)
{'train': {'component_update_freq': 100, 'num_epochs': 100, 'init_component_update_freq': 300, 'init_num_epochs': 300, 'save_freq': 20}, 'dataset': {'dataset_name': 'cifar100', 'num_tasks': 20, 'num_classes_per_task': 5, 'with_replacement': False, 'num_trains_per_class': 256, 'num_vals_per_class': -1, 'remap_labels': True}, 'net': {'name': 'cnn', 'depth': 4, 'channels': 50, 'conv_kernel': 3, 'maxpool_kernel': 2, 'padding': 1, 'dropout': 0.0}, 'sharing_strategy': {'name': 'no_sharing', 'num_coms_per_round': 0}, 'seed': 5, 'algo': 'monolithic', 'job_name': 'cifar100_monolithic_numtrain_256_contrastive', 'num_agents': 8, 'root_save_dir': 'experiment_results/vanilla_cifar', 'parallel': True, 'num_init_tasks': 4, 'agent': {'save_dir': '${root_save_dir}/${job_name}/${dataset.dataset_name}/${algo}/seed_${seed}', 'batch_size': 1024, 'memory_size': 32, 'improvement_threshold': 0.05, 'use_contrastive': True}}
[2023-10-05 03:10:11,826][root][INFO] - Class sequence: [91 41 59 38 93 50 20 97 60 18 40 29 86  8 35 55 54 47 25 98 23 95 46 52
 21 65 76 77 32 43 36 37 56 92 64 80 33 34 17 49 44 30 13  3 16 12 96 69
 90  1 83 51 57 67 74 48 31 87 62 14 82 72 89 39  2 10 61 88 99 24 27 68
 45 26 71 58 66 15 75  0 81  4 11 78  9 84 28 70 79 22 53 42  7 63 19 94
 73  6  5 85]
[2023-10-05 03:10:11,839][root][INFO] - task 0 :(1280, 3, 32, 32)
[2023-10-05 03:10:11,882][root][INFO] - task 1 :(1280, 3, 32, 32)
[2023-10-05 03:10:11,901][root][INFO] - task 2 :(1280, 3, 32, 32)
[2023-10-05 03:10:11,921][root][INFO] - task 3 :(1280, 3, 32, 32)
[2023-10-05 03:10:11,939][root][INFO] - task 4 :(1280, 3, 32, 32)
[2023-10-05 03:10:11,959][root][INFO] - task 5 :(1280, 3, 32, 32)
[2023-10-05 03:10:11,979][root][INFO] - task 6 :(1280, 3, 32, 32)
[2023-10-05 03:10:11,999][root][INFO] - task 7 :(1280, 3, 32, 32)
[2023-10-05 03:10:12,018][root][INFO] - task 8 :(1280, 3, 32, 32)
[2023-10-05 03:10:12,035][root][INFO] - task 9 :(1280, 3, 32, 32)
[2023-10-05 03:10:12,055][root][INFO] - task 10 :(1280, 3, 32, 32)
[2023-10-05 03:10:12,074][root][INFO] - task 11 :(1280, 3, 32, 32)
[2023-10-05 03:10:12,093][root][INFO] - task 12 :(1280, 3, 32, 32)
[2023-10-05 03:10:12,111][root][INFO] - task 13 :(1280, 3, 32, 32)
[2023-10-05 03:10:12,130][root][INFO] - task 14 :(1280, 3, 32, 32)
[2023-10-05 03:10:12,154][root][INFO] - task 15 :(1280, 3, 32, 32)
[2023-10-05 03:10:12,183][root][INFO] - task 16 :(1280, 3, 32, 32)
[2023-10-05 03:10:12,202][root][INFO] - task 17 :(1280, 3, 32, 32)
[2023-10-05 03:10:12,225][root][INFO] - task 18 :(1280, 3, 32, 32)
[2023-10-05 03:10:12,245][root][INFO] - task 19 :(1280, 3, 32, 32)
[2023-10-05 03:10:12,718][root][INFO] - Class sequence: [91 50 27 13 76 40 86 46 51  2 37 20 90 15 23  4 24 54 22 97 36 60 16 61
 74 57 77 82 33 32 79 30 85 26 43 98 55 62 89 63 94 58 41 68 81 52 95 72
 64 25 17 59  0 75  9 71 88  7 99 73  8 84 21  1  6 28 56 14 65 70 45 49
 96 93 53 42 10 83 12 47 66 34 48 19 87 78 29 44  5 31 39 35 11 92  3 18
 69 38 80 67]
[2023-10-05 03:10:12,733][root][INFO] - task 0 :(1280, 3, 32, 32)
[2023-10-05 03:10:12,752][root][INFO] - task 1 :(1280, 3, 32, 32)
[2023-10-05 03:10:12,773][root][INFO] - task 2 :(1280, 3, 32, 32)
[2023-10-05 03:10:12,793][root][INFO] - task 3 :(1280, 3, 32, 32)
[2023-10-05 03:10:12,812][root][INFO] - task 4 :(1280, 3, 32, 32)
[2023-10-05 03:10:12,832][root][INFO] - task 5 :(1280, 3, 32, 32)
[2023-10-05 03:10:12,852][root][INFO] - task 6 :(1280, 3, 32, 32)
[2023-10-05 03:10:12,871][root][INFO] - task 7 :(1280, 3, 32, 32)
[2023-10-05 03:10:12,891][root][INFO] - task 8 :(1280, 3, 32, 32)
[2023-10-05 03:10:12,911][root][INFO] - task 9 :(1280, 3, 32, 32)
[2023-10-05 03:10:12,932][root][INFO] - task 10 :(1280, 3, 32, 32)
[2023-10-05 03:10:12,951][root][INFO] - task 11 :(1280, 3, 32, 32)
[2023-10-05 03:10:12,970][root][INFO] - task 12 :(1280, 3, 32, 32)
[2023-10-05 03:10:12,990][root][INFO] - task 13 :(1280, 3, 32, 32)
[2023-10-05 03:10:13,022][root][INFO] - task 14 :(1280, 3, 32, 32)
[2023-10-05 03:10:13,040][root][INFO] - task 15 :(1280, 3, 32, 32)
[2023-10-05 03:10:13,060][root][INFO] - task 16 :(1280, 3, 32, 32)
[2023-10-05 03:10:13,079][root][INFO] - task 17 :(1280, 3, 32, 32)
[2023-10-05 03:10:13,098][root][INFO] - task 18 :(1280, 3, 32, 32)
[2023-10-05 03:10:13,118][root][INFO] - task 19 :(1280, 3, 32, 32)
[2023-10-05 03:10:13,616][root][INFO] - Class sequence: [36 48 25 43 96 29 47 40 59 87 95 27 64 52 77  1  2 54  3 12 32 51 85 21
  8 34 58 53  7 35  9 26 14 18 90 70 28 81 78 65  5  4 75 80 22 50 46 16
 97 62 24 86 73 17 44 72 82 11 94  0 56 41 67 98 55 19 84 33 38 42 57 68
 23 76 31 83 99 88 45 92 39 93 74 10 91 61 69 66 71 79 63 20 49 30 15  6
 13 89 60 37]
[2023-10-05 03:10:13,630][root][INFO] - task 0 :(1280, 3, 32, 32)
[2023-10-05 03:10:13,650][root][INFO] - task 1 :(1280, 3, 32, 32)
[2023-10-05 03:10:13,672][root][INFO] - task 2 :(1280, 3, 32, 32)
[2023-10-05 03:10:13,692][root][INFO] - task 3 :(1280, 3, 32, 32)
[2023-10-05 03:10:13,711][root][INFO] - task 4 :(1280, 3, 32, 32)
[2023-10-05 03:10:13,731][root][INFO] - task 5 :(1280, 3, 32, 32)
[2023-10-05 03:10:13,750][root][INFO] - task 6 :(1280, 3, 32, 32)
[2023-10-05 03:10:13,771][root][INFO] - task 7 :(1280, 3, 32, 32)
[2023-10-05 03:10:13,790][root][INFO] - task 8 :(1280, 3, 32, 32)
[2023-10-05 03:10:13,810][root][INFO] - task 9 :(1280, 3, 32, 32)
[2023-10-05 03:10:13,830][root][INFO] - task 10 :(1280, 3, 32, 32)
[2023-10-05 03:10:13,849][root][INFO] - task 11 :(1280, 3, 32, 32)
[2023-10-05 03:10:13,869][root][INFO] - task 12 :(1280, 3, 32, 32)
[2023-10-05 03:10:13,896][root][INFO] - task 13 :(1280, 3, 32, 32)
[2023-10-05 03:10:13,916][root][INFO] - task 14 :(1280, 3, 32, 32)
[2023-10-05 03:10:13,936][root][INFO] - task 15 :(1280, 3, 32, 32)
[2023-10-05 03:10:13,956][root][INFO] - task 16 :(1280, 3, 32, 32)
[2023-10-05 03:10:13,976][root][INFO] - task 17 :(1280, 3, 32, 32)
[2023-10-05 03:10:13,996][root][INFO] - task 18 :(1280, 3, 32, 32)
[2023-10-05 03:10:14,015][root][INFO] - task 19 :(1280, 3, 32, 32)
[2023-10-05 03:10:14,483][root][INFO] - Class sequence: [83 53  6 51 20 68 47 74 81 60 57 61 80 23 97 32 90 24 95 35  7 50 28 84
 38 40  1 21 56 66 73 96 72 85 30 41 19 86 13 31  4 62 98 37 79 17 29 69
 59 22 46 87  3  2 49 54 11 14 78  8 48 18 82 16 15 42 64 34 89 44 45 94
 39 65  9 27 71 91 55 99 43 52 77 76 36 63 10 33 25 67 70  5 75 93 92 26
 12 58  0 88]
[2023-10-05 03:10:14,496][root][INFO] - task 0 :(1280, 3, 32, 32)
[2023-10-05 03:10:14,518][root][INFO] - task 1 :(1280, 3, 32, 32)
[2023-10-05 03:10:14,537][root][INFO] - task 2 :(1280, 3, 32, 32)
[2023-10-05 03:10:14,563][root][INFO] - task 3 :(1280, 3, 32, 32)
[2023-10-05 03:10:14,582][root][INFO] - task 4 :(1280, 3, 32, 32)
[2023-10-05 03:10:14,602][root][INFO] - task 5 :(1280, 3, 32, 32)
[2023-10-05 03:10:14,621][root][INFO] - task 6 :(1280, 3, 32, 32)
[2023-10-05 03:10:14,641][root][INFO] - task 7 :(1280, 3, 32, 32)
[2023-10-05 03:10:14,659][root][INFO] - task 8 :(1280, 3, 32, 32)
[2023-10-05 03:10:14,679][root][INFO] - task 9 :(1280, 3, 32, 32)
[2023-10-05 03:10:14,698][root][INFO] - task 10 :(1280, 3, 32, 32)
[2023-10-05 03:10:14,717][root][INFO] - task 11 :(1280, 3, 32, 32)
[2023-10-05 03:10:14,748][root][INFO] - task 12 :(1280, 3, 32, 32)
[2023-10-05 03:10:14,767][root][INFO] - task 13 :(1280, 3, 32, 32)
[2023-10-05 03:10:14,785][root][INFO] - task 14 :(1280, 3, 32, 32)
[2023-10-05 03:10:14,805][root][INFO] - task 15 :(1280, 3, 32, 32)
[2023-10-05 03:10:14,843][root][INFO] - task 16 :(1280, 3, 32, 32)
[2023-10-05 03:10:14,863][root][INFO] - task 17 :(1280, 3, 32, 32)
[2023-10-05 03:10:14,882][root][INFO] - task 18 :(1280, 3, 32, 32)
[2023-10-05 03:10:14,900][root][INFO] - task 19 :(1280, 3, 32, 32)
[2023-10-05 03:10:15,367][root][INFO] - Class sequence: [24 62 26 13 34 43 58  0 55 57 25 82 17 27 22 63 28 61 59 19 69 77 96 21
 30 31 15  3 74 60 76 11 88 92 54 79 39 45 33 42 83  7 99 32 66 93 49 47
 44 97  9 65 71 73 20 90 91 95 50 48 12 80  8 72 23 70 78 64 85 40 89  5
 46 68 84 75 14  1 29 16 37 94 51 41 98 10 87 56 38 52 81  6 53 67  2 35
 86 36  4 18]
[2023-10-05 03:10:15,381][root][INFO] - task 0 :(1280, 3, 32, 32)
[2023-10-05 03:10:15,402][root][INFO] - task 1 :(1280, 3, 32, 32)
[2023-10-05 03:10:15,421][root][INFO] - task 2 :(1280, 3, 32, 32)
[2023-10-05 03:10:15,447][root][INFO] - task 3 :(1280, 3, 32, 32)
[2023-10-05 03:10:15,467][root][INFO] - task 4 :(1280, 3, 32, 32)
[2023-10-05 03:10:15,486][root][INFO] - task 5 :(1280, 3, 32, 32)
[2023-10-05 03:10:15,505][root][INFO] - task 6 :(1280, 3, 32, 32)
[2023-10-05 03:10:15,525][root][INFO] - task 7 :(1280, 3, 32, 32)
[2023-10-05 03:10:15,542][root][INFO] - task 8 :(1280, 3, 32, 32)
[2023-10-05 03:10:15,562][root][INFO] - task 9 :(1280, 3, 32, 32)
[2023-10-05 03:10:15,585][root][INFO] - task 10 :(1280, 3, 32, 32)
[2023-10-05 03:10:15,604][root][INFO] - task 11 :(1280, 3, 32, 32)
[2023-10-05 03:10:15,623][root][INFO] - task 12 :(1280, 3, 32, 32)
[2023-10-05 03:10:15,645][root][INFO] - task 13 :(1280, 3, 32, 32)
[2023-10-05 03:10:15,670][root][INFO] - task 14 :(1280, 3, 32, 32)
[2023-10-05 03:10:15,689][root][INFO] - task 15 :(1280, 3, 32, 32)
[2023-10-05 03:10:15,709][root][INFO] - task 16 :(1280, 3, 32, 32)
[2023-10-05 03:10:15,728][root][INFO] - task 17 :(1280, 3, 32, 32)
[2023-10-05 03:10:15,746][root][INFO] - task 18 :(1280, 3, 32, 32)
[2023-10-05 03:10:15,765][root][INFO] - task 19 :(1280, 3, 32, 32)
[2023-10-05 03:10:16,233][root][INFO] - Class sequence: [16 22 60 31 97 21 55 89 42 26  3 48 10  1 19 74 77 59 30 38 82 39  7 90
 52 92 62 23 36 45 95 66  4 58 12 14 63 78 43 84 81 46 57 64  2 91 76 18
 70 69 20  0 96 49 80  8 33 40 61 41 37 98  6 24 28 50 47  9 71 73 44 17
 93 67 88 79 32 35 85 72 34 87 99 25 65 29 75 13 51 54 15 27 56 83 94 53
  5 11 68 86]
[2023-10-05 03:10:16,246][root][INFO] - task 0 :(1280, 3, 32, 32)
[2023-10-05 03:10:16,266][root][INFO] - task 1 :(1280, 3, 32, 32)
[2023-10-05 03:10:16,292][root][INFO] - task 2 :(1280, 3, 32, 32)
[2023-10-05 03:10:16,317][root][INFO] - task 3 :(1280, 3, 32, 32)
[2023-10-05 03:10:16,340][root][INFO] - task 4 :(1280, 3, 32, 32)
[2023-10-05 03:10:16,359][root][INFO] - task 5 :(1280, 3, 32, 32)
[2023-10-05 03:10:16,377][root][INFO] - task 6 :(1280, 3, 32, 32)
[2023-10-05 03:10:16,397][root][INFO] - task 7 :(1280, 3, 32, 32)
[2023-10-05 03:10:16,415][root][INFO] - task 8 :(1280, 3, 32, 32)
[2023-10-05 03:10:16,434][root][INFO] - task 9 :(1280, 3, 32, 32)
[2023-10-05 03:10:16,453][root][INFO] - task 10 :(1280, 3, 32, 32)
[2023-10-05 03:10:16,472][root][INFO] - task 11 :(1280, 3, 32, 32)
[2023-10-05 03:10:16,490][root][INFO] - task 12 :(1280, 3, 32, 32)
[2023-10-05 03:10:16,509][root][INFO] - task 13 :(1280, 3, 32, 32)
[2023-10-05 03:10:16,529][root][INFO] - task 14 :(1280, 3, 32, 32)
[2023-10-05 03:10:16,548][root][INFO] - task 15 :(1280, 3, 32, 32)
[2023-10-05 03:10:16,567][root][INFO] - task 16 :(1280, 3, 32, 32)
[2023-10-05 03:10:16,591][root][INFO] - task 17 :(1280, 3, 32, 32)
[2023-10-05 03:10:16,609][root][INFO] - task 18 :(1280, 3, 32, 32)
[2023-10-05 03:10:16,627][root][INFO] - task 19 :(1280, 3, 32, 32)
[2023-10-05 03:10:17,092][root][INFO] - Class sequence: [97 59 37  1 20 90 14 65 30 35 58  9 64 94 73 42 56 10 49 86 89 39 11 72
 24 70 81 26 29 62 51 27 96 79 71 13 63 80 69 92  8 45 68 28 41 76 60  2
 55 75 93 17 98 21  5 83 91 18 25 82 43  3 85 38 32 12 84 77 31 36 48  7
 22 15 78 16 33 50 19 61 46 52 66  0 88 95 99  4 47 67 87 34 23 74 40 54
 44 53  6 57]
[2023-10-05 03:10:17,106][root][INFO] - task 0 :(1280, 3, 32, 32)
[2023-10-05 03:10:17,128][root][INFO] - task 1 :(1280, 3, 32, 32)
[2023-10-05 03:10:17,147][root][INFO] - task 2 :(1280, 3, 32, 32)
[2023-10-05 03:10:17,173][root][INFO] - task 3 :(1280, 3, 32, 32)
[2023-10-05 03:10:17,192][root][INFO] - task 4 :(1280, 3, 32, 32)
[2023-10-05 03:10:17,211][root][INFO] - task 5 :(1280, 3, 32, 32)
[2023-10-05 03:10:17,232][root][INFO] - task 6 :(1280, 3, 32, 32)
[2023-10-05 03:10:17,251][root][INFO] - task 7 :(1280, 3, 32, 32)
[2023-10-05 03:10:17,271][root][INFO] - task 8 :(1280, 3, 32, 32)
[2023-10-05 03:10:17,290][root][INFO] - task 9 :(1280, 3, 32, 32)
[2023-10-05 03:10:17,308][root][INFO] - task 10 :(1280, 3, 32, 32)
[2023-10-05 03:10:17,334][root][INFO] - task 11 :(1280, 3, 32, 32)
[2023-10-05 03:10:17,352][root][INFO] - task 12 :(1280, 3, 32, 32)
[2023-10-05 03:10:17,371][root][INFO] - task 13 :(1280, 3, 32, 32)
[2023-10-05 03:10:17,390][root][INFO] - task 14 :(1280, 3, 32, 32)
[2023-10-05 03:10:17,409][root][INFO] - task 15 :(1280, 3, 32, 32)
[2023-10-05 03:10:17,427][root][INFO] - task 16 :(1280, 3, 32, 32)
[2023-10-05 03:10:17,445][root][INFO] - task 17 :(1280, 3, 32, 32)
[2023-10-05 03:10:17,472][root][INFO] - task 18 :(1280, 3, 32, 32)
[2023-10-05 03:10:17,492][root][INFO] - task 19 :(1280, 3, 32, 32)
[2023-10-05 03:10:17,958][root][INFO] - Class sequence: [18 76 42 80 45 90 31 29 81 20 38 72 33 54 68 62 59 22 87 71  0 58 65 79
 48 67 15 60 40 13 27  9  4 77 96 37 69 39 35 92 66 70  6 49 63 85 56 97
 82 98 28 30 10  2 55 88  3 95 74 43 47 89 12  1 50 84 64 23 32 78 75 44
 36 26  7 19 53 52 91 11  5 93 83 14 41 25 86 16 21 94 46 17  8 99 57 61
 24 73 51 34]
[2023-10-05 03:10:17,973][root][INFO] - task 0 :(1280, 3, 32, 32)
[2023-10-05 03:10:17,992][root][INFO] - task 1 :(1280, 3, 32, 32)
[2023-10-05 03:10:18,012][root][INFO] - task 2 :(1280, 3, 32, 32)
[2023-10-05 03:10:18,032][root][INFO] - task 3 :(1280, 3, 32, 32)
[2023-10-05 03:10:18,050][root][INFO] - task 4 :(1280, 3, 32, 32)
[2023-10-05 03:10:18,069][root][INFO] - task 5 :(1280, 3, 32, 32)
[2023-10-05 03:10:18,089][root][INFO] - task 6 :(1280, 3, 32, 32)
[2023-10-05 03:10:18,107][root][INFO] - task 7 :(1280, 3, 32, 32)
[2023-10-05 03:10:18,127][root][INFO] - task 8 :(1280, 3, 32, 32)
[2023-10-05 03:10:18,147][root][INFO] - task 9 :(1280, 3, 32, 32)
[2023-10-05 03:10:18,166][root][INFO] - task 10 :(1280, 3, 32, 32)
[2023-10-05 03:10:18,185][root][INFO] - task 11 :(1280, 3, 32, 32)
[2023-10-05 03:10:18,204][root][INFO] - task 12 :(1280, 3, 32, 32)
[2023-10-05 03:10:18,225][root][INFO] - task 13 :(1280, 3, 32, 32)
[2023-10-05 03:10:18,243][root][INFO] - task 14 :(1280, 3, 32, 32)
[2023-10-05 03:10:18,262][root][INFO] - task 15 :(1280, 3, 32, 32)
[2023-10-05 03:10:18,281][root][INFO] - task 16 :(1280, 3, 32, 32)
[2023-10-05 03:10:18,300][root][INFO] - task 17 :(1280, 3, 32, 32)
[2023-10-05 03:10:18,319][root][INFO] - task 18 :(1280, 3, 32, 32)
[2023-10-05 03:10:18,348][root][INFO] - task 19 :(1280, 3, 32, 32)
i_size 32
num_classes 5
net_cfg {'name': 'cnn', 'depth': 4, 'channels': 50, 'conv_kernel': 3, 'maxpool_kernel': 2, 'padding': 1, 'dropout': 0.0, 'i_size': 32, 'num_classes': 5, 'num_tasks': 20, 'num_init_tasks': 4, 'use_contrastive': True}
<class 'shell.learners.er_nocomponents.NoComponentsER'>
[2023-10-05 03:10:18,376][root][INFO] - No. gpus per agent: 0.25
2023-10-05 03:10:21,393	INFO worker.py:1544 -- Started a local Ray instance. View the dashboard at [1m[32m127.0.0.1:8265 [39m[22m
slurmstepd: error: *** JOB 129199 ON ee-a6000-0.grasp.maas CANCELLED AT 2023-10-05T03:10:28 ***
slurmstepd: error: *** STEP 129199.0 ON ee-a6000-0.grasp.maas CANCELLED AT 2023-10-05T03:10:28 ***
