/mnt/kostas-graid/sw/envs/vlongle/miniconda3/envs/shell/lib/python3.10/site-packages/hydra/_internal/defaults_list.py:251: UserWarning: In 'config': Defaults list is missing `_self_`. See https://hydra.cc/docs/1.2/upgrades/1.0_to_1.1/default_composition_order for more information
  warnings.warn(msg, UserWarning)
{'train': {'component_update_freq': 100, 'num_epochs': 100, 'init_component_update_freq': 300, 'init_num_epochs': 300, 'save_freq': 20}, 'dataset': {'dataset_name': 'cifar100', 'num_tasks': 20, 'num_classes_per_task': 5, 'with_replacement': False, 'num_trains_per_class': 256, 'num_vals_per_class': -1, 'remap_labels': True}, 'net': {'name': 'cnn', 'depth': 4, 'channels': 50, 'conv_kernel': 3, 'maxpool_kernel': 2, 'padding': 1, 'dropout': 0.0}, 'sharing_strategy': {'name': 'no_sharing', 'num_coms_per_round': 0}, 'seed': 1, 'algo': 'monolithic', 'job_name': 'cifar100_monolithic_numtrain_256_contrastive', 'num_agents': 8, 'root_save_dir': 'experiment_results/vanilla_cifar', 'parallel': True, 'num_init_tasks': 4, 'agent': {'save_dir': '${root_save_dir}/${job_name}/${dataset.dataset_name}/${algo}/seed_${seed}', 'batch_size': 1024, 'memory_size': 32, 'improvement_threshold': 0.05, 'use_contrastive': True}}
[2023-10-19 19:25:50,131][root][INFO] - Class sequence: [68 60 90 97 15 26 40 87 73  0  2 21 92 76 64 35 83 28 46 45 71 70 55  3
  8 47 74 94 86 31 11 34 32 96 69 22 82 95 18 52 13 33 16 84 53 75 57 36
 30 12  5 93  9 51 72 56 78 65 88 24 44  4 27 37 48 62 14 50 43 42 29 63
 81 91 67 23 39 85 10 41 25 59 38 80 54 17 20  6 79 98  7 61 19 58 89 66
 49  1 99 77]
[2023-10-19 19:25:50,148][root][INFO] - task 0 :(1280, 3, 32, 32)
[2023-10-19 19:25:50,194][root][INFO] - task 1 :(1280, 3, 32, 32)
[2023-10-19 19:25:50,214][root][INFO] - task 2 :(1280, 3, 32, 32)
[2023-10-19 19:25:50,234][root][INFO] - task 3 :(1280, 3, 32, 32)
[2023-10-19 19:25:50,255][root][INFO] - task 4 :(1280, 3, 32, 32)
[2023-10-19 19:25:50,276][root][INFO] - task 5 :(1280, 3, 32, 32)
[2023-10-19 19:25:50,297][root][INFO] - task 6 :(1280, 3, 32, 32)
[2023-10-19 19:25:50,317][root][INFO] - task 7 :(1280, 3, 32, 32)
[2023-10-19 19:25:50,338][root][INFO] - task 8 :(1280, 3, 32, 32)
[2023-10-19 19:25:50,358][root][INFO] - task 9 :(1280, 3, 32, 32)
[2023-10-19 19:25:50,379][root][INFO] - task 10 :(1280, 3, 32, 32)
[2023-10-19 19:25:50,400][root][INFO] - task 11 :(1280, 3, 32, 32)
[2023-10-19 19:25:50,420][root][INFO] - task 12 :(1280, 3, 32, 32)
[2023-10-19 19:25:50,444][root][INFO] - task 13 :(1280, 3, 32, 32)
[2023-10-19 19:25:50,473][root][INFO] - task 14 :(1280, 3, 32, 32)
[2023-10-19 19:25:50,494][root][INFO] - task 15 :(1280, 3, 32, 32)
[2023-10-19 19:25:50,515][root][INFO] - task 16 :(1280, 3, 32, 32)
[2023-10-19 19:25:50,543][root][INFO] - task 17 :(1280, 3, 32, 32)
[2023-10-19 19:25:50,564][root][INFO] - task 18 :(1280, 3, 32, 32)
[2023-10-19 19:25:50,583][root][INFO] - task 19 :(1280, 3, 32, 32)
[2023-10-19 19:25:51,063][root][INFO] - Class sequence: [63 93 97 51 96 92 82  6 32 20 70 54 17 84 77 62 86 75  1 31 45 27 25 33
 76 11 56 13 36 87 37 24 28 65 44 48 81 42 12 74 40 16 55 72 88 90 43 66
 47  9 99 19 67  8 50 38 39 69 73 52 18 60 22  3 15 57 68 91 71 85  4 61
 94 26 23 83 10 30 46 53 29 79  5 58  7 21 59 98 64 14 80 89 35 95 78  2
  0 41 49 34]
[2023-10-19 19:25:51,079][root][INFO] - task 0 :(1280, 3, 32, 32)
[2023-10-19 19:25:51,105][root][INFO] - task 1 :(1280, 3, 32, 32)
[2023-10-19 19:25:51,125][root][INFO] - task 2 :(1280, 3, 32, 32)
[2023-10-19 19:25:51,144][root][INFO] - task 3 :(1280, 3, 32, 32)
[2023-10-19 19:25:51,165][root][INFO] - task 4 :(1280, 3, 32, 32)
[2023-10-19 19:25:51,185][root][INFO] - task 5 :(1280, 3, 32, 32)
[2023-10-19 19:25:51,206][root][INFO] - task 6 :(1280, 3, 32, 32)
[2023-10-19 19:25:51,234][root][INFO] - task 7 :(1280, 3, 32, 32)
[2023-10-19 19:25:51,255][root][INFO] - task 8 :(1280, 3, 32, 32)
[2023-10-19 19:25:51,276][root][INFO] - task 9 :(1280, 3, 32, 32)
[2023-10-19 19:25:51,296][root][INFO] - task 10 :(1280, 3, 32, 32)
[2023-10-19 19:25:51,316][root][INFO] - task 11 :(1280, 3, 32, 32)
[2023-10-19 19:25:51,337][root][INFO] - task 12 :(1280, 3, 32, 32)
[2023-10-19 19:25:51,356][root][INFO] - task 13 :(1280, 3, 32, 32)
[2023-10-19 19:25:51,376][root][INFO] - task 14 :(1280, 3, 32, 32)
[2023-10-19 19:25:51,396][root][INFO] - task 15 :(1280, 3, 32, 32)
[2023-10-19 19:25:51,422][root][INFO] - task 16 :(1280, 3, 32, 32)
[2023-10-19 19:25:51,442][root][INFO] - task 17 :(1280, 3, 32, 32)
[2023-10-19 19:25:51,463][root][INFO] - task 18 :(1280, 3, 32, 32)
[2023-10-19 19:25:51,483][root][INFO] - task 19 :(1280, 3, 32, 32)
[2023-10-19 19:25:51,968][root][INFO] - Class sequence: [13  0 10 22  2 93 80  5  7 99 94 76 54 12 83  9 39  8 87 98 32 46 61 69
 70 92 71 29 27 75 21 17 85  1 74 97 43 91 51 59 14 20 63  6 41 25 81 65
 53 57 67 35 31 45 64 44 68 30 84 73 86 26 95 37 48 56 15 78 38 19 90 58
 34 77 89 88 36 42 23 52 33  3 62 55 40 60 50 72 24 16 82 28 18 49 47 66
 96 79 11  4]
[2023-10-19 19:25:51,983][root][INFO] - task 0 :(1280, 3, 32, 32)
[2023-10-19 19:25:52,003][root][INFO] - task 1 :(1280, 3, 32, 32)
[2023-10-19 19:25:52,023][root][INFO] - task 2 :(1280, 3, 32, 32)
[2023-10-19 19:25:52,049][root][INFO] - task 3 :(1280, 3, 32, 32)
[2023-10-19 19:25:52,082][root][INFO] - task 4 :(1280, 3, 32, 32)
[2023-10-19 19:25:52,101][root][INFO] - task 5 :(1280, 3, 32, 32)
[2023-10-19 19:25:52,153][root][INFO] - task 6 :(1280, 3, 32, 32)
[2023-10-19 19:25:52,173][root][INFO] - task 7 :(1280, 3, 32, 32)
[2023-10-19 19:25:52,193][root][INFO] - task 8 :(1280, 3, 32, 32)
[2023-10-19 19:25:52,214][root][INFO] - task 9 :(1280, 3, 32, 32)
[2023-10-19 19:25:52,234][root][INFO] - task 10 :(1280, 3, 32, 32)
[2023-10-19 19:25:52,255][root][INFO] - task 11 :(1280, 3, 32, 32)
[2023-10-19 19:25:52,276][root][INFO] - task 12 :(1280, 3, 32, 32)
[2023-10-19 19:25:52,296][root][INFO] - task 13 :(1280, 3, 32, 32)
[2023-10-19 19:25:52,316][root][INFO] - task 14 :(1280, 3, 32, 32)
[2023-10-19 19:25:52,336][root][INFO] - task 15 :(1280, 3, 32, 32)
[2023-10-19 19:25:52,357][root][INFO] - task 16 :(1280, 3, 32, 32)
[2023-10-19 19:25:52,383][root][INFO] - task 17 :(1280, 3, 32, 32)
[2023-10-19 19:25:52,409][root][INFO] - task 18 :(1280, 3, 32, 32)
[2023-10-19 19:25:52,428][root][INFO] - task 19 :(1280, 3, 32, 32)
[2023-10-19 19:25:52,918][root][INFO] - Class sequence: [ 5 81 60 19 41 97 98 51 26 84 80 17 82  2 44 83 75  8 45 93  9  0 94 52
 10 99 16 24 11 27 34 65 30 12 92 56 42 55 87 88  7 33 32 91 29 40 20 86
 96 48 31 71 79 72 46 61 36  4 18 43  1 28 53 54 25 78 90 74 37 38 95 69
 14 58 23 62 64 76 68 13 22 63 47  6 21 35  3 89 77 39 67 70 66 15 73 85
 50 59 57 49]
[2023-10-19 19:25:52,934][root][INFO] - task 0 :(1280, 3, 32, 32)
[2023-10-19 19:25:52,955][root][INFO] - task 1 :(1280, 3, 32, 32)
[2023-10-19 19:25:52,977][root][INFO] - task 2 :(1280, 3, 32, 32)
[2023-10-19 19:25:52,997][root][INFO] - task 3 :(1280, 3, 32, 32)
[2023-10-19 19:25:53,018][root][INFO] - task 4 :(1280, 3, 32, 32)
[2023-10-19 19:25:53,039][root][INFO] - task 5 :(1280, 3, 32, 32)
[2023-10-19 19:25:53,061][root][INFO] - task 6 :(1280, 3, 32, 32)
[2023-10-19 19:25:53,082][root][INFO] - task 7 :(1280, 3, 32, 32)
[2023-10-19 19:25:53,104][root][INFO] - task 8 :(1280, 3, 32, 32)
[2023-10-19 19:25:53,126][root][INFO] - task 9 :(1280, 3, 32, 32)
[2023-10-19 19:25:53,148][root][INFO] - task 10 :(1280, 3, 32, 32)
[2023-10-19 19:25:53,169][root][INFO] - task 11 :(1280, 3, 32, 32)
[2023-10-19 19:25:53,190][root][INFO] - task 12 :(1280, 3, 32, 32)
[2023-10-19 19:25:53,212][root][INFO] - task 13 :(1280, 3, 32, 32)
[2023-10-19 19:25:53,244][root][INFO] - task 14 :(1280, 3, 32, 32)
[2023-10-19 19:25:53,265][root][INFO] - task 15 :(1280, 3, 32, 32)
[2023-10-19 19:25:53,288][root][INFO] - task 16 :(1280, 3, 32, 32)
[2023-10-19 19:25:53,325][root][INFO] - task 17 :(1280, 3, 32, 32)
[2023-10-19 19:25:53,355][root][INFO] - task 18 :(1280, 3, 32, 32)
[2023-10-19 19:25:53,376][root][INFO] - task 19 :(1280, 3, 32, 32)
[2023-10-19 19:25:53,864][root][INFO] - Class sequence: [49 43 99 84 92 28 29 19 40 13 58  7 72 11 15 33 35 78 16 62 26 18  5 47
 83 54 12 45 38 24 67 77 95  8 50 57 41 79 36 31 85 81 14 21 34 90 76 32
 61 66 56 69 25 89 23 48  4  6 37 75 65 59 39 86 93 53 17 55 97 60 64  1
 98 80 10 44 52 51 27 87 46 68 91  3 73 30  0 74 82  2 96 88  9 70 63 22
 94 42 20 71]
[2023-10-19 19:25:53,879][root][INFO] - task 0 :(1280, 3, 32, 32)
[2023-10-19 19:25:53,911][root][INFO] - task 1 :(1280, 3, 32, 32)
[2023-10-19 19:25:53,964][root][INFO] - task 2 :(1280, 3, 32, 32)
[2023-10-19 19:25:54,015][root][INFO] - task 3 :(1280, 3, 32, 32)
[2023-10-19 19:25:54,036][root][INFO] - task 4 :(1280, 3, 32, 32)
[2023-10-19 19:25:54,063][root][INFO] - task 5 :(1280, 3, 32, 32)
[2023-10-19 19:25:54,084][root][INFO] - task 6 :(1280, 3, 32, 32)
[2023-10-19 19:25:54,106][root][INFO] - task 7 :(1280, 3, 32, 32)
[2023-10-19 19:25:54,127][root][INFO] - task 8 :(1280, 3, 32, 32)
[2023-10-19 19:25:54,149][root][INFO] - task 9 :(1280, 3, 32, 32)
[2023-10-19 19:25:54,170][root][INFO] - task 10 :(1280, 3, 32, 32)
[2023-10-19 19:25:54,192][root][INFO] - task 11 :(1280, 3, 32, 32)
[2023-10-19 19:25:54,212][root][INFO] - task 12 :(1280, 3, 32, 32)
[2023-10-19 19:25:54,232][root][INFO] - task 13 :(1280, 3, 32, 32)
[2023-10-19 19:25:54,252][root][INFO] - task 14 :(1280, 3, 32, 32)
[2023-10-19 19:25:54,273][root][INFO] - task 15 :(1280, 3, 32, 32)
[2023-10-19 19:25:54,299][root][INFO] - task 16 :(1280, 3, 32, 32)
[2023-10-19 19:25:54,318][root][INFO] - task 17 :(1280, 3, 32, 32)
[2023-10-19 19:25:54,337][root][INFO] - task 18 :(1280, 3, 32, 32)
[2023-10-19 19:25:54,357][root][INFO] - task 19 :(1280, 3, 32, 32)
[2023-10-19 19:25:54,838][root][INFO] - Class sequence: [ 6 29 16 26 78 10 11 53 87 36 33 52 12 19 69 35 27 71 90 23 13 32  1 57
 73 63 83 28 61 39 95 31 34 79 30 21 44 43 86  8 77 67 49 89 24 72  4 15
 94 74 62 37 88 40 59 85  2 92 93 96 98  7 60 55 41 54 22 68  5 64 14  3
 25 42 50 56 82 47 84 17  9 99  0 81 97 58 20 66 48 18 76 45 80 70 51 65
 38 91 75 46]
[2023-10-19 19:25:54,855][root][INFO] - task 0 :(1280, 3, 32, 32)
[2023-10-19 19:25:54,875][root][INFO] - task 1 :(1280, 3, 32, 32)
[2023-10-19 19:25:54,896][root][INFO] - task 2 :(1280, 3, 32, 32)
[2023-10-19 19:25:54,917][root][INFO] - task 3 :(1280, 3, 32, 32)
[2023-10-19 19:25:54,938][root][INFO] - task 4 :(1280, 3, 32, 32)
[2023-10-19 19:25:54,960][root][INFO] - task 5 :(1280, 3, 32, 32)
[2023-10-19 19:25:54,981][root][INFO] - task 6 :(1280, 3, 32, 32)
[2023-10-19 19:25:55,002][root][INFO] - task 7 :(1280, 3, 32, 32)
[2023-10-19 19:25:55,030][root][INFO] - task 8 :(1280, 3, 32, 32)
[2023-10-19 19:25:55,081][root][INFO] - task 9 :(1280, 3, 32, 32)
[2023-10-19 19:25:55,210][root][INFO] - task 10 :(1280, 3, 32, 32)
[2023-10-19 19:25:55,233][root][INFO] - task 11 :(1280, 3, 32, 32)
[2023-10-19 19:25:55,265][root][INFO] - task 12 :(1280, 3, 32, 32)
[2023-10-19 19:25:55,287][root][INFO] - task 13 :(1280, 3, 32, 32)
[2023-10-19 19:25:55,307][root][INFO] - task 14 :(1280, 3, 32, 32)
[2023-10-19 19:25:55,328][root][INFO] - task 15 :(1280, 3, 32, 32)
[2023-10-19 19:25:55,359][root][INFO] - task 16 :(1280, 3, 32, 32)
[2023-10-19 19:25:55,378][root][INFO] - task 17 :(1280, 3, 32, 32)
[2023-10-19 19:25:55,398][root][INFO] - task 18 :(1280, 3, 32, 32)
[2023-10-19 19:25:55,419][root][INFO] - task 19 :(1280, 3, 32, 32)
[2023-10-19 19:25:55,915][root][INFO] - Class sequence: [19 71 11 32  9 85 67 24  1 17 58 34 82 15 77 74 10 43 23 64 93 26 92 79
 39 56 97 25 70 52 54 45 36 28 27  4 60  5 16 63 42 30 38 84 55 94 72  3
 35 69 48 80 46 73 81 22 14 33 91 90 83 40  2 68 49 75 53  8 44 47 86 62
 65 13 12 95 88 37 57 98 59 18  6 78 50 61 66  0 29 76  7 20 87 89 41 21
 31 99 51 96]
[2023-10-19 19:25:55,931][root][INFO] - task 0 :(1280, 3, 32, 32)
[2023-10-19 19:25:55,952][root][INFO] - task 1 :(1280, 3, 32, 32)
[2023-10-19 19:25:55,974][root][INFO] - task 2 :(1280, 3, 32, 32)
[2023-10-19 19:25:55,996][root][INFO] - task 3 :(1280, 3, 32, 32)
[2023-10-19 19:25:56,018][root][INFO] - task 4 :(1280, 3, 32, 32)
[2023-10-19 19:25:56,039][root][INFO] - task 5 :(1280, 3, 32, 32)
[2023-10-19 19:25:56,060][root][INFO] - task 6 :(1280, 3, 32, 32)
[2023-10-19 19:25:56,081][root][INFO] - task 7 :(1280, 3, 32, 32)
[2023-10-19 19:25:56,109][root][INFO] - task 8 :(1280, 3, 32, 32)
[2023-10-19 19:25:56,159][root][INFO] - task 9 :(1280, 3, 32, 32)
[2023-10-19 19:25:56,179][root][INFO] - task 10 :(1280, 3, 32, 32)
[2023-10-19 19:25:56,200][root][INFO] - task 11 :(1280, 3, 32, 32)
[2023-10-19 19:25:56,220][root][INFO] - task 12 :(1280, 3, 32, 32)
[2023-10-19 19:25:56,240][root][INFO] - task 13 :(1280, 3, 32, 32)
[2023-10-19 19:25:56,261][root][INFO] - task 14 :(1280, 3, 32, 32)
[2023-10-19 19:25:56,281][root][INFO] - task 15 :(1280, 3, 32, 32)
[2023-10-19 19:25:56,301][root][INFO] - task 16 :(1280, 3, 32, 32)
[2023-10-19 19:25:56,320][root][INFO] - task 17 :(1280, 3, 32, 32)
[2023-10-19 19:25:56,339][root][INFO] - task 18 :(1280, 3, 32, 32)
[2023-10-19 19:25:56,358][root][INFO] - task 19 :(1280, 3, 32, 32)
[2023-10-19 19:25:56,844][root][INFO] - Class sequence: [61 99 26 84 59 52 12 76 78 34 39 89 25 64  9 60 24  7  4 73 75 98 86 41
 57 90 37 92  2 20 21 15 94 40 38 96 47 11 87 80 51 55 19 33  3 35 44 74
 10 50 83 97 82 30  1 29 63 18 53 91  5 17 45 56 32 79 70 69 13 22 48 88
  8 95 54 62 36  0 28 58 71 43 23 77 27 93 49 85 31 67 14 16 66 68 42  6
 65 46 81 72]
[2023-10-19 19:25:56,863][root][INFO] - task 0 :(1280, 3, 32, 32)
[2023-10-19 19:25:56,889][root][INFO] - task 1 :(1280, 3, 32, 32)
[2023-10-19 19:25:56,909][root][INFO] - task 2 :(1280, 3, 32, 32)
[2023-10-19 19:25:56,929][root][INFO] - task 3 :(1280, 3, 32, 32)
[2023-10-19 19:25:56,950][root][INFO] - task 4 :(1280, 3, 32, 32)
[2023-10-19 19:25:56,970][root][INFO] - task 5 :(1280, 3, 32, 32)
[2023-10-19 19:25:56,990][root][INFO] - task 6 :(1280, 3, 32, 32)
[2023-10-19 19:25:57,010][root][INFO] - task 7 :(1280, 3, 32, 32)
[2023-10-19 19:25:57,029][root][INFO] - task 8 :(1280, 3, 32, 32)
[2023-10-19 19:25:57,049][root][INFO] - task 9 :(1280, 3, 32, 32)
[2023-10-19 19:25:57,067][root][INFO] - task 10 :(1280, 3, 32, 32)
[2023-10-19 19:25:57,099][root][INFO] - task 11 :(1280, 3, 32, 32)
[2023-10-19 19:25:57,118][root][INFO] - task 12 :(1280, 3, 32, 32)
[2023-10-19 19:25:57,144][root][INFO] - task 13 :(1280, 3, 32, 32)
[2023-10-19 19:25:57,161][root][INFO] - task 14 :(1280, 3, 32, 32)
[2023-10-19 19:25:57,192][root][INFO] - task 15 :(1280, 3, 32, 32)
[2023-10-19 19:25:57,221][root][INFO] - task 16 :(1280, 3, 32, 32)
[2023-10-19 19:25:57,240][root][INFO] - task 17 :(1280, 3, 32, 32)
[2023-10-19 19:25:57,259][root][INFO] - task 18 :(1280, 3, 32, 32)
[2023-10-19 19:25:57,277][root][INFO] - task 19 :(1280, 3, 32, 32)
i_size 32
num_classes 5
net_cfg {'name': 'cnn', 'depth': 4, 'channels': 50, 'conv_kernel': 3, 'maxpool_kernel': 2, 'padding': 1, 'dropout': 0.0, 'i_size': 32, 'num_classes': 5, 'num_tasks': 20, 'num_init_tasks': 4, 'use_contrastive': True}
<class 'shell.learners.er_nocomponents.NoComponentsER'>
[2023-10-19 19:25:57,306][root][INFO] - No. gpus per agent: 0.25
2023-10-19 19:26:00,214	INFO worker.py:1544 -- Started a local Ray instance. View the dashboard at [1m[32m127.0.0.1:8267 [39m[22m
[2m[36m(ParallelAgent pid=2901274)[0m INFO:root:Agent: node_id: 0, seed: 1
[2m[36m(ParallelAgent pid=2901652)[0m INFO:root:Agent: node_id: 1, seed: 1001
[2m[36m(ParallelAgent pid=2941780)[0m INFO:root:Agent: node_id: 2, seed: 2001
[2m[36m(ParallelAgent pid=2942215)[0m INFO:root:Agent: node_id: 3, seed: 3001
[2023-10-19 19:26:21,722][root][INFO] - Created fleet with 8 agents
[2023-10-19 19:26:21,722][root][INFO] - Adding neighbors...
[2m[36m(ParallelAgent pid=2942659)[0m INFO:root:Agent: node_id: 4, seed: 4001
[2m[36m(ParallelAgent pid=2942982)[0m INFO:root:Agent: node_id: 5, seed: 5001
[2m[36m(ParallelAgent pid=2943522)[0m INFO:root:Agent: node_id: 6, seed: 6001
[2m[36m(ParallelAgent pid=2944116)[0m INFO:root:Agent: node_id: 7, seed: 7001
[2023-10-19 19:26:24,429][root][INFO] - Fleet initialized
[2m[36m(ParallelAgent pid=2901274)[0m INFO:root:epochs: 0, training task: 0
[2m[36m(ParallelAgent pid=2901274)[0m INFO:root:	task: 0	loss: 1.61022174	acc: 0.200
[2m[36m(ParallelAgent pid=2901274)[0m INFO:root:	task: avg	loss: 1.61022174	acc: 0.200
[2m[36m(ParallelAgent pid=2942215)[0m INFO:root:epochs: 0, training task: 0
[2m[36m(ParallelAgent pid=2942215)[0m INFO:root:	task: 0	loss: 1.61115753	acc: 0.200
[2m[36m(ParallelAgent pid=2942215)[0m INFO:root:	task: avg	loss: 1.61115753	acc: 0.200
[2m[36m(ParallelAgent pid=2942659)[0m INFO:root:epochs: 0, training task: 0
[2m[36m(ParallelAgent pid=2942659)[0m INFO:root:	task: 0	loss: 1.60999957	acc: 0.200
[2m[36m(ParallelAgent pid=2942659)[0m INFO:root:	task: avg	loss: 1.60999957	acc: 0.200
[2m[36m(ParallelAgent pid=2943522)[0m INFO:root:epochs: 0, training task: 0
[2m[36m(ParallelAgent pid=2943522)[0m INFO:root:	task: 0	loss: 1.61009576	acc: 0.196
[2m[36m(ParallelAgent pid=2943522)[0m INFO:root:	task: avg	loss: 1.61009576	acc: 0.196
[2m[36m(ParallelAgent pid=2901652)[0m INFO:root:epochs: 0, training task: 0
[2m[36m(ParallelAgent pid=2901652)[0m INFO:root:	task: 0	loss: 1.61027216	acc: 0.200
[2m[36m(ParallelAgent pid=2901652)[0m INFO:root:	task: avg	loss: 1.61027216	acc: 0.200
[2m[36m(ParallelAgent pid=2941780)[0m INFO:root:epochs: 0, training task: 0
[2m[36m(ParallelAgent pid=2941780)[0m INFO:root:	task: 0	loss: 1.61001410	acc: 0.200
[2m[36m(ParallelAgent pid=2941780)[0m INFO:root:	task: avg	loss: 1.61001410	acc: 0.200
[2m[36m(ParallelAgent pid=2942982)[0m INFO:root:epochs: 0, training task: 0
[2m[36m(ParallelAgent pid=2942982)[0m INFO:root:	task: 0	loss: 1.61073041	acc: 0.200
[2m[36m(ParallelAgent pid=2942982)[0m INFO:root:	task: avg	loss: 1.61073041	acc: 0.200
[2m[36m(ParallelAgent pid=2944116)[0m INFO:root:epochs: 0, training task: 0
[2m[36m(ParallelAgent pid=2944116)[0m INFO:root:	task: 0	loss: 1.60969696	acc: 0.200
[2m[36m(ParallelAgent pid=2944116)[0m INFO:root:	task: avg	loss: 1.60969696	acc: 0.200
[2m[36m(ParallelAgent pid=2901274)[0m INFO:root:epochs: 0, training task: 0
[2m[36m(ParallelAgent pid=2901274)[0m INFO:root:	task: 0	loss: 1.61022174	acc: 0.200
[2m[36m(ParallelAgent pid=2901274)[0m INFO:root:	task: avg	loss: 1.61022174	acc: 0.200
[2m[36m(ParallelAgent pid=2901652)[0m INFO:root:epochs: 0, training task: 0
[2m[36m(ParallelAgent pid=2901652)[0m INFO:root:	task: 0	loss: 1.61027216	acc: 0.200
[2m[36m(ParallelAgent pid=2901652)[0m INFO:root:	task: avg	loss: 1.61027216	acc: 0.200
[2m[36m(ParallelAgent pid=2941780)[0m INFO:root:epochs: 0, training task: 0
[2m[36m(ParallelAgent pid=2941780)[0m INFO:root:	task: 0	loss: 1.61001410	acc: 0.200
[2m[36m(ParallelAgent pid=2941780)[0m INFO:root:	task: avg	loss: 1.61001410	acc: 0.200
[2m[36m(ParallelAgent pid=2942215)[0m INFO:root:epochs: 0, training task: 0
[2m[36m(ParallelAgent pid=2942215)[0m INFO:root:	task: 0	loss: 1.61115753	acc: 0.200
[2m[36m(ParallelAgent pid=2942215)[0m INFO:root:	task: avg	loss: 1.61115753	acc: 0.200
[2m[36m(ParallelAgent pid=2942659)[0m INFO:root:epochs: 0, training task: 0
[2m[36m(ParallelAgent pid=2942659)[0m INFO:root:	task: 0	loss: 1.60999957	acc: 0.200
[2m[36m(ParallelAgent pid=2942659)[0m INFO:root:	task: avg	loss: 1.60999957	acc: 0.200
[2m[36m(ParallelAgent pid=2942982)[0m INFO:root:epochs: 0, training task: 0
[2m[36m(ParallelAgent pid=2942982)[0m INFO:root:	task: 0	loss: 1.61073041	acc: 0.200
[2m[36m(ParallelAgent pid=2942982)[0m INFO:root:	task: avg	loss: 1.61073041	acc: 0.200
[2m[36m(ParallelAgent pid=2943522)[0m INFO:root:epochs: 0, training task: 0
[2m[36m(ParallelAgent pid=2943522)[0m INFO:root:	task: 0	loss: 1.61009576	acc: 0.196
[2m[36m(ParallelAgent pid=2943522)[0m INFO:root:	task: avg	loss: 1.61009576	acc: 0.196
[2m[36m(ParallelAgent pid=2944116)[0m INFO:root:epochs: 0, training task: 0
[2m[36m(ParallelAgent pid=2944116)[0m INFO:root:	task: 0	loss: 1.60969696	acc: 0.200
[2m[36m(ParallelAgent pid=2944116)[0m INFO:root:	task: avg	loss: 1.60969696	acc: 0.200
[2m[36m(ParallelAgent pid=2901274)[0m INFO:root:epochs: 0, training task: 1
[2m[36m(ParallelAgent pid=2901274)[0m INFO:root:	task: 0	loss: 1.61022174	acc: 0.200
[2m[36m(ParallelAgent pid=2901274)[0m INFO:root:	task: 1	loss: 1.61036237	acc: 0.200
[2m[36m(ParallelAgent pid=2901274)[0m INFO:root:	task: avg	loss: 1.61029205	acc: 0.200
[2m[36m(ParallelAgent pid=2941780)[0m INFO:root:epochs: 0, training task: 1
[2m[36m(ParallelAgent pid=2941780)[0m INFO:root:	task: 0	loss: 1.61001410	acc: 0.200
[2m[36m(ParallelAgent pid=2941780)[0m INFO:root:	task: 1	loss: 1.60985022	acc: 0.200
[2m[36m(ParallelAgent pid=2941780)[0m INFO:root:	task: avg	loss: 1.60993216	acc: 0.200
[2m[36m(ParallelAgent pid=2942215)[0m INFO:root:epochs: 0, training task: 1
[2m[36m(ParallelAgent pid=2942215)[0m INFO:root:	task: 0	loss: 1.61115753	acc: 0.200
[2m[36m(ParallelAgent pid=2942215)[0m INFO:root:	task: 1	loss: 1.61035052	acc: 0.200
[2m[36m(ParallelAgent pid=2942215)[0m INFO:root:	task: avg	loss: 1.61075403	acc: 0.200
[2m[36m(ParallelAgent pid=2942659)[0m INFO:root:epochs: 0, training task: 1
[2m[36m(ParallelAgent pid=2942659)[0m INFO:root:	task: 0	loss: 1.60999957	acc: 0.200
[2m[36m(ParallelAgent pid=2942659)[0m INFO:root:	task: 1	loss: 1.61105341	acc: 0.200
[2m[36m(ParallelAgent pid=2942659)[0m INFO:root:	task: avg	loss: 1.61052649	acc: 0.200
[2m[36m(ParallelAgent pid=2942982)[0m INFO:root:epochs: 0, training task: 1
[2m[36m(ParallelAgent pid=2942982)[0m INFO:root:	task: 0	loss: 1.61073041	acc: 0.200
[2m[36m(ParallelAgent pid=2942982)[0m INFO:root:	task: 1	loss: 1.60914478	acc: 0.200
[2m[36m(ParallelAgent pid=2942982)[0m INFO:root:	task: avg	loss: 1.60993759	acc: 0.200
[2m[36m(ParallelAgent pid=2943522)[0m INFO:root:epochs: 0, training task: 1
[2m[36m(ParallelAgent pid=2943522)[0m INFO:root:	task: 0	loss: 1.61009576	acc: 0.196
[2m[36m(ParallelAgent pid=2943522)[0m INFO:root:	task: 1	loss: 1.61073163	acc: 0.200
[2m[36m(ParallelAgent pid=2943522)[0m INFO:root:	task: avg	loss: 1.61041370	acc: 0.198
[2m[36m(ParallelAgent pid=2944116)[0m INFO:root:epochs: 0, training task: 1
[2m[36m(ParallelAgent pid=2944116)[0m INFO:root:	task: 0	loss: 1.60969696	acc: 0.200
[2m[36m(ParallelAgent pid=2944116)[0m INFO:root:	task: 1	loss: 1.61025543	acc: 0.200
[2m[36m(ParallelAgent pid=2944116)[0m INFO:root:	task: avg	loss: 1.60997620	acc: 0.200
[2m[36m(ParallelAgent pid=2901652)[0m INFO:root:epochs: 0, training task: 1
[2m[36m(ParallelAgent pid=2901652)[0m INFO:root:	task: 0	loss: 1.61027216	acc: 0.200
[2m[36m(ParallelAgent pid=2901652)[0m INFO:root:	task: 1	loss: 1.61025946	acc: 0.200
[2m[36m(ParallelAgent pid=2901652)[0m INFO:root:	task: avg	loss: 1.61026581	acc: 0.200
[2m[36m(ParallelAgent pid=2944116)[0m INFO:root:epochs: 0, training task: 1
[2m[36m(ParallelAgent pid=2944116)[0m INFO:root:	task: 0	loss: 1.60969696	acc: 0.200
[2m[36m(ParallelAgent pid=2944116)[0m INFO:root:	task: 1	loss: 1.61025543	acc: 0.200
[2m[36m(ParallelAgent pid=2944116)[0m INFO:root:	task: avg	loss: 1.60997620	acc: 0.200
[2m[36m(ParallelAgent pid=2901274)[0m INFO:root:epochs: 0, training task: 1
[2m[36m(ParallelAgent pid=2901274)[0m INFO:root:	task: 0	loss: 1.61022174	acc: 0.200
[2m[36m(ParallelAgent pid=2901274)[0m INFO:root:	task: 1	loss: 1.61036237	acc: 0.200
[2m[36m(ParallelAgent pid=2901274)[0m INFO:root:	task: avg	loss: 1.61029205	acc: 0.200
[2m[36m(ParallelAgent pid=2901652)[0m INFO:root:epochs: 0, training task: 1
[2m[36m(ParallelAgent pid=2901652)[0m INFO:root:	task: 0	loss: 1.61027216	acc: 0.200
[2m[36m(ParallelAgent pid=2901652)[0m INFO:root:	task: 1	loss: 1.61025946	acc: 0.200
[2m[36m(ParallelAgent pid=2901652)[0m INFO:root:	task: avg	loss: 1.61026581	acc: 0.200
[2m[36m(ParallelAgent pid=2941780)[0m INFO:root:epochs: 0, training task: 1
[2m[36m(ParallelAgent pid=2941780)[0m INFO:root:	task: 0	loss: 1.61001410	acc: 0.200
[2m[36m(ParallelAgent pid=2941780)[0m INFO:root:	task: 1	loss: 1.60985022	acc: 0.200
[2m[36m(ParallelAgent pid=2941780)[0m INFO:root:	task: avg	loss: 1.60993216	acc: 0.200
[2m[36m(ParallelAgent pid=2942215)[0m INFO:root:epochs: 0, training task: 1
[2m[36m(ParallelAgent pid=2942215)[0m INFO:root:	task: 0	loss: 1.61115753	acc: 0.200
[2m[36m(ParallelAgent pid=2942215)[0m INFO:root:	task: 1	loss: 1.61035052	acc: 0.200
[2m[36m(ParallelAgent pid=2942215)[0m INFO:root:	task: avg	loss: 1.61075403	acc: 0.200
[2m[36m(ParallelAgent pid=2942659)[0m INFO:root:epochs: 0, training task: 1
[2m[36m(ParallelAgent pid=2942659)[0m INFO:root:	task: 0	loss: 1.60999957	acc: 0.200
[2m[36m(ParallelAgent pid=2942659)[0m INFO:root:	task: 1	loss: 1.61105341	acc: 0.200
[2m[36m(ParallelAgent pid=2942659)[0m INFO:root:	task: avg	loss: 1.61052649	acc: 0.200
[2m[36m(ParallelAgent pid=2942982)[0m INFO:root:epochs: 0, training task: 1
[2m[36m(ParallelAgent pid=2942982)[0m INFO:root:	task: 0	loss: 1.61073041	acc: 0.200
[2m[36m(ParallelAgent pid=2942982)[0m INFO:root:	task: 1	loss: 1.60914478	acc: 0.200
[2m[36m(ParallelAgent pid=2942982)[0m INFO:root:	task: avg	loss: 1.60993759	acc: 0.200
[2m[36m(ParallelAgent pid=2943522)[0m INFO:root:epochs: 0, training task: 1
[2m[36m(ParallelAgent pid=2943522)[0m INFO:root:	task: 0	loss: 1.61009576	acc: 0.196
[2m[36m(ParallelAgent pid=2943522)[0m INFO:root:	task: 1	loss: 1.61073163	acc: 0.200
[2m[36m(ParallelAgent pid=2943522)[0m INFO:root:	task: avg	loss: 1.61041370	acc: 0.198
[2m[36m(ParallelAgent pid=2944116)[0m INFO:root:epochs: 0, training task: 2
[2m[36m(ParallelAgent pid=2944116)[0m INFO:root:	task: 0	loss: 1.60969696	acc: 0.200
[2m[36m(ParallelAgent pid=2944116)[0m INFO:root:	task: 1	loss: 1.61025543	acc: 0.200
[2m[36m(ParallelAgent pid=2944116)[0m INFO:root:	task: 2	loss: 1.61074158	acc: 0.200
[2m[36m(ParallelAgent pid=2944116)[0m INFO:root:	task: avg	loss: 1.61023132	acc: 0.200
[2m[36m(ParallelAgent pid=2901274)[0m INFO:root:epochs: 0, training task: 2
[2m[36m(ParallelAgent pid=2901274)[0m INFO:root:	task: 0	loss: 1.61022174	acc: 0.200
[2m[36m(ParallelAgent pid=2901274)[0m INFO:root:	task: 1	loss: 1.61036237	acc: 0.200
[2m[36m(ParallelAgent pid=2901274)[0m INFO:root:	task: 2	loss: 1.60999176	acc: 0.200
[2m[36m(ParallelAgent pid=2901274)[0m INFO:root:	task: avg	loss: 1.61019196	acc: 0.200
[2m[36m(ParallelAgent pid=2943522)[0m INFO:root:epochs: 0, training task: 2
[2m[36m(ParallelAgent pid=2943522)[0m INFO:root:	task: 0	loss: 1.61009576	acc: 0.196
[2m[36m(ParallelAgent pid=2943522)[0m INFO:root:	task: 1	loss: 1.61073163	acc: 0.200
[2m[36m(ParallelAgent pid=2943522)[0m INFO:root:	task: 2	loss: 1.61002747	acc: 0.200
[2m[36m(ParallelAgent pid=2943522)[0m INFO:root:	task: avg	loss: 1.61028495	acc: 0.199
[2m[36m(ParallelAgent pid=2901652)[0m INFO:root:epochs: 0, training task: 2
[2m[36m(ParallelAgent pid=2901652)[0m INFO:root:	task: 0	loss: 1.61027216	acc: 0.200
[2m[36m(ParallelAgent pid=2901652)[0m INFO:root:	task: 1	loss: 1.61025946	acc: 0.200
[2m[36m(ParallelAgent pid=2901652)[0m INFO:root:	task: 2	loss: 1.61150348	acc: 0.200
[2m[36m(ParallelAgent pid=2901652)[0m INFO:root:	task: avg	loss: 1.61067837	acc: 0.200
[2m[36m(ParallelAgent pid=2941780)[0m INFO:root:epochs: 0, training task: 2
[2m[36m(ParallelAgent pid=2941780)[0m INFO:root:	task: 0	loss: 1.61001410	acc: 0.200
[2m[36m(ParallelAgent pid=2941780)[0m INFO:root:	task: 1	loss: 1.60985022	acc: 0.200
[2m[36m(ParallelAgent pid=2941780)[0m INFO:root:	task: 2	loss: 1.60969458	acc: 0.200
[2m[36m(ParallelAgent pid=2941780)[0m INFO:root:	task: avg	loss: 1.60985297	acc: 0.200
[2m[36m(ParallelAgent pid=2942215)[0m INFO:root:epochs: 0, training task: 2
[2m[36m(ParallelAgent pid=2942215)[0m INFO:root:	task: 0	loss: 1.61115753	acc: 0.200
[2m[36m(ParallelAgent pid=2942215)[0m INFO:root:	task: 1	loss: 1.61035052	acc: 0.200
[2m[36m(ParallelAgent pid=2942215)[0m INFO:root:	task: 2	loss: 1.61000146	acc: 0.226
[2m[36m(ParallelAgent pid=2942215)[0m INFO:root:	task: avg	loss: 1.61050317	acc: 0.209
[2m[36m(ParallelAgent pid=2942659)[0m INFO:root:epochs: 0, training task: 2
[2m[36m(ParallelAgent pid=2942659)[0m INFO:root:	task: 0	loss: 1.60999957	acc: 0.200
[2m[36m(ParallelAgent pid=2942659)[0m INFO:root:	task: 1	loss: 1.61105341	acc: 0.200
[2m[36m(ParallelAgent pid=2942659)[0m INFO:root:	task: 2	loss: 1.60987225	acc: 0.222
[2m[36m(ParallelAgent pid=2942659)[0m INFO:root:	task: avg	loss: 1.61030841	acc: 0.207
[2m[36m(ParallelAgent pid=2942982)[0m INFO:root:epochs: 0, training task: 2
[2m[36m(ParallelAgent pid=2942982)[0m INFO:root:	task: 0	loss: 1.61073041	acc: 0.200
[2m[36m(ParallelAgent pid=2942982)[0m INFO:root:	task: 1	loss: 1.60914478	acc: 0.200
[2m[36m(ParallelAgent pid=2942982)[0m INFO:root:	task: 2	loss: 1.60968799	acc: 0.200
[2m[36m(ParallelAgent pid=2942982)[0m INFO:root:	task: avg	loss: 1.60985439	acc: 0.200
[2m[36m(ParallelAgent pid=2944116)[0m INFO:root:epochs: 0, training task: 2
[2m[36m(ParallelAgent pid=2944116)[0m INFO:root:	task: 0	loss: 1.60969696	acc: 0.200
[2m[36m(ParallelAgent pid=2944116)[0m INFO:root:	task: 1	loss: 1.61025543	acc: 0.200
[2m[36m(ParallelAgent pid=2944116)[0m INFO:root:	task: 2	loss: 1.61074158	acc: 0.200
[2m[36m(ParallelAgent pid=2944116)[0m INFO:root:	task: avg	loss: 1.61023132	acc: 0.200
[2m[36m(ParallelAgent pid=2942215)[0m INFO:root:epochs: 0, training task: 2
[2m[36m(ParallelAgent pid=2942215)[0m INFO:root:	task: 0	loss: 1.61115753	acc: 0.200
[2m[36m(ParallelAgent pid=2942215)[0m INFO:root:	task: 1	loss: 1.61035052	acc: 0.200
[2m[36m(ParallelAgent pid=2942215)[0m INFO:root:	task: 2	loss: 1.61000146	acc: 0.226
[2m[36m(ParallelAgent pid=2942215)[0m INFO:root:	task: avg	loss: 1.61050317	acc: 0.209
[2m[36m(ParallelAgent pid=2943522)[0m INFO:root:epochs: 0, training task: 2
[2m[36m(ParallelAgent pid=2943522)[0m INFO:root:	task: 0	loss: 1.61009576	acc: 0.196
[2m[36m(ParallelAgent pid=2943522)[0m INFO:root:	task: 1	loss: 1.61073163	acc: 0.200
[2m[36m(ParallelAgent pid=2943522)[0m INFO:root:	task: 2	loss: 1.61002747	acc: 0.200
[2m[36m(ParallelAgent pid=2943522)[0m INFO:root:	task: avg	loss: 1.61028495	acc: 0.199
[2m[36m(ParallelAgent pid=2901274)[0m INFO:root:epochs: 0, training task: 2
[2m[36m(ParallelAgent pid=2901274)[0m INFO:root:	task: 0	loss: 1.61022174	acc: 0.200
[2m[36m(ParallelAgent pid=2901274)[0m INFO:root:	task: 1	loss: 1.61036237	acc: 0.200
[2m[36m(ParallelAgent pid=2901274)[0m INFO:root:	task: 2	loss: 1.60999176	acc: 0.200
[2m[36m(ParallelAgent pid=2901274)[0m INFO:root:	task: avg	loss: 1.61019196	acc: 0.200
[2m[36m(ParallelAgent pid=2901652)[0m INFO:root:epochs: 0, training task: 2
[2m[36m(ParallelAgent pid=2901652)[0m INFO:root:	task: 0	loss: 1.61027216	acc: 0.200
[2m[36m(ParallelAgent pid=2901652)[0m INFO:root:	task: 1	loss: 1.61025946	acc: 0.200
[2m[36m(ParallelAgent pid=2901652)[0m INFO:root:	task: 2	loss: 1.61150348	acc: 0.200
[2m[36m(ParallelAgent pid=2901652)[0m INFO:root:	task: avg	loss: 1.61067837	acc: 0.200
[2m[36m(ParallelAgent pid=2941780)[0m INFO:root:epochs: 0, training task: 2
[2m[36m(ParallelAgent pid=2941780)[0m INFO:root:	task: 0	loss: 1.61001410	acc: 0.200
[2m[36m(ParallelAgent pid=2941780)[0m INFO:root:	task: 1	loss: 1.60985022	acc: 0.200
[2m[36m(ParallelAgent pid=2941780)[0m INFO:root:	task: 2	loss: 1.60969458	acc: 0.200
[2m[36m(ParallelAgent pid=2941780)[0m INFO:root:	task: avg	loss: 1.60985297	acc: 0.200
[2m[36m(ParallelAgent pid=2942659)[0m INFO:root:epochs: 0, training task: 2
[2m[36m(ParallelAgent pid=2942659)[0m INFO:root:	task: 0	loss: 1.60999957	acc: 0.200
[2m[36m(ParallelAgent pid=2942659)[0m INFO:root:	task: 1	loss: 1.61105341	acc: 0.200
[2m[36m(ParallelAgent pid=2942659)[0m INFO:root:	task: 2	loss: 1.60987225	acc: 0.222
[2m[36m(ParallelAgent pid=2942659)[0m INFO:root:	task: avg	loss: 1.61030841	acc: 0.207
[2m[36m(ParallelAgent pid=2942982)[0m INFO:root:epochs: 0, training task: 2
[2m[36m(ParallelAgent pid=2942982)[0m INFO:root:	task: 0	loss: 1.61073041	acc: 0.200
[2m[36m(ParallelAgent pid=2942982)[0m INFO:root:	task: 1	loss: 1.60914478	acc: 0.200
[2m[36m(ParallelAgent pid=2942982)[0m INFO:root:	task: 2	loss: 1.60968799	acc: 0.200
[2m[36m(ParallelAgent pid=2942982)[0m INFO:root:	task: avg	loss: 1.60985439	acc: 0.200
[2m[36m(ParallelAgent pid=2942215)[0m INFO:root:epochs: 0, training task: 3
[2m[36m(ParallelAgent pid=2942215)[0m INFO:root:	task: 0	loss: 1.61115753	acc: 0.200
[2m[36m(ParallelAgent pid=2942215)[0m INFO:root:	task: 1	loss: 1.61035052	acc: 0.200
[2m[36m(ParallelAgent pid=2942215)[0m INFO:root:	task: 2	loss: 1.61000146	acc: 0.226
[2m[36m(ParallelAgent pid=2942215)[0m INFO:root:	task: 3	loss: 1.61011707	acc: 0.184
[2m[36m(ParallelAgent pid=2942215)[0m INFO:root:	task: avg	loss: 1.61040665	acc: 0.203
[2m[36m(ParallelAgent pid=2901274)[0m INFO:root:epochs: 0, training task: 3
[2m[36m(ParallelAgent pid=2901274)[0m INFO:root:	task: 0	loss: 1.61022174	acc: 0.200
[2m[36m(ParallelAgent pid=2901274)[0m INFO:root:	task: 1	loss: 1.61036237	acc: 0.200
[2m[36m(ParallelAgent pid=2901274)[0m INFO:root:	task: 2	loss: 1.60999176	acc: 0.200
[2m[36m(ParallelAgent pid=2901652)[0m INFO:root:epochs: 0, training task: 3
[2m[36m(ParallelAgent pid=2901652)[0m INFO:root:	task: 0	loss: 1.61027216	acc: 0.200
[2m[36m(ParallelAgent pid=2901652)[0m INFO:root:	task: 1	loss: 1.61025946	acc: 0.200
[2m[36m(ParallelAgent pid=2901652)[0m INFO:root:	task: 2	loss: 1.61150348	acc: 0.200
[2m[36m(ParallelAgent pid=2901652)[0m INFO:root:	task: 3	loss: 1.60954114	acc: 0.200
[2m[36m(ParallelAgent pid=2901652)[0m INFO:root:	task: avg	loss: 1.61039406	acc: 0.200
[2m[36m(ParallelAgent pid=2942659)[0m INFO:root:epochs: 0, training task: 3
[2m[36m(ParallelAgent pid=2942659)[0m INFO:root:	task: 0	loss: 1.60999957	acc: 0.200
[2m[36m(ParallelAgent pid=2942659)[0m INFO:root:	task: 1	loss: 1.61105341	acc: 0.200
[2m[36m(ParallelAgent pid=2942659)[0m INFO:root:	task: 2	loss: 1.60987225	acc: 0.222
[2m[36m(ParallelAgent pid=2942659)[0m INFO:root:	task: 3	loss: 1.61012341	acc: 0.218
[2m[36m(ParallelAgent pid=2942659)[0m INFO:root:	task: avg	loss: 1.61026216	acc: 0.210
[2m[36m(ParallelAgent pid=2943522)[0m INFO:root:epochs: 0, training task: 3
[2m[36m(ParallelAgent pid=2943522)[0m INFO:root:	task: 0	loss: 1.61009576	acc: 0.196
[2m[36m(ParallelAgent pid=2943522)[0m INFO:root:	task: 1	loss: 1.61073163	acc: 0.200
[2m[36m(ParallelAgent pid=2943522)[0m INFO:root:	task: 2	loss: 1.61002747	acc: 0.200
[2m[36m(ParallelAgent pid=2943522)[0m INFO:root:	task: 3	loss: 1.60978149	acc: 0.200
[2m[36m(ParallelAgent pid=2943522)[0m INFO:root:	task: avg	loss: 1.61015909	acc: 0.199
[2m[36m(ParallelAgent pid=2901274)[0m INFO:root:	task: 3	loss: 1.61038501	acc: 0.200
[2m[36m(ParallelAgent pid=2901274)[0m INFO:root:	task: avg	loss: 1.61024022	acc: 0.200
[2m[36m(ParallelAgent pid=2941780)[0m INFO:root:epochs: 0, training task: 3
[2m[36m(ParallelAgent pid=2941780)[0m INFO:root:	task: 0	loss: 1.61001410	acc: 0.200
[2m[36m(ParallelAgent pid=2941780)[0m INFO:root:	task: 1	loss: 1.60985022	acc: 0.200
[2m[36m(ParallelAgent pid=2941780)[0m INFO:root:	task: 2	loss: 1.60969458	acc: 0.200
[2m[36m(ParallelAgent pid=2941780)[0m INFO:root:	task: 3	loss: 1.61022876	acc: 0.274
[2m[36m(ParallelAgent pid=2941780)[0m INFO:root:	task: avg	loss: 1.60994691	acc: 0.219
[2m[36m(ParallelAgent pid=2942982)[0m INFO:root:epochs: 0, training task: 3
[2m[36m(ParallelAgent pid=2942982)[0m INFO:root:	task: 0	loss: 1.61073041	acc: 0.200
[2m[36m(ParallelAgent pid=2942982)[0m INFO:root:	task: 1	loss: 1.60914478	acc: 0.200
[2m[36m(ParallelAgent pid=2942982)[0m INFO:root:	task: 2	loss: 1.60968799	acc: 0.200
[2m[36m(ParallelAgent pid=2942982)[0m INFO:root:	task: 3	loss: 1.61110956	acc: 0.200
[2m[36m(ParallelAgent pid=2942982)[0m INFO:root:	task: avg	loss: 1.61016818	acc: 0.200
[2m[36m(ParallelAgent pid=2944116)[0m INFO:root:epochs: 0, training task: 3
[2m[36m(ParallelAgent pid=2944116)[0m INFO:root:	task: 0	loss: 1.60969696	acc: 0.200
[2m[36m(ParallelAgent pid=2944116)[0m INFO:root:	task: 1	loss: 1.61025543	acc: 0.200
[2m[36m(ParallelAgent pid=2944116)[0m INFO:root:	task: 2	loss: 1.61074158	acc: 0.200
[2m[36m(ParallelAgent pid=2944116)[0m INFO:root:	task: 3	loss: 1.61184351	acc: 0.200
[2m[36m(ParallelAgent pid=2944116)[0m INFO:root:	task: avg	loss: 1.61063437	acc: 0.200
[2m[36m(ParallelAgent pid=2942215)[0m INFO:root:epochs: 1, training task: 3
[2m[36m(ParallelAgent pid=2942215)[0m INFO:root:	task: 0	loss: 1.61304041	acc: 0.200
[2m[36m(ParallelAgent pid=2942215)[0m INFO:root:	task: 1	loss: 1.61029492	acc: 0.202
[2m[36m(ParallelAgent pid=2942215)[0m INFO:root:	task: 2	loss: 1.60946832	acc: 0.210
[2m[36m(ParallelAgent pid=2942215)[0m INFO:root:	task: 3	loss: 1.60682452	acc: 0.210
[2m[36m(ParallelAgent pid=2942215)[0m INFO:root:	task: avg	loss: 1.60990704	acc: 0.205
[2m[36m(ParallelAgent pid=2941780)[0m INFO:root:epochs: 1, training task: 3
[2m[36m(ParallelAgent pid=2941780)[0m INFO:root:	task: 0	loss: 1.60560339	acc: 0.164
[2m[36m(ParallelAgent pid=2941780)[0m INFO:root:	task: 1	loss: 1.61141858	acc: 0.202
[2m[36m(ParallelAgent pid=2941780)[0m INFO:root:	task: 2	loss: 1.61049701	acc: 0.200
[2m[36m(ParallelAgent pid=2941780)[0m INFO:root:	task: 3	loss: 1.60991168	acc: 0.264
[2m[36m(ParallelAgent pid=2941780)[0m INFO:root:	task: avg	loss: 1.60935767	acc: 0.208
[2m[36m(ParallelAgent pid=2901274)[0m INFO:root:epochs: 1, training task: 3
[2m[36m(ParallelAgent pid=2901274)[0m INFO:root:	task: 0	loss: 1.61174127	acc: 0.124
[2m[36m(ParallelAgent pid=2901274)[0m INFO:root:	task: 1	loss: 1.60586224	acc: 0.262
[2m[36m(ParallelAgent pid=2901274)[0m INFO:root:	task: 2	loss: 1.61030469	acc: 0.136
[2m[36m(ParallelAgent pid=2901274)[0m INFO:root:	task: 3	loss: 1.60149896	acc: 0.308
[2m[36m(ParallelAgent pid=2901274)[0m INFO:root:	task: avg	loss: 1.60735179	acc: 0.208
[2m[36m(ParallelAgent pid=2901652)[0m INFO:root:epochs: 1, training task: 3
[2m[36m(ParallelAgent pid=2901652)[0m INFO:root:	task: 0	loss: 1.60990381	acc: 0.200
[2m[36m(ParallelAgent pid=2901652)[0m INFO:root:	task: 1	loss: 1.61545886	acc: 0.142
[2m[36m(ParallelAgent pid=2901652)[0m INFO:root:	task: 2	loss: 1.62275000	acc: 0.200
[2m[36m(ParallelAgent pid=2901652)[0m INFO:root:	task: 3	loss: 1.61396710	acc: 0.200
[2m[36m(ParallelAgent pid=2901652)[0m INFO:root:	task: avg	loss: 1.61551994	acc: 0.185
[2m[36m(ParallelAgent pid=2943522)[0m INFO:root:epochs: 1, training task: 3
[2m[36m(ParallelAgent pid=2943522)[0m INFO:root:	task: 0	loss: 1.60929828	acc: 0.190
[2m[36m(ParallelAgent pid=2943522)[0m INFO:root:	task: 1	loss: 1.60970032	acc: 0.198
[2m[36m(ParallelAgent pid=2943522)[0m INFO:root:	task: 2	loss: 1.61104492	acc: 0.200
[2m[36m(ParallelAgent pid=2943522)[0m INFO:root:	task: 3	loss: 1.60477203	acc: 0.200
[2m[36m(ParallelAgent pid=2943522)[0m INFO:root:	task: avg	loss: 1.60870389	acc: 0.197
[2m[36m(ParallelAgent pid=2942659)[0m INFO:root:epochs: 1, training task: 3
[2m[36m(ParallelAgent pid=2942659)[0m INFO:root:	task: 0	loss: 1.60407501	acc: 0.164
[2m[36m(ParallelAgent pid=2942659)[0m INFO:root:	task: 1	loss: 1.61037408	acc: 0.200
[2m[36m(ParallelAgent pid=2942659)[0m INFO:root:	task: 2	loss: 1.60663245	acc: 0.240
[2m[36m(ParallelAgent pid=2942659)[0m INFO:root:	task: 3	loss: 1.60129236	acc: 0.200
[2m[36m(ParallelAgent pid=2942659)[0m INFO:root:	task: avg	loss: 1.60559348	acc: 0.201
[2m[36m(ParallelAgent pid=2944116)[0m INFO:root:epochs: 1, training task: 3
[2m[36m(ParallelAgent pid=2944116)[0m INFO:root:	task: 0	loss: 1.60614337	acc: 0.242
[2m[36m(ParallelAgent pid=2944116)[0m INFO:root:	task: 1	loss: 1.60942047	acc: 0.200
[2m[36m(ParallelAgent pid=2944116)[0m INFO:root:	task: 2	loss: 1.60910846	acc: 0.200
[2m[36m(ParallelAgent pid=2944116)[0m INFO:root:	task: 3	loss: 1.60844116	acc: 0.202
[2m[36m(ParallelAgent pid=2944116)[0m INFO:root:	task: avg	loss: 1.60827837	acc: 0.211
[2m[36m(ParallelAgent pid=2942982)[0m INFO:root:epochs: 1, training task: 3
[2m[36m(ParallelAgent pid=2942982)[0m INFO:root:	task: 0	loss: 1.61127582	acc: 0.172
[2m[36m(ParallelAgent pid=2942982)[0m INFO:root:	task: 1	loss: 1.60399579	acc: 0.246
[2m[36m(ParallelAgent pid=2942982)[0m INFO:root:	task: 2	loss: 1.60813922	acc: 0.200
[2m[36m(ParallelAgent pid=2942982)[0m INFO:root:	task: 3	loss: 1.61017773	acc: 0.194
[2m[36m(ParallelAgent pid=2942982)[0m INFO:root:	task: avg	loss: 1.60839714	acc: 0.203
slurmstepd: error: *** STEP 130322.0 ON ee-a6000-1.grasp.maas CANCELLED AT 2023-10-19T19:27:36 ***
slurmstepd: error: *** JOB 130322 ON ee-a6000-1.grasp.maas CANCELLED AT 2023-10-19T19:27:36 ***
