/mnt/kostas-graid/sw/envs/vlongle/miniconda3/envs/shell/lib/python3.10/site-packages/hydra/_internal/defaults_list.py:251: UserWarning: In 'config': Defaults list is missing `_self_`. See https://hydra.cc/docs/1.2/upgrades/1.0_to_1.1/default_composition_order for more information
  warnings.warn(msg, UserWarning)
{'train': {'component_update_freq': 100, 'num_epochs': 100, 'init_component_update_freq': 100, 'init_num_epochs': 100, 'save_freq': 20}, 'dataset': {'dataset_name': 'fashionmnist', 'num_tasks': 10, 'num_classes_per_task': 2, 'with_replacement': True, 'num_trains_per_class': 64, 'num_vals_per_class': 50, 'remap_labels': True}, 'net': {'name': 'mlp', 'depth': 4, 'layer_size': 64, 'dropout': 0.0}, 'sharing_strategy': {'name': 'no_sharing', 'num_coms_per_round': 0}, 'seed': 1, 'algo': 'monolithic', 'job_name': 'fashionmnist_monolithic_numtrain_64_contrastive', 'num_agents': 8, 'root_save_dir': 'experiment_results/vanilla_fix_bug_compute_loss_encodev2', 'parallel': True, 'num_init_tasks': 4, 'agent': {'save_dir': '${root_save_dir}/${job_name}/${dataset.dataset_name}/${algo}/seed_${seed}', 'batch_size': 64, 'memory_size': 32, 'improvement_threshold': 0.05, 'use_contrastive': True}}
[2023-10-04 19:36:50,255][root][INFO] - Class sequence: [6 4 1 4 5 6 6 2 2 7 9 7 1 6 4 9 8 5 4 1]
[2023-10-04 19:36:50,275][root][INFO] - task 0 :(128, 1, 28, 28)
[2023-10-04 19:36:50,322][root][INFO] - task 1 :(128, 1, 28, 28)
[2023-10-04 19:36:50,341][root][INFO] - task 2 :(128, 1, 28, 28)
[2023-10-04 19:36:50,363][root][INFO] - task 3 :(128, 1, 28, 28)
[2023-10-04 19:36:50,382][root][INFO] - task 4 :(128, 1, 28, 28)
[2023-10-04 19:36:50,401][root][INFO] - task 5 :(128, 1, 28, 28)
[2023-10-04 19:36:50,422][root][INFO] - task 6 :(128, 1, 28, 28)
[2023-10-04 19:36:50,442][root][INFO] - task 7 :(128, 1, 28, 28)
[2023-10-04 19:36:50,462][root][INFO] - task 8 :(128, 1, 28, 28)
[2023-10-04 19:36:50,481][root][INFO] - task 9 :(128, 1, 28, 28)
[2023-10-04 19:36:50,583][root][INFO] - Class sequence: [6 5 5 7 5 1 3 7 0 2 4 8 7 3 3 7 4 5 2 0]
[2023-10-04 19:36:50,601][root][INFO] - task 0 :(128, 1, 28, 28)
[2023-10-04 19:36:50,621][root][INFO] - task 1 :(128, 1, 28, 28)
[2023-10-04 19:36:50,642][root][INFO] - task 2 :(128, 1, 28, 28)
[2023-10-04 19:36:50,662][root][INFO] - task 3 :(128, 1, 28, 28)
[2023-10-04 19:36:50,683][root][INFO] - task 4 :(128, 1, 28, 28)
[2023-10-04 19:36:50,705][root][INFO] - task 5 :(128, 1, 28, 28)
[2023-10-04 19:36:50,724][root][INFO] - task 6 :(128, 1, 28, 28)
[2023-10-04 19:36:50,744][root][INFO] - task 7 :(128, 1, 28, 28)
[2023-10-04 19:36:50,764][root][INFO] - task 8 :(128, 1, 28, 28)
[2023-10-04 19:36:50,785][root][INFO] - task 9 :(128, 1, 28, 28)
[2023-10-04 19:36:50,888][root][INFO] - Class sequence: [5 4 2 3 6 2 0 5 9 4 8 4 1 7 2 5 5 3 9 6]
[2023-10-04 19:36:50,905][root][INFO] - task 0 :(128, 1, 28, 28)
[2023-10-04 19:36:50,928][root][INFO] - task 1 :(128, 1, 28, 28)
[2023-10-04 19:36:50,949][root][INFO] - task 2 :(128, 1, 28, 28)
[2023-10-04 19:36:50,978][root][INFO] - task 3 :(128, 1, 28, 28)
[2023-10-04 19:36:50,998][root][INFO] - task 4 :(128, 1, 28, 28)
[2023-10-04 19:36:51,021][root][INFO] - task 5 :(128, 1, 28, 28)
[2023-10-04 19:36:51,042][root][INFO] - task 6 :(128, 1, 28, 28)
[2023-10-04 19:36:51,063][root][INFO] - task 7 :(128, 1, 28, 28)
[2023-10-04 19:36:51,084][root][INFO] - task 8 :(128, 1, 28, 28)
[2023-10-04 19:36:51,104][root][INFO] - task 9 :(128, 1, 28, 28)
[2023-10-04 19:36:51,206][root][INFO] - Class sequence: [6 9 8 3 9 7 6 3 0 2 8 6 3 8 5 7 1 4 0 2]
[2023-10-04 19:36:51,224][root][INFO] - task 0 :(128, 1, 28, 28)
[2023-10-04 19:36:51,245][root][INFO] - task 1 :(128, 1, 28, 28)
[2023-10-04 19:36:51,265][root][INFO] - task 2 :(128, 1, 28, 28)
[2023-10-04 19:36:51,286][root][INFO] - task 3 :(128, 1, 28, 28)
[2023-10-04 19:36:51,307][root][INFO] - task 4 :(128, 1, 28, 28)
[2023-10-04 19:36:51,327][root][INFO] - task 5 :(128, 1, 28, 28)
[2023-10-04 19:36:51,348][root][INFO] - task 6 :(128, 1, 28, 28)
[2023-10-04 19:36:51,368][root][INFO] - task 7 :(128, 1, 28, 28)
[2023-10-04 19:36:51,388][root][INFO] - task 8 :(128, 1, 28, 28)
[2023-10-04 19:36:51,415][root][INFO] - task 9 :(128, 1, 28, 28)
[2023-10-04 19:36:51,517][root][INFO] - Class sequence: [9 2 7 6 8 4 8 5 3 9 0 6 6 9 3 9 7 0 1 4]
[2023-10-04 19:36:51,533][root][INFO] - task 0 :(128, 1, 28, 28)
[2023-10-04 19:36:51,552][root][INFO] - task 1 :(128, 1, 28, 28)
[2023-10-04 19:36:51,574][root][INFO] - task 2 :(128, 1, 28, 28)
[2023-10-04 19:36:51,602][root][INFO] - task 3 :(128, 1, 28, 28)
[2023-10-04 19:36:51,631][root][INFO] - task 4 :(128, 1, 28, 28)
[2023-10-04 19:36:51,651][root][INFO] - task 5 :(128, 1, 28, 28)
[2023-10-04 19:36:51,671][root][INFO] - task 6 :(128, 1, 28, 28)
[2023-10-04 19:36:51,691][root][INFO] - task 7 :(128, 1, 28, 28)
[2023-10-04 19:36:51,712][root][INFO] - task 8 :(128, 1, 28, 28)
[2023-10-04 19:36:51,732][root][INFO] - task 9 :(128, 1, 28, 28)
[2023-10-04 19:36:51,834][root][INFO] - Class sequence: [1 2 4 6 1 7 8 7 5 7 6 8 0 5 0 5 6 1 5 2]
[2023-10-04 19:36:51,852][root][INFO] - task 0 :(128, 1, 28, 28)
[2023-10-04 19:36:51,873][root][INFO] - task 1 :(128, 1, 28, 28)
[2023-10-04 19:36:51,893][root][INFO] - task 2 :(128, 1, 28, 28)
[2023-10-04 19:36:51,913][root][INFO] - task 3 :(128, 1, 28, 28)
[2023-10-04 19:36:51,933][root][INFO] - task 4 :(128, 1, 28, 28)
[2023-10-04 19:36:51,954][root][INFO] - task 5 :(128, 1, 28, 28)
[2023-10-04 19:36:51,974][root][INFO] - task 6 :(128, 1, 28, 28)
[2023-10-04 19:36:51,995][root][INFO] - task 7 :(128, 1, 28, 28)
[2023-10-04 19:36:52,023][root][INFO] - task 8 :(128, 1, 28, 28)
[2023-10-04 19:36:52,044][root][INFO] - task 9 :(128, 1, 28, 28)
[2023-10-04 19:36:52,145][root][INFO] - Class sequence: [2 9 0 6 4 1 1 4 9 7 7 5 9 2 2 7 8 9 8 0]
[2023-10-04 19:36:52,162][root][INFO] - task 0 :(128, 1, 28, 28)
[2023-10-04 19:36:52,182][root][INFO] - task 1 :(128, 1, 28, 28)
[2023-10-04 19:36:52,203][root][INFO] - task 2 :(128, 1, 28, 28)
[2023-10-04 19:36:52,225][root][INFO] - task 3 :(128, 1, 28, 28)
[2023-10-04 19:36:52,244][root][INFO] - task 4 :(128, 1, 28, 28)
[2023-10-04 19:36:52,264][root][INFO] - task 5 :(128, 1, 28, 28)
[2023-10-04 19:36:52,284][root][INFO] - task 6 :(128, 1, 28, 28)
[2023-10-04 19:36:52,305][root][INFO] - task 7 :(128, 1, 28, 28)
[2023-10-04 19:36:52,325][root][INFO] - task 8 :(128, 1, 28, 28)
[2023-10-04 19:36:52,345][root][INFO] - task 9 :(128, 1, 28, 28)
[2023-10-04 19:36:52,446][root][INFO] - Class sequence: [2 7 2 4 0 8 5 9 1 9 7 4 4 9 4 8 7 1 0 5]
[2023-10-04 19:36:52,464][root][INFO] - task 0 :(128, 1, 28, 28)
[2023-10-04 19:36:52,485][root][INFO] - task 1 :(128, 1, 28, 28)
[2023-10-04 19:36:52,504][root][INFO] - task 2 :(128, 1, 28, 28)
[2023-10-04 19:36:52,524][root][INFO] - task 3 :(128, 1, 28, 28)
[2023-10-04 19:36:52,544][root][INFO] - task 4 :(128, 1, 28, 28)
[2023-10-04 19:36:52,565][root][INFO] - task 5 :(128, 1, 28, 28)
[2023-10-04 19:36:52,585][root][INFO] - task 6 :(128, 1, 28, 28)
[2023-10-04 19:36:52,612][root][INFO] - task 7 :(128, 1, 28, 28)
[2023-10-04 19:36:52,632][root][INFO] - task 8 :(128, 1, 28, 28)
[2023-10-04 19:36:52,652][root][INFO] - task 9 :(128, 1, 28, 28)
i_size 28
num_classes 2
net_cfg {'name': 'mlp', 'depth': 4, 'layer_size': 64, 'dropout': 0.0, 'i_size': 28, 'num_classes': 2, 'num_tasks': 10, 'num_init_tasks': 4, 'use_contrastive': True}
<class 'shell.learners.er_nocomponents.NoComponentsER'>
[2023-10-04 19:36:52,675][root][INFO] - No. gpus per agent: 0.25
2023-10-04 19:36:55,002	INFO worker.py:1544 -- Started a local Ray instance. View the dashboard at [1m[32m127.0.0.1:8265 [39m[22m
[2m[36m(ParallelAgent pid=301677)[0m INFO:root:Agent: node_id: 0, seed: 1
[2m[36m(ParallelAgent pid=301678)[0m INFO:root:Agent: node_id: 1, seed: 1001
[2m[36m(ParallelAgent pid=301680)[0m INFO:root:Agent: node_id: 3, seed: 3001
[2m[36m(ParallelAgent pid=301679)[0m INFO:root:Agent: node_id: 2, seed: 2001
[2m[36m(ParallelAgent pid=301681)[0m INFO:root:Agent: node_id: 4, seed: 4001
[2m[36m(ParallelAgent pid=301740)[0m INFO:root:Agent: node_id: 5, seed: 5001
[2m[36m(ParallelAgent pid=301799)[0m INFO:root:Agent: node_id: 6, seed: 6001
[2m[36m(ParallelAgent pid=301990)[0m INFO:root:Agent: node_id: 7, seed: 7001
[2023-10-04 19:37:12,890][root][INFO] - Created fleet with 8 agents
[2023-10-04 19:37:12,891][root][INFO] - Adding neighbors...
[2023-10-04 19:37:12,901][root][INFO] - Fleet initialized
Error executing job with overrides: ['algo=monolithic', 'agent.batch_size=64', 'seed=1', 'parallel=True', 'num_agents=8', 'dataset=fashionmnist', 'dataset.num_trains_per_class=64', 'dataset.num_vals_per_class=50', 'dataset.remap_labels=True', 'dataset.with_replacement=True', 'dataset.num_tasks=10', 'net=mlp', 'net.depth=4', 'num_init_tasks=4', 'net.dropout=0.0', 'train.num_epochs=100', 'train.component_update_freq=100', 'train.init_num_epochs=100', 'train.init_component_update_freq=100', 'train.save_freq=20', 'agent.use_contrastive=True', 'agent.memory_size=32', 'root_save_dir=experiment_results/vanilla_fix_bug_compute_loss_encodev2', 'train=monolithic', 'job_name=fashionmnist_monolithic_numtrain_64_contrastive']
Traceback (most recent call last):
  File "/home/vlongle/learning-hive/experiments/run.py", line 41, in main
    fleet.train_and_comm(task_id)
  File "/home/vlongle/learning-hive/src/shell/fleet/fleet.py", line 274, in train_and_comm
    ray.get([agent.train.remote(task_id, start_epoch, self.comm_freq) for agent in self.agents])
  File "/mnt/kostas-graid/sw/envs/vlongle/miniconda3/envs/shell/lib/python3.10/site-packages/ray/_private/client_mode_hook.py", line 105, in wrapper
    return func(*args, **kwargs)
  File "/mnt/kostas-graid/sw/envs/vlongle/miniconda3/envs/shell/lib/python3.10/site-packages/ray/_private/worker.py", line 2380, in get
    raise value.as_instanceof_cause()
ray.exceptions.RayTaskError(AttributeError): [36mray::ParallelAgent.train()[39m (pid=301677, ip=192.168.141.69, repr=<shell.fleet.fleet.ParallelAgent object at 0x7f3f4499ab30>)
  File "/home/vlongle/learning-hive/src/shell/fleet/fleet.py", line 97, in train
    self.agent.train(trainloader, task_id, testloaders=testloaders,
  File "/home/vlongle/learning-hive/src/shell/learners/er_nocomponents.py", line 36, in train
    self.save_data(start_epoch, task_id, testloaders,
  File "/home/vlongle/learning-hive/src/shell/learners/base_learning_classes.py", line 226, in save_data
    self.test_loss, self.test_acc = self.evaluate(testloaders, mode=mode)
  File "/home/vlongle/learning-hive/src/shell/learners/base_learning_classes.py", line 198, in evaluate
    l += self.compute_loss(X, Y, task, mode='ce').item()
  File "/home/vlongle/learning-hive/src/shell/learners/base_learning_classes.py", line 140, in compute_loss
    return self.compute_cross_entropy_loss(X, Y, task_id, detach=False)
  File "/home/vlongle/learning-hive/src/shell/learners/base_learning_classes.py", line 109, in compute_cross_entropy_loss
    X_encode = self.net.encodev2(X, task_id)
  File "/mnt/kostas-graid/sw/envs/vlongle/miniconda3/envs/shell/lib/python3.10/site-packages/torch/nn/modules/module.py", line 1614, in __getattr__
    raise AttributeError("'{}' object has no attribute '{}'".format(
AttributeError: 'MLP' object has no attribute 'encodev2'

Set the environment variable HYDRA_FULL_ERROR=1 for a complete stack trace.
/mnt/kostas-graid/sw/envs/vlongle/miniconda3/envs/shell/lib/python3.10/site-packages/hydra/_internal/defaults_list.py:251: UserWarning: In 'config': Defaults list is missing `_self_`. See https://hydra.cc/docs/1.2/upgrades/1.0_to_1.1/default_composition_order for more information
  warnings.warn(msg, UserWarning)
{'train': {'component_update_freq': 100, 'num_epochs': 100, 'init_component_update_freq': 100, 'init_num_epochs': 100, 'save_freq': 20}, 'dataset': {'dataset_name': 'fashionmnist', 'num_tasks': 10, 'num_classes_per_task': 2, 'with_replacement': True, 'num_trains_per_class': 64, 'num_vals_per_class': 50, 'remap_labels': True}, 'net': {'name': 'mlp', 'depth': 4, 'layer_size': 64, 'dropout': 0.0}, 'sharing_strategy': {'name': 'no_sharing', 'num_coms_per_round': 0}, 'seed': 1, 'algo': 'modular', 'job_name': 'fashionmnist_modular_numtrain_64_contrastive', 'num_agents': 8, 'root_save_dir': 'experiment_results/vanilla_fix_bug_compute_loss_encodev2', 'parallel': True, 'num_init_tasks': 4, 'agent': {'save_dir': '${root_save_dir}/${job_name}/${dataset.dataset_name}/${algo}/seed_${seed}', 'batch_size': 64, 'memory_size': 32, 'improvement_threshold': 0.05, 'use_contrastive': True}}
[2023-10-04 19:37:24,392][root][INFO] - Class sequence: [6 4 1 4 5 6 6 2 2 7 9 7 1 6 4 9 8 5 4 1]
[2023-10-04 19:37:24,411][root][INFO] - task 0 :(128, 1, 28, 28)
[2023-10-04 19:37:24,458][root][INFO] - task 1 :(128, 1, 28, 28)
[2023-10-04 19:37:24,479][root][INFO] - task 2 :(128, 1, 28, 28)
[2023-10-04 19:37:24,500][root][INFO] - task 3 :(128, 1, 28, 28)
[2023-10-04 19:37:24,519][root][INFO] - task 4 :(128, 1, 28, 28)
[2023-10-04 19:37:24,545][root][INFO] - task 5 :(128, 1, 28, 28)
[2023-10-04 19:37:24,565][root][INFO] - task 6 :(128, 1, 28, 28)
[2023-10-04 19:37:24,586][root][INFO] - task 7 :(128, 1, 28, 28)
[2023-10-04 19:37:24,606][root][INFO] - task 8 :(128, 1, 28, 28)
[2023-10-04 19:37:24,626][root][INFO] - task 9 :(128, 1, 28, 28)
[2023-10-04 19:37:24,729][root][INFO] - Class sequence: [6 5 5 7 5 1 3 7 0 2 4 8 7 3 3 7 4 5 2 0]
[2023-10-04 19:37:24,746][root][INFO] - task 0 :(128, 1, 28, 28)
[2023-10-04 19:37:24,770][root][INFO] - task 1 :(128, 1, 28, 28)
[2023-10-04 19:37:24,790][root][INFO] - task 2 :(128, 1, 28, 28)
[2023-10-04 19:37:24,811][root][INFO] - task 3 :(128, 1, 28, 28)
[2023-10-04 19:37:24,830][root][INFO] - task 4 :(128, 1, 28, 28)
[2023-10-04 19:37:24,852][root][INFO] - task 5 :(128, 1, 28, 28)
[2023-10-04 19:37:24,871][root][INFO] - task 6 :(128, 1, 28, 28)
[2023-10-04 19:37:24,891][root][INFO] - task 7 :(128, 1, 28, 28)
[2023-10-04 19:37:24,919][root][INFO] - task 8 :(128, 1, 28, 28)
[2023-10-04 19:37:24,939][root][INFO] - task 9 :(128, 1, 28, 28)
[2023-10-04 19:37:25,042][root][INFO] - Class sequence: [5 4 2 3 6 2 0 5 9 4 8 4 1 7 2 5 5 3 9 6]
[2023-10-04 19:37:25,059][root][INFO] - task 0 :(128, 1, 28, 28)
[2023-10-04 19:37:25,079][root][INFO] - task 1 :(128, 1, 28, 28)
[2023-10-04 19:37:25,098][root][INFO] - task 2 :(128, 1, 28, 28)
[2023-10-04 19:37:25,118][root][INFO] - task 3 :(128, 1, 28, 28)
[2023-10-04 19:37:25,138][root][INFO] - task 4 :(128, 1, 28, 28)
[2023-10-04 19:37:25,158][root][INFO] - task 5 :(128, 1, 28, 28)
[2023-10-04 19:37:25,183][root][INFO] - task 6 :(128, 1, 28, 28)
[2023-10-04 19:37:25,203][root][INFO] - task 7 :(128, 1, 28, 28)
[2023-10-04 19:37:25,224][root][INFO] - task 8 :(128, 1, 28, 28)
[2023-10-04 19:37:25,247][root][INFO] - task 9 :(128, 1, 28, 28)
[2023-10-04 19:37:25,404][root][INFO] - Class sequence: [6 9 8 3 9 7 6 3 0 2 8 6 3 8 5 7 1 4 0 2]
[2023-10-04 19:37:25,422][root][INFO] - task 0 :(128, 1, 28, 28)
[2023-10-04 19:37:25,442][root][INFO] - task 1 :(128, 1, 28, 28)
[2023-10-04 19:37:25,462][root][INFO] - task 2 :(128, 1, 28, 28)
[2023-10-04 19:37:25,482][root][INFO] - task 3 :(128, 1, 28, 28)
[2023-10-04 19:37:25,506][root][INFO] - task 4 :(128, 1, 28, 28)
[2023-10-04 19:37:25,526][root][INFO] - task 5 :(128, 1, 28, 28)
[2023-10-04 19:37:25,546][root][INFO] - task 6 :(128, 1, 28, 28)
[2023-10-04 19:37:25,565][root][INFO] - task 7 :(128, 1, 28, 28)
[2023-10-04 19:37:25,586][root][INFO] - task 8 :(128, 1, 28, 28)
[2023-10-04 19:37:25,614][root][INFO] - task 9 :(128, 1, 28, 28)
[2023-10-04 19:37:25,717][root][INFO] - Class sequence: [9 2 7 6 8 4 8 5 3 9 0 6 6 9 3 9 7 0 1 4]
[2023-10-04 19:37:25,734][root][INFO] - task 0 :(128, 1, 28, 28)
[2023-10-04 19:37:25,753][root][INFO] - task 1 :(128, 1, 28, 28)
[2023-10-04 19:37:25,773][root][INFO] - task 2 :(128, 1, 28, 28)
[2023-10-04 19:37:25,793][root][INFO] - task 3 :(128, 1, 28, 28)
[2023-10-04 19:37:25,813][root][INFO] - task 4 :(128, 1, 28, 28)
[2023-10-04 19:37:25,839][root][INFO] - task 5 :(128, 1, 28, 28)
[2023-10-04 19:37:25,859][root][INFO] - task 6 :(128, 1, 28, 28)
[2023-10-04 19:37:25,878][root][INFO] - task 7 :(128, 1, 28, 28)
[2023-10-04 19:37:25,898][root][INFO] - task 8 :(128, 1, 28, 28)
[2023-10-04 19:37:25,925][root][INFO] - task 9 :(128, 1, 28, 28)
[2023-10-04 19:37:26,028][root][INFO] - Class sequence: [1 2 4 6 1 7 8 7 5 7 6 8 0 5 0 5 6 1 5 2]
[2023-10-04 19:37:26,045][root][INFO] - task 0 :(128, 1, 28, 28)
[2023-10-04 19:37:26,065][root][INFO] - task 1 :(128, 1, 28, 28)
[2023-10-04 19:37:26,084][root][INFO] - task 2 :(128, 1, 28, 28)
[2023-10-04 19:37:26,104][root][INFO] - task 3 :(128, 1, 28, 28)
[2023-10-04 19:37:26,123][root][INFO] - task 4 :(128, 1, 28, 28)
[2023-10-04 19:37:26,143][root][INFO] - task 5 :(128, 1, 28, 28)
[2023-10-04 19:37:26,163][root][INFO] - task 6 :(128, 1, 28, 28)
[2023-10-04 19:37:26,183][root][INFO] - task 7 :(128, 1, 28, 28)
[2023-10-04 19:37:26,202][root][INFO] - task 8 :(128, 1, 28, 28)
[2023-10-04 19:37:26,222][root][INFO] - task 9 :(128, 1, 28, 28)
[2023-10-04 19:37:26,330][root][INFO] - Class sequence: [2 9 0 6 4 1 1 4 9 7 7 5 9 2 2 7 8 9 8 0]
[2023-10-04 19:37:26,347][root][INFO] - task 0 :(128, 1, 28, 28)
[2023-10-04 19:37:26,366][root][INFO] - task 1 :(128, 1, 28, 28)
[2023-10-04 19:37:26,386][root][INFO] - task 2 :(128, 1, 28, 28)
[2023-10-04 19:37:26,408][root][INFO] - task 3 :(128, 1, 28, 28)
[2023-10-04 19:37:26,426][root][INFO] - task 4 :(128, 1, 28, 28)
[2023-10-04 19:37:26,446][root][INFO] - task 5 :(128, 1, 28, 28)
[2023-10-04 19:37:26,465][root][INFO] - task 6 :(128, 1, 28, 28)
[2023-10-04 19:37:26,486][root][INFO] - task 7 :(128, 1, 28, 28)
[2023-10-04 19:37:26,506][root][INFO] - task 8 :(128, 1, 28, 28)
[2023-10-04 19:37:26,525][root][INFO] - task 9 :(128, 1, 28, 28)
[2023-10-04 19:37:26,627][root][INFO] - Class sequence: [2 7 2 4 0 8 5 9 1 9 7 4 4 9 4 8 7 1 0 5]
[2023-10-04 19:37:26,645][root][INFO] - task 0 :(128, 1, 28, 28)
[2023-10-04 19:37:26,664][root][INFO] - task 1 :(128, 1, 28, 28)
[2023-10-04 19:37:26,683][root][INFO] - task 2 :(128, 1, 28, 28)
[2023-10-04 19:37:26,710][root][INFO] - task 3 :(128, 1, 28, 28)
[2023-10-04 19:37:26,729][root][INFO] - task 4 :(128, 1, 28, 28)
[2023-10-04 19:37:26,757][root][INFO] - task 5 :(128, 1, 28, 28)
[2023-10-04 19:37:26,776][root][INFO] - task 6 :(128, 1, 28, 28)
[2023-10-04 19:37:26,796][root][INFO] - task 7 :(128, 1, 28, 28)
[2023-10-04 19:37:26,816][root][INFO] - task 8 :(128, 1, 28, 28)
[2023-10-04 19:37:26,837][root][INFO] - task 9 :(128, 1, 28, 28)
i_size 28
num_classes 2
net_cfg {'name': 'mlp', 'depth': 4, 'layer_size': 64, 'dropout': 0.0, 'i_size': 28, 'num_classes': 2, 'num_tasks': 10, 'num_init_tasks': 4, 'use_contrastive': True}
<class 'shell.learners.er_dynamic.CompositionalDynamicER'>
[2023-10-04 19:37:26,860][root][INFO] - No. gpus per agent: 0.25
2023-10-04 19:37:29,344	INFO worker.py:1544 -- Started a local Ray instance. View the dashboard at [1m[32m127.0.0.1:8265 [39m[22m
[2m[36m(ParallelAgent pid=340920)[0m INFO:root:Agent: node_id: 1, seed: 1001
[2m[36m(ParallelAgent pid=340921)[0m INFO:root:Agent: node_id: 2, seed: 2001
[2m[36m(ParallelAgent pid=340919)[0m INFO:root:Agent: node_id: 0, seed: 1
[2m[36m(ParallelAgent pid=340922)[0m INFO:root:Agent: node_id: 3, seed: 3001
[2m[36m(ParallelAgent pid=340923)[0m INFO:root:Agent: node_id: 4, seed: 4001
[2m[36m(ParallelAgent pid=340924)[0m INFO:root:Agent: node_id: 5, seed: 5001
[2m[36m(ParallelAgent pid=341041)[0m INFO:root:Agent: node_id: 6, seed: 6001
[2m[36m(ParallelAgent pid=341232)[0m INFO:root:Agent: node_id: 7, seed: 7001
[2023-10-04 19:37:47,786][root][INFO] - Created fleet with 8 agents
[2023-10-04 19:37:47,787][root][INFO] - Adding neighbors...
[2023-10-04 19:37:47,796][root][INFO] - Fleet initialized
Error executing job with overrides: ['algo=modular', 'agent.batch_size=64', 'seed=1', 'parallel=True', 'num_agents=8', 'dataset=fashionmnist', 'dataset.num_trains_per_class=64', 'dataset.num_vals_per_class=50', 'dataset.remap_labels=True', 'dataset.with_replacement=True', 'dataset.num_tasks=10', 'net=mlp', 'net.depth=4', 'num_init_tasks=4', 'net.dropout=0.0', 'train.num_epochs=100', 'train.component_update_freq=100', 'train.init_num_epochs=100', 'train.init_component_update_freq=100', 'train.save_freq=20', 'agent.use_contrastive=True', 'agent.memory_size=32', 'root_save_dir=experiment_results/vanilla_fix_bug_compute_loss_encodev2', 'train=modular', 'job_name=fashionmnist_modular_numtrain_64_contrastive']
Traceback (most recent call last):
  File "/home/vlongle/learning-hive/experiments/run.py", line 41, in main
    fleet.train_and_comm(task_id)
  File "/home/vlongle/learning-hive/src/shell/fleet/fleet.py", line 274, in train_and_comm
    ray.get([agent.train.remote(task_id, start_epoch, self.comm_freq) for agent in self.agents])
  File "/mnt/kostas-graid/sw/envs/vlongle/miniconda3/envs/shell/lib/python3.10/site-packages/ray/_private/client_mode_hook.py", line 105, in wrapper
    return func(*args, **kwargs)
  File "/mnt/kostas-graid/sw/envs/vlongle/miniconda3/envs/shell/lib/python3.10/site-packages/ray/_private/worker.py", line 2380, in get
    raise value.as_instanceof_cause()
ray.exceptions.RayTaskError(AttributeError): [36mray::ParallelAgent.train()[39m (pid=341041, ip=192.168.141.69, repr=<shell.fleet.fleet.ParallelAgent object at 0x7f17a8d9ab30>)
  File "/home/vlongle/learning-hive/src/shell/fleet/fleet.py", line 97, in train
    self.agent.train(trainloader, task_id, testloaders=testloaders,
  File "/home/vlongle/learning-hive/src/shell/learners/base_learning_classes.py", line 293, in train
    self.save_data(start_epoch, task_id, testloaders, mode=train_mode)
  File "/home/vlongle/learning-hive/src/shell/learners/base_learning_classes.py", line 515, in save_data
    super().save_data(epoch, task_id, testloaders,
  File "/home/vlongle/learning-hive/src/shell/learners/base_learning_classes.py", line 226, in save_data
    self.test_loss, self.test_acc = self.evaluate(testloaders, mode=mode)
  File "/home/vlongle/learning-hive/src/shell/learners/base_learning_classes.py", line 477, in evaluate
    l += self.compute_loss(X, Y, task, mode='ce').item()
  File "/home/vlongle/learning-hive/src/shell/learners/base_learning_classes.py", line 140, in compute_loss
    return self.compute_cross_entropy_loss(X, Y, task_id, detach=False)
  File "/home/vlongle/learning-hive/src/shell/learners/base_learning_classes.py", line 109, in compute_cross_entropy_loss
    X_encode = self.net.encodev2(X, task_id)
  File "/mnt/kostas-graid/sw/envs/vlongle/miniconda3/envs/shell/lib/python3.10/site-packages/torch/nn/modules/module.py", line 1614, in __getattr__
    raise AttributeError("'{}' object has no attribute '{}'".format(
AttributeError: 'MLPSoftLLDynamic' object has no attribute 'encodev2'

Set the environment variable HYDRA_FULL_ERROR=1 for a complete stack trace.
{'algo': ['monolithic', 'modular'], 'agent.batch_size': 64, 'seed': 1, 'parallel': True, 'num_agents': 8, 'dataset': 'fashionmnist', 'dataset.num_trains_per_class': 64, 'dataset.num_vals_per_class': 50, 'dataset.remap_labels': True, 'dataset.with_replacement': True, 'dataset.num_tasks': 10, 'net': 'mlp', 'net.depth': 4, 'num_init_tasks': 4, 'net.dropout': 0.0, 'train.num_epochs': 100, 'train.component_update_freq': 100, 'train.init_num_epochs': 100, 'train.init_component_update_freq': 100, 'train.save_freq': 20, 'agent.use_contrastive': True, 'agent.memory_size': 32, 'root_save_dir': 'experiment_results/vanilla_fix_bug_compute_loss_encodev2'}
No. of experiments: 2
Experiment runs took 0:01:08.567395
