/mnt/kostas-graid/sw/envs/vlongle/miniconda3/envs/shell/lib/python3.10/site-packages/hydra/_internal/defaults_list.py:251: UserWarning: In 'config': Defaults list is missing `_self_`. See https://hydra.cc/docs/1.2/upgrades/1.0_to_1.1/default_composition_order for more information
  warnings.warn(msg, UserWarning)
{'train': {'component_update_freq': 100, 'num_epochs': 100, 'init_component_update_freq': 10, 'init_num_epochs': 10, 'save_freq': 20}, 'dataset': {'dataset_name': 'cifar100', 'num_tasks': 4, 'num_classes_per_task': 5, 'with_replacement': False, 'num_trains_per_class': 256, 'num_vals_per_class': -1, 'remap_labels': True}, 'net': {'name': 'cnn', 'depth': 4, 'channels': 50, 'conv_kernel': 3, 'maxpool_kernel': 2, 'padding': 1, 'dropout': 0.0}, 'sharing_strategy': {'name': 'no_sharing', 'num_coms_per_round': 0}, 'seed': 2, 'algo': 'monolithic', 'job_name': 'cifar100_monolithic_numtrain_256_contrastive', 'num_agents': 8, 'root_save_dir': 'cifar_results', 'parallel': True, 'num_init_tasks': 4, 'agent': {'save_dir': '${root_save_dir}/${job_name}/${dataset.dataset_name}/${algo}/seed_${seed}', 'batch_size': 1024, 'memory_size': 32, 'improvement_threshold': 0.05, 'use_contrastive': True}}
[2023-10-04 18:25:29,775][root][INFO] - Class sequence: [72 45 38 48 97 37  0 73 36 20 51 58 61 21 95 64 25 43 53 23 39 91 24 57
  9 15 33 11 88 62 59 77 18 12 19 32  6  5 87 63 60  1 42 81  2 79 41 31
  4  7 30 68 22 76 16 65 28 69 47 71 49 54 29 55 80 14 34 74 94 85 98 84
 89 44  3 75 96 46 10 13 50 56 40 83 17 67 99 35 86  8 52 90 70 66 27 82
 26 93 92 78]
[2023-10-04 18:25:29,789][root][INFO] - task 0 :(1280, 3, 32, 32)
[2023-10-04 18:25:29,830][root][INFO] - task 1 :(1280, 3, 32, 32)
[2023-10-04 18:25:29,849][root][INFO] - task 2 :(1280, 3, 32, 32)
[2023-10-04 18:25:29,869][root][INFO] - task 3 :(1280, 3, 32, 32)
[2023-10-04 18:25:30,341][root][INFO] - Class sequence: [90  0 72 54 87 26 45 56 98 63  7  9 95 36 52 73 30  3  6 16 49 24 34 35
 59 46 51 71 23 74 21 86 70 25 37 40 10 22 44 18 19 29 32 93 77 11 69 66
 88  2 76 99 17 75 68 14 47 97  5 31 80 60 57 65 67 38 81 85  8 39 79 64
 62 61 89  4 13 12 84 42 15 48 20 27 41 43 28 96 50 91 53 94 33 55 82 83
  1 58 78 92]
[2023-10-04 18:25:30,356][root][INFO] - task 0 :(1280, 3, 32, 32)
[2023-10-04 18:25:30,376][root][INFO] - task 1 :(1280, 3, 32, 32)
[2023-10-04 18:25:30,395][root][INFO] - task 2 :(1280, 3, 32, 32)
[2023-10-04 18:25:30,415][root][INFO] - task 3 :(1280, 3, 32, 32)
[2023-10-04 18:25:30,882][root][INFO] - Class sequence: [32 45 93 34 69 92 84 55  5 18 61 89 74 81 87 41 52 53 22 75 10 36 96 16
 15 58  2 40 83  4 60  1 73 91 39 90 54 66 71 42 99 14 67 23 79 37 85 38
 33 29 63 35  0  8 68 17 62 31 76  6 24 65 27 77 28 72 78 30  7 94 48 59
  9 82  3 86 12 50 97 70 26 47 51 20 44 88 25 95 49 21 80 98 56 64 43 13
 57 19 11 46]
[2023-10-04 18:25:30,897][root][INFO] - task 0 :(1280, 3, 32, 32)
[2023-10-04 18:25:30,915][root][INFO] - task 1 :(1280, 3, 32, 32)
[2023-10-04 18:25:30,934][root][INFO] - task 2 :(1280, 3, 32, 32)
[2023-10-04 18:25:30,954][root][INFO] - task 3 :(1280, 3, 32, 32)
[2023-10-04 18:25:31,421][root][INFO] - Class sequence: [79 12 44 60 49 68 84 33 18 39 16 36 10 83 69 65 63 85 71 93 37 76 55 59
  2 21 42 81 41 74 98 31  1 52 91 64 43 51  5 22 34 15 61 94 54 50 89 72
 13 75 67  6 88 11  8 87 58 53 82 92 80 90 78 26  9 40 97 73 48  7 77 35
 23 57 14 32 46 24 19 38 27 96 20 47  3 25  4 56 29 62  0 45 99 28 66 17
 86 95 70 30]
[2023-10-04 18:25:31,435][root][INFO] - task 0 :(1280, 3, 32, 32)
[2023-10-04 18:25:31,454][root][INFO] - task 1 :(1280, 3, 32, 32)
[2023-10-04 18:25:31,474][root][INFO] - task 2 :(1280, 3, 32, 32)
[2023-10-04 18:25:31,493][root][INFO] - task 3 :(1280, 3, 32, 32)
[2023-10-04 18:25:31,962][root][INFO] - Class sequence: [38 48 52 84 26 14 96  8 83 12 33 63 89 87 78 66 28  0  1 22 95 30  6 71
 42 13 79 62 10 80 50  2 47 73 40 41 43 18 19 68 67 91  4 23 32 55 57 64
 82 54 74 53 39 31 97 88 58 46 16 27 37 20 59  9 92  7 99 90 11 93 34 17
 77  5 65 45 44 60 29 49 86 35 21 81 56 51 85  3 76 75 69 72 61 15 24 25
 94 98 36 70]
[2023-10-04 18:25:31,977][root][INFO] - task 0 :(1280, 3, 32, 32)
[2023-10-04 18:25:31,996][root][INFO] - task 1 :(1280, 3, 32, 32)
[2023-10-04 18:25:32,016][root][INFO] - task 2 :(1280, 3, 32, 32)
[2023-10-04 18:25:32,036][root][INFO] - task 3 :(1280, 3, 32, 32)
[2023-10-04 18:25:32,510][root][INFO] - Class sequence: [68 10 70 13 93 42 26 61 16 80  1 38 67 86 90 54 28 25 31 97 46 19 65 15
 75 55 71 92 98 27 52 72 51 33 73 47 34 35 43 32 84 77 37  3 49 11  7 17
 85 23 21 40 57 44 62 94 20 66 58  9 59 48 29 81 45 83  4 91 76 18 79  0
 82 14 41 24 88 89 60 99 69 53  6 12 22 64 74 30 96 63 50 39 95 87  8 56
 78 36  5  2]
[2023-10-04 18:25:32,526][root][INFO] - task 0 :(1280, 3, 32, 32)
[2023-10-04 18:25:32,547][root][INFO] - task 1 :(1280, 3, 32, 32)
[2023-10-04 18:25:32,566][root][INFO] - task 2 :(1280, 3, 32, 32)
[2023-10-04 18:25:32,586][root][INFO] - task 3 :(1280, 3, 32, 32)
[2023-10-04 18:25:33,057][root][INFO] - Class sequence: [92 61 95 22 25 20  3 13 71 48 59 42 85  6 12 90 65 49  5 41 52 64 83 43
 77  2 70 81 40 19 55 53 37 86 50 29 24 21 47 96 38  0 67 94 18 54 79 14
 51 73 62  9 45 76 10 82 91 34  4 63 74 97 28 56 98 35 72 30 84 46 93 75
 33 36  7  1 17 15 99 39 60 78 31 87 11 69 68 44 26 16 66 27 80 57 58 32
 23  8 89 88]
[2023-10-04 18:25:33,071][root][INFO] - task 0 :(1280, 3, 32, 32)
[2023-10-04 18:25:33,090][root][INFO] - task 1 :(1280, 3, 32, 32)
[2023-10-04 18:25:33,109][root][INFO] - task 2 :(1280, 3, 32, 32)
[2023-10-04 18:25:33,128][root][INFO] - task 3 :(1280, 3, 32, 32)
[2023-10-04 18:25:33,596][root][INFO] - Class sequence: [90 52 66  6  8 35 63 30 29 25 91  1 39 76 14 67 12 85 80 48  9 11 61 69
 75 64 74 83 96 50 99 59 54 45 23 47 72 10 15 56 46 36 62 93 89 79 81 32
 77 88 60 37  2 73 21 71 18 97 40 68 86 42 87 95 38 55 19 57 98 49  3 27
 26 34  4 53  7 70 24 13 20 16 33  5 82 41 17 43 84 31 65 94 51 28 44  0
 78 58 92 22]
[2023-10-04 18:25:33,611][root][INFO] - task 0 :(1280, 3, 32, 32)
[2023-10-04 18:25:33,631][root][INFO] - task 1 :(1280, 3, 32, 32)
[2023-10-04 18:25:33,649][root][INFO] - task 2 :(1280, 3, 32, 32)
[2023-10-04 18:25:33,669][root][INFO] - task 3 :(1280, 3, 32, 32)
i_size 32
num_classes 5
net_cfg {'name': 'cnn', 'depth': 4, 'channels': 50, 'conv_kernel': 3, 'maxpool_kernel': 2, 'padding': 1, 'dropout': 0.0, 'i_size': 32, 'num_classes': 5, 'num_tasks': 4, 'num_init_tasks': 4, 'use_contrastive': True}
<class 'shell.learners.er_nocomponents.NoComponentsER'>
[2023-10-04 18:25:33,697][root][INFO] - No. gpus per agent: 0.25
2023-10-04 18:25:36,255	INFO worker.py:1544 -- Started a local Ray instance. View the dashboard at [1m[32m127.0.0.1:8265 [39m[22m
[2m[36m(ParallelAgent pid=1992311)[0m INFO:root:Agent: node_id: 0, seed: 2
[2m[36m(ParallelAgent pid=1992312)[0m INFO:root:Agent: node_id: 1, seed: 1002
[2m[36m(ParallelAgent pid=1992313)[0m INFO:root:Agent: node_id: 2, seed: 2002
[2m[36m(ParallelAgent pid=1992314)[0m INFO:root:Agent: node_id: 3, seed: 3002
[2m[36m(ParallelAgent pid=1992374)[0m INFO:root:Agent: node_id: 4, seed: 4002
[2m[36m(ParallelAgent pid=1992499)[0m INFO:root:Agent: node_id: 5, seed: 5002
[2m[36m(ParallelAgent pid=1992624)[0m INFO:root:Agent: node_id: 6, seed: 6002
[2m[36m(ParallelAgent pid=1992813)[0m INFO:root:Agent: node_id: 7, seed: 7002
[2023-10-04 18:25:54,357][root][INFO] - Created fleet with 8 agents
[2023-10-04 18:25:54,357][root][INFO] - Adding neighbors...
[2023-10-04 18:25:54,375][root][INFO] - Fleet initialized
[2m[36m(ParallelAgent pid=1992311)[0m INFO:root:epochs: 0, training task: 0
[2m[36m(ParallelAgent pid=1992311)[0m INFO:root:	task: 0	loss: 1.61020526	acc: 0.192
[2m[36m(ParallelAgent pid=1992311)[0m INFO:root:	task: avg	loss: 1.61020526	acc: 0.192
[2m[36m(ParallelAgent pid=1992312)[0m INFO:root:epochs: 0, training task: 0
[2m[36m(ParallelAgent pid=1992312)[0m INFO:root:	task: 0	loss: 1.61074841	acc: 0.200
[2m[36m(ParallelAgent pid=1992312)[0m INFO:root:	task: avg	loss: 1.61074841	acc: 0.200
[2m[36m(ParallelAgent pid=1992313)[0m INFO:root:epochs: 0, training task: 0
[2m[36m(ParallelAgent pid=1992313)[0m INFO:root:	task: 0	loss: 1.61015649	acc: 0.200
[2m[36m(ParallelAgent pid=1992313)[0m INFO:root:	task: avg	loss: 1.61015649	acc: 0.200
[2m[36m(ParallelAgent pid=1992314)[0m INFO:root:epochs: 0, training task: 0
[2m[36m(ParallelAgent pid=1992314)[0m INFO:root:	task: 0	loss: 1.61030981	acc: 0.200
[2m[36m(ParallelAgent pid=1992314)[0m INFO:root:	task: avg	loss: 1.61030981	acc: 0.200
[2m[36m(ParallelAgent pid=1992374)[0m INFO:root:epochs: 0, training task: 0
[2m[36m(ParallelAgent pid=1992374)[0m INFO:root:	task: 0	loss: 1.61121283	acc: 0.200
[2m[36m(ParallelAgent pid=1992374)[0m INFO:root:	task: avg	loss: 1.61121283	acc: 0.200
[2m[36m(ParallelAgent pid=1992499)[0m INFO:root:epochs: 0, training task: 0
[2m[36m(ParallelAgent pid=1992499)[0m INFO:root:	task: 0	loss: 1.61069348	acc: 0.200
[2m[36m(ParallelAgent pid=1992499)[0m INFO:root:	task: avg	loss: 1.61069348	acc: 0.200
[2m[36m(ParallelAgent pid=1992624)[0m INFO:root:epochs: 0, training task: 0
[2m[36m(ParallelAgent pid=1992624)[0m INFO:root:	task: 0	loss: 1.61002283	acc: 0.186
[2m[36m(ParallelAgent pid=1992624)[0m INFO:root:	task: avg	loss: 1.61002283	acc: 0.186
[2m[36m(ParallelAgent pid=1992813)[0m INFO:root:epochs: 0, training task: 0
[2m[36m(ParallelAgent pid=1992813)[0m INFO:root:	task: 0	loss: 1.61077045	acc: 0.200
[2m[36m(ParallelAgent pid=1992813)[0m INFO:root:	task: avg	loss: 1.61077045	acc: 0.200
[2m[36m(ParallelAgent pid=1992311)[0m INFO:root:epochs: 0, training task: 0
[2m[36m(ParallelAgent pid=1992311)[0m INFO:root:	task: 0	loss: 1.61020526	acc: 0.192
[2m[36m(ParallelAgent pid=1992311)[0m INFO:root:	task: avg	loss: 1.61020526	acc: 0.192
[2m[36m(ParallelAgent pid=1992312)[0m INFO:root:epochs: 0, training task: 0
[2m[36m(ParallelAgent pid=1992312)[0m INFO:root:	task: 0	loss: 1.61074841	acc: 0.200
[2m[36m(ParallelAgent pid=1992312)[0m INFO:root:	task: avg	loss: 1.61074841	acc: 0.200
[2m[36m(ParallelAgent pid=1992313)[0m INFO:root:epochs: 0, training task: 0
[2m[36m(ParallelAgent pid=1992313)[0m INFO:root:	task: 0	loss: 1.61015649	acc: 0.200
[2m[36m(ParallelAgent pid=1992313)[0m INFO:root:	task: avg	loss: 1.61015649	acc: 0.200
[2m[36m(ParallelAgent pid=1992314)[0m INFO:root:epochs: 0, training task: 0
[2m[36m(ParallelAgent pid=1992314)[0m INFO:root:	task: 0	loss: 1.61030981	acc: 0.200
[2m[36m(ParallelAgent pid=1992314)[0m INFO:root:	task: avg	loss: 1.61030981	acc: 0.200
[2m[36m(ParallelAgent pid=1992374)[0m INFO:root:epochs: 0, training task: 0
[2m[36m(ParallelAgent pid=1992374)[0m INFO:root:	task: 0	loss: 1.61121283	acc: 0.200
[2m[36m(ParallelAgent pid=1992374)[0m INFO:root:	task: avg	loss: 1.61121283	acc: 0.200
[2m[36m(ParallelAgent pid=1992499)[0m INFO:root:epochs: 0, training task: 0
[2m[36m(ParallelAgent pid=1992499)[0m INFO:root:	task: 0	loss: 1.61069348	acc: 0.200
[2m[36m(ParallelAgent pid=1992499)[0m INFO:root:	task: avg	loss: 1.61069348	acc: 0.200
[2m[36m(ParallelAgent pid=1992624)[0m INFO:root:epochs: 0, training task: 0
[2m[36m(ParallelAgent pid=1992624)[0m INFO:root:	task: 0	loss: 1.61002283	acc: 0.186
[2m[36m(ParallelAgent pid=1992624)[0m INFO:root:	task: avg	loss: 1.61002283	acc: 0.186
[2m[36m(ParallelAgent pid=1992813)[0m INFO:root:epochs: 0, training task: 0
[2m[36m(ParallelAgent pid=1992813)[0m INFO:root:	task: 0	loss: 1.61077045	acc: 0.200
[2m[36m(ParallelAgent pid=1992813)[0m INFO:root:	task: avg	loss: 1.61077045	acc: 0.200
[2m[36m(ParallelAgent pid=1992311)[0m INFO:root:epochs: 0, training task: 1
[2m[36m(ParallelAgent pid=1992311)[0m INFO:root:	task: 0	loss: 1.61020526	acc: 0.192
[2m[36m(ParallelAgent pid=1992311)[0m INFO:root:	task: 1	loss: 1.60968494	acc: 0.200
[2m[36m(ParallelAgent pid=1992311)[0m INFO:root:	task: avg	loss: 1.60994510	acc: 0.196
[2m[36m(ParallelAgent pid=1992312)[0m INFO:root:epochs: 0, training task: 1
[2m[36m(ParallelAgent pid=1992312)[0m INFO:root:	task: 0	loss: 1.61074841	acc: 0.200
[2m[36m(ParallelAgent pid=1992374)[0m INFO:root:epochs: 0, training task: 1
[2m[36m(ParallelAgent pid=1992374)[0m INFO:root:	task: 0	loss: 1.61121283	acc: 0.200
[2m[36m(ParallelAgent pid=1992374)[0m INFO:root:	task: 1	loss: 1.61055835	acc: 0.200
[2m[36m(ParallelAgent pid=1992374)[0m INFO:root:	task: avg	loss: 1.61088559	acc: 0.200
[2m[36m(ParallelAgent pid=1992312)[0m INFO:root:	task: 1	loss: 1.60977966	acc: 0.200
[2m[36m(ParallelAgent pid=1992312)[0m INFO:root:	task: avg	loss: 1.61026404	acc: 0.200
[2m[36m(ParallelAgent pid=1992314)[0m INFO:root:epochs: 0, training task: 1
[2m[36m(ParallelAgent pid=1992314)[0m INFO:root:	task: 0	loss: 1.61030981	acc: 0.200
[2m[36m(ParallelAgent pid=1992314)[0m INFO:root:	task: 1	loss: 1.60961084	acc: 0.200
[2m[36m(ParallelAgent pid=1992314)[0m INFO:root:	task: avg	loss: 1.60996033	acc: 0.200
[2m[36m(ParallelAgent pid=1992813)[0m INFO:root:epochs: 0, training task: 1
[2m[36m(ParallelAgent pid=1992813)[0m INFO:root:	task: 0	loss: 1.61077045	acc: 0.200
[2m[36m(ParallelAgent pid=1992813)[0m INFO:root:	task: 1	loss: 1.61000623	acc: 0.200
[2m[36m(ParallelAgent pid=1992813)[0m INFO:root:	task: avg	loss: 1.61038834	acc: 0.200
[2m[36m(ParallelAgent pid=1992313)[0m INFO:root:epochs: 0, training task: 1
[2m[36m(ParallelAgent pid=1992313)[0m INFO:root:	task: 0	loss: 1.61015649	acc: 0.200
[2m[36m(ParallelAgent pid=1992313)[0m INFO:root:	task: 1	loss: 1.61038794	acc: 0.200
[2m[36m(ParallelAgent pid=1992313)[0m INFO:root:	task: avg	loss: 1.61027222	acc: 0.200
[2m[36m(ParallelAgent pid=1992499)[0m INFO:root:epochs: 0, training task: 1
[2m[36m(ParallelAgent pid=1992499)[0m INFO:root:	task: 0	loss: 1.61069348	acc: 0.200
[2m[36m(ParallelAgent pid=1992499)[0m INFO:root:	task: 1	loss: 1.60893884	acc: 0.200
[2m[36m(ParallelAgent pid=1992499)[0m INFO:root:	task: avg	loss: 1.60981616	acc: 0.200
[2m[36m(ParallelAgent pid=1992624)[0m INFO:root:epochs: 0, training task: 1
[2m[36m(ParallelAgent pid=1992624)[0m INFO:root:	task: 0	loss: 1.61002283	acc: 0.186
[2m[36m(ParallelAgent pid=1992624)[0m INFO:root:	task: 1	loss: 1.60962537	acc: 0.200
[2m[36m(ParallelAgent pid=1992624)[0m INFO:root:	task: avg	loss: 1.60982410	acc: 0.193
[2m[36m(ParallelAgent pid=1992374)[0m INFO:root:epochs: 0, training task: 1
[2m[36m(ParallelAgent pid=1992374)[0m INFO:root:	task: 0	loss: 1.61121283	acc: 0.200
[2m[36m(ParallelAgent pid=1992374)[0m INFO:root:	task: 1	loss: 1.61055835	acc: 0.200
[2m[36m(ParallelAgent pid=1992374)[0m INFO:root:	task: avg	loss: 1.61088559	acc: 0.200
[2m[36m(ParallelAgent pid=1992311)[0m INFO:root:epochs: 0, training task: 1
[2m[36m(ParallelAgent pid=1992311)[0m INFO:root:	task: 0	loss: 1.61020526	acc: 0.192
[2m[36m(ParallelAgent pid=1992311)[0m INFO:root:	task: 1	loss: 1.60968494	acc: 0.200
[2m[36m(ParallelAgent pid=1992311)[0m INFO:root:	task: avg	loss: 1.60994510	acc: 0.196
[2m[36m(ParallelAgent pid=1992312)[0m INFO:root:epochs: 0, training task: 1
[2m[36m(ParallelAgent pid=1992312)[0m INFO:root:	task: 0	loss: 1.61074841	acc: 0.200
[2m[36m(ParallelAgent pid=1992312)[0m INFO:root:	task: 1	loss: 1.60977966	acc: 0.200
[2m[36m(ParallelAgent pid=1992312)[0m INFO:root:	task: avg	loss: 1.61026404	acc: 0.200
[2m[36m(ParallelAgent pid=1992313)[0m INFO:root:epochs: 0, training task: 1
[2m[36m(ParallelAgent pid=1992313)[0m INFO:root:	task: 0	loss: 1.61015649	acc: 0.200
[2m[36m(ParallelAgent pid=1992313)[0m INFO:root:	task: 1	loss: 1.61038794	acc: 0.200
[2m[36m(ParallelAgent pid=1992313)[0m INFO:root:	task: avg	loss: 1.61027222	acc: 0.200
[2m[36m(ParallelAgent pid=1992314)[0m INFO:root:epochs: 0, training task: 1
[2m[36m(ParallelAgent pid=1992314)[0m INFO:root:	task: 0	loss: 1.61030981	acc: 0.200
[2m[36m(ParallelAgent pid=1992314)[0m INFO:root:	task: 1	loss: 1.60961084	acc: 0.200
[2m[36m(ParallelAgent pid=1992314)[0m INFO:root:	task: avg	loss: 1.60996033	acc: 0.200
[2m[36m(ParallelAgent pid=1992499)[0m INFO:root:epochs: 0, training task: 1
[2m[36m(ParallelAgent pid=1992499)[0m INFO:root:	task: 0	loss: 1.61069348	acc: 0.200
[2m[36m(ParallelAgent pid=1992499)[0m INFO:root:	task: 1	loss: 1.60893884	acc: 0.200
[2m[36m(ParallelAgent pid=1992499)[0m INFO:root:	task: avg	loss: 1.60981616	acc: 0.200
[2m[36m(ParallelAgent pid=1992813)[0m INFO:root:epochs: 0, training task: 1
[2m[36m(ParallelAgent pid=1992813)[0m INFO:root:	task: 0	loss: 1.61077045	acc: 0.200
[2m[36m(ParallelAgent pid=1992813)[0m INFO:root:	task: 1	loss: 1.61000623	acc: 0.200
[2m[36m(ParallelAgent pid=1992813)[0m INFO:root:	task: avg	loss: 1.61038834	acc: 0.200
[2m[36m(ParallelAgent pid=1992624)[0m INFO:root:epochs: 0, training task: 1
[2m[36m(ParallelAgent pid=1992624)[0m INFO:root:	task: 0	loss: 1.61002283	acc: 0.186
[2m[36m(ParallelAgent pid=1992624)[0m INFO:root:	task: 1	loss: 1.60962537	acc: 0.200
[2m[36m(ParallelAgent pid=1992624)[0m INFO:root:	task: avg	loss: 1.60982410	acc: 0.193
[2m[36m(ParallelAgent pid=1992311)[0m INFO:root:epochs: 0, training task: 2
[2m[36m(ParallelAgent pid=1992311)[0m INFO:root:	task: 0	loss: 1.61020526	acc: 0.192
[2m[36m(ParallelAgent pid=1992311)[0m INFO:root:	task: 1	loss: 1.60968494	acc: 0.200
[2m[36m(ParallelAgent pid=1992313)[0m INFO:root:epochs: 0, training task: 2
[2m[36m(ParallelAgent pid=1992313)[0m INFO:root:	task: 0	loss: 1.61015649	acc: 0.200
[2m[36m(ParallelAgent pid=1992313)[0m INFO:root:	task: 1	loss: 1.61038794	acc: 0.200
[2m[36m(ParallelAgent pid=1992313)[0m INFO:root:	task: 2	loss: 1.60974292	acc: 0.200
[2m[36m(ParallelAgent pid=1992313)[0m INFO:root:	task: avg	loss: 1.61009578	acc: 0.200
[2m[36m(ParallelAgent pid=1992499)[0m INFO:root:epochs: 0, training task: 2
[2m[36m(ParallelAgent pid=1992499)[0m INFO:root:	task: 0	loss: 1.61069348	acc: 0.200
[2m[36m(ParallelAgent pid=1992499)[0m INFO:root:	task: 1	loss: 1.60893884	acc: 0.200
[2m[36m(ParallelAgent pid=1992499)[0m INFO:root:	task: 2	loss: 1.61039941	acc: 0.200
[2m[36m(ParallelAgent pid=1992499)[0m INFO:root:	task: avg	loss: 1.61001058	acc: 0.200
[2m[36m(ParallelAgent pid=1992624)[0m INFO:root:epochs: 0, training task: 2
[2m[36m(ParallelAgent pid=1992624)[0m INFO:root:	task: 0	loss: 1.61002283	acc: 0.186
[2m[36m(ParallelAgent pid=1992813)[0m INFO:root:epochs: 0, training task: 2
[2m[36m(ParallelAgent pid=1992813)[0m INFO:root:	task: 0	loss: 1.61077045	acc: 0.200
[2m[36m(ParallelAgent pid=1992813)[0m INFO:root:	task: 1	loss: 1.61000623	acc: 0.200
[2m[36m(ParallelAgent pid=1992813)[0m INFO:root:	task: 2	loss: 1.61098413	acc: 0.200
[2m[36m(ParallelAgent pid=1992813)[0m INFO:root:	task: avg	loss: 1.61058693	acc: 0.200
[2m[36m(ParallelAgent pid=1992311)[0m INFO:root:	task: 2	loss: 1.61175500	acc: 0.200
[2m[36m(ParallelAgent pid=1992311)[0m INFO:root:	task: avg	loss: 1.61054840	acc: 0.197
[2m[36m(ParallelAgent pid=1992312)[0m INFO:root:epochs: 0, training task: 2
[2m[36m(ParallelAgent pid=1992312)[0m INFO:root:	task: 0	loss: 1.61074841	acc: 0.200
[2m[36m(ParallelAgent pid=1992312)[0m INFO:root:	task: 1	loss: 1.60977966	acc: 0.200
[2m[36m(ParallelAgent pid=1992312)[0m INFO:root:	task: 2	loss: 1.61006494	acc: 0.200
[2m[36m(ParallelAgent pid=1992312)[0m INFO:root:	task: avg	loss: 1.61019767	acc: 0.200
[2m[36m(ParallelAgent pid=1992374)[0m INFO:root:epochs: 0, training task: 2
[2m[36m(ParallelAgent pid=1992374)[0m INFO:root:	task: 0	loss: 1.61121283	acc: 0.200
[2m[36m(ParallelAgent pid=1992374)[0m INFO:root:	task: 1	loss: 1.61055835	acc: 0.200
[2m[36m(ParallelAgent pid=1992374)[0m INFO:root:	task: 2	loss: 1.61055408	acc: 0.198
[2m[36m(ParallelAgent pid=1992374)[0m INFO:root:	task: avg	loss: 1.61077509	acc: 0.199
[2m[36m(ParallelAgent pid=1992624)[0m INFO:root:	task: 1	loss: 1.60962537	acc: 0.200
[2m[36m(ParallelAgent pid=1992624)[0m INFO:root:	task: 2	loss: 1.60997931	acc: 0.200
[2m[36m(ParallelAgent pid=1992624)[0m INFO:root:	task: avg	loss: 1.60987583	acc: 0.195
[2m[36m(ParallelAgent pid=1992314)[0m INFO:root:epochs: 0, training task: 2
[2m[36m(ParallelAgent pid=1992314)[0m INFO:root:	task: 0	loss: 1.61030981	acc: 0.200
[2m[36m(ParallelAgent pid=1992314)[0m INFO:root:	task: 1	loss: 1.60961084	acc: 0.200
[2m[36m(ParallelAgent pid=1992314)[0m INFO:root:	task: 2	loss: 1.60998828	acc: 0.200
[2m[36m(ParallelAgent pid=1992314)[0m INFO:root:	task: avg	loss: 1.60996965	acc: 0.200
[2m[36m(ParallelAgent pid=1992813)[0m INFO:root:epochs: 0, training task: 2
[2m[36m(ParallelAgent pid=1992813)[0m INFO:root:	task: 0	loss: 1.61077045	acc: 0.200
[2m[36m(ParallelAgent pid=1992813)[0m INFO:root:	task: 1	loss: 1.61000623	acc: 0.200
[2m[36m(ParallelAgent pid=1992813)[0m INFO:root:	task: 2	loss: 1.61098413	acc: 0.200
[2m[36m(ParallelAgent pid=1992813)[0m INFO:root:	task: avg	loss: 1.61058693	acc: 0.200
[2m[36m(ParallelAgent pid=1992313)[0m INFO:root:epochs: 0, training task: 2
[2m[36m(ParallelAgent pid=1992313)[0m INFO:root:	task: 0	loss: 1.61015649	acc: 0.200
[2m[36m(ParallelAgent pid=1992313)[0m INFO:root:	task: 1	loss: 1.61038794	acc: 0.200
[2m[36m(ParallelAgent pid=1992499)[0m INFO:root:epochs: 0, training task: 2
[2m[36m(ParallelAgent pid=1992499)[0m INFO:root:	task: 0	loss: 1.61069348	acc: 0.200
[2m[36m(ParallelAgent pid=1992499)[0m INFO:root:	task: 1	loss: 1.60893884	acc: 0.200
[2m[36m(ParallelAgent pid=1992499)[0m INFO:root:	task: 2	loss: 1.61039941	acc: 0.200
[2m[36m(ParallelAgent pid=1992499)[0m INFO:root:	task: avg	loss: 1.61001058	acc: 0.200
[2m[36m(ParallelAgent pid=1992313)[0m INFO:root:	task: 2	loss: 1.60974292	acc: 0.200
[2m[36m(ParallelAgent pid=1992313)[0m INFO:root:	task: avg	loss: 1.61009578	acc: 0.200
[2m[36m(ParallelAgent pid=1992311)[0m INFO:root:epochs: 0, training task: 2
[2m[36m(ParallelAgent pid=1992311)[0m INFO:root:	task: 0	loss: 1.61020526	acc: 0.192
[2m[36m(ParallelAgent pid=1992311)[0m INFO:root:	task: 1	loss: 1.60968494	acc: 0.200
[2m[36m(ParallelAgent pid=1992311)[0m INFO:root:	task: 2	loss: 1.61175500	acc: 0.200
[2m[36m(ParallelAgent pid=1992311)[0m INFO:root:	task: avg	loss: 1.61054840	acc: 0.197
[2m[36m(ParallelAgent pid=1992312)[0m INFO:root:epochs: 0, training task: 2
[2m[36m(ParallelAgent pid=1992312)[0m INFO:root:	task: 0	loss: 1.61074841	acc: 0.200
[2m[36m(ParallelAgent pid=1992312)[0m INFO:root:	task: 1	loss: 1.60977966	acc: 0.200
[2m[36m(ParallelAgent pid=1992312)[0m INFO:root:	task: 2	loss: 1.61006494	acc: 0.200
[2m[36m(ParallelAgent pid=1992312)[0m INFO:root:	task: avg	loss: 1.61019767	acc: 0.200
[2m[36m(ParallelAgent pid=1992314)[0m INFO:root:epochs: 0, training task: 2
[2m[36m(ParallelAgent pid=1992314)[0m INFO:root:	task: 0	loss: 1.61030981	acc: 0.200
[2m[36m(ParallelAgent pid=1992314)[0m INFO:root:	task: 1	loss: 1.60961084	acc: 0.200
[2m[36m(ParallelAgent pid=1992314)[0m INFO:root:	task: 2	loss: 1.60998828	acc: 0.200
[2m[36m(ParallelAgent pid=1992314)[0m INFO:root:	task: avg	loss: 1.60996965	acc: 0.200
[2m[36m(ParallelAgent pid=1992374)[0m INFO:root:epochs: 0, training task: 2
[2m[36m(ParallelAgent pid=1992374)[0m INFO:root:	task: 0	loss: 1.61121283	acc: 0.200
[2m[36m(ParallelAgent pid=1992374)[0m INFO:root:	task: 1	loss: 1.61055835	acc: 0.200
[2m[36m(ParallelAgent pid=1992374)[0m INFO:root:	task: 2	loss: 1.61055408	acc: 0.198
[2m[36m(ParallelAgent pid=1992374)[0m INFO:root:	task: avg	loss: 1.61077509	acc: 0.199
[2m[36m(ParallelAgent pid=1992624)[0m INFO:root:epochs: 0, training task: 2
[2m[36m(ParallelAgent pid=1992624)[0m INFO:root:	task: 0	loss: 1.61002283	acc: 0.186
[2m[36m(ParallelAgent pid=1992624)[0m INFO:root:	task: 1	loss: 1.60962537	acc: 0.200
[2m[36m(ParallelAgent pid=1992624)[0m INFO:root:	task: 2	loss: 1.60997931	acc: 0.200
[2m[36m(ParallelAgent pid=1992624)[0m INFO:root:	task: avg	loss: 1.60987583	acc: 0.195
[2m[36m(ParallelAgent pid=1992312)[0m INFO:root:epochs: 0, training task: 3
[2m[36m(ParallelAgent pid=1992312)[0m INFO:root:	task: 0	loss: 1.61074841	acc: 0.200
[2m[36m(ParallelAgent pid=1992312)[0m INFO:root:	task: 1	loss: 1.60977966	acc: 0.200
[2m[36m(ParallelAgent pid=1992312)[0m INFO:root:	task: 2	loss: 1.61006494	acc: 0.200
[2m[36m(ParallelAgent pid=1992312)[0m INFO:root:	task: 3	loss: 1.61033087	acc: 0.200
[2m[36m(ParallelAgent pid=1992312)[0m INFO:root:	task: avg	loss: 1.61023097	acc: 0.200
[2m[36m(ParallelAgent pid=1992499)[0m INFO:root:epochs: 0, training task: 3
[2m[36m(ParallelAgent pid=1992499)[0m INFO:root:	task: 0	loss: 1.61069348	acc: 0.200
[2m[36m(ParallelAgent pid=1992311)[0m INFO:root:epochs: 0, training task: 3
[2m[36m(ParallelAgent pid=1992311)[0m INFO:root:	task: 0	loss: 1.61020526	acc: 0.192
[2m[36m(ParallelAgent pid=1992311)[0m INFO:root:	task: 1	loss: 1.60968494	acc: 0.200
[2m[36m(ParallelAgent pid=1992311)[0m INFO:root:	task: 2	loss: 1.61175500	acc: 0.200
[2m[36m(ParallelAgent pid=1992311)[0m INFO:root:	task: 3	loss: 1.60883905	acc: 0.244
[2m[36m(ParallelAgent pid=1992311)[0m INFO:root:	task: avg	loss: 1.61012106	acc: 0.209
[2m[36m(ParallelAgent pid=1992313)[0m INFO:root:epochs: 0, training task: 3
[2m[36m(ParallelAgent pid=1992313)[0m INFO:root:	task: 0	loss: 1.61015649	acc: 0.200
[2m[36m(ParallelAgent pid=1992313)[0m INFO:root:	task: 1	loss: 1.61038794	acc: 0.200
[2m[36m(ParallelAgent pid=1992313)[0m INFO:root:	task: 2	loss: 1.60974292	acc: 0.200
[2m[36m(ParallelAgent pid=1992313)[0m INFO:root:	task: 3	loss: 1.61053510	acc: 0.200
[2m[36m(ParallelAgent pid=1992313)[0m INFO:root:	task: avg	loss: 1.61020561	acc: 0.200
[2m[36m(ParallelAgent pid=1992314)[0m INFO:root:epochs: 0, training task: 3
[2m[36m(ParallelAgent pid=1992314)[0m INFO:root:	task: 0	loss: 1.61030981	acc: 0.200
[2m[36m(ParallelAgent pid=1992314)[0m INFO:root:	task: 1	loss: 1.60961084	acc: 0.200
[2m[36m(ParallelAgent pid=1992314)[0m INFO:root:	task: 2	loss: 1.60998828	acc: 0.200
[2m[36m(ParallelAgent pid=1992314)[0m INFO:root:	task: 3	loss: 1.60885132	acc: 0.202
[2m[36m(ParallelAgent pid=1992314)[0m INFO:root:	task: avg	loss: 1.60969006	acc: 0.201
[2m[36m(ParallelAgent pid=1992374)[0m INFO:root:epochs: 0, training task: 3
[2m[36m(ParallelAgent pid=1992374)[0m INFO:root:	task: 0	loss: 1.61121283	acc: 0.200
[2m[36m(ParallelAgent pid=1992374)[0m INFO:root:	task: 1	loss: 1.61055835	acc: 0.200
[2m[36m(ParallelAgent pid=1992374)[0m INFO:root:	task: 2	loss: 1.61055408	acc: 0.198
[2m[36m(ParallelAgent pid=1992374)[0m INFO:root:	task: 3	loss: 1.61091296	acc: 0.200
[2m[36m(ParallelAgent pid=1992374)[0m INFO:root:	task: avg	loss: 1.61080956	acc: 0.200
[2m[36m(ParallelAgent pid=1992499)[0m INFO:root:	task: 1	loss: 1.60893884	acc: 0.200
[2m[36m(ParallelAgent pid=1992499)[0m INFO:root:	task: 2	loss: 1.61039941	acc: 0.200
[2m[36m(ParallelAgent pid=1992499)[0m INFO:root:	task: 3	loss: 1.61043164	acc: 0.208
[2m[36m(ParallelAgent pid=1992499)[0m INFO:root:	task: avg	loss: 1.61011584	acc: 0.202
[2m[36m(ParallelAgent pid=1992624)[0m INFO:root:epochs: 0, training task: 3
[2m[36m(ParallelAgent pid=1992624)[0m INFO:root:	task: 0	loss: 1.61002283	acc: 0.186
[2m[36m(ParallelAgent pid=1992624)[0m INFO:root:	task: 1	loss: 1.60962537	acc: 0.200
[2m[36m(ParallelAgent pid=1992624)[0m INFO:root:	task: 2	loss: 1.60997931	acc: 0.200
[2m[36m(ParallelAgent pid=1992624)[0m INFO:root:	task: 3	loss: 1.60962128	acc: 0.214
[2m[36m(ParallelAgent pid=1992624)[0m INFO:root:	task: avg	loss: 1.60981219	acc: 0.200
[2m[36m(ParallelAgent pid=1992813)[0m INFO:root:epochs: 0, training task: 3
[2m[36m(ParallelAgent pid=1992813)[0m INFO:root:	task: 0	loss: 1.61077045	acc: 0.200
[2m[36m(ParallelAgent pid=1992813)[0m INFO:root:	task: 1	loss: 1.61000623	acc: 0.200
[2m[36m(ParallelAgent pid=1992813)[0m INFO:root:	task: 2	loss: 1.61098413	acc: 0.200
[2m[36m(ParallelAgent pid=1992813)[0m INFO:root:	task: 3	loss: 1.61010809	acc: 0.200
[2m[36m(ParallelAgent pid=1992813)[0m INFO:root:	task: avg	loss: 1.61046722	acc: 0.200
[2m[36m(ParallelAgent pid=1992312)[0m INFO:root:epochs: 1, training task: 3
[2m[36m(ParallelAgent pid=1992312)[0m INFO:root:	task: 0	loss: 1.61688440	acc: 0.116
[2m[36m(ParallelAgent pid=1992312)[0m INFO:root:	task: 1	loss: 1.60960248	acc: 0.214
[2m[36m(ParallelAgent pid=1992312)[0m INFO:root:	task: 2	loss: 1.61275494	acc: 0.170
[2m[36m(ParallelAgent pid=1992312)[0m INFO:root:	task: 3	loss: 1.60561011	acc: 0.200
[2m[36m(ParallelAgent pid=1992312)[0m INFO:root:	task: avg	loss: 1.61121298	acc: 0.175
[2m[36m(ParallelAgent pid=1992313)[0m INFO:root:epochs: 1, training task: 3
[2m[36m(ParallelAgent pid=1992313)[0m INFO:root:	task: 0	loss: 1.61032800	acc: 0.200
[2m[36m(ParallelAgent pid=1992313)[0m INFO:root:	task: 1	loss: 1.61050494	acc: 0.188
[2m[36m(ParallelAgent pid=1992313)[0m INFO:root:	task: 2	loss: 1.60928912	acc: 0.196
[2m[36m(ParallelAgent pid=1992313)[0m INFO:root:	task: 3	loss: 1.61030542	acc: 0.184
[2m[36m(ParallelAgent pid=1992313)[0m INFO:root:	task: avg	loss: 1.61010687	acc: 0.192
[2m[36m(ParallelAgent pid=1992311)[0m INFO:root:epochs: 1, training task: 3
[2m[36m(ParallelAgent pid=1992311)[0m INFO:root:	task: 0	loss: 1.61295746	acc: 0.140
[2m[36m(ParallelAgent pid=1992311)[0m INFO:root:	task: 1	loss: 1.58668878	acc: 0.200
[2m[36m(ParallelAgent pid=1992311)[0m INFO:root:	task: 2	loss: 1.61260913	acc: 0.192
[2m[36m(ParallelAgent pid=1992311)[0m INFO:root:	task: 3	loss: 1.59439844	acc: 0.264
[2m[36m(ParallelAgent pid=1992311)[0m INFO:root:	task: avg	loss: 1.60166345	acc: 0.199
[2m[36m(ParallelAgent pid=1992314)[0m INFO:root:epochs: 1, training task: 3
[2m[36m(ParallelAgent pid=1992314)[0m INFO:root:	task: 0	loss: 1.60853967	acc: 0.208
[2m[36m(ParallelAgent pid=1992314)[0m INFO:root:	task: 1	loss: 1.60753052	acc: 0.200
[2m[36m(ParallelAgent pid=1992314)[0m INFO:root:	task: 2	loss: 1.61078650	acc: 0.202
[2m[36m(ParallelAgent pid=1992314)[0m INFO:root:	task: 3	loss: 1.60687109	acc: 0.200
[2m[36m(ParallelAgent pid=1992314)[0m INFO:root:	task: avg	loss: 1.60843195	acc: 0.203
[2m[36m(ParallelAgent pid=1992624)[0m INFO:root:epochs: 1, training task: 3
[2m[36m(ParallelAgent pid=1992624)[0m INFO:root:	task: 0	loss: 1.60935657	acc: 0.200
[2m[36m(ParallelAgent pid=1992624)[0m INFO:root:	task: 1	loss: 1.61674286	acc: 0.182
[2m[36m(ParallelAgent pid=1992624)[0m INFO:root:	task: 2	loss: 1.61161102	acc: 0.182
[2m[36m(ParallelAgent pid=1992624)[0m INFO:root:	task: 3	loss: 1.60605750	acc: 0.294
[2m[36m(ParallelAgent pid=1992624)[0m INFO:root:	task: avg	loss: 1.61094199	acc: 0.215
[2m[36m(ParallelAgent pid=1992499)[0m INFO:root:epochs: 1, training task: 3
[2m[36m(ParallelAgent pid=1992499)[0m INFO:root:	task: 0	loss: 1.61730530	acc: 0.202
[2m[36m(ParallelAgent pid=1992499)[0m INFO:root:	task: 1	loss: 1.60697107	acc: 0.232
[2m[36m(ParallelAgent pid=1992499)[0m INFO:root:	task: 2	loss: 1.60999774	acc: 0.200
[2m[36m(ParallelAgent pid=1992499)[0m INFO:root:	task: 3	loss: 1.60836292	acc: 0.200
[2m[36m(ParallelAgent pid=1992499)[0m INFO:root:	task: avg	loss: 1.61065926	acc: 0.209
[2m[36m(ParallelAgent pid=1992813)[0m INFO:root:epochs: 1, training task: 3
[2m[36m(ParallelAgent pid=1992813)[0m INFO:root:	task: 0	loss: 1.61467792	acc: 0.244
[2m[36m(ParallelAgent pid=1992813)[0m INFO:root:	task: 1	loss: 1.60589819	acc: 0.152
[2m[36m(ParallelAgent pid=1992813)[0m INFO:root:	task: 2	loss: 1.60808472	acc: 0.200
[2m[36m(ParallelAgent pid=1992813)[0m INFO:root:	task: 3	loss: 1.61259418	acc: 0.200
[2m[36m(ParallelAgent pid=1992813)[0m INFO:root:	task: avg	loss: 1.61031375	acc: 0.199
[2m[36m(ParallelAgent pid=1992374)[0m INFO:root:epochs: 1, training task: 3
[2m[36m(ParallelAgent pid=1992374)[0m INFO:root:	task: 0	loss: 1.61251166	acc: 0.200
[2m[36m(ParallelAgent pid=1992374)[0m INFO:root:	task: 1	loss: 1.60770258	acc: 0.256
[2m[36m(ParallelAgent pid=1992374)[0m INFO:root:	task: 2	loss: 1.61107031	acc: 0.200
[2m[36m(ParallelAgent pid=1992374)[0m INFO:root:	task: 3	loss: 1.60755981	acc: 0.200
[2m[36m(ParallelAgent pid=1992374)[0m INFO:root:	task: avg	loss: 1.60971109	acc: 0.214
[2m[36m(ParallelAgent pid=1992313)[0m INFO:root:epochs: 10, training task: 3
[2m[36m(ParallelAgent pid=1992313)[0m INFO:root:	task: 0	loss: 1.59283496	acc: 0.228
[2m[36m(ParallelAgent pid=1992313)[0m INFO:root:	task: 1	loss: 1.57706848	acc: 0.204
[2m[36m(ParallelAgent pid=1992313)[0m INFO:root:	task: 2	loss: 1.59208295	acc: 0.202
[2m[36m(ParallelAgent pid=1992313)[0m INFO:root:	task: 3	loss: 1.55778137	acc: 0.324
[2m[36m(ParallelAgent pid=1992313)[0m INFO:root:	task: avg	loss: 1.57994194	acc: 0.239
[2m[36m(ParallelAgent pid=1992312)[0m INFO:root:epochs: 10, training task: 3
[2m[36m(ParallelAgent pid=1992312)[0m INFO:root:	task: 0	loss: 1.58699573	acc: 0.216
[2m[36m(ParallelAgent pid=1992312)[0m INFO:root:	task: 1	loss: 1.58991583	acc: 0.230
[2m[36m(ParallelAgent pid=1992312)[0m INFO:root:	task: 2	loss: 1.56859882	acc: 0.318
[2m[36m(ParallelAgent pid=1992312)[0m INFO:root:	task: 3	loss: 1.55365857	acc: 0.374
[2m[36m(ParallelAgent pid=1992312)[0m INFO:root:	task: avg	loss: 1.57479224	acc: 0.284
[2m[36m(ParallelAgent pid=1992311)[0m INFO:root:epochs: 10, training task: 3
[2m[36m(ParallelAgent pid=1992311)[0m INFO:root:	task: 0	loss: 1.58471387	acc: 0.200
[2m[36m(ParallelAgent pid=1992311)[0m INFO:root:	task: 1	loss: 1.51887671	acc: 0.220
[2m[36m(ParallelAgent pid=1992311)[0m INFO:root:	task: 2	loss: 1.55655029	acc: 0.230
[2m[36m(ParallelAgent pid=1992311)[0m INFO:root:	task: 3	loss: 1.51342767	acc: 0.200
[2m[36m(ParallelAgent pid=1992311)[0m INFO:root:	task: avg	loss: 1.54339214	acc: 0.213
[2m[36m(ParallelAgent pid=1992313)[0m INFO:root:epochs: 11, training task: 3
[2m[36m(ParallelAgent pid=1992313)[0m INFO:root:	task: 0	loss: 1.59283496	acc: 0.228
[2m[36m(ParallelAgent pid=1992313)[0m INFO:root:	task: 1	loss: 1.57706848	acc: 0.204
[2m[36m(ParallelAgent pid=1992313)[0m INFO:root:	task: 2	loss: 1.59208295	acc: 0.202
[2m[36m(ParallelAgent pid=1992313)[0m INFO:root:	task: 3	loss: 1.55778137	acc: 0.324
[2m[36m(ParallelAgent pid=1992313)[0m INFO:root:	task: avg	loss: 1.57994194	acc: 0.239
[2m[36m(ParallelAgent pid=1992314)[0m INFO:root:epochs: 10, training task: 3
[2m[36m(ParallelAgent pid=1992314)[0m INFO:root:	task: 0	loss: 1.57514685	acc: 0.268
[2m[36m(ParallelAgent pid=1992314)[0m INFO:root:	task: 1	loss: 1.57969952	acc: 0.234
[2m[36m(ParallelAgent pid=1992314)[0m INFO:root:	task: 2	loss: 1.58647412	acc: 0.220
[2m[36m(ParallelAgent pid=1992314)[0m INFO:root:	task: 3	loss: 1.57115057	acc: 0.330
[2m[36m(ParallelAgent pid=1992314)[0m INFO:root:	task: avg	loss: 1.57811777	acc: 0.263
[2m[36m(ParallelAgent pid=1992312)[0m INFO:root:epochs: 11, training task: 3
[2m[36m(ParallelAgent pid=1992312)[0m INFO:root:	task: 0	loss: 1.58699573	acc: 0.216
[2m[36m(ParallelAgent pid=1992312)[0m INFO:root:	task: 1	loss: 1.58991583	acc: 0.230
[2m[36m(ParallelAgent pid=1992312)[0m INFO:root:	task: 2	loss: 1.56859882	acc: 0.318
[2m[36m(ParallelAgent pid=1992499)[0m INFO:root:epochs: 10, training task: 3
[2m[36m(ParallelAgent pid=1992499)[0m INFO:root:	task: 0	loss: 1.55557520	acc: 0.270
[2m[36m(ParallelAgent pid=1992499)[0m INFO:root:	task: 1	loss: 1.58278625	acc: 0.200
[2m[36m(ParallelAgent pid=1992499)[0m INFO:root:	task: 2	loss: 1.57065234	acc: 0.200
[2m[36m(ParallelAgent pid=1992499)[0m INFO:root:	task: 3	loss: 1.58084979	acc: 0.208
[2m[36m(ParallelAgent pid=1992499)[0m INFO:root:	task: avg	loss: 1.57246590	acc: 0.220
[2m[36m(ParallelAgent pid=1992813)[0m INFO:root:epochs: 10, training task: 3
[2m[36m(ParallelAgent pid=1992813)[0m INFO:root:	task: 0	loss: 1.57774365	acc: 0.324
[2m[36m(ParallelAgent pid=1992813)[0m INFO:root:	task: 1	loss: 1.57463995	acc: 0.392
[2m[36m(ParallelAgent pid=1992813)[0m INFO:root:	task: 2	loss: 1.57858112	acc: 0.374
[2m[36m(ParallelAgent pid=1992813)[0m INFO:root:	task: 3	loss: 1.57238013	acc: 0.398
[2m[36m(ParallelAgent pid=1992813)[0m INFO:root:	task: avg	loss: 1.57583621	acc: 0.372
[2m[36m(ParallelAgent pid=1992312)[0m INFO:root:	task: 3	loss: 1.55365857	acc: 0.374
[2m[36m(ParallelAgent pid=1992312)[0m INFO:root:	task: avg	loss: 1.57479224	acc: 0.284
[2m[36m(ParallelAgent pid=1992311)[0m INFO:root:epochs: 11, training task: 3
[2m[36m(ParallelAgent pid=1992311)[0m INFO:root:	task: 0	loss: 1.58471387	acc: 0.200
[2m[36m(ParallelAgent pid=1992311)[0m INFO:root:	task: 1	loss: 1.51887671	acc: 0.220
[2m[36m(ParallelAgent pid=1992311)[0m INFO:root:	task: 2	loss: 1.55655029	acc: 0.230
[2m[36m(ParallelAgent pid=1992311)[0m INFO:root:	task: 3	loss: 1.51342767	acc: 0.200
[2m[36m(ParallelAgent pid=1992311)[0m INFO:root:	task: avg	loss: 1.54339214	acc: 0.213
[2m[36m(ParallelAgent pid=1992374)[0m INFO:root:epochs: 10, training task: 3
[2m[36m(ParallelAgent pid=1992374)[0m INFO:root:	task: 0	loss: 1.57264392	acc: 0.190
[2m[36m(ParallelAgent pid=1992374)[0m INFO:root:	task: 1	loss: 1.56921606	acc: 0.198
[2m[36m(ParallelAgent pid=1992374)[0m INFO:root:	task: 2	loss: 1.58816766	acc: 0.384
[2m[36m(ParallelAgent pid=1992374)[0m INFO:root:	task: 3	loss: 1.57592596	acc: 0.208
[2m[36m(ParallelAgent pid=1992374)[0m INFO:root:	task: avg	loss: 1.57648840	acc: 0.245
[2m[36m(ParallelAgent pid=1992314)[0m INFO:root:epochs: 11, training task: 3
[2m[36m(ParallelAgent pid=1992314)[0m INFO:root:	task: 0	loss: 1.57514685	acc: 0.268
[2m[36m(ParallelAgent pid=1992314)[0m INFO:root:	task: 1	loss: 1.57969952	acc: 0.234
[2m[36m(ParallelAgent pid=1992314)[0m INFO:root:	task: 2	loss: 1.58647412	acc: 0.220
[2m[36m(ParallelAgent pid=1992314)[0m INFO:root:	task: 3	loss: 1.57115057	acc: 0.330
[2m[36m(ParallelAgent pid=1992314)[0m INFO:root:	task: avg	loss: 1.57811777	acc: 0.263
[2m[36m(ParallelAgent pid=1992499)[0m INFO:root:epochs: 11, training task: 3
[2m[36m(ParallelAgent pid=1992499)[0m INFO:root:	task: 0	loss: 1.55557520	acc: 0.270
[2m[36m(ParallelAgent pid=1992499)[0m INFO:root:	task: 1	loss: 1.58278625	acc: 0.200
[2m[36m(ParallelAgent pid=1992499)[0m INFO:root:	task: 2	loss: 1.57065234	acc: 0.200
[2m[36m(ParallelAgent pid=1992499)[0m INFO:root:	task: 3	loss: 1.58084979	acc: 0.208
[2m[36m(ParallelAgent pid=1992499)[0m INFO:root:	task: avg	loss: 1.57246590	acc: 0.220
[2m[36m(ParallelAgent pid=1992813)[0m INFO:root:epochs: 11, training task: 3
[2m[36m(ParallelAgent pid=1992813)[0m INFO:root:	task: 0	loss: 1.57774365	acc: 0.324
[2m[36m(ParallelAgent pid=1992813)[0m INFO:root:	task: 1	loss: 1.57463995	acc: 0.392
[2m[36m(ParallelAgent pid=1992813)[0m INFO:root:	task: 2	loss: 1.57858112	acc: 0.374
[2m[36m(ParallelAgent pid=1992813)[0m INFO:root:	task: 3	loss: 1.57238013	acc: 0.398
[2m[36m(ParallelAgent pid=1992813)[0m INFO:root:	task: avg	loss: 1.57583621	acc: 0.372
[2m[36m(ParallelAgent pid=1992374)[0m INFO:root:epochs: 11, training task: 3
[2m[36m(ParallelAgent pid=1992374)[0m INFO:root:	task: 0	loss: 1.57264392	acc: 0.190
[2m[36m(ParallelAgent pid=1992374)[0m INFO:root:	task: 1	loss: 1.56921606	acc: 0.198
[2m[36m(ParallelAgent pid=1992374)[0m INFO:root:	task: 2	loss: 1.58816766	acc: 0.384
[2m[36m(ParallelAgent pid=1992374)[0m INFO:root:	task: 3	loss: 1.57592596	acc: 0.208
[2m[36m(ParallelAgent pid=1992374)[0m INFO:root:	task: avg	loss: 1.57648840	acc: 0.245
[2m[36m(ParallelAgent pid=1992624)[0m INFO:root:epochs: 10, training task: 3
[2m[36m(ParallelAgent pid=1992624)[0m INFO:root:	task: 0	loss: 1.57845056	acc: 0.234
[2m[36m(ParallelAgent pid=1992624)[0m INFO:root:	task: 1	loss: 1.56914813	acc: 0.244
[2m[36m(ParallelAgent pid=1992624)[0m INFO:root:	task: 2	loss: 1.58623169	acc: 0.200
[2m[36m(ParallelAgent pid=1992624)[0m INFO:root:	task: 3	loss: 1.56444226	acc: 0.406
[2m[36m(ParallelAgent pid=1992624)[0m INFO:root:	task: avg	loss: 1.57456816	acc: 0.271
[2m[36m(ParallelAgent pid=1992624)[0m INFO:root:epochs: 11, training task: 3
[2m[36m(ParallelAgent pid=1992624)[0m INFO:root:	task: 0	loss: 1.57845056	acc: 0.234
[2m[36m(ParallelAgent pid=1992624)[0m INFO:root:	task: 1	loss: 1.56914813	acc: 0.244
[2m[36m(ParallelAgent pid=1992624)[0m INFO:root:	task: 2	loss: 1.58623169	acc: 0.200
[2m[36m(ParallelAgent pid=1992624)[0m INFO:root:	task: 3	loss: 1.56444226	acc: 0.406
[2m[36m(ParallelAgent pid=1992624)[0m INFO:root:	task: avg	loss: 1.57456816	acc: 0.271
[2023-10-04 18:27:07,349][root][INFO] - Run took 0:01:38.102359
/mnt/kostas-graid/sw/envs/vlongle/miniconda3/envs/shell/lib/python3.10/site-packages/hydra/_internal/defaults_list.py:251: UserWarning: In 'config': Defaults list is missing `_self_`. See https://hydra.cc/docs/1.2/upgrades/1.0_to_1.1/default_composition_order for more information
  warnings.warn(msg, UserWarning)
{'train': {'component_update_freq': 100, 'num_epochs': 100, 'init_component_update_freq': 10, 'init_num_epochs': 10, 'save_freq': 20}, 'dataset': {'dataset_name': 'cifar100', 'num_tasks': 4, 'num_classes_per_task': 5, 'with_replacement': False, 'num_trains_per_class': 256, 'num_vals_per_class': -1, 'remap_labels': True}, 'net': {'name': 'cnn', 'depth': 4, 'channels': 50, 'conv_kernel': 3, 'maxpool_kernel': 2, 'padding': 1, 'dropout': 0.0}, 'sharing_strategy': {'name': 'no_sharing', 'num_coms_per_round': 0}, 'seed': 2, 'algo': 'monolithic', 'job_name': 'cifar100_monolithic_numtrain_256', 'num_agents': 8, 'root_save_dir': 'cifar_results', 'parallel': True, 'num_init_tasks': 4, 'agent': {'save_dir': '${root_save_dir}/${job_name}/${dataset.dataset_name}/${algo}/seed_${seed}', 'batch_size': 1024, 'memory_size': 32, 'improvement_threshold': 0.05, 'use_contrastive': False}}
[2023-10-04 18:27:18,798][root][INFO] - Class sequence: [72 45 38 48 97 37  0 73 36 20 51 58 61 21 95 64 25 43 53 23 39 91 24 57
  9 15 33 11 88 62 59 77 18 12 19 32  6  5 87 63 60  1 42 81  2 79 41 31
  4  7 30 68 22 76 16 65 28 69 47 71 49 54 29 55 80 14 34 74 94 85 98 84
 89 44  3 75 96 46 10 13 50 56 40 83 17 67 99 35 86  8 52 90 70 66 27 82
 26 93 92 78]
[2023-10-04 18:27:18,811][root][INFO] - task 0 :(1280, 3, 32, 32)
[2023-10-04 18:27:18,854][root][INFO] - task 1 :(1280, 3, 32, 32)
[2023-10-04 18:27:18,887][root][INFO] - task 2 :(1280, 3, 32, 32)
[2023-10-04 18:27:18,906][root][INFO] - task 3 :(1280, 3, 32, 32)
[2023-10-04 18:27:19,374][root][INFO] - Class sequence: [90  0 72 54 87 26 45 56 98 63  7  9 95 36 52 73 30  3  6 16 49 24 34 35
 59 46 51 71 23 74 21 86 70 25 37 40 10 22 44 18 19 29 32 93 77 11 69 66
 88  2 76 99 17 75 68 14 47 97  5 31 80 60 57 65 67 38 81 85  8 39 79 64
 62 61 89  4 13 12 84 42 15 48 20 27 41 43 28 96 50 91 53 94 33 55 82 83
  1 58 78 92]
[2023-10-04 18:27:19,388][root][INFO] - task 0 :(1280, 3, 32, 32)
[2023-10-04 18:27:19,408][root][INFO] - task 1 :(1280, 3, 32, 32)
[2023-10-04 18:27:19,426][root][INFO] - task 2 :(1280, 3, 32, 32)
[2023-10-04 18:27:19,445][root][INFO] - task 3 :(1280, 3, 32, 32)
[2023-10-04 18:27:19,913][root][INFO] - Class sequence: [32 45 93 34 69 92 84 55  5 18 61 89 74 81 87 41 52 53 22 75 10 36 96 16
 15 58  2 40 83  4 60  1 73 91 39 90 54 66 71 42 99 14 67 23 79 37 85 38
 33 29 63 35  0  8 68 17 62 31 76  6 24 65 27 77 28 72 78 30  7 94 48 59
  9 82  3 86 12 50 97 70 26 47 51 20 44 88 25 95 49 21 80 98 56 64 43 13
 57 19 11 46]
[2023-10-04 18:27:19,928][root][INFO] - task 0 :(1280, 3, 32, 32)
[2023-10-04 18:27:19,947][root][INFO] - task 1 :(1280, 3, 32, 32)
[2023-10-04 18:27:19,966][root][INFO] - task 2 :(1280, 3, 32, 32)
[2023-10-04 18:27:19,985][root][INFO] - task 3 :(1280, 3, 32, 32)
[2023-10-04 18:27:20,452][root][INFO] - Class sequence: [79 12 44 60 49 68 84 33 18 39 16 36 10 83 69 65 63 85 71 93 37 76 55 59
  2 21 42 81 41 74 98 31  1 52 91 64 43 51  5 22 34 15 61 94 54 50 89 72
 13 75 67  6 88 11  8 87 58 53 82 92 80 90 78 26  9 40 97 73 48  7 77 35
 23 57 14 32 46 24 19 38 27 96 20 47  3 25  4 56 29 62  0 45 99 28 66 17
 86 95 70 30]
[2023-10-04 18:27:20,466][root][INFO] - task 0 :(1280, 3, 32, 32)
[2023-10-04 18:27:20,485][root][INFO] - task 1 :(1280, 3, 32, 32)
[2023-10-04 18:27:20,505][root][INFO] - task 2 :(1280, 3, 32, 32)
[2023-10-04 18:27:20,525][root][INFO] - task 3 :(1280, 3, 32, 32)
[2023-10-04 18:27:20,992][root][INFO] - Class sequence: [38 48 52 84 26 14 96  8 83 12 33 63 89 87 78 66 28  0  1 22 95 30  6 71
 42 13 79 62 10 80 50  2 47 73 40 41 43 18 19 68 67 91  4 23 32 55 57 64
 82 54 74 53 39 31 97 88 58 46 16 27 37 20 59  9 92  7 99 90 11 93 34 17
 77  5 65 45 44 60 29 49 86 35 21 81 56 51 85  3 76 75 69 72 61 15 24 25
 94 98 36 70]
[2023-10-04 18:27:21,008][root][INFO] - task 0 :(1280, 3, 32, 32)
[2023-10-04 18:27:21,026][root][INFO] - task 1 :(1280, 3, 32, 32)
[2023-10-04 18:27:21,052][root][INFO] - task 2 :(1280, 3, 32, 32)
[2023-10-04 18:27:21,071][root][INFO] - task 3 :(1280, 3, 32, 32)
[2023-10-04 18:27:21,541][root][INFO] - Class sequence: [68 10 70 13 93 42 26 61 16 80  1 38 67 86 90 54 28 25 31 97 46 19 65 15
 75 55 71 92 98 27 52 72 51 33 73 47 34 35 43 32 84 77 37  3 49 11  7 17
 85 23 21 40 57 44 62 94 20 66 58  9 59 48 29 81 45 83  4 91 76 18 79  0
 82 14 41 24 88 89 60 99 69 53  6 12 22 64 74 30 96 63 50 39 95 87  8 56
 78 36  5  2]
[2023-10-04 18:27:21,556][root][INFO] - task 0 :(1280, 3, 32, 32)
[2023-10-04 18:27:21,574][root][INFO] - task 1 :(1280, 3, 32, 32)
[2023-10-04 18:27:21,593][root][INFO] - task 2 :(1280, 3, 32, 32)
[2023-10-04 18:27:21,612][root][INFO] - task 3 :(1280, 3, 32, 32)
[2023-10-04 18:27:22,081][root][INFO] - Class sequence: [92 61 95 22 25 20  3 13 71 48 59 42 85  6 12 90 65 49  5 41 52 64 83 43
 77  2 70 81 40 19 55 53 37 86 50 29 24 21 47 96 38  0 67 94 18 54 79 14
 51 73 62  9 45 76 10 82 91 34  4 63 74 97 28 56 98 35 72 30 84 46 93 75
 33 36  7  1 17 15 99 39 60 78 31 87 11 69 68 44 26 16 66 27 80 57 58 32
 23  8 89 88]
[2023-10-04 18:27:22,096][root][INFO] - task 0 :(1280, 3, 32, 32)
[2023-10-04 18:27:22,115][root][INFO] - task 1 :(1280, 3, 32, 32)
[2023-10-04 18:27:22,135][root][INFO] - task 2 :(1280, 3, 32, 32)
[2023-10-04 18:27:22,156][root][INFO] - task 3 :(1280, 3, 32, 32)
[2023-10-04 18:27:22,622][root][INFO] - Class sequence: [90 52 66  6  8 35 63 30 29 25 91  1 39 76 14 67 12 85 80 48  9 11 61 69
 75 64 74 83 96 50 99 59 54 45 23 47 72 10 15 56 46 36 62 93 89 79 81 32
 77 88 60 37  2 73 21 71 18 97 40 68 86 42 87 95 38 55 19 57 98 49  3 27
 26 34  4 53  7 70 24 13 20 16 33  5 82 41 17 43 84 31 65 94 51 28 44  0
 78 58 92 22]
[2023-10-04 18:27:22,635][root][INFO] - task 0 :(1280, 3, 32, 32)
[2023-10-04 18:27:22,656][root][INFO] - task 1 :(1280, 3, 32, 32)
[2023-10-04 18:27:22,675][root][INFO] - task 2 :(1280, 3, 32, 32)
[2023-10-04 18:27:22,693][root][INFO] - task 3 :(1280, 3, 32, 32)
i_size 32
num_classes 5
net_cfg {'name': 'cnn', 'depth': 4, 'channels': 50, 'conv_kernel': 3, 'maxpool_kernel': 2, 'padding': 1, 'dropout': 0.0, 'i_size': 32, 'num_classes': 5, 'num_tasks': 4, 'num_init_tasks': 4, 'use_contrastive': False}
<class 'shell.learners.er_nocomponents.NoComponentsER'>
[2023-10-04 18:27:22,722][root][INFO] - No. gpus per agent: 0.25
2023-10-04 18:27:25,106	INFO worker.py:1544 -- Started a local Ray instance. View the dashboard at [1m[32m127.0.0.1:8265 [39m[22m
[2m[36m(ParallelAgent pid=2193486)[0m INFO:root:Agent: node_id: 0, seed: 2
[2m[36m(ParallelAgent pid=2193487)[0m INFO:root:Agent: node_id: 1, seed: 1002
[2m[36m(ParallelAgent pid=2193509)[0m INFO:root:Agent: node_id: 2, seed: 2002
[2m[36m(ParallelAgent pid=2193571)[0m INFO:root:Agent: node_id: 3, seed: 3002
[2m[36m(ParallelAgent pid=2193630)[0m INFO:root:Agent: node_id: 4, seed: 4002
[2m[36m(ParallelAgent pid=2193755)[0m INFO:root:Agent: node_id: 5, seed: 5002
[2m[36m(ParallelAgent pid=2193881)[0m INFO:root:Agent: node_id: 6, seed: 6002
[2m[36m(ParallelAgent pid=2194070)[0m INFO:root:Agent: node_id: 7, seed: 7002
[2023-10-04 18:27:43,236][root][INFO] - Created fleet with 8 agents
[2023-10-04 18:27:43,237][root][INFO] - Adding neighbors...
[2023-10-04 18:27:43,253][root][INFO] - Fleet initialized
[2m[36m(ParallelAgent pid=2194070)[0m INFO:root:epochs: 0, training task: 0
[2m[36m(ParallelAgent pid=2194070)[0m INFO:root:	task: 0	loss: 1.61077045	acc: 0.200
[2m[36m(ParallelAgent pid=2194070)[0m INFO:root:	task: avg	loss: 1.61077045	acc: 0.200
[2m[36m(ParallelAgent pid=2193486)[0m INFO:root:epochs: 0, training task: 0
[2m[36m(ParallelAgent pid=2193486)[0m INFO:root:	task: 0	loss: 1.61020526	acc: 0.192
[2m[36m(ParallelAgent pid=2193486)[0m INFO:root:	task: avg	loss: 1.61020526	acc: 0.192
[2m[36m(ParallelAgent pid=2193487)[0m INFO:root:epochs: 0, training task: 0
[2m[36m(ParallelAgent pid=2193487)[0m INFO:root:	task: 0	loss: 1.61074841	acc: 0.200
[2m[36m(ParallelAgent pid=2193487)[0m INFO:root:	task: avg	loss: 1.61074841	acc: 0.200
[2m[36m(ParallelAgent pid=2193509)[0m INFO:root:epochs: 0, training task: 0
[2m[36m(ParallelAgent pid=2193509)[0m INFO:root:	task: 0	loss: 1.61015649	acc: 0.200
[2m[36m(ParallelAgent pid=2193509)[0m INFO:root:	task: avg	loss: 1.61015649	acc: 0.200
[2m[36m(ParallelAgent pid=2193571)[0m INFO:root:epochs: 0, training task: 0
[2m[36m(ParallelAgent pid=2193571)[0m INFO:root:	task: 0	loss: 1.61030981	acc: 0.200
[2m[36m(ParallelAgent pid=2193571)[0m INFO:root:	task: avg	loss: 1.61030981	acc: 0.200
[2m[36m(ParallelAgent pid=2193630)[0m INFO:root:epochs: 0, training task: 0
[2m[36m(ParallelAgent pid=2193630)[0m INFO:root:	task: 0	loss: 1.61121283	acc: 0.200
[2m[36m(ParallelAgent pid=2193630)[0m INFO:root:	task: avg	loss: 1.61121283	acc: 0.200
[2m[36m(ParallelAgent pid=2193755)[0m INFO:root:epochs: 0, training task: 0
[2m[36m(ParallelAgent pid=2193755)[0m INFO:root:	task: 0	loss: 1.61069348	acc: 0.200
[2m[36m(ParallelAgent pid=2193755)[0m INFO:root:	task: avg	loss: 1.61069348	acc: 0.200
[2m[36m(ParallelAgent pid=2193881)[0m INFO:root:epochs: 0, training task: 0
[2m[36m(ParallelAgent pid=2193881)[0m INFO:root:	task: 0	loss: 1.61002283	acc: 0.186
[2m[36m(ParallelAgent pid=2193881)[0m INFO:root:	task: avg	loss: 1.61002283	acc: 0.186
[2m[36m(ParallelAgent pid=2194070)[0m INFO:root:epochs: 0, training task: 0
[2m[36m(ParallelAgent pid=2194070)[0m INFO:root:	task: 0	loss: 1.61077045	acc: 0.200
[2m[36m(ParallelAgent pid=2194070)[0m INFO:root:	task: avg	loss: 1.61077045	acc: 0.200
[2m[36m(ParallelAgent pid=2193487)[0m INFO:root:epochs: 0, training task: 0
[2m[36m(ParallelAgent pid=2193487)[0m INFO:root:	task: 0	loss: 1.61074841	acc: 0.200
[2m[36m(ParallelAgent pid=2193487)[0m INFO:root:	task: avg	loss: 1.61074841	acc: 0.200
[2m[36m(ParallelAgent pid=2193509)[0m INFO:root:epochs: 0, training task: 0
[2m[36m(ParallelAgent pid=2193509)[0m INFO:root:	task: 0	loss: 1.61015649	acc: 0.200
[2m[36m(ParallelAgent pid=2193509)[0m INFO:root:	task: avg	loss: 1.61015649	acc: 0.200
[2m[36m(ParallelAgent pid=2193571)[0m INFO:root:epochs: 0, training task: 0
[2m[36m(ParallelAgent pid=2193571)[0m INFO:root:	task: 0	loss: 1.61030981	acc: 0.200
[2m[36m(ParallelAgent pid=2193571)[0m INFO:root:	task: avg	loss: 1.61030981	acc: 0.200
[2m[36m(ParallelAgent pid=2193755)[0m INFO:root:epochs: 0, training task: 0
[2m[36m(ParallelAgent pid=2193755)[0m INFO:root:	task: 0	loss: 1.61069348	acc: 0.200
[2m[36m(ParallelAgent pid=2193755)[0m INFO:root:	task: avg	loss: 1.61069348	acc: 0.200
[2m[36m(ParallelAgent pid=2193881)[0m INFO:root:epochs: 0, training task: 0
[2m[36m(ParallelAgent pid=2193881)[0m INFO:root:	task: 0	loss: 1.61002283	acc: 0.186
[2m[36m(ParallelAgent pid=2193881)[0m INFO:root:	task: avg	loss: 1.61002283	acc: 0.186
[2m[36m(ParallelAgent pid=2193486)[0m INFO:root:epochs: 0, training task: 0
[2m[36m(ParallelAgent pid=2193486)[0m INFO:root:	task: 0	loss: 1.61020526	acc: 0.192
[2m[36m(ParallelAgent pid=2193486)[0m INFO:root:	task: avg	loss: 1.61020526	acc: 0.192
[2m[36m(ParallelAgent pid=2193630)[0m INFO:root:epochs: 0, training task: 0
[2m[36m(ParallelAgent pid=2193630)[0m INFO:root:	task: 0	loss: 1.61121283	acc: 0.200
[2m[36m(ParallelAgent pid=2193630)[0m INFO:root:	task: avg	loss: 1.61121283	acc: 0.200
[2m[36m(ParallelAgent pid=2193486)[0m INFO:root:epochs: 0, training task: 1
[2m[36m(ParallelAgent pid=2193486)[0m INFO:root:	task: 0	loss: 1.61020526	acc: 0.192
[2m[36m(ParallelAgent pid=2193486)[0m INFO:root:	task: 1	loss: 1.60968494	acc: 0.200
[2m[36m(ParallelAgent pid=2193486)[0m INFO:root:	task: avg	loss: 1.60994510	acc: 0.196
[2m[36m(ParallelAgent pid=2193630)[0m INFO:root:epochs: 0, training task: 1
[2m[36m(ParallelAgent pid=2193630)[0m INFO:root:	task: 0	loss: 1.61121283	acc: 0.200
[2m[36m(ParallelAgent pid=2193630)[0m INFO:root:	task: 1	loss: 1.61055835	acc: 0.200
[2m[36m(ParallelAgent pid=2193630)[0m INFO:root:	task: avg	loss: 1.61088559	acc: 0.200
[2m[36m(ParallelAgent pid=2193755)[0m INFO:root:epochs: 0, training task: 1
[2m[36m(ParallelAgent pid=2193755)[0m INFO:root:	task: 0	loss: 1.61069348	acc: 0.200
[2m[36m(ParallelAgent pid=2193755)[0m INFO:root:	task: 1	loss: 1.60893884	acc: 0.200
[2m[36m(ParallelAgent pid=2193755)[0m INFO:root:	task: avg	loss: 1.60981616	acc: 0.200
[2m[36m(ParallelAgent pid=2194070)[0m INFO:root:epochs: 0, training task: 1
[2m[36m(ParallelAgent pid=2194070)[0m INFO:root:	task: 0	loss: 1.61077045	acc: 0.200
[2m[36m(ParallelAgent pid=2194070)[0m INFO:root:	task: 1	loss: 1.61000623	acc: 0.200
[2m[36m(ParallelAgent pid=2194070)[0m INFO:root:	task: avg	loss: 1.61038834	acc: 0.200
[2m[36m(ParallelAgent pid=2193487)[0m INFO:root:epochs: 0, training task: 1
[2m[36m(ParallelAgent pid=2193487)[0m INFO:root:	task: 0	loss: 1.61074841	acc: 0.200
[2m[36m(ParallelAgent pid=2193487)[0m INFO:root:	task: 1	loss: 1.60977966	acc: 0.200
[2m[36m(ParallelAgent pid=2193487)[0m INFO:root:	task: avg	loss: 1.61026404	acc: 0.200
[2m[36m(ParallelAgent pid=2193509)[0m INFO:root:epochs: 0, training task: 1
[2m[36m(ParallelAgent pid=2193509)[0m INFO:root:	task: 0	loss: 1.61015649	acc: 0.200
[2m[36m(ParallelAgent pid=2193509)[0m INFO:root:	task: 1	loss: 1.61038794	acc: 0.200
[2m[36m(ParallelAgent pid=2193509)[0m INFO:root:	task: avg	loss: 1.61027222	acc: 0.200
[2m[36m(ParallelAgent pid=2193571)[0m INFO:root:epochs: 0, training task: 1
[2m[36m(ParallelAgent pid=2193571)[0m INFO:root:	task: 0	loss: 1.61030981	acc: 0.200
[2m[36m(ParallelAgent pid=2193571)[0m INFO:root:	task: 1	loss: 1.60961078	acc: 0.200
[2m[36m(ParallelAgent pid=2193571)[0m INFO:root:	task: avg	loss: 1.60996030	acc: 0.200
[2m[36m(ParallelAgent pid=2193881)[0m INFO:root:epochs: 0, training task: 1
[2m[36m(ParallelAgent pid=2193881)[0m INFO:root:	task: 0	loss: 1.61002283	acc: 0.186
[2m[36m(ParallelAgent pid=2193881)[0m INFO:root:	task: 1	loss: 1.60962537	acc: 0.200
[2m[36m(ParallelAgent pid=2193881)[0m INFO:root:	task: avg	loss: 1.60982410	acc: 0.193
[2m[36m(ParallelAgent pid=2193486)[0m INFO:root:epochs: 0, training task: 1
[2m[36m(ParallelAgent pid=2193486)[0m INFO:root:	task: 0	loss: 1.61020526	acc: 0.192
[2m[36m(ParallelAgent pid=2193486)[0m INFO:root:	task: 1	loss: 1.60968494	acc: 0.200
[2m[36m(ParallelAgent pid=2193486)[0m INFO:root:	task: avg	loss: 1.60994510	acc: 0.196
[2m[36m(ParallelAgent pid=2193487)[0m INFO:root:epochs: 0, training task: 1
[2m[36m(ParallelAgent pid=2193487)[0m INFO:root:	task: 0	loss: 1.61074841	acc: 0.200
[2m[36m(ParallelAgent pid=2193487)[0m INFO:root:	task: 1	loss: 1.60977966	acc: 0.200
[2m[36m(ParallelAgent pid=2193487)[0m INFO:root:	task: avg	loss: 1.61026404	acc: 0.200
[2m[36m(ParallelAgent pid=2193571)[0m INFO:root:epochs: 0, training task: 1
[2m[36m(ParallelAgent pid=2193571)[0m INFO:root:	task: 0	loss: 1.61030981	acc: 0.200
[2m[36m(ParallelAgent pid=2193571)[0m INFO:root:	task: 1	loss: 1.60961078	acc: 0.200
[2m[36m(ParallelAgent pid=2193571)[0m INFO:root:	task: avg	loss: 1.60996030	acc: 0.200
[2m[36m(ParallelAgent pid=2193630)[0m INFO:root:epochs: 0, training task: 1
[2m[36m(ParallelAgent pid=2193630)[0m INFO:root:	task: 0	loss: 1.61121283	acc: 0.200
[2m[36m(ParallelAgent pid=2193630)[0m INFO:root:	task: 1	loss: 1.61055835	acc: 0.200
[2m[36m(ParallelAgent pid=2193630)[0m INFO:root:	task: avg	loss: 1.61088559	acc: 0.200
[2m[36m(ParallelAgent pid=2193755)[0m INFO:root:epochs: 0, training task: 1
[2m[36m(ParallelAgent pid=2193755)[0m INFO:root:	task: 0	loss: 1.61069348	acc: 0.200
[2m[36m(ParallelAgent pid=2193755)[0m INFO:root:	task: 1	loss: 1.60893884	acc: 0.200
[2m[36m(ParallelAgent pid=2193755)[0m INFO:root:	task: avg	loss: 1.60981616	acc: 0.200
[2m[36m(ParallelAgent pid=2193881)[0m INFO:root:epochs: 0, training task: 1
[2m[36m(ParallelAgent pid=2193881)[0m INFO:root:	task: 0	loss: 1.61002283	acc: 0.186
[2m[36m(ParallelAgent pid=2193881)[0m INFO:root:	task: 1	loss: 1.60962537	acc: 0.200
[2m[36m(ParallelAgent pid=2193881)[0m INFO:root:	task: avg	loss: 1.60982410	acc: 0.193
[2m[36m(ParallelAgent pid=2194070)[0m INFO:root:epochs: 0, training task: 1
[2m[36m(ParallelAgent pid=2194070)[0m INFO:root:	task: 0	loss: 1.61077045	acc: 0.200
[2m[36m(ParallelAgent pid=2194070)[0m INFO:root:	task: 1	loss: 1.61000623	acc: 0.200
[2m[36m(ParallelAgent pid=2194070)[0m INFO:root:	task: avg	loss: 1.61038834	acc: 0.200
[2m[36m(ParallelAgent pid=2193509)[0m INFO:root:epochs: 0, training task: 1
[2m[36m(ParallelAgent pid=2193509)[0m INFO:root:	task: 0	loss: 1.61015649	acc: 0.200
[2m[36m(ParallelAgent pid=2193509)[0m INFO:root:	task: 1	loss: 1.61038794	acc: 0.200
[2m[36m(ParallelAgent pid=2193509)[0m INFO:root:	task: avg	loss: 1.61027222	acc: 0.200
[2m[36m(ParallelAgent pid=2193755)[0m INFO:root:epochs: 0, training task: 2
[2m[36m(ParallelAgent pid=2193755)[0m INFO:root:	task: 0	loss: 1.61069348	acc: 0.200
[2m[36m(ParallelAgent pid=2193755)[0m INFO:root:	task: 1	loss: 1.60893884	acc: 0.200
[2m[36m(ParallelAgent pid=2193755)[0m INFO:root:	task: 2	loss: 1.61039941	acc: 0.200
[2m[36m(ParallelAgent pid=2193755)[0m INFO:root:	task: avg	loss: 1.61001058	acc: 0.200
[2m[36m(ParallelAgent pid=2193487)[0m INFO:root:epochs: 0, training task: 2
[2m[36m(ParallelAgent pid=2193487)[0m INFO:root:	task: 0	loss: 1.61074841	acc: 0.200
[2m[36m(ParallelAgent pid=2193487)[0m INFO:root:	task: 1	loss: 1.60977966	acc: 0.200
[2m[36m(ParallelAgent pid=2193487)[0m INFO:root:	task: 2	loss: 1.61006494	acc: 0.200
[2m[36m(ParallelAgent pid=2193487)[0m INFO:root:	task: avg	loss: 1.61019767	acc: 0.200
[2m[36m(ParallelAgent pid=2193509)[0m INFO:root:epochs: 0, training task: 2
[2m[36m(ParallelAgent pid=2193509)[0m INFO:root:	task: 0	loss: 1.61015649	acc: 0.200
[2m[36m(ParallelAgent pid=2193509)[0m INFO:root:	task: 1	loss: 1.61038794	acc: 0.200
[2m[36m(ParallelAgent pid=2193509)[0m INFO:root:	task: 2	loss: 1.60974292	acc: 0.200
[2m[36m(ParallelAgent pid=2193509)[0m INFO:root:	task: avg	loss: 1.61009578	acc: 0.200
[2m[36m(ParallelAgent pid=2193881)[0m INFO:root:epochs: 0, training task: 2
[2m[36m(ParallelAgent pid=2193881)[0m INFO:root:	task: 0	loss: 1.61002283	acc: 0.186
[2m[36m(ParallelAgent pid=2193881)[0m INFO:root:	task: 1	loss: 1.60962537	acc: 0.200
[2m[36m(ParallelAgent pid=2193881)[0m INFO:root:	task: 2	loss: 1.60997931	acc: 0.200
[2m[36m(ParallelAgent pid=2193881)[0m INFO:root:	task: avg	loss: 1.60987583	acc: 0.195
[2m[36m(ParallelAgent pid=2194070)[0m INFO:root:epochs: 0, training task: 2
[2m[36m(ParallelAgent pid=2194070)[0m INFO:root:	task: 0	loss: 1.61077045	acc: 0.200
[2m[36m(ParallelAgent pid=2193486)[0m INFO:root:epochs: 0, training task: 2
[2m[36m(ParallelAgent pid=2193486)[0m INFO:root:	task: 0	loss: 1.61020526	acc: 0.192
[2m[36m(ParallelAgent pid=2193486)[0m INFO:root:	task: 1	loss: 1.60968494	acc: 0.200
[2m[36m(ParallelAgent pid=2193486)[0m INFO:root:	task: 2	loss: 1.61175500	acc: 0.200
[2m[36m(ParallelAgent pid=2193486)[0m INFO:root:	task: avg	loss: 1.61054840	acc: 0.197
[2m[36m(ParallelAgent pid=2193571)[0m INFO:root:epochs: 0, training task: 2
[2m[36m(ParallelAgent pid=2193571)[0m INFO:root:	task: 0	loss: 1.61030981	acc: 0.200
[2m[36m(ParallelAgent pid=2193571)[0m INFO:root:	task: 1	loss: 1.60961078	acc: 0.200
[2m[36m(ParallelAgent pid=2193571)[0m INFO:root:	task: 2	loss: 1.60998828	acc: 0.200
[2m[36m(ParallelAgent pid=2193571)[0m INFO:root:	task: avg	loss: 1.60996962	acc: 0.200
[2m[36m(ParallelAgent pid=2193630)[0m INFO:root:epochs: 0, training task: 2
[2m[36m(ParallelAgent pid=2193630)[0m INFO:root:	task: 0	loss: 1.61121283	acc: 0.200
[2m[36m(ParallelAgent pid=2193630)[0m INFO:root:	task: 1	loss: 1.61055835	acc: 0.200
[2m[36m(ParallelAgent pid=2193630)[0m INFO:root:	task: 2	loss: 1.61055408	acc: 0.198
[2m[36m(ParallelAgent pid=2193630)[0m INFO:root:	task: avg	loss: 1.61077509	acc: 0.199
[2m[36m(ParallelAgent pid=2194070)[0m INFO:root:	task: 1	loss: 1.61000623	acc: 0.200
[2m[36m(ParallelAgent pid=2194070)[0m INFO:root:	task: 2	loss: 1.61098413	acc: 0.200
[2m[36m(ParallelAgent pid=2194070)[0m INFO:root:	task: avg	loss: 1.61058693	acc: 0.200
[2m[36m(ParallelAgent pid=2193755)[0m INFO:root:epochs: 0, training task: 2
[2m[36m(ParallelAgent pid=2193755)[0m INFO:root:	task: 0	loss: 1.61069348	acc: 0.200
[2m[36m(ParallelAgent pid=2193755)[0m INFO:root:	task: 1	loss: 1.60893884	acc: 0.200
[2m[36m(ParallelAgent pid=2193755)[0m INFO:root:	task: 2	loss: 1.61039941	acc: 0.200
[2m[36m(ParallelAgent pid=2193755)[0m INFO:root:	task: avg	loss: 1.61001058	acc: 0.200
[2m[36m(ParallelAgent pid=2193486)[0m INFO:root:epochs: 0, training task: 2
[2m[36m(ParallelAgent pid=2193486)[0m INFO:root:	task: 0	loss: 1.61020526	acc: 0.192
[2m[36m(ParallelAgent pid=2193486)[0m INFO:root:	task: 1	loss: 1.60968494	acc: 0.200
[2m[36m(ParallelAgent pid=2193486)[0m INFO:root:	task: 2	loss: 1.61175500	acc: 0.200
[2m[36m(ParallelAgent pid=2193486)[0m INFO:root:	task: avg	loss: 1.61054840	acc: 0.197
[2m[36m(ParallelAgent pid=2193487)[0m INFO:root:epochs: 0, training task: 2
[2m[36m(ParallelAgent pid=2193487)[0m INFO:root:	task: 0	loss: 1.61074841	acc: 0.200
[2m[36m(ParallelAgent pid=2193487)[0m INFO:root:	task: 1	loss: 1.60977966	acc: 0.200
[2m[36m(ParallelAgent pid=2193487)[0m INFO:root:	task: 2	loss: 1.61006494	acc: 0.200
[2m[36m(ParallelAgent pid=2193487)[0m INFO:root:	task: avg	loss: 1.61019767	acc: 0.200
[2m[36m(ParallelAgent pid=2193509)[0m INFO:root:epochs: 0, training task: 2
[2m[36m(ParallelAgent pid=2193509)[0m INFO:root:	task: 0	loss: 1.61015649	acc: 0.200
[2m[36m(ParallelAgent pid=2193509)[0m INFO:root:	task: 1	loss: 1.61038794	acc: 0.200
[2m[36m(ParallelAgent pid=2193509)[0m INFO:root:	task: 2	loss: 1.60974292	acc: 0.200
[2m[36m(ParallelAgent pid=2193509)[0m INFO:root:	task: avg	loss: 1.61009578	acc: 0.200
[2m[36m(ParallelAgent pid=2193571)[0m INFO:root:epochs: 0, training task: 2
[2m[36m(ParallelAgent pid=2193571)[0m INFO:root:	task: 0	loss: 1.61030981	acc: 0.200
[2m[36m(ParallelAgent pid=2193571)[0m INFO:root:	task: 1	loss: 1.60961078	acc: 0.200
[2m[36m(ParallelAgent pid=2193571)[0m INFO:root:	task: 2	loss: 1.60998828	acc: 0.200
[2m[36m(ParallelAgent pid=2193571)[0m INFO:root:	task: avg	loss: 1.60996962	acc: 0.200
[2m[36m(ParallelAgent pid=2193630)[0m INFO:root:epochs: 0, training task: 2
[2m[36m(ParallelAgent pid=2193630)[0m INFO:root:	task: 0	loss: 1.61121283	acc: 0.200
[2m[36m(ParallelAgent pid=2193630)[0m INFO:root:	task: 1	loss: 1.61055835	acc: 0.200
[2m[36m(ParallelAgent pid=2193630)[0m INFO:root:	task: 2	loss: 1.61055408	acc: 0.198
[2m[36m(ParallelAgent pid=2193630)[0m INFO:root:	task: avg	loss: 1.61077509	acc: 0.199
[2m[36m(ParallelAgent pid=2193881)[0m INFO:root:epochs: 0, training task: 2
[2m[36m(ParallelAgent pid=2193881)[0m INFO:root:	task: 0	loss: 1.61002283	acc: 0.186
[2m[36m(ParallelAgent pid=2193881)[0m INFO:root:	task: 1	loss: 1.60962537	acc: 0.200
[2m[36m(ParallelAgent pid=2193881)[0m INFO:root:	task: 2	loss: 1.60997931	acc: 0.200
[2m[36m(ParallelAgent pid=2193881)[0m INFO:root:	task: avg	loss: 1.60987583	acc: 0.195
[2m[36m(ParallelAgent pid=2194070)[0m INFO:root:epochs: 0, training task: 2
[2m[36m(ParallelAgent pid=2194070)[0m INFO:root:	task: 0	loss: 1.61077045	acc: 0.200
[2m[36m(ParallelAgent pid=2194070)[0m INFO:root:	task: 1	loss: 1.61000623	acc: 0.200
[2m[36m(ParallelAgent pid=2194070)[0m INFO:root:	task: 2	loss: 1.61098413	acc: 0.200
[2m[36m(ParallelAgent pid=2194070)[0m INFO:root:	task: avg	loss: 1.61058693	acc: 0.200
[2m[36m(ParallelAgent pid=2193487)[0m INFO:root:epochs: 0, training task: 3
[2m[36m(ParallelAgent pid=2193487)[0m INFO:root:	task: 0	loss: 1.61074841	acc: 0.200
[2m[36m(ParallelAgent pid=2193487)[0m INFO:root:	task: 1	loss: 1.60977966	acc: 0.200
[2m[36m(ParallelAgent pid=2193487)[0m INFO:root:	task: 2	loss: 1.61006494	acc: 0.200
[2m[36m(ParallelAgent pid=2193487)[0m INFO:root:	task: 3	loss: 1.61033087	acc: 0.200
[2m[36m(ParallelAgent pid=2193487)[0m INFO:root:	task: avg	loss: 1.61023097	acc: 0.200
[2m[36m(ParallelAgent pid=2193630)[0m INFO:root:epochs: 0, training task: 3
[2m[36m(ParallelAgent pid=2193630)[0m INFO:root:	task: 0	loss: 1.61121283	acc: 0.200
[2m[36m(ParallelAgent pid=2193630)[0m INFO:root:	task: 1	loss: 1.61055835	acc: 0.200
[2m[36m(ParallelAgent pid=2193630)[0m INFO:root:	task: 2	loss: 1.61055408	acc: 0.198
[2m[36m(ParallelAgent pid=2193630)[0m INFO:root:	task: 3	loss: 1.61091296	acc: 0.200
[2m[36m(ParallelAgent pid=2193630)[0m INFO:root:	task: avg	loss: 1.61080956	acc: 0.200
[2m[36m(ParallelAgent pid=2193881)[0m INFO:root:epochs: 0, training task: 3
[2m[36m(ParallelAgent pid=2193881)[0m INFO:root:	task: 0	loss: 1.61002283	acc: 0.186
[2m[36m(ParallelAgent pid=2193881)[0m INFO:root:	task: 1	loss: 1.60962537	acc: 0.200
[2m[36m(ParallelAgent pid=2193881)[0m INFO:root:	task: 2	loss: 1.60997931	acc: 0.200
[2m[36m(ParallelAgent pid=2193881)[0m INFO:root:	task: 3	loss: 1.60962128	acc: 0.214
[2m[36m(ParallelAgent pid=2193881)[0m INFO:root:	task: avg	loss: 1.60981219	acc: 0.200
[2m[36m(ParallelAgent pid=2193509)[0m INFO:root:epochs: 0, training task: 3
[2m[36m(ParallelAgent pid=2193509)[0m INFO:root:	task: 0	loss: 1.61015649	acc: 0.200
[2m[36m(ParallelAgent pid=2193509)[0m INFO:root:	task: 1	loss: 1.61038794	acc: 0.200
[2m[36m(ParallelAgent pid=2193509)[0m INFO:root:	task: 2	loss: 1.60974292	acc: 0.200
[2m[36m(ParallelAgent pid=2193509)[0m INFO:root:	task: 3	loss: 1.61053510	acc: 0.200
[2m[36m(ParallelAgent pid=2193509)[0m INFO:root:	task: avg	loss: 1.61020561	acc: 0.200
[2m[36m(ParallelAgent pid=2193486)[0m INFO:root:epochs: 0, training task: 3
[2m[36m(ParallelAgent pid=2193486)[0m INFO:root:	task: 0	loss: 1.61020526	acc: 0.192
[2m[36m(ParallelAgent pid=2193486)[0m INFO:root:	task: 1	loss: 1.60968494	acc: 0.200
[2m[36m(ParallelAgent pid=2193486)[0m INFO:root:	task: 2	loss: 1.61175500	acc: 0.200
[2m[36m(ParallelAgent pid=2193486)[0m INFO:root:	task: 3	loss: 1.60883905	acc: 0.244
[2m[36m(ParallelAgent pid=2193486)[0m INFO:root:	task: avg	loss: 1.61012106	acc: 0.209
[2m[36m(ParallelAgent pid=2193571)[0m INFO:root:epochs: 0, training task: 3
[2m[36m(ParallelAgent pid=2193571)[0m INFO:root:	task: 0	loss: 1.61030981	acc: 0.200
[2m[36m(ParallelAgent pid=2193571)[0m INFO:root:	task: 1	loss: 1.60961078	acc: 0.200
[2m[36m(ParallelAgent pid=2193571)[0m INFO:root:	task: 2	loss: 1.60998828	acc: 0.200
[2m[36m(ParallelAgent pid=2193571)[0m INFO:root:	task: 3	loss: 1.60885132	acc: 0.202
[2m[36m(ParallelAgent pid=2193571)[0m INFO:root:	task: avg	loss: 1.60969005	acc: 0.201
[2m[36m(ParallelAgent pid=2193755)[0m INFO:root:epochs: 0, training task: 3
[2m[36m(ParallelAgent pid=2193755)[0m INFO:root:	task: 0	loss: 1.61069348	acc: 0.200
[2m[36m(ParallelAgent pid=2193755)[0m INFO:root:	task: 1	loss: 1.60893884	acc: 0.200
[2m[36m(ParallelAgent pid=2193755)[0m INFO:root:	task: 2	loss: 1.61039941	acc: 0.200
[2m[36m(ParallelAgent pid=2193755)[0m INFO:root:	task: 3	loss: 1.61043164	acc: 0.208
[2m[36m(ParallelAgent pid=2193755)[0m INFO:root:	task: avg	loss: 1.61011584	acc: 0.202
[2m[36m(ParallelAgent pid=2194070)[0m INFO:root:epochs: 0, training task: 3
[2m[36m(ParallelAgent pid=2194070)[0m INFO:root:	task: 0	loss: 1.61077045	acc: 0.200
[2m[36m(ParallelAgent pid=2194070)[0m INFO:root:	task: 1	loss: 1.61000623	acc: 0.200
[2m[36m(ParallelAgent pid=2194070)[0m INFO:root:	task: 2	loss: 1.61098413	acc: 0.200
[2m[36m(ParallelAgent pid=2194070)[0m INFO:root:	task: 3	loss: 1.61010809	acc: 0.200
[2m[36m(ParallelAgent pid=2194070)[0m INFO:root:	task: avg	loss: 1.61046722	acc: 0.200
[2m[36m(ParallelAgent pid=2194070)[0m INFO:root:epochs: 1, training task: 3
[2m[36m(ParallelAgent pid=2194070)[0m INFO:root:	task: 0	loss: 1.60449786	acc: 0.254
[2m[36m(ParallelAgent pid=2194070)[0m INFO:root:	task: 1	loss: 1.60087018	acc: 0.288
[2m[36m(ParallelAgent pid=2194070)[0m INFO:root:	task: 2	loss: 1.60213611	acc: 0.200
[2m[36m(ParallelAgent pid=2194070)[0m INFO:root:	task: 3	loss: 1.60415295	acc: 0.224
[2m[36m(ParallelAgent pid=2194070)[0m INFO:root:	task: avg	loss: 1.60291428	acc: 0.241
[2m[36m(ParallelAgent pid=2193486)[0m INFO:root:epochs: 1, training task: 3
[2m[36m(ParallelAgent pid=2193486)[0m INFO:root:	task: 0	loss: 1.59518561	acc: 0.244
[2m[36m(ParallelAgent pid=2193486)[0m INFO:root:	task: 1	loss: 1.56369385	acc: 0.298
[2m[36m(ParallelAgent pid=2193486)[0m INFO:root:	task: 2	loss: 1.59098621	acc: 0.278
[2m[36m(ParallelAgent pid=2193486)[0m INFO:root:	task: 3	loss: 1.59122498	acc: 0.284
[2m[36m(ParallelAgent pid=2193486)[0m INFO:root:	task: avg	loss: 1.58527266	acc: 0.276
[2m[36m(ParallelAgent pid=2193571)[0m INFO:root:epochs: 1, training task: 3
[2m[36m(ParallelAgent pid=2193571)[0m INFO:root:	task: 0	loss: 1.58697290	acc: 0.300
[2m[36m(ParallelAgent pid=2193571)[0m INFO:root:	task: 1	loss: 1.58879785	acc: 0.328
[2m[36m(ParallelAgent pid=2193571)[0m INFO:root:	task: 2	loss: 1.59441772	acc: 0.230
[2m[36m(ParallelAgent pid=2193571)[0m INFO:root:	task: 3	loss: 1.58213458	acc: 0.330
[2m[36m(ParallelAgent pid=2193571)[0m INFO:root:	task: avg	loss: 1.58808076	acc: 0.297
[2m[36m(ParallelAgent pid=2193630)[0m INFO:root:epochs: 1, training task: 3
[2m[36m(ParallelAgent pid=2193630)[0m INFO:root:	task: 0	loss: 1.59745825	acc: 0.210
[2m[36m(ParallelAgent pid=2193630)[0m INFO:root:	task: 1	loss: 1.59846124	acc: 0.370
[2m[36m(ParallelAgent pid=2193630)[0m INFO:root:	task: 2	loss: 1.60182452	acc: 0.264
[2m[36m(ParallelAgent pid=2193630)[0m INFO:root:	task: 3	loss: 1.59862054	acc: 0.270
[2m[36m(ParallelAgent pid=2193630)[0m INFO:root:	task: avg	loss: 1.59909114	acc: 0.278
[2m[36m(ParallelAgent pid=2193487)[0m INFO:root:epochs: 1, training task: 3
[2m[36m(ParallelAgent pid=2193487)[0m INFO:root:	task: 0	loss: 1.60132452	acc: 0.200
[2m[36m(ParallelAgent pid=2193487)[0m INFO:root:	task: 1	loss: 1.60529407	acc: 0.220
[2m[36m(ParallelAgent pid=2193487)[0m INFO:root:	task: 2	loss: 1.59957446	acc: 0.252
[2m[36m(ParallelAgent pid=2193487)[0m INFO:root:	task: 3	loss: 1.60006842	acc: 0.200
[2m[36m(ParallelAgent pid=2193487)[0m INFO:root:	task: avg	loss: 1.60156537	acc: 0.218
[2m[36m(ParallelAgent pid=2193509)[0m INFO:root:epochs: 1, training task: 3
[2m[36m(ParallelAgent pid=2193509)[0m INFO:root:	task: 0	loss: 1.60545209	acc: 0.298
[2m[36m(ParallelAgent pid=2193509)[0m INFO:root:	task: 1	loss: 1.60657190	acc: 0.294
[2m[36m(ParallelAgent pid=2193509)[0m INFO:root:	task: 2	loss: 1.60062616	acc: 0.236
[2m[36m(ParallelAgent pid=2193509)[0m INFO:root:	task: 3	loss: 1.60187720	acc: 0.258
[2m[36m(ParallelAgent pid=2193509)[0m INFO:root:	task: avg	loss: 1.60363184	acc: 0.271
[2m[36m(ParallelAgent pid=2193755)[0m INFO:root:epochs: 1, training task: 3
[2m[36m(ParallelAgent pid=2193755)[0m INFO:root:	task: 0	loss: 1.59907745	acc: 0.246
[2m[36m(ParallelAgent pid=2193755)[0m INFO:root:	task: 1	loss: 1.60123846	acc: 0.226
[2m[36m(ParallelAgent pid=2193755)[0m INFO:root:	task: 2	loss: 1.59642261	acc: 0.280
[2m[36m(ParallelAgent pid=2193755)[0m INFO:root:	task: 3	loss: 1.60536987	acc: 0.228
[2m[36m(ParallelAgent pid=2193755)[0m INFO:root:	task: avg	loss: 1.60052710	acc: 0.245
[2m[36m(ParallelAgent pid=2193881)[0m INFO:root:epochs: 1, training task: 3
[2m[36m(ParallelAgent pid=2193881)[0m INFO:root:	task: 0	loss: 1.58902618	acc: 0.200
[2m[36m(ParallelAgent pid=2193881)[0m INFO:root:	task: 1	loss: 1.58423987	acc: 0.204
[2m[36m(ParallelAgent pid=2193881)[0m INFO:root:	task: 2	loss: 1.59737360	acc: 0.204
[2m[36m(ParallelAgent pid=2193881)[0m INFO:root:	task: 3	loss: 1.59832996	acc: 0.244
[2m[36m(ParallelAgent pid=2193881)[0m INFO:root:	task: avg	loss: 1.59224240	acc: 0.213
[2m[36m(ParallelAgent pid=2193571)[0m INFO:root:epochs: 10, training task: 3
[2m[36m(ParallelAgent pid=2193571)[0m INFO:root:	task: 0	loss: 1.08872052	acc: 0.532
[2m[36m(ParallelAgent pid=2193571)[0m INFO:root:	task: 1	loss: 1.15752399	acc: 0.536
[2m[36m(ParallelAgent pid=2193571)[0m INFO:root:	task: 2	loss: 1.19919006	acc: 0.520
[2m[36m(ParallelAgent pid=2193571)[0m INFO:root:	task: 3	loss: 1.11066132	acc: 0.552
[2m[36m(ParallelAgent pid=2193571)[0m INFO:root:	task: avg	loss: 1.13902397	acc: 0.535
[2m[36m(ParallelAgent pid=2194070)[0m INFO:root:epochs: 10, training task: 3
[2m[36m(ParallelAgent pid=2194070)[0m INFO:root:	task: 0	loss: 0.96531433	acc: 0.646
[2m[36m(ParallelAgent pid=2194070)[0m INFO:root:	task: 1	loss: 1.11070325	acc: 0.546
[2m[36m(ParallelAgent pid=2194070)[0m INFO:root:	task: 2	loss: 1.05370905	acc: 0.572
[2m[36m(ParallelAgent pid=2194070)[0m INFO:root:	task: 3	loss: 1.13001611	acc: 0.566
[2m[36m(ParallelAgent pid=2194070)[0m INFO:root:	task: avg	loss: 1.06493568	acc: 0.583
[2m[36m(ParallelAgent pid=2193487)[0m INFO:root:epochs: 10, training task: 3
[2m[36m(ParallelAgent pid=2193487)[0m INFO:root:	task: 0	loss: 1.02104114	acc: 0.556
[2m[36m(ParallelAgent pid=2193487)[0m INFO:root:	task: 1	loss: 1.34810425	acc: 0.404
[2m[36m(ParallelAgent pid=2193487)[0m INFO:root:	task: 2	loss: 0.82320560	acc: 0.688
[2m[36m(ParallelAgent pid=2193487)[0m INFO:root:	task: 3	loss: 0.99385583	acc: 0.576
[2m[36m(ParallelAgent pid=2193487)[0m INFO:root:	task: avg	loss: 1.04655170	acc: 0.556
[2m[36m(ParallelAgent pid=2193486)[0m INFO:root:epochs: 10, training task: 3
[2m[36m(ParallelAgent pid=2193486)[0m INFO:root:	task: 0	loss: 1.22842621	acc: 0.510
[2m[36m(ParallelAgent pid=2193486)[0m INFO:root:	task: 1	loss: 0.75785757	acc: 0.736
[2m[36m(ParallelAgent pid=2193486)[0m INFO:root:	task: 2	loss: 0.90849063	acc: 0.650
[2m[36m(ParallelAgent pid=2193486)[0m INFO:root:	task: 3	loss: 0.98253979	acc: 0.630
[2m[36m(ParallelAgent pid=2193486)[0m INFO:root:	task: avg	loss: 0.96932855	acc: 0.631
[2m[36m(ParallelAgent pid=2193509)[0m INFO:root:epochs: 10, training task: 3
[2m[36m(ParallelAgent pid=2193509)[0m INFO:root:	task: 0	loss: 1.27262207	acc: 0.492
[2m[36m(ParallelAgent pid=2193509)[0m INFO:root:	task: 1	loss: 1.30911761	acc: 0.472
[2m[36m(ParallelAgent pid=2193509)[0m INFO:root:	task: 2	loss: 1.29229449	acc: 0.488
[2m[36m(ParallelAgent pid=2193509)[0m INFO:root:	task: 3	loss: 0.69602377	acc: 0.736
[2m[36m(ParallelAgent pid=2193509)[0m INFO:root:	task: avg	loss: 1.14251449	acc: 0.547
[2m[36m(ParallelAgent pid=2193571)[0m INFO:root:epochs: 11, training task: 3
[2m[36m(ParallelAgent pid=2193571)[0m INFO:root:	task: 0	loss: 1.08872052	acc: 0.532
[2m[36m(ParallelAgent pid=2193571)[0m INFO:root:	task: 1	loss: 1.15752399	acc: 0.536
[2m[36m(ParallelAgent pid=2193571)[0m INFO:root:	task: 2	loss: 1.19919006	acc: 0.520
[2m[36m(ParallelAgent pid=2193571)[0m INFO:root:	task: 3	loss: 1.11066132	acc: 0.552
[2m[36m(ParallelAgent pid=2193571)[0m INFO:root:	task: avg	loss: 1.13902397	acc: 0.535
[2m[36m(ParallelAgent pid=2193630)[0m INFO:root:epochs: 10, training task: 3
[2m[36m(ParallelAgent pid=2193630)[0m INFO:root:	task: 0	loss: 1.11756946	acc: 0.542
[2m[36m(ParallelAgent pid=2193630)[0m INFO:root:	task: 1	loss: 1.13228937	acc: 0.560
[2m[36m(ParallelAgent pid=2193630)[0m INFO:root:	task: 2	loss: 1.26631195	acc: 0.500
[2m[36m(ParallelAgent pid=2193630)[0m INFO:root:	task: 3	loss: 1.07511200	acc: 0.588
[2m[36m(ParallelAgent pid=2193630)[0m INFO:root:	task: avg	loss: 1.14782069	acc: 0.547
[2m[36m(ParallelAgent pid=2193755)[0m INFO:root:epochs: 10, training task: 3
[2m[36m(ParallelAgent pid=2193755)[0m INFO:root:	task: 0	loss: 1.00743579	acc: 0.586
[2m[36m(ParallelAgent pid=2193755)[0m INFO:root:	task: 1	loss: 1.40442871	acc: 0.434
[2m[36m(ParallelAgent pid=2193755)[0m INFO:root:	task: 2	loss: 1.03187296	acc: 0.616
[2m[36m(ParallelAgent pid=2193755)[0m INFO:root:	task: 3	loss: 1.19853003	acc: 0.508
[2m[36m(ParallelAgent pid=2193755)[0m INFO:root:	task: avg	loss: 1.16056687	acc: 0.536
[2m[36m(ParallelAgent pid=2193881)[0m INFO:root:epochs: 10, training task: 3
[2m[36m(ParallelAgent pid=2193881)[0m INFO:root:	task: 0	loss: 1.13641956	acc: 0.550
[2m[36m(ParallelAgent pid=2193881)[0m INFO:root:	task: 1	loss: 0.98302490	acc: 0.604
[2m[36m(ParallelAgent pid=2193881)[0m INFO:root:	task: 2	loss: 1.04458145	acc: 0.576
[2m[36m(ParallelAgent pid=2193881)[0m INFO:root:	task: 3	loss: 1.09542297	acc: 0.586
[2m[36m(ParallelAgent pid=2193881)[0m INFO:root:	task: avg	loss: 1.06486222	acc: 0.579
[2m[36m(ParallelAgent pid=2194070)[0m INFO:root:epochs: 11, training task: 3
[2m[36m(ParallelAgent pid=2194070)[0m INFO:root:	task: 0	loss: 0.96531433	acc: 0.646
[2m[36m(ParallelAgent pid=2194070)[0m INFO:root:	task: 1	loss: 1.11070325	acc: 0.546
[2m[36m(ParallelAgent pid=2194070)[0m INFO:root:	task: 2	loss: 1.05370905	acc: 0.572
[2m[36m(ParallelAgent pid=2194070)[0m INFO:root:	task: 3	loss: 1.13001611	acc: 0.566
[2m[36m(ParallelAgent pid=2194070)[0m INFO:root:	task: avg	loss: 1.06493568	acc: 0.583
[2m[36m(ParallelAgent pid=2193487)[0m INFO:root:epochs: 11, training task: 3
[2m[36m(ParallelAgent pid=2193487)[0m INFO:root:	task: 0	loss: 1.02104114	acc: 0.556
[2m[36m(ParallelAgent pid=2193487)[0m INFO:root:	task: 1	loss: 1.34810425	acc: 0.404
[2m[36m(ParallelAgent pid=2193487)[0m INFO:root:	task: 2	loss: 0.82320560	acc: 0.688
[2m[36m(ParallelAgent pid=2193487)[0m INFO:root:	task: 3	loss: 0.99385583	acc: 0.576
[2m[36m(ParallelAgent pid=2193487)[0m INFO:root:	task: avg	loss: 1.04655170	acc: 0.556
[2m[36m(ParallelAgent pid=2193509)[0m INFO:root:epochs: 11, training task: 3
[2m[36m(ParallelAgent pid=2193509)[0m INFO:root:	task: 0	loss: 1.27262207	acc: 0.492
[2m[36m(ParallelAgent pid=2193509)[0m INFO:root:	task: 1	loss: 1.30911761	acc: 0.472
[2m[36m(ParallelAgent pid=2193509)[0m INFO:root:	task: 2	loss: 1.29229449	acc: 0.488
[2m[36m(ParallelAgent pid=2193509)[0m INFO:root:	task: 3	loss: 0.69602377	acc: 0.736
[2m[36m(ParallelAgent pid=2193509)[0m INFO:root:	task: avg	loss: 1.14251449	acc: 0.547
[2m[36m(ParallelAgent pid=2193486)[0m INFO:root:epochs: 11, training task: 3
[2m[36m(ParallelAgent pid=2193486)[0m INFO:root:	task: 0	loss: 1.22842621	acc: 0.510
[2m[36m(ParallelAgent pid=2193486)[0m INFO:root:	task: 1	loss: 0.75785757	acc: 0.736
[2m[36m(ParallelAgent pid=2193486)[0m INFO:root:	task: 2	loss: 0.90849063	acc: 0.650
[2m[36m(ParallelAgent pid=2193486)[0m INFO:root:	task: 3	loss: 0.98253979	acc: 0.630
[2m[36m(ParallelAgent pid=2193486)[0m INFO:root:	task: avg	loss: 0.96932855	acc: 0.631
[2m[36m(ParallelAgent pid=2193881)[0m INFO:root:epochs: 11, training task: 3
[2m[36m(ParallelAgent pid=2193881)[0m INFO:root:	task: 0	loss: 1.13641956	acc: 0.550
[2m[36m(ParallelAgent pid=2193881)[0m INFO:root:	task: 1	loss: 0.98302490	acc: 0.604
[2m[36m(ParallelAgent pid=2193881)[0m INFO:root:	task: 2	loss: 1.04458145	acc: 0.576
[2m[36m(ParallelAgent pid=2193881)[0m INFO:root:	task: 3	loss: 1.09542297	acc: 0.586
[2m[36m(ParallelAgent pid=2193881)[0m INFO:root:	task: avg	loss: 1.06486222	acc: 0.579
[2m[36m(ParallelAgent pid=2193755)[0m INFO:root:epochs: 11, training task: 3
[2m[36m(ParallelAgent pid=2193755)[0m INFO:root:	task: 0	loss: 1.00743579	acc: 0.586
[2m[36m(ParallelAgent pid=2193755)[0m INFO:root:	task: 1	loss: 1.40442871	acc: 0.434
[2m[36m(ParallelAgent pid=2193755)[0m INFO:root:	task: 2	loss: 1.03187296	acc: 0.616
[2m[36m(ParallelAgent pid=2193755)[0m INFO:root:	task: 3	loss: 1.19853003	acc: 0.508
[2m[36m(ParallelAgent pid=2193755)[0m INFO:root:	task: avg	loss: 1.16056687	acc: 0.536
[2m[36m(ParallelAgent pid=2193630)[0m INFO:root:epochs: 11, training task: 3
[2m[36m(ParallelAgent pid=2193630)[0m INFO:root:	task: 0	loss: 1.11756946	acc: 0.542
[2m[36m(ParallelAgent pid=2193630)[0m INFO:root:	task: 1	loss: 1.13228937	acc: 0.560
[2m[36m(ParallelAgent pid=2193630)[0m INFO:root:	task: 2	loss: 1.26631195	acc: 0.500
[2m[36m(ParallelAgent pid=2193630)[0m INFO:root:	task: 3	loss: 1.07511200	acc: 0.588
[2m[36m(ParallelAgent pid=2193630)[0m INFO:root:	task: avg	loss: 1.14782069	acc: 0.547
[2023-10-04 18:28:07,027][root][INFO] - Run took 0:00:48.724083
/mnt/kostas-graid/sw/envs/vlongle/miniconda3/envs/shell/lib/python3.10/site-packages/hydra/_internal/defaults_list.py:251: UserWarning: In 'config': Defaults list is missing `_self_`. See https://hydra.cc/docs/1.2/upgrades/1.0_to_1.1/default_composition_order for more information
  warnings.warn(msg, UserWarning)
{'train': {'component_update_freq': 100, 'num_epochs': 100, 'init_component_update_freq': 10, 'init_num_epochs': 10, 'save_freq': 20}, 'dataset': {'dataset_name': 'cifar100', 'num_tasks': 4, 'num_classes_per_task': 5, 'with_replacement': False, 'num_trains_per_class': 256, 'num_vals_per_class': -1, 'remap_labels': True}, 'net': {'name': 'cnn', 'depth': 4, 'channels': 50, 'conv_kernel': 3, 'maxpool_kernel': 2, 'padding': 1, 'dropout': 0.0}, 'sharing_strategy': {'name': 'no_sharing', 'num_coms_per_round': 0}, 'seed': 2, 'algo': 'modular', 'job_name': 'cifar100_modular_numtrain_256_contrastive', 'num_agents': 8, 'root_save_dir': 'cifar_results', 'parallel': True, 'num_init_tasks': 4, 'agent': {'save_dir': '${root_save_dir}/${job_name}/${dataset.dataset_name}/${algo}/seed_${seed}', 'batch_size': 1024, 'memory_size': 32, 'improvement_threshold': 0.05, 'use_contrastive': True}}
[2023-10-04 18:28:16,880][root][INFO] - Class sequence: [72 45 38 48 97 37  0 73 36 20 51 58 61 21 95 64 25 43 53 23 39 91 24 57
  9 15 33 11 88 62 59 77 18 12 19 32  6  5 87 63 60  1 42 81  2 79 41 31
  4  7 30 68 22 76 16 65 28 69 47 71 49 54 29 55 80 14 34 74 94 85 98 84
 89 44  3 75 96 46 10 13 50 56 40 83 17 67 99 35 86  8 52 90 70 66 27 82
 26 93 92 78]
[2023-10-04 18:28:16,893][root][INFO] - task 0 :(1280, 3, 32, 32)
[2023-10-04 18:28:16,939][root][INFO] - task 1 :(1280, 3, 32, 32)
[2023-10-04 18:28:16,964][root][INFO] - task 2 :(1280, 3, 32, 32)
[2023-10-04 18:28:16,983][root][INFO] - task 3 :(1280, 3, 32, 32)
[2023-10-04 18:28:17,451][root][INFO] - Class sequence: [90  0 72 54 87 26 45 56 98 63  7  9 95 36 52 73 30  3  6 16 49 24 34 35
 59 46 51 71 23 74 21 86 70 25 37 40 10 22 44 18 19 29 32 93 77 11 69 66
 88  2 76 99 17 75 68 14 47 97  5 31 80 60 57 65 67 38 81 85  8 39 79 64
 62 61 89  4 13 12 84 42 15 48 20 27 41 43 28 96 50 91 53 94 33 55 82 83
  1 58 78 92]
[2023-10-04 18:28:17,466][root][INFO] - task 0 :(1280, 3, 32, 32)
[2023-10-04 18:28:17,485][root][INFO] - task 1 :(1280, 3, 32, 32)
[2023-10-04 18:28:17,504][root][INFO] - task 2 :(1280, 3, 32, 32)
[2023-10-04 18:28:17,525][root][INFO] - task 3 :(1280, 3, 32, 32)
[2023-10-04 18:28:17,992][root][INFO] - Class sequence: [32 45 93 34 69 92 84 55  5 18 61 89 74 81 87 41 52 53 22 75 10 36 96 16
 15 58  2 40 83  4 60  1 73 91 39 90 54 66 71 42 99 14 67 23 79 37 85 38
 33 29 63 35  0  8 68 17 62 31 76  6 24 65 27 77 28 72 78 30  7 94 48 59
  9 82  3 86 12 50 97 70 26 47 51 20 44 88 25 95 49 21 80 98 56 64 43 13
 57 19 11 46]
[2023-10-04 18:28:18,007][root][INFO] - task 0 :(1280, 3, 32, 32)
[2023-10-04 18:28:18,025][root][INFO] - task 1 :(1280, 3, 32, 32)
[2023-10-04 18:28:18,044][root][INFO] - task 2 :(1280, 3, 32, 32)
[2023-10-04 18:28:18,064][root][INFO] - task 3 :(1280, 3, 32, 32)
[2023-10-04 18:28:18,597][root][INFO] - Class sequence: [79 12 44 60 49 68 84 33 18 39 16 36 10 83 69 65 63 85 71 93 37 76 55 59
  2 21 42 81 41 74 98 31  1 52 91 64 43 51  5 22 34 15 61 94 54 50 89 72
 13 75 67  6 88 11  8 87 58 53 82 92 80 90 78 26  9 40 97 73 48  7 77 35
 23 57 14 32 46 24 19 38 27 96 20 47  3 25  4 56 29 62  0 45 99 28 66 17
 86 95 70 30]
[2023-10-04 18:28:18,612][root][INFO] - task 0 :(1280, 3, 32, 32)
[2023-10-04 18:28:18,634][root][INFO] - task 1 :(1280, 3, 32, 32)
[2023-10-04 18:28:18,653][root][INFO] - task 2 :(1280, 3, 32, 32)
[2023-10-04 18:28:18,673][root][INFO] - task 3 :(1280, 3, 32, 32)
[2023-10-04 18:28:19,172][root][INFO] - Class sequence: [38 48 52 84 26 14 96  8 83 12 33 63 89 87 78 66 28  0  1 22 95 30  6 71
 42 13 79 62 10 80 50  2 47 73 40 41 43 18 19 68 67 91  4 23 32 55 57 64
 82 54 74 53 39 31 97 88 58 46 16 27 37 20 59  9 92  7 99 90 11 93 34 17
 77  5 65 45 44 60 29 49 86 35 21 81 56 51 85  3 76 75 69 72 61 15 24 25
 94 98 36 70]
[2023-10-04 18:28:19,187][root][INFO] - task 0 :(1280, 3, 32, 32)
[2023-10-04 18:28:19,207][root][INFO] - task 1 :(1280, 3, 32, 32)
[2023-10-04 18:28:19,228][root][INFO] - task 2 :(1280, 3, 32, 32)
[2023-10-04 18:28:19,249][root][INFO] - task 3 :(1280, 3, 32, 32)
[2023-10-04 18:28:19,742][root][INFO] - Class sequence: [68 10 70 13 93 42 26 61 16 80  1 38 67 86 90 54 28 25 31 97 46 19 65 15
 75 55 71 92 98 27 52 72 51 33 73 47 34 35 43 32 84 77 37  3 49 11  7 17
 85 23 21 40 57 44 62 94 20 66 58  9 59 48 29 81 45 83  4 91 76 18 79  0
 82 14 41 24 88 89 60 99 69 53  6 12 22 64 74 30 96 63 50 39 95 87  8 56
 78 36  5  2]
[2023-10-04 18:28:19,758][root][INFO] - task 0 :(1280, 3, 32, 32)
[2023-10-04 18:28:19,781][root][INFO] - task 1 :(1280, 3, 32, 32)
[2023-10-04 18:28:19,801][root][INFO] - task 2 :(1280, 3, 32, 32)
[2023-10-04 18:28:19,821][root][INFO] - task 3 :(1280, 3, 32, 32)
[2023-10-04 18:28:20,287][root][INFO] - Class sequence: [92 61 95 22 25 20  3 13 71 48 59 42 85  6 12 90 65 49  5 41 52 64 83 43
 77  2 70 81 40 19 55 53 37 86 50 29 24 21 47 96 38  0 67 94 18 54 79 14
 51 73 62  9 45 76 10 82 91 34  4 63 74 97 28 56 98 35 72 30 84 46 93 75
 33 36  7  1 17 15 99 39 60 78 31 87 11 69 68 44 26 16 66 27 80 57 58 32
 23  8 89 88]
[2023-10-04 18:28:20,301][root][INFO] - task 0 :(1280, 3, 32, 32)
[2023-10-04 18:28:20,321][root][INFO] - task 1 :(1280, 3, 32, 32)
[2023-10-04 18:28:20,340][root][INFO] - task 2 :(1280, 3, 32, 32)
[2023-10-04 18:28:20,360][root][INFO] - task 3 :(1280, 3, 32, 32)
[2023-10-04 18:28:20,830][root][INFO] - Class sequence: [90 52 66  6  8 35 63 30 29 25 91  1 39 76 14 67 12 85 80 48  9 11 61 69
 75 64 74 83 96 50 99 59 54 45 23 47 72 10 15 56 46 36 62 93 89 79 81 32
 77 88 60 37  2 73 21 71 18 97 40 68 86 42 87 95 38 55 19 57 98 49  3 27
 26 34  4 53  7 70 24 13 20 16 33  5 82 41 17 43 84 31 65 94 51 28 44  0
 78 58 92 22]
[2023-10-04 18:28:20,844][root][INFO] - task 0 :(1280, 3, 32, 32)
[2023-10-04 18:28:20,864][root][INFO] - task 1 :(1280, 3, 32, 32)
[2023-10-04 18:28:20,885][root][INFO] - task 2 :(1280, 3, 32, 32)
[2023-10-04 18:28:20,905][root][INFO] - task 3 :(1280, 3, 32, 32)
i_size 32
num_classes 5
net_cfg {'name': 'cnn', 'depth': 4, 'channels': 50, 'conv_kernel': 3, 'maxpool_kernel': 2, 'padding': 1, 'dropout': 0.0, 'i_size': 32, 'num_classes': 5, 'num_tasks': 4, 'num_init_tasks': 4, 'use_contrastive': True}
<class 'shell.learners.er_dynamic.CompositionalDynamicER'>
[2023-10-04 18:28:20,934][root][INFO] - No. gpus per agent: 0.25
2023-10-04 18:28:23,334	INFO worker.py:1544 -- Started a local Ray instance. View the dashboard at [1m[32m127.0.0.1:8265 [39m[22m
[2m[36m(ParallelAgent pid=2392133)[0m INFO:root:Agent: node_id: 0, seed: 2
[2m[36m(ParallelAgent pid=2392135)[0m INFO:root:Agent: node_id: 2, seed: 2002
[2m[36m(ParallelAgent pid=2392134)[0m INFO:root:Agent: node_id: 1, seed: 1002
[2m[36m(ParallelAgent pid=2392218)[0m INFO:root:Agent: node_id: 3, seed: 3002
[2m[36m(ParallelAgent pid=2392277)[0m INFO:root:Agent: node_id: 4, seed: 4002
[2m[36m(ParallelAgent pid=2392466)[0m INFO:root:Agent: node_id: 5, seed: 5002
[2m[36m(ParallelAgent pid=2392527)[0m INFO:root:Agent: node_id: 6, seed: 6002
[2m[36m(ParallelAgent pid=2392653)[0m INFO:root:Agent: node_id: 7, seed: 7002
[2023-10-04 18:28:41,673][root][INFO] - Created fleet with 8 agents
[2023-10-04 18:28:41,674][root][INFO] - Adding neighbors...
[2023-10-04 18:28:41,691][root][INFO] - Fleet initialized
Error executing job with overrides: ['algo=modular', 'seed=2', 'num_agents=8', 'parallel=True', 'dataset=cifar100', 'dataset.num_trains_per_class=256', 'dataset.num_vals_per_class=-1', 'dataset.remap_labels=True', 'dataset.with_replacement=False', 'dataset.num_tasks=4', 'net=cnn', 'net.depth=4', 'num_init_tasks=4', 'net.dropout=0.0', 'train.init_num_epochs=10', 'train.init_component_update_freq=10', 'train.num_epochs=100', 'train.component_update_freq=100', 'agent.memory_size=32', 'agent.batch_size=1024', 'train.save_freq=20', 'agent.use_contrastive=True', 'root_save_dir=cifar_results', 'train=modular', 'job_name=cifar100_modular_numtrain_256_contrastive']
Traceback (most recent call last):
  File "/home/vlongle/learning-hive/experiments/run.py", line 41, in main
    fleet.train_and_comm(task_id)
  File "/home/vlongle/learning-hive/src/shell/fleet/fleet.py", line 274, in train_and_comm
    ray.get([agent.train.remote(task_id, start_epoch, self.comm_freq) for agent in self.agents])
  File "/mnt/kostas-graid/sw/envs/vlongle/miniconda3/envs/shell/lib/python3.10/site-packages/ray/_private/client_mode_hook.py", line 105, in wrapper
    return func(*args, **kwargs)
  File "/mnt/kostas-graid/sw/envs/vlongle/miniconda3/envs/shell/lib/python3.10/site-packages/ray/_private/worker.py", line 2380, in get
    raise value.as_instanceof_cause()
ray.exceptions.RayTaskError(AttributeError): [36mray::ParallelAgent.train()[39m (pid=2392466, ip=192.168.141.69, repr=<shell.fleet.fleet.ParallelAgent object at 0x7fd9b0796ad0>)
  File "/home/vlongle/learning-hive/src/shell/fleet/fleet.py", line 97, in train
    self.agent.train(trainloader, task_id, testloaders=testloaders,
  File "/home/vlongle/learning-hive/src/shell/learners/base_learning_classes.py", line 293, in train
    self.save_data(start_epoch, task_id, testloaders, mode=train_mode)
  File "/home/vlongle/learning-hive/src/shell/learners/base_learning_classes.py", line 515, in save_data
    super().save_data(epoch, task_id, testloaders,
  File "/home/vlongle/learning-hive/src/shell/learners/base_learning_classes.py", line 226, in save_data
    self.test_loss, self.test_acc = self.evaluate(testloaders, mode=mode)
  File "/home/vlongle/learning-hive/src/shell/learners/base_learning_classes.py", line 476, in evaluate
    Y_hat = self.net(X, task)
  File "/mnt/kostas-graid/sw/envs/vlongle/miniconda3/envs/shell/lib/python3.10/site-packages/torch/nn/modules/module.py", line 1501, in _call_impl
    return forward_call(*args, **kwargs)
  File "/home/vlongle/learning-hive/src/shell/models/cnn_soft_lifelong_dynamic.py", line 139, in forward
    X = self.encodev2(X, task_id)
  File "/home/vlongle/learning-hive/src/shell/models/cnn_soft_lifelong_dynamic.py", line 129, in encodev2
    if j not in self.candidate_indices or j == self.active_candidate_index:  # Allow only active candidate
  File "/mnt/kostas-graid/sw/envs/vlongle/miniconda3/envs/shell/lib/python3.10/site-packages/torch/nn/modules/module.py", line 1614, in __getattr__
    raise AttributeError("'{}' object has no attribute '{}'".format(
AttributeError: 'CNNSoftLLDynamic' object has no attribute 'candidate_indices'

Set the environment variable HYDRA_FULL_ERROR=1 for a complete stack trace.
/mnt/kostas-graid/sw/envs/vlongle/miniconda3/envs/shell/lib/python3.10/site-packages/hydra/_internal/defaults_list.py:251: UserWarning: In 'config': Defaults list is missing `_self_`. See https://hydra.cc/docs/1.2/upgrades/1.0_to_1.1/default_composition_order for more information
  warnings.warn(msg, UserWarning)
{'train': {'component_update_freq': 100, 'num_epochs': 100, 'init_component_update_freq': 10, 'init_num_epochs': 10, 'save_freq': 20}, 'dataset': {'dataset_name': 'cifar100', 'num_tasks': 4, 'num_classes_per_task': 5, 'with_replacement': False, 'num_trains_per_class': 256, 'num_vals_per_class': -1, 'remap_labels': True}, 'net': {'name': 'cnn', 'depth': 4, 'channels': 50, 'conv_kernel': 3, 'maxpool_kernel': 2, 'padding': 1, 'dropout': 0.0}, 'sharing_strategy': {'name': 'no_sharing', 'num_coms_per_round': 0}, 'seed': 2, 'algo': 'modular', 'job_name': 'cifar100_modular_numtrain_256', 'num_agents': 8, 'root_save_dir': 'cifar_results', 'parallel': True, 'num_init_tasks': 4, 'agent': {'save_dir': '${root_save_dir}/${job_name}/${dataset.dataset_name}/${algo}/seed_${seed}', 'batch_size': 1024, 'memory_size': 32, 'improvement_threshold': 0.05, 'use_contrastive': False}}
[2023-10-04 18:28:53,597][root][INFO] - Class sequence: [72 45 38 48 97 37  0 73 36 20 51 58 61 21 95 64 25 43 53 23 39 91 24 57
  9 15 33 11 88 62 59 77 18 12 19 32  6  5 87 63 60  1 42 81  2 79 41 31
  4  7 30 68 22 76 16 65 28 69 47 71 49 54 29 55 80 14 34 74 94 85 98 84
 89 44  3 75 96 46 10 13 50 56 40 83 17 67 99 35 86  8 52 90 70 66 27 82
 26 93 92 78]
[2023-10-04 18:28:53,610][root][INFO] - task 0 :(1280, 3, 32, 32)
[2023-10-04 18:28:53,654][root][INFO] - task 1 :(1280, 3, 32, 32)
[2023-10-04 18:28:53,674][root][INFO] - task 2 :(1280, 3, 32, 32)
[2023-10-04 18:28:53,693][root][INFO] - task 3 :(1280, 3, 32, 32)
[2023-10-04 18:28:54,165][root][INFO] - Class sequence: [90  0 72 54 87 26 45 56 98 63  7  9 95 36 52 73 30  3  6 16 49 24 34 35
 59 46 51 71 23 74 21 86 70 25 37 40 10 22 44 18 19 29 32 93 77 11 69 66
 88  2 76 99 17 75 68 14 47 97  5 31 80 60 57 65 67 38 81 85  8 39 79 64
 62 61 89  4 13 12 84 42 15 48 20 27 41 43 28 96 50 91 53 94 33 55 82 83
  1 58 78 92]
[2023-10-04 18:28:54,179][root][INFO] - task 0 :(1280, 3, 32, 32)
[2023-10-04 18:28:54,199][root][INFO] - task 1 :(1280, 3, 32, 32)
[2023-10-04 18:28:54,220][root][INFO] - task 2 :(1280, 3, 32, 32)
[2023-10-04 18:28:54,240][root][INFO] - task 3 :(1280, 3, 32, 32)
[2023-10-04 18:28:54,708][root][INFO] - Class sequence: [32 45 93 34 69 92 84 55  5 18 61 89 74 81 87 41 52 53 22 75 10 36 96 16
 15 58  2 40 83  4 60  1 73 91 39 90 54 66 71 42 99 14 67 23 79 37 85 38
 33 29 63 35  0  8 68 17 62 31 76  6 24 65 27 77 28 72 78 30  7 94 48 59
  9 82  3 86 12 50 97 70 26 47 51 20 44 88 25 95 49 21 80 98 56 64 43 13
 57 19 11 46]
[2023-10-04 18:28:54,724][root][INFO] - task 0 :(1280, 3, 32, 32)
[2023-10-04 18:28:54,745][root][INFO] - task 1 :(1280, 3, 32, 32)
[2023-10-04 18:28:54,765][root][INFO] - task 2 :(1280, 3, 32, 32)
[2023-10-04 18:28:54,785][root][INFO] - task 3 :(1280, 3, 32, 32)
[2023-10-04 18:28:55,251][root][INFO] - Class sequence: [79 12 44 60 49 68 84 33 18 39 16 36 10 83 69 65 63 85 71 93 37 76 55 59
  2 21 42 81 41 74 98 31  1 52 91 64 43 51  5 22 34 15 61 94 54 50 89 72
 13 75 67  6 88 11  8 87 58 53 82 92 80 90 78 26  9 40 97 73 48  7 77 35
 23 57 14 32 46 24 19 38 27 96 20 47  3 25  4 56 29 62  0 45 99 28 66 17
 86 95 70 30]
[2023-10-04 18:28:55,266][root][INFO] - task 0 :(1280, 3, 32, 32)
[2023-10-04 18:28:55,285][root][INFO] - task 1 :(1280, 3, 32, 32)
[2023-10-04 18:28:55,305][root][INFO] - task 2 :(1280, 3, 32, 32)
[2023-10-04 18:28:55,324][root][INFO] - task 3 :(1280, 3, 32, 32)
[2023-10-04 18:28:55,792][root][INFO] - Class sequence: [38 48 52 84 26 14 96  8 83 12 33 63 89 87 78 66 28  0  1 22 95 30  6 71
 42 13 79 62 10 80 50  2 47 73 40 41 43 18 19 68 67 91  4 23 32 55 57 64
 82 54 74 53 39 31 97 88 58 46 16 27 37 20 59  9 92  7 99 90 11 93 34 17
 77  5 65 45 44 60 29 49 86 35 21 81 56 51 85  3 76 75 69 72 61 15 24 25
 94 98 36 70]
[2023-10-04 18:28:55,807][root][INFO] - task 0 :(1280, 3, 32, 32)
[2023-10-04 18:28:55,828][root][INFO] - task 1 :(1280, 3, 32, 32)
[2023-10-04 18:28:55,847][root][INFO] - task 2 :(1280, 3, 32, 32)
[2023-10-04 18:28:55,867][root][INFO] - task 3 :(1280, 3, 32, 32)
[2023-10-04 18:28:56,335][root][INFO] - Class sequence: [68 10 70 13 93 42 26 61 16 80  1 38 67 86 90 54 28 25 31 97 46 19 65 15
 75 55 71 92 98 27 52 72 51 33 73 47 34 35 43 32 84 77 37  3 49 11  7 17
 85 23 21 40 57 44 62 94 20 66 58  9 59 48 29 81 45 83  4 91 76 18 79  0
 82 14 41 24 88 89 60 99 69 53  6 12 22 64 74 30 96 63 50 39 95 87  8 56
 78 36  5  2]
[2023-10-04 18:28:56,349][root][INFO] - task 0 :(1280, 3, 32, 32)
[2023-10-04 18:28:56,368][root][INFO] - task 1 :(1280, 3, 32, 32)
[2023-10-04 18:28:56,396][root][INFO] - task 2 :(1280, 3, 32, 32)
[2023-10-04 18:28:56,416][root][INFO] - task 3 :(1280, 3, 32, 32)
[2023-10-04 18:28:56,890][root][INFO] - Class sequence: [92 61 95 22 25 20  3 13 71 48 59 42 85  6 12 90 65 49  5 41 52 64 83 43
 77  2 70 81 40 19 55 53 37 86 50 29 24 21 47 96 38  0 67 94 18 54 79 14
 51 73 62  9 45 76 10 82 91 34  4 63 74 97 28 56 98 35 72 30 84 46 93 75
 33 36  7  1 17 15 99 39 60 78 31 87 11 69 68 44 26 16 66 27 80 57 58 32
 23  8 89 88]
[2023-10-04 18:28:56,905][root][INFO] - task 0 :(1280, 3, 32, 32)
[2023-10-04 18:28:56,924][root][INFO] - task 1 :(1280, 3, 32, 32)
[2023-10-04 18:28:56,944][root][INFO] - task 2 :(1280, 3, 32, 32)
[2023-10-04 18:28:56,963][root][INFO] - task 3 :(1280, 3, 32, 32)
[2023-10-04 18:28:57,431][root][INFO] - Class sequence: [90 52 66  6  8 35 63 30 29 25 91  1 39 76 14 67 12 85 80 48  9 11 61 69
 75 64 74 83 96 50 99 59 54 45 23 47 72 10 15 56 46 36 62 93 89 79 81 32
 77 88 60 37  2 73 21 71 18 97 40 68 86 42 87 95 38 55 19 57 98 49  3 27
 26 34  4 53  7 70 24 13 20 16 33  5 82 41 17 43 84 31 65 94 51 28 44  0
 78 58 92 22]
[2023-10-04 18:28:57,446][root][INFO] - task 0 :(1280, 3, 32, 32)
[2023-10-04 18:28:57,465][root][INFO] - task 1 :(1280, 3, 32, 32)
[2023-10-04 18:28:57,484][root][INFO] - task 2 :(1280, 3, 32, 32)
[2023-10-04 18:28:57,504][root][INFO] - task 3 :(1280, 3, 32, 32)
i_size 32
num_classes 5
net_cfg {'name': 'cnn', 'depth': 4, 'channels': 50, 'conv_kernel': 3, 'maxpool_kernel': 2, 'padding': 1, 'dropout': 0.0, 'i_size': 32, 'num_classes': 5, 'num_tasks': 4, 'num_init_tasks': 4, 'use_contrastive': False}
<class 'shell.learners.er_dynamic.CompositionalDynamicER'>
[2023-10-04 18:28:57,538][root][INFO] - No. gpus per agent: 0.25
2023-10-04 18:29:00,152	INFO worker.py:1544 -- Started a local Ray instance. View the dashboard at [1m[32m127.0.0.1:8265 [39m[22m
slurmstepd: error: *** STEP 129082.0 ON ee-a6000-0.grasp.maas CANCELLED AT 2023-10-04T18:29:08 ***
slurmstepd: error: *** JOB 129082 ON ee-a6000-0.grasp.maas CANCELLED AT 2023-10-04T18:29:08 ***
