/mnt/kostas-graid/sw/envs/vlongle/miniconda3/envs/shell/lib/python3.10/site-packages/hydra/_internal/defaults_list.py:251: UserWarning: In 'config': Defaults list is missing `_self_`. See https://hydra.cc/docs/1.2/upgrades/1.0_to_1.1/default_composition_order for more information
  warnings.warn(msg, UserWarning)
{'train': {'component_update_freq': 100, 'num_epochs': 100, 'init_component_update_freq': 100, 'init_num_epochs': 100, 'save_freq': 20}, 'dataset': {'dataset_name': 'fashionmnist', 'num_tasks': 10, 'num_classes_per_task': 2, 'with_replacement': True, 'num_trains_per_class': 64, 'num_vals_per_class': 50, 'remap_labels': True}, 'net': {'name': 'mlp', 'depth': 4, 'layer_size': 64, 'dropout': 0.0}, 'sharing_strategy': {'name': 'no_sharing', 'num_coms_per_round': 0}, 'seed': 7, 'algo': 'monolithic', 'job_name': 'fashionmnist_monolithic_numtrain_64_contrastive', 'num_agents': 8, 'root_save_dir': 'experiment_results/vanilla_fix_bug_compute_loss_encodev2', 'parallel': True, 'num_init_tasks': 4, 'agent': {'save_dir': '${root_save_dir}/${job_name}/${dataset.dataset_name}/${algo}/seed_${seed}', 'batch_size': 64, 'memory_size': 32, 'improvement_threshold': 0.05, 'use_contrastive': True}}
[2023-10-04 19:48:07,816][root][INFO] - Class sequence: [9 5 2 9 1 2 0 1 7 2 3 6 1 3 6 4 3 5 9 2]
[2023-10-04 19:48:07,836][root][INFO] - task 0 :(128, 1, 28, 28)
[2023-10-04 19:48:07,882][root][INFO] - task 1 :(128, 1, 28, 28)
[2023-10-04 19:48:07,903][root][INFO] - task 2 :(128, 1, 28, 28)
[2023-10-04 19:48:07,923][root][INFO] - task 3 :(128, 1, 28, 28)
[2023-10-04 19:48:07,944][root][INFO] - task 4 :(128, 1, 28, 28)
[2023-10-04 19:48:07,965][root][INFO] - task 5 :(128, 1, 28, 28)
[2023-10-04 19:48:07,985][root][INFO] - task 6 :(128, 1, 28, 28)
[2023-10-04 19:48:08,005][root][INFO] - task 7 :(128, 1, 28, 28)
[2023-10-04 19:48:08,025][root][INFO] - task 8 :(128, 1, 28, 28)
[2023-10-04 19:48:08,046][root][INFO] - task 9 :(128, 1, 28, 28)
[2023-10-04 19:48:08,148][root][INFO] - Class sequence: [3 9 9 5 7 2 9 6 0 7 4 5 2 1 3 9 9 4 6 5]
[2023-10-04 19:48:08,165][root][INFO] - task 0 :(128, 1, 28, 28)
[2023-10-04 19:48:08,185][root][INFO] - task 1 :(128, 1, 28, 28)
[2023-10-04 19:48:08,207][root][INFO] - task 2 :(128, 1, 28, 28)
[2023-10-04 19:48:08,228][root][INFO] - task 3 :(128, 1, 28, 28)
[2023-10-04 19:48:08,248][root][INFO] - task 4 :(128, 1, 28, 28)
[2023-10-04 19:48:08,270][root][INFO] - task 5 :(128, 1, 28, 28)
[2023-10-04 19:48:08,289][root][INFO] - task 6 :(128, 1, 28, 28)
[2023-10-04 19:48:08,315][root][INFO] - task 7 :(128, 1, 28, 28)
[2023-10-04 19:48:08,336][root][INFO] - task 8 :(128, 1, 28, 28)
[2023-10-04 19:48:08,355][root][INFO] - task 9 :(128, 1, 28, 28)
[2023-10-04 19:48:08,457][root][INFO] - Class sequence: [0 7 3 9 2 4 5 8 9 5 9 7 8 2 4 2 6 3 2 5]
[2023-10-04 19:48:08,475][root][INFO] - task 0 :(128, 1, 28, 28)
[2023-10-04 19:48:08,494][root][INFO] - task 1 :(128, 1, 28, 28)
[2023-10-04 19:48:08,514][root][INFO] - task 2 :(128, 1, 28, 28)
[2023-10-04 19:48:08,533][root][INFO] - task 3 :(128, 1, 28, 28)
[2023-10-04 19:48:08,553][root][INFO] - task 4 :(128, 1, 28, 28)
[2023-10-04 19:48:08,573][root][INFO] - task 5 :(128, 1, 28, 28)
[2023-10-04 19:48:08,597][root][INFO] - task 6 :(128, 1, 28, 28)
[2023-10-04 19:48:08,616][root][INFO] - task 7 :(128, 1, 28, 28)
[2023-10-04 19:48:08,636][root][INFO] - task 8 :(128, 1, 28, 28)
[2023-10-04 19:48:08,656][root][INFO] - task 9 :(128, 1, 28, 28)
[2023-10-04 19:48:08,761][root][INFO] - Class sequence: [4 0 0 5 4 7 2 7 4 2 0 1 1 2 9 8 9 3 6 9]
[2023-10-04 19:48:08,779][root][INFO] - task 0 :(128, 1, 28, 28)
[2023-10-04 19:48:08,799][root][INFO] - task 1 :(128, 1, 28, 28)
[2023-10-04 19:48:08,825][root][INFO] - task 2 :(128, 1, 28, 28)
[2023-10-04 19:48:08,845][root][INFO] - task 3 :(128, 1, 28, 28)
[2023-10-04 19:48:08,866][root][INFO] - task 4 :(128, 1, 28, 28)
[2023-10-04 19:48:08,884][root][INFO] - task 5 :(128, 1, 28, 28)
[2023-10-04 19:48:08,910][root][INFO] - task 6 :(128, 1, 28, 28)
[2023-10-04 19:48:08,935][root][INFO] - task 7 :(128, 1, 28, 28)
[2023-10-04 19:48:08,954][root][INFO] - task 8 :(128, 1, 28, 28)
[2023-10-04 19:48:08,974][root][INFO] - task 9 :(128, 1, 28, 28)
[2023-10-04 19:48:09,077][root][INFO] - Class sequence: [2 5 1 8 5 2 2 6 9 7 0 9 9 4 6 1 5 8 3 0]
[2023-10-04 19:48:09,095][root][INFO] - task 0 :(128, 1, 28, 28)
[2023-10-04 19:48:09,115][root][INFO] - task 1 :(128, 1, 28, 28)
[2023-10-04 19:48:09,138][root][INFO] - task 2 :(128, 1, 28, 28)
[2023-10-04 19:48:09,157][root][INFO] - task 3 :(128, 1, 28, 28)
[2023-10-04 19:48:09,177][root][INFO] - task 4 :(128, 1, 28, 28)
[2023-10-04 19:48:09,196][root][INFO] - task 5 :(128, 1, 28, 28)
[2023-10-04 19:48:09,215][root][INFO] - task 6 :(128, 1, 28, 28)
[2023-10-04 19:48:09,235][root][INFO] - task 7 :(128, 1, 28, 28)
[2023-10-04 19:48:09,255][root][INFO] - task 8 :(128, 1, 28, 28)
[2023-10-04 19:48:09,276][root][INFO] - task 9 :(128, 1, 28, 28)
[2023-10-04 19:48:09,379][root][INFO] - Class sequence: [1 8 4 6 8 2 7 5 0 4 3 0 5 2 9 3 0 9 2 8]
[2023-10-04 19:48:09,395][root][INFO] - task 0 :(128, 1, 28, 28)
[2023-10-04 19:48:09,415][root][INFO] - task 1 :(128, 1, 28, 28)
[2023-10-04 19:48:09,435][root][INFO] - task 2 :(128, 1, 28, 28)
[2023-10-04 19:48:09,455][root][INFO] - task 3 :(128, 1, 28, 28)
[2023-10-04 19:48:09,474][root][INFO] - task 4 :(128, 1, 28, 28)
[2023-10-04 19:48:09,499][root][INFO] - task 5 :(128, 1, 28, 28)
[2023-10-04 19:48:09,519][root][INFO] - task 6 :(128, 1, 28, 28)
[2023-10-04 19:48:09,539][root][INFO] - task 7 :(128, 1, 28, 28)
[2023-10-04 19:48:09,557][root][INFO] - task 8 :(128, 1, 28, 28)
[2023-10-04 19:48:09,577][root][INFO] - task 9 :(128, 1, 28, 28)
[2023-10-04 19:48:09,680][root][INFO] - Class sequence: [4 1 2 1 7 6 5 1 3 8 1 3 5 3 4 1 9 0 6 0]
[2023-10-04 19:48:09,698][root][INFO] - task 0 :(128, 1, 28, 28)
[2023-10-04 19:48:09,718][root][INFO] - task 1 :(128, 1, 28, 28)
[2023-10-04 19:48:09,737][root][INFO] - task 2 :(128, 1, 28, 28)
[2023-10-04 19:48:09,757][root][INFO] - task 3 :(128, 1, 28, 28)
[2023-10-04 19:48:09,778][root][INFO] - task 4 :(128, 1, 28, 28)
[2023-10-04 19:48:09,798][root][INFO] - task 5 :(128, 1, 28, 28)
[2023-10-04 19:48:09,823][root][INFO] - task 6 :(128, 1, 28, 28)
[2023-10-04 19:48:09,842][root][INFO] - task 7 :(128, 1, 28, 28)
[2023-10-04 19:48:09,861][root][INFO] - task 8 :(128, 1, 28, 28)
[2023-10-04 19:48:09,952][root][INFO] - task 9 :(128, 1, 28, 28)
[2023-10-04 19:48:10,055][root][INFO] - Class sequence: [2 0 7 9 4 7 7 9 1 9 5 6 4 0 7 1 6 0 8 0]
[2023-10-04 19:48:10,072][root][INFO] - task 0 :(128, 1, 28, 28)
[2023-10-04 19:48:10,092][root][INFO] - task 1 :(128, 1, 28, 28)
[2023-10-04 19:48:10,112][root][INFO] - task 2 :(128, 1, 28, 28)
[2023-10-04 19:48:10,139][root][INFO] - task 3 :(128, 1, 28, 28)
[2023-10-04 19:48:10,158][root][INFO] - task 4 :(128, 1, 28, 28)
[2023-10-04 19:48:10,184][root][INFO] - task 5 :(128, 1, 28, 28)
[2023-10-04 19:48:10,204][root][INFO] - task 6 :(128, 1, 28, 28)
[2023-10-04 19:48:10,224][root][INFO] - task 7 :(128, 1, 28, 28)
[2023-10-04 19:48:10,244][root][INFO] - task 8 :(128, 1, 28, 28)
[2023-10-04 19:48:10,263][root][INFO] - task 9 :(128, 1, 28, 28)
i_size 28
num_classes 2
net_cfg {'name': 'mlp', 'depth': 4, 'layer_size': 64, 'dropout': 0.0, 'i_size': 28, 'num_classes': 2, 'num_tasks': 10, 'num_init_tasks': 4, 'use_contrastive': True}
<class 'shell.learners.er_nocomponents.NoComponentsER'>
[2023-10-04 19:48:10,286][root][INFO] - No. gpus per agent: 0.25
2023-10-04 19:48:12,626	INFO worker.py:1544 -- Started a local Ray instance. View the dashboard at [1m[32m127.0.0.1:8265 [39m[22m
[2m[36m(ParallelAgent pid=554634)[0m INFO:root:Agent: node_id: 0, seed: 7
[2m[36m(ParallelAgent pid=554635)[0m INFO:root:Agent: node_id: 1, seed: 1007
[2m[36m(ParallelAgent pid=554636)[0m INFO:root:Agent: node_id: 2, seed: 2007
[2m[36m(ParallelAgent pid=554648)[0m INFO:root:Agent: node_id: 3, seed: 3007
[2m[36m(ParallelAgent pid=554723)[0m INFO:root:Agent: node_id: 4, seed: 4007
[2m[36m(ParallelAgent pid=554782)[0m INFO:root:Agent: node_id: 5, seed: 5007
[2m[36m(ParallelAgent pid=554843)[0m INFO:root:Agent: node_id: 6, seed: 6007
[2m[36m(ParallelAgent pid=555033)[0m INFO:root:Agent: node_id: 7, seed: 7007
[2023-10-04 19:48:30,459][root][INFO] - Created fleet with 8 agents
[2023-10-04 19:48:30,460][root][INFO] - Adding neighbors...
[2023-10-04 19:48:30,468][root][INFO] - Fleet initialized
Error executing job with overrides: ['algo=monolithic', 'agent.batch_size=64', 'seed=7', 'parallel=True', 'num_agents=8', 'dataset=fashionmnist', 'dataset.num_trains_per_class=64', 'dataset.num_vals_per_class=50', 'dataset.remap_labels=True', 'dataset.with_replacement=True', 'dataset.num_tasks=10', 'net=mlp', 'net.depth=4', 'num_init_tasks=4', 'net.dropout=0.0', 'train.num_epochs=100', 'train.component_update_freq=100', 'train.init_num_epochs=100', 'train.init_component_update_freq=100', 'train.save_freq=20', 'agent.use_contrastive=True', 'agent.memory_size=32', 'root_save_dir=experiment_results/vanilla_fix_bug_compute_loss_encodev2', 'train=monolithic', 'job_name=fashionmnist_monolithic_numtrain_64_contrastive']
Traceback (most recent call last):
  File "/home/vlongle/learning-hive/experiments/run.py", line 41, in main
    fleet.train_and_comm(task_id)
  File "/home/vlongle/learning-hive/src/shell/fleet/fleet.py", line 274, in train_and_comm
    ray.get([agent.train.remote(task_id, start_epoch, self.comm_freq) for agent in self.agents])
  File "/mnt/kostas-graid/sw/envs/vlongle/miniconda3/envs/shell/lib/python3.10/site-packages/ray/_private/client_mode_hook.py", line 105, in wrapper
    return func(*args, **kwargs)
  File "/mnt/kostas-graid/sw/envs/vlongle/miniconda3/envs/shell/lib/python3.10/site-packages/ray/_private/worker.py", line 2380, in get
    raise value.as_instanceof_cause()
ray.exceptions.RayTaskError(AttributeError): [36mray::ParallelAgent.train()[39m (pid=555033, ip=192.168.141.69, repr=<shell.fleet.fleet.ParallelAgent object at 0x7f3e70e92bc0>)
  File "/home/vlongle/learning-hive/src/shell/fleet/fleet.py", line 97, in train
    self.agent.train(trainloader, task_id, testloaders=testloaders,
  File "/home/vlongle/learning-hive/src/shell/learners/er_nocomponents.py", line 36, in train
    self.save_data(start_epoch, task_id, testloaders,
  File "/home/vlongle/learning-hive/src/shell/learners/base_learning_classes.py", line 226, in save_data
    self.test_loss, self.test_acc = self.evaluate(testloaders, mode=mode)
  File "/home/vlongle/learning-hive/src/shell/learners/base_learning_classes.py", line 198, in evaluate
    l += self.compute_loss(X, Y, task, mode='ce').item()
  File "/home/vlongle/learning-hive/src/shell/learners/base_learning_classes.py", line 140, in compute_loss
    return self.compute_cross_entropy_loss(X, Y, task_id, detach=False)
  File "/home/vlongle/learning-hive/src/shell/learners/base_learning_classes.py", line 109, in compute_cross_entropy_loss
    X_encode = self.net.encodev2(X, task_id)
  File "/mnt/kostas-graid/sw/envs/vlongle/miniconda3/envs/shell/lib/python3.10/site-packages/torch/nn/modules/module.py", line 1614, in __getattr__
    raise AttributeError("'{}' object has no attribute '{}'".format(
AttributeError: 'MLP' object has no attribute 'encodev2'

Set the environment variable HYDRA_FULL_ERROR=1 for a complete stack trace.
/mnt/kostas-graid/sw/envs/vlongle/miniconda3/envs/shell/lib/python3.10/site-packages/hydra/_internal/defaults_list.py:251: UserWarning: In 'config': Defaults list is missing `_self_`. See https://hydra.cc/docs/1.2/upgrades/1.0_to_1.1/default_composition_order for more information
  warnings.warn(msg, UserWarning)
{'train': {'component_update_freq': 100, 'num_epochs': 100, 'init_component_update_freq': 100, 'init_num_epochs': 100, 'save_freq': 20}, 'dataset': {'dataset_name': 'fashionmnist', 'num_tasks': 10, 'num_classes_per_task': 2, 'with_replacement': True, 'num_trains_per_class': 64, 'num_vals_per_class': 50, 'remap_labels': True}, 'net': {'name': 'mlp', 'depth': 4, 'layer_size': 64, 'dropout': 0.0}, 'sharing_strategy': {'name': 'no_sharing', 'num_coms_per_round': 0}, 'seed': 7, 'algo': 'modular', 'job_name': 'fashionmnist_modular_numtrain_64_contrastive', 'num_agents': 8, 'root_save_dir': 'experiment_results/vanilla_fix_bug_compute_loss_encodev2', 'parallel': True, 'num_init_tasks': 4, 'agent': {'save_dir': '${root_save_dir}/${job_name}/${dataset.dataset_name}/${algo}/seed_${seed}', 'batch_size': 64, 'memory_size': 32, 'improvement_threshold': 0.05, 'use_contrastive': True}}
[2023-10-04 19:48:41,510][root][INFO] - Class sequence: [9 5 2 9 1 2 0 1 7 2 3 6 1 3 6 4 3 5 9 2]
[2023-10-04 19:48:41,530][root][INFO] - task 0 :(128, 1, 28, 28)
[2023-10-04 19:48:41,578][root][INFO] - task 1 :(128, 1, 28, 28)
[2023-10-04 19:48:41,607][root][INFO] - task 2 :(128, 1, 28, 28)
[2023-10-04 19:48:41,627][root][INFO] - task 3 :(128, 1, 28, 28)
[2023-10-04 19:48:41,647][root][INFO] - task 4 :(128, 1, 28, 28)
[2023-10-04 19:48:41,668][root][INFO] - task 5 :(128, 1, 28, 28)
[2023-10-04 19:48:41,688][root][INFO] - task 6 :(128, 1, 28, 28)
[2023-10-04 19:48:41,708][root][INFO] - task 7 :(128, 1, 28, 28)
[2023-10-04 19:48:41,729][root][INFO] - task 8 :(128, 1, 28, 28)
[2023-10-04 19:48:41,749][root][INFO] - task 9 :(128, 1, 28, 28)
[2023-10-04 19:48:41,853][root][INFO] - Class sequence: [3 9 9 5 7 2 9 6 0 7 4 5 2 1 3 9 9 4 6 5]
[2023-10-04 19:48:41,870][root][INFO] - task 0 :(128, 1, 28, 28)
[2023-10-04 19:48:41,890][root][INFO] - task 1 :(128, 1, 28, 28)
[2023-10-04 19:48:41,911][root][INFO] - task 2 :(128, 1, 28, 28)
[2023-10-04 19:48:41,931][root][INFO] - task 3 :(128, 1, 28, 28)
[2023-10-04 19:48:41,952][root][INFO] - task 4 :(128, 1, 28, 28)
[2023-10-04 19:48:41,971][root][INFO] - task 5 :(128, 1, 28, 28)
[2023-10-04 19:48:41,990][root][INFO] - task 6 :(128, 1, 28, 28)
[2023-10-04 19:48:42,010][root][INFO] - task 7 :(128, 1, 28, 28)
[2023-10-04 19:48:42,037][root][INFO] - task 8 :(128, 1, 28, 28)
[2023-10-04 19:48:42,056][root][INFO] - task 9 :(128, 1, 28, 28)
[2023-10-04 19:48:42,159][root][INFO] - Class sequence: [0 7 3 9 2 4 5 8 9 5 9 7 8 2 4 2 6 3 2 5]
[2023-10-04 19:48:42,177][root][INFO] - task 0 :(128, 1, 28, 28)
[2023-10-04 19:48:42,196][root][INFO] - task 1 :(128, 1, 28, 28)
[2023-10-04 19:48:42,216][root][INFO] - task 2 :(128, 1, 28, 28)
[2023-10-04 19:48:42,236][root][INFO] - task 3 :(128, 1, 28, 28)
[2023-10-04 19:48:42,256][root][INFO] - task 4 :(128, 1, 28, 28)
[2023-10-04 19:48:42,275][root][INFO] - task 5 :(128, 1, 28, 28)
[2023-10-04 19:48:42,296][root][INFO] - task 6 :(128, 1, 28, 28)
[2023-10-04 19:48:42,315][root][INFO] - task 7 :(128, 1, 28, 28)
[2023-10-04 19:48:42,338][root][INFO] - task 8 :(128, 1, 28, 28)
[2023-10-04 19:48:42,358][root][INFO] - task 9 :(128, 1, 28, 28)
[2023-10-04 19:48:42,466][root][INFO] - Class sequence: [4 0 0 5 4 7 2 7 4 2 0 1 1 2 9 8 9 3 6 9]
[2023-10-04 19:48:42,483][root][INFO] - task 0 :(128, 1, 28, 28)
[2023-10-04 19:48:42,503][root][INFO] - task 1 :(128, 1, 28, 28)
[2023-10-04 19:48:42,523][root][INFO] - task 2 :(128, 1, 28, 28)
[2023-10-04 19:48:42,543][root][INFO] - task 3 :(128, 1, 28, 28)
[2023-10-04 19:48:42,564][root][INFO] - task 4 :(128, 1, 28, 28)
[2023-10-04 19:48:42,582][root][INFO] - task 5 :(128, 1, 28, 28)
[2023-10-04 19:48:42,602][root][INFO] - task 6 :(128, 1, 28, 28)
[2023-10-04 19:48:42,622][root][INFO] - task 7 :(128, 1, 28, 28)
[2023-10-04 19:48:42,647][root][INFO] - task 8 :(128, 1, 28, 28)
[2023-10-04 19:48:42,667][root][INFO] - task 9 :(128, 1, 28, 28)
[2023-10-04 19:48:42,771][root][INFO] - Class sequence: [2 5 1 8 5 2 2 6 9 7 0 9 9 4 6 1 5 8 3 0]
[2023-10-04 19:48:42,789][root][INFO] - task 0 :(128, 1, 28, 28)
[2023-10-04 19:48:42,809][root][INFO] - task 1 :(128, 1, 28, 28)
[2023-10-04 19:48:42,834][root][INFO] - task 2 :(128, 1, 28, 28)
[2023-10-04 19:48:42,854][root][INFO] - task 3 :(128, 1, 28, 28)
[2023-10-04 19:48:42,874][root][INFO] - task 4 :(128, 1, 28, 28)
[2023-10-04 19:48:42,893][root][INFO] - task 5 :(128, 1, 28, 28)
[2023-10-04 19:48:42,913][root][INFO] - task 6 :(128, 1, 28, 28)
[2023-10-04 19:48:42,933][root][INFO] - task 7 :(128, 1, 28, 28)
[2023-10-04 19:48:42,952][root][INFO] - task 8 :(128, 1, 28, 28)
[2023-10-04 19:48:42,973][root][INFO] - task 9 :(128, 1, 28, 28)
[2023-10-04 19:48:43,076][root][INFO] - Class sequence: [1 8 4 6 8 2 7 5 0 4 3 0 5 2 9 3 0 9 2 8]
[2023-10-04 19:48:43,092][root][INFO] - task 0 :(128, 1, 28, 28)
[2023-10-04 19:48:43,112][root][INFO] - task 1 :(128, 1, 28, 28)
[2023-10-04 19:48:43,132][root][INFO] - task 2 :(128, 1, 28, 28)
[2023-10-04 19:48:43,152][root][INFO] - task 3 :(128, 1, 28, 28)
[2023-10-04 19:48:43,178][root][INFO] - task 4 :(128, 1, 28, 28)
[2023-10-04 19:48:43,198][root][INFO] - task 5 :(128, 1, 28, 28)
[2023-10-04 19:48:43,219][root][INFO] - task 6 :(128, 1, 28, 28)
[2023-10-04 19:48:43,239][root][INFO] - task 7 :(128, 1, 28, 28)
[2023-10-04 19:48:43,257][root][INFO] - task 8 :(128, 1, 28, 28)
[2023-10-04 19:48:43,277][root][INFO] - task 9 :(128, 1, 28, 28)
[2023-10-04 19:48:43,380][root][INFO] - Class sequence: [4 1 2 1 7 6 5 1 3 8 1 3 5 3 4 1 9 0 6 0]
[2023-10-04 19:48:43,398][root][INFO] - task 0 :(128, 1, 28, 28)
[2023-10-04 19:48:43,418][root][INFO] - task 1 :(128, 1, 28, 28)
[2023-10-04 19:48:43,443][root][INFO] - task 2 :(128, 1, 28, 28)
[2023-10-04 19:48:43,463][root][INFO] - task 3 :(128, 1, 28, 28)
[2023-10-04 19:48:43,490][root][INFO] - task 4 :(128, 1, 28, 28)
[2023-10-04 19:48:43,510][root][INFO] - task 5 :(128, 1, 28, 28)
[2023-10-04 19:48:43,530][root][INFO] - task 6 :(128, 1, 28, 28)
[2023-10-04 19:48:43,549][root][INFO] - task 7 :(128, 1, 28, 28)
[2023-10-04 19:48:43,574][root][INFO] - task 8 :(128, 1, 28, 28)
[2023-10-04 19:48:43,598][root][INFO] - task 9 :(128, 1, 28, 28)
[2023-10-04 19:48:43,701][root][INFO] - Class sequence: [2 0 7 9 4 7 7 9 1 9 5 6 4 0 7 1 6 0 8 0]
[2023-10-04 19:48:43,718][root][INFO] - task 0 :(128, 1, 28, 28)
[2023-10-04 19:48:43,738][root][INFO] - task 1 :(128, 1, 28, 28)
[2023-10-04 19:48:43,758][root][INFO] - task 2 :(128, 1, 28, 28)
[2023-10-04 19:48:43,778][root][INFO] - task 3 :(128, 1, 28, 28)
[2023-10-04 19:48:43,797][root][INFO] - task 4 :(128, 1, 28, 28)
[2023-10-04 19:48:43,816][root][INFO] - task 5 :(128, 1, 28, 28)
[2023-10-04 19:48:43,842][root][INFO] - task 6 :(128, 1, 28, 28)
[2023-10-04 19:48:43,862][root][INFO] - task 7 :(128, 1, 28, 28)
[2023-10-04 19:48:43,883][root][INFO] - task 8 :(128, 1, 28, 28)
[2023-10-04 19:48:43,902][root][INFO] - task 9 :(128, 1, 28, 28)
i_size 28
num_classes 2
net_cfg {'name': 'mlp', 'depth': 4, 'layer_size': 64, 'dropout': 0.0, 'i_size': 28, 'num_classes': 2, 'num_tasks': 10, 'num_init_tasks': 4, 'use_contrastive': True}
<class 'shell.learners.er_dynamic.CompositionalDynamicER'>
[2023-10-04 19:48:43,927][root][INFO] - No. gpus per agent: 0.25
2023-10-04 19:48:46,349	INFO worker.py:1544 -- Started a local Ray instance. View the dashboard at [1m[32m127.0.0.1:8265 [39m[22m
[2m[36m(ParallelAgent pid=595146)[0m INFO:root:Agent: node_id: 0, seed: 7
[2m[36m(ParallelAgent pid=595147)[0m INFO:root:Agent: node_id: 1, seed: 1007
[2m[36m(ParallelAgent pid=595148)[0m INFO:root:Agent: node_id: 2, seed: 2007
[2m[36m(ParallelAgent pid=595177)[0m INFO:root:Agent: node_id: 3, seed: 3007
[2m[36m(ParallelAgent pid=595260)[0m INFO:root:Agent: node_id: 4, seed: 4007
[2m[36m(ParallelAgent pid=595355)[0m INFO:root:Agent: node_id: 5, seed: 5007
[2m[36m(ParallelAgent pid=595499)[0m INFO:root:Agent: node_id: 6, seed: 6007
[2m[36m(ParallelAgent pid=595542)[0m INFO:root:Agent: node_id: 7, seed: 7007
[2023-10-04 19:49:04,991][root][INFO] - Created fleet with 8 agents
[2023-10-04 19:49:04,992][root][INFO] - Adding neighbors...
[2023-10-04 19:49:05,001][root][INFO] - Fleet initialized
Error executing job with overrides: ['algo=modular', 'agent.batch_size=64', 'seed=7', 'parallel=True', 'num_agents=8', 'dataset=fashionmnist', 'dataset.num_trains_per_class=64', 'dataset.num_vals_per_class=50', 'dataset.remap_labels=True', 'dataset.with_replacement=True', 'dataset.num_tasks=10', 'net=mlp', 'net.depth=4', 'num_init_tasks=4', 'net.dropout=0.0', 'train.num_epochs=100', 'train.component_update_freq=100', 'train.init_num_epochs=100', 'train.init_component_update_freq=100', 'train.save_freq=20', 'agent.use_contrastive=True', 'agent.memory_size=32', 'root_save_dir=experiment_results/vanilla_fix_bug_compute_loss_encodev2', 'train=modular', 'job_name=fashionmnist_modular_numtrain_64_contrastive']
Traceback (most recent call last):
  File "/home/vlongle/learning-hive/experiments/run.py", line 41, in main
    fleet.train_and_comm(task_id)
  File "/home/vlongle/learning-hive/src/shell/fleet/fleet.py", line 274, in train_and_comm
    ray.get([agent.train.remote(task_id, start_epoch, self.comm_freq) for agent in self.agents])
  File "/mnt/kostas-graid/sw/envs/vlongle/miniconda3/envs/shell/lib/python3.10/site-packages/ray/_private/client_mode_hook.py", line 105, in wrapper
    return func(*args, **kwargs)
  File "/mnt/kostas-graid/sw/envs/vlongle/miniconda3/envs/shell/lib/python3.10/site-packages/ray/_private/worker.py", line 2380, in get
    raise value.as_instanceof_cause()
ray.exceptions.RayTaskError(AttributeError): [36mray::ParallelAgent.train()[39m (pid=595148, ip=192.168.141.69, repr=<shell.fleet.fleet.ParallelAgent object at 0x7fcec33aebc0>)
  File "/home/vlongle/learning-hive/src/shell/fleet/fleet.py", line 97, in train
    self.agent.train(trainloader, task_id, testloaders=testloaders,
  File "/home/vlongle/learning-hive/src/shell/learners/base_learning_classes.py", line 293, in train
    self.save_data(start_epoch, task_id, testloaders, mode=train_mode)
  File "/home/vlongle/learning-hive/src/shell/learners/base_learning_classes.py", line 515, in save_data
    super().save_data(epoch, task_id, testloaders,
  File "/home/vlongle/learning-hive/src/shell/learners/base_learning_classes.py", line 226, in save_data
    self.test_loss, self.test_acc = self.evaluate(testloaders, mode=mode)
  File "/home/vlongle/learning-hive/src/shell/learners/base_learning_classes.py", line 477, in evaluate
    l += self.compute_loss(X, Y, task, mode='ce').item()
  File "/home/vlongle/learning-hive/src/shell/learners/base_learning_classes.py", line 140, in compute_loss
    return self.compute_cross_entropy_loss(X, Y, task_id, detach=False)
  File "/home/vlongle/learning-hive/src/shell/learners/base_learning_classes.py", line 109, in compute_cross_entropy_loss
    X_encode = self.net.encodev2(X, task_id)
  File "/mnt/kostas-graid/sw/envs/vlongle/miniconda3/envs/shell/lib/python3.10/site-packages/torch/nn/modules/module.py", line 1614, in __getattr__
    raise AttributeError("'{}' object has no attribute '{}'".format(
AttributeError: 'MLPSoftLLDynamic' object has no attribute 'encodev2'

Set the environment variable HYDRA_FULL_ERROR=1 for a complete stack trace.
{'algo': ['monolithic', 'modular'], 'agent.batch_size': 64, 'seed': 7, 'parallel': True, 'num_agents': 8, 'dataset': 'fashionmnist', 'dataset.num_trains_per_class': 64, 'dataset.num_vals_per_class': 50, 'dataset.remap_labels': True, 'dataset.with_replacement': True, 'dataset.num_tasks': 10, 'net': 'mlp', 'net.depth': 4, 'num_init_tasks': 4, 'net.dropout': 0.0, 'train.num_epochs': 100, 'train.component_update_freq': 100, 'train.init_num_epochs': 100, 'train.init_component_update_freq': 100, 'train.save_freq': 20, 'agent.use_contrastive': True, 'agent.memory_size': 32, 'root_save_dir': 'experiment_results/vanilla_fix_bug_compute_loss_encodev2'}
No. of experiments: 2
Experiment runs took 0:01:08.219184
